%EventDef PajeDefineContainerType 1
% Alias string
% ContainerType string
% Name string
%EndEventDef
%EventDef PajeDefineStateType 3
% Alias string
% ContainerType string
% Name string
%EndEventDef
%EventDef PajeDefineLinkType 4
% Name string
% ContainerType string
% SourceContainerType string
% DestContainerType string
% Alias string
%EndEventDef
%EventDef PajeDefineEntityValue 6
% Alias string
% EntityType string
% Name string
% Color color
%EndEventDef
%EventDef PajeCreateContainer 7
% Time date
% Alias string
% Type string
% Container string
% Name string
%EndEventDef
%EventDef PajeDestroyContainer 8
% Time date
% Name string
% Type string
%EndEventDef
%EventDef PajeSetState 10
% Time date
% Type string
% Container string
% Value string
% file string
%EndEventDef
%EventDef PajeStartLink 11
% Time date
% SourceContainer string
% Key string
% Value string
% Container string
% Type string
%EndEventDef
%EventDef PajeEndLink 12
% Time date
% DestContainer string
% Key string
% Value string
% Container string
% Type string
%EndEventDef
%EventDef PajePushState	13
% Time	date
% EntityType	string
% Container	string
% Value	string
%EndEventDef
%EventDef PajeDefineVariableType 14
% Type string
% Name string
% Color color
% Alias string
%EndEventDef
%EventDef PajeSetVariable 15
% Time date
% Container string
% Type string
% Value double
%EndEventDef
%EventDef PajeAddVariable 16
% Time date
% Container string
% Type string
% Value double
%EndEventDef
%EventDef PajeSubVariable 17
% Time date
% Container string
% Type string
% Value double
%EndEventDef
1 P 0 Program
1 Pr P Processors
1 PL P Tasks
3 PS Pr "Processor State"
3 PF Pr "Ready File"
6 Exec PS Executing "2 .0 .1"
6 Idle PS Idle "8 .3 .0"
6 TR PS Transfer "0 .3 .8"
14 PL "Task" "1 .5 .5" T
7 0 TTP P 0 "Plate-forme"
4 "Communication" P Pr Pr C
7 0 Pile PL TTP "Pile 1"
7 0 P0 Pr TTP "P 0" 
10 0 PS P0 Idle "" 
7 0 P1 Pr TTP "P 1" 
10 0 PS P1 Idle "" 
7 0 P2 Pr TTP "P 2" 
10 0 PS P2 Idle "" 
7 0 P3 Pr TTP "P 3" 
10 0 PS P3 Idle "" 
7 0 P4 Pr TTP "P 4" 
10 0 PS P4 Idle "" 
7 0 P5 Pr TTP "P 5" 
10 0 PS P5 Idle "" 
10 0 PS P0 Exec "split-a2" 
10 0 PS P1 Exec "split-a1" 
10 0 PS P2 Exec "split-b2" 
10 0 PS P3 Exec "split-b4" 
10 0 PS P4 Exec "split-b" 
10 0 PS P5 Exec "split-a" 
17 320000 Pile T 1.00 
16 320000 Pile T 1.00 
16 320000 Pile T 1.00 
16 320000 Pile T 1.00 
16 320000 Pile T 1.00 
10 320000 PS P0 Idle "" 
10 320000 PS P0 Exec "split-b3" 
17 320000 Pile T 1.00 
16 320000 Pile T 1.00 
16 320000 Pile T 1.00 
16 320000 Pile T 1.00 
16 320000 Pile T 1.00 
10 320000 PS P1 Idle "" 
10 320000 PS P1 Exec "split-b1" 
17 320000 Pile T 1.00 
16 320000 Pile T 1.00 
16 320000 Pile T 1.00 
16 320000 Pile T 1.00 
16 320000 Pile T 1.00 
10 320000 PS P2 Idle "" 
10 320000 PS P2 Exec "split-a3" 
17 320000 Pile T 1.00 
16 320000 Pile T 1.00 
16 320000 Pile T 1.00 
16 320000 Pile T 1.00 
16 320000 Pile T 1.00 
10 320000 PS P3 Idle "" 
10 320000 PS P3 Exec "split-a4" 
17 640000 Pile T 1.00 
16 640000 Pile T 1.00 
16 640000 Pile T 1.00 
16 640000 Pile T 1.00 
16 640000 Pile T 1.00 
10 640000 PS P0 Idle "" 
10 640000 PS P0 Exec "a23" 
17 640000 Pile T 1.00 
16 640000 Pile T 1.00 
16 640000 Pile T 1.00 
16 640000 Pile T 1.00 
16 640000 Pile T 1.00 
10 640000 PS P1 Idle "" 
10 640000 PS P1 Tr "split-a2" 
11 640000 P0 0_1_split-a2 "160000" TTP C
12 640000 P1 0_1_split-a2 "160000" TTP C
17 640000 Pile T 1.00 
16 640000 Pile T 1.00 
16 640000 Pile T 1.00 
16 640000 Pile T 1.00 
16 640000 Pile T 1.00 
10 640000 PS P2 Idle "" 
10 640000 PS P2 Tr "split-a2" 
11 640000 P0 0_2_split-a2 "160000" TTP C
12 640000 P2 0_2_split-a2 "160000" TTP C
17 640000 Pile T 1.00 
16 640000 Pile T 1.00 
16 640000 Pile T 1.00 
16 640000 Pile T 1.00 
16 640000 Pile T 1.00 
10 640000 PS P3 Idle "" 
10 640000 PS P3 Tr "split-a2" 
11 640000 P0 0_3_split-a2 "160000" TTP C
12 640000 P3 0_3_split-a2 "160000" TTP C
17 640000 Pile T 1.00 
10 640000 PS P0 Idle "" 
10 640000 PS P0 Tr "split-a1" 
11 640000 P1 1_0_split-a1 "160000" TTP C
12 640000 P0 1_0_split-a1 "160000" TTP C
10 800000 PS P1 Exec "a22" 
10 800000 PS P2 Exec "a24" 
10 800000 PS P3 Exec "a21" 
10 800000 PS P0 Exec "a14" 
17 800000 Pile T 1.00 
10 800000 PS P1 Idle "" 
10 800000 PS P1 Exec "a13" 
17 800000 Pile T 1.00 
10 800000 PS P2 Idle "" 
10 800000 PS P2 Tr "split-a1" 
11 800000 P1 1_2_split-a1 "160000" TTP C
12 800000 P2 1_2_split-a1 "160000" TTP C
17 800000 Pile T 1.00 
10 800000 PS P3 Idle "" 
10 800000 PS P3 Tr "split-a1" 
11 800000 P1 1_3_split-a1 "160000" TTP C
12 800000 P3 1_3_split-a1 "160000" TTP C
17 800000 Pile T 1.00 
10 800000 PS P0 Idle "" 
10 800000 PS P0 Tr "split-b2" 
11 800000 P2 2_0_split-b2 "160000" TTP C
12 800000 P0 2_0_split-b2 "160000" TTP C
17 800000 Pile T 1.00 
10 800000 PS P1 Idle "" 
10 800000 PS P1 Tr "split-b2" 
11 800000 P2 2_1_split-b2 "160000" TTP C
12 800000 P1 2_1_split-b2 "160000" TTP C
10 960000 PS P2 Exec "a11" 
10 960000 PS P3 Exec "a12" 
10 960000 PS P0 Exec "b23" 
10 960000 PS P1 Exec "b21" 
17 960000 Pile T 1.00 
10 960000 PS P2 Idle "" 
10 960000 PS P2 Exec "b22" 
17 960000 Pile T 1.00 
10 960000 PS P3 Idle "" 
10 960000 PS P3 Tr "split-b2" 
11 960000 P2 2_3_split-b2 "160000" TTP C
12 960000 P3 2_3_split-b2 "160000" TTP C
17 960000 Pile T 1.00 
16 960000 Pile T 1.00 
16 960000 Pile T 1.00 
10 960000 PS P0 Idle "" 
10 960000 PS P0 Tr "split-b4" 
11 960000 P3 3_0_split-b4 "160000" TTP C
12 960000 P0 3_0_split-b4 "160000" TTP C
17 960000 Pile T 1.00 
16 960000 Pile T 1.00 
16 960000 Pile T 1.00 
10 960000 PS P1 Idle "" 
10 960000 PS P1 Tr "split-b4" 
11 960000 P3 3_1_split-b4 "160000" TTP C
12 960000 P1 3_1_split-b4 "160000" TTP C
17 960000 Pile T 1.00 
16 960000 Pile T 1.00 
16 960000 Pile T 1.00 
10 960000 PS P2 Idle "" 
10 960000 PS P2 Tr "split-b4" 
11 960000 P3 3_2_split-b4 "160000" TTP C
12 960000 P2 3_2_split-b4 "160000" TTP C
10 1120000 PS P3 Exec "b24" 
10 1120000 PS P0 Exec "b42" 
10 1120000 PS P1 Exec "b43" 
10 1120000 PS P2 Exec "b44" 
17 1120000 Pile T 1.00 
16 1120000 Pile T 1.00 
16 1120000 Pile T 1.00 
10 1120000 PS P3 Idle "" 
10 1120000 PS P3 Exec "b41" 
17 1120000 Pile T 1.00 
16 1120000 Pile T 1.00 
16 1120000 Pile T 1.00 
10 1120000 PS P0 Idle "" 
10 1120000 PS P0 Exec "b31" 
17 1120000 Pile T 1.00 
16 1120000 Pile T 1.00 
16 1120000 Pile T 1.00 
10 1120000 PS P1 Idle "" 
10 1120000 PS P1 Tr "split-b3" 
11 1120000 P0 0_1_split-b3 "160000" TTP C
12 1120000 P1 0_1_split-b3 "160000" TTP C
17 1120000 Pile T 1.00 
16 1120000 Pile T 1.00 
16 1120000 Pile T 1.00 
10 1120000 PS P2 Idle "" 
10 1120000 PS P2 Tr "split-b3" 
11 1120000 P0 0_2_split-b3 "160000" TTP C
12 1120000 P2 0_2_split-b3 "160000" TTP C
17 1120000 Pile T 1.00 
16 1120000 Pile T 1.00 
16 1120000 Pile T 1.00 
10 1120000 PS P3 Idle "" 
10 1120000 PS P3 Tr "split-b3" 
11 1120000 P0 0_3_split-b3 "160000" TTP C
12 1120000 P3 0_3_split-b3 "160000" TTP C
17 1120000 Pile T 1.00 
16 1120000 Pile T 1.00 
16 1120000 Pile T 1.00 
10 1120000 PS P0 Idle "" 
10 1120000 PS P0 Tr "split-b1" 
11 1120000 P1 1_0_split-b1 "160000" TTP C
12 1120000 P0 1_0_split-b1 "160000" TTP C
17 1280000 Pile T 1.00 
16 1280000 Pile T 1.00 
16 1280000 Pile T 1.00 
16 1280000 Pile T 1.00 
16 1280000 Pile T 1.00 
10 1280000 PS P4 Idle "" 
10 1280000 PS P4 Tr "split-b1" 
11 1280000 P1 1_4_split-b1 "160000" TTP C
12 1280000 P4 1_4_split-b1 "160000" TTP C
17 1280000 Pile T 1.00 
16 1280000 Pile T 1.00 
16 1280000 Pile T 1.00 
16 1280000 Pile T 1.00 
16 1280000 Pile T 1.00 
10 1280000 PS P5 Idle "" 
10 1280000 PS P5 Tr "split-b1" 
11 1280000 P1 1_5_split-b1 "160000" TTP C
12 1280000 P5 1_5_split-b1 "160000" TTP C
10 1280000 PS P1 Exec "b33" 
10 1280000 PS P2 Exec "b34" 
10 1280000 PS P3 Exec "b32" 
10 1280000 PS P0 Exec "b14" 
17 1280000 Pile T 1.00 
16 1280000 Pile T 1.00 
16 1280000 Pile T 1.00 
10 1280000 PS P1 Idle "" 
10 1280000 PS P1 Exec "b12" 
17 1280000 Pile T 1.00 
16 1280000 Pile T 1.00 
16 1280000 Pile T 1.00 
10 1280000 PS P2 Idle "" 
10 1280000 PS P2 Exec "a31" 
17 1280000 Pile T 1.00 
16 1280000 Pile T 1.00 
16 1280000 Pile T 1.00 
10 1280000 PS P3 Idle "" 
10 1280000 PS P3 Tr "split-a3" 
11 1280000 P2 2_3_split-a3 "160000" TTP C
12 1280000 P3 2_3_split-a3 "160000" TTP C
17 1280000 Pile T 1.00 
16 1280000 Pile T 1.00 
16 1280000 Pile T 1.00 
10 1280000 PS P0 Idle "" 
10 1280000 PS P0 Tr "split-a3" 
11 1280000 P2 2_0_split-a3 "160000" TTP C
12 1280000 P0 2_0_split-a3 "160000" TTP C
17 1280000 Pile T 1.00 
16 1280000 Pile T 1.00 
16 1280000 Pile T 1.00 
10 1280000 PS P1 Idle "" 
10 1280000 PS P1 Tr "split-a3" 
11 1280000 P2 2_1_split-a3 "160000" TTP C
12 1280000 P1 2_1_split-a3 "160000" TTP C
17 1280000 Pile T 1.00 
16 1280000 Pile T 1.00 
16 1280000 Pile T 1.00 
16 1280000 Pile T 1.00 
10 1280000 PS P2 Idle "" 
10 1280000 PS P2 Tr "split-a4" 
11 1280000 P3 3_2_split-a4 "160000" TTP C
12 1280000 P2 3_2_split-a4 "160000" TTP C
10 1440000 PS P4 Exec "b11" 
10 1440000 PS P5 Exec "b13" 
10 1440000 PS P3 Exec "a32" 
10 1440000 PS P0 Exec "a34" 
10 1440000 PS P1 Exec "a33" 
10 1440000 PS P2 Exec "a43" 
17 1440000 Pile T 1.00 
16 1440000 Pile T 1.00 
16 1440000 Pile T 1.00 
16 1440000 Pile T 1.00 
10 1440000 PS P4 Idle "" 
10 1440000 PS P4 Tr "split-a4" 
11 1440000 P3 3_4_split-a4 "160000" TTP C
12 1440000 P4 3_4_split-a4 "160000" TTP C
17 1440000 Pile T 1.00 
16 1440000 Pile T 1.00 
16 1440000 Pile T 1.00 
10 1440000 PS P5 Idle "" 
10 1440000 PS P5 Tr "split-a4" 
11 1440000 P3 3_5_split-a4 "160000" TTP C
12 1440000 P5 3_5_split-a4 "160000" TTP C
17 1440000 Pile T 1.00 
16 1440000 Pile T 1.00 
16 1440000 Pile T 1.00 
16 1440000 Pile T 1.00 
16 1440000 Pile T 1.00 
10 1440000 PS P3 Idle "" 
10 1440000 PS P3 Exec "a41" 
17 1440000 Pile T 1.00 
16 1440000 Pile T 1.00 
16 1440000 Pile T 1.00 
16 1440000 Pile T 1.00 
16 1440000 Pile T 1.00 
10 1440000 PS P0 Idle "" 
10 1440000 PS P0 Tr "a12" 
11 1440000 P3 3_0_a12 "40000" TTP C
12 1440000 P0 3_0_a12 "40000" TTP C
17 1440000 Pile T 1.00 
16 1440000 Pile T 1.00 
16 1440000 Pile T 1.00 
16 1440000 Pile T 1.00 
16 1440000 Pile T 1.00 
10 1440000 PS P1 Idle "" 
10 1440000 PS P1 Tr "b23" 
11 1440000 P0 0_1_b23 "40000" TTP C
12 1440000 P1 0_1_b23 "40000" TTP C
17 1440000 Pile T 1.00 
16 1440000 Pile T 1.00 
16 1440000 Pile T 1.00 
16 1440000 Pile T 1.00 
16 1440000 Pile T 1.00 
10 1440000 PS P2 Idle "" 
10 1440000 PS P2 Tr "b21" 
11 1440000 P1 1_2_b21 "40000" TTP C
12 1440000 P2 1_2_b21 "40000" TTP C
17 1440000 Pile T 1.00 
16 1440000 Pile T 1.00 
16 1440000 Pile T 1.00 
16 1440000 Pile T 1.00 
16 1440000 Pile T 1.00 
10 1440000 PS P3 Idle "" 
10 1440000 PS P3 Tr "b21" 
11 1440000 P1 1_3_b21 "40000" TTP C
12 1440000 P3 1_3_b21 "40000" TTP C
10 1480000 PS P0 Exec "rlc21" 
10 1480000 PS P1 Tr "a14" 
11 1480000 P0 0_1_a14 "40000" TTP C
12 1480000 P1 0_1_a14 "40000" TTP C
10 1480000 PS P2 Tr "a13" 
11 1480000 P1 1_2_a13 "40000" TTP C
12 1480000 P2 1_2_a13 "40000" TTP C
10 1480000 PS P3 Tr "a11" 
11 1480000 P2 2_3_a11 "40000" TTP C
12 1480000 P3 2_3_a11 "40000" TTP C
10 1520000 PS P1 Exec "rlc23" 
10 1520000 PS P2 Exec "llc23" 
10 1520000 PS P3 Exec "llc21" 
10 1600000 PS P4 Exec "a42" 
10 1600000 PS P5 Exec "a44" 
17 1600000 Pile T 1.00 
16 1600000 Pile T 1.00 
16 1600000 Pile T 1.00 
16 1600000 Pile T 1.00 
16 1600000 Pile T 1.00 
10 1600000 PS P4 Idle "" 
10 1600000 PS P4 Tr "b22" 
11 1600000 P2 2_4_b22 "40000" TTP C
12 1600000 P4 2_4_b22 "40000" TTP C
17 1600000 Pile T 1.00 
16 1600000 Pile T 1.00 
16 1600000 Pile T 1.00 
16 1600000 Pile T 1.00 
16 1600000 Pile T 1.00 
10 1600000 PS P5 Idle "" 
10 1600000 PS P5 Tr "b22" 
11 1600000 P2 2_5_b22 "40000" TTP C
12 1600000 P5 2_5_b22 "40000" TTP C
10 1640000 PS P4 Tr "a13" 
11 1640000 P1 1_4_a13 "40000" TTP C
12 1640000 P4 1_4_a13 "40000" TTP C
10 1640000 PS P5 Tr "a11" 
11 1640000 P2 2_5_a11 "40000" TTP C
12 1640000 P5 2_5_a11 "40000" TTP C
10 1680000 PS P4 Exec "llc24" 
10 1680000 PS P5 Exec "llc22" 
17 9480000 Pile T 1.00 
10 9480000 PS P0 Idle "" 
10 9480000 PS P0 Tr "b24" 
11 9480000 P3 3_0_b24 "40000" TTP C
12 9480000 P0 3_0_b24 "40000" TTP C
17 9520000 Pile T 1.00 
10 9520000 PS P1 Idle "" 
10 9520000 PS P1 Tr "b24" 
11 9520000 P3 3_1_b24 "40000" TTP C
12 9520000 P1 3_1_b24 "40000" TTP C
17 9520000 Pile T 1.00 
16 9520000 Pile T 1.00 
10 9520000 PS P2 Idle "" 
10 9520000 PS P2 Tr "b42" 
11 9520000 P0 0_2_b42 "40000" TTP C
12 9520000 P2 0_2_b42 "40000" TTP C
17 9520000 Pile T 1.00 
16 9520000 Pile T 1.00 
10 9520000 PS P3 Idle "" 
10 9520000 PS P3 Tr "b42" 
11 9520000 P0 0_3_b42 "40000" TTP C
12 9520000 P3 0_3_b42 "40000" TTP C
10 9520000 PS P0 Exec "rlc22" 
10 9560000 PS P1 Exec "rlc24" 
10 9560000 PS P2 Tr "a23" 
11 9560000 P0 0_2_a23 "40000" TTP C
12 9560000 P2 0_2_a23 "40000" TTP C
10 9560000 PS P3 Exec "lrc22" 
10 9600000 PS P2 Exec "lrc24" 
17 9680000 Pile T 1.00 
10 9680000 PS P4 Idle "" 
10 9680000 PS P4 Tr "b43" 
11 9680000 P1 1_4_b43 "40000" TTP C
12 9680000 P4 1_4_b43 "40000" TTP C
17 9680000 Pile T 1.00 
10 9680000 PS P5 Idle "" 
10 9680000 PS P5 Tr "a24" 
11 9680000 P2 2_5_a24 "40000" TTP C
12 9680000 P5 2_5_a24 "40000" TTP C
10 9720000 PS P4 Tr "a22" 
11 9720000 P1 1_4_a22 "40000" TTP C
12 9720000 P4 1_4_a22 "40000" TTP C
10 9720000 PS P5 Tr "b43" 
11 9720000 P1 1_5_b43 "40000" TTP C
12 9720000 P5 1_5_b43 "40000" TTP C
10 9760000 PS P4 Exec "rrc21" 
10 9760000 PS P5 Exec "rrc23" 
17 17520000 Pile T 1.00 
16 17520000 Pile T 1.00 
10 17520000 PS P0 Idle "" 
10 17520000 PS P0 Tr "b44" 
11 17520000 P2 2_0_b44 "40000" TTP C
12 17520000 P0 2_0_b44 "40000" TTP C
17 17560000 Pile T 1.00 
16 17560000 Pile T 1.00 
10 17560000 PS P1 Idle "" 
10 17560000 PS P1 Tr "a24" 
11 17560000 P2 2_1_a24 "40000" TTP C
12 17560000 P1 2_1_a24 "40000" TTP C
17 17560000 Pile T 1.00 
10 17560000 PS P3 Idle "" 
10 17560000 PS P3 Exec "lrc21" 
10 17560000 PS P0 Tr "a22" 
11 17560000 P1 1_0_a22 "40000" TTP C
12 17560000 P0 1_0_a22 "40000" TTP C
17 17600000 Pile T 1.00 
10 17600000 PS P2 Idle "" 
10 17600000 PS P2 Tr "b41" 
11 17600000 P3 3_2_b41 "40000" TTP C
12 17600000 P2 3_2_b41 "40000" TTP C
10 17600000 PS P1 Tr "b44" 
11 17600000 P2 2_1_b44 "40000" TTP C
12 17600000 P1 2_1_b44 "40000" TTP C
10 17600000 PS P0 Exec "rrc22" 
10 17640000 PS P2 Exec "lrc23" 
10 17640000 PS P1 Exec "rrc24" 
17 17760000 Pile T 1.00 
10 17760000 PS P4 Idle "" 
10 17760000 PS P4 Tr "b31" 
11 17760000 P0 0_4_b31 "40000" TTP C
12 17760000 P4 0_4_b31 "40000" TTP C
17 17760000 Pile T 1.00 
10 17760000 PS P5 Idle "" 
10 17760000 PS P5 Tr "b31" 
11 17760000 P0 0_5_b31 "40000" TTP C
12 17760000 P5 0_5_b31 "40000" TTP C
10 17800000 PS P4 Tr "a23" 
11 17800000 P0 0_4_a23 "40000" TTP C
12 17800000 P4 0_4_a23 "40000" TTP C
10 17800000 PS P5 Tr "a21" 
11 17800000 P3 3_5_a21 "40000" TTP C
12 17800000 P5 3_5_a21 "40000" TTP C
10 17840000 PS P4 Exec "lrc13" 
10 17840000 PS P5 Exec "lrc11" 
17 25560000 Pile T 1.00 
16 25560000 Pile T 1.00 
10 25560000 PS P3 Idle "" 
10 25560000 PS P3 Tr "split-b" 
11 25560000 P4 4_3_split-b "640000" TTP C
12 25560000 P3 4_3_split-b "640000" TTP C
17 25600000 Pile T 1.00 
16 25600000 Pile T 1.00 
10 25600000 PS P0 Idle "" 
10 25600000 PS P0 Tr "split-b" 
11 25600000 P4 4_0_split-b "640000" TTP C
12 25600000 P0 4_0_split-b "640000" TTP C
17 25640000 Pile T 1.00 
16 25640000 Pile T 1.00 
10 25640000 PS P2 Idle "" 
10 25640000 PS P2 Tr "split-b" 
11 25640000 P4 4_2_split-b "640000" TTP C
12 25640000 P2 4_2_split-b "640000" TTP C
17 25640000 Pile T 1.00 
16 25640000 Pile T 1.00 
10 25640000 PS P1 Idle "" 
10 25640000 PS P1 Tr "split-b" 
11 25640000 P4 4_1_split-b "640000" TTP C
12 25640000 P1 4_1_split-b "640000" TTP C
17 25840000 Pile T 1.00 
10 25840000 PS P4 Idle "" 
10 25840000 PS P4 Tr "split-a" 
11 25840000 P5 5_4_split-a "640000" TTP C
12 25840000 P4 5_4_split-a "640000" TTP C
17 25840000 Pile T 1.00 
10 25840000 PS P5 Idle "" 
10 25840000 PS P5 Exec "a4" 
17 25840000 Pile T 1.00 
10 25840000 PS P5 Idle "" 
10 25840000 PS P5 Exec "a1" 
17 25840000 Pile T 1.00 
10 25840000 PS P5 Idle "" 
10 25840000 PS P5 Exec "a3" 
17 25840000 Pile T 1.00 
10 25840000 PS P5 Idle "" 
10 25840000 PS P5 Tr "b33" 
11 25840000 P1 1_5_b33 "40000" TTP C
12 25840000 P5 1_5_b33 "40000" TTP C
10 25880000 PS P5 Exec "rrc13" 
10 26200000 PS P3 Exec "b1" 
17 26200000 Pile T 1.00 
10 26200000 PS P3 Idle "" 
10 26200000 PS P3 Tr "b33" 
11 26200000 P1 1_3_b33 "40000" TTP C
12 26200000 P3 1_3_b33 "40000" TTP C
10 26240000 PS P0 Exec "b2" 
10 26240000 PS P3 Tr "a22" 
11 26240000 P1 1_3_a22 "40000" TTP C
12 26240000 P3 1_3_a22 "40000" TTP C
17 26240000 Pile T 1.00 
10 26240000 PS P0 Idle "" 
10 26240000 PS P0 Tr "b34" 
11 26240000 P2 2_0_b34 "40000" TTP C
12 26240000 P0 2_0_b34 "40000" TTP C
10 26280000 PS P2 Exec "b3" 
10 26280000 PS P1 Exec "b4" 
10 26280000 PS P3 Exec "rrc11" 
10 26280000 PS P0 Exec "rrc12" 
17 26280000 Pile T 1.00 
10 26280000 PS P2 Idle "" 
10 26280000 PS P2 Exec "rrc14" 
17 26280000 Pile T 1.00 
10 26280000 PS P1 Idle "" 
10 26280000 PS P1 Tr "b32" 
11 26280000 P3 3_1_b32 "40000" TTP C
12 26280000 P1 3_1_b32 "40000" TTP C
10 26320000 PS P1 Tr "a23" 
11 26320000 P0 0_1_a23 "40000" TTP C
12 26320000 P1 0_1_a23 "40000" TTP C
10 26360000 PS P1 Exec "lrc14" 
10 26480000 PS P4 Exec "a2" 
17 26480000 Pile T 1.00 
10 26480000 PS P4 Idle "" 
10 26480000 PS P4 Tr "b32" 
11 26480000 P3 3_4_b32 "40000" TTP C
12 26480000 P4 3_4_b32 "40000" TTP C
10 26520000 PS P4 Tr "a21" 
11 26520000 P3 3_4_a21 "40000" TTP C
12 26520000 P4 3_4_a21 "40000" TTP C
10 26560000 PS P4 Exec "lrc12" 
17 33880000 Pile T 1.00 
16 33880000 Pile T 1.00 
10 33880000 PS P5 Idle "" 
10 33880000 PS P5 Tr "b14" 
11 33880000 P0 0_5_b14 "40000" TTP C
12 33880000 P5 0_5_b14 "40000" TTP C
10 33920000 PS P5 Tr "a12" 
11 33920000 P3 3_5_a12 "40000" TTP C
12 33920000 P5 3_5_a12 "40000" TTP C
10 33960000 PS P5 Exec "rlc12" 
17 34280000 Pile T 1.00 
16 34280000 Pile T 1.00 
10 34280000 PS P3 Idle "" 
10 34280000 PS P3 Tr "a14" 
11 34280000 P0 0_3_a14 "40000" TTP C
12 34280000 P3 0_3_a14 "40000" TTP C
17 34280000 Pile T 1.00 
10 34280000 PS P0 Idle "" 
10 34280000 PS P0 Tr "a13" 
11 34280000 P1 1_0_a13 "40000" TTP C
12 34280000 P0 1_0_a13 "40000" TTP C
17 34280000 Pile T 1.00 
10 34280000 PS P2 Idle "" 
10 34280000 PS P2 Tr "b12" 
11 34280000 P1 1_2_b12 "40000" TTP C
12 34280000 P2 1_2_b12 "40000" TTP C
10 34320000 PS P3 Tr "b14" 
11 34320000 P0 0_3_b14 "40000" TTP C
12 34320000 P3 0_3_b14 "40000" TTP C
10 34320000 PS P0 Tr "b12" 
11 34320000 P1 1_0_b12 "40000" TTP C
12 34320000 P0 1_0_b12 "40000" TTP C
10 34320000 PS P2 Exec "llc12" 
17 34360000 Pile T 1.00 
16 34360000 Pile T 1.00 
10 34360000 PS P1 Idle "" 
10 34360000 PS P1 Tr "a31" 
11 34360000 P2 2_1_a31 "40000" TTP C
12 34360000 P1 2_1_a31 "40000" TTP C
10 34360000 PS P3 Exec "rlc14" 
10 34360000 PS P0 Exec "llc14" 
10 34400000 PS P1 Exec "llc32" 
17 34560000 Pile T 1.00 
16 34560000 Pile T 1.00 
10 34560000 PS P4 Idle "" 
10 34560000 PS P4 Tr "b21" 
11 34560000 P1 1_4_b21 "40000" TTP C
12 34560000 P4 1_4_b21 "40000" TTP C
10 34600000 PS P4 Tr "a31" 
11 34600000 P2 2_4_a31 "40000" TTP C
12 34600000 P4 2_4_a31 "40000" TTP C
10 34640000 PS P4 Exec "llc41" 
17 41960000 Pile T 1.00 
10 41960000 PS P5 Idle "" 
10 41960000 PS P5 Tr "a31" 
11 41960000 P2 2_5_a31 "40000" TTP C
12 41960000 P5 2_5_a31 "40000" TTP C
10 42000000 PS P5 Exec "llc42" 
17 42320000 Pile T 1.00 
16 42320000 Pile T 1.00 
10 42320000 PS P2 Idle "" 
10 42320000 PS P2 Tr "b11" 
11 42320000 P4 4_2_b11 "40000" TTP C
12 42320000 P2 4_2_b11 "40000" TTP C
17 42360000 Pile T 1.00 
10 42360000 PS P3 Idle "" 
10 42360000 PS P3 Tr "b11" 
11 42360000 P4 4_3_b11 "40000" TTP C
12 42360000 P3 4_3_b11 "40000" TTP C
17 42360000 Pile T 1.00 
16 42360000 Pile T 1.00 
10 42360000 PS P0 Idle "" 
10 42360000 PS P0 Tr "b11" 
11 42360000 P4 4_0_b11 "40000" TTP C
12 42360000 P0 4_0_b11 "40000" TTP C
10 42360000 PS P2 Exec "llc31" 
17 42400000 Pile T 1.00 
10 42400000 PS P1 Idle "" 
10 42400000 PS P1 Tr "a12" 
11 42400000 P3 3_1_a12 "40000" TTP C
12 42400000 P1 3_1_a12 "40000" TTP C
10 42400000 PS P3 Tr "a13" 
11 42400000 P1 1_3_a13 "40000" TTP C
12 42400000 P3 1_3_a13 "40000" TTP C
10 42400000 PS P0 Tr "a11" 
11 42400000 P2 2_0_a11 "40000" TTP C
12 42400000 P0 2_0_a11 "40000" TTP C
10 42440000 PS P1 Tr "b13" 
11 42440000 P5 5_1_b13 "40000" TTP C
12 42440000 P1 5_1_b13 "40000" TTP C
10 42440000 PS P3 Exec "llc13" 
10 42440000 PS P0 Exec "llc11" 
10 42480000 PS P1 Exec "rlc11" 
17 42640000 Pile T 1.00 
10 42640000 PS P4 Idle "" 
10 42640000 PS P4 Tr "b13" 
11 42640000 P5 5_4_b13 "40000" TTP C
12 42640000 P4 5_4_b13 "40000" TTP C
10 42680000 PS P4 Tr "a14" 
11 42680000 P0 0_4_a14 "40000" TTP C
12 42680000 P4 0_4_a14 "40000" TTP C
10 42720000 PS P4 Exec "rlc13" 
17 50000000 Pile T 1.00 
10 50000000 PS P5 Idle "" 
10 50000000 PS P5 Tr "b23" 
11 50000000 P0 0_5_b23 "40000" TTP C
12 50000000 P5 0_5_b23 "40000" TTP C
10 50040000 PS P5 Tr "a32" 
11 50040000 P3 3_5_a32 "40000" TTP C
12 50040000 P5 3_5_a32 "40000" TTP C
10 50080000 PS P5 Exec "rlc41" 
17 50360000 Pile T 1.00 
10 50360000 PS P2 Idle "" 
10 50360000 PS P2 Tr "b13" 
11 50360000 P5 5_2_b13 "40000" TTP C
12 50360000 P2 5_2_b13 "40000" TTP C
10 50400000 PS P2 Tr "a32" 
11 50400000 P3 3_2_a32 "40000" TTP C
12 50400000 P2 3_2_a32 "40000" TTP C
17 50440000 Pile T 1.00 
10 50440000 PS P3 Idle "" 
10 50440000 PS P3 Exec "rlc32" 
17 50440000 Pile T 1.00 
10 50440000 PS P0 Idle "" 
10 50440000 PS P0 Tr "a32" 
11 50440000 P3 3_0_a32 "40000" TTP C
12 50440000 P0 3_0_a32 "40000" TTP C
10 50440000 PS P2 Exec "rlc31" 
17 50480000 Pile T 1.00 
16 50480000 Pile T 1.00 
10 50480000 PS P1 Idle "" 
10 50480000 PS P1 Tr "a34" 
11 50480000 P0 0_1_a34 "40000" TTP C
12 50480000 P1 0_1_a34 "40000" TTP C
10 50480000 PS P0 Exec "rlc42" 
10 50520000 PS P1 Exec "rlc33" 
17 50720000 Pile T 1.00 
16 50720000 Pile T 1.00 
10 50720000 PS P4 Idle "" 
10 50720000 PS P4 Tr "a34" 
11 50720000 P0 0_4_a34 "40000" TTP C
12 50720000 P4 0_4_a34 "40000" TTP C
10 50760000 PS P4 Tr "b14" 
11 50760000 P0 0_4_b14 "40000" TTP C
12 50760000 P4 0_4_b14 "40000" TTP C
10 50800000 PS P4 Exec "rlc34" 
17 58080000 Pile T 1.00 
16 58080000 Pile T 1.00 
10 58080000 PS P5 Idle "" 
10 58080000 PS P5 Tr "b24" 
11 58080000 P3 3_5_b24 "40000" TTP C
12 58080000 P5 3_5_b24 "40000" TTP C
10 58120000 PS P5 Tr "a34" 
11 58120000 P0 0_5_a34 "40000" TTP C
12 58120000 P5 0_5_a34 "40000" TTP C
10 58160000 PS P5 Exec "rlc44" 
17 58440000 Pile T 1.00 
16 58440000 Pile T 1.00 
10 58440000 PS P3 Idle "" 
10 58440000 PS P3 Tr "a34" 
11 58440000 P0 0_3_a34 "40000" TTP C
12 58440000 P3 0_3_a34 "40000" TTP C
17 58440000 Pile T 1.00 
16 58440000 Pile T 1.00 
10 58440000 PS P2 Idle "" 
10 58440000 PS P2 Tr "a33" 
11 58440000 P1 1_2_a33 "40000" TTP C
12 58440000 P2 1_2_a33 "40000" TTP C
17 58480000 Pile T 1.00 
16 58480000 Pile T 1.00 
10 58480000 PS P0 Idle "" 
10 58480000 PS P0 Tr "a33" 
11 58480000 P1 1_0_a33 "40000" TTP C
12 58480000 P0 1_0_a33 "40000" TTP C
10 58480000 PS P3 Tr "b23" 
11 58480000 P0 0_3_b23 "40000" TTP C
12 58480000 P3 0_3_b23 "40000" TTP C
10 58480000 PS P2 Exec "llc43" 
17 58520000 Pile T 1.00 
10 58520000 PS P1 Idle "" 
10 58520000 PS P1 Tr "b22" 
11 58520000 P2 2_1_b22 "40000" TTP C
12 58520000 P1 2_1_b22 "40000" TTP C
10 58520000 PS P0 Exec "llc34" 
10 58520000 PS P3 Exec "rlc43" 
10 58560000 PS P1 Exec "llc44" 
17 58800000 Pile T 1.00 
10 58800000 PS P4 Idle "" 
10 58800000 PS P4 Tr "a33" 
11 58800000 P1 1_4_a33 "40000" TTP C
12 58800000 P4 1_4_a33 "40000" TTP C
10 58840000 PS P4 Exec "llc33" 
17 66160000 Pile T 1.00 
10 66160000 PS P5 Idle "" 
10 66160000 PS P5 Tr "a43" 
11 66160000 P2 2_5_a43 "40000" TTP C
12 66160000 P5 2_5_a43 "40000" TTP C
10 66200000 PS P5 Tr "b42" 
11 66200000 P0 0_5_b42 "40000" TTP C
12 66200000 P5 0_5_b42 "40000" TTP C
10 66240000 PS P5 Exec "lrc44" 
17 66480000 Pile T 1.00 
10 66480000 PS P2 Idle "" 
10 66480000 PS P2 Exec "lrc43" 
17 66520000 Pile T 1.00 
16 66520000 Pile T 1.00 
10 66520000 PS P0 Idle "" 
10 66520000 PS P0 Tr "a43" 
11 66520000 P2 2_0_a43 "40000" TTP C
12 66520000 P0 2_0_a43 "40000" TTP C
17 66520000 Pile T 1.00 
16 66520000 Pile T 1.00 
10 66520000 PS P3 Idle "" 
10 66520000 PS P3 Tr "b31" 
11 66520000 P0 0_3_b31 "40000" TTP C
12 66520000 P3 0_3_b31 "40000" TTP C
17 66560000 Pile T 1.00 
16 66560000 Pile T 1.00 
10 66560000 PS P1 Idle "" 
10 66560000 PS P1 Tr "b42" 
11 66560000 P0 0_1_b42 "40000" TTP C
12 66560000 P1 0_1_b42 "40000" TTP C
10 66560000 PS P0 Tr "b32" 
11 66560000 P3 3_0_b32 "40000" TTP C
12 66560000 P0 3_0_b32 "40000" TTP C
10 66560000 PS P3 Tr "a43" 
11 66560000 P2 2_3_a43 "40000" TTP C
12 66560000 P3 2_3_a43 "40000" TTP C
10 66600000 PS P1 Tr "a41" 
11 66600000 P3 3_1_a41 "40000" TTP C
12 66600000 P1 3_1_a41 "40000" TTP C
10 66600000 PS P0 Exec "lrc34" 
10 66600000 PS P3 Exec "lrc33" 
10 66640000 PS P1 Exec "lrc42" 
17 66840000 Pile T 1.00 
16 66840000 Pile T 1.00 
10 66840000 PS P4 Idle "" 
10 66840000 PS P4 Tr "a41" 
11 66840000 P3 3_4_a41 "40000" TTP C
12 66840000 P4 3_4_a41 "40000" TTP C
10 66880000 PS P4 Exec "lrc31" 
17 74240000 Pile T 1.00 
10 74240000 PS P5 Idle "" 
10 74240000 PS P5 Tr "b32" 
11 74240000 P3 3_5_b32 "40000" TTP C
12 74240000 P5 3_5_b32 "40000" TTP C
10 74280000 PS P5 Tr "a41" 
11 74280000 P3 3_5_a41 "40000" TTP C
12 74280000 P5 3_5_a41 "40000" TTP C
10 74320000 PS P5 Exec "lrc32" 
17 74480000 Pile T 1.00 
10 74480000 PS P2 Idle "" 
10 74480000 PS P2 Tr "a41" 
11 74480000 P3 3_2_a41 "40000" TTP C
12 74480000 P2 3_2_a41 "40000" TTP C
10 74520000 PS P2 Exec "lrc41" 
17 74600000 Pile T 1.00 
10 74600000 PS P0 Idle "" 
10 74600000 PS P0 Tr "a42" 
11 74600000 P4 4_0_a42 "40000" TTP C
12 74600000 P0 4_0_a42 "40000" TTP C
17 74600000 Pile T 1.00 
10 74600000 PS P3 Idle "" 
10 74600000 PS P3 Tr "a42" 
11 74600000 P4 4_3_a42 "40000" TTP C
12 74600000 P3 4_3_a42 "40000" TTP C
17 74640000 Pile T 1.00 
10 74640000 PS P1 Idle "" 
10 74640000 PS P1 Tr "a42" 
11 74640000 P4 4_1_a42 "40000" TTP C
12 74640000 P1 4_1_a42 "40000" TTP C
10 74640000 PS P0 Exec "rrc42" 
10 74640000 PS P3 Exec "rrc31" 
10 74680000 PS P1 Exec "rrc41" 
17 74880000 Pile T 1.00 
10 74880000 PS P4 Idle "" 
10 74880000 PS P4 Tr "b34" 
11 74880000 P2 2_4_b34 "40000" TTP C
12 74880000 P4 2_4_b34 "40000" TTP C
10 74920000 PS P4 Exec "rrc32" 
17 82320000 Pile T 1.00 
10 82320000 PS P5 Idle "" 
10 82320000 PS P5 Tr "b34" 
11 82320000 P2 2_5_b34 "40000" TTP C
12 82320000 P5 2_5_b34 "40000" TTP C
10 82360000 PS P5 Exec "rrc34" 
17 82520000 Pile T 1.00 
10 82520000 PS P2 Idle "" 
10 82520000 PS P2 Tr "a44" 
11 82520000 P5 5_2_a44 "40000" TTP C
12 82520000 P2 5_2_a44 "40000" TTP C
10 82560000 PS P2 Exec "rrc44" 
17 82640000 Pile T 1.00 
16 82640000 Pile T 1.00 
10 82640000 PS P0 Idle "" 
10 82640000 PS P0 Tr "a44" 
11 82640000 P5 5_0_a44 "40000" TTP C
12 82640000 P0 5_0_a44 "40000" TTP C
17 82640000 Pile T 1.00 
16 82640000 Pile T 1.00 
10 82640000 PS P3 Idle "" 
10 82640000 PS P3 Tr "a44" 
11 82640000 P5 5_3_a44 "40000" TTP C
12 82640000 P3 5_3_a44 "40000" TTP C
17 82680000 Pile T 1.00 
16 82680000 Pile T 1.00 
10 82680000 PS P1 Idle "" 
10 82680000 PS P1 Tr "llc23" 
11 82680000 P2 2_1_llc23 "40000" TTP C
12 82680000 P1 2_1_llc23 "40000" TTP C
10 82680000 PS P0 Tr "b43" 
11 82680000 P1 1_0_b43 "40000" TTP C
12 82680000 P0 1_0_b43 "40000" TTP C
10 82680000 PS P3 Exec "rrc33" 
10 82720000 PS P1 Exec "lc23" 
10 82720000 PS P0 Exec "rrc43" 
17 82880000 Pile T 1.00 
10 82880000 PS P1 Idle "" 
10 82880000 PS P1 Tr "rlc21" 
11 82880000 P0 0_1_rlc21 "40000" TTP C
12 82880000 P1 0_1_rlc21 "40000" TTP C
17 82920000 Pile T 1.00 
16 82920000 Pile T 1.00 
10 82920000 PS P4 Idle "" 
10 82920000 PS P4 Tr "llc22" 
11 82920000 P5 5_4_llc22 "40000" TTP C
12 82920000 P4 5_4_llc22 "40000" TTP C
10 82920000 PS P1 Tr "llc21" 
11 82920000 P3 3_1_llc21 "40000" TTP C
12 82920000 P1 3_1_llc21 "40000" TTP C
10 82960000 PS P4 Tr "rlc22" 
11 82960000 P0 0_4_rlc22 "40000" TTP C
12 82960000 P4 0_4_rlc22 "40000" TTP C
10 82960000 PS P1 Exec "lc21" 
10 83000000 PS P4 Exec "lc22" 
17 83120000 Pile T 1.00 
10 83120000 PS P1 Idle "" 
10 83120000 PS P1 Tr "llc24" 
11 83120000 P4 4_1_llc24 "40000" TTP C
12 83120000 P1 4_1_llc24 "40000" TTP C
17 83160000 Pile T 1.00 
10 83160000 PS P4 Idle "" 
10 83160000 PS P4 Tr "lrc21" 
11 83160000 P3 3_4_lrc21 "40000" TTP C
12 83160000 P4 3_4_lrc21 "40000" TTP C
10 83160000 PS P1 Exec "lc24" 
10 83200000 PS P4 Exec "rc21" 
17 83320000 Pile T 1.00 
16 83320000 Pile T 1.00 
10 83320000 PS P1 Idle "" 
10 83320000 PS P1 Tr "rrc22" 
11 83320000 P0 0_1_rrc22 "40000" TTP C
12 83320000 P1 0_1_rrc22 "40000" TTP C
17 83360000 Pile T 1.00 
10 83360000 PS P4 Idle "" 
10 83360000 PS P4 Tr "lrc23" 
11 83360000 P2 2_4_lrc23 "40000" TTP C
12 83360000 P4 2_4_lrc23 "40000" TTP C
10 83360000 PS P1 Tr "lrc22" 
11 83360000 P3 3_1_lrc22 "40000" TTP C
12 83360000 P1 3_1_lrc22 "40000" TTP C
10 83400000 PS P4 Tr "rrc23" 
11 83400000 P5 5_4_rrc23 "40000" TTP C
12 83400000 P4 5_4_rrc23 "40000" TTP C
10 83400000 PS P1 Exec "rc22" 
10 83440000 PS P4 Exec "rc23" 
17 83560000 Pile T 1.00 
10 83560000 PS P1 Idle "" 
10 83560000 PS P1 Tr "lrc24" 
11 83560000 P2 2_1_lrc24 "40000" TTP C
12 83560000 P1 2_1_lrc24 "40000" TTP C
17 83600000 Pile T 1.00 
10 83600000 PS P4 Idle "" 
10 83600000 PS P4 Tr "rrc13" 
11 83600000 P5 5_4_rrc13 "40000" TTP C
12 83600000 P4 5_4_rrc13 "40000" TTP C
10 83600000 PS P1 Exec "rc24" 
10 83640000 PS P4 Exec "rc13" 
17 83760000 Pile T 1.00 
16 83760000 Pile T 1.00 
10 83760000 PS P1 Idle "" 
10 83760000 PS P1 Tr "rrc11" 
11 83760000 P3 3_1_rrc11 "40000" TTP C
12 83760000 P1 3_1_rrc11 "40000" TTP C
17 83800000 Pile T 1.00 
10 83800000 PS P4 Idle "" 
10 83800000 PS P4 Tr "rrc14" 
11 83800000 P2 2_4_rrc14 "40000" TTP C
12 83800000 P4 2_4_rrc14 "40000" TTP C
10 83800000 PS P1 Tr "lrc11" 
11 83800000 P5 5_1_lrc11 "40000" TTP C
12 83800000 P1 5_1_lrc11 "40000" TTP C
10 83840000 PS P4 Tr "lrc14" 
11 83840000 P1 1_4_lrc14 "40000" TTP C
12 83840000 P4 1_4_lrc14 "40000" TTP C
10 83840000 PS P1 Exec "rc11" 
10 83880000 PS P4 Exec "rc14" 
17 84000000 Pile T 1.00 
10 84000000 PS P1 Idle "" 
10 84000000 PS P1 Tr "lrc12" 
11 84000000 P4 4_1_lrc12 "40000" TTP C
12 84000000 P1 4_1_lrc12 "40000" TTP C
17 84040000 Pile T 1.00 
10 84040000 PS P4 Idle "" 
10 84040000 PS P4 Tr "rlc12" 
11 84040000 P5 5_4_rlc12 "40000" TTP C
12 84040000 P4 5_4_rlc12 "40000" TTP C
10 84040000 PS P1 Tr "rrc12" 
11 84040000 P0 0_1_rrc12 "40000" TTP C
12 84040000 P1 0_1_rrc12 "40000" TTP C
10 84080000 PS P4 Tr "llc12" 
11 84080000 P2 2_4_llc12 "40000" TTP C
12 84080000 P4 2_4_llc12 "40000" TTP C
10 84080000 PS P1 Exec "rc12" 
10 84120000 PS P4 Exec "lc12" 
17 84240000 Pile T 1.00 
16 84240000 Pile T 1.00 
10 84240000 PS P1 Idle "" 
10 84240000 PS P1 Tr "rlc14" 
11 84240000 P3 3_1_rlc14 "40000" TTP C
12 84240000 P1 3_1_rlc14 "40000" TTP C
17 84280000 Pile T 1.00 
10 84280000 PS P4 Idle "" 
10 84280000 PS P4 Tr "rlc11" 
11 84280000 P1 1_4_rlc11 "40000" TTP C
12 84280000 P4 1_4_rlc11 "40000" TTP C
10 84280000 PS P1 Tr "llc14" 
11 84280000 P0 0_1_llc14 "40000" TTP C
12 84280000 P1 0_1_llc14 "40000" TTP C
10 84320000 PS P4 Tr "llc11" 
11 84320000 P0 0_4_llc11 "40000" TTP C
12 84320000 P4 0_4_llc11 "40000" TTP C
10 84320000 PS P1 Exec "lc14" 
10 84360000 PS P4 Exec "lc11" 
17 84480000 Pile T 1.00 
10 84480000 PS P1 Idle "" 
10 84480000 PS P1 Tr "rlc13" 
11 84480000 P4 4_1_rlc13 "40000" TTP C
12 84480000 P1 4_1_rlc13 "40000" TTP C
17 84520000 Pile T 1.00 
10 84520000 PS P4 Idle "" 
10 84520000 PS P4 Tr "rlc41" 
11 84520000 P5 5_4_rlc41 "40000" TTP C
12 84520000 P4 5_4_rlc41 "40000" TTP C
10 84520000 PS P1 Tr "llc13" 
11 84520000 P3 3_1_llc13 "40000" TTP C
12 84520000 P1 3_1_llc13 "40000" TTP C
10 84560000 PS P4 Exec "lc41" 
10 84560000 PS P1 Exec "lc13" 
17 84720000 Pile T 1.00 
10 84720000 PS P4 Idle "" 
10 84720000 PS P4 Tr "llc32" 
11 84720000 P1 1_4_llc32 "40000" TTP C
12 84720000 P4 1_4_llc32 "40000" TTP C
17 84720000 Pile T 1.00 
16 84720000 Pile T 1.00 
10 84720000 PS P1 Idle "" 
10 84720000 PS P1 Tr "llc31" 
11 84720000 P2 2_1_llc31 "40000" TTP C
12 84720000 P1 2_1_llc31 "40000" TTP C
10 84760000 PS P4 Tr "rlc32" 
11 84760000 P3 3_4_rlc32 "40000" TTP C
12 84760000 P4 3_4_rlc32 "40000" TTP C
10 84760000 PS P1 Tr "rlc31" 
11 84760000 P2 2_1_rlc31 "40000" TTP C
12 84760000 P1 2_1_rlc31 "40000" TTP C
10 84800000 PS P4 Exec "lc32" 
10 84800000 PS P1 Exec "lc31" 
17 84960000 Pile T 1.00 
10 84960000 PS P4 Idle "" 
10 84960000 PS P4 Tr "llc42" 
11 84960000 P5 5_4_llc42 "40000" TTP C
12 84960000 P4 5_4_llc42 "40000" TTP C
17 84960000 Pile T 1.00 
10 84960000 PS P1 Idle "" 
10 84960000 PS P1 Tr "rlc34" 
11 84960000 P4 4_1_rlc34 "40000" TTP C
12 84960000 P1 4_1_rlc34 "40000" TTP C
10 85000000 PS P4 Tr "rlc42" 
11 85000000 P0 0_4_rlc42 "40000" TTP C
12 85000000 P4 0_4_rlc42 "40000" TTP C
10 85000000 PS P1 Tr "llc34" 
11 85000000 P0 0_1_llc34 "40000" TTP C
12 85000000 P1 0_1_llc34 "40000" TTP C
10 85040000 PS P4 Exec "lc42" 
10 85040000 PS P1 Exec "lc34" 
17 85200000 Pile T 1.00 
10 85200000 PS P4 Idle "" 
10 85200000 PS P4 Tr "llc43" 
11 85200000 P2 2_4_llc43 "40000" TTP C
12 85200000 P4 2_4_llc43 "40000" TTP C
17 85200000 Pile T 1.00 
10 85200000 PS P1 Idle "" 
10 85200000 PS P1 Tr "rlc44" 
11 85200000 P5 5_1_rlc44 "40000" TTP C
12 85200000 P1 5_1_rlc44 "40000" TTP C
10 85240000 PS P4 Tr "rlc43" 
11 85240000 P3 3_4_rlc43 "40000" TTP C
12 85240000 P4 3_4_rlc43 "40000" TTP C
10 85240000 PS P1 Exec "lc44" 
10 85280000 PS P4 Exec "lc43" 
17 85400000 Pile T 1.00 
10 85400000 PS P1 Idle "" 
10 85400000 PS P1 Tr "llc33" 
11 85400000 P4 4_1_llc33 "40000" TTP C
12 85400000 P1 4_1_llc33 "40000" TTP C
17 85440000 Pile T 1.00 
16 85440000 Pile T 1.00 
10 85440000 PS P4 Idle "" 
10 85440000 PS P4 Tr "rrc42" 
11 85440000 P0 0_4_rrc42 "40000" TTP C
12 85440000 P4 0_4_rrc42 "40000" TTP C
10 85440000 PS P1 Exec "lc33" 
10 85480000 PS P4 Tr "lrc42" 
11 85480000 P1 1_4_lrc42 "40000" TTP C
12 85480000 P4 1_4_lrc42 "40000" TTP C
10 85520000 PS P4 Exec "rc42" 
17 85600000 Pile T 1.00 
16 85600000 Pile T 1.00 
10 85600000 PS P1 Idle "" 
10 85600000 PS P1 Tr "rrc31" 
11 85600000 P3 3_1_rrc31 "40000" TTP C
12 85600000 P1 3_1_rrc31 "40000" TTP C
10 85640000 PS P1 Tr "lrc31" 
11 85640000 P4 4_1_lrc31 "40000" TTP C
12 85640000 P1 4_1_lrc31 "40000" TTP C
17 85680000 Pile T 1.00 
10 85680000 PS P4 Idle "" 
10 85680000 PS P4 Tr "lrc41" 
11 85680000 P2 2_4_lrc41 "40000" TTP C
12 85680000 P4 2_4_lrc41 "40000" TTP C
10 85680000 PS P1 Exec "rc31" 
10 85720000 PS P4 Tr "rrc41" 
11 85720000 P1 1_4_rrc41 "40000" TTP C
12 85720000 P4 1_4_rrc41 "40000" TTP C
10 85760000 PS P4 Exec "rc41" 
17 85840000 Pile T 1.00 
10 85840000 PS P1 Idle "" 
10 85840000 PS P1 Tr "rrc32" 
11 85840000 P4 4_1_rrc32 "40000" TTP C
12 85840000 P1 4_1_rrc32 "40000" TTP C
10 85880000 PS P1 Tr "lrc32" 
11 85880000 P5 5_1_lrc32 "40000" TTP C
12 85880000 P1 5_1_lrc32 "40000" TTP C
17 85920000 Pile T 1.00 
10 85920000 PS P4 Idle "" 
10 85920000 PS P4 Tr "lc24" 
11 85920000 P1 1_4_lc24 "40000" TTP C
12 85920000 P4 1_4_lc24 "40000" TTP C
10 85920000 PS P1 Exec "rc32" 
10 85960000 PS P4 Tr "lc23" 
11 85960000 P1 1_4_lc23 "40000" TTP C
12 85960000 P4 1_4_lc23 "40000" TTP C
10 86000000 PS P4 Tr "lc21" 
11 86000000 P1 1_4_lc21 "40000" TTP C
12 86000000 P4 1_4_lc21 "40000" TTP C
10 86040000 PS P4 Exec "lc2" 
17 86080000 Pile T 1.00 
10 86080000 PS P1 Idle "" 
10 86080000 PS P1 Tr "rc23" 
11 86080000 P4 4_1_rc23 "40000" TTP C
12 86080000 P1 4_1_rc23 "40000" TTP C
10 86120000 PS P1 Tr "rc21" 
11 86120000 P4 4_1_rc21 "40000" TTP C
12 86120000 P1 4_1_rc21 "40000" TTP C
10 86160000 PS P1 Exec "rc2" 
17 86360000 Pile T 1.00 
10 86360000 PS P4 Idle "" 
10 86360000 PS P4 Tr "rc12" 
11 86360000 P1 1_4_rc12 "40000" TTP C
12 86360000 P4 1_4_rc12 "40000" TTP C
10 86400000 PS P4 Tr "rc11" 
11 86400000 P1 1_4_rc11 "40000" TTP C
12 86400000 P4 1_4_rc11 "40000" TTP C
10 86440000 PS P4 Exec "rc1" 
17 86480000 Pile T 1.00 
16 86480000 Pile T 1.00 
10 86480000 PS P1 Idle "" 
10 86480000 PS P1 Tr "lc12" 
11 86480000 P4 4_1_lc12 "40000" TTP C
12 86480000 P1 4_1_lc12 "40000" TTP C
10 86520000 PS P1 Tr "lc11" 
11 86520000 P4 4_1_lc11 "40000" TTP C
12 86520000 P1 4_1_lc11 "40000" TTP C
10 86560000 PS P1 Exec "lc1" 
17 86760000 Pile T 1.00 
10 86760000 PS P4 Idle "" 
10 86760000 PS P4 Tr "lc44" 
11 86760000 P1 1_4_lc44 "40000" TTP C
12 86760000 P4 1_4_lc44 "40000" TTP C
10 86800000 PS P4 Exec "lc4" 
17 86880000 Pile T 1.00 
16 86880000 Pile T 1.00 
10 86880000 PS P1 Idle "" 
10 86880000 PS P1 Tr "lc32" 
11 86880000 P4 4_1_lc32 "40000" TTP C
12 86880000 P1 4_1_lc32 "40000" TTP C
10 86920000 PS P1 Exec "lc3" 
17 87120000 Pile T 1.00 
10 87120000 PS P4 Idle "" 
10 87120000 PS P4 Tr "rc2" 
11 87120000 P1 1_4_rc2 "160000" TTP C
12 87120000 P4 1_4_rc2 "160000" TTP C
17 87240000 Pile T 1.00 
10 87240000 PS P1 Idle "" 
10 87240000 PS P1 Tr "rc1" 
11 87240000 P4 4_1_rc1 "160000" TTP C
12 87240000 P1 4_1_rc1 "160000" TTP C
10 87280000 PS P4 Exec "c2" 
10 87400000 PS P1 Exec "c1" 
17 87920000 Pile T 1.00 
10 87920000 PS P4 Idle "" 
17 88040000 Pile T 1.00 
10 88040000 PS P1 Idle "" 
17 90360000 Pile T 1.00 
16 90360000 Pile T 1.00 
10 90360000 PS P5 Idle "" 
10 90360000 PS P5 Tr "lrc34" 
11 90360000 P0 0_5_lrc34 "40000" TTP C
12 90360000 P5 0_5_lrc34 "40000" TTP C
10 90400000 PS P5 Exec "rc34" 
17 90560000 Pile T 1.00 
16 90560000 Pile T 1.00 
10 90560000 PS P2 Idle "" 
10 90560000 PS P2 Tr "lrc44" 
11 90560000 P5 5_2_lrc44 "40000" TTP C
12 90560000 P2 5_2_lrc44 "40000" TTP C
17 90560000 Pile T 1.00 
10 90560000 PS P5 Idle "" 
10 90600000 PS P2 Exec "rc44" 
17 90680000 Pile T 1.00 
16 90680000 Pile T 1.00 
10 90680000 PS P3 Idle "" 
10 90680000 PS P3 Exec "rc33" 
17 90720000 Pile T 1.00 
16 90720000 Pile T 1.00 
10 90720000 PS P0 Idle "" 
10 90720000 PS P0 Tr "lrc43" 
11 90720000 P2 2_0_lrc43 "40000" TTP C
12 90720000 P0 2_0_lrc43 "40000" TTP C
17 90760000 Pile T 1.00 
10 90760000 PS P2 Idle "" 
10 90760000 PS P0 Exec "rc43" 
17 90840000 Pile T 1.00 
16 90840000 Pile T 1.00 
10 90840000 PS P3 Idle "" 
10 90840000 PS P3 Tr "rc31" 
11 90840000 P1 1_3_rc31 "40000" TTP C
12 90840000 P3 1_3_rc31 "40000" TTP C
10 90880000 PS P3 Tr "rc34" 
11 90880000 P5 5_3_rc34 "40000" TTP C
12 90880000 P3 5_3_rc34 "40000" TTP C
17 90920000 Pile T 1.00 
16 90920000 Pile T 1.00 
10 90920000 PS P0 Idle "" 
10 90920000 PS P0 Tr "rc41" 
11 90920000 P4 4_0_rc41 "40000" TTP C
12 90920000 P0 4_0_rc41 "40000" TTP C
10 90920000 PS P3 Tr "rc32" 
11 90920000 P1 1_3_rc32 "40000" TTP C
12 90920000 P3 1_3_rc32 "40000" TTP C
10 90960000 PS P0 Tr "rc42" 
11 90960000 P4 4_0_rc42 "40000" TTP C
12 90960000 P0 4_0_rc42 "40000" TTP C
10 90960000 PS P3 Exec "rc3" 
10 91000000 PS P0 Tr "rc44" 
11 91000000 P2 2_0_rc44 "40000" TTP C
12 91000000 P0 2_0_rc44 "40000" TTP C
10 91040000 PS P0 Exec "rc4" 
17 91280000 Pile T 1.00 
16 91280000 Pile T 1.00 
10 91280000 PS P3 Idle "" 
10 91280000 PS P3 Tr "lc3" 
11 91280000 P1 1_3_lc3 "160000" TTP C
12 91280000 P3 1_3_lc3 "160000" TTP C
17 91360000 Pile T 1.00 
16 91360000 Pile T 1.00 
10 91360000 PS P0 Idle "" 
10 91360000 PS P0 Tr "lc4" 
11 91360000 P4 4_0_lc4 "160000" TTP C
12 91360000 P0 4_0_lc4 "160000" TTP C
10 91440000 PS P3 Exec "c3" 
10 91520000 PS P0 Exec "c4" 
17 92080000 Pile T 1.00 
10 92080000 PS P3 Idle "" 
17 92160000 Pile T 1.00 
16 92160000 Pile T 1.00 
10 92160000 PS P0 Idle "" 
10 92160000 PS P0 Tr "c3" 
11 92160000 P3 3_0_c3 "160000" TTP C
12 92160000 P0 3_0_c3 "160000" TTP C
10 92320000 PS P0 Tr "c1" 
11 92320000 P1 1_0_c1 "160000" TTP C
12 92320000 P0 1_0_c1 "160000" TTP C
10 92480000 PS P0 Tr "c2" 
11 92480000 P4 4_0_c2 "160000" TTP C
12 92480000 P0 4_0_c2 "160000" TTP C
10 92640000 PS P0 Exec "c" 
17 93920000 Pile T 1.00 
10 93920000 PS P0 Idle "" 
8 93920000 Pile PL
8 93920000 P0 Pr
8 93920000 P3 Pr
8 93920000 P2 Pr
8 93920000 P5 Pr
8 93920000 P1 Pr
8 93920000 P4 Pr
8 93920000 TTP P
