%EventDef PajeDefineContainerType 1
% Alias string
% ContainerType string
% Name string
%EndEventDef
%EventDef PajeDefineStateType 3
% Alias string
% ContainerType string
% Name string
%EndEventDef
%EventDef PajeDefineLinkType 4
% Name string
% ContainerType string
% SourceContainerType string
% DestContainerType string
% Alias string
%EndEventDef
%EventDef PajeDefineEntityValue 6
% Alias string
% EntityType string
% Name string
% Color color
%EndEventDef
%EventDef PajeCreateContainer 7
% Time date
% Alias string
% Type string
% Container string
% Name string
%EndEventDef
%EventDef PajeDestroyContainer 8
% Time date
% Name string
% Type string
%EndEventDef
%EventDef PajeSetState 10
% Time date
% Type string
% Container string
% Value string
% file string
%EndEventDef
%EventDef PajeStartLink 11
% Time date
% SourceContainer string
% Key string
% Value string
% Container string
% Type string
%EndEventDef
%EventDef PajeEndLink 12
% Time date
% DestContainer string
% Key string
% Value string
% Container string
% Type string
%EndEventDef
%EventDef PajePushState	13
% Time	date
% EntityType	string
% Container	string
% Value	string
%EndEventDef
%EventDef PajeDefineVariableType 14
% Type string
% Name string
% Color color
% Alias string
%EndEventDef
%EventDef PajeSetVariable 15
% Time date
% Container string
% Type string
% Value double
%EndEventDef
%EventDef PajeAddVariable 16
% Time date
% Container string
% Type string
% Value double
%EndEventDef
%EventDef PajeSubVariable 17
% Time date
% Container string
% Type string
% Value double
%EndEventDef
1 P 0 Program
1 Pr P Processors
1 PL P Tasks
3 PS Pr "Processor State"
3 PF Pr "Ready File"
6 Exec PS Executing "2 .0 .1"
6 Idle PS Idle "8 .3 .0"
6 TR PS Transfer "0 .3 .8"
14 PL "Task" "1 .5 .5" T
7 0 TTP P 0 "Plate-forme"
4 "Communication" P Pr Pr C
7 0 Pile PL TTP "Pile 1"
7 0 P0 Pr TTP "P 0" 
10 0 PS P0 Idle "" 
7 0 P1 Pr TTP "P 1" 
10 0 PS P1 Idle "" 
7 0 P2 Pr TTP "P 2" 
10 0 PS P2 Idle "" 
7 0 P3 Pr TTP "P 3" 
10 0 PS P3 Idle "" 
7 0 P4 Pr TTP "P 4" 
10 0 PS P4 Idle "" 
7 0 P5 Pr TTP "P 5" 
10 0 PS P5 Idle "" 
10 0 PS P0 Exec "split-b" 
10 0 PS P1 Exec "split-a" 
17 7200 Pile T 1.00 
16 7200 Pile T 1.00 
16 7200 Pile T 1.00 
16 7200 Pile T 1.00 
16 7200 Pile T 1.00 
16 7200 Pile T 1.00 
16 7200 Pile T 1.00 
16 7200 Pile T 1.00 
16 7200 Pile T 1.00 
16 7200 Pile T 1.00 
16 7200 Pile T 1.00 
16 7200 Pile T 1.00 
16 7200 Pile T 1.00 
16 7200 Pile T 1.00 
16 7200 Pile T 1.00 
16 7200 Pile T 1.00 
16 7200 Pile T 1.00 
16 7200 Pile T 1.00 
16 7200 Pile T 1.00 
16 7200 Pile T 1.00 
16 7200 Pile T 1.00 
16 7200 Pile T 1.00 
16 7200 Pile T 1.00 
16 7200 Pile T 1.00 
16 7200 Pile T 1.00 
16 7200 Pile T 1.00 
16 7200 Pile T 1.00 
16 7200 Pile T 1.00 
16 7200 Pile T 1.00 
16 7200 Pile T 1.00 
16 7200 Pile T 1.00 
16 7200 Pile T 1.00 
16 7200 Pile T 1.00 
16 7200 Pile T 1.00 
16 7200 Pile T 1.00 
16 7200 Pile T 1.00 
16 7200 Pile T 1.00 
10 7200 PS P0 Idle "" 
10 7200 PS P0 Exec "b54" 
10 7200 PS P2 Tr "split-b" 
11 7200 P0 0_2_split-b "3600" TTP C
12 7200 P2 0_2_split-b "3600" TTP C
10 7200 PS P3 Tr "split-b" 
11 7200 P0 0_3_split-b "3600" TTP C
12 7200 P3 0_3_split-b "3600" TTP C
10 7200 PS P4 Tr "split-b" 
11 7200 P0 0_4_split-b "3600" TTP C
12 7200 P4 0_4_split-b "3600" TTP C
10 7200 PS P5 Tr "split-b" 
11 7200 P0 0_5_split-b "3600" TTP C
12 7200 P5 0_5_split-b "3600" TTP C
17 7200 Pile T 1.00 
16 7200 Pile T 1.00 
16 7200 Pile T 1.00 
16 7200 Pile T 1.00 
16 7200 Pile T 1.00 
16 7200 Pile T 1.00 
16 7200 Pile T 1.00 
16 7200 Pile T 1.00 
16 7200 Pile T 1.00 
16 7200 Pile T 1.00 
16 7200 Pile T 1.00 
16 7200 Pile T 1.00 
16 7200 Pile T 1.00 
16 7200 Pile T 1.00 
16 7200 Pile T 1.00 
16 7200 Pile T 1.00 
16 7200 Pile T 1.00 
16 7200 Pile T 1.00 
16 7200 Pile T 1.00 
16 7200 Pile T 1.00 
16 7200 Pile T 1.00 
16 7200 Pile T 1.00 
16 7200 Pile T 1.00 
16 7200 Pile T 1.00 
16 7200 Pile T 1.00 
16 7200 Pile T 1.00 
16 7200 Pile T 1.00 
16 7200 Pile T 1.00 
16 7200 Pile T 1.00 
16 7200 Pile T 1.00 
16 7200 Pile T 1.00 
16 7200 Pile T 1.00 
16 7200 Pile T 1.00 
16 7200 Pile T 1.00 
16 7200 Pile T 1.00 
16 7200 Pile T 1.00 
16 7200 Pile T 1.00 
10 7200 PS P1 Idle "" 
10 7200 PS P1 Tr "split-b" 
11 7200 P0 0_1_split-b "3600" TTP C
12 7200 P1 0_1_split-b "3600" TTP C
17 7200 Pile T 1.00 
10 7200 PS P0 Idle "" 
10 7200 PS P0 Exec "b64" 
17 7200 Pile T 1.00 
10 7200 PS P0 Idle "" 
10 7200 PS P0 Exec "b25" 
17 7200 Pile T 1.00 
10 7200 PS P0 Idle "" 
10 7200 PS P0 Exec "b41" 
17 7200 Pile T 1.00 
10 7200 PS P0 Idle "" 
10 7200 PS P0 Exec "b26" 
17 7200 Pile T 1.00 
10 7200 PS P0 Idle "" 
10 7200 PS P0 Exec "b46" 
17 7200 Pile T 1.00 
10 7200 PS P0 Idle "" 
10 7200 PS P0 Exec "b42" 
17 7200 Pile T 1.00 
10 7200 PS P0 Idle "" 
10 7200 PS P0 Exec "b61" 
17 7200 Pile T 1.00 
10 7200 PS P0 Idle "" 
10 7200 PS P0 Exec "b66" 
17 7200 Pile T 1.00 
10 7200 PS P0 Idle "" 
10 7200 PS P0 Exec "b33" 
17 7200 Pile T 1.00 
10 7200 PS P0 Idle "" 
10 7200 PS P0 Exec "b52" 
17 7200 Pile T 1.00 
10 7200 PS P0 Idle "" 
10 7200 PS P0 Exec "b36" 
17 7200 Pile T 1.00 
10 7200 PS P0 Idle "" 
10 7200 PS P0 Exec "b44" 
17 7200 Pile T 1.00 
10 7200 PS P0 Idle "" 
10 7200 PS P0 Exec "b23" 
17 7200 Pile T 1.00 
10 7200 PS P0 Idle "" 
10 7200 PS P0 Exec "b34" 
17 7200 Pile T 1.00 
10 7200 PS P0 Idle "" 
10 7200 PS P0 Exec "b21" 
17 7200 Pile T 1.00 
10 7200 PS P0 Idle "" 
10 7200 PS P0 Exec "b11" 
17 7200 Pile T 1.00 
10 7200 PS P0 Idle "" 
10 7200 PS P0 Exec "b31" 
17 7200 Pile T 1.00 
10 7200 PS P0 Idle "" 
10 7200 PS P0 Exec "b65" 
17 7200 Pile T 1.00 
10 7200 PS P0 Idle "" 
10 7200 PS P0 Exec "b45" 
17 7200 Pile T 1.00 
10 7200 PS P0 Idle "" 
10 7200 PS P0 Exec "b55" 
17 7200 Pile T 1.00 
10 7200 PS P0 Idle "" 
10 7200 PS P0 Exec "b15" 
17 7200 Pile T 1.00 
10 7200 PS P0 Idle "" 
10 7200 PS P0 Exec "b14" 
17 7200 Pile T 1.00 
10 7200 PS P0 Idle "" 
10 7200 PS P0 Exec "b12" 
17 7200 Pile T 1.00 
10 7200 PS P0 Idle "" 
10 7200 PS P0 Exec "b53" 
17 7200 Pile T 1.00 
10 7200 PS P0 Idle "" 
10 7200 PS P0 Exec "b43" 
17 7200 Pile T 1.00 
10 7200 PS P0 Idle "" 
10 7200 PS P0 Exec "b22" 
17 7200 Pile T 1.00 
10 7200 PS P0 Idle "" 
10 7200 PS P0 Exec "b63" 
17 7200 Pile T 1.00 
10 7200 PS P0 Idle "" 
10 7200 PS P0 Exec "b24" 
17 7200 Pile T 1.00 
10 7200 PS P0 Idle "" 
10 7200 PS P0 Exec "b51" 
17 7200 Pile T 1.00 
10 7200 PS P0 Idle "" 
10 7200 PS P0 Exec "b35" 
17 7200 Pile T 1.00 
10 7200 PS P0 Idle "" 
10 7200 PS P0 Tr "split-a" 
11 7200 P1 1_0_split-a "3600" TTP C
12 7200 P0 1_0_split-a "3600" TTP C
10 10800 PS P2 Exec "b13" 
10 10800 PS P3 Exec "b56" 
10 10800 PS P4 Exec "b32" 
10 10800 PS P5 Exec "b62" 
10 10800 PS P1 Exec "b16" 
10 10800 PS P0 Exec "a54" 
17 10800 Pile T 1.00 
10 10800 PS P2 Idle "" 
10 10800 PS P2 Tr "split-a" 
11 10800 P1 1_2_split-a "3600" TTP C
12 10800 P2 1_2_split-a "3600" TTP C
17 10800 Pile T 1.00 
10 10800 PS P3 Idle "" 
10 10800 PS P3 Tr "split-a" 
11 10800 P1 1_3_split-a "3600" TTP C
12 10800 P3 1_3_split-a "3600" TTP C
17 10800 Pile T 1.00 
10 10800 PS P4 Idle "" 
10 10800 PS P4 Tr "split-a" 
11 10800 P1 1_4_split-a "3600" TTP C
12 10800 P4 1_4_split-a "3600" TTP C
17 10800 Pile T 1.00 
10 10800 PS P5 Idle "" 
10 10800 PS P5 Tr "split-a" 
11 10800 P1 1_5_split-a "3600" TTP C
12 10800 P5 1_5_split-a "3600" TTP C
17 10800 Pile T 1.00 
10 10800 PS P1 Idle "" 
10 10800 PS P1 Exec "a26" 
17 10800 Pile T 1.00 
16 10800 Pile T 1.00 
16 10800 Pile T 1.00 
16 10800 Pile T 1.00 
16 10800 Pile T 1.00 
16 10800 Pile T 1.00 
16 10800 Pile T 1.00 
10 10800 PS P0 Idle "" 
10 10800 PS P0 Exec "a63" 
17 10800 Pile T 1.00 
16 10800 Pile T 1.00 
16 10800 Pile T 1.00 
16 10800 Pile T 1.00 
16 10800 Pile T 1.00 
16 10800 Pile T 1.00 
16 10800 Pile T 1.00 
10 10800 PS P1 Idle "" 
10 10800 PS P1 Exec "a62" 
17 10800 Pile T 1.00 
16 10800 Pile T 1.00 
16 10800 Pile T 1.00 
16 10800 Pile T 1.00 
16 10800 Pile T 1.00 
16 10800 Pile T 1.00 
16 10800 Pile T 1.00 
10 10800 PS P0 Idle "" 
10 10800 PS P0 Exec "a66" 
17 10800 Pile T 1.00 
16 10800 Pile T 1.00 
16 10800 Pile T 1.00 
16 10800 Pile T 1.00 
16 10800 Pile T 1.00 
16 10800 Pile T 1.00 
16 10800 Pile T 1.00 
10 10800 PS P1 Idle "" 
10 10800 PS P1 Exec "a11" 
17 10800 Pile T 1.00 
16 10800 Pile T 1.00 
16 10800 Pile T 1.00 
16 10800 Pile T 1.00 
16 10800 Pile T 1.00 
16 10800 Pile T 1.00 
16 10800 Pile T 1.00 
10 10800 PS P0 Idle "" 
10 10800 PS P0 Exec "a12" 
17 10800 Pile T 1.00 
16 10800 Pile T 1.00 
16 10800 Pile T 1.00 
16 10800 Pile T 1.00 
16 10800 Pile T 1.00 
16 10800 Pile T 1.00 
16 10800 Pile T 1.00 
10 10800 PS P1 Idle "" 
10 10800 PS P1 Exec "a52" 
17 10800 Pile T 1.00 
16 10800 Pile T 1.00 
16 10800 Pile T 1.00 
16 10800 Pile T 1.00 
16 10800 Pile T 1.00 
16 10800 Pile T 1.00 
16 10800 Pile T 1.00 
10 10800 PS P0 Idle "" 
10 10800 PS P0 Exec "a13" 
17 10800 Pile T 1.00 
16 10800 Pile T 1.00 
16 10800 Pile T 1.00 
16 10800 Pile T 1.00 
16 10800 Pile T 1.00 
16 10800 Pile T 1.00 
16 10800 Pile T 1.00 
10 10800 PS P1 Idle "" 
10 10800 PS P1 Exec "a31" 
17 10800 Pile T 1.00 
16 10800 Pile T 1.00 
16 10800 Pile T 1.00 
16 10800 Pile T 1.00 
16 10800 Pile T 1.00 
16 10800 Pile T 1.00 
16 10800 Pile T 1.00 
10 10800 PS P0 Idle "" 
10 10800 PS P0 Exec "a61" 
17 10800 Pile T 1.00 
16 10800 Pile T 1.00 
16 10800 Pile T 1.00 
16 10800 Pile T 1.00 
16 10800 Pile T 1.00 
16 10800 Pile T 1.00 
16 10800 Pile T 1.00 
10 10800 PS P1 Idle "" 
10 10800 PS P1 Exec "a35" 
17 10800 Pile T 1.00 
16 10800 Pile T 1.00 
16 10800 Pile T 1.00 
16 10800 Pile T 1.00 
16 10800 Pile T 1.00 
16 10800 Pile T 1.00 
16 10800 Pile T 1.00 
10 10800 PS P0 Idle "" 
10 10800 PS P0 Exec "a56" 
17 10800 Pile T 1.00 
16 10800 Pile T 1.00 
16 10800 Pile T 1.00 
16 10800 Pile T 1.00 
16 10800 Pile T 1.00 
16 10800 Pile T 1.00 
16 10800 Pile T 1.00 
10 10800 PS P1 Idle "" 
10 10800 PS P1 Exec "a14" 
17 10800 Pile T 1.00 
16 10800 Pile T 1.00 
16 10800 Pile T 1.00 
16 10800 Pile T 1.00 
16 10800 Pile T 1.00 
16 10800 Pile T 1.00 
16 10800 Pile T 1.00 
10 10800 PS P0 Idle "" 
10 10800 PS P0 Exec "a25" 
17 10800 Pile T 1.00 
16 10800 Pile T 1.00 
16 10800 Pile T 1.00 
16 10800 Pile T 1.00 
16 10800 Pile T 1.00 
16 10800 Pile T 1.00 
16 10800 Pile T 1.00 
10 10800 PS P1 Idle "" 
10 10800 PS P1 Exec "a55" 
17 10800 Pile T 1.00 
16 10800 Pile T 1.00 
16 10800 Pile T 1.00 
16 10800 Pile T 1.00 
16 10800 Pile T 1.00 
16 10800 Pile T 1.00 
16 10800 Pile T 1.00 
10 10800 PS P0 Idle "" 
10 10800 PS P0 Exec "a53" 
17 10800 Pile T 1.00 
16 10800 Pile T 1.00 
16 10800 Pile T 1.00 
16 10800 Pile T 1.00 
16 10800 Pile T 1.00 
16 10800 Pile T 1.00 
16 10800 Pile T 1.00 
10 10800 PS P1 Idle "" 
10 10800 PS P1 Exec "a21" 
17 10800 Pile T 1.00 
16 10800 Pile T 1.00 
16 10800 Pile T 1.00 
16 10800 Pile T 1.00 
16 10800 Pile T 1.00 
16 10800 Pile T 1.00 
16 10800 Pile T 1.00 
10 10800 PS P0 Idle "" 
10 10800 PS P0 Exec "a36" 
17 10800 Pile T 1.00 
16 10800 Pile T 1.00 
16 10800 Pile T 1.00 
16 10800 Pile T 1.00 
16 10800 Pile T 1.00 
16 10800 Pile T 1.00 
16 10800 Pile T 1.00 
10 10800 PS P1 Idle "" 
10 10800 PS P1 Exec "a32" 
17 10800 Pile T 1.00 
16 10800 Pile T 1.00 
16 10800 Pile T 1.00 
16 10800 Pile T 1.00 
16 10800 Pile T 1.00 
16 10800 Pile T 1.00 
16 10800 Pile T 1.00 
10 10800 PS P0 Idle "" 
10 10800 PS P0 Exec "a15" 
17 10800 Pile T 1.00 
16 10800 Pile T 1.00 
16 10800 Pile T 1.00 
16 10800 Pile T 1.00 
16 10800 Pile T 1.00 
16 10800 Pile T 1.00 
16 10800 Pile T 1.00 
10 10800 PS P1 Idle "" 
10 10800 PS P1 Exec "a16" 
17 10800 Pile T 1.00 
16 10800 Pile T 1.00 
16 10800 Pile T 1.00 
16 10800 Pile T 1.00 
16 10800 Pile T 1.00 
16 10800 Pile T 1.00 
16 10800 Pile T 1.00 
10 10800 PS P0 Idle "" 
10 10800 PS P0 Exec "a24" 
17 10800 Pile T 1.00 
16 10800 Pile T 1.00 
16 10800 Pile T 1.00 
16 10800 Pile T 1.00 
16 10800 Pile T 1.00 
16 10800 Pile T 1.00 
16 10800 Pile T 1.00 
10 10800 PS P1 Idle "" 
10 10800 PS P1 Exec "a43" 
17 10800 Pile T 1.00 
16 10800 Pile T 1.00 
16 10800 Pile T 1.00 
16 10800 Pile T 1.00 
16 10800 Pile T 1.00 
16 10800 Pile T 1.00 
16 10800 Pile T 1.00 
10 10800 PS P0 Idle "" 
10 10800 PS P0 Exec "a65" 
17 10800 Pile T 1.00 
16 10800 Pile T 1.00 
16 10800 Pile T 1.00 
16 10800 Pile T 1.00 
16 10800 Pile T 1.00 
16 10800 Pile T 1.00 
16 10800 Pile T 1.00 
10 10800 PS P1 Idle "" 
10 10800 PS P1 Exec "a41" 
17 10800 Pile T 1.00 
16 10800 Pile T 1.00 
16 10800 Pile T 1.00 
16 10800 Pile T 1.00 
16 10800 Pile T 1.00 
16 10800 Pile T 1.00 
16 10800 Pile T 1.00 
10 10800 PS P0 Idle "" 
10 10800 PS P0 Exec "a34" 
17 10800 Pile T 1.00 
16 10800 Pile T 1.00 
16 10800 Pile T 1.00 
16 10800 Pile T 1.00 
16 10800 Pile T 1.00 
16 10800 Pile T 1.00 
16 10800 Pile T 1.00 
10 10800 PS P1 Idle "" 
10 10800 PS P1 Exec "a45" 
17 10800 Pile T 1.00 
16 10800 Pile T 1.00 
16 10800 Pile T 1.00 
16 10800 Pile T 1.00 
16 10800 Pile T 1.00 
16 10800 Pile T 1.00 
16 10800 Pile T 1.00 
10 10800 PS P0 Idle "" 
10 10800 PS P0 Exec "a23" 
17 10800 Pile T 1.00 
16 10800 Pile T 1.00 
16 10800 Pile T 1.00 
16 10800 Pile T 1.00 
16 10800 Pile T 1.00 
16 10800 Pile T 1.00 
16 10800 Pile T 1.00 
10 10800 PS P1 Idle "" 
10 10800 PS P1 Exec "a42" 
17 10800 Pile T 1.00 
16 10800 Pile T 1.00 
16 10800 Pile T 1.00 
16 10800 Pile T 1.00 
16 10800 Pile T 1.00 
16 10800 Pile T 1.00 
16 10800 Pile T 1.00 
10 10800 PS P0 Idle "" 
10 10800 PS P0 Exec "a46" 
17 10800 Pile T 1.00 
16 10800 Pile T 1.00 
16 10800 Pile T 1.00 
16 10800 Pile T 1.00 
16 10800 Pile T 1.00 
16 10800 Pile T 1.00 
16 10800 Pile T 1.00 
10 10800 PS P1 Idle "" 
10 10800 PS P1 Exec "a44" 
17 10800 Pile T 1.00 
16 10800 Pile T 1.00 
16 10800 Pile T 1.00 
16 10800 Pile T 1.00 
16 10800 Pile T 1.00 
16 10800 Pile T 1.00 
16 10800 Pile T 1.00 
10 10800 PS P0 Idle "" 
10 10800 PS P0 Exec "a54*b42" 
17 10800 Pile T 1.00 
16 10800 Pile T 1.00 
16 10800 Pile T 1.00 
16 10800 Pile T 1.00 
16 10800 Pile T 1.00 
16 10800 Pile T 1.00 
16 10800 Pile T 1.00 
10 10800 PS P1 Idle "" 
10 10800 PS P1 Tr "b43" 
11 10800 P0 0_1_b43 "100" TTP C
12 10800 P1 0_1_b43 "100" TTP C
10 10900 PS P1 Tr "a54" 
11 10900 P0 0_1_a54 "100" TTP C
12 10900 P1 0_1_a54 "100" TTP C
10 11000 PS P1 Exec "a54*b43" 
17 11800 Pile T 1.00 
10 11800 PS P0 Idle "" 
10 11800 PS P0 Exec "a54*b45" 
17 12000 Pile T 1.00 
10 12000 PS P1 Idle "" 
10 12000 PS P1 Tr "b41" 
11 12000 P0 0_1_b41 "100" TTP C
12 12000 P1 0_1_b41 "100" TTP C
10 12100 PS P1 Exec "a54*b41" 
17 12800 Pile T 1.00 
10 12800 PS P0 Idle "" 
10 12800 PS P0 Exec "a54*b46" 
17 13100 Pile T 1.00 
10 13100 PS P1 Idle "" 
10 13100 PS P1 Tr "b44" 
11 13100 P0 0_1_b44 "100" TTP C
12 13100 P1 0_1_b44 "100" TTP C
10 13200 PS P1 Exec "a54*b44" 
17 13800 Pile T 1.00 
10 13800 PS P0 Idle "" 
10 13800 PS P0 Tr "a26" 
11 13800 P1 1_0_a26 "100" TTP C
12 13800 P0 1_0_a26 "100" TTP C
10 13900 PS P0 Exec "a26*b63" 
17 14200 Pile T 1.00 
10 14200 PS P1 Idle "" 
10 14200 PS P1 Tr "b64" 
11 14200 P0 0_1_b64 "100" TTP C
12 14200 P1 0_1_b64 "100" TTP C
10 14300 PS P1 Exec "a26*b64" 
10 14400 PS P2 Exec "a64" 
10 14400 PS P3 Exec "a33" 
10 14400 PS P4 Exec "a22" 
10 14400 PS P5 Exec "a51" 
17 14400 Pile T 1.00 
16 14400 Pile T 1.00 
16 14400 Pile T 1.00 
16 14400 Pile T 1.00 
16 14400 Pile T 1.00 
16 14400 Pile T 1.00 
16 14400 Pile T 1.00 
10 14400 PS P2 Idle "" 
10 14400 PS P2 Tr "b61" 
11 14400 P0 0_2_b61 "100" TTP C
12 14400 P2 0_2_b61 "100" TTP C
17 14400 Pile T 1.00 
16 14400 Pile T 1.00 
16 14400 Pile T 1.00 
16 14400 Pile T 1.00 
16 14400 Pile T 1.00 
16 14400 Pile T 1.00 
16 14400 Pile T 1.00 
10 14400 PS P3 Idle "" 
10 14400 PS P3 Tr "a26" 
11 14400 P1 1_3_a26 "100" TTP C
12 14400 P3 1_3_a26 "100" TTP C
17 14400 Pile T 1.00 
16 14400 Pile T 1.00 
16 14400 Pile T 1.00 
16 14400 Pile T 1.00 
16 14400 Pile T 1.00 
16 14400 Pile T 1.00 
16 14400 Pile T 1.00 
10 14400 PS P4 Idle "" 
10 14400 PS P4 Tr "b62" 
11 14400 P5 5_4_b62 "100" TTP C
12 14400 P4 5_4_b62 "100" TTP C
17 14400 Pile T 1.00 
16 14400 Pile T 1.00 
16 14400 Pile T 1.00 
16 14400 Pile T 1.00 
16 14400 Pile T 1.00 
16 14400 Pile T 1.00 
16 14400 Pile T 1.00 
10 14400 PS P5 Idle "" 
10 14400 PS P5 Tr "a26" 
11 14400 P1 1_5_a26 "100" TTP C
12 14400 P5 1_5_a26 "100" TTP C
10 14500 PS P2 Tr "a26" 
11 14500 P1 1_2_a26 "100" TTP C
12 14500 P2 1_2_a26 "100" TTP C
10 14500 PS P3 Tr "b65" 
11 14500 P0 0_3_b65 "100" TTP C
12 14500 P3 0_3_b65 "100" TTP C
10 14500 PS P4 Tr "a26" 
11 14500 P1 1_4_a26 "100" TTP C
12 14500 P4 1_4_a26 "100" TTP C
10 14500 PS P5 Tr "b66" 
11 14500 P0 0_5_b66 "100" TTP C
12 14500 P5 0_5_b66 "100" TTP C
10 14600 PS P2 Exec "a26*b61" 
10 14600 PS P3 Exec "a26*b65" 
10 14600 PS P4 Exec "a26*b62" 
10 14600 PS P5 Exec "a26*b66" 
17 14900 Pile T 1.00 
10 14900 PS P0 Idle "" 
10 14900 PS P0 Exec "a63*b35" 
17 15300 Pile T 1.00 
10 15300 PS P1 Idle "" 
10 15300 PS P1 Tr "b36" 
11 15300 P0 0_1_b36 "100" TTP C
12 15300 P1 0_1_b36 "100" TTP C
10 15400 PS P1 Tr "a63" 
11 15400 P0 0_1_a63 "100" TTP C
12 15400 P1 0_1_a63 "100" TTP C
10 15500 PS P1 Exec "a63*b36" 
17 15600 Pile T 1.00 
10 15600 PS P2 Idle "" 
10 15600 PS P2 Tr "b33" 
11 15600 P0 0_2_b33 "100" TTP C
12 15600 P2 0_2_b33 "100" TTP C
17 15600 Pile T 1.00 
10 15600 PS P3 Idle "" 
10 15600 PS P3 Tr "b32" 
11 15600 P4 4_3_b32 "100" TTP C
12 15600 P3 4_3_b32 "100" TTP C
17 15600 Pile T 1.00 
10 15600 PS P4 Idle "" 
10 15600 PS P4 Tr "a63" 
11 15600 P0 0_4_a63 "100" TTP C
12 15600 P4 0_4_a63 "100" TTP C
17 15600 Pile T 1.00 
10 15600 PS P5 Idle "" 
10 15600 PS P5 Tr "b34" 
11 15600 P0 0_5_b34 "100" TTP C
12 15600 P5 0_5_b34 "100" TTP C
10 15700 PS P2 Tr "a63" 
11 15700 P0 0_2_a63 "100" TTP C
12 15700 P2 0_2_a63 "100" TTP C
10 15700 PS P3 Tr "a63" 
11 15700 P0 0_3_a63 "100" TTP C
12 15700 P3 0_3_a63 "100" TTP C
10 15700 PS P4 Tr "b31" 
11 15700 P0 0_4_b31 "100" TTP C
12 15700 P4 0_4_b31 "100" TTP C
10 15700 PS P5 Tr "a63" 
11 15700 P0 0_5_a63 "100" TTP C
12 15700 P5 0_5_a63 "100" TTP C
10 15800 PS P2 Exec "a63*b33" 
10 15800 PS P3 Exec "a63*b32" 
10 15800 PS P4 Exec "a63*b31" 
10 15800 PS P5 Exec "a63*b34" 
17 15900 Pile T 1.00 
10 15900 PS P0 Idle "" 
10 15900 PS P0 Tr "a62" 
11 15900 P1 1_0_a62 "100" TTP C
12 15900 P0 1_0_a62 "100" TTP C
10 16000 PS P0 Exec "a62*b26" 
17 16500 Pile T 1.00 
10 16500 PS P1 Idle "" 
10 16500 PS P1 Tr "b21" 
11 16500 P0 0_1_b21 "100" TTP C
12 16500 P1 0_1_b21 "100" TTP C
10 16600 PS P1 Exec "a62*b21" 
17 16800 Pile T 1.00 
10 16800 PS P2 Idle "" 
10 16800 PS P2 Tr "a62" 
11 16800 P1 1_2_a62 "100" TTP C
12 16800 P2 1_2_a62 "100" TTP C
17 16800 Pile T 1.00 
10 16800 PS P3 Idle "" 
10 16800 PS P3 Tr "a62" 
11 16800 P1 1_3_a62 "100" TTP C
12 16800 P3 1_3_a62 "100" TTP C
17 16800 Pile T 1.00 
10 16800 PS P4 Idle "" 
10 16800 PS P4 Tr "a62" 
11 16800 P1 1_4_a62 "100" TTP C
12 16800 P4 1_4_a62 "100" TTP C
17 16800 Pile T 1.00 
10 16800 PS P5 Idle "" 
10 16800 PS P5 Tr "a62" 
11 16800 P1 1_5_a62 "100" TTP C
12 16800 P5 1_5_a62 "100" TTP C
10 16900 PS P2 Tr "b23" 
11 16900 P0 0_2_b23 "100" TTP C
12 16900 P2 0_2_b23 "100" TTP C
10 16900 PS P3 Tr "b22" 
11 16900 P0 0_3_b22 "100" TTP C
12 16900 P3 0_3_b22 "100" TTP C
10 16900 PS P4 Tr "b25" 
11 16900 P0 0_4_b25 "100" TTP C
12 16900 P4 0_4_b25 "100" TTP C
10 16900 PS P5 Tr "b24" 
11 16900 P0 0_5_b24 "100" TTP C
12 16900 P5 0_5_b24 "100" TTP C
17 17000 Pile T 1.00 
10 17000 PS P0 Idle "" 
10 17000 PS P0 Exec "a66*b61" 
10 17000 PS P2 Exec "a62*b23" 
10 17000 PS P3 Exec "a62*b22" 
10 17000 PS P4 Exec "a62*b25" 
10 17000 PS P5 Exec "a62*b24" 
17 17600 Pile T 1.00 
10 17600 PS P1 Idle "" 
10 17600 PS P1 Tr "a66" 
11 17600 P0 0_1_a66 "100" TTP C
12 17600 P1 0_1_a66 "100" TTP C
10 17700 PS P1 Tr "b62" 
11 17700 P5 5_1_b62 "100" TTP C
12 17700 P1 5_1_b62 "100" TTP C
10 17800 PS P1 Exec "a66*b62" 
17 18000 Pile T 1.00 
10 18000 PS P0 Idle "" 
10 18000 PS P0 Exec "a66*b63" 
17 18000 Pile T 1.00 
10 18000 PS P2 Idle "" 
10 18000 PS P2 Tr "b64" 
11 18000 P0 0_2_b64 "100" TTP C
12 18000 P2 0_2_b64 "100" TTP C
17 18000 Pile T 1.00 
10 18000 PS P3 Idle "" 
10 18000 PS P3 Tr "a66" 
11 18000 P0 0_3_a66 "100" TTP C
12 18000 P3 0_3_a66 "100" TTP C
17 18000 Pile T 1.00 
10 18000 PS P4 Idle "" 
10 18000 PS P4 Tr "b66" 
11 18000 P0 0_4_b66 "100" TTP C
12 18000 P4 0_4_b66 "100" TTP C
17 18000 Pile T 1.00 
10 18000 PS P5 Idle "" 
10 18000 PS P5 Tr "b13" 
11 18000 P2 2_5_b13 "100" TTP C
12 18000 P5 2_5_b13 "100" TTP C
10 18100 PS P2 Tr "a66" 
11 18100 P0 0_2_a66 "100" TTP C
12 18100 P2 0_2_a66 "100" TTP C
10 18100 PS P3 Exec "a66*b65" 
10 18100 PS P4 Tr "a66" 
11 18100 P0 0_4_a66 "100" TTP C
12 18100 P4 0_4_a66 "100" TTP C
10 18100 PS P5 Tr "a11" 
11 18100 P1 1_5_a11 "100" TTP C
12 18100 P5 1_5_a11 "100" TTP C
10 18200 PS P2 Exec "a66*b64" 
10 18200 PS P4 Exec "a66*b66" 
10 18200 PS P5 Exec "a11*b13" 
17 18800 Pile T 1.00 
10 18800 PS P1 Idle "" 
10 18800 PS P1 Tr "b11" 
11 18800 P0 0_1_b11 "100" TTP C
12 18800 P1 0_1_b11 "100" TTP C
10 18900 PS P1 Exec "a11*b11" 
17 19000 Pile T 1.00 
10 19000 PS P0 Idle "" 
10 19000 PS P0 Tr "a11" 
11 19000 P1 1_0_a11 "100" TTP C
12 19000 P0 1_0_a11 "100" TTP C
17 19100 Pile T 1.00 
10 19100 PS P3 Idle "" 
10 19100 PS P3 Tr "b16" 
11 19100 P1 1_3_b16 "100" TTP C
12 19100 P3 1_3_b16 "100" TTP C
10 19100 PS P0 Exec "a11*b14" 
17 19200 Pile T 1.00 
10 19200 PS P2 Idle "" 
10 19200 PS P2 Tr "b15" 
11 19200 P0 0_2_b15 "100" TTP C
12 19200 P2 0_2_b15 "100" TTP C
17 19200 Pile T 1.00 
10 19200 PS P4 Idle "" 
10 19200 PS P4 Tr "b12" 
11 19200 P0 0_4_b12 "100" TTP C
12 19200 P4 0_4_b12 "100" TTP C
17 19200 Pile T 1.00 
10 19200 PS P5 Idle "" 
10 19200 PS P5 Tr "a12" 
11 19200 P0 0_5_a12 "100" TTP C
12 19200 P5 0_5_a12 "100" TTP C
10 19200 PS P3 Tr "a11" 
11 19200 P1 1_3_a11 "100" TTP C
12 19200 P3 1_3_a11 "100" TTP C
10 19300 PS P2 Tr "a11" 
11 19300 P1 1_2_a11 "100" TTP C
12 19300 P2 1_2_a11 "100" TTP C
10 19300 PS P4 Tr "a11" 
11 19300 P1 1_4_a11 "100" TTP C
12 19300 P4 1_4_a11 "100" TTP C
10 19300 PS P5 Exec "a12*b24" 
10 19300 PS P3 Exec "a11*b16" 
10 19400 PS P2 Exec "a11*b15" 
10 19400 PS P4 Exec "a11*b12" 
17 19900 Pile T 1.00 
10 19900 PS P1 Idle "" 
10 19900 PS P1 Tr "a12" 
11 19900 P0 0_1_a12 "100" TTP C
12 19900 P1 0_1_a12 "100" TTP C
10 20000 PS P1 Exec "a12*b21" 
17 20100 Pile T 1.00 
10 20100 PS P0 Idle "" 
10 20100 PS P0 Exec "a12*b26" 
17 20300 Pile T 1.00 
10 20300 PS P5 Idle "" 
10 20300 PS P5 Tr "b23" 
11 20300 P0 0_5_b23 "100" TTP C
12 20300 P5 0_5_b23 "100" TTP C
17 20300 Pile T 1.00 
10 20300 PS P3 Idle "" 
10 20300 PS P3 Tr "a12" 
11 20300 P0 0_3_a12 "100" TTP C
12 20300 P3 0_3_a12 "100" TTP C
17 20400 Pile T 1.00 
10 20400 PS P2 Idle "" 
10 20400 PS P2 Tr "a12" 
11 20400 P0 0_2_a12 "100" TTP C
12 20400 P2 0_2_a12 "100" TTP C
17 20400 Pile T 1.00 
10 20400 PS P4 Idle "" 
10 20400 PS P4 Tr "a52" 
11 20400 P1 1_4_a52 "100" TTP C
12 20400 P4 1_4_a52 "100" TTP C
10 20400 PS P5 Exec "a12*b23" 
10 20400 PS P3 Exec "a12*b22" 
10 20500 PS P2 Tr "b25" 
11 20500 P0 0_2_b25 "100" TTP C
12 20500 P2 0_2_b25 "100" TTP C
10 20500 PS P4 Tr "b22" 
11 20500 P0 0_4_b22 "100" TTP C
12 20500 P4 0_4_b22 "100" TTP C
10 20600 PS P2 Exec "a12*b25" 
10 20600 PS P4 Exec "a52*b22" 
17 21000 Pile T 1.00 
10 21000 PS P1 Idle "" 
10 21000 PS P1 Tr "b26" 
11 21000 P0 0_1_b26 "100" TTP C
12 21000 P1 0_1_b26 "100" TTP C
17 21100 Pile T 1.00 
10 21100 PS P0 Idle "" 
10 21100 PS P0 Tr "a52" 
11 21100 P1 1_0_a52 "100" TTP C
12 21100 P0 1_0_a52 "100" TTP C
10 21100 PS P1 Exec "a52*b26" 
10 21200 PS P0 Exec "a52*b25" 
17 21400 Pile T 1.00 
10 21400 PS P5 Idle "" 
10 21400 PS P5 Tr "a52" 
11 21400 P1 1_5_a52 "100" TTP C
12 21400 P5 1_5_a52 "100" TTP C
17 21400 Pile T 1.00 
10 21400 PS P3 Idle "" 
10 21400 PS P3 Tr "a52" 
11 21400 P1 1_3_a52 "100" TTP C
12 21400 P3 1_3_a52 "100" TTP C
10 21500 PS P5 Exec "a52*b23" 
10 21500 PS P3 Tr "b21" 
11 21500 P0 0_3_b21 "100" TTP C
12 21500 P3 0_3_b21 "100" TTP C
17 21600 Pile T 1.00 
10 21600 PS P2 Idle "" 
10 21600 PS P2 Tr "b24" 
11 21600 P0 0_2_b24 "100" TTP C
12 21600 P2 0_2_b24 "100" TTP C
17 21600 Pile T 1.00 
10 21600 PS P4 Idle "" 
10 21600 PS P4 Tr "a13" 
11 21600 P0 0_4_a13 "100" TTP C
12 21600 P4 0_4_a13 "100" TTP C
10 21600 PS P3 Exec "a52*b21" 
10 21700 PS P2 Tr "a52" 
11 21700 P1 1_2_a52 "100" TTP C
12 21700 P2 1_2_a52 "100" TTP C
10 21700 PS P4 Tr "b34" 
11 21700 P0 0_4_b34 "100" TTP C
12 21700 P4 0_4_b34 "100" TTP C
10 21800 PS P2 Exec "a52*b24" 
10 21800 PS P4 Exec "a13*b34" 
17 22100 Pile T 1.00 
10 22100 PS P1 Idle "" 
10 22100 PS P1 Tr "a13" 
11 22100 P0 0_1_a13 "100" TTP C
12 22100 P1 0_1_a13 "100" TTP C
17 22200 Pile T 1.00 
10 22200 PS P0 Idle "" 
10 22200 PS P0 Exec "a13*b31" 
10 22200 PS P1 Exec "a13*b36" 
17 22500 Pile T 1.00 
10 22500 PS P5 Idle "" 
10 22500 PS P5 Tr "a13" 
11 22500 P0 0_5_a13 "100" TTP C
12 22500 P5 0_5_a13 "100" TTP C
17 22600 Pile T 1.00 
10 22600 PS P3 Idle "" 
10 22600 PS P3 Tr "a13" 
11 22600 P0 0_3_a13 "100" TTP C
12 22600 P3 0_3_a13 "100" TTP C
10 22600 PS P5 Tr "b33" 
11 22600 P0 0_5_b33 "100" TTP C
12 22600 P5 0_5_b33 "100" TTP C
10 22700 PS P3 Tr "b35" 
11 22700 P0 0_3_b35 "100" TTP C
12 22700 P3 0_3_b35 "100" TTP C
10 22700 PS P5 Exec "a13*b33" 
17 22800 Pile T 1.00 
10 22800 PS P2 Idle "" 
10 22800 PS P2 Tr "a13" 
11 22800 P0 0_2_a13 "100" TTP C
12 22800 P2 0_2_a13 "100" TTP C
17 22800 Pile T 1.00 
10 22800 PS P4 Idle "" 
10 22800 PS P4 Tr "a31" 
11 22800 P1 1_4_a31 "100" TTP C
12 22800 P4 1_4_a31 "100" TTP C
10 22800 PS P3 Exec "a13*b35" 
10 22900 PS P2 Tr "b32" 
11 22900 P4 4_2_b32 "100" TTP C
12 22900 P2 4_2_b32 "100" TTP C
10 22900 PS P4 Tr "b15" 
11 22900 P0 0_4_b15 "100" TTP C
12 22900 P4 0_4_b15 "100" TTP C
10 23000 PS P2 Exec "a13*b32" 
10 23000 PS P4 Exec "a31*b15" 
17 23200 Pile T 1.00 
10 23200 PS P0 Idle "" 
10 23200 PS P0 Tr "a31" 
11 23200 P1 1_0_a31 "100" TTP C
12 23200 P0 1_0_a31 "100" TTP C
17 23200 Pile T 1.00 
10 23200 PS P1 Idle "" 
10 23200 PS P1 Exec "a31*b16" 
10 23300 PS P0 Exec "a31*b12" 
17 23700 Pile T 1.00 
10 23700 PS P5 Idle "" 
10 23700 PS P5 Tr "b11" 
11 23700 P0 0_5_b11 "100" TTP C
12 23700 P5 0_5_b11 "100" TTP C
17 23800 Pile T 1.00 
10 23800 PS P3 Idle "" 
10 23800 PS P3 Tr "b14" 
11 23800 P0 0_3_b14 "100" TTP C
12 23800 P3 0_3_b14 "100" TTP C
10 23800 PS P5 Tr "a31" 
11 23800 P1 1_5_a31 "100" TTP C
12 23800 P5 1_5_a31 "100" TTP C
10 23900 PS P3 Tr "a31" 
11 23900 P1 1_3_a31 "100" TTP C
12 23900 P3 1_3_a31 "100" TTP C
10 23900 PS P5 Exec "a31*b11" 
17 24000 Pile T 1.00 
10 24000 PS P2 Idle "" 
10 24000 PS P2 Tr "a31" 
11 24000 P1 1_2_a31 "100" TTP C
12 24000 P2 1_2_a31 "100" TTP C
17 24000 Pile T 1.00 
10 24000 PS P4 Idle "" 
10 24000 PS P4 Tr "a61" 
11 24000 P0 0_4_a61 "100" TTP C
12 24000 P4 0_4_a61 "100" TTP C
10 24000 PS P3 Exec "a31*b14" 
10 24100 PS P2 Exec "a31*b13" 
10 24100 PS P4 Tr "b16" 
11 24100 P1 1_4_b16 "100" TTP C
12 24100 P4 1_4_b16 "100" TTP C
17 24200 Pile T 1.00 
10 24200 PS P1 Idle "" 
10 24200 PS P1 Tr "b13" 
11 24200 P2 2_1_b13 "100" TTP C
12 24200 P1 2_1_b13 "100" TTP C
10 24200 PS P4 Exec "a61*b16" 
17 24300 Pile T 1.00 
10 24300 PS P0 Idle "" 
10 24300 PS P0 Exec "a61*b14" 
10 24300 PS P1 Tr "a61" 
11 24300 P0 0_1_a61 "100" TTP C
12 24300 P1 0_1_a61 "100" TTP C
10 24400 PS P1 Exec "a61*b13" 
17 24900 Pile T 1.00 
10 24900 PS P5 Idle "" 
10 24900 PS P5 Tr "a61" 
11 24900 P0 0_5_a61 "100" TTP C
12 24900 P5 0_5_a61 "100" TTP C
17 25000 Pile T 1.00 
10 25000 PS P3 Idle "" 
10 25000 PS P3 Tr "a61" 
11 25000 P0 0_3_a61 "100" TTP C
12 25000 P3 0_3_a61 "100" TTP C
10 25000 PS P5 Exec "a61*b11" 
17 25100 Pile T 1.00 
10 25100 PS P2 Idle "" 
10 25100 PS P2 Tr "a61" 
11 25100 P0 0_2_a61 "100" TTP C
12 25100 P2 0_2_a61 "100" TTP C
10 25100 PS P3 Tr "b12" 
11 25100 P0 0_3_b12 "100" TTP C
12 25100 P3 0_3_b12 "100" TTP C
17 25200 Pile T 1.00 
10 25200 PS P4 Idle "" 
10 25200 PS P4 Tr "b52" 
11 25200 P0 0_4_b52 "100" TTP C
12 25200 P4 0_4_b52 "100" TTP C
10 25200 PS P2 Exec "a61*b15" 
10 25200 PS P3 Exec "a61*b12" 
17 25300 Pile T 1.00 
10 25300 PS P0 Idle "" 
10 25300 PS P0 Tr "a35" 
11 25300 P1 1_0_a35 "100" TTP C
12 25300 P0 1_0_a35 "100" TTP C
10 25300 PS P4 Tr "a35" 
11 25300 P1 1_4_a35 "100" TTP C
12 25300 P4 1_4_a35 "100" TTP C
17 25400 Pile T 1.00 
10 25400 PS P1 Idle "" 
10 25400 PS P1 Tr "b51" 
11 25400 P0 0_1_b51 "100" TTP C
12 25400 P1 0_1_b51 "100" TTP C
10 25400 PS P0 Exec "a35*b54" 
10 25400 PS P4 Exec "a35*b52" 
10 25500 PS P1 Exec "a35*b51" 
17 26000 Pile T 1.00 
10 26000 PS P5 Idle "" 
10 26000 PS P5 Tr "a35" 
11 26000 P1 1_5_a35 "100" TTP C
12 26000 P5 1_5_a35 "100" TTP C
10 26100 PS P5 Tr "b55" 
11 26100 P0 0_5_b55 "100" TTP C
12 26100 P5 0_5_b55 "100" TTP C
17 26200 Pile T 1.00 
10 26200 PS P2 Idle "" 
10 26200 PS P2 Tr "a35" 
11 26200 P1 1_2_a35 "100" TTP C
12 26200 P2 1_2_a35 "100" TTP C
17 26200 Pile T 1.00 
10 26200 PS P3 Idle "" 
10 26200 PS P3 Tr "a35" 
11 26200 P1 1_3_a35 "100" TTP C
12 26200 P3 1_3_a35 "100" TTP C
10 26200 PS P5 Exec "a35*b55" 
10 26300 PS P2 Tr "b53" 
11 26300 P0 0_2_b53 "100" TTP C
12 26300 P2 0_2_b53 "100" TTP C
10 26300 PS P3 Exec "a35*b56" 
17 26400 Pile T 1.00 
10 26400 PS P0 Idle "" 
10 26400 PS P0 Exec "a56*b64" 
17 26400 Pile T 1.00 
10 26400 PS P4 Idle "" 
10 26400 PS P4 Tr "b61" 
11 26400 P0 0_4_b61 "100" TTP C
12 26400 P4 0_4_b61 "100" TTP C
10 26400 PS P2 Exec "a35*b53" 
17 26500 Pile T 1.00 
10 26500 PS P1 Idle "" 
10 26500 PS P1 Tr "b65" 
11 26500 P0 0_1_b65 "100" TTP C
12 26500 P1 0_1_b65 "100" TTP C
10 26500 PS P4 Tr "a56" 
11 26500 P0 0_4_a56 "100" TTP C
12 26500 P4 0_4_a56 "100" TTP C
10 26600 PS P1 Tr "a56" 
11 26600 P0 0_1_a56 "100" TTP C
12 26600 P1 0_1_a56 "100" TTP C
10 26600 PS P4 Exec "a56*b61" 
10 26700 PS P1 Exec "a56*b65" 
17 27200 Pile T 1.00 
10 27200 PS P5 Idle "" 
10 27200 PS P5 Tr "a56" 
11 27200 P0 0_5_a56 "100" TTP C
12 27200 P5 0_5_a56 "100" TTP C
17 27300 Pile T 1.00 
10 27300 PS P3 Idle "" 
10 27300 PS P3 Tr "a56" 
11 27300 P0 0_3_a56 "100" TTP C
12 27300 P3 0_3_a56 "100" TTP C
10 27300 PS P5 Exec "a56*b66" 
17 27400 Pile T 1.00 
10 27400 PS P0 Idle "" 
10 27400 PS P0 Exec "a56*b63" 
17 27400 Pile T 1.00 
10 27400 PS P2 Idle "" 
10 27400 PS P2 Tr "b44" 
11 27400 P0 0_2_b44 "100" TTP C
12 27400 P2 0_2_b44 "100" TTP C
10 27400 PS P3 Tr "b62" 
11 27400 P5 5_3_b62 "100" TTP C
12 27400 P3 5_3_b62 "100" TTP C
10 27500 PS P2 Tr "a14" 
11 27500 P1 1_2_a14 "100" TTP C
12 27500 P2 1_2_a14 "100" TTP C
10 27500 PS P3 Exec "a56*b62" 
17 27600 Pile T 1.00 
10 27600 PS P4 Idle "" 
10 27600 PS P4 Tr "a14" 
11 27600 P1 1_4_a14 "100" TTP C
12 27600 P4 1_4_a14 "100" TTP C
10 27600 PS P2 Exec "a14*b44" 
17 27700 Pile T 1.00 
10 27700 PS P1 Idle "" 
10 27700 PS P1 Tr "b42" 
11 27700 P0 0_1_b42 "100" TTP C
12 27700 P1 0_1_b42 "100" TTP C
10 27700 PS P4 Tr "b41" 
11 27700 P0 0_4_b41 "100" TTP C
12 27700 P4 0_4_b41 "100" TTP C
10 27800 PS P1 Exec "a14*b42" 
10 27800 PS P4 Exec "a14*b41" 
17 28300 Pile T 1.00 
10 28300 PS P5 Idle "" 
10 28300 PS P5 Tr "b46" 
11 28300 P0 0_5_b46 "100" TTP C
12 28300 P5 0_5_b46 "100" TTP C
17 28400 Pile T 1.00 
10 28400 PS P0 Idle "" 
10 28400 PS P0 Tr "a14" 
11 28400 P1 1_0_a14 "100" TTP C
12 28400 P0 1_0_a14 "100" TTP C
10 28400 PS P5 Tr "a14" 
11 28400 P1 1_5_a14 "100" TTP C
12 28400 P5 1_5_a14 "100" TTP C
17 28500 Pile T 1.00 
10 28500 PS P3 Idle "" 
10 28500 PS P3 Tr "a14" 
11 28500 P1 1_3_a14 "100" TTP C
12 28500 P3 1_3_a14 "100" TTP C
10 28500 PS P0 Exec "a14*b45" 
10 28500 PS P5 Exec "a14*b46" 
17 28600 Pile T 1.00 
10 28600 PS P2 Idle "" 
10 28600 PS P2 Tr "b54" 
11 28600 P0 0_2_b54 "100" TTP C
12 28600 P2 0_2_b54 "100" TTP C
10 28600 PS P3 Tr "b43" 
11 28600 P0 0_3_b43 "100" TTP C
12 28600 P3 0_3_b43 "100" TTP C
10 28700 PS P2 Tr "a25" 
11 28700 P0 0_2_a25 "100" TTP C
12 28700 P2 0_2_a25 "100" TTP C
10 28700 PS P3 Exec "a14*b43" 
17 28800 Pile T 1.00 
10 28800 PS P1 Idle "" 
10 28800 PS P1 Tr "b53" 
11 28800 P0 0_1_b53 "100" TTP C
12 28800 P1 0_1_b53 "100" TTP C
17 28800 Pile T 1.00 
10 28800 PS P4 Idle "" 
10 28800 PS P4 Tr "b55" 
11 28800 P0 0_4_b55 "100" TTP C
12 28800 P4 0_4_b55 "100" TTP C
10 28800 PS P2 Exec "a25*b54" 
10 28900 PS P1 Tr "a25" 
11 28900 P0 0_1_a25 "100" TTP C
12 28900 P1 0_1_a25 "100" TTP C
10 28900 PS P4 Tr "a25" 
11 28900 P0 0_4_a25 "100" TTP C
12 28900 P4 0_4_a25 "100" TTP C
10 29000 PS P1 Exec "a25*b53" 
10 29000 PS P4 Exec "a25*b55" 
17 29500 Pile T 1.00 
10 29500 PS P0 Idle "" 
10 29500 PS P0 Exec "a25*b52" 
17 29500 Pile T 1.00 
10 29500 PS P5 Idle "" 
10 29500 PS P5 Tr "a25" 
11 29500 P0 0_5_a25 "100" TTP C
12 29500 P5 0_5_a25 "100" TTP C
10 29600 PS P5 Tr "b56" 
11 29600 P3 3_5_b56 "100" TTP C
12 29600 P5 3_5_b56 "100" TTP C
17 29700 Pile T 1.00 
10 29700 PS P3 Idle "" 
10 29700 PS P3 Tr "b51" 
11 29700 P0 0_3_b51 "100" TTP C
12 29700 P3 0_3_b51 "100" TTP C
10 29700 PS P5 Exec "a25*b56" 
17 29800 Pile T 1.00 
10 29800 PS P2 Idle "" 
10 29800 PS P2 Tr "b56" 
11 29800 P3 3_2_b56 "100" TTP C
12 29800 P2 3_2_b56 "100" TTP C
10 29800 PS P3 Tr "a25" 
11 29800 P0 0_3_a25 "100" TTP C
12 29800 P3 0_3_a25 "100" TTP C
10 29900 PS P2 Tr "a55" 
11 29900 P1 1_2_a55 "100" TTP C
12 29900 P2 1_2_a55 "100" TTP C
10 29900 PS P3 Exec "a25*b51" 
17 30000 Pile T 1.00 
10 30000 PS P1 Idle "" 
10 30000 PS P1 Exec "a55*b51" 
17 30000 Pile T 1.00 
10 30000 PS P4 Idle "" 
10 30000 PS P4 Tr "a55" 
11 30000 P1 1_4_a55 "100" TTP C
12 30000 P4 1_4_a55 "100" TTP C
10 30000 PS P2 Exec "a55*b56" 
10 30100 PS P4 Exec "a55*b55" 
17 30500 Pile T 1.00 
10 30500 PS P0 Idle "" 
10 30500 PS P0 Tr "a55" 
11 30500 P1 1_0_a55 "100" TTP C
12 30500 P0 1_0_a55 "100" TTP C
10 30600 PS P0 Exec "a55*b53" 
17 30700 Pile T 1.00 
10 30700 PS P5 Idle "" 
10 30700 PS P5 Tr "b54" 
11 30700 P0 0_5_b54 "100" TTP C
12 30700 P5 0_5_b54 "100" TTP C
10 30800 PS P5 Tr "a55" 
11 30800 P1 1_5_a55 "100" TTP C
12 30800 P5 1_5_a55 "100" TTP C
17 30900 Pile T 1.00 
10 30900 PS P3 Idle "" 
10 30900 PS P3 Tr "b52" 
11 30900 P0 0_3_b52 "100" TTP C
12 30900 P3 0_3_b52 "100" TTP C
10 30900 PS P5 Exec "a55*b54" 
17 31000 Pile T 1.00 
10 31000 PS P1 Idle "" 
10 31000 PS P1 Tr "b34" 
11 31000 P0 0_1_b34 "100" TTP C
12 31000 P1 0_1_b34 "100" TTP C
17 31000 Pile T 1.00 
10 31000 PS P2 Idle "" 
10 31000 PS P2 Tr "a53" 
11 31000 P0 0_2_a53 "100" TTP C
12 31000 P2 0_2_a53 "100" TTP C
10 31000 PS P3 Tr "a55" 
11 31000 P1 1_3_a55 "100" TTP C
12 31000 P3 1_3_a55 "100" TTP C
17 31100 Pile T 1.00 
10 31100 PS P4 Idle "" 
10 31100 PS P4 Tr "a53" 
11 31100 P0 0_4_a53 "100" TTP C
12 31100 P4 0_4_a53 "100" TTP C
10 31100 PS P1 Tr "a53" 
11 31100 P0 0_1_a53 "100" TTP C
12 31100 P1 0_1_a53 "100" TTP C
10 31100 PS P2 Exec "a53*b32" 
10 31100 PS P3 Exec "a55*b52" 
10 31200 PS P4 Tr "b35" 
11 31200 P0 0_4_b35 "100" TTP C
12 31200 P4 0_4_b35 "100" TTP C
10 31200 PS P1 Exec "a53*b34" 
10 31300 PS P4 Exec "a53*b35" 
17 31600 Pile T 1.00 
10 31600 PS P0 Idle "" 
10 31600 PS P0 Exec "a53*b31" 
17 31900 Pile T 1.00 
10 31900 PS P5 Idle "" 
10 31900 PS P5 Tr "a53" 
11 31900 P0 0_5_a53 "100" TTP C
12 31900 P5 0_5_a53 "100" TTP C
10 32000 PS P5 Exec "a53*b33" 
17 32100 Pile T 1.00 
10 32100 PS P2 Idle "" 
10 32100 PS P2 Tr "b36" 
11 32100 P0 0_2_b36 "100" TTP C
12 32100 P2 0_2_b36 "100" TTP C
17 32100 Pile T 1.00 
10 32100 PS P3 Idle "" 
10 32100 PS P3 Tr "a21" 
11 32100 P1 1_3_a21 "100" TTP C
12 32100 P3 1_3_a21 "100" TTP C
17 32200 Pile T 1.00 
10 32200 PS P1 Idle "" 
10 32200 PS P1 Exec "a21*b11" 
10 32200 PS P2 Exec "a53*b36" 
10 32200 PS P3 Tr "b13" 
11 32200 P2 2_3_b13 "100" TTP C
12 32200 P3 2_3_b13 "100" TTP C
17 32300 Pile T 1.00 
10 32300 PS P4 Idle "" 
10 32300 PS P4 Tr "a21" 
11 32300 P1 1_4_a21 "100" TTP C
12 32300 P4 1_4_a21 "100" TTP C
10 32300 PS P3 Exec "a21*b13" 
10 32400 PS P4 Exec "a21*b12" 
17 32600 Pile T 1.00 
10 32600 PS P0 Idle "" 
10 32600 PS P0 Tr "a21" 
11 32600 P1 1_0_a21 "100" TTP C
12 32600 P0 1_0_a21 "100" TTP C
10 32700 PS P0 Tr "b16" 
11 32700 P1 1_0_b16 "100" TTP C
12 32700 P0 1_0_b16 "100" TTP C
10 32800 PS P0 Exec "a21*b16" 
17 33000 Pile T 1.00 
10 33000 PS P5 Idle "" 
10 33000 PS P5 Tr "b14" 
11 33000 P0 0_5_b14 "100" TTP C
12 33000 P5 0_5_b14 "100" TTP C
10 33100 PS P5 Tr "a21" 
11 33100 P1 1_5_a21 "100" TTP C
12 33100 P5 1_5_a21 "100" TTP C
17 33200 Pile T 1.00 
10 33200 PS P1 Idle "" 
10 33200 PS P1 Tr "b15" 
11 33200 P0 0_1_b15 "100" TTP C
12 33200 P1 0_1_b15 "100" TTP C
17 33200 Pile T 1.00 
10 33200 PS P2 Idle "" 
10 33200 PS P2 Tr "b66" 
11 33200 P0 0_2_b66 "100" TTP C
12 33200 P2 0_2_b66 "100" TTP C
10 33200 PS P5 Exec "a21*b14" 
17 33300 Pile T 1.00 
10 33300 PS P3 Idle "" 
10 33300 PS P3 Tr "a36" 
11 33300 P0 0_3_a36 "100" TTP C
12 33300 P3 0_3_a36 "100" TTP C
10 33300 PS P1 Exec "a21*b15" 
10 33300 PS P2 Tr "a36" 
11 33300 P0 0_2_a36 "100" TTP C
12 33300 P2 0_2_a36 "100" TTP C
17 33400 Pile T 1.00 
10 33400 PS P4 Idle "" 
10 33400 PS P4 Tr "b65" 
11 33400 P0 0_4_b65 "100" TTP C
12 33400 P4 0_4_b65 "100" TTP C
10 33400 PS P3 Exec "a36*b62" 
10 33400 PS P2 Exec "a36*b66" 
10 33500 PS P4 Tr "a36" 
11 33500 P0 0_4_a36 "100" TTP C
12 33500 P4 0_4_a36 "100" TTP C
10 33600 PS P4 Exec "a36*b65" 
17 33800 Pile T 1.00 
10 33800 PS P0 Idle "" 
10 33800 PS P0 Exec "a36*b64" 
17 34200 Pile T 1.00 
10 34200 PS P5 Idle "" 
10 34200 PS P5 Tr "a36" 
11 34200 P0 0_5_a36 "100" TTP C
12 34200 P5 0_5_a36 "100" TTP C
17 34300 Pile T 1.00 
10 34300 PS P1 Idle "" 
10 34300 PS P1 Tr "a36" 
11 34300 P0 0_1_a36 "100" TTP C
12 34300 P1 0_1_a36 "100" TTP C
10 34300 PS P5 Tr "b63" 
11 34300 P0 0_5_b63 "100" TTP C
12 34300 P5 0_5_b63 "100" TTP C
17 34400 Pile T 1.00 
10 34400 PS P3 Idle "" 
10 34400 PS P3 Tr "a32" 
11 34400 P1 1_3_a32 "100" TTP C
12 34400 P3 1_3_a32 "100" TTP C
17 34400 Pile T 1.00 
10 34400 PS P2 Idle "" 
10 34400 PS P2 Tr "a32" 
11 34400 P1 1_2_a32 "100" TTP C
12 34400 P2 1_2_a32 "100" TTP C
10 34400 PS P1 Tr "b61" 
11 34400 P0 0_1_b61 "100" TTP C
12 34400 P1 0_1_b61 "100" TTP C
10 34400 PS P5 Exec "a36*b63" 
10 34500 PS P3 Tr "b24" 
11 34500 P0 0_3_b24 "100" TTP C
12 34500 P3 0_3_b24 "100" TTP C
10 34500 PS P2 Tr "b26" 
11 34500 P0 0_2_b26 "100" TTP C
12 34500 P2 0_2_b26 "100" TTP C
10 34500 PS P1 Exec "a36*b61" 
17 34600 Pile T 1.00 
10 34600 PS P4 Idle "" 
10 34600 PS P4 Tr "b21" 
11 34600 P0 0_4_b21 "100" TTP C
12 34600 P4 0_4_b21 "100" TTP C
10 34600 PS P3 Exec "a32*b24" 
10 34600 PS P2 Exec "a32*b26" 
10 34700 PS P4 Tr "a32" 
11 34700 P1 1_4_a32 "100" TTP C
12 34700 P4 1_4_a32 "100" TTP C
17 34800 Pile T 1.00 
10 34800 PS P0 Idle "" 
10 34800 PS P0 Tr "a32" 
11 34800 P1 1_0_a32 "100" TTP C
12 34800 P0 1_0_a32 "100" TTP C
10 34800 PS P4 Exec "a32*b21" 
10 34900 PS P0 Exec "a32*b25" 
17 35400 Pile T 1.00 
10 35400 PS P5 Idle "" 
10 35400 PS P5 Tr "b22" 
11 35400 P0 0_5_b22 "100" TTP C
12 35400 P5 0_5_b22 "100" TTP C
17 35500 Pile T 1.00 
10 35500 PS P1 Idle "" 
10 35500 PS P1 Tr "b23" 
11 35500 P0 0_1_b23 "100" TTP C
12 35500 P1 0_1_b23 "100" TTP C
10 35500 PS P5 Tr "a32" 
11 35500 P1 1_5_a32 "100" TTP C
12 35500 P5 1_5_a32 "100" TTP C
17 35600 Pile T 1.00 
10 35600 PS P3 Idle "" 
10 35600 PS P3 Tr "a15" 
11 35600 P0 0_3_a15 "100" TTP C
12 35600 P3 0_3_a15 "100" TTP C
17 35600 Pile T 1.00 
10 35600 PS P2 Idle "" 
10 35600 PS P2 Tr "a15" 
11 35600 P0 0_2_a15 "100" TTP C
12 35600 P2 0_2_a15 "100" TTP C
10 35600 PS P1 Exec "a32*b23" 
10 35600 PS P5 Exec "a32*b22" 
10 35700 PS P3 Exec "a15*b51" 
10 35700 PS P2 Exec "a15*b53" 
17 35800 Pile T 1.00 
10 35800 PS P4 Idle "" 
10 35800 PS P4 Tr "b56" 
11 35800 P3 3_4_b56 "100" TTP C
12 35800 P4 3_4_b56 "100" TTP C
17 35900 Pile T 1.00 
10 35900 PS P0 Idle "" 
10 35900 PS P0 Exec "a15*b54" 
10 35900 PS P4 Tr "a15" 
11 35900 P0 0_4_a15 "100" TTP C
12 35900 P4 0_4_a15 "100" TTP C
10 36000 PS P4 Exec "a15*b56" 
17 36600 Pile T 1.00 
10 36600 PS P1 Idle "" 
10 36600 PS P1 Tr "a15" 
11 36600 P0 0_1_a15 "100" TTP C
12 36600 P1 0_1_a15 "100" TTP C
17 36600 Pile T 1.00 
10 36600 PS P5 Idle "" 
10 36600 PS P5 Tr "a15" 
11 36600 P0 0_5_a15 "100" TTP C
12 36600 P5 0_5_a15 "100" TTP C
17 36700 Pile T 1.00 
16 36700 Pile T 1.00 
10 36700 PS P3 Idle "" 
10 36700 PS P3 Tr "a16" 
11 36700 P1 1_3_a16 "100" TTP C
12 36700 P3 1_3_a16 "100" TTP C
17 36700 Pile T 1.00 
16 36700 Pile T 1.00 
10 36700 PS P2 Idle "" 
10 36700 PS P2 Tr "a16" 
11 36700 P1 1_2_a16 "100" TTP C
12 36700 P2 1_2_a16 "100" TTP C
10 36700 PS P1 Tr "b52" 
11 36700 P0 0_1_b52 "100" TTP C
12 36700 P1 0_1_b52 "100" TTP C
10 36700 PS P5 Exec "a15*b55" 
10 36800 PS P3 Exec "a16*b62" 
10 36800 PS P2 Tr "b63" 
11 36800 P0 0_2_b63 "100" TTP C
12 36800 P2 0_2_b63 "100" TTP C
10 36800 PS P1 Exec "a15*b52" 
17 36900 Pile T 1.00 
16 36900 Pile T 1.00 
10 36900 PS P0 Idle "" 
10 36900 PS P0 Tr "a16" 
11 36900 P1 1_0_a16 "100" TTP C
12 36900 P0 1_0_a16 "100" TTP C
10 36900 PS P2 Exec "a16*b63" 
17 37000 Pile T 1.00 
16 37000 Pile T 1.00 
10 37000 PS P4 Idle "" 
10 37000 PS P4 Tr "a16" 
11 37000 P1 1_4_a16 "100" TTP C
12 37000 P4 1_4_a16 "100" TTP C
10 37000 PS P0 Exec "a16*b65" 
10 37100 PS P4 Exec "a16*b61" 
17 37700 Pile T 1.00 
16 37700 Pile T 1.00 
10 37700 PS P5 Idle "" 
10 37700 PS P5 Tr "a16" 
11 37700 P1 1_5_a16 "100" TTP C
12 37700 P5 1_5_a16 "100" TTP C
17 37800 Pile T 1.00 
10 37800 PS P3 Idle "" 
10 37800 PS P3 Tr "b66" 
11 37800 P0 0_3_b66 "100" TTP C
12 37800 P3 0_3_b66 "100" TTP C
17 37800 Pile T 1.00 
16 37800 Pile T 1.00 
10 37800 PS P1 Idle "" 
10 37800 PS P1 Tr "a24" 
11 37800 P0 0_1_a24 "100" TTP C
12 37800 P1 0_1_a24 "100" TTP C
10 37800 PS P5 Tr "b64" 
11 37800 P0 0_5_b64 "100" TTP C
12 37800 P5 0_5_b64 "100" TTP C
17 37900 Pile T 1.00 
10 37900 PS P2 Idle "" 
10 37900 PS P2 Tr "a24" 
11 37900 P0 0_2_a24 "100" TTP C
12 37900 P2 0_2_a24 "100" TTP C
10 37900 PS P3 Exec "a16*b66" 
10 37900 PS P1 Exec "a24*b41" 
10 37900 PS P5 Exec "a16*b64" 
17 38000 Pile T 1.00 
10 38000 PS P0 Idle "" 
10 38000 PS P0 Exec "a24*b42" 
10 38000 PS P2 Tr "b43" 
11 38000 P0 0_2_b43 "100" TTP C
12 38000 P2 0_2_b43 "100" TTP C
17 38100 Pile T 1.00 
10 38100 PS P4 Idle "" 
10 38100 PS P4 Tr "a24" 
11 38100 P0 0_4_a24 "100" TTP C
12 38100 P4 0_4_a24 "100" TTP C
10 38100 PS P2 Exec "a24*b43" 
10 38200 PS P4 Tr "b45" 
11 38200 P0 0_4_b45 "100" TTP C
12 38200 P4 0_4_b45 "100" TTP C
10 38300 PS P4 Exec "a24*b45" 
17 38900 Pile T 1.00 
10 38900 PS P3 Idle "" 
10 38900 PS P3 Tr "a24" 
11 38900 P0 0_3_a24 "100" TTP C
12 38900 P3 0_3_a24 "100" TTP C
17 38900 Pile T 1.00 
10 38900 PS P1 Idle "" 
10 38900 PS P1 Exec "a24*b44" 
17 38900 Pile T 1.00 
10 38900 PS P5 Idle "" 
10 38900 PS P5 Tr "a43" 
11 38900 P1 1_5_a43 "100" TTP C
12 38900 P5 1_5_a43 "100" TTP C
17 39000 Pile T 1.00 
10 39000 PS P0 Idle "" 
10 39000 PS P0 Tr "a43" 
11 39000 P1 1_0_a43 "100" TTP C
12 39000 P0 1_0_a43 "100" TTP C
10 39000 PS P3 Tr "b46" 
11 39000 P0 0_3_b46 "100" TTP C
12 39000 P3 0_3_b46 "100" TTP C
10 39000 PS P5 Exec "a43*b34" 
17 39100 Pile T 1.00 
10 39100 PS P2 Idle "" 
10 39100 PS P2 Tr "a43" 
11 39100 P1 1_2_a43 "100" TTP C
12 39100 P2 1_2_a43 "100" TTP C
10 39100 PS P0 Exec "a43*b31" 
10 39100 PS P3 Exec "a24*b46" 
10 39200 PS P2 Tr "b35" 
11 39200 P0 0_2_b35 "100" TTP C
12 39200 P2 0_2_b35 "100" TTP C
17 39300 Pile T 1.00 
10 39300 PS P4 Idle "" 
10 39300 PS P4 Tr "a43" 
11 39300 P1 1_4_a43 "100" TTP C
12 39300 P4 1_4_a43 "100" TTP C
10 39300 PS P2 Exec "a43*b35" 
10 39400 PS P4 Tr "b36" 
11 39400 P0 0_4_b36 "100" TTP C
12 39400 P4 0_4_b36 "100" TTP C
10 39500 PS P4 Exec "a43*b36" 
17 39900 Pile T 1.00 
10 39900 PS P1 Idle "" 
10 39900 PS P1 Tr "b33" 
11 39900 P0 0_1_b33 "100" TTP C
12 39900 P1 0_1_b33 "100" TTP C
17 40000 Pile T 1.00 
10 40000 PS P5 Idle "" 
10 40000 PS P5 Tr "b32" 
11 40000 P4 4_5_b32 "100" TTP C
12 40000 P5 4_5_b32 "100" TTP C
10 40000 PS P1 Exec "a43*b33" 
17 40100 Pile T 1.00 
10 40100 PS P0 Idle "" 
10 40100 PS P0 Exec "a65*b55" 
17 40100 Pile T 1.00 
10 40100 PS P3 Idle "" 
10 40100 PS P3 Tr "a65" 
11 40100 P0 0_3_a65 "100" TTP C
12 40100 P3 0_3_a65 "100" TTP C
10 40100 PS P5 Exec "a43*b32" 
10 40200 PS P3 Exec "a65*b52" 
17 40300 Pile T 1.00 
10 40300 PS P2 Idle "" 
10 40300 PS P2 Tr "a65" 
11 40300 P0 0_2_a65 "100" TTP C
12 40300 P2 0_2_a65 "100" TTP C
10 40400 PS P2 Exec "a65*b53" 
17 40500 Pile T 1.00 
10 40500 PS P4 Idle "" 
10 40500 PS P4 Tr "b54" 
11 40500 P0 0_4_b54 "100" TTP C
12 40500 P4 0_4_b54 "100" TTP C
10 40600 PS P4 Tr "a65" 
11 40600 P0 0_4_a65 "100" TTP C
12 40600 P4 0_4_a65 "100" TTP C
10 40700 PS P4 Exec "a65*b54" 
17 41000 Pile T 1.00 
10 41000 PS P1 Idle "" 
10 41000 PS P1 Tr "a65" 
11 41000 P0 0_1_a65 "100" TTP C
12 41000 P1 0_1_a65 "100" TTP C
17 41100 Pile T 1.00 
10 41100 PS P0 Idle "" 
10 41100 PS P0 Tr "b56" 
11 41100 P3 3_0_b56 "100" TTP C
12 41100 P0 3_0_b56 "100" TTP C
17 41100 Pile T 1.00 
10 41100 PS P5 Idle "" 
10 41100 PS P5 Tr "a41" 
11 41100 P1 1_5_a41 "100" TTP C
12 41100 P5 1_5_a41 "100" TTP C
10 41100 PS P1 Exec "a65*b51" 
17 41200 Pile T 1.00 
10 41200 PS P3 Idle "" 
10 41200 PS P3 Tr "b15" 
11 41200 P0 0_3_b15 "100" TTP C
12 41200 P3 0_3_b15 "100" TTP C
10 41200 PS P0 Exec "a65*b56" 
10 41200 PS P5 Exec "a41*b13" 
10 41300 PS P3 Tr "a41" 
11 41300 P1 1_3_a41 "100" TTP C
12 41300 P3 1_3_a41 "100" TTP C
17 41400 Pile T 1.00 
10 41400 PS P2 Idle "" 
10 41400 PS P2 Tr "a41" 
11 41400 P1 1_2_a41 "100" TTP C
12 41400 P2 1_2_a41 "100" TTP C
10 41400 PS P3 Exec "a41*b15" 
10 41500 PS P2 Tr "b16" 
11 41500 P1 1_2_b16 "100" TTP C
12 41500 P2 1_2_b16 "100" TTP C
10 41600 PS P2 Exec "a41*b16" 
17 41700 Pile T 1.00 
10 41700 PS P4 Idle "" 
10 41700 PS P4 Tr "b14" 
11 41700 P0 0_4_b14 "100" TTP C
12 41700 P4 0_4_b14 "100" TTP C
10 41800 PS P4 Tr "a41" 
11 41800 P1 1_4_a41 "100" TTP C
12 41800 P4 1_4_a41 "100" TTP C
10 41900 PS P4 Exec "a41*b14" 
17 42100 Pile T 1.00 
10 42100 PS P1 Idle "" 
10 42100 PS P1 Exec "a41*b11" 
17 42200 Pile T 1.00 
10 42200 PS P0 Idle "" 
10 42200 PS P0 Tr "a41" 
11 42200 P1 1_0_a41 "100" TTP C
12 42200 P0 1_0_a41 "100" TTP C
17 42200 Pile T 1.00 
10 42200 PS P5 Idle "" 
10 42200 PS P5 Tr "a34" 
11 42200 P0 0_5_a34 "100" TTP C
12 42200 P5 0_5_a34 "100" TTP C
10 42300 PS P0 Exec "a41*b12" 
10 42300 PS P5 Tr "b45" 
11 42300 P0 0_5_b45 "100" TTP C
12 42300 P5 0_5_b45 "100" TTP C
17 42400 Pile T 1.00 
10 42400 PS P3 Idle "" 
10 42400 PS P3 Tr "a34" 
11 42400 P0 0_3_a34 "100" TTP C
12 42400 P3 0_3_a34 "100" TTP C
10 42400 PS P5 Exec "a34*b45" 
10 42500 PS P3 Tr "b44" 
11 42500 P0 0_3_b44 "100" TTP C
12 42500 P3 0_3_b44 "100" TTP C
17 42600 Pile T 1.00 
10 42600 PS P2 Idle "" 
10 42600 PS P2 Tr "b42" 
11 42600 P0 0_2_b42 "100" TTP C
12 42600 P2 0_2_b42 "100" TTP C
10 42600 PS P3 Exec "a34*b44" 
10 42700 PS P2 Tr "a34" 
11 42700 P0 0_2_a34 "100" TTP C
12 42700 P2 0_2_a34 "100" TTP C
10 42800 PS P2 Exec "a34*b42" 
17 42900 Pile T 1.00 
10 42900 PS P4 Idle "" 
10 42900 PS P4 Tr "b46" 
11 42900 P0 0_4_b46 "100" TTP C
12 42900 P4 0_4_b46 "100" TTP C
10 43000 PS P4 Tr "a34" 
11 43000 P0 0_4_a34 "100" TTP C
12 43000 P4 0_4_a34 "100" TTP C
17 43100 Pile T 1.00 
10 43100 PS P1 Idle "" 
10 43100 PS P1 Tr "a34" 
11 43100 P0 0_1_a34 "100" TTP C
12 43100 P1 0_1_a34 "100" TTP C
10 43100 PS P4 Exec "a34*b46" 
10 43200 PS P1 Exec "a34*b43" 
17 43300 Pile T 1.00 
10 43300 PS P0 Idle "" 
10 43300 PS P0 Exec "a34*b41" 
17 43400 Pile T 1.00 
10 43400 PS P5 Idle "" 
10 43400 PS P5 Tr "a45" 
11 43400 P1 1_5_a45 "100" TTP C
12 43400 P5 1_5_a45 "100" TTP C
10 43500 PS P5 Exec "a45*b55" 
17 43600 Pile T 1.00 
10 43600 PS P3 Idle "" 
10 43600 PS P3 Tr "a45" 
11 43600 P1 1_3_a45 "100" TTP C
12 43600 P3 1_3_a45 "100" TTP C
10 43700 PS P3 Tr "b54" 
11 43700 P0 0_3_b54 "100" TTP C
12 43700 P3 0_3_b54 "100" TTP C
17 43800 Pile T 1.00 
10 43800 PS P2 Idle "" 
10 43800 PS P2 Tr "a45" 
11 43800 P1 1_2_a45 "100" TTP C
12 43800 P2 1_2_a45 "100" TTP C
10 43800 PS P3 Exec "a45*b54" 
10 43900 PS P2 Tr "b52" 
11 43900 P0 0_2_b52 "100" TTP C
12 43900 P2 0_2_b52 "100" TTP C
10 44000 PS P2 Exec "a45*b52" 
17 44100 Pile T 1.00 
10 44100 PS P4 Idle "" 
10 44100 PS P4 Tr "a45" 
11 44100 P1 1_4_a45 "100" TTP C
12 44100 P4 1_4_a45 "100" TTP C
17 44200 Pile T 1.00 
10 44200 PS P1 Idle "" 
10 44200 PS P1 Tr "b56" 
11 44200 P3 3_1_b56 "100" TTP C
12 44200 P1 3_1_b56 "100" TTP C
10 44200 PS P4 Tr "b51" 
11 44200 P0 0_4_b51 "100" TTP C
12 44200 P4 0_4_b51 "100" TTP C
17 44300 Pile T 1.00 
10 44300 PS P0 Idle "" 
10 44300 PS P0 Tr "a45" 
11 44300 P1 1_0_a45 "100" TTP C
12 44300 P0 1_0_a45 "100" TTP C
10 44300 PS P1 Exec "a45*b56" 
10 44300 PS P4 Exec "a45*b51" 
10 44400 PS P0 Exec "a45*b53" 
17 44500 Pile T 1.00 
10 44500 PS P5 Idle "" 
10 44500 PS P5 Tr "b35" 
11 44500 P0 0_5_b35 "100" TTP C
12 44500 P5 0_5_b35 "100" TTP C
10 44600 PS P5 Tr "a23" 
11 44600 P0 0_5_a23 "100" TTP C
12 44600 P5 0_5_a23 "100" TTP C
10 44700 PS P5 Exec "a23*b35" 
17 44800 Pile T 1.00 
10 44800 PS P3 Idle "" 
10 44800 PS P3 Tr "a23" 
11 44800 P0 0_3_a23 "100" TTP C
12 44800 P3 0_3_a23 "100" TTP C
10 44900 PS P3 Exec "a23*b32" 
17 45000 Pile T 1.00 
10 45000 PS P2 Idle "" 
10 45000 PS P2 Tr "b34" 
11 45000 P0 0_2_b34 "100" TTP C
12 45000 P2 0_2_b34 "100" TTP C
10 45100 PS P2 Tr "a23" 
11 45100 P0 0_2_a23 "100" TTP C
12 45100 P2 0_2_a23 "100" TTP C
10 45200 PS P2 Exec "a23*b34" 
17 45300 Pile T 1.00 
10 45300 PS P1 Idle "" 
10 45300 PS P1 Tr "a23" 
11 45300 P0 0_1_a23 "100" TTP C
12 45300 P1 0_1_a23 "100" TTP C
17 45300 Pile T 1.00 
10 45300 PS P4 Idle "" 
10 45300 PS P4 Tr "b33" 
11 45300 P0 0_4_b33 "100" TTP C
12 45300 P4 0_4_b33 "100" TTP C
17 45400 Pile T 1.00 
10 45400 PS P0 Idle "" 
10 45400 PS P0 Exec "a23*b31" 
10 45400 PS P1 Exec "a23*b36" 
10 45400 PS P4 Tr "a23" 
11 45400 P0 0_4_a23 "100" TTP C
12 45400 P4 0_4_a23 "100" TTP C
10 45500 PS P4 Exec "a23*b33" 
17 45700 Pile T 1.00 
10 45700 PS P5 Idle "" 
10 45700 PS P5 Tr "b21" 
11 45700 P0 0_5_b21 "100" TTP C
12 45700 P5 0_5_b21 "100" TTP C
10 45800 PS P5 Tr "a42" 
11 45800 P1 1_5_a42 "100" TTP C
12 45800 P5 1_5_a42 "100" TTP C
17 45900 Pile T 1.00 
10 45900 PS P3 Idle "" 
10 45900 PS P3 Tr "a42" 
11 45900 P1 1_3_a42 "100" TTP C
12 45900 P3 1_3_a42 "100" TTP C
10 45900 PS P5 Exec "a42*b21" 
10 46000 PS P3 Tr "b25" 
11 46000 P0 0_3_b25 "100" TTP C
12 46000 P3 0_3_b25 "100" TTP C
10 46100 PS P3 Exec "a42*b25" 
17 46200 Pile T 1.00 
10 46200 PS P2 Idle "" 
10 46200 PS P2 Tr "a42" 
11 46200 P1 1_2_a42 "100" TTP C
12 46200 P2 1_2_a42 "100" TTP C
10 46300 PS P2 Tr "b22" 
11 46300 P0 0_2_b22 "100" TTP C
12 46300 P2 0_2_b22 "100" TTP C
17 46400 Pile T 1.00 
10 46400 PS P0 Idle "" 
10 46400 PS P0 Tr "a42" 
11 46400 P1 1_0_a42 "100" TTP C
12 46400 P0 1_0_a42 "100" TTP C
17 46400 Pile T 1.00 
10 46400 PS P1 Idle "" 
10 46400 PS P1 Exec "a42*b23" 
10 46400 PS P2 Exec "a42*b22" 
17 46500 Pile T 1.00 
10 46500 PS P4 Idle "" 
10 46500 PS P4 Tr "a42" 
11 46500 P1 1_4_a42 "100" TTP C
12 46500 P4 1_4_a42 "100" TTP C
10 46500 PS P0 Exec "a42*b24" 
10 46600 PS P4 Tr "b26" 
11 46600 P0 0_4_b26 "100" TTP C
12 46600 P4 0_4_b26 "100" TTP C
10 46700 PS P4 Exec "a42*b26" 
17 46900 Pile T 1.00 
10 46900 PS P5 Idle "" 
10 46900 PS P5 Tr "a46" 
11 46900 P0 0_5_a46 "100" TTP C
12 46900 P5 0_5_a46 "100" TTP C
10 47000 PS P5 Exec "a46*b66" 
17 47100 Pile T 1.00 
10 47100 PS P3 Idle "" 
10 47100 PS P3 Tr "b64" 
11 47100 P0 0_3_b64 "100" TTP C
12 47100 P3 0_3_b64 "100" TTP C
10 47200 PS P3 Tr "a46" 
11 47200 P0 0_3_a46 "100" TTP C
12 47200 P3 0_3_a46 "100" TTP C
10 47300 PS P3 Exec "a46*b64" 
17 47400 Pile T 1.00 
10 47400 PS P1 Idle "" 
10 47400 PS P1 Tr "b63" 
11 47400 P0 0_1_b63 "100" TTP C
12 47400 P1 0_1_b63 "100" TTP C
17 47400 Pile T 1.00 
10 47400 PS P2 Idle "" 
10 47400 PS P2 Tr "a46" 
11 47400 P0 0_2_a46 "100" TTP C
12 47400 P2 0_2_a46 "100" TTP C
17 47500 Pile T 1.00 
10 47500 PS P0 Idle "" 
10 47500 PS P0 Exec "a46*b61" 
10 47500 PS P1 Tr "a46" 
11 47500 P0 0_1_a46 "100" TTP C
12 47500 P1 0_1_a46 "100" TTP C
10 47500 PS P2 Tr "b65" 
11 47500 P0 0_2_b65 "100" TTP C
12 47500 P2 0_2_b65 "100" TTP C
10 47600 PS P1 Exec "a46*b63" 
10 47600 PS P2 Exec "a46*b65" 
17 47700 Pile T 1.00 
10 47700 PS P4 Idle "" 
10 47700 PS P4 Tr "a46" 
11 47700 P0 0_4_a46 "100" TTP C
12 47700 P4 0_4_a46 "100" TTP C
10 47800 PS P4 Exec "a46*b62" 
17 48000 Pile T 1.00 
10 48000 PS P5 Idle "" 
10 48000 PS P5 Tr "a44" 
11 48000 P1 1_5_a44 "100" TTP C
12 48000 P5 1_5_a44 "100" TTP C
10 48100 PS P5 Exec "a44*b46" 
17 48300 Pile T 1.00 
10 48300 PS P3 Idle "" 
10 48300 PS P3 Tr "a44" 
11 48300 P1 1_3_a44 "100" TTP C
12 48300 P3 1_3_a44 "100" TTP C
10 48400 PS P3 Exec "a44*b44" 
17 48500 Pile T 1.00 
10 48500 PS P0 Idle "" 
10 48500 PS P0 Tr "a44" 
11 48500 P1 1_0_a44 "100" TTP C
12 48500 P0 1_0_a44 "100" TTP C
17 48600 Pile T 1.00 
10 48600 PS P1 Idle "" 
10 48600 PS P1 Exec "a44*b41" 
17 48600 Pile T 1.00 
10 48600 PS P2 Idle "" 
10 48600 PS P2 Tr "a44" 
11 48600 P1 1_2_a44 "100" TTP C
12 48600 P2 1_2_a44 "100" TTP C
10 48600 PS P0 Exec "a44*b45" 
10 48700 PS P2 Exec "a44*b43" 
17 48800 Pile T 1.00 
10 48800 PS P4 Idle "" 
10 48800 PS P4 Tr "a44" 
11 48800 P1 1_4_a44 "100" TTP C
12 48800 P4 1_4_a44 "100" TTP C
10 48900 PS P4 Tr "b42" 
11 48900 P0 0_4_b42 "100" TTP C
12 48900 P4 0_4_b42 "100" TTP C
10 49000 PS P4 Exec "a44*b42" 
17 49100 Pile T 1.00 
16 49100 Pile T 1.00 
10 49100 PS P5 Idle "" 
10 49100 PS P5 Tr "a64" 
11 49100 P2 2_5_a64 "100" TTP C
12 49100 P5 2_5_a64 "100" TTP C
10 49200 PS P5 Exec "a64*b45" 
17 49400 Pile T 1.00 
16 49400 Pile T 1.00 
10 49400 PS P3 Idle "" 
10 49400 PS P3 Tr "a64" 
11 49400 P2 2_3_a64 "100" TTP C
12 49400 P3 2_3_a64 "100" TTP C
10 49500 PS P3 Exec "a64*b46" 
17 49600 Pile T 1.00 
16 49600 Pile T 1.00 
10 49600 PS P1 Idle "" 
10 49600 PS P1 Tr "a64" 
11 49600 P2 2_1_a64 "100" TTP C
12 49600 P1 2_1_a64 "100" TTP C
17 49600 Pile T 1.00 
16 49600 Pile T 1.00 
10 49600 PS P0 Idle "" 
10 49600 PS P0 Tr "a64" 
11 49600 P2 2_0_a64 "100" TTP C
12 49600 P0 2_0_a64 "100" TTP C
17 49700 Pile T 1.00 
16 49700 Pile T 1.00 
10 49700 PS P2 Idle "" 
10 49700 PS P2 Exec "a64*b44" 
10 49700 PS P1 Exec "a64*b41" 
10 49700 PS P0 Exec "a64*b42" 
17 50000 Pile T 1.00 
16 50000 Pile T 1.00 
10 50000 PS P4 Idle "" 
10 50000 PS P4 Tr "a64" 
11 50000 P2 2_4_a64 "100" TTP C
12 50000 P4 2_4_a64 "100" TTP C
10 50100 PS P4 Tr "b43" 
11 50100 P0 0_4_b43 "100" TTP C
12 50100 P4 0_4_b43 "100" TTP C
17 50200 Pile T 1.00 
16 50200 Pile T 1.00 
10 50200 PS P5 Idle "" 
10 50200 PS P5 Tr "a33" 
11 50200 P3 3_5_a33 "100" TTP C
12 50200 P5 3_5_a33 "100" TTP C
10 50200 PS P4 Exec "a64*b43" 
10 50300 PS P5 Exec "a33*b32" 
17 50500 Pile T 1.00 
16 50500 Pile T 1.00 
10 50500 PS P3 Idle "" 
10 50500 PS P3 Tr "b31" 
11 50500 P0 0_3_b31 "100" TTP C
12 50500 P3 0_3_b31 "100" TTP C
10 50600 PS P3 Exec "a33*b31" 
17 50700 Pile T 1.00 
16 50700 Pile T 1.00 
10 50700 PS P2 Idle "" 
10 50700 PS P2 Tr "a33" 
11 50700 P3 3_2_a33 "100" TTP C
12 50700 P2 3_2_a33 "100" TTP C
17 50700 Pile T 1.00 
16 50700 Pile T 1.00 
10 50700 PS P1 Idle "" 
10 50700 PS P1 Tr "a33" 
11 50700 P3 3_1_a33 "100" TTP C
12 50700 P1 3_1_a33 "100" TTP C
17 50700 Pile T 1.00 
16 50700 Pile T 1.00 
10 50700 PS P0 Idle "" 
10 50700 PS P0 Tr "a33" 
11 50700 P3 3_0_a33 "100" TTP C
12 50700 P0 3_0_a33 "100" TTP C
10 50800 PS P2 Exec "a33*b33" 
10 50800 PS P1 Exec "a33*b36" 
10 50800 PS P0 Exec "a33*b34" 
17 51200 Pile T 1.00 
16 51200 Pile T 1.00 
10 51200 PS P4 Idle "" 
10 51200 PS P4 Tr "a33" 
11 51200 P3 3_4_a33 "100" TTP C
12 51200 P4 3_4_a33 "100" TTP C
17 51300 Pile T 1.00 
16 51300 Pile T 1.00 
10 51300 PS P5 Idle "" 
10 51300 PS P5 Tr "b25" 
11 51300 P0 0_5_b25 "100" TTP C
12 51300 P5 0_5_b25 "100" TTP C
10 51300 PS P4 Exec "a33*b35" 
10 51400 PS P5 Tr "a22" 
11 51400 P4 4_5_a22 "100" TTP C
12 51400 P5 4_5_a22 "100" TTP C
10 51500 PS P5 Exec "a22*b25" 
17 51600 Pile T 1.00 
16 51600 Pile T 1.00 
10 51600 PS P3 Idle "" 
10 51600 PS P3 Tr "a22" 
11 51600 P4 4_3_a22 "100" TTP C
12 51600 P3 4_3_a22 "100" TTP C
10 51700 PS P3 Exec "a22*b22" 
17 51800 Pile T 1.00 
16 51800 Pile T 1.00 
10 51800 PS P2 Idle "" 
10 51800 PS P2 Tr "a22" 
11 51800 P4 4_2_a22 "100" TTP C
12 51800 P2 4_2_a22 "100" TTP C
17 51800 Pile T 1.00 
16 51800 Pile T 1.00 
10 51800 PS P1 Idle "" 
10 51800 PS P1 Tr "a22" 
11 51800 P4 4_1_a22 "100" TTP C
12 51800 P1 4_1_a22 "100" TTP C
17 51800 Pile T 1.00 
16 51800 Pile T 1.00 
10 51800 PS P0 Idle "" 
10 51800 PS P0 Tr "a22" 
11 51800 P4 4_0_a22 "100" TTP C
12 51800 P0 4_0_a22 "100" TTP C
10 51900 PS P2 Exec "a22*b26" 
10 51900 PS P1 Exec "a22*b23" 
10 51900 PS P0 Exec "a22*b24" 
17 52300 Pile T 1.00 
16 52300 Pile T 1.00 
10 52300 PS P4 Idle "" 
10 52300 PS P4 Exec "a22*b21" 
17 52500 Pile T 1.00 
16 52500 Pile T 1.00 
10 52500 PS P5 Idle "" 
10 52500 PS P5 Tr "b15" 
11 52500 P0 0_5_b15 "100" TTP C
12 52500 P5 0_5_b15 "100" TTP C
10 52600 PS P5 Exec "a51*b15" 
17 52700 Pile T 1.00 
16 52700 Pile T 1.00 
10 52700 PS P3 Idle "" 
10 52700 PS P3 Tr "a51" 
11 52700 P5 5_3_a51 "100" TTP C
12 52700 P3 5_3_a51 "100" TTP C
10 52800 PS P3 Exec "a51*b12" 
17 52900 Pile T 1.00 
16 52900 Pile T 1.00 
10 52900 PS P2 Idle "" 
10 52900 PS P2 Tr "a51" 
11 52900 P5 5_2_a51 "100" TTP C
12 52900 P2 5_2_a51 "100" TTP C
17 52900 Pile T 1.00 
16 52900 Pile T 1.00 
10 52900 PS P1 Idle "" 
10 52900 PS P1 Tr "a51" 
11 52900 P5 5_1_a51 "100" TTP C
12 52900 P1 5_1_a51 "100" TTP C
17 52900 Pile T 1.00 
16 52900 Pile T 1.00 
10 52900 PS P0 Idle "" 
10 52900 PS P0 Tr "a51" 
11 52900 P5 5_0_a51 "100" TTP C
12 52900 P0 5_0_a51 "100" TTP C
10 53000 PS P2 Exec "a51*b16" 
10 53000 PS P1 Exec "a51*b11" 
10 53000 PS P0 Exec "a51*b14" 
17 53300 Pile T 1.00 
16 53300 Pile T 1.00 
10 53300 PS P4 Idle "" 
10 53300 PS P4 Tr "b13" 
11 53300 P2 2_4_b13 "100" TTP C
12 53300 P4 2_4_b13 "100" TTP C
10 53400 PS P4 Tr "a51" 
11 53400 P5 5_4_a51 "100" TTP C
12 53400 P4 5_4_a51 "100" TTP C
10 53500 PS P4 Exec "a51*b13" 
17 53600 Pile T 1.00 
16 53600 Pile T 1.00 
10 53600 PS P5 Idle "" 
10 53600 PS P5 Tr "a11*b11" 
11 53600 P1 1_5_a11*b11 "100" TTP C
12 53600 P5 1_5_a11*b11 "100" TTP C
10 53700 PS P5 Tr "a13*b31" 
11 53700 P0 0_5_a13*b31 "100" TTP C
12 53700 P5 0_5_a13*b31 "100" TTP C
17 53800 Pile T 1.00 
16 53800 Pile T 1.00 
10 53800 PS P3 Idle "" 
10 53800 PS P3 Tr "a13*b33" 
11 53800 P5 5_3_a13*b33 "100" TTP C
12 53800 P3 5_3_a13*b33 "100" TTP C
10 53800 PS P5 Tr "a14*b41" 
11 53800 P4 4_5_a14*b41 "100" TTP C
12 53800 P5 4_5_a14*b41 "100" TTP C
10 53900 PS P3 Tr "a12*b23" 
11 53900 P5 5_3_a12*b23 "100" TTP C
12 53900 P3 5_3_a12*b23 "100" TTP C
10 53900 PS P5 Tr "a12*b21" 
11 53900 P1 1_5_a12*b21 "100" TTP C
12 53900 P5 1_5_a12*b21 "100" TTP C
17 54000 Pile T 1.00 
16 54000 Pile T 1.00 
10 54000 PS P2 Idle "" 
10 54000 PS P2 Tr "a13*b34" 
11 54000 P4 4_2_a13*b34 "100" TTP C
12 54000 P2 4_2_a13*b34 "100" TTP C
17 54000 Pile T 1.00 
16 54000 Pile T 1.00 
10 54000 PS P1 Idle "" 
10 54000 PS P1 Tr "a14*b46" 
11 54000 P5 5_1_a14*b46 "100" TTP C
12 54000 P1 5_1_a14*b46 "100" TTP C
17 54000 Pile T 1.00 
16 54000 Pile T 1.00 
10 54000 PS P0 Idle "" 
10 54000 PS P0 Tr "a12*b25" 
11 54000 P2 2_0_a12*b25 "100" TTP C
12 54000 P0 2_0_a12*b25 "100" TTP C
10 54000 PS P3 Tr "a15*b53" 
11 54000 P2 2_3_a15*b53 "100" TTP C
12 54000 P3 2_3_a15*b53 "100" TTP C
10 54000 PS P5 Tr "a15*b51" 
11 54000 P3 3_5_a15*b51 "100" TTP C
12 54000 P5 3_5_a15*b51 "100" TTP C
10 54100 PS P2 Tr "a11*b14" 
11 54100 P0 0_2_a11*b14 "100" TTP C
12 54100 P2 0_2_a11*b14 "100" TTP C
10 54100 PS P1 Tr "a11*b16" 
11 54100 P3 3_1_a11*b16 "100" TTP C
12 54100 P1 3_1_a11*b16 "100" TTP C
10 54100 PS P0 Tr "a13*b35" 
11 54100 P3 3_0_a13*b35 "100" TTP C
12 54100 P0 3_0_a13*b35 "100" TTP C
10 54100 PS P3 Tr "a11*b13" 
11 54100 P5 5_3_a11*b13 "100" TTP C
12 54100 P3 5_3_a11*b13 "100" TTP C
10 54100 PS P5 Exec "C11" 
10 54200 PS P2 Tr "a15*b54" 
11 54200 P0 0_2_a15*b54 "100" TTP C
12 54200 P2 0_2_a15*b54 "100" TTP C
10 54200 PS P1 Tr "a15*b56" 
11 54200 P4 4_1_a15*b56 "100" TTP C
12 54200 P1 4_1_a15*b56 "100" TTP C
10 54200 PS P0 Tr "a15*b55" 
11 54200 P5 5_0_a15*b55 "100" TTP C
12 54200 P0 5_0_a15*b55 "100" TTP C
10 54200 PS P3 Exec "C13" 
10 54300 PS P2 Tr "a12*b24" 
11 54300 P5 5_2_a12*b24 "100" TTP C
12 54300 P2 5_2_a12*b24 "100" TTP C
10 54300 PS P1 Tr "a12*b26" 
11 54300 P0 0_1_a12*b26 "100" TTP C
12 54300 P1 0_1_a12*b26 "100" TTP C
10 54300 PS P0 Tr "a11*b15" 
11 54300 P2 2_0_a11*b15 "100" TTP C
12 54300 P0 2_0_a11*b15 "100" TTP C
10 54400 PS P2 Exec "C14" 
10 54400 PS P1 Exec "C16" 
10 54400 PS P0 Exec "C15" 
17 54500 Pile T 1.00 
16 54500 Pile T 1.00 
10 54500 PS P4 Idle "" 
10 54500 PS P4 Tr "a13*b32" 
11 54500 P2 2_4_a13*b32 "100" TTP C
12 54500 P4 2_4_a13*b32 "100" TTP C
17 54500 Pile T 1.00 
10 54500 PS P5 Idle "" 
10 54500 PS P5 Tr "a41*b16" 
11 54500 P2 2_5_a41*b16 "100" TTP C
12 54500 P5 2_5_a41*b16 "100" TTP C
17 54600 Pile T 1.00 
10 54600 PS P3 Idle "" 
10 54600 PS P3 Tr "a43*b34" 
11 54600 P5 5_3_a43*b34 "100" TTP C
12 54600 P3 5_3_a43*b34 "100" TTP C
10 54600 PS P4 Tr "a15*b52" 
11 54600 P1 1_4_a15*b52 "100" TTP C
12 54600 P4 1_4_a15*b52 "100" TTP C
10 54600 PS P5 Tr "a42*b26" 
11 54600 P4 4_5_a42*b26 "100" TTP C
12 54600 P5 4_5_a42*b26 "100" TTP C
10 54700 PS P3 Tr "a41*b14" 
11 54700 P4 4_3_a41*b14 "100" TTP C
12 54700 P3 4_3_a41*b14 "100" TTP C
10 54700 PS P4 Tr "a14*b42" 
11 54700 P1 1_4_a14*b42 "100" TTP C
12 54700 P4 1_4_a14*b42 "100" TTP C
10 54700 PS P5 Tr "a43*b36" 
11 54700 P4 4_5_a43*b36 "100" TTP C
12 54700 P5 4_5_a43*b36 "100" TTP C
17 54800 Pile T 1.00 
10 54800 PS P2 Idle "" 
10 54800 PS P2 Tr "a44*b41" 
11 54800 P1 1_2_a44*b41 "100" TTP C
12 54800 P2 1_2_a44*b41 "100" TTP C
17 54800 Pile T 1.00 
10 54800 PS P1 Idle "" 
10 54800 PS P1 Tr "a43*b35" 
11 54800 P2 2_1_a43*b35 "100" TTP C
12 54800 P1 2_1_a43*b35 "100" TTP C
17 54800 Pile T 1.00 
10 54800 PS P0 Idle "" 
10 54800 PS P0 Tr "a42*b23" 
11 54800 P1 1_0_a42*b23 "100" TTP C
12 54800 P0 1_0_a42*b23 "100" TTP C
10 54800 PS P3 Tr "a42*b24" 
11 54800 P0 0_3_a42*b24 "100" TTP C
12 54800 P3 0_3_a42*b24 "100" TTP C
10 54800 PS P4 Tr "a12*b22" 
11 54800 P3 3_4_a12*b22 "100" TTP C
12 54800 P4 3_4_a12*b22 "100" TTP C
10 54800 PS P5 Tr "a45*b56" 
11 54800 P1 1_5_a45*b56 "100" TTP C
12 54800 P5 1_5_a45*b56 "100" TTP C
10 54900 PS P2 Tr "a43*b31" 
11 54900 P0 0_2_a43*b31 "100" TTP C
12 54900 P2 0_2_a43*b31 "100" TTP C
10 54900 PS P1 Tr "a42*b25" 
11 54900 P3 3_1_a42*b25 "100" TTP C
12 54900 P1 3_1_a42*b25 "100" TTP C
10 54900 PS P0 Tr "a43*b33" 
11 54900 P1 1_0_a43*b33 "100" TTP C
12 54900 P0 1_0_a43*b33 "100" TTP C
10 54900 PS P3 Exec "C44" 
10 54900 PS P4 Exec "C12" 
10 54900 PS P5 Exec "C46" 
10 55000 PS P2 Tr "a45*b51" 
11 55000 P4 4_2_a45*b51 "100" TTP C
12 55000 P2 4_2_a45*b51 "100" TTP C
10 55000 PS P1 Tr "a44*b45" 
11 55000 P0 0_1_a44*b45 "100" TTP C
12 55000 P1 0_1_a44*b45 "100" TTP C
10 55000 PS P0 Tr "a44*b43" 
11 55000 P2 2_0_a44*b43 "100" TTP C
12 55000 P0 2_0_a44*b43 "100" TTP C
10 55100 PS P2 Tr "a41*b11" 
11 55100 P1 1_2_a41*b11 "100" TTP C
12 55100 P2 1_2_a41*b11 "100" TTP C
10 55100 PS P1 Tr "a41*b15" 
11 55100 P3 3_1_a41*b15 "100" TTP C
12 55100 P1 3_1_a41*b15 "100" TTP C
10 55100 PS P0 Tr "a41*b13" 
11 55100 P5 5_0_a41*b13 "100" TTP C
12 55100 P0 5_0_a41*b13 "100" TTP C
10 55200 PS P2 Tr "a42*b21" 
11 55200 P5 5_2_a42*b21 "100" TTP C
12 55200 P2 5_2_a42*b21 "100" TTP C
10 55200 PS P1 Tr "a45*b55" 
11 55200 P5 5_1_a45*b55 "100" TTP C
12 55200 P1 5_1_a45*b55 "100" TTP C
10 55200 PS P0 Exec "C43" 
17 55300 Pile T 1.00 
10 55300 PS P3 Idle "" 
10 55300 PS P3 Tr "a44*b42" 
11 55300 P4 4_3_a44*b42 "100" TTP C
12 55300 P3 4_3_a44*b42 "100" TTP C
17 55300 Pile T 1.00 
10 55300 PS P4 Idle "" 
10 55300 PS P4 Tr "a61*b15" 
11 55300 P2 2_4_a61*b15 "100" TTP C
12 55300 P4 2_4_a61*b15 "100" TTP C
17 55300 Pile T 1.00 
10 55300 PS P5 Idle "" 
10 55300 PS P5 Tr "a65*b56" 
11 55300 P0 0_5_a65*b56 "100" TTP C
12 55300 P5 0_5_a65*b56 "100" TTP C
10 55300 PS P2 Exec "C41" 
10 55300 PS P1 Exec "C45" 
10 55400 PS P3 Tr "a45*b52" 
11 55400 P2 2_3_a45*b52 "100" TTP C
12 55400 P3 2_3_a45*b52 "100" TTP C
10 55400 PS P4 Tr "a63*b35" 
11 55400 P0 0_4_a63*b35 "100" TTP C
12 55400 P4 0_4_a63*b35 "100" TTP C
10 55400 PS P5 Tr "a64*b46" 
11 55400 P3 3_5_a64*b46 "100" TTP C
12 55400 P5 3_5_a64*b46 "100" TTP C
10 55500 PS P3 Tr "a43*b32" 
11 55500 P5 5_3_a43*b32 "100" TTP C
12 55500 P3 5_3_a43*b32 "100" TTP C
10 55500 PS P4 Tr "a65*b55" 
11 55500 P0 0_4_a65*b55 "100" TTP C
12 55500 P4 0_4_a65*b55 "100" TTP C
10 55500 PS P5 Tr "a62*b26" 
11 55500 P0 0_5_a62*b26 "100" TTP C
12 55500 P5 0_5_a62*b26 "100" TTP C
17 55600 Pile T 1.00 
10 55600 PS P0 Idle "" 
10 55600 PS P0 Tr "a62*b24" 
11 55600 P5 5_0_a62*b24 "100" TTP C
12 55600 P0 5_0_a62*b24 "100" TTP C
10 55600 PS P3 Tr "a42*b22" 
11 55600 P2 2_3_a42*b22 "100" TTP C
12 55600 P3 2_3_a42*b22 "100" TTP C
10 55600 PS P4 Tr "a64*b45" 
11 55600 P5 5_4_a64*b45 "100" TTP C
12 55600 P4 5_4_a64*b45 "100" TTP C
10 55600 PS P5 Tr "a63*b36" 
11 55600 P1 1_5_a63*b36 "100" TTP C
12 55600 P5 1_5_a63*b36 "100" TTP C
17 55700 Pile T 1.00 
10 55700 PS P2 Idle "" 
10 55700 PS P2 Tr "a65*b51" 
11 55700 P1 1_2_a65*b51 "100" TTP C
12 55700 P2 1_2_a65*b51 "100" TTP C
17 55700 Pile T 1.00 
10 55700 PS P1 Idle "" 
10 55700 PS P1 Tr "a63*b32" 
11 55700 P3 3_1_a63*b32 "100" TTP C
12 55700 P1 3_1_a63*b32 "100" TTP C
10 55700 PS P0 Tr "a65*b54" 
11 55700 P4 4_0_a65*b54 "100" TTP C
12 55700 P0 4_0_a65*b54 "100" TTP C
10 55700 PS P3 Tr "a41*b12" 
11 55700 P0 0_3_a41*b12 "100" TTP C
12 55700 P3 0_3_a41*b12 "100" TTP C
10 55700 PS P4 Exec "C65" 
10 55700 PS P5 Tr "a61*b16" 
11 55700 P4 4_5_a61*b16 "100" TTP C
12 55700 P5 4_5_a61*b16 "100" TTP C
10 55800 PS P2 Tr "a63*b31" 
11 55800 P4 4_2_a63*b31 "100" TTP C
12 55800 P2 4_2_a63*b31 "100" TTP C
10 55800 PS P1 Tr "a61*b12" 
11 55800 P3 3_1_a61*b12 "100" TTP C
12 55800 P1 3_1_a61*b12 "100" TTP C
10 55800 PS P0 Tr "a63*b34" 
11 55800 P5 5_0_a63*b34 "100" TTP C
12 55800 P0 5_0_a63*b34 "100" TTP C
10 55800 PS P3 Exec "C42" 
10 55800 PS P5 Exec "C66" 
10 55900 PS P2 Tr "a62*b21" 
11 55900 P1 1_2_a62*b21 "100" TTP C
12 55900 P2 1_2_a62*b21 "100" TTP C
10 55900 PS P1 Tr "a62*b22" 
11 55900 P3 3_1_a62*b22 "100" TTP C
12 55900 P1 3_1_a62*b22 "100" TTP C
10 55900 PS P0 Tr "a64*b44" 
11 55900 P2 2_0_a64*b44 "100" TTP C
12 55900 P0 2_0_a64*b44 "100" TTP C
10 56000 PS P2 Tr "a64*b41" 
11 56000 P1 1_2_a64*b41 "100" TTP C
12 56000 P2 1_2_a64*b41 "100" TTP C
10 56000 PS P1 Tr "a64*b42" 
11 56000 P0 0_1_a64*b42 "100" TTP C
12 56000 P1 0_1_a64*b42 "100" TTP C
10 56000 PS P0 Exec "C64" 
17 56100 Pile T 1.00 
10 56100 PS P4 Idle "" 
10 56100 PS P4 Tr "a61*b13" 
11 56100 P1 1_4_a61*b13 "100" TTP C
12 56100 P4 1_4_a61*b13 "100" TTP C
10 56100 PS P2 Tr "a61*b11" 
11 56100 P5 5_2_a61*b11 "100" TTP C
12 56100 P2 5_2_a61*b11 "100" TTP C
10 56100 PS P1 Tr "a65*b52" 
11 56100 P3 3_1_a65*b52 "100" TTP C
12 56100 P1 3_1_a65*b52 "100" TTP C
17 56200 Pile T 1.00 
10 56200 PS P3 Idle "" 
10 56200 PS P3 Tr "a35*b52" 
11 56200 P4 4_3_a35*b52 "100" TTP C
12 56200 P3 4_3_a35*b52 "100" TTP C
17 56200 Pile T 1.00 
10 56200 PS P5 Idle "" 
10 56200 PS P5 Tr "a35*b51" 
11 56200 P1 1_5_a35*b51 "100" TTP C
12 56200 P5 1_5_a35*b51 "100" TTP C
10 56200 PS P4 Tr "a62*b23" 
11 56200 P2 2_4_a62*b23 "100" TTP C
12 56200 P4 2_4_a62*b23 "100" TTP C
10 56200 PS P2 Exec "C61" 
10 56200 PS P1 Exec "C62" 
10 56300 PS P3 Tr "a34*b42" 
11 56300 P2 2_3_a34*b42 "100" TTP C
12 56300 P3 2_3_a34*b42 "100" TTP C
10 56300 PS P5 Tr "a34*b41" 
11 56300 P0 0_5_a34*b41 "100" TTP C
12 56300 P5 0_5_a34*b41 "100" TTP C
10 56300 PS P4 Tr "a63*b33" 
11 56300 P2 2_4_a63*b33 "100" TTP C
12 56300 P4 2_4_a63*b33 "100" TTP C
17 56400 Pile T 1.00 
10 56400 PS P0 Idle "" 
10 56400 PS P0 Tr "a33*b33" 
11 56400 P2 2_0_a33*b33 "100" TTP C
12 56400 P0 2_0_a33*b33 "100" TTP C
10 56400 PS P3 Tr "a32*b22" 
11 56400 P5 5_3_a32*b22 "100" TTP C
12 56400 P3 5_3_a32*b22 "100" TTP C
10 56400 PS P5 Tr "a32*b21" 
11 56400 P4 4_5_a32*b21 "100" TTP C
12 56400 P5 4_5_a32*b21 "100" TTP C
10 56400 PS P4 Tr "a65*b53" 
11 56400 P2 2_4_a65*b53 "100" TTP C
12 56400 P4 2_4_a65*b53 "100" TTP C
10 56500 PS P0 Tr "a31*b13" 
11 56500 P2 2_0_a31*b13 "100" TTP C
12 56500 P0 2_0_a31*b13 "100" TTP C
10 56500 PS P3 Tr "a31*b12" 
11 56500 P0 0_3_a31*b12 "100" TTP C
12 56500 P3 0_3_a31*b12 "100" TTP C
10 56500 PS P5 Tr "a33*b31" 
11 56500 P3 3_5_a33*b31 "100" TTP C
12 56500 P5 3_5_a33*b31 "100" TTP C
10 56500 PS P4 Exec "C63" 
17 56600 Pile T 1.00 
10 56600 PS P2 Idle "" 
10 56600 PS P2 Tr "a35*b56" 
11 56600 P3 3_2_a35*b56 "100" TTP C
12 56600 P2 3_2_a35*b56 "100" TTP C
17 56600 Pile T 1.00 
10 56600 PS P1 Idle "" 
10 56600 PS P1 Tr "a31*b14" 
11 56600 P3 3_1_a31*b14 "100" TTP C
12 56600 P1 3_1_a31*b14 "100" TTP C
10 56600 PS P0 Tr "a35*b53" 
11 56600 P2 2_0_a35*b53 "100" TTP C
12 56600 P0 2_0_a35*b53 "100" TTP C
10 56600 PS P3 Tr "a33*b32" 
11 56600 P5 5_3_a33*b32 "100" TTP C
12 56600 P3 5_3_a33*b32 "100" TTP C
10 56600 PS P5 Exec "C31" 
10 56700 PS P2 Tr "a33*b36" 
11 56700 P1 1_2_a33*b36 "100" TTP C
12 56700 P2 1_2_a33*b36 "100" TTP C
10 56700 PS P1 Tr "a34*b44" 
11 56700 P3 3_1_a34*b44 "100" TTP C
12 56700 P1 3_1_a34*b44 "100" TTP C
10 56700 PS P0 Tr "a34*b43" 
11 56700 P1 1_0_a34*b43 "100" TTP C
12 56700 P0 1_0_a34*b43 "100" TTP C
10 56700 PS P3 Exec "C32" 
10 56800 PS P2 Tr "a34*b46" 
11 56800 P4 4_2_a34*b46 "100" TTP C
12 56800 P2 4_2_a34*b46 "100" TTP C
10 56800 PS P1 Tr "a32*b24" 
11 56800 P3 3_1_a32*b24 "100" TTP C
12 56800 P1 3_1_a32*b24 "100" TTP C
10 56800 PS P0 Tr "a32*b23" 
11 56800 P1 1_0_a32*b23 "100" TTP C
12 56800 P0 1_0_a32*b23 "100" TTP C
17 56900 Pile T 1.00 
10 56900 PS P4 Idle "" 
10 56900 PS P4 Tr "a35*b55" 
11 56900 P5 5_4_a35*b55 "100" TTP C
12 56900 P4 5_4_a35*b55 "100" TTP C
10 56900 PS P2 Tr "a31*b16" 
11 56900 P1 1_2_a31*b16 "100" TTP C
12 56900 P2 1_2_a31*b16 "100" TTP C
10 56900 PS P1 Tr "a35*b54" 
11 56900 P0 0_1_a35*b54 "100" TTP C
12 56900 P1 0_1_a35*b54 "100" TTP C
10 56900 PS P0 Exec "C33" 
17 57000 Pile T 1.00 
10 57000 PS P5 Idle "" 
10 57000 PS P5 Tr "a25*b55" 
11 57000 P4 4_5_a25*b55 "100" TTP C
12 57000 P5 4_5_a25*b55 "100" TTP C
10 57000 PS P4 Tr "a32*b25" 
11 57000 P0 0_4_a32*b25 "100" TTP C
12 57000 P4 0_4_a32*b25 "100" TTP C
10 57000 PS P2 Exec "C36" 
10 57000 PS P1 Tr "a33*b34" 
11 57000 P0 0_1_a33*b34 "100" TTP C
12 57000 P1 0_1_a33*b34 "100" TTP C
17 57100 Pile T 1.00 
10 57100 PS P3 Idle "" 
10 57100 PS P3 Tr "a21*b12" 
11 57100 P4 4_3_a21*b12 "100" TTP C
12 57100 P3 4_3_a21*b12 "100" TTP C
10 57100 PS P5 Tr "a21*b15" 
11 57100 P1 1_5_a21*b15 "100" TTP C
12 57100 P5 1_5_a21*b15 "100" TTP C
10 57100 PS P4 Tr "a34*b45" 
11 57100 P5 5_4_a34*b45 "100" TTP C
12 57100 P4 5_4_a34*b45 "100" TTP C
10 57100 PS P1 Exec "C34" 
10 57200 PS P3 Tr "a24*b42" 
11 57200 P0 0_3_a24*b42 "100" TTP C
12 57200 P3 0_3_a24*b42 "100" TTP C
10 57200 PS P5 Tr "a24*b45" 
11 57200 P4 4_5_a24*b45 "100" TTP C
12 57200 P5 4_5_a24*b45 "100" TTP C
10 57200 PS P4 Exec "C35" 
17 57300 Pile T 1.00 
10 57300 PS P0 Idle "" 
10 57300 PS P0 Tr "a24*b46" 
11 57300 P3 3_0_a24*b46 "100" TTP C
12 57300 P0 3_0_a24*b46 "100" TTP C
10 57300 PS P3 Tr "a25*b52" 
11 57300 P0 0_3_a25*b52 "100" TTP C
12 57300 P3 0_3_a25*b52 "100" TTP C
10 57300 PS P5 Exec "C25" 
17 57400 Pile T 1.00 
10 57400 PS P2 Idle "" 
10 57400 PS P2 Tr "a25*b53" 
11 57400 P1 1_2_a25*b53 "100" TTP C
12 57400 P2 1_2_a25*b53 "100" TTP C
10 57400 PS P0 Tr "a22*b26" 
11 57400 P2 2_0_a22*b26 "100" TTP C
12 57400 P0 2_0_a22*b26 "100" TTP C
10 57400 PS P3 Exec "C22" 
17 57500 Pile T 1.00 
10 57500 PS P1 Idle "" 
10 57500 PS P1 Tr "a25*b54" 
11 57500 P2 2_1_a25*b54 "100" TTP C
12 57500 P1 2_1_a25*b54 "100" TTP C
10 57500 PS P2 Tr "a22*b23" 
11 57500 P1 1_2_a22*b23 "100" TTP C
12 57500 P2 1_2_a22*b23 "100" TTP C
10 57500 PS P0 Tr "a23*b36" 
11 57500 P1 1_0_a23*b36 "100" TTP C
12 57500 P0 1_0_a23*b36 "100" TTP C
17 57600 Pile T 1.00 
10 57600 PS P4 Idle "" 
10 57600 PS P4 Tr "a25*b51" 
11 57600 P3 3_4_a25*b51 "100" TTP C
12 57600 P4 3_4_a25*b51 "100" TTP C
10 57600 PS P1 Tr "a22*b24" 
11 57600 P0 0_1_a22*b24 "100" TTP C
12 57600 P1 0_1_a22*b24 "100" TTP C
10 57600 PS P2 Tr "a21*b13" 
11 57600 P3 3_2_a21*b13 "100" TTP C
12 57600 P2 3_2_a21*b13 "100" TTP C
10 57600 PS P0 Tr "a25*b56" 
11 57600 P5 5_0_a25*b56 "100" TTP C
12 57600 P0 5_0_a25*b56 "100" TTP C
17 57700 Pile T 1.00 
10 57700 PS P5 Idle "" 
10 57700 PS P5 Tr "a53*b35" 
11 57700 P4 4_5_a53*b35 "100" TTP C
12 57700 P5 4_5_a53*b35 "100" TTP C
10 57700 PS P4 Tr "a24*b41" 
11 57700 P1 1_4_a24*b41 "100" TTP C
12 57700 P4 1_4_a24*b41 "100" TTP C
10 57700 PS P1 Tr "a21*b14" 
11 57700 P5 5_1_a21*b14 "100" TTP C
12 57700 P1 5_1_a21*b14 "100" TTP C
10 57700 PS P2 Tr "a23*b33" 
11 57700 P4 4_2_a23*b33 "100" TTP C
12 57700 P2 4_2_a23*b33 "100" TTP C
10 57700 PS P0 Exec "C26" 
17 57800 Pile T 1.00 
10 57800 PS P3 Idle "" 
10 57800 PS P3 Tr "a52*b22" 
11 57800 P4 4_3_a52*b22 "100" TTP C
12 57800 P3 4_3_a52*b22 "100" TTP C
10 57800 PS P5 Tr "a52*b25" 
11 57800 P0 0_5_a52*b25 "100" TTP C
12 57800 P5 0_5_a52*b25 "100" TTP C
10 57800 PS P4 Tr "a21*b11" 
11 57800 P1 1_4_a21*b11 "100" TTP C
12 57800 P4 1_4_a21*b11 "100" TTP C
10 57800 PS P1 Tr "a23*b34" 
11 57800 P2 2_1_a23*b34 "100" TTP C
12 57800 P1 2_1_a23*b34 "100" TTP C
10 57800 PS P2 Exec "C23" 
10 57900 PS P3 Tr "a54*b42" 
11 57900 P0 0_3_a54*b42 "100" TTP C
12 57900 P3 0_3_a54*b42 "100" TTP C
10 57900 PS P5 Tr "a54*b45" 
11 57900 P0 0_5_a54*b45 "100" TTP C
12 57900 P5 0_5_a54*b45 "100" TTP C
10 57900 PS P4 Tr "a23*b31" 
11 57900 P0 0_4_a23*b31 "100" TTP C
12 57900 P4 0_4_a23*b31 "100" TTP C
10 57900 PS P1 Exec "C24" 
10 58000 PS P3 Tr "a53*b32" 
11 58000 P2 2_3_a53*b32 "100" TTP C
12 58000 P3 2_3_a53*b32 "100" TTP C
10 58000 PS P5 Tr "a55*b55" 
11 58000 P4 4_5_a55*b55 "100" TTP C
12 58000 P5 4_5_a55*b55 "100" TTP C
10 58000 PS P4 Exec "C21" 
17 58100 Pile T 1.00 
10 58100 PS P0 Idle "" 
10 58100 PS P0 Tr "a53*b36" 
11 58100 P2 2_0_a53*b36 "100" TTP C
12 58100 P0 2_0_a53*b36 "100" TTP C
10 58100 PS P3 Exec "C52" 
10 58100 PS P5 Exec "C55" 
17 58200 Pile T 1.00 
10 58200 PS P2 Idle "" 
10 58200 PS P2 Tr "a54*b41" 
11 58200 P1 1_2_a54*b41 "100" TTP C
12 58200 P2 1_2_a54*b41 "100" TTP C
10 58200 PS P0 Tr "a55*b56" 
11 58200 P2 2_0_a55*b56 "100" TTP C
12 58200 P0 2_0_a55*b56 "100" TTP C
17 58300 Pile T 1.00 
10 58300 PS P1 Idle "" 
10 58300 PS P1 Tr "a52*b24" 
11 58300 P2 2_1_a52*b24 "100" TTP C
12 58300 P1 2_1_a52*b24 "100" TTP C
10 58300 PS P2 Tr "a55*b51" 
11 58300 P1 1_2_a55*b51 "100" TTP C
12 58300 P2 1_2_a55*b51 "100" TTP C
10 58300 PS P0 Tr "a52*b26" 
11 58300 P1 1_0_a52*b26 "100" TTP C
12 58300 P0 1_0_a52*b26 "100" TTP C
17 58400 Pile T 1.00 
10 58400 PS P4 Idle "" 
10 58400 PS P4 Tr "a54*b43" 
11 58400 P1 1_4_a54*b43 "100" TTP C
12 58400 P4 1_4_a54*b43 "100" TTP C
10 58400 PS P1 Tr "a51*b14" 
11 58400 P0 0_1_a51*b14 "100" TTP C
12 58400 P1 0_1_a51*b14 "100" TTP C
10 58400 PS P2 Tr "a51*b11" 
11 58400 P1 1_2_a51*b11 "100" TTP C
12 58400 P2 1_2_a51*b11 "100" TTP C
10 58400 PS P0 Tr "a51*b16" 
11 58400 P2 2_0_a51*b16 "100" TTP C
12 58400 P0 2_0_a51*b16 "100" TTP C
17 58500 Pile T 1.00 
10 58500 PS P3 Idle "" 
17 58500 Pile T 1.00 
10 58500 PS P5 Idle "" 
10 58500 PS P4 Tr "a55*b53" 
11 58500 P0 0_4_a55*b53 "100" TTP C
12 58500 P4 0_4_a55*b53 "100" TTP C
10 58500 PS P1 Tr "a55*b54" 
11 58500 P5 5_1_a55*b54 "100" TTP C
12 58500 P1 5_1_a55*b54 "100" TTP C
10 58500 PS P2 Tr "a53*b31" 
11 58500 P0 0_2_a53*b31 "100" TTP C
12 58500 P2 0_2_a53*b31 "100" TTP C
10 58500 PS P0 Exec "C56" 
10 58600 PS P4 Tr "a52*b23" 
11 58600 P5 5_4_a52*b23 "100" TTP C
12 58600 P4 5_4_a52*b23 "100" TTP C
10 58600 PS P1 Exec "C54" 
10 58600 PS P2 Tr "a52*b21" 
11 58600 P3 3_2_a52*b21 "100" TTP C
12 58600 P2 3_2_a52*b21 "100" TTP C
10 58700 PS P4 Tr "a53*b33" 
11 58700 P5 5_4_a53*b33 "100" TTP C
12 58700 P4 5_4_a53*b33 "100" TTP C
10 58700 PS P2 Exec "C51" 
10 58800 PS P4 Exec "C53" 
17 58900 Pile T 1.00 
10 58900 PS P0 Idle "" 
17 59000 Pile T 1.00 
10 59000 PS P1 Idle "" 
17 59100 Pile T 1.00 
10 59100 PS P2 Idle "" 
17 59200 Pile T 1.00 
16 59200 Pile T 1.00 
10 59200 PS P4 Idle "" 
10 59200 PS P4 Tr "C56" 
11 59200 P0 0_4_C56 "100" TTP C
12 59200 P4 0_4_C56 "100" TTP C
10 59300 PS P4 Tr "C23" 
11 59300 P2 2_4_C23 "100" TTP C
12 59300 P4 2_4_C23 "100" TTP C
10 59400 PS P4 Tr "C25" 
11 59400 P5 5_4_C25 "100" TTP C
12 59400 P4 5_4_C25 "100" TTP C
10 59500 PS P4 Tr "C64" 
11 59500 P0 0_4_C64 "100" TTP C
12 59500 P4 0_4_C64 "100" TTP C
10 59600 PS P4 Tr "C22" 
11 59600 P3 3_4_C22 "100" TTP C
12 59600 P4 3_4_C22 "100" TTP C
10 59700 PS P4 Tr "C41" 
11 59700 P2 2_4_C41 "100" TTP C
12 59700 P4 2_4_C41 "100" TTP C
10 59800 PS P4 Tr "C43" 
11 59800 P0 0_4_C43 "100" TTP C
12 59800 P4 0_4_C43 "100" TTP C
10 59900 PS P4 Tr "C33" 
11 59900 P0 0_4_C33 "100" TTP C
12 59900 P4 0_4_C33 "100" TTP C
10 60000 PS P4 Tr "C62" 
11 60000 P1 1_4_C62 "100" TTP C
12 60000 P4 1_4_C62 "100" TTP C
10 60100 PS P4 Tr "C54" 
11 60100 P1 1_4_C54 "100" TTP C
12 60100 P4 1_4_C54 "100" TTP C
10 60200 PS P4 Tr "C42" 
11 60200 P3 3_4_C42 "100" TTP C
12 60200 P4 3_4_C42 "100" TTP C
10 60300 PS P4 Tr "C31" 
11 60300 P5 5_4_C31 "100" TTP C
12 60300 P4 5_4_C31 "100" TTP C
10 60400 PS P4 Tr "C15" 
11 60400 P0 0_4_C15 "100" TTP C
12 60400 P4 0_4_C15 "100" TTP C
10 60500 PS P4 Tr "C51" 
11 60500 P2 2_4_C51 "100" TTP C
12 60500 P4 2_4_C51 "100" TTP C
10 60600 PS P4 Tr "C11" 
11 60600 P5 5_4_C11 "100" TTP C
12 60600 P4 5_4_C11 "100" TTP C
10 60700 PS P4 Tr "C16" 
11 60700 P1 1_4_C16 "100" TTP C
12 60700 P4 1_4_C16 "100" TTP C
10 60800 PS P4 Tr "C52" 
11 60800 P3 3_4_C52 "100" TTP C
12 60800 P4 3_4_C52 "100" TTP C
10 60900 PS P4 Tr "C36" 
11 60900 P2 2_4_C36 "100" TTP C
12 60900 P4 2_4_C36 "100" TTP C
10 61000 PS P4 Tr "C66" 
11 61000 P5 5_4_C66 "100" TTP C
12 61000 P4 5_4_C66 "100" TTP C
10 61100 PS P4 Tr "C55" 
11 61100 P5 5_4_C55 "100" TTP C
12 61100 P4 5_4_C55 "100" TTP C
10 61200 PS P4 Tr "C61" 
11 61200 P2 2_4_C61 "100" TTP C
12 61200 P4 2_4_C61 "100" TTP C
10 61300 PS P4 Tr "C14" 
11 61300 P2 2_4_C14 "100" TTP C
12 61300 P4 2_4_C14 "100" TTP C
10 61400 PS P4 Tr "C46" 
11 61400 P5 5_4_C46 "100" TTP C
12 61400 P4 5_4_C46 "100" TTP C
10 61500 PS P4 Tr "C13" 
11 61500 P3 3_4_C13 "100" TTP C
12 61500 P4 3_4_C13 "100" TTP C
10 61600 PS P4 Tr "C24" 
11 61600 P1 1_4_C24 "100" TTP C
12 61600 P4 1_4_C24 "100" TTP C
10 61700 PS P4 Tr "C26" 
11 61700 P0 0_4_C26 "100" TTP C
12 61700 P4 0_4_C26 "100" TTP C
10 61800 PS P4 Tr "C44" 
11 61800 P3 3_4_C44 "100" TTP C
12 61800 P4 3_4_C44 "100" TTP C
10 61900 PS P4 Tr "C45" 
11 61900 P1 1_4_C45 "100" TTP C
12 61900 P4 1_4_C45 "100" TTP C
10 62000 PS P4 Tr "C32" 
11 62000 P3 3_4_C32 "100" TTP C
12 62000 P4 3_4_C32 "100" TTP C
10 62100 PS P4 Tr "C34" 
11 62100 P1 1_4_C34 "100" TTP C
12 62100 P4 1_4_C34 "100" TTP C
10 62200 PS P4 Exec "Fusion" 
17 69400 Pile T 1.00 
10 69400 PS P4 Idle "" 
8 69400 Pile PL
8 69400 P4 Pr
8 69400 P2 Pr
8 69400 P1 Pr
8 69400 P0 Pr
8 69400 P5 Pr
8 69400 P3 Pr
8 69400 TTP P
