%EventDef PajeDefineContainerType 1
% Alias string
% ContainerType string
% Name string
%EndEventDef
%EventDef PajeDefineStateType 3
% Alias string
% ContainerType string
% Name string
%EndEventDef
%EventDef PajeDefineLinkType 4
% Name string
% ContainerType string
% SourceContainerType string
% DestContainerType string
% Alias string
%EndEventDef
%EventDef PajeDefineEntityValue 6
% Alias string
% EntityType string
% Name string
% Color color
%EndEventDef
%EventDef PajeCreateContainer 7
% Time date
% Alias string
% Type string
% Container string
% Name string
%EndEventDef
%EventDef PajeDestroyContainer 8
% Time date
% Name string
% Type string
%EndEventDef
%EventDef PajeSetState 10
% Time date
% Type string
% Container string
% Value string
% file string
%EndEventDef
%EventDef PajeStartLink 11
% Time date
% SourceContainer string
% Key string
% Value string
% Container string
% Type string
%EndEventDef
%EventDef PajeEndLink 12
% Time date
% DestContainer string
% Key string
% Value string
% Container string
% Type string
%EndEventDef
%EventDef PajePushState	13
% Time	date
% EntityType	string
% Container	string
% Value	string
%EndEventDef
%EventDef PajeDefineVariableType 14
% Type string
% Name string
% Color color
% Alias string
%EndEventDef
%EventDef PajeSetVariable 15
% Time date
% Container string
% Type string
% Value double
%EndEventDef
%EventDef PajeAddVariable 16
% Time date
% Container string
% Type string
% Value double
%EndEventDef
%EventDef PajeSubVariable 17
% Time date
% Container string
% Type string
% Value double
%EndEventDef
1 P 0 Program
1 Pr P Processors
1 PL P Tasks
3 PS Pr "Processor State"
3 PF Pr "Ready File"
6 Exec PS Executing "2 .0 .1"
6 Idle PS Idle "8 .3 .0"
6 TR PS Transfer "0 .3 .8"
14 PL "Task" "1 .5 .5" T
7 0 TTP P 0 "Plate-forme"
4 "Communication" P Pr Pr C
7 0 Pile PL TTP "Pile 1"
7 0 P0 Pr TTP "P 0" 
10 0 PS P0 Idle "" 
7 0 P1 Pr TTP "P 1" 
10 0 PS P1 Idle "" 
7 0 P2 Pr TTP "P 2" 
10 0 PS P2 Idle "" 
7 0 P3 Pr TTP "P 3" 
10 0 PS P3 Idle "" 
7 0 P4 Pr TTP "P 4" 
10 0 PS P4 Idle "" 
7 0 P5 Pr TTP "P 5" 
10 0 PS P5 Idle "" 
10 0 PS P0 Exec "split-a" 
10 0 PS P1 Exec "split-b" 
17 3200 Pile T 1.00 
16 3200 Pile T 1.00 
16 3200 Pile T 1.00 
16 3200 Pile T 1.00 
16 3200 Pile T 1.00 
16 3200 Pile T 1.00 
16 3200 Pile T 1.00 
16 3200 Pile T 1.00 
16 3200 Pile T 1.00 
16 3200 Pile T 1.00 
16 3200 Pile T 1.00 
16 3200 Pile T 1.00 
16 3200 Pile T 1.00 
16 3200 Pile T 1.00 
16 3200 Pile T 1.00 
16 3200 Pile T 1.00 
16 3200 Pile T 1.00 
10 3200 PS P0 Idle "" 
10 3200 PS P0 Exec "a32" 
10 3200 PS P2 Tr "split-a" 
11 3200 P0 0_2_split-a "1600" TTP C
12 3200 P2 0_2_split-a "1600" TTP C
10 3200 PS P3 Tr "split-a" 
11 3200 P0 0_3_split-a "1600" TTP C
12 3200 P3 0_3_split-a "1600" TTP C
10 3200 PS P4 Tr "split-a" 
11 3200 P0 0_4_split-a "1600" TTP C
12 3200 P4 0_4_split-a "1600" TTP C
10 3200 PS P5 Tr "split-a" 
11 3200 P0 0_5_split-a "1600" TTP C
12 3200 P5 0_5_split-a "1600" TTP C
17 3200 Pile T 1.00 
16 3200 Pile T 1.00 
16 3200 Pile T 1.00 
16 3200 Pile T 1.00 
16 3200 Pile T 1.00 
16 3200 Pile T 1.00 
16 3200 Pile T 1.00 
16 3200 Pile T 1.00 
16 3200 Pile T 1.00 
16 3200 Pile T 1.00 
16 3200 Pile T 1.00 
16 3200 Pile T 1.00 
16 3200 Pile T 1.00 
16 3200 Pile T 1.00 
16 3200 Pile T 1.00 
16 3200 Pile T 1.00 
16 3200 Pile T 1.00 
10 3200 PS P1 Idle "" 
10 3200 PS P1 Tr "split-a" 
11 3200 P0 0_1_split-a "1600" TTP C
12 3200 P1 0_1_split-a "1600" TTP C
17 3200 Pile T 1.00 
10 3200 PS P0 Idle "" 
10 3200 PS P0 Exec "a21" 
17 3200 Pile T 1.00 
10 3200 PS P0 Idle "" 
10 3200 PS P0 Exec "a13" 
17 3200 Pile T 1.00 
10 3200 PS P0 Idle "" 
10 3200 PS P0 Exec "a43" 
17 3200 Pile T 1.00 
10 3200 PS P0 Idle "" 
10 3200 PS P0 Exec "a33" 
17 3200 Pile T 1.00 
10 3200 PS P0 Idle "" 
10 3200 PS P0 Exec "a44" 
17 3200 Pile T 1.00 
10 3200 PS P0 Idle "" 
10 3200 PS P0 Exec "a24" 
17 3200 Pile T 1.00 
10 3200 PS P0 Idle "" 
10 3200 PS P0 Exec "a14" 
17 3200 Pile T 1.00 
10 3200 PS P0 Idle "" 
10 3200 PS P0 Exec "a11" 
17 3200 Pile T 1.00 
10 3200 PS P0 Idle "" 
10 3200 PS P0 Exec "a23" 
17 3200 Pile T 1.00 
10 3200 PS P0 Idle "" 
10 3200 PS P0 Exec "a34" 
17 3200 Pile T 1.00 
10 3200 PS P0 Idle "" 
10 3200 PS P0 Tr "split-b" 
11 3200 P1 1_0_split-b "1600" TTP C
12 3200 P0 1_0_split-b "1600" TTP C
10 4800 PS P2 Exec "a41" 
10 4800 PS P3 Exec "a22" 
10 4800 PS P4 Exec "a12" 
10 4800 PS P5 Exec "a42" 
10 4800 PS P1 Exec "a31" 
10 4800 PS P0 Exec "b12" 
17 4800 Pile T 1.00 
10 4800 PS P2 Idle "" 
10 4800 PS P2 Tr "split-b" 
11 4800 P1 1_2_split-b "1600" TTP C
12 4800 P2 1_2_split-b "1600" TTP C
17 4800 Pile T 1.00 
10 4800 PS P3 Idle "" 
10 4800 PS P3 Tr "split-b" 
11 4800 P1 1_3_split-b "1600" TTP C
12 4800 P3 1_3_split-b "1600" TTP C
17 4800 Pile T 1.00 
10 4800 PS P4 Idle "" 
10 4800 PS P4 Tr "split-b" 
11 4800 P1 1_4_split-b "1600" TTP C
12 4800 P4 1_4_split-b "1600" TTP C
17 4800 Pile T 1.00 
10 4800 PS P5 Idle "" 
10 4800 PS P5 Tr "split-b" 
11 4800 P1 1_5_split-b "1600" TTP C
12 4800 P5 1_5_split-b "1600" TTP C
17 4800 Pile T 1.00 
10 4800 PS P1 Idle "" 
10 4800 PS P1 Exec "b23" 
17 4800 Pile T 1.00 
16 4800 Pile T 1.00 
16 4800 Pile T 1.00 
16 4800 Pile T 1.00 
16 4800 Pile T 1.00 
10 4800 PS P0 Idle "" 
10 4800 PS P0 Exec "b31" 
17 4800 Pile T 1.00 
16 4800 Pile T 1.00 
16 4800 Pile T 1.00 
16 4800 Pile T 1.00 
16 4800 Pile T 1.00 
10 4800 PS P1 Idle "" 
10 4800 PS P1 Exec "b34" 
17 4800 Pile T 1.00 
16 4800 Pile T 1.00 
16 4800 Pile T 1.00 
16 4800 Pile T 1.00 
16 4800 Pile T 1.00 
10 4800 PS P0 Idle "" 
10 4800 PS P0 Exec "b13" 
17 4800 Pile T 1.00 
16 4800 Pile T 1.00 
16 4800 Pile T 1.00 
16 4800 Pile T 1.00 
16 4800 Pile T 1.00 
10 4800 PS P1 Idle "" 
10 4800 PS P1 Exec "b32" 
17 4800 Pile T 1.00 
16 4800 Pile T 1.00 
16 4800 Pile T 1.00 
16 4800 Pile T 1.00 
16 4800 Pile T 1.00 
10 4800 PS P0 Idle "" 
10 4800 PS P0 Exec "b42" 
17 4800 Pile T 1.00 
16 4800 Pile T 1.00 
16 4800 Pile T 1.00 
16 4800 Pile T 1.00 
16 4800 Pile T 1.00 
10 4800 PS P1 Idle "" 
10 4800 PS P1 Exec "b22" 
17 4800 Pile T 1.00 
16 4800 Pile T 1.00 
16 4800 Pile T 1.00 
16 4800 Pile T 1.00 
16 4800 Pile T 1.00 
10 4800 PS P0 Idle "" 
10 4800 PS P0 Exec "b24" 
17 4800 Pile T 1.00 
16 4800 Pile T 1.00 
16 4800 Pile T 1.00 
16 4800 Pile T 1.00 
16 4800 Pile T 1.00 
10 4800 PS P1 Idle "" 
10 4800 PS P1 Exec "b14" 
17 4800 Pile T 1.00 
16 4800 Pile T 1.00 
16 4800 Pile T 1.00 
16 4800 Pile T 1.00 
16 4800 Pile T 1.00 
10 4800 PS P0 Idle "" 
10 4800 PS P0 Exec "b44" 
17 4800 Pile T 1.00 
16 4800 Pile T 1.00 
16 4800 Pile T 1.00 
16 4800 Pile T 1.00 
16 4800 Pile T 1.00 
10 4800 PS P1 Idle "" 
10 4800 PS P1 Exec "b41" 
17 4800 Pile T 1.00 
16 4800 Pile T 1.00 
16 4800 Pile T 1.00 
16 4800 Pile T 1.00 
16 4800 Pile T 1.00 
10 4800 PS P0 Idle "" 
10 4800 PS P0 Exec "a21*b12" 
17 4800 Pile T 1.00 
16 4800 Pile T 1.00 
16 4800 Pile T 1.00 
16 4800 Pile T 1.00 
16 4800 Pile T 1.00 
10 4800 PS P1 Idle "" 
10 4800 PS P1 Tr "a41" 
11 4800 P2 2_1_a41 "100" TTP C
12 4800 P1 2_1_a41 "100" TTP C
10 4900 PS P1 Tr "b12" 
11 4900 P0 0_1_b12 "100" TTP C
12 4900 P1 0_1_b12 "100" TTP C
10 5000 PS P1 Exec "a41*b12" 
17 5800 Pile T 1.00 
10 5800 PS P0 Idle "" 
10 5800 PS P0 Tr "a31" 
11 5800 P1 1_0_a31 "100" TTP C
12 5800 P0 1_0_a31 "100" TTP C
10 5900 PS P0 Exec "a31*b12" 
17 6000 Pile T 1.00 
10 6000 PS P1 Idle "" 
10 6000 PS P1 Tr "a11" 
11 6000 P0 0_1_a11 "100" TTP C
12 6000 P1 0_1_a11 "100" TTP C
10 6100 PS P1 Exec "a11*b12" 
10 6400 PS P2 Exec "b21" 
10 6400 PS P3 Exec "b43" 
10 6400 PS P4 Exec "b33" 
10 6400 PS P5 Exec "b11" 
17 6400 Pile T 1.00 
16 6400 Pile T 1.00 
16 6400 Pile T 1.00 
16 6400 Pile T 1.00 
16 6400 Pile T 1.00 
10 6400 PS P2 Idle "" 
10 6400 PS P2 Tr "b23" 
11 6400 P1 1_2_b23 "100" TTP C
12 6400 P2 1_2_b23 "100" TTP C
17 6400 Pile T 1.00 
16 6400 Pile T 1.00 
16 6400 Pile T 1.00 
16 6400 Pile T 1.00 
16 6400 Pile T 1.00 
10 6400 PS P3 Idle "" 
10 6400 PS P3 Tr "b23" 
11 6400 P1 1_3_b23 "100" TTP C
12 6400 P3 1_3_b23 "100" TTP C
17 6400 Pile T 1.00 
16 6400 Pile T 1.00 
16 6400 Pile T 1.00 
16 6400 Pile T 1.00 
16 6400 Pile T 1.00 
10 6400 PS P4 Idle "" 
10 6400 PS P4 Tr "a42" 
11 6400 P5 5_4_a42 "100" TTP C
12 6400 P4 5_4_a42 "100" TTP C
17 6400 Pile T 1.00 
16 6400 Pile T 1.00 
16 6400 Pile T 1.00 
16 6400 Pile T 1.00 
16 6400 Pile T 1.00 
10 6400 PS P5 Idle "" 
10 6400 PS P5 Tr "b23" 
11 6400 P1 1_5_b23 "100" TTP C
12 6400 P5 1_5_b23 "100" TTP C
10 6500 PS P2 Tr "a22" 
11 6500 P3 3_2_a22 "100" TTP C
12 6500 P2 3_2_a22 "100" TTP C
10 6500 PS P3 Tr "a12" 
11 6500 P4 4_3_a12 "100" TTP C
12 6500 P3 4_3_a12 "100" TTP C
10 6500 PS P4 Tr "b23" 
11 6500 P1 1_4_b23 "100" TTP C
12 6500 P4 1_4_b23 "100" TTP C
10 6500 PS P5 Tr "a32" 
11 6500 P0 0_5_a32 "100" TTP C
12 6500 P5 0_5_a32 "100" TTP C
10 6600 PS P2 Exec "a22*b23" 
10 6600 PS P3 Exec "a12*b23" 
10 6600 PS P4 Exec "a42*b23" 
10 6600 PS P5 Exec "a32*b23" 
17 6900 Pile T 1.00 
10 6900 PS P0 Idle "" 
10 6900 PS P0 Exec "a23*b31" 
17 7100 Pile T 1.00 
10 7100 PS P1 Idle "" 
10 7100 PS P1 Tr "a43" 
11 7100 P0 0_1_a43 "100" TTP C
12 7100 P1 0_1_a43 "100" TTP C
10 7200 PS P1 Tr "b31" 
11 7200 P0 0_1_b31 "100" TTP C
12 7200 P1 0_1_b31 "100" TTP C
10 7300 PS P1 Exec "a43*b31" 
17 7600 Pile T 1.00 
10 7600 PS P2 Idle "" 
10 7600 PS P2 Tr "b31" 
11 7600 P0 0_2_b31 "100" TTP C
12 7600 P2 0_2_b31 "100" TTP C
17 7600 Pile T 1.00 
10 7600 PS P3 Idle "" 
10 7600 PS P3 Tr "b31" 
11 7600 P0 0_3_b31 "100" TTP C
12 7600 P3 0_3_b31 "100" TTP C
17 7600 Pile T 1.00 
10 7600 PS P4 Idle "" 
10 7600 PS P4 Tr "b34" 
11 7600 P1 1_4_b34 "100" TTP C
12 7600 P4 1_4_b34 "100" TTP C
17 7600 Pile T 1.00 
10 7600 PS P5 Idle "" 
10 7600 PS P5 Tr "a33" 
11 7600 P0 0_5_a33 "100" TTP C
12 7600 P5 0_5_a33 "100" TTP C
10 7700 PS P2 Tr "a13" 
11 7700 P0 0_2_a13 "100" TTP C
12 7700 P2 0_2_a13 "100" TTP C
10 7700 PS P3 Tr "a33" 
11 7700 P0 0_3_a33 "100" TTP C
12 7700 P3 0_3_a33 "100" TTP C
10 7700 PS P4 Tr "a13" 
11 7700 P0 0_4_a13 "100" TTP C
12 7700 P4 0_4_a13 "100" TTP C
10 7700 PS P5 Tr "b34" 
11 7700 P1 1_5_b34 "100" TTP C
12 7700 P5 1_5_b34 "100" TTP C
10 7800 PS P2 Exec "a13*b31" 
10 7800 PS P3 Exec "a33*b31" 
10 7800 PS P4 Exec "a13*b34" 
10 7800 PS P5 Exec "a33*b34" 
17 7900 Pile T 1.00 
10 7900 PS P0 Idle "" 
10 7900 PS P0 Tr "b34" 
11 7900 P1 1_0_b34 "100" TTP C
12 7900 P0 1_0_b34 "100" TTP C
10 8000 PS P0 Exec "a43*b34" 
17 8300 Pile T 1.00 
10 8300 PS P1 Idle "" 
10 8300 PS P1 Tr "a23" 
11 8300 P0 0_1_a23 "100" TTP C
12 8300 P1 0_1_a23 "100" TTP C
10 8400 PS P1 Exec "a23*b34" 
17 8800 Pile T 1.00 
10 8800 PS P2 Idle "" 
10 8800 PS P2 Tr "b13" 
11 8800 P0 0_2_b13 "100" TTP C
12 8800 P2 0_2_b13 "100" TTP C
17 8800 Pile T 1.00 
10 8800 PS P3 Idle "" 
10 8800 PS P3 Tr "a31" 
11 8800 P1 1_3_a31 "100" TTP C
12 8800 P3 1_3_a31 "100" TTP C
17 8800 Pile T 1.00 
10 8800 PS P4 Idle "" 
10 8800 PS P4 Tr "b13" 
11 8800 P0 0_4_b13 "100" TTP C
12 8800 P4 0_4_b13 "100" TTP C
17 8800 Pile T 1.00 
10 8800 PS P5 Idle "" 
10 8800 PS P5 Tr "b13" 
11 8800 P0 0_5_b13 "100" TTP C
12 8800 P5 0_5_b13 "100" TTP C
10 8900 PS P2 Exec "a41*b13" 
10 8900 PS P3 Tr "b13" 
11 8900 P0 0_3_b13 "100" TTP C
12 8900 P3 0_3_b13 "100" TTP C
10 8900 PS P4 Tr "a21" 
11 8900 P0 0_4_a21 "100" TTP C
12 8900 P4 0_4_a21 "100" TTP C
10 8900 PS P5 Tr "a11" 
11 8900 P0 0_5_a11 "100" TTP C
12 8900 P5 0_5_a11 "100" TTP C
17 9000 Pile T 1.00 
10 9000 PS P0 Idle "" 
10 9000 PS P0 Tr "b32" 
11 9000 P1 1_0_b32 "100" TTP C
12 9000 P0 1_0_b32 "100" TTP C
10 9000 PS P3 Exec "a31*b13" 
10 9000 PS P4 Exec "a21*b13" 
10 9000 PS P5 Exec "a11*b13" 
10 9100 PS P0 Exec "a13*b32" 
17 9400 Pile T 1.00 
10 9400 PS P1 Idle "" 
10 9400 PS P1 Exec "a43*b32" 
17 9900 Pile T 1.00 
10 9900 PS P2 Idle "" 
10 9900 PS P2 Tr "a23" 
11 9900 P0 0_2_a23 "100" TTP C
12 9900 P2 0_2_a23 "100" TTP C
17 10000 Pile T 1.00 
10 10000 PS P3 Idle "" 
10 10000 PS P3 Tr "b32" 
11 10000 P1 1_3_b32 "100" TTP C
12 10000 P3 1_3_b32 "100" TTP C
17 10000 Pile T 1.00 
10 10000 PS P4 Idle "" 
10 10000 PS P4 Tr "a34" 
11 10000 P0 0_4_a34 "100" TTP C
12 10000 P4 0_4_a34 "100" TTP C
17 10000 Pile T 1.00 
10 10000 PS P5 Idle "" 
10 10000 PS P5 Tr "a44" 
11 10000 P0 0_5_a44 "100" TTP C
12 10000 P5 0_5_a44 "100" TTP C
10 10000 PS P2 Tr "b32" 
11 10000 P1 1_2_b32 "100" TTP C
12 10000 P2 1_2_b32 "100" TTP C
17 10100 Pile T 1.00 
10 10100 PS P0 Idle "" 
10 10100 PS P0 Exec "a14*b42" 
10 10100 PS P3 Exec "a33*b32" 
10 10100 PS P4 Tr "b42" 
11 10100 P0 0_4_b42 "100" TTP C
12 10100 P4 0_4_b42 "100" TTP C
10 10100 PS P5 Tr "b42" 
11 10100 P0 0_5_b42 "100" TTP C
12 10100 P5 0_5_b42 "100" TTP C
10 10100 PS P2 Exec "a23*b32" 
10 10200 PS P4 Exec "a34*b42" 
10 10200 PS P5 Exec "a44*b42" 
17 10400 Pile T 1.00 
10 10400 PS P1 Idle "" 
10 10400 PS P1 Tr "a24" 
11 10400 P0 0_1_a24 "100" TTP C
12 10400 P1 0_1_a24 "100" TTP C
10 10500 PS P1 Tr "b42" 
11 10500 P0 0_1_b42 "100" TTP C
12 10500 P1 0_1_b42 "100" TTP C
10 10600 PS P1 Exec "a24*b42" 
17 11100 Pile T 1.00 
10 11100 PS P0 Idle "" 
10 11100 PS P0 Tr "b22" 
11 11100 P1 1_0_b22 "100" TTP C
12 11100 P0 1_0_b22 "100" TTP C
17 11100 Pile T 1.00 
10 11100 PS P3 Idle "" 
10 11100 PS P3 Tr "b22" 
11 11100 P1 1_3_b22 "100" TTP C
12 11100 P3 1_3_b22 "100" TTP C
17 11100 Pile T 1.00 
10 11100 PS P2 Idle "" 
10 11100 PS P2 Tr "b22" 
11 11100 P1 1_2_b22 "100" TTP C
12 11100 P2 1_2_b22 "100" TTP C
17 11200 Pile T 1.00 
10 11200 PS P4 Idle "" 
10 11200 PS P4 Tr "b22" 
11 11200 P1 1_4_b22 "100" TTP C
12 11200 P4 1_4_b22 "100" TTP C
17 11200 Pile T 1.00 
10 11200 PS P5 Idle "" 
10 11200 PS P5 Tr "b24" 
11 11200 P0 0_5_b24 "100" TTP C
12 11200 P5 0_5_b24 "100" TTP C
10 11200 PS P0 Exec "a32*b22" 
10 11200 PS P3 Exec "a12*b22" 
10 11200 PS P2 Exec "a22*b22" 
10 11300 PS P4 Exec "a42*b22" 
10 11300 PS P5 Exec "a42*b24" 
17 11600 Pile T 1.00 
10 11600 PS P1 Idle "" 
10 11600 PS P1 Tr "a12" 
11 11600 P4 4_1_a12 "100" TTP C
12 11600 P1 4_1_a12 "100" TTP C
10 11700 PS P1 Tr "b24" 
11 11700 P0 0_1_b24 "100" TTP C
12 11700 P1 0_1_b24 "100" TTP C
10 11800 PS P1 Exec "a12*b24" 
17 12200 Pile T 1.00 
16 12200 Pile T 1.00 
10 12200 PS P0 Idle "" 
10 12200 PS P0 Tr "a22" 
11 12200 P3 3_0_a22 "100" TTP C
12 12200 P0 3_0_a22 "100" TTP C
17 12200 Pile T 1.00 
16 12200 Pile T 1.00 
10 12200 PS P3 Idle "" 
10 12200 PS P3 Tr "a32" 
11 12200 P0 0_3_a32 "100" TTP C
12 12200 P3 0_3_a32 "100" TTP C
17 12200 Pile T 1.00 
16 12200 Pile T 1.00 
10 12200 PS P2 Idle "" 
10 12200 PS P2 Tr "b14" 
11 12200 P1 1_2_b14 "100" TTP C
12 12200 P2 1_2_b14 "100" TTP C
17 12300 Pile T 1.00 
16 12300 Pile T 1.00 
10 12300 PS P4 Idle "" 
10 12300 PS P4 Tr "a31" 
11 12300 P1 1_4_a31 "100" TTP C
12 12300 P4 1_4_a31 "100" TTP C
17 12300 Pile T 1.00 
10 12300 PS P5 Idle "" 
10 12300 PS P5 Tr "a41" 
11 12300 P2 2_5_a41 "100" TTP C
12 12300 P5 2_5_a41 "100" TTP C
10 12300 PS P0 Exec "a22*b24" 
10 12300 PS P3 Tr "b24" 
11 12300 P0 0_3_b24 "100" TTP C
12 12300 P3 0_3_b24 "100" TTP C
10 12300 PS P2 Tr "a21" 
11 12300 P0 0_2_a21 "100" TTP C
12 12300 P2 0_2_a21 "100" TTP C
10 12400 PS P4 Tr "b14" 
11 12400 P1 1_4_b14 "100" TTP C
12 12400 P4 1_4_b14 "100" TTP C
10 12400 PS P5 Tr "b14" 
11 12400 P1 1_5_b14 "100" TTP C
12 12400 P5 1_5_b14 "100" TTP C
10 12400 PS P3 Exec "a32*b24" 
10 12400 PS P2 Exec "a21*b14" 
10 12500 PS P4 Exec "a31*b14" 
10 12500 PS P5 Exec "a41*b14" 
17 12800 Pile T 1.00 
10 12800 PS P1 Idle "" 
10 12800 PS P1 Exec "a11*b14" 
17 13300 Pile T 1.00 
10 13300 PS P0 Idle "" 
10 13300 PS P0 Exec "a14*b44" 
17 13400 Pile T 1.00 
10 13400 PS P3 Idle "" 
10 13400 PS P3 Tr "b44" 
11 13400 P0 0_3_b44 "100" TTP C
12 13400 P3 0_3_b44 "100" TTP C
17 13400 Pile T 1.00 
16 13400 Pile T 1.00 
10 13400 PS P2 Idle "" 
10 13400 PS P2 Tr "b44" 
11 13400 P0 0_2_b44 "100" TTP C
12 13400 P2 0_2_b44 "100" TTP C
17 13500 Pile T 1.00 
16 13500 Pile T 1.00 
10 13500 PS P4 Idle "" 
10 13500 PS P4 Tr "a44" 
11 13500 P0 0_4_a44 "100" TTP C
12 13500 P4 0_4_a44 "100" TTP C
17 13500 Pile T 1.00 
16 13500 Pile T 1.00 
10 13500 PS P5 Idle "" 
10 13500 PS P5 Tr "b41" 
11 13500 P1 1_5_b41 "100" TTP C
12 13500 P5 1_5_b41 "100" TTP C
10 13500 PS P3 Tr "a34" 
11 13500 P0 0_3_a34 "100" TTP C
12 13500 P3 0_3_a34 "100" TTP C
10 13500 PS P2 Tr "a24" 
11 13500 P0 0_2_a24 "100" TTP C
12 13500 P2 0_2_a24 "100" TTP C
10 13600 PS P4 Tr "b44" 
11 13600 P0 0_4_b44 "100" TTP C
12 13600 P4 0_4_b44 "100" TTP C
10 13600 PS P5 Tr "a34" 
11 13600 P0 0_5_a34 "100" TTP C
12 13600 P5 0_5_a34 "100" TTP C
10 13600 PS P3 Exec "a34*b44" 
10 13600 PS P2 Exec "a24*b44" 
10 13700 PS P4 Exec "a44*b44" 
10 13700 PS P5 Exec "a34*b41" 
17 13800 Pile T 1.00 
16 13800 Pile T 1.00 
10 13800 PS P1 Idle "" 
10 13800 PS P1 Exec "a24*b41" 
17 14300 Pile T 1.00 
10 14300 PS P0 Idle "" 
10 14300 PS P0 Tr "b41" 
11 14300 P1 1_0_b41 "100" TTP C
12 14300 P0 1_0_b41 "100" TTP C
10 14400 PS P0 Exec "a44*b41" 
17 14600 Pile T 1.00 
10 14600 PS P3 Idle "" 
10 14600 PS P3 Tr "b41" 
11 14600 P1 1_3_b41 "100" TTP C
12 14600 P3 1_3_b41 "100" TTP C
17 14600 Pile T 1.00 
10 14600 PS P2 Idle "" 
10 14600 PS P2 Tr "a32" 
11 14600 P0 0_2_a32 "100" TTP C
12 14600 P2 0_2_a32 "100" TTP C
17 14700 Pile T 1.00 
10 14700 PS P4 Idle "" 
10 14700 PS P4 Tr "b21" 
11 14700 P2 2_4_b21 "100" TTP C
12 14700 P4 2_4_b21 "100" TTP C
17 14700 Pile T 1.00 
10 14700 PS P5 Idle "" 
10 14700 PS P5 Tr "a22" 
11 14700 P3 3_5_a22 "100" TTP C
12 14700 P5 3_5_a22 "100" TTP C
10 14700 PS P3 Tr "a14" 
11 14700 P0 0_3_a14 "100" TTP C
12 14700 P3 0_3_a14 "100" TTP C
10 14700 PS P2 Exec "a32*b21" 
17 14800 Pile T 1.00 
10 14800 PS P1 Idle "" 
10 14800 PS P1 Tr "b21" 
11 14800 P2 2_1_b21 "100" TTP C
12 14800 P1 2_1_b21 "100" TTP C
10 14800 PS P4 Exec "a42*b21" 
10 14800 PS P5 Tr "b21" 
11 14800 P2 2_5_b21 "100" TTP C
12 14800 P5 2_5_b21 "100" TTP C
10 14800 PS P3 Exec "a14*b41" 
10 14900 PS P1 Exec "a12*b21" 
10 14900 PS P5 Exec "a22*b21" 
17 15400 Pile T 1.00 
10 15400 PS P0 Idle "" 
10 15400 PS P0 Tr "b43" 
11 15400 P3 3_0_b43 "100" TTP C
12 15400 P0 3_0_b43 "100" TTP C
10 15500 PS P0 Exec "a34*b43" 
17 15700 Pile T 1.00 
10 15700 PS P2 Idle "" 
10 15700 PS P2 Tr "a14" 
11 15700 P0 0_2_a14 "100" TTP C
12 15700 P2 0_2_a14 "100" TTP C
17 15800 Pile T 1.00 
10 15800 PS P4 Idle "" 
10 15800 PS P4 Tr "b43" 
11 15800 P3 3_4_b43 "100" TTP C
12 15800 P4 3_4_b43 "100" TTP C
17 15800 Pile T 1.00 
10 15800 PS P3 Idle "" 
10 15800 PS P3 Tr "a24" 
11 15800 P0 0_3_a24 "100" TTP C
12 15800 P3 0_3_a24 "100" TTP C
10 15800 PS P2 Tr "b43" 
11 15800 P3 3_2_b43 "100" TTP C
12 15800 P2 3_2_b43 "100" TTP C
17 15900 Pile T 1.00 
10 15900 PS P1 Idle "" 
10 15900 PS P1 Tr "a33" 
11 15900 P0 0_1_a33 "100" TTP C
12 15900 P1 0_1_a33 "100" TTP C
17 15900 Pile T 1.00 
10 15900 PS P5 Idle "" 
10 15900 PS P5 Tr "a43" 
11 15900 P0 0_5_a43 "100" TTP C
12 15900 P5 0_5_a43 "100" TTP C
10 15900 PS P4 Exec "a44*b43" 
10 15900 PS P3 Exec "a24*b43" 
10 15900 PS P2 Exec "a14*b43" 
10 16000 PS P1 Tr "b33" 
11 16000 P4 4_1_b33 "100" TTP C
12 16000 P1 4_1_b33 "100" TTP C
10 16000 PS P5 Tr "b33" 
11 16000 P4 4_5_b33 "100" TTP C
12 16000 P5 4_5_b33 "100" TTP C
10 16100 PS P1 Exec "a33*b33" 
10 16100 PS P5 Exec "a43*b33" 
17 16500 Pile T 1.00 
10 16500 PS P0 Idle "" 
10 16500 PS P0 Tr "b33" 
11 16500 P4 4_0_b33 "100" TTP C
12 16500 P0 4_0_b33 "100" TTP C
10 16600 PS P0 Exec "a13*b33" 
17 16900 Pile T 1.00 
10 16900 PS P4 Idle "" 
10 16900 PS P4 Tr "a23" 
11 16900 P0 0_4_a23 "100" TTP C
12 16900 P4 0_4_a23 "100" TTP C
17 16900 Pile T 1.00 
10 16900 PS P3 Idle "" 
10 16900 PS P3 Tr "a11" 
11 16900 P0 0_3_a11 "100" TTP C
12 16900 P3 0_3_a11 "100" TTP C
17 16900 Pile T 1.00 
10 16900 PS P2 Idle "" 
10 16900 PS P2 Tr "b11" 
11 16900 P5 5_2_b11 "100" TTP C
12 16900 P2 5_2_b11 "100" TTP C
10 17000 PS P4 Exec "a23*b33" 
10 17000 PS P3 Tr "b11" 
11 17000 P5 5_3_b11 "100" TTP C
12 17000 P3 5_3_b11 "100" TTP C
10 17000 PS P2 Exec "a41*b11" 
17 17100 Pile T 1.00 
16 17100 Pile T 1.00 
10 17100 PS P1 Idle "" 
10 17100 PS P1 Tr "a21" 
11 17100 P0 0_1_a21 "100" TTP C
12 17100 P1 0_1_a21 "100" TTP C
17 17100 Pile T 1.00 
16 17100 Pile T 1.00 
10 17100 PS P5 Idle "" 
10 17100 PS P5 Tr "a31" 
11 17100 P1 1_5_a31 "100" TTP C
12 17100 P5 1_5_a31 "100" TTP C
10 17100 PS P3 Exec "a11*b11" 
10 17200 PS P1 Tr "b11" 
11 17200 P5 5_1_b11 "100" TTP C
12 17200 P1 5_1_b11 "100" TTP C
10 17200 PS P5 Exec "a31*b11" 
10 17300 PS P1 Exec "a21*b11" 
17 17600 Pile T 1.00 
16 17600 Pile T 1.00 
10 17600 PS P0 Idle "" 
10 17600 PS P0 Tr "a33*b32" 
11 17600 P3 3_0_a33*b32 "100" TTP C
12 17600 P0 3_0_a33*b32 "100" TTP C
10 17700 PS P0 Exec "C32" 
17 18000 Pile T 1.00 
16 18000 Pile T 1.00 
10 18000 PS P4 Idle "" 
10 18000 PS P4 Tr "a12*b22" 
11 18000 P3 3_4_a12*b22 "100" TTP C
12 18000 P4 3_4_a12*b22 "100" TTP C
17 18000 Pile T 1.00 
16 18000 Pile T 1.00 
10 18000 PS P2 Idle "" 
10 18000 PS P2 Tr "a21*b12" 
11 18000 P0 0_2_a21*b12 "100" TTP C
12 18000 P2 0_2_a21*b12 "100" TTP C
17 18100 Pile T 1.00 
16 18100 Pile T 1.00 
10 18100 PS P3 Idle "" 
10 18100 PS P3 Tr "a43*b32" 
11 18100 P1 1_3_a43*b32 "100" TTP C
12 18100 P3 1_3_a43*b32 "100" TTP C
17 18100 Pile T 1.00 
10 18100 PS P0 Idle "" 
10 18100 PS P0 Tr "a23*b34" 
11 18100 P1 1_0_a23*b34 "100" TTP C
12 18100 P0 1_0_a23*b34 "100" TTP C
10 18100 PS P4 Tr "a13*b32" 
11 18100 P0 0_4_a13*b32 "100" TTP C
12 18100 P4 0_4_a13*b32 "100" TTP C
10 18100 PS P2 Exec "C22" 
17 18200 Pile T 1.00 
16 18200 Pile T 1.00 
10 18200 PS P5 Idle "" 
10 18200 PS P5 Tr "a32*b24" 
11 18200 P3 3_5_a32*b24 "100" TTP C
12 18200 P5 3_5_a32*b24 "100" TTP C
10 18200 PS P3 Tr "a42*b22" 
11 18200 P4 4_3_a42*b22 "100" TTP C
12 18200 P3 4_3_a42*b22 "100" TTP C
10 18200 PS P0 Tr "a21*b14" 
11 18200 P2 2_0_a21*b14 "100" TTP C
12 18200 P0 2_0_a21*b14 "100" TTP C
10 18200 PS P4 Tr "a11*b12" 
11 18200 P1 1_4_a11*b12 "100" TTP C
12 18200 P4 1_4_a11*b12 "100" TTP C
17 18300 Pile T 1.00 
16 18300 Pile T 1.00 
10 18300 PS P1 Idle "" 
10 18300 PS P1 Tr "a42*b24" 
11 18300 P5 5_1_a42*b24 "100" TTP C
12 18300 P1 5_1_a42*b24 "100" TTP C
10 18300 PS P5 Tr "a31*b14" 
11 18300 P4 4_5_a31*b14 "100" TTP C
12 18300 P5 4_5_a31*b14 "100" TTP C
10 18300 PS P3 Tr "a41*b12" 
11 18300 P1 1_3_a41*b12 "100" TTP C
12 18300 P3 1_3_a41*b12 "100" TTP C
10 18300 PS P0 Exec "C24" 
10 18300 PS P4 Exec "C12" 
10 18400 PS P1 Tr "a41*b14" 
11 18400 P5 5_1_a41*b14 "100" TTP C
12 18400 P1 5_1_a41*b14 "100" TTP C
10 18400 PS P5 Exec "C34" 
10 18400 PS P3 Exec "C42" 
17 18500 Pile T 1.00 
10 18500 PS P2 Idle "" 
10 18500 PS P2 Tr "a11*b14" 
11 18500 P1 1_2_a11*b14 "100" TTP C
12 18500 P2 1_2_a11*b14 "100" TTP C
10 18500 PS P1 Tr "a43*b34" 
11 18500 P0 0_1_a43*b34 "100" TTP C
12 18500 P1 0_1_a43*b34 "100" TTP C
10 18600 PS P2 Tr "a12*b24" 
11 18600 P1 1_2_a12*b24 "100" TTP C
12 18600 P2 1_2_a12*b24 "100" TTP C
10 18600 PS P1 Exec "C44" 
17 18700 Pile T 1.00 
10 18700 PS P0 Idle "" 
10 18700 PS P0 Tr "a33*b33" 
11 18700 P1 1_0_a33*b33 "100" TTP C
12 18700 P0 1_0_a33*b33 "100" TTP C
17 18700 Pile T 1.00 
10 18700 PS P4 Idle "" 
10 18700 PS P4 Tr "a43*b33" 
11 18700 P5 5_4_a43*b33 "100" TTP C
12 18700 P4 5_4_a43*b33 "100" TTP C
10 18700 PS P2 Tr "a13*b34" 
11 18700 P4 4_2_a13*b34 "100" TTP C
12 18700 P2 4_2_a13*b34 "100" TTP C
17 18800 Pile T 1.00 
10 18800 PS P5 Idle "" 
10 18800 PS P5 Tr "a12*b23" 
11 18800 P3 3_5_a12*b23 "100" TTP C
12 18800 P5 3_5_a12*b23 "100" TTP C
17 18800 Pile T 1.00 
10 18800 PS P3 Idle "" 
10 18800 PS P3 Tr "a23*b33" 
11 18800 P4 4_3_a23*b33 "100" TTP C
12 18800 P3 4_3_a23*b33 "100" TTP C
10 18800 PS P0 Tr "a32*b23" 
11 18800 P5 5_0_a32*b23 "100" TTP C
12 18800 P0 5_0_a32*b23 "100" TTP C
10 18800 PS P4 Tr "a41*b13" 
11 18800 P2 2_4_a41*b13 "100" TTP C
12 18800 P4 2_4_a41*b13 "100" TTP C
10 18800 PS P2 Exec "C14" 
10 18900 PS P5 Tr "a13*b33" 
11 18900 P0 0_5_a13*b33 "100" TTP C
12 18900 P5 0_5_a13*b33 "100" TTP C
10 18900 PS P3 Tr "a21*b13" 
11 18900 P4 4_3_a21*b13 "100" TTP C
12 18900 P3 4_3_a21*b13 "100" TTP C
10 18900 PS P0 Tr "a31*b13" 
11 18900 P3 3_0_a31*b13 "100" TTP C
12 18900 P0 3_0_a31*b13 "100" TTP C
10 18900 PS P4 Exec "C43" 
17 19000 Pile T 1.00 
10 19000 PS P1 Idle "" 
10 19000 PS P1 Tr "a42*b21" 
11 19000 P4 4_1_a42*b21 "100" TTP C
12 19000 P1 4_1_a42*b21 "100" TTP C
10 19000 PS P5 Exec "C13" 
10 19000 PS P3 Tr "a22*b23" 
11 19000 P2 2_3_a22*b23 "100" TTP C
12 19000 P3 2_3_a22*b23 "100" TTP C
10 19000 PS P0 Exec "C33" 
10 19100 PS P1 Tr "a41*b11" 
11 19100 P2 2_1_a41*b11 "100" TTP C
12 19100 P1 2_1_a41*b11 "100" TTP C
10 19100 PS P3 Exec "C23" 
17 19200 Pile T 1.00 
10 19200 PS P2 Idle "" 
10 19200 PS P2 Tr "a12*b21" 
11 19200 P1 1_2_a12*b21 "100" TTP C
12 19200 P2 1_2_a12*b21 "100" TTP C
10 19200 PS P1 Exec "C41" 
17 19300 Pile T 1.00 
10 19300 PS P4 Idle "" 
10 19300 PS P4 Tr "a31*b11" 
11 19300 P5 5_4_a31*b11 "100" TTP C
12 19300 P4 5_4_a31*b11 "100" TTP C
10 19300 PS P2 Tr "a11*b11" 
11 19300 P3 3_2_a11*b11 "100" TTP C
12 19300 P2 3_2_a11*b11 "100" TTP C
17 19400 Pile T 1.00 
10 19400 PS P5 Idle "" 
10 19400 PS P5 Tr "a21*b11" 
11 19400 P1 1_5_a21*b11 "100" TTP C
12 19400 P5 1_5_a21*b11 "100" TTP C
17 19400 Pile T 1.00 
10 19400 PS P0 Idle "" 
10 19400 PS P4 Tr "a33*b31" 
11 19400 P3 3_4_a33*b31 "100" TTP C
12 19400 P4 3_4_a33*b31 "100" TTP C
10 19400 PS P2 Exec "C11" 
17 19500 Pile T 1.00 
10 19500 PS P3 Idle "" 
10 19500 PS P5 Tr "a23*b31" 
11 19500 P0 0_5_a23*b31 "100" TTP C
12 19500 P5 0_5_a23*b31 "100" TTP C
10 19500 PS P4 Tr "a32*b21" 
11 19500 P2 2_4_a32*b21 "100" TTP C
12 19500 P4 2_4_a32*b21 "100" TTP C
17 19600 Pile T 1.00 
10 19600 PS P1 Idle "" 
10 19600 PS P5 Exec "C21" 
10 19600 PS P4 Exec "C31" 
17 19800 Pile T 1.00 
10 19800 PS P2 Idle "" 
17 20000 Pile T 1.00 
10 20000 PS P5 Idle "" 
17 20000 Pile T 1.00 
16 20000 Pile T 1.00 
10 20000 PS P4 Idle "" 
10 20000 PS P4 Tr "C44" 
11 20000 P1 1_4_C44 "100" TTP C
12 20000 P4 1_4_C44 "100" TTP C
10 20100 PS P4 Tr "C22" 
11 20100 P2 2_4_C22 "100" TTP C
12 20100 P4 2_4_C22 "100" TTP C
10 20200 PS P4 Tr "C23" 
11 20200 P3 3_4_C23 "100" TTP C
12 20200 P4 3_4_C23 "100" TTP C
10 20300 PS P4 Tr "C41" 
11 20300 P1 1_4_C41 "100" TTP C
12 20300 P4 1_4_C41 "100" TTP C
10 20400 PS P4 Tr "C24" 
11 20400 P0 0_4_C24 "100" TTP C
12 20400 P4 0_4_C24 "100" TTP C
10 20500 PS P4 Tr "C42" 
11 20500 P3 3_4_C42 "100" TTP C
12 20500 P4 3_4_C42 "100" TTP C
10 20600 PS P4 Tr "C21" 
11 20600 P5 5_4_C21 "100" TTP C
12 20600 P4 5_4_C21 "100" TTP C
10 20700 PS P4 Tr "C34" 
11 20700 P5 5_4_C34 "100" TTP C
12 20700 P4 5_4_C34 "100" TTP C
10 20800 PS P4 Tr "C32" 
11 20800 P0 0_4_C32 "100" TTP C
12 20800 P4 0_4_C32 "100" TTP C
10 20900 PS P4 Tr "C11" 
11 20900 P2 2_4_C11 "100" TTP C
12 20900 P4 2_4_C11 "100" TTP C
10 21000 PS P4 Tr "C14" 
11 21000 P2 2_4_C14 "100" TTP C
12 21000 P4 2_4_C14 "100" TTP C
10 21100 PS P4 Tr "C33" 
11 21100 P0 0_4_C33 "100" TTP C
12 21100 P4 0_4_C33 "100" TTP C
10 21200 PS P4 Tr "C13" 
11 21200 P5 5_4_C13 "100" TTP C
12 21200 P4 5_4_C13 "100" TTP C
10 21300 PS P4 Exec "Fusion" 
17 24500 Pile T 1.00 
10 24500 PS P4 Idle "" 
8 24500 Pile PL
8 24500 P4 Pr
8 24500 P5 Pr
8 24500 P2 Pr
8 24500 P1 Pr
8 24500 P3 Pr
8 24500 P0 Pr
8 24500 TTP P
