%EventDef PajeDefineContainerType 1
% Alias string
% ContainerType string
% Name string
%EndEventDef
%EventDef PajeDefineStateType 3
% Alias string
% ContainerType string
% Name string
%EndEventDef
%EventDef PajeDefineLinkType 4
% Name string
% ContainerType string
% SourceContainerType string
% DestContainerType string
% Alias string
%EndEventDef
%EventDef PajeDefineEntityValue 6
% Alias string
% EntityType string
% Name string
% Color color
%EndEventDef
%EventDef PajeCreateContainer 7
% Time date
% Alias string
% Type string
% Container string
% Name string
%EndEventDef
%EventDef PajeDestroyContainer 8
% Time date
% Name string
% Type string
%EndEventDef
%EventDef PajeSetState 10
% Time date
% Type string
% Container string
% Value string
% file string
%EndEventDef
%EventDef PajeStartLink 11
% Time date
% SourceContainer string
% Key string
% Value string
% Container string
% Type string
%EndEventDef
%EventDef PajeEndLink 12
% Time date
% DestContainer string
% Key string
% Value string
% Container string
% Type string
%EndEventDef
%EventDef PajePushState	13
% Time	date
% EntityType	string
% Container	string
% Value	string
%EndEventDef
%EventDef PajeDefineVariableType 14
% Type string
% Name string
% Color color
% Alias string
%EndEventDef
%EventDef PajeSetVariable 15
% Time date
% Container string
% Type string
% Value double
%EndEventDef
%EventDef PajeAddVariable 16
% Time date
% Container string
% Type string
% Value double
%EndEventDef
%EventDef PajeSubVariable 17
% Time date
% Container string
% Type string
% Value double
%EndEventDef
1 P 0 Program
1 Pr P Processors
1 PL P Tasks
3 PS Pr "Processor State"
3 PF Pr "Ready File"
6 Exec PS Executing "2 .0 .1"
6 Idle PS Idle "8 .3 .0"
6 TR PS Transfer "0 .3 .8"
14 PL "Task" "1 .5 .5" T
7 0 TTP P 0 "Plate-forme"
4 "Communication" P Pr Pr C
7 0 Pile PL TTP "Pile 1"
7 0 P0 Pr TTP "P 0" 
10 0 PS P0 Idle "" 
7 0 P1 Pr TTP "P 1" 
10 0 PS P1 Idle "" 
7 0 P2 Pr TTP "P 2" 
10 0 PS P2 Idle "" 
7 0 P3 Pr TTP "P 3" 
10 0 PS P3 Idle "" 
7 0 P4 Pr TTP "P 4" 
10 0 PS P4 Idle "" 
7 0 P5 Pr TTP "P 5" 
10 0 PS P5 Idle "" 
7 0 P6 Pr TTP "P 6" 
10 0 PS P6 Idle "" 
7 0 P7 Pr TTP "P 7" 
10 0 PS P7 Idle "" 
7 0 P8 Pr TTP "P 8" 
10 0 PS P8 Idle "" 
7 0 P9 Pr TTP "P 9" 
10 0 PS P9 Idle "" 
10 0 PS P0 Exec "split-a" 
10 0 PS P1 Exec "split-b" 
17 128 Pile T 1.00 
16 128 Pile T 1.00 
16 128 Pile T 1.00 
16 128 Pile T 1.00 
16 128 Pile T 1.00 
10 128 PS P0 Idle "" 
10 128 PS P0 Exec "a21" 
10 128 PS P2 Tr "split-a" 
11 128 P0 0_2_split-a "64" TTP C
12 128 P2 0_2_split-a "64" TTP C
10 128 PS P3 Tr "split-a" 
11 128 P0 0_3_split-a "64" TTP C
12 128 P3 0_3_split-a "64" TTP C
10 128 PS P4 Tr "split-a" 
11 128 P0 0_4_split-a "64" TTP C
12 128 P4 0_4_split-a "64" TTP C
17 128 Pile T 1.00 
16 128 Pile T 1.00 
16 128 Pile T 1.00 
16 128 Pile T 1.00 
16 128 Pile T 1.00 
10 128 PS P1 Idle "" 
10 128 PS P1 Exec "b11" 
10 128 PS P5 Tr "split-b" 
11 128 P1 1_5_split-b "64" TTP C
12 128 P5 1_5_split-b "64" TTP C
10 128 PS P6 Tr "split-b" 
11 128 P1 1_6_split-b "64" TTP C
12 128 P6 1_6_split-b "64" TTP C
10 128 PS P7 Tr "split-b" 
11 128 P1 1_7_split-b "64" TTP C
12 128 P7 1_7_split-b "64" TTP C
17 128 Pile T 1.00 
10 128 PS P0 Idle "" 
17 128 Pile T 1.00 
16 128 Pile T 1.00 
10 128 PS P1 Idle "" 
10 128 PS P1 Tr "a21" 
11 128 P0 0_1_a21 "16" TTP C
12 128 P1 0_1_a21 "16" TTP C
10 144 PS P1 Exec "a21*b11" 
10 192 PS P2 Exec "a12" 
10 192 PS P3 Exec "a22" 
10 192 PS P4 Exec "a11" 
10 192 PS P5 Exec "b12" 
10 192 PS P6 Exec "b22" 
10 192 PS P7 Exec "b21" 
17 192 Pile T 1.00 
10 192 PS P2 Idle "" 
17 192 Pile T 1.00 
10 192 PS P3 Idle "" 
17 192 Pile T 1.00 
16 192 Pile T 1.00 
10 192 PS P4 Idle "" 
10 192 PS P4 Tr "b11" 
11 192 P1 1_4_b11 "16" TTP C
12 192 P4 1_4_b11 "16" TTP C
17 192 Pile T 1.00 
16 192 Pile T 1.00 
16 192 Pile T 1.00 
10 192 PS P5 Idle "" 
10 192 PS P5 Tr "a21" 
11 192 P0 0_5_a21 "16" TTP C
12 192 P5 0_5_a21 "16" TTP C
10 192 PS P3 Tr "a11" 
11 192 P4 4_3_a11 "16" TTP C
12 192 P3 4_3_a11 "16" TTP C
17 192 Pile T 1.00 
16 192 Pile T 1.00 
16 192 Pile T 1.00 
10 192 PS P6 Idle "" 
10 192 PS P6 Tr "a22" 
11 192 P3 3_6_a22 "16" TTP C
12 192 P6 3_6_a22 "16" TTP C
10 192 PS P2 Tr "b22" 
11 192 P6 6_2_b22 "16" TTP C
12 192 P2 6_2_b22 "16" TTP C
17 192 Pile T 1.00 
16 192 Pile T 1.00 
16 192 Pile T 1.00 
10 192 PS P7 Idle "" 
10 192 PS P7 Tr "a12" 
11 192 P2 2_7_a12 "16" TTP C
12 192 P7 2_7_a12 "16" TTP C
10 192 PS P0 Tr "a22" 
11 192 P3 3_0_a22 "16" TTP C
12 192 P0 3_0_a22 "16" TTP C
17 208 Pile T 1.00 
10 208 PS P1 Idle "" 
10 208 PS P4 Exec "a11*b11" 
10 208 PS P5 Exec "a21*b12" 
10 208 PS P3 Tr "b12" 
11 208 P5 5_3_b12 "16" TTP C
12 208 P3 5_3_b12 "16" TTP C
10 208 PS P6 Exec "a22*b22" 
10 208 PS P2 Exec "a12*b22" 
10 208 PS P7 Exec "a12*b21" 
10 208 PS P0 Tr "b21" 
11 208 P7 7_0_b21 "16" TTP C
12 208 P0 7_0_b21 "16" TTP C
10 224 PS P3 Exec "a11*b12" 
10 224 PS P0 Exec "a22*b21" 
17 272 Pile T 1.00 
10 272 PS P4 Idle "" 
17 272 Pile T 1.00 
10 272 PS P5 Idle "" 
17 272 Pile T 1.00 
16 272 Pile T 1.00 
10 272 PS P6 Idle "" 
10 272 PS P6 Tr "a21*b12" 
11 272 P5 5_6_a21*b12 "16" TTP C
12 272 P6 5_6_a21*b12 "16" TTP C
17 272 Pile T 1.00 
10 272 PS P2 Idle "" 
17 272 Pile T 1.00 
16 272 Pile T 1.00 
10 272 PS P7 Idle "" 
10 272 PS P7 Tr "a11*b11" 
11 272 P4 4_7_a11*b11 "16" TTP C
12 272 P7 4_7_a11*b11 "16" TTP C
17 288 Pile T 1.00 
16 288 Pile T 1.00 
10 288 PS P3 Idle "" 
10 288 PS P3 Tr "a12*b22" 
11 288 P2 2_3_a12*b22 "16" TTP C
12 288 P3 2_3_a12*b22 "16" TTP C
17 288 Pile T 1.00 
16 288 Pile T 1.00 
10 288 PS P0 Idle "" 
10 288 PS P0 Tr "a21*b11" 
11 288 P1 1_0_a21*b11 "16" TTP C
12 288 P0 1_0_a21*b11 "16" TTP C
10 288 PS P6 Exec "C22" 
10 288 PS P7 Exec "C11" 
10 304 PS P3 Exec "C12" 
10 304 PS P0 Exec "C21" 
17 352 Pile T 1.00 
10 352 PS P6 Idle "" 
17 352 Pile T 1.00 
10 352 PS P7 Idle "" 
17 368 Pile T 1.00 
10 368 PS P3 Idle "" 
17 368 Pile T 1.00 
16 368 Pile T 1.00 
10 368 PS P0 Idle "" 
10 368 PS P0 Tr "C11" 
11 368 P7 7_0_C11 "16" TTP C
12 368 P0 7_0_C11 "16" TTP C
10 384 PS P0 Tr "C12" 
11 384 P3 3_0_C12 "16" TTP C
12 384 P0 3_0_C12 "16" TTP C
10 400 PS P0 Tr "C22" 
11 400 P6 6_0_C22 "16" TTP C
12 400 P0 6_0_C22 "16" TTP C
10 416 PS P0 Exec "Fusion" 
17 544 Pile T 1.00 
10 544 PS P0 Idle "" 
8 544 Pile PL
8 544 P0 Pr
8 544 P3 Pr
8 544 P7 Pr
8 544 P6 Pr
8 544 P2 Pr
8 544 P5 Pr
8 544 P4 Pr
8 544 P1 Pr
8 544 P8 Pr
8 544 P9 Pr
8 544 TTP P
