%EventDef PajeDefineContainerType 1
% Alias string
% ContainerType string
% Name string
%EndEventDef
%EventDef PajeDefineStateType 3
% Alias string
% ContainerType string
% Name string
%EndEventDef
%EventDef PajeDefineLinkType 4
% Name string
% ContainerType string
% SourceContainerType string
% DestContainerType string
% Alias string
%EndEventDef
%EventDef PajeDefineEntityValue 6
% Alias string
% EntityType string
% Name string
% Color color
%EndEventDef
%EventDef PajeCreateContainer 7
% Time date
% Alias string
% Type string
% Container string
% Name string
%EndEventDef
%EventDef PajeDestroyContainer 8
% Time date
% Name string
% Type string
%EndEventDef
%EventDef PajeSetState 10
% Time date
% Type string
% Container string
% Value string
% file string
%EndEventDef
%EventDef PajeStartLink 11
% Time date
% SourceContainer string
% Key string
% Value string
% Container string
% Type string
%EndEventDef
%EventDef PajeEndLink 12
% Time date
% DestContainer string
% Key string
% Value string
% Container string
% Type string
%EndEventDef
%EventDef PajePushState	13
% Time	date
% EntityType	string
% Container	string
% Value	string
%EndEventDef
%EventDef PajeDefineVariableType 14
% Type string
% Name string
% Color color
% Alias string
%EndEventDef
%EventDef PajeSetVariable 15
% Time date
% Container string
% Type string
% Value double
%EndEventDef
%EventDef PajeAddVariable 16
% Time date
% Container string
% Type string
% Value double
%EndEventDef
%EventDef PajeSubVariable 17
% Time date
% Container string
% Type string
% Value double
%EndEventDef
1 P 0 Program
1 Pr P Processors
1 PL P Tasks
3 PS Pr "Processor State"
3 PF Pr "Ready File"
6 Exec PS Executing "2 .0 .1"
6 Idle PS Idle "8 .3 .0"
6 TR PS Transfer "0 .3 .8"
14 PL "Task" "1 .5 .5" T
7 0 TTP P 0 "Plate-forme"
4 "Communication" P Pr Pr C
7 0 Pile PL TTP "Pile 1"
7 0 P0 Pr TTP "P 0" 
10 0 PS P0 Idle "" 
7 0 P1 Pr TTP "P 1" 
10 0 PS P1 Idle "" 
7 0 P2 Pr TTP "P 2" 
10 0 PS P2 Idle "" 
7 0 P3 Pr TTP "P 3" 
10 0 PS P3 Idle "" 
7 0 P4 Pr TTP "P 4" 
10 0 PS P4 Idle "" 
7 0 P5 Pr TTP "P 5" 
10 0 PS P5 Idle "" 
10 0 PS P0 Exec "split-b" 
10 0 PS P1 Exec "split-a" 
17 180000 Pile T 1.00 
16 180000 Pile T 1.00 
16 180000 Pile T 1.00 
16 180000 Pile T 1.00 
16 180000 Pile T 1.00 
16 180000 Pile T 1.00 
16 180000 Pile T 1.00 
16 180000 Pile T 1.00 
16 180000 Pile T 1.00 
16 180000 Pile T 1.00 
16 180000 Pile T 1.00 
16 180000 Pile T 1.00 
16 180000 Pile T 1.00 
16 180000 Pile T 1.00 
16 180000 Pile T 1.00 
16 180000 Pile T 1.00 
16 180000 Pile T 1.00 
16 180000 Pile T 1.00 
16 180000 Pile T 1.00 
16 180000 Pile T 1.00 
16 180000 Pile T 1.00 
16 180000 Pile T 1.00 
16 180000 Pile T 1.00 
16 180000 Pile T 1.00 
16 180000 Pile T 1.00 
16 180000 Pile T 1.00 
16 180000 Pile T 1.00 
16 180000 Pile T 1.00 
16 180000 Pile T 1.00 
16 180000 Pile T 1.00 
16 180000 Pile T 1.00 
16 180000 Pile T 1.00 
16 180000 Pile T 1.00 
16 180000 Pile T 1.00 
16 180000 Pile T 1.00 
16 180000 Pile T 1.00 
16 180000 Pile T 1.00 
10 180000 PS P0 Idle "" 
10 180000 PS P0 Exec "b23" 
10 180000 PS P2 Tr "split-b" 
11 180000 P0 0_2_split-b "90000" TTP C
12 180000 P2 0_2_split-b "90000" TTP C
10 180000 PS P3 Tr "split-b" 
11 180000 P0 0_3_split-b "90000" TTP C
12 180000 P3 0_3_split-b "90000" TTP C
10 180000 PS P4 Tr "split-b" 
11 180000 P0 0_4_split-b "90000" TTP C
12 180000 P4 0_4_split-b "90000" TTP C
10 180000 PS P5 Tr "split-b" 
11 180000 P0 0_5_split-b "90000" TTP C
12 180000 P5 0_5_split-b "90000" TTP C
17 180000 Pile T 1.00 
16 180000 Pile T 1.00 
16 180000 Pile T 1.00 
16 180000 Pile T 1.00 
16 180000 Pile T 1.00 
16 180000 Pile T 1.00 
16 180000 Pile T 1.00 
16 180000 Pile T 1.00 
16 180000 Pile T 1.00 
16 180000 Pile T 1.00 
16 180000 Pile T 1.00 
16 180000 Pile T 1.00 
16 180000 Pile T 1.00 
16 180000 Pile T 1.00 
16 180000 Pile T 1.00 
16 180000 Pile T 1.00 
16 180000 Pile T 1.00 
16 180000 Pile T 1.00 
16 180000 Pile T 1.00 
16 180000 Pile T 1.00 
16 180000 Pile T 1.00 
16 180000 Pile T 1.00 
16 180000 Pile T 1.00 
16 180000 Pile T 1.00 
16 180000 Pile T 1.00 
16 180000 Pile T 1.00 
16 180000 Pile T 1.00 
16 180000 Pile T 1.00 
16 180000 Pile T 1.00 
16 180000 Pile T 1.00 
16 180000 Pile T 1.00 
16 180000 Pile T 1.00 
16 180000 Pile T 1.00 
16 180000 Pile T 1.00 
16 180000 Pile T 1.00 
16 180000 Pile T 1.00 
16 180000 Pile T 1.00 
10 180000 PS P1 Idle "" 
10 180000 PS P1 Tr "split-b" 
11 180000 P0 0_1_split-b "90000" TTP C
12 180000 P1 0_1_split-b "90000" TTP C
17 180000 Pile T 1.00 
10 180000 PS P0 Idle "" 
10 180000 PS P0 Exec "b61" 
17 180000 Pile T 1.00 
10 180000 PS P0 Idle "" 
10 180000 PS P0 Exec "b43" 
17 180000 Pile T 1.00 
10 180000 PS P0 Idle "" 
10 180000 PS P0 Exec "b62" 
17 180000 Pile T 1.00 
10 180000 PS P0 Idle "" 
10 180000 PS P0 Exec "b15" 
17 180000 Pile T 1.00 
10 180000 PS P0 Idle "" 
10 180000 PS P0 Exec "b12" 
17 180000 Pile T 1.00 
10 180000 PS P0 Idle "" 
10 180000 PS P0 Exec "b13" 
17 180000 Pile T 1.00 
10 180000 PS P0 Idle "" 
10 180000 PS P0 Exec "b21" 
17 180000 Pile T 1.00 
10 180000 PS P0 Idle "" 
10 180000 PS P0 Exec "b22" 
17 180000 Pile T 1.00 
10 180000 PS P0 Idle "" 
10 180000 PS P0 Exec "b54" 
17 180000 Pile T 1.00 
10 180000 PS P0 Idle "" 
10 180000 PS P0 Exec "b14" 
17 180000 Pile T 1.00 
10 180000 PS P0 Idle "" 
10 180000 PS P0 Exec "b56" 
17 180000 Pile T 1.00 
10 180000 PS P0 Idle "" 
10 180000 PS P0 Exec "b26" 
17 180000 Pile T 1.00 
10 180000 PS P0 Idle "" 
10 180000 PS P0 Exec "b51" 
17 180000 Pile T 1.00 
10 180000 PS P0 Idle "" 
10 180000 PS P0 Exec "b45" 
17 180000 Pile T 1.00 
10 180000 PS P0 Idle "" 
10 180000 PS P0 Exec "b64" 
17 180000 Pile T 1.00 
10 180000 PS P0 Idle "" 
10 180000 PS P0 Exec "b41" 
17 180000 Pile T 1.00 
10 180000 PS P0 Idle "" 
10 180000 PS P0 Exec "b34" 
17 180000 Pile T 1.00 
10 180000 PS P0 Idle "" 
10 180000 PS P0 Exec "b31" 
17 180000 Pile T 1.00 
10 180000 PS P0 Idle "" 
10 180000 PS P0 Exec "b55" 
17 180000 Pile T 1.00 
10 180000 PS P0 Idle "" 
10 180000 PS P0 Exec "b24" 
17 180000 Pile T 1.00 
10 180000 PS P0 Idle "" 
10 180000 PS P0 Exec "b33" 
17 180000 Pile T 1.00 
10 180000 PS P0 Idle "" 
10 180000 PS P0 Exec "b53" 
17 180000 Pile T 1.00 
10 180000 PS P0 Idle "" 
10 180000 PS P0 Exec "b46" 
17 180000 Pile T 1.00 
10 180000 PS P0 Idle "" 
10 180000 PS P0 Exec "b65" 
17 180000 Pile T 1.00 
10 180000 PS P0 Idle "" 
10 180000 PS P0 Exec "b35" 
17 180000 Pile T 1.00 
10 180000 PS P0 Idle "" 
10 180000 PS P0 Exec "b32" 
17 180000 Pile T 1.00 
10 180000 PS P0 Idle "" 
10 180000 PS P0 Exec "b66" 
17 180000 Pile T 1.00 
10 180000 PS P0 Idle "" 
10 180000 PS P0 Exec "b11" 
17 180000 Pile T 1.00 
10 180000 PS P0 Idle "" 
10 180000 PS P0 Exec "b63" 
17 180000 Pile T 1.00 
10 180000 PS P0 Idle "" 
10 180000 PS P0 Exec "b16" 
17 180000 Pile T 1.00 
10 180000 PS P0 Idle "" 
10 180000 PS P0 Tr "split-a" 
11 180000 P1 1_0_split-a "90000" TTP C
12 180000 P0 1_0_split-a "90000" TTP C
10 270000 PS P2 Exec "b36" 
10 270000 PS P3 Exec "b52" 
10 270000 PS P4 Exec "b42" 
10 270000 PS P5 Exec "b44" 
10 270000 PS P1 Exec "b25" 
10 270000 PS P0 Exec "a35" 
17 270000 Pile T 1.00 
10 270000 PS P2 Idle "" 
10 270000 PS P2 Tr "split-a" 
11 270000 P1 1_2_split-a "90000" TTP C
12 270000 P2 1_2_split-a "90000" TTP C
17 270000 Pile T 1.00 
10 270000 PS P3 Idle "" 
10 270000 PS P3 Tr "split-a" 
11 270000 P1 1_3_split-a "90000" TTP C
12 270000 P3 1_3_split-a "90000" TTP C
17 270000 Pile T 1.00 
10 270000 PS P4 Idle "" 
10 270000 PS P4 Tr "split-a" 
11 270000 P1 1_4_split-a "90000" TTP C
12 270000 P4 1_4_split-a "90000" TTP C
17 270000 Pile T 1.00 
10 270000 PS P5 Idle "" 
10 270000 PS P5 Tr "split-a" 
11 270000 P1 1_5_split-a "90000" TTP C
12 270000 P5 1_5_split-a "90000" TTP C
17 270000 Pile T 1.00 
10 270000 PS P1 Idle "" 
10 270000 PS P1 Exec "a52" 
17 270000 Pile T 1.00 
16 270000 Pile T 1.00 
16 270000 Pile T 1.00 
16 270000 Pile T 1.00 
16 270000 Pile T 1.00 
16 270000 Pile T 1.00 
16 270000 Pile T 1.00 
10 270000 PS P0 Idle "" 
10 270000 PS P0 Exec "a21" 
17 270000 Pile T 1.00 
16 270000 Pile T 1.00 
16 270000 Pile T 1.00 
16 270000 Pile T 1.00 
16 270000 Pile T 1.00 
16 270000 Pile T 1.00 
16 270000 Pile T 1.00 
10 270000 PS P1 Idle "" 
10 270000 PS P1 Exec "a12" 
17 270000 Pile T 1.00 
16 270000 Pile T 1.00 
16 270000 Pile T 1.00 
16 270000 Pile T 1.00 
16 270000 Pile T 1.00 
16 270000 Pile T 1.00 
16 270000 Pile T 1.00 
10 270000 PS P0 Idle "" 
10 270000 PS P0 Exec "a41" 
17 270000 Pile T 1.00 
16 270000 Pile T 1.00 
16 270000 Pile T 1.00 
16 270000 Pile T 1.00 
16 270000 Pile T 1.00 
16 270000 Pile T 1.00 
16 270000 Pile T 1.00 
10 270000 PS P1 Idle "" 
10 270000 PS P1 Exec "a23" 
17 270000 Pile T 1.00 
16 270000 Pile T 1.00 
16 270000 Pile T 1.00 
16 270000 Pile T 1.00 
16 270000 Pile T 1.00 
16 270000 Pile T 1.00 
16 270000 Pile T 1.00 
10 270000 PS P0 Idle "" 
10 270000 PS P0 Exec "a63" 
17 270000 Pile T 1.00 
16 270000 Pile T 1.00 
16 270000 Pile T 1.00 
16 270000 Pile T 1.00 
16 270000 Pile T 1.00 
16 270000 Pile T 1.00 
16 270000 Pile T 1.00 
10 270000 PS P1 Idle "" 
10 270000 PS P1 Exec "a46" 
17 270000 Pile T 1.00 
16 270000 Pile T 1.00 
16 270000 Pile T 1.00 
16 270000 Pile T 1.00 
16 270000 Pile T 1.00 
16 270000 Pile T 1.00 
16 270000 Pile T 1.00 
10 270000 PS P0 Idle "" 
10 270000 PS P0 Exec "a16" 
17 270000 Pile T 1.00 
16 270000 Pile T 1.00 
16 270000 Pile T 1.00 
16 270000 Pile T 1.00 
16 270000 Pile T 1.00 
16 270000 Pile T 1.00 
16 270000 Pile T 1.00 
10 270000 PS P1 Idle "" 
10 270000 PS P1 Exec "a14" 
17 270000 Pile T 1.00 
16 270000 Pile T 1.00 
16 270000 Pile T 1.00 
16 270000 Pile T 1.00 
16 270000 Pile T 1.00 
16 270000 Pile T 1.00 
16 270000 Pile T 1.00 
10 270000 PS P0 Idle "" 
10 270000 PS P0 Exec "a54" 
17 270000 Pile T 1.00 
16 270000 Pile T 1.00 
16 270000 Pile T 1.00 
16 270000 Pile T 1.00 
16 270000 Pile T 1.00 
16 270000 Pile T 1.00 
16 270000 Pile T 1.00 
10 270000 PS P1 Idle "" 
10 270000 PS P1 Exec "a51" 
17 270000 Pile T 1.00 
16 270000 Pile T 1.00 
16 270000 Pile T 1.00 
16 270000 Pile T 1.00 
16 270000 Pile T 1.00 
16 270000 Pile T 1.00 
16 270000 Pile T 1.00 
10 270000 PS P0 Idle "" 
10 270000 PS P0 Exec "a11" 
17 270000 Pile T 1.00 
16 270000 Pile T 1.00 
16 270000 Pile T 1.00 
16 270000 Pile T 1.00 
16 270000 Pile T 1.00 
16 270000 Pile T 1.00 
16 270000 Pile T 1.00 
10 270000 PS P1 Idle "" 
10 270000 PS P1 Exec "a66" 
17 270000 Pile T 1.00 
16 270000 Pile T 1.00 
16 270000 Pile T 1.00 
16 270000 Pile T 1.00 
16 270000 Pile T 1.00 
16 270000 Pile T 1.00 
16 270000 Pile T 1.00 
10 270000 PS P0 Idle "" 
10 270000 PS P0 Exec "a43" 
17 270000 Pile T 1.00 
16 270000 Pile T 1.00 
16 270000 Pile T 1.00 
16 270000 Pile T 1.00 
16 270000 Pile T 1.00 
16 270000 Pile T 1.00 
16 270000 Pile T 1.00 
10 270000 PS P1 Idle "" 
10 270000 PS P1 Exec "a32" 
17 270000 Pile T 1.00 
16 270000 Pile T 1.00 
16 270000 Pile T 1.00 
16 270000 Pile T 1.00 
16 270000 Pile T 1.00 
16 270000 Pile T 1.00 
16 270000 Pile T 1.00 
10 270000 PS P0 Idle "" 
10 270000 PS P0 Exec "a62" 
17 270000 Pile T 1.00 
16 270000 Pile T 1.00 
16 270000 Pile T 1.00 
16 270000 Pile T 1.00 
16 270000 Pile T 1.00 
16 270000 Pile T 1.00 
16 270000 Pile T 1.00 
10 270000 PS P1 Idle "" 
10 270000 PS P1 Exec "a42" 
17 270000 Pile T 1.00 
16 270000 Pile T 1.00 
16 270000 Pile T 1.00 
16 270000 Pile T 1.00 
16 270000 Pile T 1.00 
16 270000 Pile T 1.00 
16 270000 Pile T 1.00 
10 270000 PS P0 Idle "" 
10 270000 PS P0 Exec "a31" 
17 270000 Pile T 1.00 
16 270000 Pile T 1.00 
16 270000 Pile T 1.00 
16 270000 Pile T 1.00 
16 270000 Pile T 1.00 
16 270000 Pile T 1.00 
16 270000 Pile T 1.00 
10 270000 PS P1 Idle "" 
10 270000 PS P1 Exec "a45" 
17 270000 Pile T 1.00 
16 270000 Pile T 1.00 
16 270000 Pile T 1.00 
16 270000 Pile T 1.00 
16 270000 Pile T 1.00 
16 270000 Pile T 1.00 
16 270000 Pile T 1.00 
10 270000 PS P0 Idle "" 
10 270000 PS P0 Exec "a36" 
17 270000 Pile T 1.00 
16 270000 Pile T 1.00 
16 270000 Pile T 1.00 
16 270000 Pile T 1.00 
16 270000 Pile T 1.00 
16 270000 Pile T 1.00 
16 270000 Pile T 1.00 
10 270000 PS P1 Idle "" 
10 270000 PS P1 Exec "a55" 
17 270000 Pile T 1.00 
16 270000 Pile T 1.00 
16 270000 Pile T 1.00 
16 270000 Pile T 1.00 
16 270000 Pile T 1.00 
16 270000 Pile T 1.00 
16 270000 Pile T 1.00 
10 270000 PS P0 Idle "" 
10 270000 PS P0 Exec "a24" 
17 270000 Pile T 1.00 
16 270000 Pile T 1.00 
16 270000 Pile T 1.00 
16 270000 Pile T 1.00 
16 270000 Pile T 1.00 
16 270000 Pile T 1.00 
16 270000 Pile T 1.00 
10 270000 PS P1 Idle "" 
10 270000 PS P1 Exec "a25" 
17 270000 Pile T 1.00 
16 270000 Pile T 1.00 
16 270000 Pile T 1.00 
16 270000 Pile T 1.00 
16 270000 Pile T 1.00 
16 270000 Pile T 1.00 
16 270000 Pile T 1.00 
10 270000 PS P0 Idle "" 
10 270000 PS P0 Exec "a26" 
17 270000 Pile T 1.00 
16 270000 Pile T 1.00 
16 270000 Pile T 1.00 
16 270000 Pile T 1.00 
16 270000 Pile T 1.00 
16 270000 Pile T 1.00 
16 270000 Pile T 1.00 
10 270000 PS P1 Idle "" 
10 270000 PS P1 Exec "a53" 
17 270000 Pile T 1.00 
16 270000 Pile T 1.00 
16 270000 Pile T 1.00 
16 270000 Pile T 1.00 
16 270000 Pile T 1.00 
16 270000 Pile T 1.00 
16 270000 Pile T 1.00 
10 270000 PS P0 Idle "" 
10 270000 PS P0 Exec "a61" 
17 270000 Pile T 1.00 
16 270000 Pile T 1.00 
16 270000 Pile T 1.00 
16 270000 Pile T 1.00 
16 270000 Pile T 1.00 
16 270000 Pile T 1.00 
16 270000 Pile T 1.00 
10 270000 PS P1 Idle "" 
10 270000 PS P1 Exec "a65" 
17 270000 Pile T 1.00 
16 270000 Pile T 1.00 
16 270000 Pile T 1.00 
16 270000 Pile T 1.00 
16 270000 Pile T 1.00 
16 270000 Pile T 1.00 
16 270000 Pile T 1.00 
10 270000 PS P0 Idle "" 
10 270000 PS P0 Exec "a13" 
17 270000 Pile T 1.00 
16 270000 Pile T 1.00 
16 270000 Pile T 1.00 
16 270000 Pile T 1.00 
16 270000 Pile T 1.00 
16 270000 Pile T 1.00 
16 270000 Pile T 1.00 
10 270000 PS P1 Idle "" 
10 270000 PS P1 Exec "a33" 
17 270000 Pile T 1.00 
16 270000 Pile T 1.00 
16 270000 Pile T 1.00 
16 270000 Pile T 1.00 
16 270000 Pile T 1.00 
16 270000 Pile T 1.00 
16 270000 Pile T 1.00 
10 270000 PS P0 Idle "" 
10 270000 PS P0 Exec "a15" 
17 270000 Pile T 1.00 
16 270000 Pile T 1.00 
16 270000 Pile T 1.00 
16 270000 Pile T 1.00 
16 270000 Pile T 1.00 
16 270000 Pile T 1.00 
16 270000 Pile T 1.00 
10 270000 PS P1 Idle "" 
10 270000 PS P1 Exec "a56" 
17 270000 Pile T 1.00 
16 270000 Pile T 1.00 
16 270000 Pile T 1.00 
16 270000 Pile T 1.00 
16 270000 Pile T 1.00 
16 270000 Pile T 1.00 
16 270000 Pile T 1.00 
10 270000 PS P0 Idle "" 
10 270000 PS P0 Exec "a35*b53" 
17 270000 Pile T 1.00 
16 270000 Pile T 1.00 
16 270000 Pile T 1.00 
16 270000 Pile T 1.00 
16 270000 Pile T 1.00 
16 270000 Pile T 1.00 
16 270000 Pile T 1.00 
10 270000 PS P1 Idle "" 
10 270000 PS P1 Tr "a35" 
11 270000 P0 0_1_a35 "2500" TTP C
12 270000 P1 0_1_a35 "2500" TTP C
10 272500 PS P1 Tr "b51" 
11 272500 P0 0_1_b51 "2500" TTP C
12 272500 P1 0_1_b51 "2500" TTP C
10 275000 PS P1 Exec "a35*b51" 
10 360000 PS P2 Exec "a34" 
10 360000 PS P3 Exec "a64" 
10 360000 PS P4 Exec "a22" 
10 360000 PS P5 Exec "a44" 
17 360000 Pile T 1.00 
16 360000 Pile T 1.00 
16 360000 Pile T 1.00 
16 360000 Pile T 1.00 
16 360000 Pile T 1.00 
16 360000 Pile T 1.00 
16 360000 Pile T 1.00 
10 360000 PS P2 Idle "" 
10 360000 PS P2 Tr "a35" 
11 360000 P0 0_2_a35 "2500" TTP C
12 360000 P2 0_2_a35 "2500" TTP C
17 360000 Pile T 1.00 
16 360000 Pile T 1.00 
16 360000 Pile T 1.00 
16 360000 Pile T 1.00 
16 360000 Pile T 1.00 
16 360000 Pile T 1.00 
16 360000 Pile T 1.00 
10 360000 PS P3 Idle "" 
10 360000 PS P3 Tr "a35" 
11 360000 P0 0_3_a35 "2500" TTP C
12 360000 P3 0_3_a35 "2500" TTP C
17 360000 Pile T 1.00 
16 360000 Pile T 1.00 
16 360000 Pile T 1.00 
16 360000 Pile T 1.00 
16 360000 Pile T 1.00 
16 360000 Pile T 1.00 
16 360000 Pile T 1.00 
10 360000 PS P4 Idle "" 
10 360000 PS P4 Tr "b52" 
11 360000 P3 3_4_b52 "2500" TTP C
12 360000 P4 3_4_b52 "2500" TTP C
17 360000 Pile T 1.00 
16 360000 Pile T 1.00 
16 360000 Pile T 1.00 
16 360000 Pile T 1.00 
16 360000 Pile T 1.00 
16 360000 Pile T 1.00 
16 360000 Pile T 1.00 
10 360000 PS P5 Idle "" 
10 360000 PS P5 Tr "b56" 
11 360000 P0 0_5_b56 "2500" TTP C
12 360000 P5 0_5_b56 "2500" TTP C
10 362500 PS P2 Tr "b55" 
11 362500 P0 0_2_b55 "2500" TTP C
12 362500 P2 0_2_b55 "2500" TTP C
10 362500 PS P3 Tr "b54" 
11 362500 P0 0_3_b54 "2500" TTP C
12 362500 P3 0_3_b54 "2500" TTP C
10 362500 PS P4 Tr "a35" 
11 362500 P0 0_4_a35 "2500" TTP C
12 362500 P4 0_4_a35 "2500" TTP C
10 362500 PS P5 Tr "a35" 
11 362500 P0 0_5_a35 "2500" TTP C
12 362500 P5 0_5_a35 "2500" TTP C
10 365000 PS P2 Exec "a35*b55" 
10 365000 PS P3 Exec "a35*b54" 
10 365000 PS P4 Exec "a35*b52" 
10 365000 PS P5 Exec "a35*b56" 
17 395000 Pile T 1.00 
10 395000 PS P0 Idle "" 
10 395000 PS P0 Tr "a52" 
11 395000 P1 1_0_a52 "2500" TTP C
12 395000 P0 1_0_a52 "2500" TTP C
10 397500 PS P0 Exec "a52*b24" 
17 400000 Pile T 1.00 
10 400000 PS P1 Idle "" 
10 400000 PS P1 Exec "a52*b25" 
17 490000 Pile T 1.00 
10 490000 PS P2 Idle "" 
10 490000 PS P2 Tr "a52" 
11 490000 P1 1_2_a52 "2500" TTP C
12 490000 P2 1_2_a52 "2500" TTP C
17 490000 Pile T 1.00 
10 490000 PS P3 Idle "" 
10 490000 PS P3 Tr "b22" 
11 490000 P0 0_3_b22 "2500" TTP C
12 490000 P3 0_3_b22 "2500" TTP C
17 490000 Pile T 1.00 
10 490000 PS P4 Idle "" 
10 490000 PS P4 Tr "a52" 
11 490000 P1 1_4_a52 "2500" TTP C
12 490000 P4 1_4_a52 "2500" TTP C
17 490000 Pile T 1.00 
10 490000 PS P5 Idle "" 
10 490000 PS P5 Tr "b26" 
11 490000 P0 0_5_b26 "2500" TTP C
12 490000 P5 0_5_b26 "2500" TTP C
10 492500 PS P2 Tr "b21" 
11 492500 P0 0_2_b21 "2500" TTP C
12 492500 P2 0_2_b21 "2500" TTP C
10 492500 PS P3 Tr "a52" 
11 492500 P1 1_3_a52 "2500" TTP C
12 492500 P3 1_3_a52 "2500" TTP C
10 492500 PS P4 Tr "b23" 
11 492500 P0 0_4_b23 "2500" TTP C
12 492500 P4 0_4_b23 "2500" TTP C
10 492500 PS P5 Tr "a52" 
11 492500 P1 1_5_a52 "2500" TTP C
12 492500 P5 1_5_a52 "2500" TTP C
10 495000 PS P2 Exec "a52*b21" 
10 495000 PS P3 Exec "a52*b22" 
10 495000 PS P4 Exec "a52*b23" 
10 495000 PS P5 Exec "a52*b26" 
17 522500 Pile T 1.00 
10 522500 PS P0 Idle "" 
10 522500 PS P0 Exec "a21*b16" 
17 525000 Pile T 1.00 
10 525000 PS P1 Idle "" 
10 525000 PS P1 Tr "a21" 
11 525000 P0 0_1_a21 "2500" TTP C
12 525000 P1 0_1_a21 "2500" TTP C
10 527500 PS P1 Tr "b11" 
11 527500 P0 0_1_b11 "2500" TTP C
12 527500 P1 0_1_b11 "2500" TTP C
10 530000 PS P1 Exec "a21*b11" 
17 620000 Pile T 1.00 
10 620000 PS P2 Idle "" 
10 620000 PS P2 Tr "a21" 
11 620000 P0 0_2_a21 "2500" TTP C
12 620000 P2 0_2_a21 "2500" TTP C
17 620000 Pile T 1.00 
10 620000 PS P3 Idle "" 
10 620000 PS P3 Tr "a21" 
11 620000 P0 0_3_a21 "2500" TTP C
12 620000 P3 0_3_a21 "2500" TTP C
17 620000 Pile T 1.00 
10 620000 PS P4 Idle "" 
10 620000 PS P4 Tr "a21" 
11 620000 P0 0_4_a21 "2500" TTP C
12 620000 P4 0_4_a21 "2500" TTP C
17 620000 Pile T 1.00 
10 620000 PS P5 Idle "" 
10 620000 PS P5 Tr "a21" 
11 620000 P0 0_5_a21 "2500" TTP C
12 620000 P5 0_5_a21 "2500" TTP C
10 622500 PS P2 Tr "b15" 
11 622500 P0 0_2_b15 "2500" TTP C
12 622500 P2 0_2_b15 "2500" TTP C
10 622500 PS P3 Tr "b14" 
11 622500 P0 0_3_b14 "2500" TTP C
12 622500 P3 0_3_b14 "2500" TTP C
10 622500 PS P4 Tr "b12" 
11 622500 P0 0_4_b12 "2500" TTP C
12 622500 P4 0_4_b12 "2500" TTP C
10 622500 PS P5 Tr "b13" 
11 622500 P0 0_5_b13 "2500" TTP C
12 622500 P5 0_5_b13 "2500" TTP C
10 625000 PS P2 Exec "a21*b15" 
10 625000 PS P3 Exec "a21*b14" 
10 625000 PS P4 Exec "a21*b12" 
10 625000 PS P5 Exec "a21*b13" 
17 647500 Pile T 1.00 
10 647500 PS P0 Idle "" 
10 647500 PS P0 Tr "a12" 
11 647500 P1 1_0_a12 "2500" TTP C
12 647500 P0 1_0_a12 "2500" TTP C
10 650000 PS P0 Exec "a12*b23" 
17 655000 Pile T 1.00 
10 655000 PS P1 Idle "" 
10 655000 PS P1 Tr "b21" 
11 655000 P0 0_1_b21 "2500" TTP C
12 655000 P1 0_1_b21 "2500" TTP C
10 657500 PS P1 Exec "a12*b21" 
17 750000 Pile T 1.00 
10 750000 PS P2 Idle "" 
10 750000 PS P2 Tr "a12" 
11 750000 P1 1_2_a12 "2500" TTP C
12 750000 P2 1_2_a12 "2500" TTP C
17 750000 Pile T 1.00 
10 750000 PS P3 Idle "" 
10 750000 PS P3 Tr "a12" 
11 750000 P1 1_3_a12 "2500" TTP C
12 750000 P3 1_3_a12 "2500" TTP C
17 750000 Pile T 1.00 
10 750000 PS P4 Idle "" 
10 750000 PS P4 Tr "a12" 
11 750000 P1 1_4_a12 "2500" TTP C
12 750000 P4 1_4_a12 "2500" TTP C
17 750000 Pile T 1.00 
10 750000 PS P5 Idle "" 
10 750000 PS P5 Tr "b25" 
11 750000 P1 1_5_b25 "2500" TTP C
12 750000 P5 1_5_b25 "2500" TTP C
10 752500 PS P2 Tr "b22" 
11 752500 P0 0_2_b22 "2500" TTP C
12 752500 P2 0_2_b22 "2500" TTP C
10 752500 PS P3 Tr "b24" 
11 752500 P0 0_3_b24 "2500" TTP C
12 752500 P3 0_3_b24 "2500" TTP C
10 752500 PS P4 Tr "b26" 
11 752500 P0 0_4_b26 "2500" TTP C
12 752500 P4 0_4_b26 "2500" TTP C
10 752500 PS P5 Tr "a12" 
11 752500 P1 1_5_a12 "2500" TTP C
12 752500 P5 1_5_a12 "2500" TTP C
10 755000 PS P2 Exec "a12*b22" 
10 755000 PS P3 Exec "a12*b24" 
10 755000 PS P4 Exec "a12*b26" 
10 755000 PS P5 Exec "a12*b25" 
17 775000 Pile T 1.00 
10 775000 PS P0 Idle "" 
10 775000 PS P0 Exec "a41*b11" 
17 782500 Pile T 1.00 
10 782500 PS P1 Idle "" 
10 782500 PS P1 Tr "a41" 
11 782500 P0 0_1_a41 "2500" TTP C
12 782500 P1 0_1_a41 "2500" TTP C
10 785000 PS P1 Tr "b15" 
11 785000 P0 0_1_b15 "2500" TTP C
12 785000 P1 0_1_b15 "2500" TTP C
10 787500 PS P1 Exec "a41*b15" 
17 880000 Pile T 1.00 
10 880000 PS P2 Idle "" 
10 880000 PS P2 Tr "b13" 
11 880000 P0 0_2_b13 "2500" TTP C
12 880000 P2 0_2_b13 "2500" TTP C
17 880000 Pile T 1.00 
10 880000 PS P3 Idle "" 
10 880000 PS P3 Tr "a41" 
11 880000 P0 0_3_a41 "2500" TTP C
12 880000 P3 0_3_a41 "2500" TTP C
17 880000 Pile T 1.00 
10 880000 PS P4 Idle "" 
10 880000 PS P4 Tr "b16" 
11 880000 P0 0_4_b16 "2500" TTP C
12 880000 P4 0_4_b16 "2500" TTP C
17 880000 Pile T 1.00 
10 880000 PS P5 Idle "" 
10 880000 PS P5 Tr "a41" 
11 880000 P0 0_5_a41 "2500" TTP C
12 880000 P5 0_5_a41 "2500" TTP C
10 882500 PS P2 Tr "a41" 
11 882500 P0 0_2_a41 "2500" TTP C
12 882500 P2 0_2_a41 "2500" TTP C
10 882500 PS P3 Exec "a41*b14" 
10 882500 PS P4 Tr "a41" 
11 882500 P0 0_4_a41 "2500" TTP C
12 882500 P4 0_4_a41 "2500" TTP C
10 882500 PS P5 Tr "b12" 
11 882500 P0 0_5_b12 "2500" TTP C
12 882500 P5 0_5_b12 "2500" TTP C
10 885000 PS P2 Exec "a41*b13" 
10 885000 PS P4 Exec "a41*b16" 
10 885000 PS P5 Exec "a41*b12" 
17 900000 Pile T 1.00 
10 900000 PS P0 Idle "" 
10 900000 PS P0 Tr "a23" 
11 900000 P1 1_0_a23 "2500" TTP C
12 900000 P0 1_0_a23 "2500" TTP C
10 902500 PS P0 Exec "a23*b33" 
17 912500 Pile T 1.00 
10 912500 PS P1 Idle "" 
10 912500 PS P1 Tr "b34" 
11 912500 P0 0_1_b34 "2500" TTP C
12 912500 P1 0_1_b34 "2500" TTP C
10 915000 PS P1 Exec "a23*b34" 
17 1007500 Pile T 1.00 
10 1007500 PS P3 Idle "" 
10 1007500 PS P3 Tr "b32" 
11 1007500 P0 0_3_b32 "2500" TTP C
12 1007500 P3 0_3_b32 "2500" TTP C
17 1010000 Pile T 1.00 
10 1010000 PS P2 Idle "" 
10 1010000 PS P2 Tr "a23" 
11 1010000 P1 1_2_a23 "2500" TTP C
12 1010000 P2 1_2_a23 "2500" TTP C
17 1010000 Pile T 1.00 
10 1010000 PS P4 Idle "" 
10 1010000 PS P4 Tr "a23" 
11 1010000 P1 1_4_a23 "2500" TTP C
12 1010000 P4 1_4_a23 "2500" TTP C
17 1010000 Pile T 1.00 
10 1010000 PS P5 Idle "" 
10 1010000 PS P5 Tr "a23" 
11 1010000 P1 1_5_a23 "2500" TTP C
12 1010000 P5 1_5_a23 "2500" TTP C
10 1010000 PS P3 Tr "a23" 
11 1010000 P1 1_3_a23 "2500" TTP C
12 1010000 P3 1_3_a23 "2500" TTP C
10 1012500 PS P2 Tr "b31" 
11 1012500 P0 0_2_b31 "2500" TTP C
12 1012500 P2 0_2_b31 "2500" TTP C
10 1012500 PS P4 Tr "b36" 
11 1012500 P2 2_4_b36 "2500" TTP C
12 1012500 P4 2_4_b36 "2500" TTP C
10 1012500 PS P5 Tr "b35" 
11 1012500 P0 0_5_b35 "2500" TTP C
12 1012500 P5 0_5_b35 "2500" TTP C
10 1012500 PS P3 Exec "a23*b32" 
10 1015000 PS P2 Exec "a23*b31" 
10 1015000 PS P4 Exec "a23*b36" 
10 1015000 PS P5 Exec "a23*b35" 
17 1027500 Pile T 1.00 
10 1027500 PS P0 Idle "" 
10 1027500 PS P0 Exec "a63*b35" 
17 1040000 Pile T 1.00 
10 1040000 PS P1 Idle "" 
10 1040000 PS P1 Tr "a63" 
11 1040000 P0 0_1_a63 "2500" TTP C
12 1040000 P1 0_1_a63 "2500" TTP C
10 1042500 PS P1 Tr "b31" 
11 1042500 P0 0_1_b31 "2500" TTP C
12 1042500 P1 0_1_b31 "2500" TTP C
10 1045000 PS P1 Exec "a63*b31" 
17 1137500 Pile T 1.00 
10 1137500 PS P3 Idle "" 
10 1137500 PS P3 Tr "a63" 
11 1137500 P0 0_3_a63 "2500" TTP C
12 1137500 P3 0_3_a63 "2500" TTP C
17 1140000 Pile T 1.00 
10 1140000 PS P2 Idle "" 
10 1140000 PS P2 Tr "b33" 
11 1140000 P0 0_2_b33 "2500" TTP C
12 1140000 P2 0_2_b33 "2500" TTP C
17 1140000 Pile T 1.00 
10 1140000 PS P4 Idle "" 
10 1140000 PS P4 Tr "b34" 
11 1140000 P0 0_4_b34 "2500" TTP C
12 1140000 P4 0_4_b34 "2500" TTP C
17 1140000 Pile T 1.00 
10 1140000 PS P5 Idle "" 
10 1140000 PS P5 Tr "a63" 
11 1140000 P0 0_5_a63 "2500" TTP C
12 1140000 P5 0_5_a63 "2500" TTP C
10 1140000 PS P3 Exec "a63*b32" 
10 1142500 PS P2 Tr "a63" 
11 1142500 P0 0_2_a63 "2500" TTP C
12 1142500 P2 0_2_a63 "2500" TTP C
10 1142500 PS P4 Tr "a63" 
11 1142500 P0 0_4_a63 "2500" TTP C
12 1142500 P4 0_4_a63 "2500" TTP C
10 1142500 PS P5 Tr "b36" 
11 1142500 P2 2_5_b36 "2500" TTP C
12 1142500 P5 2_5_b36 "2500" TTP C
10 1145000 PS P2 Exec "a63*b33" 
10 1145000 PS P4 Exec "a63*b34" 
10 1145000 PS P5 Exec "a63*b36" 
17 1152500 Pile T 1.00 
10 1152500 PS P0 Idle "" 
10 1152500 PS P0 Tr "a46" 
11 1152500 P1 1_0_a46 "2500" TTP C
12 1152500 P0 1_0_a46 "2500" TTP C
10 1155000 PS P0 Exec "a46*b62" 
17 1170000 Pile T 1.00 
10 1170000 PS P1 Idle "" 
10 1170000 PS P1 Tr "b66" 
11 1170000 P0 0_1_b66 "2500" TTP C
12 1170000 P1 0_1_b66 "2500" TTP C
10 1172500 PS P1 Exec "a46*b66" 
17 1265000 Pile T 1.00 
10 1265000 PS P3 Idle "" 
10 1265000 PS P3 Tr "a46" 
11 1265000 P1 1_3_a46 "2500" TTP C
12 1265000 P3 1_3_a46 "2500" TTP C
10 1267500 PS P3 Tr "b64" 
11 1267500 P0 0_3_b64 "2500" TTP C
12 1267500 P3 0_3_b64 "2500" TTP C
17 1270000 Pile T 1.00 
10 1270000 PS P2 Idle "" 
10 1270000 PS P2 Tr "b65" 
11 1270000 P0 0_2_b65 "2500" TTP C
12 1270000 P2 0_2_b65 "2500" TTP C
17 1270000 Pile T 1.00 
10 1270000 PS P4 Idle "" 
10 1270000 PS P4 Tr "a46" 
11 1270000 P1 1_4_a46 "2500" TTP C
12 1270000 P4 1_4_a46 "2500" TTP C
17 1270000 Pile T 1.00 
10 1270000 PS P5 Idle "" 
10 1270000 PS P5 Tr "a46" 
11 1270000 P1 1_5_a46 "2500" TTP C
12 1270000 P5 1_5_a46 "2500" TTP C
10 1270000 PS P3 Exec "a46*b64" 
10 1272500 PS P2 Tr "a46" 
11 1272500 P1 1_2_a46 "2500" TTP C
12 1272500 P2 1_2_a46 "2500" TTP C
10 1272500 PS P4 Tr "b61" 
11 1272500 P0 0_4_b61 "2500" TTP C
12 1272500 P4 0_4_b61 "2500" TTP C
10 1272500 PS P5 Tr "b63" 
11 1272500 P0 0_5_b63 "2500" TTP C
12 1272500 P5 0_5_b63 "2500" TTP C
10 1275000 PS P2 Exec "a46*b65" 
10 1275000 PS P4 Exec "a46*b61" 
10 1275000 PS P5 Exec "a46*b63" 
17 1280000 Pile T 1.00 
10 1280000 PS P0 Idle "" 
10 1280000 PS P0 Exec "a16*b66" 
17 1297500 Pile T 1.00 
10 1297500 PS P1 Idle "" 
10 1297500 PS P1 Tr "b62" 
11 1297500 P0 0_1_b62 "2500" TTP C
12 1297500 P1 0_1_b62 "2500" TTP C
10 1300000 PS P1 Tr "a16" 
11 1300000 P0 0_1_a16 "2500" TTP C
12 1300000 P1 0_1_a16 "2500" TTP C
10 1302500 PS P1 Exec "a16*b62" 
17 1395000 Pile T 1.00 
10 1395000 PS P3 Idle "" 
10 1395000 PS P3 Tr "a16" 
11 1395000 P0 0_3_a16 "2500" TTP C
12 1395000 P3 0_3_a16 "2500" TTP C
10 1397500 PS P3 Tr "b65" 
11 1397500 P0 0_3_b65 "2500" TTP C
12 1397500 P3 0_3_b65 "2500" TTP C
17 1400000 Pile T 1.00 
10 1400000 PS P2 Idle "" 
10 1400000 PS P2 Tr "b64" 
11 1400000 P0 0_2_b64 "2500" TTP C
12 1400000 P2 0_2_b64 "2500" TTP C
17 1400000 Pile T 1.00 
10 1400000 PS P4 Idle "" 
10 1400000 PS P4 Tr "a16" 
11 1400000 P0 0_4_a16 "2500" TTP C
12 1400000 P4 0_4_a16 "2500" TTP C
17 1400000 Pile T 1.00 
10 1400000 PS P5 Idle "" 
10 1400000 PS P5 Tr "b61" 
11 1400000 P0 0_5_b61 "2500" TTP C
12 1400000 P5 0_5_b61 "2500" TTP C
10 1400000 PS P3 Exec "a16*b65" 
10 1402500 PS P2 Tr "a16" 
11 1402500 P0 0_2_a16 "2500" TTP C
12 1402500 P2 0_2_a16 "2500" TTP C
10 1402500 PS P4 Tr "b63" 
11 1402500 P0 0_4_b63 "2500" TTP C
12 1402500 P4 0_4_b63 "2500" TTP C
10 1402500 PS P5 Tr "a16" 
11 1402500 P0 0_5_a16 "2500" TTP C
12 1402500 P5 0_5_a16 "2500" TTP C
17 1405000 Pile T 1.00 
10 1405000 PS P0 Idle "" 
10 1405000 PS P0 Tr "a14" 
11 1405000 P1 1_0_a14 "2500" TTP C
12 1405000 P0 1_0_a14 "2500" TTP C
10 1405000 PS P2 Exec "a16*b64" 
10 1405000 PS P4 Exec "a16*b63" 
10 1405000 PS P5 Exec "a16*b61" 
10 1407500 PS P0 Exec "a14*b45" 
17 1427500 Pile T 1.00 
10 1427500 PS P1 Idle "" 
10 1427500 PS P1 Tr "b44" 
11 1427500 P5 5_1_b44 "2500" TTP C
12 1427500 P1 5_1_b44 "2500" TTP C
10 1430000 PS P1 Exec "a14*b44" 
17 1525000 Pile T 1.00 
10 1525000 PS P3 Idle "" 
10 1525000 PS P3 Tr "a14" 
11 1525000 P1 1_3_a14 "2500" TTP C
12 1525000 P3 1_3_a14 "2500" TTP C
10 1527500 PS P3 Tr "b42" 
11 1527500 P4 4_3_b42 "2500" TTP C
12 1527500 P3 4_3_b42 "2500" TTP C
17 1530000 Pile T 1.00 
10 1530000 PS P2 Idle "" 
10 1530000 PS P2 Tr "a14" 
11 1530000 P1 1_2_a14 "2500" TTP C
12 1530000 P2 1_2_a14 "2500" TTP C
17 1530000 Pile T 1.00 
10 1530000 PS P4 Idle "" 
10 1530000 PS P4 Tr "b46" 
11 1530000 P0 0_4_b46 "2500" TTP C
12 1530000 P4 0_4_b46 "2500" TTP C
17 1530000 Pile T 1.00 
10 1530000 PS P5 Idle "" 
10 1530000 PS P5 Tr "b41" 
11 1530000 P0 0_5_b41 "2500" TTP C
12 1530000 P5 0_5_b41 "2500" TTP C
10 1530000 PS P3 Exec "a14*b42" 
17 1532500 Pile T 1.00 
10 1532500 PS P0 Idle "" 
10 1532500 PS P0 Exec "a54*b46" 
10 1532500 PS P2 Tr "b43" 
11 1532500 P0 0_2_b43 "2500" TTP C
12 1532500 P2 0_2_b43 "2500" TTP C
10 1532500 PS P4 Tr "a14" 
11 1532500 P1 1_4_a14 "2500" TTP C
12 1532500 P4 1_4_a14 "2500" TTP C
10 1532500 PS P5 Tr "a14" 
11 1532500 P1 1_5_a14 "2500" TTP C
12 1532500 P5 1_5_a14 "2500" TTP C
10 1535000 PS P2 Exec "a14*b43" 
10 1535000 PS P4 Exec "a14*b46" 
10 1535000 PS P5 Exec "a14*b41" 
17 1555000 Pile T 1.00 
10 1555000 PS P1 Idle "" 
10 1555000 PS P1 Tr "a54" 
11 1555000 P0 0_1_a54 "2500" TTP C
12 1555000 P1 0_1_a54 "2500" TTP C
10 1557500 PS P1 Tr "b43" 
11 1557500 P0 0_1_b43 "2500" TTP C
12 1557500 P1 0_1_b43 "2500" TTP C
10 1560000 PS P1 Exec "a54*b43" 
17 1655000 Pile T 1.00 
10 1655000 PS P3 Idle "" 
10 1655000 PS P3 Tr "b41" 
11 1655000 P0 0_3_b41 "2500" TTP C
12 1655000 P3 0_3_b41 "2500" TTP C
17 1657500 Pile T 1.00 
10 1657500 PS P0 Idle "" 
10 1657500 PS P0 Exec "a54*b45" 
10 1657500 PS P3 Tr "a54" 
11 1657500 P0 0_3_a54 "2500" TTP C
12 1657500 P3 0_3_a54 "2500" TTP C
17 1660000 Pile T 1.00 
10 1660000 PS P2 Idle "" 
10 1660000 PS P2 Tr "b44" 
11 1660000 P5 5_2_b44 "2500" TTP C
12 1660000 P2 5_2_b44 "2500" TTP C
17 1660000 Pile T 1.00 
10 1660000 PS P4 Idle "" 
10 1660000 PS P4 Tr "a54" 
11 1660000 P0 0_4_a54 "2500" TTP C
12 1660000 P4 0_4_a54 "2500" TTP C
17 1660000 Pile T 1.00 
10 1660000 PS P5 Idle "" 
10 1660000 PS P5 Tr "a51" 
11 1660000 P1 1_5_a51 "2500" TTP C
12 1660000 P5 1_5_a51 "2500" TTP C
10 1660000 PS P3 Exec "a54*b41" 
10 1662500 PS P2 Tr "a54" 
11 1662500 P0 0_2_a54 "2500" TTP C
12 1662500 P2 0_2_a54 "2500" TTP C
10 1662500 PS P4 Exec "a54*b42" 
10 1662500 PS P5 Exec "a51*b13" 
10 1665000 PS P2 Exec "a54*b44" 
17 1685000 Pile T 1.00 
10 1685000 PS P1 Idle "" 
10 1685000 PS P1 Tr "b12" 
11 1685000 P0 0_1_b12 "2500" TTP C
12 1685000 P1 0_1_b12 "2500" TTP C
10 1687500 PS P1 Exec "a51*b12" 
17 1782500 Pile T 1.00 
10 1782500 PS P0 Idle "" 
10 1782500 PS P0 Tr "a51" 
11 1782500 P1 1_0_a51 "2500" TTP C
12 1782500 P0 1_0_a51 "2500" TTP C
17 1785000 Pile T 1.00 
10 1785000 PS P3 Idle "" 
10 1785000 PS P3 Tr "a51" 
11 1785000 P1 1_3_a51 "2500" TTP C
12 1785000 P3 1_3_a51 "2500" TTP C
10 1785000 PS P0 Exec "a51*b14" 
17 1787500 Pile T 1.00 
10 1787500 PS P4 Idle "" 
10 1787500 PS P4 Tr "a51" 
11 1787500 P1 1_4_a51 "2500" TTP C
12 1787500 P4 1_4_a51 "2500" TTP C
17 1787500 Pile T 1.00 
10 1787500 PS P5 Idle "" 
10 1787500 PS P5 Tr "b16" 
11 1787500 P0 0_5_b16 "2500" TTP C
12 1787500 P5 0_5_b16 "2500" TTP C
10 1787500 PS P3 Tr "b11" 
11 1787500 P0 0_3_b11 "2500" TTP C
12 1787500 P3 0_3_b11 "2500" TTP C
17 1790000 Pile T 1.00 
10 1790000 PS P2 Idle "" 
10 1790000 PS P2 Tr "b14" 
11 1790000 P0 0_2_b14 "2500" TTP C
12 1790000 P2 0_2_b14 "2500" TTP C
10 1790000 PS P4 Tr "b15" 
11 1790000 P0 0_4_b15 "2500" TTP C
12 1790000 P4 0_4_b15 "2500" TTP C
10 1790000 PS P5 Exec "a51*b16" 
10 1790000 PS P3 Exec "a51*b11" 
10 1792500 PS P2 Tr "a11" 
11 1792500 P0 0_2_a11 "2500" TTP C
12 1792500 P2 0_2_a11 "2500" TTP C
10 1792500 PS P4 Exec "a51*b15" 
10 1795000 PS P2 Exec "a11*b14" 
17 1812500 Pile T 1.00 
10 1812500 PS P1 Idle "" 
10 1812500 PS P1 Tr "b16" 
11 1812500 P0 0_1_b16 "2500" TTP C
12 1812500 P1 0_1_b16 "2500" TTP C
10 1815000 PS P1 Tr "a11" 
11 1815000 P0 0_1_a11 "2500" TTP C
12 1815000 P1 0_1_a11 "2500" TTP C
10 1817500 PS P1 Exec "a11*b16" 
17 1910000 Pile T 1.00 
10 1910000 PS P0 Idle "" 
10 1910000 PS P0 Exec "a11*b13" 
17 1915000 Pile T 1.00 
10 1915000 PS P5 Idle "" 
10 1915000 PS P5 Tr "a11" 
11 1915000 P0 0_5_a11 "2500" TTP C
12 1915000 P5 0_5_a11 "2500" TTP C
17 1915000 Pile T 1.00 
10 1915000 PS P3 Idle "" 
10 1915000 PS P3 Tr "b12" 
11 1915000 P0 0_3_b12 "2500" TTP C
12 1915000 P3 0_3_b12 "2500" TTP C
17 1917500 Pile T 1.00 
10 1917500 PS P4 Idle "" 
10 1917500 PS P4 Tr "a11" 
11 1917500 P0 0_4_a11 "2500" TTP C
12 1917500 P4 0_4_a11 "2500" TTP C
10 1917500 PS P5 Tr "b11" 
11 1917500 P0 0_5_b11 "2500" TTP C
12 1917500 P5 0_5_b11 "2500" TTP C
10 1917500 PS P3 Tr "a11" 
11 1917500 P0 0_3_a11 "2500" TTP C
12 1917500 P3 0_3_a11 "2500" TTP C
17 1920000 Pile T 1.00 
10 1920000 PS P2 Idle "" 
10 1920000 PS P2 Tr "a66" 
11 1920000 P1 1_2_a66 "2500" TTP C
12 1920000 P2 1_2_a66 "2500" TTP C
10 1920000 PS P4 Exec "a11*b15" 
10 1920000 PS P5 Exec "a11*b11" 
10 1920000 PS P3 Exec "a11*b12" 
10 1922500 PS P2 Tr "b62" 
11 1922500 P0 0_2_b62 "2500" TTP C
12 1922500 P2 0_2_b62 "2500" TTP C
10 1925000 PS P2 Exec "a66*b62" 
17 1942500 Pile T 1.00 
10 1942500 PS P1 Idle "" 
10 1942500 PS P1 Tr "b65" 
11 1942500 P0 0_1_b65 "2500" TTP C
12 1942500 P1 0_1_b65 "2500" TTP C
10 1945000 PS P1 Exec "a66*b65" 
17 2035000 Pile T 1.00 
10 2035000 PS P0 Idle "" 
10 2035000 PS P0 Tr "a66" 
11 2035000 P1 1_0_a66 "2500" TTP C
12 2035000 P0 1_0_a66 "2500" TTP C
10 2037500 PS P0 Exec "a66*b66" 
17 2045000 Pile T 1.00 
10 2045000 PS P4 Idle "" 
10 2045000 PS P4 Tr "a66" 
11 2045000 P1 1_4_a66 "2500" TTP C
12 2045000 P4 1_4_a66 "2500" TTP C
17 2045000 Pile T 1.00 
10 2045000 PS P5 Idle "" 
10 2045000 PS P5 Tr "b64" 
11 2045000 P0 0_5_b64 "2500" TTP C
12 2045000 P5 0_5_b64 "2500" TTP C
17 2045000 Pile T 1.00 
10 2045000 PS P3 Idle "" 
10 2045000 PS P3 Tr "a66" 
11 2045000 P1 1_3_a66 "2500" TTP C
12 2045000 P3 1_3_a66 "2500" TTP C
10 2047500 PS P4 Exec "a66*b61" 
10 2047500 PS P5 Tr "a66" 
11 2047500 P1 1_5_a66 "2500" TTP C
12 2047500 P5 1_5_a66 "2500" TTP C
10 2047500 PS P3 Tr "b63" 
11 2047500 P0 0_3_b63 "2500" TTP C
12 2047500 P3 0_3_b63 "2500" TTP C
17 2050000 Pile T 1.00 
10 2050000 PS P2 Idle "" 
10 2050000 PS P2 Tr "b32" 
11 2050000 P0 0_2_b32 "2500" TTP C
12 2050000 P2 0_2_b32 "2500" TTP C
10 2050000 PS P5 Exec "a66*b64" 
10 2050000 PS P3 Exec "a66*b63" 
10 2052500 PS P2 Tr "a43" 
11 2052500 P0 0_2_a43 "2500" TTP C
12 2052500 P2 0_2_a43 "2500" TTP C
10 2055000 PS P2 Exec "a43*b32" 
17 2070000 Pile T 1.00 
10 2070000 PS P1 Idle "" 
10 2070000 PS P1 Tr "a43" 
11 2070000 P0 0_1_a43 "2500" TTP C
12 2070000 P1 0_1_a43 "2500" TTP C
10 2072500 PS P1 Exec "a43*b31" 
17 2162500 Pile T 1.00 
10 2162500 PS P0 Idle "" 
10 2162500 PS P0 Exec "a43*b35" 
17 2172500 Pile T 1.00 
10 2172500 PS P4 Idle "" 
10 2172500 PS P4 Tr "a43" 
11 2172500 P0 0_4_a43 "2500" TTP C
12 2172500 P4 0_4_a43 "2500" TTP C
17 2175000 Pile T 1.00 
10 2175000 PS P5 Idle "" 
10 2175000 PS P5 Tr "a43" 
11 2175000 P0 0_5_a43 "2500" TTP C
12 2175000 P5 0_5_a43 "2500" TTP C
17 2175000 Pile T 1.00 
10 2175000 PS P3 Idle "" 
10 2175000 PS P3 Tr "b33" 
11 2175000 P0 0_3_b33 "2500" TTP C
12 2175000 P3 0_3_b33 "2500" TTP C
10 2175000 PS P4 Exec "a43*b36" 
10 2177500 PS P5 Tr "b34" 
11 2177500 P0 0_5_b34 "2500" TTP C
12 2177500 P5 0_5_b34 "2500" TTP C
10 2177500 PS P3 Tr "a43" 
11 2177500 P0 0_3_a43 "2500" TTP C
12 2177500 P3 0_3_a43 "2500" TTP C
17 2180000 Pile T 1.00 
10 2180000 PS P2 Idle "" 
10 2180000 PS P2 Tr "a32" 
11 2180000 P1 1_2_a32 "2500" TTP C
12 2180000 P2 1_2_a32 "2500" TTP C
10 2180000 PS P5 Exec "a43*b34" 
10 2180000 PS P3 Exec "a43*b33" 
10 2182500 PS P2 Tr "b23" 
11 2182500 P0 0_2_b23 "2500" TTP C
12 2182500 P2 0_2_b23 "2500" TTP C
10 2185000 PS P2 Exec "a32*b23" 
17 2197500 Pile T 1.00 
10 2197500 PS P1 Idle "" 
10 2197500 PS P1 Exec "a32*b21" 
17 2287500 Pile T 1.00 
10 2287500 PS P0 Idle "" 
10 2287500 PS P0 Tr "a32" 
11 2287500 P1 1_0_a32 "2500" TTP C
12 2287500 P0 1_0_a32 "2500" TTP C
10 2290000 PS P0 Exec "a32*b22" 
17 2300000 Pile T 1.00 
10 2300000 PS P4 Idle "" 
10 2300000 PS P4 Tr "a32" 
11 2300000 P1 1_4_a32 "2500" TTP C
12 2300000 P4 1_4_a32 "2500" TTP C
10 2302500 PS P4 Exec "a32*b26" 
17 2305000 Pile T 1.00 
10 2305000 PS P5 Idle "" 
10 2305000 PS P5 Tr "b24" 
11 2305000 P0 0_5_b24 "2500" TTP C
12 2305000 P5 0_5_b24 "2500" TTP C
17 2305000 Pile T 1.00 
10 2305000 PS P3 Idle "" 
10 2305000 PS P3 Tr "b25" 
11 2305000 P1 1_3_b25 "2500" TTP C
12 2305000 P3 1_3_b25 "2500" TTP C
10 2307500 PS P5 Tr "a32" 
11 2307500 P1 1_5_a32 "2500" TTP C
12 2307500 P5 1_5_a32 "2500" TTP C
10 2307500 PS P3 Tr "a32" 
11 2307500 P1 1_3_a32 "2500" TTP C
12 2307500 P3 1_3_a32 "2500" TTP C
17 2310000 Pile T 1.00 
10 2310000 PS P2 Idle "" 
10 2310000 PS P2 Tr "a62" 
11 2310000 P0 0_2_a62 "2500" TTP C
12 2310000 P2 0_2_a62 "2500" TTP C
10 2310000 PS P5 Exec "a32*b24" 
10 2310000 PS P3 Exec "a32*b25" 
10 2312500 PS P2 Exec "a62*b22" 
17 2322500 Pile T 1.00 
10 2322500 PS P1 Idle "" 
10 2322500 PS P1 Tr "b23" 
11 2322500 P0 0_1_b23 "2500" TTP C
12 2322500 P1 0_1_b23 "2500" TTP C
10 2325000 PS P1 Tr "a62" 
11 2325000 P0 0_1_a62 "2500" TTP C
12 2325000 P1 0_1_a62 "2500" TTP C
10 2327500 PS P1 Exec "a62*b23" 
17 2415000 Pile T 1.00 
10 2415000 PS P0 Idle "" 
10 2415000 PS P0 Exec "a62*b21" 
17 2427500 Pile T 1.00 
10 2427500 PS P4 Idle "" 
10 2427500 PS P4 Tr "a62" 
11 2427500 P0 0_4_a62 "2500" TTP C
12 2427500 P4 0_4_a62 "2500" TTP C
10 2430000 PS P4 Exec "a62*b26" 
17 2435000 Pile T 1.00 
10 2435000 PS P5 Idle "" 
10 2435000 PS P5 Tr "a62" 
11 2435000 P0 0_5_a62 "2500" TTP C
12 2435000 P5 0_5_a62 "2500" TTP C
17 2435000 Pile T 1.00 
10 2435000 PS P3 Idle "" 
10 2435000 PS P3 Tr "a62" 
11 2435000 P0 0_3_a62 "2500" TTP C
12 2435000 P3 0_3_a62 "2500" TTP C
17 2437500 Pile T 1.00 
10 2437500 PS P2 Idle "" 
10 2437500 PS P2 Tr "b26" 
11 2437500 P0 0_2_b26 "2500" TTP C
12 2437500 P2 0_2_b26 "2500" TTP C
10 2437500 PS P5 Exec "a62*b24" 
10 2437500 PS P3 Exec "a62*b25" 
10 2440000 PS P2 Tr "a42" 
11 2440000 P1 1_2_a42 "2500" TTP C
12 2440000 P2 1_2_a42 "2500" TTP C
10 2442500 PS P2 Exec "a42*b26" 
17 2452500 Pile T 1.00 
10 2452500 PS P1 Idle "" 
10 2452500 PS P1 Exec "a42*b21" 
17 2540000 Pile T 1.00 
10 2540000 PS P0 Idle "" 
10 2540000 PS P0 Tr "a42" 
11 2540000 P1 1_0_a42 "2500" TTP C
12 2540000 P0 1_0_a42 "2500" TTP C
10 2542500 PS P0 Exec "a42*b24" 
17 2555000 Pile T 1.00 
10 2555000 PS P4 Idle "" 
10 2555000 PS P4 Tr "a42" 
11 2555000 P1 1_4_a42 "2500" TTP C
12 2555000 P4 1_4_a42 "2500" TTP C
10 2557500 PS P4 Tr "b25" 
11 2557500 P1 1_4_b25 "2500" TTP C
12 2557500 P4 1_4_b25 "2500" TTP C
10 2560000 PS P4 Exec "a42*b25" 
17 2562500 Pile T 1.00 
10 2562500 PS P5 Idle "" 
10 2562500 PS P5 Tr "a42" 
11 2562500 P1 1_5_a42 "2500" TTP C
12 2562500 P5 1_5_a42 "2500" TTP C
17 2562500 Pile T 1.00 
10 2562500 PS P3 Idle "" 
10 2562500 PS P3 Tr "b23" 
11 2562500 P0 0_3_b23 "2500" TTP C
12 2562500 P3 0_3_b23 "2500" TTP C
10 2565000 PS P5 Tr "b22" 
11 2565000 P0 0_5_b22 "2500" TTP C
12 2565000 P5 0_5_b22 "2500" TTP C
10 2565000 PS P3 Tr "a42" 
11 2565000 P1 1_3_a42 "2500" TTP C
12 2565000 P3 1_3_a42 "2500" TTP C
17 2567500 Pile T 1.00 
10 2567500 PS P2 Idle "" 
10 2567500 PS P2 Tr "a31" 
11 2567500 P0 0_2_a31 "2500" TTP C
12 2567500 P2 0_2_a31 "2500" TTP C
10 2567500 PS P5 Exec "a42*b22" 
10 2567500 PS P3 Exec "a42*b23" 
10 2570000 PS P2 Exec "a31*b14" 
17 2577500 Pile T 1.00 
10 2577500 PS P1 Idle "" 
10 2577500 PS P1 Tr "b13" 
11 2577500 P0 0_1_b13 "2500" TTP C
12 2577500 P1 0_1_b13 "2500" TTP C
10 2580000 PS P1 Tr "a31" 
11 2580000 P0 0_1_a31 "2500" TTP C
12 2580000 P1 0_1_a31 "2500" TTP C
10 2582500 PS P1 Exec "a31*b13" 
17 2667500 Pile T 1.00 
10 2667500 PS P0 Idle "" 
10 2667500 PS P0 Exec "a31*b16" 
17 2685000 Pile T 1.00 
10 2685000 PS P4 Idle "" 
10 2685000 PS P4 Tr "a31" 
11 2685000 P0 0_4_a31 "2500" TTP C
12 2685000 P4 0_4_a31 "2500" TTP C
10 2687500 PS P4 Tr "b11" 
11 2687500 P0 0_4_b11 "2500" TTP C
12 2687500 P4 0_4_b11 "2500" TTP C
10 2690000 PS P4 Exec "a31*b11" 
17 2692500 Pile T 1.00 
10 2692500 PS P5 Idle "" 
10 2692500 PS P5 Tr "a31" 
11 2692500 P0 0_5_a31 "2500" TTP C
12 2692500 P5 0_5_a31 "2500" TTP C
17 2692500 Pile T 1.00 
10 2692500 PS P3 Idle "" 
10 2692500 PS P3 Tr "b15" 
11 2692500 P0 0_3_b15 "2500" TTP C
12 2692500 P3 0_3_b15 "2500" TTP C
17 2695000 Pile T 1.00 
10 2695000 PS P2 Idle "" 
10 2695000 PS P2 Tr "a45" 
11 2695000 P1 1_2_a45 "2500" TTP C
12 2695000 P2 1_2_a45 "2500" TTP C
10 2695000 PS P5 Exec "a31*b12" 
10 2695000 PS P3 Tr "a31" 
11 2695000 P0 0_3_a31 "2500" TTP C
12 2695000 P3 0_3_a31 "2500" TTP C
10 2697500 PS P2 Tr "b54" 
11 2697500 P0 0_2_b54 "2500" TTP C
12 2697500 P2 0_2_b54 "2500" TTP C
10 2697500 PS P3 Exec "a31*b15" 
10 2700000 PS P2 Exec "a45*b54" 
17 2707500 Pile T 1.00 
10 2707500 PS P1 Idle "" 
10 2707500 PS P1 Exec "a45*b51" 
17 2792500 Pile T 1.00 
10 2792500 PS P0 Idle "" 
10 2792500 PS P0 Tr "a45" 
11 2792500 P1 1_0_a45 "2500" TTP C
12 2792500 P0 1_0_a45 "2500" TTP C
10 2795000 PS P0 Exec "a45*b53" 
17 2815000 Pile T 1.00 
10 2815000 PS P4 Idle "" 
10 2815000 PS P4 Tr "a45" 
11 2815000 P1 1_4_a45 "2500" TTP C
12 2815000 P4 1_4_a45 "2500" TTP C
10 2817500 PS P4 Exec "a45*b52" 
17 2820000 Pile T 1.00 
10 2820000 PS P5 Idle "" 
10 2820000 PS P5 Tr "b55" 
11 2820000 P0 0_5_b55 "2500" TTP C
12 2820000 P5 0_5_b55 "2500" TTP C
17 2822500 Pile T 1.00 
10 2822500 PS P3 Idle "" 
10 2822500 PS P3 Tr "b56" 
11 2822500 P0 0_3_b56 "2500" TTP C
12 2822500 P3 0_3_b56 "2500" TTP C
10 2822500 PS P5 Tr "a45" 
11 2822500 P1 1_5_a45 "2500" TTP C
12 2822500 P5 1_5_a45 "2500" TTP C
17 2825000 Pile T 1.00 
10 2825000 PS P2 Idle "" 
10 2825000 PS P2 Tr "a36" 
11 2825000 P0 0_2_a36 "2500" TTP C
12 2825000 P2 0_2_a36 "2500" TTP C
10 2825000 PS P3 Tr "a45" 
11 2825000 P1 1_3_a45 "2500" TTP C
12 2825000 P3 1_3_a45 "2500" TTP C
10 2825000 PS P5 Exec "a45*b55" 
10 2827500 PS P2 Exec "a36*b62" 
10 2827500 PS P3 Exec "a45*b56" 
17 2832500 Pile T 1.00 
10 2832500 PS P1 Idle "" 
10 2832500 PS P1 Tr "a36" 
11 2832500 P0 0_1_a36 "2500" TTP C
12 2832500 P1 0_1_a36 "2500" TTP C
10 2835000 PS P1 Tr "b63" 
11 2835000 P0 0_1_b63 "2500" TTP C
12 2835000 P1 0_1_b63 "2500" TTP C
10 2837500 PS P1 Exec "a36*b63" 
17 2920000 Pile T 1.00 
10 2920000 PS P0 Idle "" 
10 2920000 PS P0 Exec "a36*b66" 
17 2942500 Pile T 1.00 
10 2942500 PS P4 Idle "" 
10 2942500 PS P4 Tr "a36" 
11 2942500 P0 0_4_a36 "2500" TTP C
12 2942500 P4 0_4_a36 "2500" TTP C
10 2945000 PS P4 Tr "b64" 
11 2945000 P0 0_4_b64 "2500" TTP C
12 2945000 P4 0_4_b64 "2500" TTP C
10 2947500 PS P4 Exec "a36*b64" 
17 2950000 Pile T 1.00 
10 2950000 PS P5 Idle "" 
10 2950000 PS P5 Tr "a36" 
11 2950000 P0 0_5_a36 "2500" TTP C
12 2950000 P5 0_5_a36 "2500" TTP C
17 2952500 Pile T 1.00 
10 2952500 PS P2 Idle "" 
10 2952500 PS P2 Tr "b61" 
11 2952500 P0 0_2_b61 "2500" TTP C
12 2952500 P2 0_2_b61 "2500" TTP C
17 2952500 Pile T 1.00 
10 2952500 PS P3 Idle "" 
10 2952500 PS P3 Tr "a55" 
11 2952500 P1 1_3_a55 "2500" TTP C
12 2952500 P3 1_3_a55 "2500" TTP C
10 2952500 PS P5 Tr "b65" 
11 2952500 P0 0_5_b65 "2500" TTP C
12 2952500 P5 0_5_b65 "2500" TTP C
10 2955000 PS P2 Exec "a36*b61" 
10 2955000 PS P3 Exec "a55*b52" 
10 2955000 PS P5 Exec "a36*b65" 
17 2962500 Pile T 1.00 
10 2962500 PS P1 Idle "" 
10 2962500 PS P1 Tr "b55" 
11 2962500 P0 0_1_b55 "2500" TTP C
12 2962500 P1 0_1_b55 "2500" TTP C
10 2965000 PS P1 Exec "a55*b55" 
17 3045000 Pile T 1.00 
10 3045000 PS P0 Idle "" 
10 3045000 PS P0 Tr "a55" 
11 3045000 P1 1_0_a55 "2500" TTP C
12 3045000 P0 1_0_a55 "2500" TTP C
10 3047500 PS P0 Exec "a55*b54" 
17 3072500 Pile T 1.00 
10 3072500 PS P4 Idle "" 
10 3072500 PS P4 Tr "a55" 
11 3072500 P1 1_4_a55 "2500" TTP C
12 3072500 P4 1_4_a55 "2500" TTP C
10 3075000 PS P4 Tr "b51" 
11 3075000 P0 0_4_b51 "2500" TTP C
12 3075000 P4 0_4_b51 "2500" TTP C
10 3077500 PS P4 Exec "a55*b51" 
17 3080000 Pile T 1.00 
10 3080000 PS P2 Idle "" 
10 3080000 PS P2 Tr "b56" 
11 3080000 P0 0_2_b56 "2500" TTP C
12 3080000 P2 0_2_b56 "2500" TTP C
17 3080000 Pile T 1.00 
10 3080000 PS P3 Idle "" 
10 3080000 PS P3 Tr "b53" 
11 3080000 P0 0_3_b53 "2500" TTP C
12 3080000 P3 0_3_b53 "2500" TTP C
17 3080000 Pile T 1.00 
10 3080000 PS P5 Idle "" 
10 3080000 PS P5 Tr "a24" 
11 3080000 P0 0_5_a24 "2500" TTP C
12 3080000 P5 0_5_a24 "2500" TTP C
10 3082500 PS P2 Tr "a55" 
11 3082500 P1 1_2_a55 "2500" TTP C
12 3082500 P2 1_2_a55 "2500" TTP C
10 3082500 PS P3 Exec "a55*b53" 
10 3082500 PS P5 Exec "a24*b44" 
10 3085000 PS P2 Exec "a55*b56" 
17 3090000 Pile T 1.00 
10 3090000 PS P1 Idle "" 
10 3090000 PS P1 Tr "a24" 
11 3090000 P0 0_1_a24 "2500" TTP C
12 3090000 P1 0_1_a24 "2500" TTP C
10 3092500 PS P1 Tr "b42" 
11 3092500 P4 4_1_b42 "2500" TTP C
12 3092500 P1 4_1_b42 "2500" TTP C
10 3095000 PS P1 Exec "a24*b42" 
17 3172500 Pile T 1.00 
10 3172500 PS P0 Idle "" 
10 3172500 PS P0 Exec "a24*b45" 
17 3202500 Pile T 1.00 
10 3202500 PS P4 Idle "" 
10 3202500 PS P4 Tr "b43" 
11 3202500 P0 0_4_b43 "2500" TTP C
12 3202500 P4 0_4_b43 "2500" TTP C
10 3205000 PS P4 Tr "a24" 
11 3205000 P0 0_4_a24 "2500" TTP C
12 3205000 P4 0_4_a24 "2500" TTP C
17 3207500 Pile T 1.00 
10 3207500 PS P3 Idle "" 
10 3207500 PS P3 Tr "a24" 
11 3207500 P0 0_3_a24 "2500" TTP C
12 3207500 P3 0_3_a24 "2500" TTP C
17 3207500 Pile T 1.00 
10 3207500 PS P5 Idle "" 
10 3207500 PS P5 Tr "b46" 
11 3207500 P0 0_5_b46 "2500" TTP C
12 3207500 P5 0_5_b46 "2500" TTP C
10 3207500 PS P4 Exec "a24*b43" 
17 3210000 Pile T 1.00 
10 3210000 PS P2 Idle "" 
10 3210000 PS P2 Tr "a25" 
11 3210000 P1 1_2_a25 "2500" TTP C
12 3210000 P2 1_2_a25 "2500" TTP C
10 3210000 PS P3 Exec "a24*b41" 
10 3210000 PS P5 Exec "a24*b46" 
10 3212500 PS P2 Tr "b53" 
11 3212500 P0 0_2_b53 "2500" TTP C
12 3212500 P2 0_2_b53 "2500" TTP C
10 3215000 PS P2 Exec "a25*b53" 
17 3220000 Pile T 1.00 
10 3220000 PS P1 Idle "" 
10 3220000 PS P1 Tr "b52" 
11 3220000 P3 3_1_b52 "2500" TTP C
12 3220000 P1 3_1_b52 "2500" TTP C
10 3222500 PS P1 Exec "a25*b52" 
17 3297500 Pile T 1.00 
10 3297500 PS P0 Idle "" 
10 3297500 PS P0 Tr "a25" 
11 3297500 P1 1_0_a25 "2500" TTP C
12 3297500 P0 1_0_a25 "2500" TTP C
10 3300000 PS P0 Exec "a25*b56" 
17 3332500 Pile T 1.00 
10 3332500 PS P4 Idle "" 
10 3332500 PS P4 Tr "a25" 
11 3332500 P1 1_4_a25 "2500" TTP C
12 3332500 P4 1_4_a25 "2500" TTP C
17 3335000 Pile T 1.00 
10 3335000 PS P3 Idle "" 
10 3335000 PS P3 Tr "b55" 
11 3335000 P0 0_3_b55 "2500" TTP C
12 3335000 P3 0_3_b55 "2500" TTP C
17 3335000 Pile T 1.00 
10 3335000 PS P5 Idle "" 
10 3335000 PS P5 Tr "a25" 
11 3335000 P1 1_5_a25 "2500" TTP C
12 3335000 P5 1_5_a25 "2500" TTP C
10 3335000 PS P4 Exec "a25*b51" 
10 3337500 PS P3 Tr "a25" 
11 3337500 P1 1_3_a25 "2500" TTP C
12 3337500 P3 1_3_a25 "2500" TTP C
10 3337500 PS P5 Tr "b54" 
11 3337500 P0 0_5_b54 "2500" TTP C
12 3337500 P5 0_5_b54 "2500" TTP C
17 3340000 Pile T 1.00 
10 3340000 PS P2 Idle "" 
10 3340000 PS P2 Tr "b63" 
11 3340000 P0 0_2_b63 "2500" TTP C
12 3340000 P2 0_2_b63 "2500" TTP C
10 3340000 PS P3 Exec "a25*b55" 
10 3340000 PS P5 Exec "a25*b54" 
10 3342500 PS P2 Tr "a26" 
11 3342500 P0 0_2_a26 "2500" TTP C
12 3342500 P2 0_2_a26 "2500" TTP C
10 3345000 PS P2 Exec "a26*b63" 
17 3347500 Pile T 1.00 
10 3347500 PS P1 Idle "" 
10 3347500 PS P1 Tr "a26" 
11 3347500 P0 0_1_a26 "2500" TTP C
12 3347500 P1 0_1_a26 "2500" TTP C
10 3350000 PS P1 Exec "a26*b65" 
17 3425000 Pile T 1.00 
10 3425000 PS P0 Idle "" 
10 3425000 PS P0 Exec "a26*b61" 
17 3460000 Pile T 1.00 
10 3460000 PS P4 Idle "" 
10 3460000 PS P4 Tr "a26" 
11 3460000 P0 0_4_a26 "2500" TTP C
12 3460000 P4 0_4_a26 "2500" TTP C
10 3462500 PS P4 Exec "a26*b64" 
17 3465000 Pile T 1.00 
10 3465000 PS P3 Idle "" 
10 3465000 PS P3 Tr "a26" 
11 3465000 P0 0_3_a26 "2500" TTP C
12 3465000 P3 0_3_a26 "2500" TTP C
17 3465000 Pile T 1.00 
10 3465000 PS P5 Idle "" 
10 3465000 PS P5 Tr "a26" 
11 3465000 P0 0_5_a26 "2500" TTP C
12 3465000 P5 0_5_a26 "2500" TTP C
10 3467500 PS P3 Tr "b62" 
11 3467500 P0 0_3_b62 "2500" TTP C
12 3467500 P3 0_3_b62 "2500" TTP C
10 3467500 PS P5 Tr "b66" 
11 3467500 P0 0_5_b66 "2500" TTP C
12 3467500 P5 0_5_b66 "2500" TTP C
17 3470000 Pile T 1.00 
10 3470000 PS P2 Idle "" 
10 3470000 PS P2 Tr "a53" 
11 3470000 P1 1_2_a53 "2500" TTP C
12 3470000 P2 1_2_a53 "2500" TTP C
10 3470000 PS P3 Exec "a26*b62" 
10 3470000 PS P5 Exec "a26*b66" 
10 3472500 PS P2 Exec "a53*b33" 
17 3475000 Pile T 1.00 
10 3475000 PS P1 Idle "" 
10 3475000 PS P1 Tr "b32" 
11 3475000 P0 0_1_b32 "2500" TTP C
12 3475000 P1 0_1_b32 "2500" TTP C
10 3477500 PS P1 Exec "a53*b32" 
17 3550000 Pile T 1.00 
10 3550000 PS P0 Idle "" 
10 3550000 PS P0 Tr "a53" 
11 3550000 P1 1_0_a53 "2500" TTP C
12 3550000 P0 1_0_a53 "2500" TTP C
10 3552500 PS P0 Exec "a53*b31" 
17 3587500 Pile T 1.00 
10 3587500 PS P4 Idle "" 
10 3587500 PS P4 Tr "a53" 
11 3587500 P1 1_4_a53 "2500" TTP C
12 3587500 P4 1_4_a53 "2500" TTP C
10 3590000 PS P4 Exec "a53*b36" 
17 3595000 Pile T 1.00 
10 3595000 PS P3 Idle "" 
10 3595000 PS P3 Tr "a53" 
11 3595000 P1 1_3_a53 "2500" TTP C
12 3595000 P3 1_3_a53 "2500" TTP C
17 3595000 Pile T 1.00 
10 3595000 PS P5 Idle "" 
10 3595000 PS P5 Tr "a53" 
11 3595000 P1 1_5_a53 "2500" TTP C
12 3595000 P5 1_5_a53 "2500" TTP C
17 3597500 Pile T 1.00 
16 3597500 Pile T 1.00 
10 3597500 PS P2 Idle "" 
10 3597500 PS P2 Tr "b16" 
11 3597500 P0 0_2_b16 "2500" TTP C
12 3597500 P2 0_2_b16 "2500" TTP C
10 3597500 PS P3 Tr "b35" 
11 3597500 P0 0_3_b35 "2500" TTP C
12 3597500 P3 0_3_b35 "2500" TTP C
10 3597500 PS P5 Exec "a53*b34" 
10 3600000 PS P2 Tr "a61" 
11 3600000 P0 0_2_a61 "2500" TTP C
12 3600000 P2 0_2_a61 "2500" TTP C
10 3600000 PS P3 Exec "a53*b35" 
17 3602500 Pile T 1.00 
16 3602500 Pile T 1.00 
10 3602500 PS P1 Idle "" 
10 3602500 PS P1 Tr "a61" 
11 3602500 P0 0_1_a61 "2500" TTP C
12 3602500 P1 0_1_a61 "2500" TTP C
10 3602500 PS P2 Exec "a61*b16" 
10 3605000 PS P1 Exec "a61*b15" 
17 3677500 Pile T 1.00 
16 3677500 Pile T 1.00 
10 3677500 PS P0 Idle "" 
10 3677500 PS P0 Exec "a61*b13" 
17 3715000 Pile T 1.00 
16 3715000 Pile T 1.00 
10 3715000 PS P4 Idle "" 
10 3715000 PS P4 Tr "a61" 
11 3715000 P0 0_4_a61 "2500" TTP C
12 3715000 P4 0_4_a61 "2500" TTP C
10 3717500 PS P4 Exec "a61*b12" 
17 3722500 Pile T 1.00 
16 3722500 Pile T 1.00 
10 3722500 PS P5 Idle "" 
10 3722500 PS P5 Tr "a61" 
11 3722500 P0 0_5_a61 "2500" TTP C
12 3722500 P5 0_5_a61 "2500" TTP C
17 3725000 Pile T 1.00 
16 3725000 Pile T 1.00 
10 3725000 PS P3 Idle "" 
10 3725000 PS P3 Tr "a61" 
11 3725000 P0 0_3_a61 "2500" TTP C
12 3725000 P3 0_3_a61 "2500" TTP C
10 3725000 PS P5 Exec "a61*b11" 
17 3727500 Pile T 1.00 
10 3727500 PS P2 Idle "" 
10 3727500 PS P2 Tr "a65" 
11 3727500 P1 1_2_a65 "2500" TTP C
12 3727500 P2 1_2_a65 "2500" TTP C
10 3727500 PS P3 Exec "a61*b14" 
17 3730000 Pile T 1.00 
10 3730000 PS P1 Idle "" 
10 3730000 PS P1 Tr "b54" 
11 3730000 P0 0_1_b54 "2500" TTP C
12 3730000 P1 0_1_b54 "2500" TTP C
10 3730000 PS P2 Exec "a65*b53" 
10 3732500 PS P1 Exec "a65*b54" 
17 3802500 Pile T 1.00 
10 3802500 PS P0 Idle "" 
10 3802500 PS P0 Tr "a65" 
11 3802500 P1 1_0_a65 "2500" TTP C
12 3802500 P0 1_0_a65 "2500" TTP C
10 3805000 PS P0 Exec "a65*b55" 
17 3842500 Pile T 1.00 
10 3842500 PS P4 Idle "" 
10 3842500 PS P4 Tr "a65" 
11 3842500 P1 1_4_a65 "2500" TTP C
12 3842500 P4 1_4_a65 "2500" TTP C
10 3845000 PS P4 Exec "a65*b52" 
17 3850000 Pile T 1.00 
10 3850000 PS P5 Idle "" 
10 3850000 PS P5 Tr "a65" 
11 3850000 P1 1_5_a65 "2500" TTP C
12 3850000 P5 1_5_a65 "2500" TTP C
17 3852500 Pile T 1.00 
10 3852500 PS P3 Idle "" 
10 3852500 PS P3 Tr "a65" 
11 3852500 P1 1_3_a65 "2500" TTP C
12 3852500 P3 1_3_a65 "2500" TTP C
10 3852500 PS P5 Exec "a65*b56" 
17 3855000 Pile T 1.00 
10 3855000 PS P2 Idle "" 
10 3855000 PS P2 Tr "a13" 
11 3855000 P0 0_2_a13 "2500" TTP C
12 3855000 P2 0_2_a13 "2500" TTP C
10 3855000 PS P3 Tr "b51" 
11 3855000 P0 0_3_b51 "2500" TTP C
12 3855000 P3 0_3_b51 "2500" TTP C
17 3857500 Pile T 1.00 
10 3857500 PS P1 Idle "" 
10 3857500 PS P1 Tr "b36" 
11 3857500 P2 2_1_b36 "2500" TTP C
12 3857500 P1 2_1_b36 "2500" TTP C
10 3857500 PS P2 Exec "a13*b33" 
10 3857500 PS P3 Exec "a65*b51" 
10 3860000 PS P1 Tr "a13" 
11 3860000 P0 0_1_a13 "2500" TTP C
12 3860000 P1 0_1_a13 "2500" TTP C
10 3862500 PS P1 Exec "a13*b36" 
17 3930000 Pile T 1.00 
10 3930000 PS P0 Idle "" 
10 3930000 PS P0 Exec "a13*b35" 
17 3970000 Pile T 1.00 
10 3970000 PS P4 Idle "" 
10 3970000 PS P4 Tr "a13" 
11 3970000 P0 0_4_a13 "2500" TTP C
12 3970000 P4 0_4_a13 "2500" TTP C
10 3972500 PS P4 Tr "b31" 
11 3972500 P0 0_4_b31 "2500" TTP C
12 3972500 P4 0_4_b31 "2500" TTP C
10 3975000 PS P4 Exec "a13*b31" 
17 3977500 Pile T 1.00 
10 3977500 PS P5 Idle "" 
10 3977500 PS P5 Tr "a13" 
11 3977500 P0 0_5_a13 "2500" TTP C
12 3977500 P5 0_5_a13 "2500" TTP C
10 3980000 PS P5 Tr "b32" 
11 3980000 P0 0_5_b32 "2500" TTP C
12 3980000 P5 0_5_b32 "2500" TTP C
17 3982500 Pile T 1.00 
10 3982500 PS P2 Idle "" 
10 3982500 PS P2 Tr "b34" 
11 3982500 P0 0_2_b34 "2500" TTP C
12 3982500 P2 0_2_b34 "2500" TTP C
17 3982500 Pile T 1.00 
10 3982500 PS P3 Idle "" 
10 3982500 PS P3 Tr "b34" 
11 3982500 P0 0_3_b34 "2500" TTP C
12 3982500 P3 0_3_b34 "2500" TTP C
10 3982500 PS P5 Exec "a13*b32" 
10 3985000 PS P2 Exec "a13*b34" 
10 3985000 PS P3 Tr "a33" 
11 3985000 P1 1_3_a33 "2500" TTP C
12 3985000 P3 1_3_a33 "2500" TTP C
17 3987500 Pile T 1.00 
10 3987500 PS P1 Idle "" 
10 3987500 PS P1 Exec "a33*b32" 
10 3987500 PS P3 Exec "a33*b34" 
17 4055000 Pile T 1.00 
10 4055000 PS P0 Idle "" 
10 4055000 PS P0 Tr "a33" 
11 4055000 P1 1_0_a33 "2500" TTP C
12 4055000 P0 1_0_a33 "2500" TTP C
10 4057500 PS P0 Exec "a33*b31" 
17 4100000 Pile T 1.00 
10 4100000 PS P4 Idle "" 
10 4100000 PS P4 Tr "a33" 
11 4100000 P1 1_4_a33 "2500" TTP C
12 4100000 P4 1_4_a33 "2500" TTP C
10 4102500 PS P4 Tr "b33" 
11 4102500 P0 0_4_b33 "2500" TTP C
12 4102500 P4 0_4_b33 "2500" TTP C
10 4105000 PS P4 Exec "a33*b33" 
17 4107500 Pile T 1.00 
10 4107500 PS P5 Idle "" 
10 4107500 PS P5 Tr "a33" 
11 4107500 P1 1_5_a33 "2500" TTP C
12 4107500 P5 1_5_a33 "2500" TTP C
17 4110000 Pile T 1.00 
10 4110000 PS P2 Idle "" 
10 4110000 PS P2 Tr "a33" 
11 4110000 P1 1_2_a33 "2500" TTP C
12 4110000 P2 1_2_a33 "2500" TTP C
10 4110000 PS P5 Exec "a33*b35" 
17 4112500 Pile T 1.00 
10 4112500 PS P1 Idle "" 
10 4112500 PS P1 Tr "a15" 
11 4112500 P0 0_1_a15 "2500" TTP C
12 4112500 P1 0_1_a15 "2500" TTP C
17 4112500 Pile T 1.00 
10 4112500 PS P3 Idle "" 
10 4112500 PS P3 Tr "a15" 
11 4112500 P0 0_3_a15 "2500" TTP C
12 4112500 P3 0_3_a15 "2500" TTP C
10 4112500 PS P2 Exec "a33*b36" 
10 4115000 PS P1 Exec "a15*b54" 
10 4115000 PS P3 Exec "a15*b55" 
17 4182500 Pile T 1.00 
10 4182500 PS P0 Idle "" 
10 4182500 PS P0 Tr "b52" 
11 4182500 P3 3_0_b52 "2500" TTP C
12 4182500 P0 3_0_b52 "2500" TTP C
10 4185000 PS P0 Exec "a15*b52" 
17 4230000 Pile T 1.00 
10 4230000 PS P4 Idle "" 
10 4230000 PS P4 Tr "b53" 
11 4230000 P0 0_4_b53 "2500" TTP C
12 4230000 P4 0_4_b53 "2500" TTP C
10 4232500 PS P4 Tr "a15" 
11 4232500 P0 0_4_a15 "2500" TTP C
12 4232500 P4 0_4_a15 "2500" TTP C
17 4235000 Pile T 1.00 
10 4235000 PS P5 Idle "" 
10 4235000 PS P5 Tr "a15" 
11 4235000 P0 0_5_a15 "2500" TTP C
12 4235000 P5 0_5_a15 "2500" TTP C
10 4235000 PS P4 Exec "a15*b53" 
17 4237500 Pile T 1.00 
10 4237500 PS P2 Idle "" 
10 4237500 PS P2 Tr "a15" 
11 4237500 P0 0_2_a15 "2500" TTP C
12 4237500 P2 0_2_a15 "2500" TTP C
10 4237500 PS P5 Exec "a15*b56" 
17 4240000 Pile T 1.00 
16 4240000 Pile T 1.00 
10 4240000 PS P1 Idle "" 
10 4240000 PS P1 Tr "b64" 
11 4240000 P0 0_1_b64 "2500" TTP C
12 4240000 P1 0_1_b64 "2500" TTP C
17 4240000 Pile T 1.00 
16 4240000 Pile T 1.00 
10 4240000 PS P3 Idle "" 
10 4240000 PS P3 Tr "a56" 
11 4240000 P1 1_3_a56 "2500" TTP C
12 4240000 P3 1_3_a56 "2500" TTP C
10 4240000 PS P2 Tr "b51" 
11 4240000 P0 0_2_b51 "2500" TTP C
12 4240000 P2 0_2_b51 "2500" TTP C
10 4242500 PS P1 Exec "a56*b64" 
10 4242500 PS P3 Exec "a56*b62" 
10 4242500 PS P2 Exec "a15*b51" 
17 4310000 Pile T 1.00 
16 4310000 Pile T 1.00 
10 4310000 PS P0 Idle "" 
10 4310000 PS P0 Tr "a56" 
11 4310000 P1 1_0_a56 "2500" TTP C
12 4310000 P0 1_0_a56 "2500" TTP C
10 4312500 PS P0 Exec "a56*b61" 
17 4360000 Pile T 1.00 
16 4360000 Pile T 1.00 
10 4360000 PS P4 Idle "" 
10 4360000 PS P4 Tr "a56" 
11 4360000 P1 1_4_a56 "2500" TTP C
12 4360000 P4 1_4_a56 "2500" TTP C
17 4362500 Pile T 1.00 
16 4362500 Pile T 1.00 
10 4362500 PS P5 Idle "" 
10 4362500 PS P5 Tr "a56" 
11 4362500 P1 1_5_a56 "2500" TTP C
12 4362500 P5 1_5_a56 "2500" TTP C
10 4362500 PS P4 Exec "a56*b63" 
10 4365000 PS P5 Exec "a56*b65" 
17 4367500 Pile T 1.00 
10 4367500 PS P1 Idle "" 
10 4367500 PS P1 Exec "a56*b66" 
17 4367500 Pile T 1.00 
10 4367500 PS P3 Idle "" 
10 4367500 PS P3 Tr "b43" 
11 4367500 P0 0_3_b43 "2500" TTP C
12 4367500 P3 0_3_b43 "2500" TTP C
17 4367500 Pile T 1.00 
16 4367500 Pile T 1.00 
10 4367500 PS P2 Idle "" 
10 4367500 PS P2 Tr "b41" 
11 4367500 P0 0_2_b41 "2500" TTP C
12 4367500 P2 0_2_b41 "2500" TTP C
10 4370000 PS P3 Tr "a34" 
11 4370000 P2 2_3_a34 "2500" TTP C
12 4370000 P3 2_3_a34 "2500" TTP C
10 4370000 PS P2 Exec "a34*b41" 
10 4372500 PS P3 Exec "a34*b43" 
17 4437500 Pile T 1.00 
10 4437500 PS P0 Idle "" 
10 4437500 PS P0 Tr "a34" 
11 4437500 P2 2_0_a34 "2500" TTP C
12 4437500 P0 2_0_a34 "2500" TTP C
10 4440000 PS P0 Exec "a34*b46" 
17 4487500 Pile T 1.00 
10 4487500 PS P4 Idle "" 
10 4487500 PS P4 Tr "b44" 
11 4487500 P5 5_4_b44 "2500" TTP C
12 4487500 P4 5_4_b44 "2500" TTP C
17 4490000 Pile T 1.00 
10 4490000 PS P5 Idle "" 
10 4490000 PS P5 Tr "b45" 
11 4490000 P0 0_5_b45 "2500" TTP C
12 4490000 P5 0_5_b45 "2500" TTP C
10 4490000 PS P4 Tr "a34" 
11 4490000 P2 2_4_a34 "2500" TTP C
12 4490000 P4 2_4_a34 "2500" TTP C
17 4492500 Pile T 1.00 
10 4492500 PS P1 Idle "" 
10 4492500 PS P1 Tr "a34" 
11 4492500 P2 2_1_a34 "2500" TTP C
12 4492500 P1 2_1_a34 "2500" TTP C
10 4492500 PS P5 Tr "a34" 
11 4492500 P2 2_5_a34 "2500" TTP C
12 4492500 P5 2_5_a34 "2500" TTP C
10 4492500 PS P4 Exec "a34*b44" 
17 4495000 Pile T 1.00 
16 4495000 Pile T 1.00 
10 4495000 PS P2 Idle "" 
10 4495000 PS P2 Tr "a64" 
11 4495000 P3 3_2_a64 "2500" TTP C
12 4495000 P2 3_2_a64 "2500" TTP C
10 4495000 PS P1 Exec "a34*b42" 
10 4495000 PS P5 Exec "a34*b45" 
17 4497500 Pile T 1.00 
16 4497500 Pile T 1.00 
10 4497500 PS P3 Idle "" 
10 4497500 PS P3 Exec "a64*b43" 
10 4497500 PS P2 Tr "b46" 
11 4497500 P0 0_2_b46 "2500" TTP C
12 4497500 P2 0_2_b46 "2500" TTP C
10 4500000 PS P2 Exec "a64*b46" 
17 4565000 Pile T 1.00 
16 4565000 Pile T 1.00 
10 4565000 PS P0 Idle "" 
10 4565000 PS P0 Tr "a64" 
11 4565000 P3 3_0_a64 "2500" TTP C
12 4565000 P0 3_0_a64 "2500" TTP C
10 4567500 PS P0 Exec "a64*b45" 
17 4617500 Pile T 1.00 
16 4617500 Pile T 1.00 
10 4617500 PS P4 Idle "" 
10 4617500 PS P4 Tr "a64" 
11 4617500 P3 3_4_a64 "2500" TTP C
12 4617500 P4 3_4_a64 "2500" TTP C
17 4620000 Pile T 1.00 
16 4620000 Pile T 1.00 
10 4620000 PS P1 Idle "" 
10 4620000 PS P1 Tr "a64" 
11 4620000 P3 3_1_a64 "2500" TTP C
12 4620000 P1 3_1_a64 "2500" TTP C
17 4620000 Pile T 1.00 
16 4620000 Pile T 1.00 
10 4620000 PS P5 Idle "" 
10 4620000 PS P5 Tr "a64" 
11 4620000 P3 3_5_a64 "2500" TTP C
12 4620000 P5 3_5_a64 "2500" TTP C
10 4620000 PS P4 Tr "b41" 
11 4620000 P0 0_4_b41 "2500" TTP C
12 4620000 P4 0_4_b41 "2500" TTP C
17 4622500 Pile T 1.00 
16 4622500 Pile T 1.00 
10 4622500 PS P3 Idle "" 
10 4622500 PS P3 Tr "a22" 
11 4622500 P4 4_3_a22 "2500" TTP C
12 4622500 P3 4_3_a22 "2500" TTP C
10 4622500 PS P1 Exec "a64*b42" 
10 4622500 PS P5 Exec "a64*b44" 
10 4622500 PS P4 Exec "a64*b41" 
17 4625000 Pile T 1.00 
16 4625000 Pile T 1.00 
10 4625000 PS P2 Idle "" 
10 4625000 PS P2 Tr "a22" 
11 4625000 P4 4_2_a22 "2500" TTP C
12 4625000 P2 4_2_a22 "2500" TTP C
10 4625000 PS P3 Tr "b26" 
11 4625000 P0 0_3_b26 "2500" TTP C
12 4625000 P3 0_3_b26 "2500" TTP C
10 4627500 PS P2 Exec "a22*b23" 
10 4627500 PS P3 Exec "a22*b26" 
17 4692500 Pile T 1.00 
16 4692500 Pile T 1.00 
10 4692500 PS P0 Idle "" 
10 4692500 PS P0 Tr "a22" 
11 4692500 P4 4_0_a22 "2500" TTP C
12 4692500 P0 4_0_a22 "2500" TTP C
10 4695000 PS P0 Tr "b25" 
11 4695000 P1 1_0_b25 "2500" TTP C
12 4695000 P0 1_0_b25 "2500" TTP C
10 4697500 PS P0 Exec "a22*b25" 
17 4747500 Pile T 1.00 
16 4747500 Pile T 1.00 
10 4747500 PS P1 Idle "" 
10 4747500 PS P1 Tr "a22" 
11 4747500 P4 4_1_a22 "2500" TTP C
12 4747500 P1 4_1_a22 "2500" TTP C
17 4747500 Pile T 1.00 
16 4747500 Pile T 1.00 
10 4747500 PS P5 Idle "" 
10 4747500 PS P5 Tr "a22" 
11 4747500 P4 4_5_a22 "2500" TTP C
12 4747500 P5 4_5_a22 "2500" TTP C
17 4747500 Pile T 1.00 
16 4747500 Pile T 1.00 
10 4747500 PS P4 Idle "" 
10 4747500 PS P4 Tr "b21" 
11 4747500 P0 0_4_b21 "2500" TTP C
12 4747500 P4 0_4_b21 "2500" TTP C
10 4750000 PS P1 Tr "b22" 
11 4750000 P0 0_1_b22 "2500" TTP C
12 4750000 P1 0_1_b22 "2500" TTP C
10 4750000 PS P5 Exec "a22*b24" 
10 4750000 PS P4 Exec "a22*b21" 
17 4752500 Pile T 1.00 
16 4752500 Pile T 1.00 
10 4752500 PS P2 Idle "" 
10 4752500 PS P2 Tr "a44" 
11 4752500 P5 5_2_a44 "2500" TTP C
12 4752500 P2 5_2_a44 "2500" TTP C
17 4752500 Pile T 1.00 
16 4752500 Pile T 1.00 
10 4752500 PS P3 Idle "" 
10 4752500 PS P3 Tr "a44" 
11 4752500 P5 5_3_a44 "2500" TTP C
12 4752500 P3 5_3_a44 "2500" TTP C
10 4752500 PS P1 Exec "a22*b22" 
10 4755000 PS P2 Tr "b42" 
11 4755000 P4 4_2_b42 "2500" TTP C
12 4755000 P2 4_2_b42 "2500" TTP C
10 4755000 PS P3 Tr "b45" 
11 4755000 P0 0_3_b45 "2500" TTP C
12 4755000 P3 0_3_b45 "2500" TTP C
10 4757500 PS P2 Exec "a44*b42" 
10 4757500 PS P3 Exec "a44*b45" 
17 4822500 Pile T 1.00 
16 4822500 Pile T 1.00 
10 4822500 PS P0 Idle "" 
10 4822500 PS P0 Tr "a44" 
11 4822500 P5 5_0_a44 "2500" TTP C
12 4822500 P0 5_0_a44 "2500" TTP C
10 4825000 PS P0 Exec "a44*b41" 
17 4875000 Pile T 1.00 
16 4875000 Pile T 1.00 
10 4875000 PS P5 Idle "" 
10 4875000 PS P5 Exec "a44*b44" 
17 4875000 Pile T 1.00 
16 4875000 Pile T 1.00 
10 4875000 PS P4 Idle "" 
10 4875000 PS P4 Tr "a44" 
11 4875000 P5 5_4_a44 "2500" TTP C
12 4875000 P4 5_4_a44 "2500" TTP C
17 4877500 Pile T 1.00 
16 4877500 Pile T 1.00 
10 4877500 PS P1 Idle "" 
10 4877500 PS P1 Tr "a44" 
11 4877500 P5 5_1_a44 "2500" TTP C
12 4877500 P1 5_1_a44 "2500" TTP C
10 4877500 PS P4 Exec "a44*b46" 
10 4880000 PS P1 Exec "a44*b43" 
17 4882500 Pile T 1.00 
16 4882500 Pile T 1.00 
10 4882500 PS P2 Idle "" 
10 4882500 PS P2 Tr "a51*b13" 
11 4882500 P5 5_2_a51*b13 "2500" TTP C
12 4882500 P2 5_2_a51*b13 "2500" TTP C
17 4882500 Pile T 1.00 
16 4882500 Pile T 1.00 
10 4882500 PS P3 Idle "" 
10 4882500 PS P3 Tr "a51*b12" 
11 4882500 P1 1_3_a51*b12 "2500" TTP C
12 4882500 P3 1_3_a51*b12 "2500" TTP C
10 4885000 PS P2 Tr "a55*b53" 
11 4885000 P3 3_2_a55*b53 "2500" TTP C
12 4885000 P2 3_2_a55*b53 "2500" TTP C
10 4885000 PS P3 Tr "a54*b42" 
11 4885000 P4 4_3_a54*b42 "2500" TTP C
12 4885000 P3 4_3_a54*b42 "2500" TTP C
10 4887500 PS P2 Tr "a52*b23" 
11 4887500 P4 4_2_a52*b23 "2500" TTP C
12 4887500 P2 4_2_a52*b23 "2500" TTP C
10 4887500 PS P3 Tr "a53*b32" 
11 4887500 P1 1_3_a53*b32 "2500" TTP C
12 4887500 P3 1_3_a53*b32 "2500" TTP C
10 4890000 PS P2 Tr "a54*b43" 
11 4890000 P1 1_2_a54*b43 "2500" TTP C
12 4890000 P2 1_2_a54*b43 "2500" TTP C
10 4890000 PS P3 Exec "C52" 
10 4892500 PS P2 Exec "C53" 
17 4900000 Pile T 1.00 
10 4900000 PS P3 Idle "" 
10 4900000 PS P3 Tr "a55*b51" 
11 4900000 P4 4_3_a55*b51 "2500" TTP C
12 4900000 P3 4_3_a55*b51 "2500" TTP C
17 4902500 Pile T 1.00 
10 4902500 PS P2 Idle "" 
10 4902500 PS P2 Tr "a51*b16" 
11 4902500 P5 5_2_a51*b16 "2500" TTP C
12 4902500 P2 5_2_a51*b16 "2500" TTP C
10 4902500 PS P3 Tr "a52*b21" 
11 4902500 P2 2_3_a52*b21 "2500" TTP C
12 4902500 P3 2_3_a52*b21 "2500" TTP C
10 4905000 PS P2 Tr "a52*b26" 
11 4905000 P5 5_2_a52*b26 "2500" TTP C
12 4905000 P2 5_2_a52*b26 "2500" TTP C
10 4905000 PS P3 Tr "a53*b31" 
11 4905000 P0 0_3_a53*b31 "2500" TTP C
12 4905000 P3 0_3_a53*b31 "2500" TTP C
10 4907500 PS P2 Tr "a54*b46" 
11 4907500 P0 0_2_a54*b46 "2500" TTP C
12 4907500 P2 0_2_a54*b46 "2500" TTP C
10 4907500 PS P3 Exec "C51" 
10 4910000 PS P2 Tr "a53*b36" 
11 4910000 P4 4_2_a53*b36 "2500" TTP C
12 4910000 P2 4_2_a53*b36 "2500" TTP C
10 4912500 PS P2 Exec "C56" 
17 4917500 Pile T 1.00 
10 4917500 PS P3 Idle "" 
10 4917500 PS P3 Tr "a55*b54" 
11 4917500 P0 0_3_a55*b54 "2500" TTP C
12 4917500 P3 0_3_a55*b54 "2500" TTP C
10 4920000 PS P3 Tr "a54*b44" 
11 4920000 P2 2_3_a54*b44 "2500" TTP C
12 4920000 P3 2_3_a54*b44 "2500" TTP C
17 4922500 Pile T 1.00 
10 4922500 PS P2 Idle "" 
10 4922500 PS P2 Tr "a55*b55" 
11 4922500 P1 1_2_a55*b55 "2500" TTP C
12 4922500 P2 1_2_a55*b55 "2500" TTP C
10 4922500 PS P3 Tr "a53*b34" 
11 4922500 P5 5_3_a53*b34 "2500" TTP C
12 4922500 P3 5_3_a53*b34 "2500" TTP C
10 4925000 PS P2 Tr "a52*b25" 
11 4925000 P1 1_2_a52*b25 "2500" TTP C
12 4925000 P2 1_2_a52*b25 "2500" TTP C
10 4925000 PS P3 Tr "a51*b14" 
11 4925000 P0 0_3_a51*b14 "2500" TTP C
12 4925000 P3 0_3_a51*b14 "2500" TTP C
10 4927500 PS P2 Tr "a53*b35" 
11 4927500 P3 3_2_a53*b35 "2500" TTP C
12 4927500 P2 3_2_a53*b35 "2500" TTP C
10 4927500 PS P3 Tr "a52*b24" 
11 4927500 P0 0_3_a52*b24 "2500" TTP C
12 4927500 P3 0_3_a52*b24 "2500" TTP C
10 4930000 PS P2 Tr "a54*b45" 
11 4930000 P0 0_2_a54*b45 "2500" TTP C
12 4930000 P2 0_2_a54*b45 "2500" TTP C
10 4930000 PS P3 Exec "C54" 
10 4932500 PS P2 Tr "a51*b15" 
11 4932500 P4 4_2_a51*b15 "2500" TTP C
12 4932500 P2 4_2_a51*b15 "2500" TTP C
10 4935000 PS P2 Exec "C55" 
17 4940000 Pile T 1.00 
10 4940000 PS P3 Idle "" 
10 4940000 PS P3 Tr "a13*b34" 
11 4940000 P2 2_3_a13*b34 "2500" TTP C
12 4940000 P3 2_3_a13*b34 "2500" TTP C
10 4942500 PS P3 Tr "a14*b44" 
11 4942500 P1 1_3_a14*b44 "2500" TTP C
12 4942500 P3 1_3_a14*b44 "2500" TTP C
17 4945000 Pile T 1.00 
10 4945000 PS P2 Idle "" 
10 4945000 PS P2 Tr "a12*b25" 
11 4945000 P5 5_2_a12*b25 "2500" TTP C
12 4945000 P2 5_2_a12*b25 "2500" TTP C
10 4945000 PS P3 Tr "a15*b54" 
11 4945000 P1 1_3_a15*b54 "2500" TTP C
12 4945000 P3 1_3_a15*b54 "2500" TTP C
10 4947500 PS P2 Tr "a15*b55" 
11 4947500 P3 3_2_a15*b55 "2500" TTP C
12 4947500 P2 3_2_a15*b55 "2500" TTP C
10 4947500 PS P3 Tr "a11*b14" 
11 4947500 P2 2_3_a11*b14 "2500" TTP C
12 4947500 P3 2_3_a11*b14 "2500" TTP C
17 4950000 Pile T 1.00 
16 4950000 Pile T 1.00 
10 4950000 PS P0 Idle "" 
10 4950000 PS P0 Tr "a13*b32" 
11 4950000 P5 5_0_a13*b32 "2500" TTP C
12 4950000 P0 5_0_a13*b32 "2500" TTP C
10 4950000 PS P2 Tr "a13*b35" 
11 4950000 P0 0_2_a13*b35 "2500" TTP C
12 4950000 P2 0_2_a13*b35 "2500" TTP C
10 4950000 PS P3 Exec "C14" 
10 4952500 PS P0 Tr "a11*b12" 
11 4952500 P3 3_0_a11*b12 "2500" TTP C
12 4952500 P0 3_0_a11*b12 "2500" TTP C
10 4952500 PS P2 Tr "a11*b15" 
11 4952500 P4 4_2_a11*b15 "2500" TTP C
12 4952500 P2 4_2_a11*b15 "2500" TTP C
10 4955000 PS P0 Tr "a12*b22" 
11 4955000 P2 2_0_a12*b22 "2500" TTP C
12 4955000 P0 2_0_a12*b22 "2500" TTP C
10 4955000 PS P2 Tr "a14*b45" 
11 4955000 P0 0_2_a14*b45 "2500" TTP C
12 4955000 P2 0_2_a14*b45 "2500" TTP C
10 4957500 PS P0 Tr "a14*b42" 
11 4957500 P3 3_0_a14*b42 "2500" TTP C
12 4957500 P0 3_0_a14*b42 "2500" TTP C
10 4957500 PS P2 Exec "C15" 
17 4960000 Pile T 1.00 
10 4960000 PS P3 Idle "" 
10 4960000 PS P3 Tr "a12*b23" 
11 4960000 P0 0_3_a12*b23 "2500" TTP C
12 4960000 P3 0_3_a12*b23 "2500" TTP C
10 4960000 PS P0 Exec "C12" 
10 4962500 PS P3 Tr "a13*b33" 
11 4962500 P2 2_3_a13*b33 "2500" TTP C
12 4962500 P3 2_3_a13*b33 "2500" TTP C
10 4965000 PS P3 Tr "a14*b43" 
11 4965000 P2 2_3_a14*b43 "2500" TTP C
12 4965000 P3 2_3_a14*b43 "2500" TTP C
17 4967500 Pile T 1.00 
10 4967500 PS P2 Idle "" 
10 4967500 PS P2 Tr "a11*b16" 
11 4967500 P1 1_2_a11*b16 "2500" TTP C
12 4967500 P2 1_2_a11*b16 "2500" TTP C
10 4967500 PS P3 Tr "a11*b13" 
11 4967500 P0 0_3_a11*b13 "2500" TTP C
12 4967500 P3 0_3_a11*b13 "2500" TTP C
17 4970000 Pile T 1.00 
10 4970000 PS P0 Idle "" 
10 4970000 PS P0 Tr "a15*b51" 
11 4970000 P2 2_0_a15*b51 "2500" TTP C
12 4970000 P0 2_0_a15*b51 "2500" TTP C
10 4970000 PS P2 Tr "a12*b26" 
11 4970000 P4 4_2_a12*b26 "2500" TTP C
12 4970000 P2 4_2_a12*b26 "2500" TTP C
10 4970000 PS P3 Tr "a15*b53" 
11 4970000 P4 4_3_a15*b53 "2500" TTP C
12 4970000 P3 4_3_a15*b53 "2500" TTP C
10 4972500 PS P0 Tr "a13*b31" 
11 4972500 P4 4_0_a13*b31 "2500" TTP C
12 4972500 P0 4_0_a13*b31 "2500" TTP C
10 4972500 PS P2 Tr "a14*b46" 
11 4972500 P4 4_2_a14*b46 "2500" TTP C
12 4972500 P2 4_2_a14*b46 "2500" TTP C
10 4972500 PS P3 Exec "C13" 
10 4975000 PS P0 Tr "a14*b41" 
11 4975000 P5 5_0_a14*b41 "2500" TTP C
12 4975000 P0 5_0_a14*b41 "2500" TTP C
10 4975000 PS P2 Tr "a13*b36" 
11 4975000 P1 1_2_a13*b36 "2500" TTP C
12 4975000 P2 1_2_a13*b36 "2500" TTP C
10 4977500 PS P0 Tr "a11*b11" 
11 4977500 P5 5_0_a11*b11 "2500" TTP C
12 4977500 P0 5_0_a11*b11 "2500" TTP C
10 4977500 PS P2 Tr "a15*b56" 
11 4977500 P5 5_2_a15*b56 "2500" TTP C
12 4977500 P2 5_2_a15*b56 "2500" TTP C
10 4980000 PS P0 Tr "a12*b21" 
11 4980000 P1 1_0_a12*b21 "2500" TTP C
12 4980000 P0 1_0_a12*b21 "2500" TTP C
10 4980000 PS P2 Exec "C16" 
17 4982500 Pile T 1.00 
10 4982500 PS P3 Idle "" 
10 4982500 PS P3 Tr "a33*b31" 
11 4982500 P0 0_3_a33*b31 "2500" TTP C
12 4982500 P3 0_3_a33*b31 "2500" TTP C
10 4982500 PS P0 Exec "C11" 
10 4985000 PS P3 Tr "a31*b11" 
11 4985000 P4 4_3_a31*b11 "2500" TTP C
12 4985000 P3 4_3_a31*b11 "2500" TTP C
10 4987500 PS P3 Tr "a35*b51" 
11 4987500 P1 1_3_a35*b51 "2500" TTP C
12 4987500 P3 1_3_a35*b51 "2500" TTP C
17 4990000 Pile T 1.00 
10 4990000 PS P2 Idle "" 
10 4990000 PS P2 Tr "a31*b13" 
11 4990000 P1 1_2_a31*b13 "2500" TTP C
12 4990000 P2 1_2_a31*b13 "2500" TTP C
10 4990000 PS P3 Tr "a34*b41" 
11 4990000 P2 2_3_a34*b41 "2500" TTP C
12 4990000 P3 2_3_a34*b41 "2500" TTP C
17 4992500 Pile T 1.00 
10 4992500 PS P0 Idle "" 
10 4992500 PS P0 Tr "a32*b26" 
11 4992500 P4 4_0_a32*b26 "2500" TTP C
12 4992500 P0 4_0_a32*b26 "2500" TTP C
10 4992500 PS P2 Tr "a35*b53" 
11 4992500 P0 0_2_a35*b53 "2500" TTP C
12 4992500 P2 0_2_a35*b53 "2500" TTP C
10 4992500 PS P3 Tr "a32*b21" 
11 4992500 P1 1_3_a32*b21 "2500" TTP C
12 4992500 P3 1_3_a32*b21 "2500" TTP C
10 4995000 PS P0 Tr "a35*b56" 
11 4995000 P5 5_0_a35*b56 "2500" TTP C
12 4995000 P0 5_0_a35*b56 "2500" TTP C
10 4995000 PS P2 Tr "a33*b33" 
11 4995000 P4 4_2_a33*b33 "2500" TTP C
12 4995000 P2 4_2_a33*b33 "2500" TTP C
10 4995000 PS P3 Exec "C31" 
10 4997500 PS P0 Tr "a33*b36" 
11 4997500 P2 2_0_a33*b36 "2500" TTP C
12 4997500 P0 2_0_a33*b36 "2500" TTP C
10 4997500 PS P2 Tr "a34*b43" 
11 4997500 P3 3_2_a34*b43 "2500" TTP C
12 4997500 P2 3_2_a34*b43 "2500" TTP C
17 5000000 Pile T 1.00 
16 5000000 Pile T 1.00 
10 5000000 PS P5 Idle "" 
10 5000000 PS P5 Tr "a33*b34" 
11 5000000 P3 3_5_a33*b34 "2500" TTP C
12 5000000 P5 3_5_a33*b34 "2500" TTP C
10 5000000 PS P0 Exec "C36" 
10 5000000 PS P2 Exec "C33" 
17 5002500 Pile T 1.00 
16 5002500 Pile T 1.00 
10 5002500 PS P4 Idle "" 
10 5002500 PS P4 Tr "a33*b32" 
11 5002500 P1 1_4_a33*b32 "2500" TTP C
12 5002500 P4 1_4_a33*b32 "2500" TTP C
10 5002500 PS P5 Tr "a34*b44" 
11 5002500 P4 4_5_a34*b44 "2500" TTP C
12 5002500 P5 4_5_a34*b44 "2500" TTP C
17 5005000 Pile T 1.00 
16 5005000 Pile T 1.00 
10 5005000 PS P1 Idle "" 
10 5005000 PS P1 Tr "a31*b15" 
11 5005000 P3 3_1_a31*b15 "2500" TTP C
12 5005000 P1 3_1_a31*b15 "2500" TTP C
17 5005000 Pile T 1.00 
10 5005000 PS P3 Idle "" 
10 5005000 PS P3 Tr "a65*b53" 
11 5005000 P2 2_3_a65*b53 "2500" TTP C
12 5005000 P3 2_3_a65*b53 "2500" TTP C
10 5005000 PS P4 Tr "a31*b12" 
11 5005000 P5 5_4_a31*b12 "2500" TTP C
12 5005000 P4 5_4_a31*b12 "2500" TTP C
10 5005000 PS P5 Tr "a31*b14" 
11 5005000 P2 2_5_a31*b14 "2500" TTP C
12 5005000 P5 2_5_a31*b14 "2500" TTP C
10 5007500 PS P1 Tr "a32*b25" 
11 5007500 P3 3_1_a32*b25 "2500" TTP C
12 5007500 P1 3_1_a32*b25 "2500" TTP C
10 5007500 PS P3 Tr "a62*b23" 
11 5007500 P1 1_3_a62*b23 "2500" TTP C
12 5007500 P3 1_3_a62*b23 "2500" TTP C
10 5007500 PS P4 Tr "a34*b42" 
11 5007500 P1 1_4_a34*b42 "2500" TTP C
12 5007500 P4 1_4_a34*b42 "2500" TTP C
10 5007500 PS P5 Tr "a35*b54" 
11 5007500 P3 3_5_a35*b54 "2500" TTP C
12 5007500 P5 3_5_a35*b54 "2500" TTP C
17 5010000 Pile T 1.00 
10 5010000 PS P0 Idle "" 
10 5010000 PS P0 Tr "a63*b36" 
11 5010000 P5 5_0_a63*b36 "2500" TTP C
12 5010000 P0 5_0_a63*b36 "2500" TTP C
17 5010000 Pile T 1.00 
10 5010000 PS P2 Idle "" 
10 5010000 PS P2 Tr "a65*b55" 
11 5010000 P0 0_2_a65*b55 "2500" TTP C
12 5010000 P2 0_2_a65*b55 "2500" TTP C
10 5010000 PS P1 Tr "a35*b55" 
11 5010000 P2 2_1_a35*b55 "2500" TTP C
12 5010000 P1 2_1_a35*b55 "2500" TTP C
10 5010000 PS P3 Tr "a63*b33" 
11 5010000 P2 2_3_a63*b33 "2500" TTP C
12 5010000 P3 2_3_a63*b33 "2500" TTP C
10 5010000 PS P4 Tr "a32*b22" 
11 5010000 P0 0_4_a32*b22 "2500" TTP C
12 5010000 P4 0_4_a32*b22 "2500" TTP C
10 5010000 PS P5 Exec "C34" 
10 5012500 PS P0 Tr "a61*b16" 
11 5012500 P2 2_0_a61*b16 "2500" TTP C
12 5012500 P0 2_0_a61*b16 "2500" TTP C
10 5012500 PS P2 Tr "a64*b45" 
11 5012500 P0 0_2_a64*b45 "2500" TTP C
12 5012500 P2 0_2_a64*b45 "2500" TTP C
10 5012500 PS P1 Tr "a33*b35" 
11 5012500 P5 5_1_a33*b35 "2500" TTP C
12 5012500 P1 5_1_a33*b35 "2500" TTP C
10 5012500 PS P3 Tr "a61*b13" 
11 5012500 P0 0_3_a61*b13 "2500" TTP C
12 5012500 P3 0_3_a61*b13 "2500" TTP C
10 5012500 PS P4 Exec "C32" 
10 5015000 PS P0 Tr "a65*b56" 
11 5015000 P5 5_0_a65*b56 "2500" TTP C
12 5015000 P0 5_0_a65*b56 "2500" TTP C
10 5015000 PS P2 Tr "a62*b25" 
11 5015000 P3 3_2_a62*b25 "2500" TTP C
12 5015000 P2 3_2_a62*b25 "2500" TTP C
10 5015000 PS P1 Tr "a34*b45" 
11 5015000 P5 5_1_a34*b45 "2500" TTP C
12 5015000 P1 5_1_a34*b45 "2500" TTP C
10 5015000 PS P3 Exec "C63" 
10 5017500 PS P0 Tr "a62*b26" 
11 5017500 P4 4_0_a62*b26 "2500" TTP C
12 5017500 P0 4_0_a62*b26 "2500" TTP C
10 5017500 PS P2 Tr "a61*b15" 
11 5017500 P1 1_2_a61*b15 "2500" TTP C
12 5017500 P2 1_2_a61*b15 "2500" TTP C
10 5017500 PS P1 Exec "C35" 
17 5020000 Pile T 1.00 
10 5020000 PS P5 Idle "" 
10 5020000 PS P5 Tr "a64*b42" 
11 5020000 P1 1_5_a64*b42 "2500" TTP C
12 5020000 P5 1_5_a64*b42 "2500" TTP C
10 5020000 PS P0 Tr "a64*b46" 
11 5020000 P2 2_0_a64*b46 "2500" TTP C
12 5020000 P0 2_0_a64*b46 "2500" TTP C
10 5020000 PS P2 Tr "a63*b35" 
11 5020000 P0 0_2_a63*b35 "2500" TTP C
12 5020000 P2 0_2_a63*b35 "2500" TTP C
17 5022500 Pile T 1.00 
10 5022500 PS P4 Idle "" 
10 5022500 PS P4 Tr "a65*b54" 
11 5022500 P1 1_4_a65*b54 "2500" TTP C
12 5022500 P4 1_4_a65*b54 "2500" TTP C
10 5022500 PS P5 Tr "a63*b32" 
11 5022500 P3 3_5_a63*b32 "2500" TTP C
12 5022500 P5 3_5_a63*b32 "2500" TTP C
10 5022500 PS P0 Exec "C66" 
10 5022500 PS P2 Exec "C65" 
17 5025000 Pile T 1.00 
10 5025000 PS P3 Idle "" 
10 5025000 PS P3 Tr "a61*b11" 
11 5025000 P5 5_3_a61*b11 "2500" TTP C
12 5025000 P3 5_3_a61*b11 "2500" TTP C
10 5025000 PS P4 Tr "a64*b44" 
11 5025000 P5 5_4_a64*b44 "2500" TTP C
12 5025000 P4 5_4_a64*b44 "2500" TTP C
10 5025000 PS P5 Tr "a61*b12" 
11 5025000 P4 4_5_a61*b12 "2500" TTP C
12 5025000 P5 4_5_a61*b12 "2500" TTP C
17 5027500 Pile T 1.00 
10 5027500 PS P1 Idle "" 
10 5027500 PS P1 Tr "a24*b43" 
11 5027500 P4 4_1_a24*b43 "2500" TTP C
12 5027500 P1 4_1_a24*b43 "2500" TTP C
10 5027500 PS P3 Tr "a63*b31" 
11 5027500 P1 1_3_a63*b31 "2500" TTP C
12 5027500 P3 1_3_a63*b31 "2500" TTP C
10 5027500 PS P4 Tr "a61*b14" 
11 5027500 P3 3_4_a61*b14 "2500" TTP C
12 5027500 P4 3_4_a61*b14 "2500" TTP C
10 5027500 PS P5 Tr "a65*b52" 
11 5027500 P4 4_5_a65*b52 "2500" TTP C
12 5027500 P5 4_5_a65*b52 "2500" TTP C
10 5030000 PS P1 Tr "a23*b33" 
11 5030000 P0 0_1_a23*b33 "2500" TTP C
12 5030000 P1 0_1_a23*b33 "2500" TTP C
10 5030000 PS P3 Tr "a64*b41" 
11 5030000 P4 4_3_a64*b41 "2500" TTP C
12 5030000 P3 4_3_a64*b41 "2500" TTP C
10 5030000 PS P4 Tr "a62*b24" 
11 5030000 P5 5_4_a62*b24 "2500" TTP C
12 5030000 P4 5_4_a62*b24 "2500" TTP C
10 5030000 PS P5 Tr "a62*b22" 
11 5030000 P2 2_5_a62*b22 "2500" TTP C
12 5030000 P5 2_5_a62*b22 "2500" TTP C
17 5032500 Pile T 1.00 
10 5032500 PS P0 Idle "" 
10 5032500 PS P0 Tr "a24*b46" 
11 5032500 P5 5_0_a24*b46 "2500" TTP C
12 5032500 P0 5_0_a24*b46 "2500" TTP C
17 5032500 Pile T 1.00 
10 5032500 PS P2 Idle "" 
10 5032500 PS P2 Tr "a25*b55" 
11 5032500 P3 3_2_a25*b55 "2500" TTP C
12 5032500 P2 3_2_a25*b55 "2500" TTP C
10 5032500 PS P1 Tr "a25*b53" 
11 5032500 P2 2_1_a25*b53 "2500" TTP C
12 5032500 P1 2_1_a25*b53 "2500" TTP C
10 5032500 PS P3 Tr "a62*b21" 
11 5032500 P0 0_3_a62*b21 "2500" TTP C
12 5032500 P3 0_3_a62*b21 "2500" TTP C
10 5032500 PS P4 Exec "C64" 
10 5032500 PS P5 Exec "C62" 
10 5035000 PS P0 Tr "a23*b36" 
11 5035000 P4 4_0_a23*b36 "2500" TTP C
12 5035000 P0 4_0_a23*b36 "2500" TTP C
10 5035000 PS P2 Tr "a23*b35" 
11 5035000 P5 5_2_a23*b35 "2500" TTP C
12 5035000 P2 5_2_a23*b35 "2500" TTP C
10 5035000 PS P1 Tr "a22*b23" 
11 5035000 P2 2_1_a22*b23 "2500" TTP C
12 5035000 P1 2_1_a22*b23 "2500" TTP C
10 5035000 PS P3 Exec "C61" 
10 5037500 PS P0 Tr "a22*b26" 
11 5037500 P3 3_0_a22*b26 "2500" TTP C
12 5037500 P0 3_0_a22*b26 "2500" TTP C
10 5037500 PS P2 Tr "a22*b25" 
11 5037500 P0 0_2_a22*b25 "2500" TTP C
12 5037500 P2 0_2_a22*b25 "2500" TTP C
10 5037500 PS P1 Tr "a21*b13" 
11 5037500 P5 5_1_a21*b13 "2500" TTP C
12 5037500 P1 5_1_a21*b13 "2500" TTP C
10 5040000 PS P0 Exec "C26" 
10 5040000 PS P2 Tr "a24*b45" 
11 5040000 P0 0_2_a24*b45 "2500" TTP C
12 5040000 P2 0_2_a24*b45 "2500" TTP C
10 5040000 PS P1 Exec "C23" 
17 5042500 Pile T 1.00 
10 5042500 PS P4 Idle "" 
10 5042500 PS P4 Tr "a23*b34" 
11 5042500 P1 1_4_a23*b34 "2500" TTP C
12 5042500 P4 1_4_a23*b34 "2500" TTP C
17 5042500 Pile T 1.00 
10 5042500 PS P5 Idle "" 
10 5042500 PS P5 Tr "a21*b11" 
11 5042500 P1 1_5_a21*b11 "2500" TTP C
12 5042500 P5 1_5_a21*b11 "2500" TTP C
10 5042500 PS P2 Exec "C25" 
17 5045000 Pile T 1.00 
10 5045000 PS P3 Idle "" 
10 5045000 PS P3 Tr "a21*b12" 
11 5045000 P4 4_3_a21*b12 "2500" TTP C
12 5045000 P3 4_3_a21*b12 "2500" TTP C
10 5045000 PS P4 Tr "a22*b24" 
11 5045000 P5 5_4_a22*b24 "2500" TTP C
12 5045000 P4 5_4_a22*b24 "2500" TTP C
10 5045000 PS P5 Tr "a25*b51" 
11 5045000 P4 4_5_a25*b51 "2500" TTP C
12 5045000 P5 4_5_a25*b51 "2500" TTP C
10 5047500 PS P3 Tr "a22*b22" 
11 5047500 P1 1_3_a22*b22 "2500" TTP C
12 5047500 P3 1_3_a22*b22 "2500" TTP C
10 5047500 PS P4 Tr "a21*b14" 
11 5047500 P3 3_4_a21*b14 "2500" TTP C
12 5047500 P4 3_4_a21*b14 "2500" TTP C
10 5047500 PS P5 Tr "a23*b31" 
11 5047500 P2 2_5_a23*b31 "2500" TTP C
12 5047500 P5 2_5_a23*b31 "2500" TTP C
17 5050000 Pile T 1.00 
10 5050000 PS P0 Idle "" 
10 5050000 PS P0 Tr "a44*b42" 
11 5050000 P2 2_0_a44*b42 "2500" TTP C
12 5050000 P0 2_0_a44*b42 "2500" TTP C
17 5050000 Pile T 1.00 
10 5050000 PS P1 Idle "" 
10 5050000 PS P1 Tr "a42*b25" 
11 5050000 P4 4_1_a42*b25 "2500" TTP C
12 5050000 P1 4_1_a42*b25 "2500" TTP C
10 5050000 PS P3 Tr "a25*b52" 
11 5050000 P1 1_3_a25*b52 "2500" TTP C
12 5050000 P3 1_3_a25*b52 "2500" TTP C
10 5050000 PS P4 Tr "a25*b54" 
11 5050000 P5 5_4_a25*b54 "2500" TTP C
12 5050000 P4 5_4_a25*b54 "2500" TTP C
10 5050000 PS P5 Tr "a22*b21" 
11 5050000 P4 4_5_a22*b21 "2500" TTP C
12 5050000 P5 4_5_a22*b21 "2500" TTP C
17 5052500 Pile T 1.00 
10 5052500 PS P2 Idle "" 
10 5052500 PS P2 Tr "a44*b41" 
11 5052500 P0 0_2_a44*b41 "2500" TTP C
12 5052500 P2 0_2_a44*b41 "2500" TTP C
10 5052500 PS P0 Tr "a43*b32" 
11 5052500 P2 2_0_a43*b32 "2500" TTP C
12 5052500 P0 2_0_a43*b32 "2500" TTP C
10 5052500 PS P1 Tr "a44*b45" 
11 5052500 P3 3_1_a44*b45 "2500" TTP C
12 5052500 P1 3_1_a44*b45 "2500" TTP C
10 5052500 PS P3 Tr "a24*b42" 
11 5052500 P1 1_3_a24*b42 "2500" TTP C
12 5052500 P3 1_3_a24*b42 "2500" TTP C
10 5052500 PS P4 Tr "a24*b44" 
11 5052500 P5 5_4_a24*b44 "2500" TTP C
12 5052500 P4 5_4_a24*b44 "2500" TTP C
10 5052500 PS P5 Tr "a24*b41" 
11 5052500 P3 3_5_a24*b41 "2500" TTP C
12 5052500 P5 3_5_a24*b41 "2500" TTP C
10 5055000 PS P2 Tr "a42*b21" 
11 5055000 P1 1_2_a42*b21 "2500" TTP C
12 5055000 P2 1_2_a42*b21 "2500" TTP C
10 5055000 PS P0 Tr "a42*b22" 
11 5055000 P5 5_0_a42*b22 "2500" TTP C
12 5055000 P0 5_0_a42*b22 "2500" TTP C
10 5055000 PS P1 Tr "a43*b35" 
11 5055000 P0 0_1_a43*b35 "2500" TTP C
12 5055000 P1 0_1_a43*b35 "2500" TTP C
10 5055000 PS P3 Exec "C22" 
10 5055000 PS P4 Exec "C24" 
10 5055000 PS P5 Exec "C21" 
10 5057500 PS P2 Tr "a45*b51" 
11 5057500 P1 1_2_a45*b51 "2500" TTP C
12 5057500 P2 1_2_a45*b51 "2500" TTP C
10 5057500 PS P0 Tr "a41*b12" 
11 5057500 P5 5_0_a41*b12 "2500" TTP C
12 5057500 P0 5_0_a41*b12 "2500" TTP C
10 5057500 PS P1 Tr "a45*b55" 
11 5057500 P5 5_1_a45*b55 "2500" TTP C
12 5057500 P1 5_1_a45*b55 "2500" TTP C
10 5060000 PS P2 Tr "a41*b11" 
11 5060000 P0 0_2_a41*b11 "2500" TTP C
12 5060000 P2 0_2_a41*b11 "2500" TTP C
10 5060000 PS P0 Tr "a45*b52" 
11 5060000 P4 4_0_a45*b52 "2500" TTP C
12 5060000 P0 4_0_a45*b52 "2500" TTP C
10 5060000 PS P1 Exec "C45" 
10 5062500 PS P2 Tr "a43*b31" 
11 5062500 P1 1_2_a43*b31 "2500" TTP C
12 5062500 P2 1_2_a43*b31 "2500" TTP C
10 5062500 PS P0 Exec "C42" 
17 5065000 Pile T 1.00 
10 5065000 PS P3 Idle "" 
10 5065000 PS P3 Tr "a44*b44" 
11 5065000 P5 5_3_a44*b44 "2500" TTP C
12 5065000 P3 5_3_a44*b44 "2500" TTP C
17 5065000 Pile T 1.00 
10 5065000 PS P4 Idle "" 
10 5065000 PS P4 Tr "a45*b56" 
11 5065000 P3 3_4_a45*b56 "2500" TTP C
12 5065000 P4 3_4_a45*b56 "2500" TTP C
17 5065000 Pile T 1.00 
10 5065000 PS P5 Idle "" 
10 5065000 PS P5 Tr "a45*b53" 
11 5065000 P0 0_5_a45*b53 "2500" TTP C
12 5065000 P5 0_5_a45*b53 "2500" TTP C
10 5065000 PS P2 Exec "C41" 
10 5067500 PS P3 Tr "a45*b54" 
11 5067500 P2 2_3_a45*b54 "2500" TTP C
12 5067500 P3 2_3_a45*b54 "2500" TTP C
10 5067500 PS P4 Tr "a42*b26" 
11 5067500 P2 2_4_a42*b26 "2500" TTP C
12 5067500 P4 2_4_a42*b26 "2500" TTP C
10 5067500 PS P5 Tr "a43*b33" 
11 5067500 P3 3_5_a43*b33 "2500" TTP C
12 5067500 P5 3_5_a43*b33 "2500" TTP C
17 5070000 Pile T 1.00 
10 5070000 PS P1 Idle "" 
10 5070000 PS P3 Tr "a42*b24" 
11 5070000 P0 0_3_a42*b24 "2500" TTP C
12 5070000 P3 0_3_a42*b24 "2500" TTP C
10 5070000 PS P4 Exec "C46" 
10 5070000 PS P5 Tr "a42*b23" 
11 5070000 P3 3_5_a42*b23 "2500" TTP C
12 5070000 P5 3_5_a42*b23 "2500" TTP C
17 5072500 Pile T 1.00 
10 5072500 PS P0 Idle "" 
10 5072500 PS P3 Tr "a43*b34" 
11 5072500 P5 5_3_a43*b34 "2500" TTP C
12 5072500 P3 5_3_a43*b34 "2500" TTP C
10 5072500 PS P5 Tr "a44*b43" 
11 5072500 P1 1_5_a44*b43 "2500" TTP C
12 5072500 P5 1_5_a44*b43 "2500" TTP C
17 5075000 Pile T 1.00 
10 5075000 PS P2 Idle "" 
10 5075000 PS P3 Exec "C44" 
10 5075000 PS P5 Tr "a41*b13" 
11 5075000 P2 2_5_a41*b13 "2500" TTP C
12 5075000 P5 2_5_a41*b13 "2500" TTP C
10 5077500 PS P5 Exec "C43" 
17 5080000 Pile T 1.00 
10 5080000 PS P4 Idle "" 
17 5085000 Pile T 1.00 
10 5085000 PS P3 Idle "" 
17 5087500 Pile T 1.00 
16 5087500 Pile T 1.00 
10 5087500 PS P5 Idle "" 
10 5087500 PS P5 Tr "C42" 
11 5087500 P0 0_5_C42 "2500" TTP C
12 5087500 P5 0_5_C42 "2500" TTP C
10 5090000 PS P5 Tr "C11" 
11 5090000 P0 0_5_C11 "2500" TTP C
12 5090000 P5 0_5_C11 "2500" TTP C
10 5092500 PS P5 Tr "C13" 
11 5092500 P3 3_5_C13 "2500" TTP C
12 5092500 P5 3_5_C13 "2500" TTP C
10 5095000 PS P5 Tr "C15" 
11 5095000 P2 2_5_C15 "2500" TTP C
12 5095000 P5 2_5_C15 "2500" TTP C
10 5097500 PS P5 Tr "C54" 
11 5097500 P3 3_5_C54 "2500" TTP C
12 5097500 P5 3_5_C54 "2500" TTP C
10 5100000 PS P5 Tr "C63" 
11 5100000 P3 3_5_C63 "2500" TTP C
12 5100000 P5 3_5_C63 "2500" TTP C
10 5102500 PS P5 Tr "C66" 
11 5102500 P0 0_5_C66 "2500" TTP C
12 5102500 P5 0_5_C66 "2500" TTP C
10 5105000 PS P5 Tr "C23" 
11 5105000 P1 1_5_C23 "2500" TTP C
12 5105000 P5 1_5_C23 "2500" TTP C
10 5107500 PS P5 Tr "C65" 
11 5107500 P2 2_5_C65 "2500" TTP C
12 5107500 P5 2_5_C65 "2500" TTP C
10 5110000 PS P5 Tr "C36" 
11 5110000 P0 0_5_C36 "2500" TTP C
12 5110000 P5 0_5_C36 "2500" TTP C
10 5112500 PS P5 Tr "C25" 
11 5112500 P2 2_5_C25 "2500" TTP C
12 5112500 P5 2_5_C25 "2500" TTP C
10 5115000 PS P5 Tr "C52" 
11 5115000 P3 3_5_C52 "2500" TTP C
12 5115000 P5 3_5_C52 "2500" TTP C
10 5117500 PS P5 Tr "C26" 
11 5117500 P0 0_5_C26 "2500" TTP C
12 5117500 P5 0_5_C26 "2500" TTP C
10 5120000 PS P5 Tr "C51" 
11 5120000 P3 3_5_C51 "2500" TTP C
12 5120000 P5 3_5_C51 "2500" TTP C
10 5122500 PS P5 Tr "C24" 
11 5122500 P4 4_5_C24 "2500" TTP C
12 5122500 P5 4_5_C24 "2500" TTP C
10 5125000 PS P5 Tr "C64" 
11 5125000 P4 4_5_C64 "2500" TTP C
12 5125000 P5 4_5_C64 "2500" TTP C
10 5127500 PS P5 Tr "C33" 
11 5127500 P2 2_5_C33 "2500" TTP C
12 5127500 P5 2_5_C33 "2500" TTP C
10 5130000 PS P5 Tr "C46" 
11 5130000 P4 4_5_C46 "2500" TTP C
12 5130000 P5 4_5_C46 "2500" TTP C
10 5132500 PS P5 Tr "C12" 
11 5132500 P0 0_5_C12 "2500" TTP C
12 5132500 P5 0_5_C12 "2500" TTP C
10 5135000 PS P5 Tr "C16" 
11 5135000 P2 2_5_C16 "2500" TTP C
12 5135000 P5 2_5_C16 "2500" TTP C
10 5137500 PS P5 Tr "C44" 
11 5137500 P3 3_5_C44 "2500" TTP C
12 5137500 P5 3_5_C44 "2500" TTP C
10 5140000 PS P5 Tr "C22" 
11 5140000 P3 3_5_C22 "2500" TTP C
12 5140000 P5 3_5_C22 "2500" TTP C
10 5142500 PS P5 Tr "C35" 
11 5142500 P1 1_5_C35 "2500" TTP C
12 5142500 P5 1_5_C35 "2500" TTP C
10 5145000 PS P5 Tr "C61" 
11 5145000 P3 3_5_C61 "2500" TTP C
12 5145000 P5 3_5_C61 "2500" TTP C
10 5147500 PS P5 Tr "C55" 
11 5147500 P2 2_5_C55 "2500" TTP C
12 5147500 P5 2_5_C55 "2500" TTP C
10 5150000 PS P5 Tr "C45" 
11 5150000 P1 1_5_C45 "2500" TTP C
12 5150000 P5 1_5_C45 "2500" TTP C
10 5152500 PS P5 Tr "C53" 
11 5152500 P2 2_5_C53 "2500" TTP C
12 5152500 P5 2_5_C53 "2500" TTP C
10 5155000 PS P5 Tr "C32" 
11 5155000 P4 4_5_C32 "2500" TTP C
12 5155000 P5 4_5_C32 "2500" TTP C
10 5157500 PS P5 Tr "C14" 
11 5157500 P3 3_5_C14 "2500" TTP C
12 5157500 P5 3_5_C14 "2500" TTP C
10 5160000 PS P5 Tr "C56" 
11 5160000 P2 2_5_C56 "2500" TTP C
12 5160000 P5 2_5_C56 "2500" TTP C
10 5162500 PS P5 Tr "C31" 
11 5162500 P3 3_5_C31 "2500" TTP C
12 5162500 P5 3_5_C31 "2500" TTP C
10 5165000 PS P5 Tr "C41" 
11 5165000 P2 2_5_C41 "2500" TTP C
12 5165000 P5 2_5_C41 "2500" TTP C
10 5167500 PS P5 Exec "Fusion" 
17 5347500 Pile T 1.00 
10 5347500 PS P5 Idle "" 
8 5347500 Pile PL
8 5347500 P5 Pr
8 5347500 P3 Pr
8 5347500 P4 Pr
8 5347500 P2 Pr
8 5347500 P0 Pr
8 5347500 P1 Pr
8 5347500 TTP P
