%EventDef PajeDefineContainerType 1
% Alias string
% ContainerType string
% Name string
%EndEventDef
%EventDef PajeDefineStateType 3
% Alias string
% ContainerType string
% Name string
%EndEventDef
%EventDef PajeDefineLinkType 4
% Name string
% ContainerType string
% SourceContainerType string
% DestContainerType string
% Alias string
%EndEventDef
%EventDef PajeDefineEntityValue 6
% Alias string
% EntityType string
% Name string
% Color color
%EndEventDef
%EventDef PajeCreateContainer 7
% Time date
% Alias string
% Type string
% Container string
% Name string
%EndEventDef
%EventDef PajeDestroyContainer 8
% Time date
% Name string
% Type string
%EndEventDef
%EventDef PajeSetState 10
% Time date
% Type string
% Container string
% Value string
% file string
%EndEventDef
%EventDef PajeStartLink 11
% Time date
% SourceContainer string
% Key string
% Value string
% Container string
% Type string
%EndEventDef
%EventDef PajeEndLink 12
% Time date
% DestContainer string
% Key string
% Value string
% Container string
% Type string
%EndEventDef
%EventDef PajePushState	13
% Time	date
% EntityType	string
% Container	string
% Value	string
%EndEventDef
%EventDef PajeDefineVariableType 14
% Type string
% Name string
% Color color
% Alias string
%EndEventDef
%EventDef PajeSetVariable 15
% Time date
% Container string
% Type string
% Value double
%EndEventDef
%EventDef PajeAddVariable 16
% Time date
% Container string
% Type string
% Value double
%EndEventDef
%EventDef PajeSubVariable 17
% Time date
% Container string
% Type string
% Value double
%EndEventDef
1 P 0 Program
1 Pr P Processors
1 PL P Tasks
3 PS Pr "Processor State"
3 PF Pr "Ready File"
6 Exec PS Executing "2 .0 .1"
6 Idle PS Idle "8 .3 .0"
6 TR PS Transfer "0 .3 .8"
14 PL "Task" "1 .5 .5" T
7 0 TTP P 0 "Plate-forme"
4 "Communication" P Pr Pr C
7 0 Pile PL TTP "Pile 1"
7 0 P0 Pr TTP "P 0" 
10 0 PS P0 Idle "" 
7 0 P1 Pr TTP "P 1" 
10 0 PS P1 Idle "" 
7 0 P2 Pr TTP "P 2" 
10 0 PS P2 Idle "" 
7 0 P3 Pr TTP "P 3" 
10 0 PS P3 Idle "" 
7 0 P4 Pr TTP "P 4" 
10 0 PS P4 Idle "" 
7 0 P5 Pr TTP "P 5" 
10 0 PS P5 Idle "" 
10 0 PS P0 Exec "b33" 
10 0 PS P1 Exec "a24" 
10 0 PS P2 Exec "a36" 
10 0 PS P3 Exec "b55" 
10 0 PS P4 Exec "a61" 
10 0 PS P5 Exec "a41" 
17 0 Pile T 1.00 
10 0 PS P0 Idle "" 
10 0 PS P0 Exec "a11" 
17 0 Pile T 1.00 
16 0 Pile T 1.00 
16 0 Pile T 1.00 
16 0 Pile T 1.00 
16 0 Pile T 1.00 
16 0 Pile T 1.00 
16 0 Pile T 1.00 
10 0 PS P1 Idle "" 
10 0 PS P1 Exec "b23" 
17 0 Pile T 1.00 
16 0 Pile T 1.00 
16 0 Pile T 1.00 
16 0 Pile T 1.00 
16 0 Pile T 1.00 
16 0 Pile T 1.00 
16 0 Pile T 1.00 
10 0 PS P2 Idle "" 
10 0 PS P2 Exec "b56" 
17 0 Pile T 1.00 
10 0 PS P3 Idle "" 
10 0 PS P3 Exec "a45" 
17 0 Pile T 1.00 
16 0 Pile T 1.00 
16 0 Pile T 1.00 
16 0 Pile T 1.00 
16 0 Pile T 1.00 
16 0 Pile T 1.00 
16 0 Pile T 1.00 
10 0 PS P4 Idle "" 
10 0 PS P4 Exec "b66" 
17 0 Pile T 1.00 
16 0 Pile T 1.00 
16 0 Pile T 1.00 
16 0 Pile T 1.00 
16 0 Pile T 1.00 
16 0 Pile T 1.00 
16 0 Pile T 1.00 
10 0 PS P5 Idle "" 
10 0 PS P5 Exec "a13" 
17 0 Pile T 1.00 
16 0 Pile T 1.00 
16 0 Pile T 1.00 
16 0 Pile T 1.00 
16 0 Pile T 1.00 
16 0 Pile T 1.00 
16 0 Pile T 1.00 
10 0 PS P0 Idle "" 
10 0 PS P0 Exec "b14" 
17 0 Pile T 1.00 
10 0 PS P1 Idle "" 
10 0 PS P1 Exec "b53" 
17 0 Pile T 1.00 
10 0 PS P2 Idle "" 
10 0 PS P2 Exec "a23" 
17 0 Pile T 1.00 
16 0 Pile T 1.00 
16 0 Pile T 1.00 
16 0 Pile T 1.00 
16 0 Pile T 1.00 
16 0 Pile T 1.00 
16 0 Pile T 1.00 
10 0 PS P3 Idle "" 
10 0 PS P3 Exec "b34" 
17 0 Pile T 1.00 
10 0 PS P4 Idle "" 
10 0 PS P4 Exec "b25" 
17 0 Pile T 1.00 
16 0 Pile T 1.00 
16 0 Pile T 1.00 
16 0 Pile T 1.00 
16 0 Pile T 1.00 
16 0 Pile T 1.00 
16 0 Pile T 1.00 
10 0 PS P5 Idle "" 
10 0 PS P5 Exec "b54" 
17 0 Pile T 1.00 
10 0 PS P0 Idle "" 
10 0 PS P0 Exec "a62" 
17 0 Pile T 1.00 
10 0 PS P1 Idle "" 
10 0 PS P1 Exec "a53" 
17 0 Pile T 1.00 
16 0 Pile T 1.00 
16 0 Pile T 1.00 
16 0 Pile T 1.00 
16 0 Pile T 1.00 
16 0 Pile T 1.00 
16 0 Pile T 1.00 
10 0 PS P2 Idle "" 
10 0 PS P2 Exec "b32" 
17 0 Pile T 1.00 
10 0 PS P3 Idle "" 
10 0 PS P3 Exec "b45" 
17 0 Pile T 1.00 
10 0 PS P4 Idle "" 
10 0 PS P4 Exec "a46" 
17 0 Pile T 1.00 
10 0 PS P5 Idle "" 
10 0 PS P5 Exec "a34" 
17 0 Pile T 1.00 
16 0 Pile T 1.00 
16 0 Pile T 1.00 
16 0 Pile T 1.00 
16 0 Pile T 1.00 
16 0 Pile T 1.00 
16 0 Pile T 1.00 
10 0 PS P0 Idle "" 
10 0 PS P0 Exec "b11" 
17 0 Pile T 1.00 
16 0 Pile T 1.00 
16 0 Pile T 1.00 
16 0 Pile T 1.00 
16 0 Pile T 1.00 
16 0 Pile T 1.00 
16 0 Pile T 1.00 
10 0 PS P1 Idle "" 
10 0 PS P1 Exec "a65" 
17 0 Pile T 1.00 
10 0 PS P2 Idle "" 
10 0 PS P2 Exec "b61" 
17 0 Pile T 1.00 
10 0 PS P3 Idle "" 
10 0 PS P3 Exec "b21" 
17 0 Pile T 1.00 
16 0 Pile T 1.00 
16 0 Pile T 1.00 
16 0 Pile T 1.00 
16 0 Pile T 1.00 
16 0 Pile T 1.00 
16 0 Pile T 1.00 
10 0 PS P4 Idle "" 
10 0 PS P4 Exec "b42" 
17 0 Pile T 1.00 
16 0 Pile T 1.00 
16 0 Pile T 1.00 
16 0 Pile T 1.00 
16 0 Pile T 1.00 
16 0 Pile T 1.00 
16 0 Pile T 1.00 
10 0 PS P5 Idle "" 
10 0 PS P5 Exec "split-a" 
17 0 Pile T 1.00 
10 0 PS P0 Idle "" 
10 0 PS P0 Exec "a14" 
17 0 Pile T 1.00 
16 0 Pile T 1.00 
16 0 Pile T 1.00 
16 0 Pile T 1.00 
16 0 Pile T 1.00 
16 0 Pile T 1.00 
16 0 Pile T 1.00 
10 0 PS P1 Idle "" 
10 0 PS P1 Exec "b22" 
17 0 Pile T 1.00 
10 0 PS P2 Idle "" 
10 0 PS P2 Exec "b41" 
17 0 Pile T 1.00 
10 0 PS P3 Idle "" 
10 0 PS P3 Exec "a51" 
17 0 Pile T 1.00 
10 0 PS P4 Idle "" 
10 0 PS P4 Exec "b12" 
17 0 Pile T 1.00 
16 0 Pile T 1.00 
16 0 Pile T 1.00 
16 0 Pile T 1.00 
16 0 Pile T 1.00 
16 0 Pile T 1.00 
16 0 Pile T 1.00 
10 0 PS P0 Idle "" 
10 0 PS P0 Exec "b16" 
17 0 Pile T 1.00 
10 0 PS P1 Idle "" 
10 0 PS P1 Exec "a64" 
17 0 Pile T 1.00 
10 0 PS P2 Idle "" 
10 0 PS P2 Exec "b46" 
17 0 Pile T 1.00 
16 0 Pile T 1.00 
16 0 Pile T 1.00 
16 0 Pile T 1.00 
16 0 Pile T 1.00 
16 0 Pile T 1.00 
16 0 Pile T 1.00 
10 0 PS P3 Idle "" 
10 0 PS P3 Exec "b36" 
17 0 Pile T 1.00 
10 0 PS P4 Idle "" 
10 0 PS P4 Exec "b63" 
17 0 Pile T 1.00 
10 0 PS P0 Idle "" 
10 0 PS P0 Exec "a12" 
17 0 Pile T 1.00 
16 0 Pile T 1.00 
16 0 Pile T 1.00 
16 0 Pile T 1.00 
16 0 Pile T 1.00 
16 0 Pile T 1.00 
16 0 Pile T 1.00 
10 0 PS P1 Idle "" 
10 0 PS P1 Exec "a43" 
17 0 Pile T 1.00 
10 0 PS P2 Idle "" 
10 0 PS P2 Exec "b64" 
17 0 Pile T 1.00 
10 0 PS P3 Idle "" 
10 0 PS P3 Exec "b65" 
17 0 Pile T 1.00 
10 0 PS P4 Idle "" 
10 0 PS P4 Exec "a22" 
17 0 Pile T 1.00 
16 0 Pile T 1.00 
16 0 Pile T 1.00 
16 0 Pile T 1.00 
16 0 Pile T 1.00 
16 0 Pile T 1.00 
16 0 Pile T 1.00 
10 0 PS P0 Idle "" 
10 0 PS P0 Exec "a16" 
17 0 Pile T 1.00 
16 0 Pile T 1.00 
16 0 Pile T 1.00 
16 0 Pile T 1.00 
16 0 Pile T 1.00 
16 0 Pile T 1.00 
16 0 Pile T 1.00 
10 0 PS P1 Idle "" 
10 0 PS P1 Exec "b51" 
17 0 Pile T 1.00 
10 0 PS P2 Idle "" 
10 0 PS P2 Exec "a55" 
17 0 Pile T 1.00 
10 0 PS P3 Idle "" 
10 0 PS P3 Exec "b24" 
17 0 Pile T 1.00 
16 0 Pile T 1.00 
16 0 Pile T 1.00 
16 0 Pile T 1.00 
16 0 Pile T 1.00 
16 0 Pile T 1.00 
16 0 Pile T 1.00 
10 0 PS P4 Idle "" 
10 0 PS P4 Exec "b35" 
17 0 Pile T 1.00 
16 0 Pile T 1.00 
16 0 Pile T 1.00 
16 0 Pile T 1.00 
16 0 Pile T 1.00 
16 0 Pile T 1.00 
16 0 Pile T 1.00 
10 0 PS P0 Idle "" 
10 0 PS P0 Exec "a44" 
17 0 Pile T 1.00 
10 0 PS P1 Idle "" 
10 0 PS P1 Exec "b15" 
17 0 Pile T 1.00 
16 0 Pile T 1.00 
16 0 Pile T 1.00 
16 0 Pile T 1.00 
16 0 Pile T 1.00 
16 0 Pile T 1.00 
16 0 Pile T 1.00 
10 0 PS P2 Idle "" 
10 0 PS P2 Exec "b52" 
17 0 Pile T 1.00 
10 0 PS P3 Idle "" 
10 0 PS P3 Exec "a25" 
17 0 Pile T 1.00 
10 0 PS P4 Idle "" 
10 0 PS P4 Exec "a32" 
17 0 Pile T 1.00 
16 0 Pile T 1.00 
16 0 Pile T 1.00 
16 0 Pile T 1.00 
16 0 Pile T 1.00 
16 0 Pile T 1.00 
16 0 Pile T 1.00 
10 0 PS P0 Idle "" 
10 0 PS P0 Exec "b13" 
17 0 Pile T 1.00 
10 0 PS P1 Idle "" 
10 0 PS P1 Exec "split-b" 
17 0 Pile T 1.00 
10 0 PS P2 Idle "" 
10 0 PS P2 Exec "a21" 
17 0 Pile T 1.00 
16 0 Pile T 1.00 
16 0 Pile T 1.00 
16 0 Pile T 1.00 
16 0 Pile T 1.00 
16 0 Pile T 1.00 
16 0 Pile T 1.00 
10 0 PS P3 Idle "" 
10 0 PS P3 Exec "a56" 
17 0 Pile T 1.00 
16 0 Pile T 1.00 
16 0 Pile T 1.00 
16 0 Pile T 1.00 
16 0 Pile T 1.00 
16 0 Pile T 1.00 
16 0 Pile T 1.00 
10 0 PS P4 Idle "" 
10 0 PS P4 Exec "a31" 
17 0 Pile T 1.00 
10 0 PS P0 Idle "" 
10 0 PS P0 Exec "a33" 
17 0 Pile T 1.00 
16 0 Pile T 1.00 
16 0 Pile T 1.00 
16 0 Pile T 1.00 
16 0 Pile T 1.00 
16 0 Pile T 1.00 
16 0 Pile T 1.00 
10 0 PS P2 Idle "" 
10 0 PS P2 Exec "a63" 
17 0 Pile T 1.00 
16 0 Pile T 1.00 
16 0 Pile T 1.00 
16 0 Pile T 1.00 
16 0 Pile T 1.00 
16 0 Pile T 1.00 
16 0 Pile T 1.00 
10 0 PS P3 Idle "" 
10 0 PS P3 Exec "a42" 
17 0 Pile T 1.00 
16 0 Pile T 1.00 
16 0 Pile T 1.00 
16 0 Pile T 1.00 
16 0 Pile T 1.00 
16 0 Pile T 1.00 
16 0 Pile T 1.00 
10 0 PS P4 Idle "" 
10 0 PS P4 Exec "b31" 
17 0 Pile T 1.00 
16 0 Pile T 1.00 
16 0 Pile T 1.00 
16 0 Pile T 1.00 
16 0 Pile T 1.00 
16 0 Pile T 1.00 
16 0 Pile T 1.00 
10 0 PS P0 Idle "" 
10 0 PS P0 Exec "a26" 
17 0 Pile T 1.00 
16 0 Pile T 1.00 
16 0 Pile T 1.00 
16 0 Pile T 1.00 
16 0 Pile T 1.00 
16 0 Pile T 1.00 
16 0 Pile T 1.00 
10 0 PS P2 Idle "" 
10 0 PS P2 Exec "a52" 
17 0 Pile T 1.00 
16 0 Pile T 1.00 
16 0 Pile T 1.00 
16 0 Pile T 1.00 
16 0 Pile T 1.00 
16 0 Pile T 1.00 
16 0 Pile T 1.00 
10 0 PS P3 Idle "" 
10 0 PS P3 Exec "a35" 
17 0 Pile T 1.00 
10 0 PS P4 Idle "" 
10 0 PS P4 Exec "b44" 
17 0 Pile T 1.00 
16 0 Pile T 1.00 
16 0 Pile T 1.00 
16 0 Pile T 1.00 
16 0 Pile T 1.00 
16 0 Pile T 1.00 
16 0 Pile T 1.00 
10 0 PS P0 Idle "" 
10 0 PS P0 Exec "a66" 
17 0 Pile T 1.00 
16 0 Pile T 1.00 
16 0 Pile T 1.00 
16 0 Pile T 1.00 
16 0 Pile T 1.00 
16 0 Pile T 1.00 
16 0 Pile T 1.00 
10 0 PS P2 Idle "" 
10 0 PS P2 Exec "b62" 
17 0 Pile T 1.00 
16 0 Pile T 1.00 
16 0 Pile T 1.00 
16 0 Pile T 1.00 
16 0 Pile T 1.00 
16 0 Pile T 1.00 
16 0 Pile T 1.00 
10 0 PS P3 Idle "" 
10 0 PS P3 Exec "a15" 
17 0 Pile T 1.00 
10 0 PS P4 Idle "" 
10 0 PS P4 Exec "a54" 
17 0 Pile T 1.00 
16 0 Pile T 1.00 
16 0 Pile T 1.00 
16 0 Pile T 1.00 
16 0 Pile T 1.00 
16 0 Pile T 1.00 
16 0 Pile T 1.00 
10 0 PS P0 Idle "" 
10 0 PS P0 Exec "b26" 
17 0 Pile T 1.00 
10 0 PS P2 Idle "" 
10 0 PS P2 Exec "b43" 
17 0 Pile T 1.00 
16 0 Pile T 1.00 
16 0 Pile T 1.00 
16 0 Pile T 1.00 
16 0 Pile T 1.00 
16 0 Pile T 1.00 
16 0 Pile T 1.00 
10 0 PS P3 Idle "" 
10 0 PS P3 Tr "a24" 
11 0 P1 1_3_a24 "16" TTP C
12 0 P3 1_3_a24 "16" TTP C
17 0 Pile T 1.00 
16 0 Pile T 1.00 
16 0 Pile T 1.00 
16 0 Pile T 1.00 
16 0 Pile T 1.00 
16 0 Pile T 1.00 
16 0 Pile T 1.00 
10 0 PS P4 Idle "" 
10 0 PS P4 Tr "a24" 
11 0 P1 1_4_a24 "16" TTP C
12 0 P4 1_4_a24 "16" TTP C
17 0 Pile T 1.00 
10 0 PS P0 Idle "" 
10 0 PS P0 Tr "a24" 
11 0 P1 1_0_a24 "16" TTP C
12 0 P0 1_0_a24 "16" TTP C
17 0 Pile T 1.00 
10 0 PS P2 Idle "" 
10 0 PS P2 Tr "a24" 
11 0 P1 1_2_a24 "16" TTP C
12 0 P2 1_2_a24 "16" TTP C
10 16 PS P3 Exec "a24*b43" 
10 16 PS P4 Exec "a24*b42" 
10 16 PS P0 Exec "a24*b46" 
10 16 PS P2 Exec "a24*b41" 
17 80 Pile T 1.00 
10 80 PS P3 Idle "" 
10 80 PS P3 Exec "a24*b45" 
17 80 Pile T 1.00 
10 80 PS P4 Idle "" 
10 80 PS P4 Exec "a24*b44" 
17 80 Pile T 1.00 
10 80 PS P0 Idle "" 
10 80 PS P0 Tr "a36" 
11 80 P2 2_0_a36 "16" TTP C
12 80 P0 2_0_a36 "16" TTP C
17 80 Pile T 1.00 
10 80 PS P2 Idle "" 
10 80 PS P2 Exec "a36*b63" 
10 96 PS P0 Exec "a36*b65" 
17 144 Pile T 1.00 
10 144 PS P3 Idle "" 
10 144 PS P3 Tr "a36" 
11 144 P2 2_3_a36 "16" TTP C
12 144 P3 2_3_a36 "16" TTP C
17 144 Pile T 1.00 
10 144 PS P4 Idle "" 
10 144 PS P4 Tr "a36" 
11 144 P2 2_4_a36 "16" TTP C
12 144 P4 2_4_a36 "16" TTP C
17 144 Pile T 1.00 
10 144 PS P2 Idle "" 
10 144 PS P2 Exec "a36*b62" 
17 160 Pile T 1.00 
10 160 PS P0 Idle "" 
10 160 PS P0 Exec "a36*b64" 
10 160 PS P3 Exec "a36*b66" 
10 160 PS P4 Exec "a36*b61" 
17 208 Pile T 1.00 
10 208 PS P2 Idle "" 
10 208 PS P2 Tr "a61" 
11 208 P4 4_2_a61 "16" TTP C
12 208 P2 4_2_a61 "16" TTP C
17 224 Pile T 1.00 
10 224 PS P0 Idle "" 
10 224 PS P0 Tr "a61" 
11 224 P4 4_0_a61 "16" TTP C
12 224 P0 4_0_a61 "16" TTP C
17 224 Pile T 1.00 
10 224 PS P3 Idle "" 
10 224 PS P3 Tr "a61" 
11 224 P4 4_3_a61 "16" TTP C
12 224 P3 4_3_a61 "16" TTP C
17 224 Pile T 1.00 
10 224 PS P4 Idle "" 
10 224 PS P4 Exec "a61*b14" 
10 224 PS P2 Exec "a61*b12" 
10 240 PS P0 Exec "a61*b16" 
10 240 PS P3 Exec "a61*b11" 
17 288 Pile T 1.00 
10 288 PS P4 Idle "" 
10 288 PS P4 Exec "a61*b15" 
17 288 Pile T 1.00 
10 288 PS P2 Idle "" 
10 288 PS P2 Exec "a61*b13" 
17 304 Pile T 1.00 
10 304 PS P0 Idle "" 
10 304 PS P0 Tr "a41" 
11 304 P5 5_0_a41 "16" TTP C
12 304 P0 5_0_a41 "16" TTP C
17 304 Pile T 1.00 
10 304 PS P3 Idle "" 
10 304 PS P3 Tr "a41" 
11 304 P5 5_3_a41 "16" TTP C
12 304 P3 5_3_a41 "16" TTP C
10 320 PS P0 Exec "a41*b16" 
10 320 PS P3 Exec "a41*b12" 
17 352 Pile T 1.00 
10 352 PS P4 Idle "" 
10 352 PS P4 Tr "a41" 
11 352 P5 5_4_a41 "16" TTP C
12 352 P4 5_4_a41 "16" TTP C
17 352 Pile T 1.00 
10 352 PS P2 Idle "" 
10 352 PS P2 Tr "a41" 
11 352 P5 5_2_a41 "16" TTP C
12 352 P2 5_2_a41 "16" TTP C
10 368 PS P4 Exec "a41*b15" 
10 368 PS P2 Exec "a41*b14" 
17 384 Pile T 1.00 
10 384 PS P0 Idle "" 
10 384 PS P0 Exec "a41*b13" 
17 384 Pile T 1.00 
10 384 PS P3 Idle "" 
10 384 PS P3 Exec "a41*b11" 
17 432 Pile T 1.00 
10 432 PS P4 Idle "" 
10 432 PS P4 Tr "a11" 
11 432 P0 0_4_a11 "16" TTP C
12 432 P4 0_4_a11 "16" TTP C
17 432 Pile T 1.00 
10 432 PS P2 Idle "" 
10 432 PS P2 Tr "a11" 
11 432 P0 0_2_a11 "16" TTP C
12 432 P2 0_2_a11 "16" TTP C
17 448 Pile T 1.00 
10 448 PS P0 Idle "" 
10 448 PS P0 Exec "a11*b15" 
17 448 Pile T 1.00 
10 448 PS P3 Idle "" 
10 448 PS P3 Tr "a11" 
11 448 P0 0_3_a11 "16" TTP C
12 448 P3 0_3_a11 "16" TTP C
10 448 PS P4 Exec "a11*b11" 
10 448 PS P2 Exec "a11*b14" 
10 464 PS P3 Exec "a11*b12" 
17 512 Pile T 1.00 
10 512 PS P0 Idle "" 
10 512 PS P0 Exec "a11*b16" 
17 512 Pile T 1.00 
10 512 PS P4 Idle "" 
10 512 PS P4 Exec "a11*b13" 
17 512 Pile T 1.00 
10 512 PS P2 Idle "" 
10 512 PS P2 Tr "a45" 
11 512 P3 3_2_a45 "16" TTP C
12 512 P2 3_2_a45 "16" TTP C
17 528 Pile T 1.00 
10 528 PS P3 Idle "" 
10 528 PS P3 Exec "a45*b55" 
10 528 PS P2 Exec "a45*b53" 
17 576 Pile T 1.00 
10 576 PS P0 Idle "" 
10 576 PS P0 Tr "a45" 
11 576 P3 3_0_a45 "16" TTP C
12 576 P0 3_0_a45 "16" TTP C
17 576 Pile T 1.00 
10 576 PS P4 Idle "" 
10 576 PS P4 Tr "a45" 
11 576 P3 3_4_a45 "16" TTP C
12 576 P4 3_4_a45 "16" TTP C
17 592 Pile T 1.00 
10 592 PS P3 Idle "" 
10 592 PS P3 Exec "a45*b51" 
17 592 Pile T 1.00 
10 592 PS P2 Idle "" 
10 592 PS P2 Exec "a45*b56" 
10 592 PS P0 Exec "a45*b54" 
10 592 PS P4 Exec "a45*b52" 
17 656 Pile T 1.00 
10 656 PS P3 Idle "" 
10 656 PS P3 Tr "a13" 
11 656 P5 5_3_a13 "16" TTP C
12 656 P3 5_3_a13 "16" TTP C
17 656 Pile T 1.00 
10 656 PS P2 Idle "" 
10 656 PS P2 Tr "a13" 
11 656 P5 5_2_a13 "16" TTP C
12 656 P2 5_2_a13 "16" TTP C
17 656 Pile T 1.00 
10 656 PS P0 Idle "" 
10 656 PS P0 Tr "a13" 
11 656 P5 5_0_a13 "16" TTP C
12 656 P0 5_0_a13 "16" TTP C
17 656 Pile T 1.00 
10 656 PS P4 Idle "" 
10 656 PS P4 Tr "a13" 
11 656 P5 5_4_a13 "16" TTP C
12 656 P4 5_4_a13 "16" TTP C
10 672 PS P3 Exec "a13*b33" 
10 672 PS P2 Exec "a13*b36" 
10 672 PS P0 Exec "a13*b31" 
10 672 PS P4 Exec "a13*b35" 
17 736 Pile T 1.00 
10 736 PS P3 Idle "" 
10 736 PS P3 Exec "a13*b32" 
17 736 Pile T 1.00 
10 736 PS P2 Idle "" 
10 736 PS P2 Exec "a13*b34" 
17 736 Pile T 1.00 
10 736 PS P0 Idle "" 
10 736 PS P0 Tr "a23" 
11 736 P2 2_0_a23 "16" TTP C
12 736 P0 2_0_a23 "16" TTP C
17 736 Pile T 1.00 
10 736 PS P4 Idle "" 
10 736 PS P4 Tr "a23" 
11 736 P2 2_4_a23 "16" TTP C
12 736 P4 2_4_a23 "16" TTP C
10 752 PS P0 Exec "a23*b33" 
10 752 PS P4 Exec "a23*b34" 
17 800 Pile T 1.00 
10 800 PS P3 Idle "" 
10 800 PS P3 Tr "a23" 
11 800 P2 2_3_a23 "16" TTP C
12 800 P3 2_3_a23 "16" TTP C
17 800 Pile T 1.00 
10 800 PS P2 Idle "" 
10 800 PS P2 Exec "a23*b31" 
17 816 Pile T 1.00 
10 816 PS P0 Idle "" 
10 816 PS P0 Exec "a23*b35" 
17 816 Pile T 1.00 
10 816 PS P4 Idle "" 
10 816 PS P4 Exec "a23*b32" 
10 816 PS P3 Exec "a23*b36" 
17 864 Pile T 1.00 
10 864 PS P2 Idle "" 
10 864 PS P2 Tr "a62" 
11 864 P0 0_2_a62 "16" TTP C
12 864 P2 0_2_a62 "16" TTP C
17 880 Pile T 1.00 
10 880 PS P0 Idle "" 
10 880 PS P0 Exec "a62*b21" 
17 880 Pile T 1.00 
10 880 PS P4 Idle "" 
10 880 PS P4 Tr "a62" 
11 880 P0 0_4_a62 "16" TTP C
12 880 P4 0_4_a62 "16" TTP C
17 880 Pile T 1.00 
10 880 PS P3 Idle "" 
10 880 PS P3 Tr "a62" 
11 880 P0 0_3_a62 "16" TTP C
12 880 P3 0_3_a62 "16" TTP C
10 880 PS P2 Exec "a62*b25" 
10 896 PS P4 Exec "a62*b24" 
10 896 PS P3 Exec "a62*b22" 
17 944 Pile T 1.00 
10 944 PS P0 Idle "" 
10 944 PS P0 Exec "a62*b23" 
17 944 Pile T 1.00 
10 944 PS P2 Idle "" 
10 944 PS P2 Exec "a62*b26" 
17 960 Pile T 1.00 
10 960 PS P4 Idle "" 
10 960 PS P4 Tr "a53" 
11 960 P1 1_4_a53 "16" TTP C
12 960 P4 1_4_a53 "16" TTP C
17 960 Pile T 1.00 
10 960 PS P3 Idle "" 
10 960 PS P3 Tr "a53" 
11 960 P1 1_3_a53 "16" TTP C
12 960 P3 1_3_a53 "16" TTP C
10 976 PS P4 Exec "a53*b32" 
10 976 PS P3 Exec "a53*b31" 
17 1008 Pile T 1.00 
10 1008 PS P0 Idle "" 
10 1008 PS P0 Tr "a53" 
11 1008 P1 1_0_a53 "16" TTP C
12 1008 P0 1_0_a53 "16" TTP C
17 1008 Pile T 1.00 
10 1008 PS P2 Idle "" 
10 1008 PS P2 Tr "a53" 
11 1008 P1 1_2_a53 "16" TTP C
12 1008 P2 1_2_a53 "16" TTP C
10 1024 PS P0 Exec "a53*b34" 
10 1024 PS P2 Exec "a53*b33" 
17 1040 Pile T 1.00 
10 1040 PS P4 Idle "" 
10 1040 PS P4 Exec "a53*b35" 
17 1040 Pile T 1.00 
10 1040 PS P3 Idle "" 
10 1040 PS P3 Exec "a53*b36" 
17 1088 Pile T 1.00 
10 1088 PS P0 Idle "" 
10 1088 PS P0 Tr "a46" 
11 1088 P4 4_0_a46 "16" TTP C
12 1088 P0 4_0_a46 "16" TTP C
17 1088 Pile T 1.00 
10 1088 PS P2 Idle "" 
10 1088 PS P2 Tr "a46" 
11 1088 P4 4_2_a46 "16" TTP C
12 1088 P2 4_2_a46 "16" TTP C
17 1104 Pile T 1.00 
10 1104 PS P4 Idle "" 
10 1104 PS P4 Exec "a46*b62" 
17 1104 Pile T 1.00 
10 1104 PS P3 Idle "" 
10 1104 PS P3 Tr "a46" 
11 1104 P4 4_3_a46 "16" TTP C
12 1104 P3 4_3_a46 "16" TTP C
10 1104 PS P0 Exec "a46*b66" 
10 1104 PS P2 Exec "a46*b64" 
10 1120 PS P3 Exec "a46*b63" 
17 1152 Pile T 1.00 
10 1152 PS P5 Idle "" 
10 1152 PS P5 Tr "a46" 
11 1152 P4 4_5_a46 "16" TTP C
12 1152 P5 4_5_a46 "16" TTP C
17 1152 Pile T 1.00 
10 1152 PS P1 Idle "" 
10 1152 PS P1 Tr "a46" 
11 1152 P4 4_1_a46 "16" TTP C
12 1152 P1 4_1_a46 "16" TTP C
17 1168 Pile T 1.00 
10 1168 PS P4 Idle "" 
10 1168 PS P4 Tr "a34" 
11 1168 P5 5_4_a34 "16" TTP C
12 1168 P4 5_4_a34 "16" TTP C
17 1168 Pile T 1.00 
10 1168 PS P0 Idle "" 
10 1168 PS P0 Tr "a34" 
11 1168 P5 5_0_a34 "16" TTP C
12 1168 P0 5_0_a34 "16" TTP C
17 1168 Pile T 1.00 
10 1168 PS P2 Idle "" 
10 1168 PS P2 Tr "a34" 
11 1168 P5 5_2_a34 "16" TTP C
12 1168 P2 5_2_a34 "16" TTP C
10 1168 PS P5 Exec "a46*b61" 
10 1168 PS P1 Exec "a46*b65" 
17 1184 Pile T 1.00 
10 1184 PS P3 Idle "" 
10 1184 PS P3 Tr "a34" 
11 1184 P5 5_3_a34 "16" TTP C
12 1184 P3 5_3_a34 "16" TTP C
10 1184 PS P4 Exec "a34*b41" 
10 1184 PS P0 Exec "a34*b46" 
10 1184 PS P2 Exec "a34*b43" 
10 1200 PS P3 Exec "a34*b45" 
17 1232 Pile T 1.00 
10 1232 PS P5 Idle "" 
10 1232 PS P5 Exec "a34*b44" 
17 1232 Pile T 1.00 
10 1232 PS P1 Idle "" 
10 1232 PS P1 Tr "a34" 
11 1232 P5 5_1_a34 "16" TTP C
12 1232 P1 5_1_a34 "16" TTP C
17 1248 Pile T 1.00 
10 1248 PS P4 Idle "" 
10 1248 PS P4 Tr "a65" 
11 1248 P1 1_4_a65 "16" TTP C
12 1248 P4 1_4_a65 "16" TTP C
17 1248 Pile T 1.00 
10 1248 PS P0 Idle "" 
10 1248 PS P0 Tr "a65" 
11 1248 P1 1_0_a65 "16" TTP C
12 1248 P0 1_0_a65 "16" TTP C
17 1248 Pile T 1.00 
10 1248 PS P2 Idle "" 
10 1248 PS P2 Tr "a65" 
11 1248 P1 1_2_a65 "16" TTP C
12 1248 P2 1_2_a65 "16" TTP C
10 1248 PS P1 Exec "a34*b42" 
17 1264 Pile T 1.00 
10 1264 PS P3 Idle "" 
10 1264 PS P3 Tr "a65" 
11 1264 P1 1_3_a65 "16" TTP C
12 1264 P3 1_3_a65 "16" TTP C
10 1264 PS P4 Exec "a65*b55" 
10 1264 PS P0 Exec "a65*b52" 
10 1264 PS P2 Exec "a65*b51" 
10 1280 PS P3 Exec "a65*b56" 
17 1296 Pile T 1.00 
10 1296 PS P5 Idle "" 
10 1296 PS P5 Tr "a65" 
11 1296 P1 1_5_a65 "16" TTP C
12 1296 P5 1_5_a65 "16" TTP C
17 1312 Pile T 1.00 
10 1312 PS P1 Idle "" 
10 1312 PS P1 Exec "a65*b53" 
10 1312 PS P5 Exec "a65*b54" 
17 1328 Pile T 1.00 
10 1328 PS P4 Idle "" 
10 1328 PS P4 Tr "a14" 
11 1328 P0 0_4_a14 "16" TTP C
12 1328 P4 0_4_a14 "16" TTP C
17 1328 Pile T 1.00 
10 1328 PS P0 Idle "" 
10 1328 PS P0 Exec "a14*b46" 
17 1328 Pile T 1.00 
10 1328 PS P2 Idle "" 
10 1328 PS P2 Tr "a14" 
11 1328 P0 0_2_a14 "16" TTP C
12 1328 P2 0_2_a14 "16" TTP C
17 1344 Pile T 1.00 
10 1344 PS P3 Idle "" 
10 1344 PS P3 Tr "a14" 
11 1344 P0 0_3_a14 "16" TTP C
12 1344 P3 0_3_a14 "16" TTP C
10 1344 PS P4 Exec "a14*b43" 
10 1344 PS P2 Exec "a14*b41" 
10 1360 PS P3 Exec "a14*b44" 
17 1376 Pile T 1.00 
10 1376 PS P1 Idle "" 
10 1376 PS P1 Tr "a14" 
11 1376 P0 0_1_a14 "16" TTP C
12 1376 P1 0_1_a14 "16" TTP C
17 1376 Pile T 1.00 
10 1376 PS P5 Idle "" 
10 1376 PS P5 Tr "a14" 
11 1376 P0 0_5_a14 "16" TTP C
12 1376 P5 0_5_a14 "16" TTP C
17 1392 Pile T 1.00 
10 1392 PS P0 Idle "" 
10 1392 PS P0 Tr "a51" 
11 1392 P3 3_0_a51 "16" TTP C
12 1392 P0 3_0_a51 "16" TTP C
10 1392 PS P1 Exec "a14*b42" 
10 1392 PS P5 Exec "a14*b45" 
17 1408 Pile T 1.00 
10 1408 PS P4 Idle "" 
10 1408 PS P4 Tr "a51" 
11 1408 P3 3_4_a51 "16" TTP C
12 1408 P4 3_4_a51 "16" TTP C
17 1408 Pile T 1.00 
10 1408 PS P2 Idle "" 
10 1408 PS P2 Tr "a51" 
11 1408 P3 3_2_a51 "16" TTP C
12 1408 P2 3_2_a51 "16" TTP C
10 1408 PS P0 Exec "a51*b15" 
17 1424 Pile T 1.00 
10 1424 PS P3 Idle "" 
10 1424 PS P3 Exec "a51*b13" 
10 1424 PS P4 Exec "a51*b16" 
10 1424 PS P2 Exec "a51*b14" 
17 1456 Pile T 1.00 
10 1456 PS P1 Idle "" 
10 1456 PS P1 Tr "a51" 
11 1456 P3 3_1_a51 "16" TTP C
12 1456 P1 3_1_a51 "16" TTP C
17 1456 Pile T 1.00 
10 1456 PS P5 Idle "" 
10 1456 PS P5 Tr "a51" 
11 1456 P3 3_5_a51 "16" TTP C
12 1456 P5 3_5_a51 "16" TTP C
17 1472 Pile T 1.00 
10 1472 PS P0 Idle "" 
10 1472 PS P0 Tr "a64" 
11 1472 P1 1_0_a64 "16" TTP C
12 1472 P0 1_0_a64 "16" TTP C
10 1472 PS P1 Exec "a51*b12" 
10 1472 PS P5 Exec "a51*b11" 
17 1488 Pile T 1.00 
10 1488 PS P3 Idle "" 
10 1488 PS P3 Tr "a64" 
11 1488 P1 1_3_a64 "16" TTP C
12 1488 P3 1_3_a64 "16" TTP C
17 1488 Pile T 1.00 
10 1488 PS P4 Idle "" 
10 1488 PS P4 Tr "a64" 
11 1488 P1 1_4_a64 "16" TTP C
12 1488 P4 1_4_a64 "16" TTP C
17 1488 Pile T 1.00 
10 1488 PS P2 Idle "" 
10 1488 PS P2 Tr "a64" 
11 1488 P1 1_2_a64 "16" TTP C
12 1488 P2 1_2_a64 "16" TTP C
10 1488 PS P0 Exec "a64*b46" 
10 1504 PS P3 Exec "a64*b45" 
10 1504 PS P4 Exec "a64*b43" 
10 1504 PS P2 Exec "a64*b41" 
17 1536 Pile T 1.00 
10 1536 PS P1 Idle "" 
10 1536 PS P1 Exec "a64*b44" 
17 1536 Pile T 1.00 
10 1536 PS P5 Idle "" 
10 1536 PS P5 Tr "a64" 
11 1536 P1 1_5_a64 "16" TTP C
12 1536 P5 1_5_a64 "16" TTP C
17 1552 Pile T 1.00 
10 1552 PS P0 Idle "" 
10 1552 PS P0 Exec "a12*b23" 
10 1552 PS P5 Exec "a64*b42" 
17 1568 Pile T 1.00 
10 1568 PS P3 Idle "" 
10 1568 PS P3 Tr "a12" 
11 1568 P0 0_3_a12 "16" TTP C
12 1568 P3 0_3_a12 "16" TTP C
17 1568 Pile T 1.00 
10 1568 PS P4 Idle "" 
10 1568 PS P4 Tr "a12" 
11 1568 P0 0_4_a12 "16" TTP C
12 1568 P4 0_4_a12 "16" TTP C
17 1568 Pile T 1.00 
10 1568 PS P2 Idle "" 
10 1568 PS P2 Tr "a12" 
11 1568 P0 0_2_a12 "16" TTP C
12 1568 P2 0_2_a12 "16" TTP C
10 1584 PS P3 Exec "a12*b26" 
10 1584 PS P4 Exec "a12*b21" 
10 1584 PS P2 Exec "a12*b25" 
17 1600 Pile T 1.00 
10 1600 PS P1 Idle "" 
10 1600 PS P1 Tr "a12" 
11 1600 P0 0_1_a12 "16" TTP C
12 1600 P1 0_1_a12 "16" TTP C
17 1616 Pile T 1.00 
10 1616 PS P0 Idle "" 
10 1616 PS P0 Exec "a12*b24" 
17 1616 Pile T 1.00 
10 1616 PS P5 Idle "" 
10 1616 PS P5 Tr "a43" 
11 1616 P1 1_5_a43 "16" TTP C
12 1616 P5 1_5_a43 "16" TTP C
10 1616 PS P1 Exec "a12*b22" 
10 1632 PS P5 Exec "a43*b35" 
17 1648 Pile T 1.00 
10 1648 PS P3 Idle "" 
10 1648 PS P3 Tr "a43" 
11 1648 P1 1_3_a43 "16" TTP C
12 1648 P3 1_3_a43 "16" TTP C
17 1648 Pile T 1.00 
10 1648 PS P4 Idle "" 
10 1648 PS P4 Tr "a43" 
11 1648 P1 1_4_a43 "16" TTP C
12 1648 P4 1_4_a43 "16" TTP C
17 1648 Pile T 1.00 
10 1648 PS P2 Idle "" 
10 1648 PS P2 Tr "a43" 
11 1648 P1 1_2_a43 "16" TTP C
12 1648 P2 1_2_a43 "16" TTP C
10 1664 PS P3 Exec "a43*b32" 
10 1664 PS P4 Exec "a43*b31" 
10 1664 PS P2 Exec "a43*b34" 
17 1680 Pile T 1.00 
10 1680 PS P0 Idle "" 
10 1680 PS P0 Tr "a43" 
11 1680 P1 1_0_a43 "16" TTP C
12 1680 P0 1_0_a43 "16" TTP C
17 1680 Pile T 1.00 
10 1680 PS P1 Idle "" 
10 1680 PS P1 Exec "a43*b36" 
17 1696 Pile T 1.00 
10 1696 PS P5 Idle "" 
10 1696 PS P5 Tr "a22" 
11 1696 P4 4_5_a22 "16" TTP C
12 1696 P5 4_5_a22 "16" TTP C
10 1696 PS P0 Exec "a43*b33" 
10 1712 PS P5 Exec "a22*b23" 
17 1728 Pile T 1.00 
10 1728 PS P3 Idle "" 
10 1728 PS P3 Tr "a22" 
11 1728 P4 4_3_a22 "16" TTP C
12 1728 P3 4_3_a22 "16" TTP C
17 1728 Pile T 1.00 
10 1728 PS P4 Idle "" 
10 1728 PS P4 Exec "a22*b21" 
17 1728 Pile T 1.00 
10 1728 PS P2 Idle "" 
10 1728 PS P2 Tr "a22" 
11 1728 P4 4_2_a22 "16" TTP C
12 1728 P2 4_2_a22 "16" TTP C
17 1744 Pile T 1.00 
10 1744 PS P1 Idle "" 
10 1744 PS P1 Tr "a22" 
11 1744 P4 4_1_a22 "16" TTP C
12 1744 P1 4_1_a22 "16" TTP C
10 1744 PS P3 Exec "a22*b25" 
10 1744 PS P2 Exec "a22*b24" 
17 1760 Pile T 1.00 
10 1760 PS P0 Idle "" 
10 1760 PS P0 Tr "a22" 
11 1760 P4 4_0_a22 "16" TTP C
12 1760 P0 4_0_a22 "16" TTP C
10 1760 PS P1 Exec "a22*b26" 
17 1776 Pile T 1.00 
10 1776 PS P5 Idle "" 
10 1776 PS P5 Tr "a16" 
11 1776 P0 0_5_a16 "16" TTP C
12 1776 P5 0_5_a16 "16" TTP C
10 1776 PS P0 Exec "a22*b22" 
17 1792 Pile T 1.00 
10 1792 PS P4 Idle "" 
10 1792 PS P4 Tr "a16" 
11 1792 P0 0_4_a16 "16" TTP C
12 1792 P4 0_4_a16 "16" TTP C
10 1792 PS P5 Exec "a16*b62" 
17 1808 Pile T 1.00 
10 1808 PS P3 Idle "" 
10 1808 PS P3 Tr "a16" 
11 1808 P0 0_3_a16 "16" TTP C
12 1808 P3 0_3_a16 "16" TTP C
17 1808 Pile T 1.00 
10 1808 PS P2 Idle "" 
10 1808 PS P2 Tr "a16" 
11 1808 P0 0_2_a16 "16" TTP C
12 1808 P2 0_2_a16 "16" TTP C
10 1808 PS P4 Exec "a16*b65" 
17 1824 Pile T 1.00 
10 1824 PS P1 Idle "" 
10 1824 PS P1 Tr "a16" 
11 1824 P0 0_1_a16 "16" TTP C
12 1824 P1 0_1_a16 "16" TTP C
10 1824 PS P3 Exec "a16*b63" 
10 1824 PS P2 Exec "a16*b66" 
17 1840 Pile T 1.00 
10 1840 PS P0 Idle "" 
10 1840 PS P0 Exec "a16*b61" 
10 1840 PS P1 Exec "a16*b64" 
17 1856 Pile T 1.00 
10 1856 PS P5 Idle "" 
10 1856 PS P5 Tr "a55" 
11 1856 P2 2_5_a55 "16" TTP C
12 1856 P5 2_5_a55 "16" TTP C
17 1872 Pile T 1.00 
10 1872 PS P4 Idle "" 
10 1872 PS P4 Tr "a55" 
11 1872 P2 2_4_a55 "16" TTP C
12 1872 P4 2_4_a55 "16" TTP C
10 1872 PS P5 Exec "a55*b55" 
17 1888 Pile T 1.00 
10 1888 PS P3 Idle "" 
10 1888 PS P3 Tr "a55" 
11 1888 P2 2_3_a55 "16" TTP C
12 1888 P3 2_3_a55 "16" TTP C
17 1888 Pile T 1.00 
10 1888 PS P2 Idle "" 
10 1888 PS P2 Exec "a55*b56" 
10 1888 PS P4 Exec "a55*b53" 
17 1904 Pile T 1.00 
10 1904 PS P0 Idle "" 
10 1904 PS P0 Tr "a55" 
11 1904 P2 2_0_a55 "16" TTP C
12 1904 P0 2_0_a55 "16" TTP C
17 1904 Pile T 1.00 
10 1904 PS P1 Idle "" 
10 1904 PS P1 Tr "a55" 
11 1904 P2 2_1_a55 "16" TTP C
12 1904 P1 2_1_a55 "16" TTP C
10 1904 PS P3 Exec "a55*b54" 
10 1920 PS P0 Exec "a55*b51" 
10 1920 PS P1 Exec "a55*b52" 
17 1936 Pile T 1.00 
10 1936 PS P5 Idle "" 
10 1936 PS P5 Tr "a44" 
11 1936 P0 0_5_a44 "16" TTP C
12 1936 P5 0_5_a44 "16" TTP C
17 1952 Pile T 1.00 
10 1952 PS P2 Idle "" 
10 1952 PS P2 Tr "a44" 
11 1952 P0 0_2_a44 "16" TTP C
12 1952 P2 0_2_a44 "16" TTP C
17 1952 Pile T 1.00 
10 1952 PS P4 Idle "" 
10 1952 PS P4 Tr "a44" 
11 1952 P0 0_4_a44 "16" TTP C
12 1952 P4 0_4_a44 "16" TTP C
10 1952 PS P5 Exec "a44*b46" 
17 1968 Pile T 1.00 
10 1968 PS P3 Idle "" 
10 1968 PS P3 Tr "a44" 
11 1968 P0 0_3_a44 "16" TTP C
12 1968 P3 0_3_a44 "16" TTP C
10 1968 PS P2 Exec "a44*b44" 
10 1968 PS P4 Exec "a44*b42" 
17 1984 Pile T 1.00 
10 1984 PS P0 Idle "" 
10 1984 PS P0 Exec "a44*b41" 
17 1984 Pile T 1.00 
10 1984 PS P1 Idle "" 
10 1984 PS P1 Tr "a44" 
11 1984 P0 0_1_a44 "16" TTP C
12 1984 P1 0_1_a44 "16" TTP C
10 1984 PS P3 Exec "a44*b43" 
10 2000 PS P1 Exec "a44*b45" 
17 2016 Pile T 1.00 
10 2016 PS P5 Idle "" 
10 2016 PS P5 Tr "a25" 
11 2016 P3 3_5_a25 "16" TTP C
12 2016 P5 3_5_a25 "16" TTP C
17 2032 Pile T 1.00 
10 2032 PS P2 Idle "" 
10 2032 PS P2 Tr "a25" 
11 2032 P3 3_2_a25 "16" TTP C
12 2032 P2 3_2_a25 "16" TTP C
17 2032 Pile T 1.00 
10 2032 PS P4 Idle "" 
10 2032 PS P4 Tr "a25" 
11 2032 P3 3_4_a25 "16" TTP C
12 2032 P4 3_4_a25 "16" TTP C
10 2032 PS P5 Exec "a25*b52" 
17 2048 Pile T 1.00 
10 2048 PS P0 Idle "" 
10 2048 PS P0 Tr "a25" 
11 2048 P3 3_0_a25 "16" TTP C
12 2048 P0 3_0_a25 "16" TTP C
17 2048 Pile T 1.00 
10 2048 PS P3 Idle "" 
10 2048 PS P3 Exec "a25*b54" 
10 2048 PS P2 Exec "a25*b53" 
10 2048 PS P4 Exec "a25*b55" 
17 2064 Pile T 1.00 
10 2064 PS P1 Idle "" 
10 2064 PS P1 Tr "a25" 
11 2064 P3 3_1_a25 "16" TTP C
12 2064 P1 3_1_a25 "16" TTP C
10 2064 PS P0 Exec "a25*b56" 
10 2080 PS P1 Exec "a25*b51" 
17 2096 Pile T 1.00 
10 2096 PS P5 Idle "" 
10 2096 PS P5 Tr "a32" 
11 2096 P4 4_5_a32 "16" TTP C
12 2096 P5 4_5_a32 "16" TTP C
17 2112 Pile T 1.00 
10 2112 PS P3 Idle "" 
10 2112 PS P3 Tr "a32" 
11 2112 P4 4_3_a32 "16" TTP C
12 2112 P3 4_3_a32 "16" TTP C
17 2112 Pile T 1.00 
10 2112 PS P2 Idle "" 
10 2112 PS P2 Tr "a32" 
11 2112 P4 4_2_a32 "16" TTP C
12 2112 P2 4_2_a32 "16" TTP C
17 2112 Pile T 1.00 
10 2112 PS P4 Idle "" 
10 2112 PS P4 Exec "a32*b25" 
10 2112 PS P5 Exec "a32*b26" 
17 2128 Pile T 1.00 
10 2128 PS P0 Idle "" 
10 2128 PS P0 Tr "a32" 
11 2128 P4 4_0_a32 "16" TTP C
12 2128 P0 4_0_a32 "16" TTP C
10 2128 PS P3 Exec "a32*b24" 
10 2128 PS P2 Exec "a32*b23" 
17 2144 Pile T 1.00 
10 2144 PS P1 Idle "" 
10 2144 PS P1 Tr "a32" 
11 2144 P4 4_1_a32 "16" TTP C
12 2144 P1 4_1_a32 "16" TTP C
10 2144 PS P0 Exec "a32*b22" 
10 2160 PS P1 Exec "a32*b21" 
17 2176 Pile T 1.00 
10 2176 PS P4 Idle "" 
10 2176 PS P4 Tr "a21" 
11 2176 P2 2_4_a21 "16" TTP C
12 2176 P4 2_4_a21 "16" TTP C
17 2176 Pile T 1.00 
10 2176 PS P5 Idle "" 
10 2176 PS P5 Tr "a21" 
11 2176 P2 2_5_a21 "16" TTP C
12 2176 P5 2_5_a21 "16" TTP C
17 2192 Pile T 1.00 
10 2192 PS P3 Idle "" 
10 2192 PS P3 Tr "a21" 
11 2192 P2 2_3_a21 "16" TTP C
12 2192 P3 2_3_a21 "16" TTP C
17 2192 Pile T 1.00 
10 2192 PS P2 Idle "" 
10 2192 PS P2 Exec "a21*b13" 
10 2192 PS P4 Exec "a21*b14" 
10 2192 PS P5 Exec "a21*b16" 
17 2208 Pile T 1.00 
10 2208 PS P0 Idle "" 
10 2208 PS P0 Tr "a21" 
11 2208 P2 2_0_a21 "16" TTP C
12 2208 P0 2_0_a21 "16" TTP C
10 2208 PS P3 Exec "a21*b12" 
17 2224 Pile T 1.00 
10 2224 PS P1 Idle "" 
10 2224 PS P1 Tr "a21" 
11 2224 P2 2_1_a21 "16" TTP C
12 2224 P1 2_1_a21 "16" TTP C
10 2224 PS P0 Exec "a21*b11" 
10 2240 PS P1 Exec "a21*b15" 
17 2256 Pile T 1.00 
16 2256 Pile T 1.00 
10 2256 PS P2 Idle "" 
10 2256 PS P2 Tr "a56" 
11 2256 P3 3_2_a56 "16" TTP C
12 2256 P2 3_2_a56 "16" TTP C
17 2256 Pile T 1.00 
16 2256 Pile T 1.00 
10 2256 PS P4 Idle "" 
10 2256 PS P4 Tr "a56" 
11 2256 P3 3_4_a56 "16" TTP C
12 2256 P4 3_4_a56 "16" TTP C
17 2256 Pile T 1.00 
16 2256 Pile T 1.00 
10 2256 PS P5 Idle "" 
10 2256 PS P5 Tr "a56" 
11 2256 P3 3_5_a56 "16" TTP C
12 2256 P5 3_5_a56 "16" TTP C
17 2272 Pile T 1.00 
16 2272 Pile T 1.00 
10 2272 PS P3 Idle "" 
10 2272 PS P3 Exec "a56*b61" 
10 2272 PS P2 Exec "a56*b64" 
10 2272 PS P4 Exec "a56*b62" 
10 2272 PS P5 Exec "a56*b65" 
17 2288 Pile T 1.00 
16 2288 Pile T 1.00 
10 2288 PS P0 Idle "" 
10 2288 PS P0 Tr "a56" 
11 2288 P3 3_0_a56 "16" TTP C
12 2288 P0 3_0_a56 "16" TTP C
17 2304 Pile T 1.00 
16 2304 Pile T 1.00 
10 2304 PS P1 Idle "" 
10 2304 PS P1 Tr "a56" 
11 2304 P3 3_1_a56 "16" TTP C
12 2304 P1 3_1_a56 "16" TTP C
10 2304 PS P0 Exec "a56*b63" 
10 2320 PS P1 Exec "a56*b66" 
17 2336 Pile T 1.00 
10 2336 PS P3 Idle "" 
10 2336 PS P3 Tr "a31" 
11 2336 P4 4_3_a31 "16" TTP C
12 2336 P3 4_3_a31 "16" TTP C
17 2336 Pile T 1.00 
10 2336 PS P2 Idle "" 
10 2336 PS P2 Tr "a31" 
11 2336 P4 4_2_a31 "16" TTP C
12 2336 P2 4_2_a31 "16" TTP C
17 2336 Pile T 1.00 
10 2336 PS P4 Idle "" 
10 2336 PS P4 Exec "a31*b12" 
17 2336 Pile T 1.00 
10 2336 PS P5 Idle "" 
10 2336 PS P5 Tr "a31" 
11 2336 P4 4_5_a31 "16" TTP C
12 2336 P5 4_5_a31 "16" TTP C
10 2352 PS P3 Exec "a31*b13" 
10 2352 PS P2 Exec "a31*b16" 
10 2352 PS P5 Exec "a31*b11" 
17 2368 Pile T 1.00 
10 2368 PS P0 Idle "" 
10 2368 PS P0 Tr "a31" 
11 2368 P4 4_0_a31 "16" TTP C
12 2368 P0 4_0_a31 "16" TTP C
17 2384 Pile T 1.00 
10 2384 PS P1 Idle "" 
10 2384 PS P1 Tr "a31" 
11 2384 P4 4_1_a31 "16" TTP C
12 2384 P1 4_1_a31 "16" TTP C
10 2384 PS P0 Exec "a31*b15" 
17 2400 Pile T 1.00 
10 2400 PS P4 Idle "" 
10 2400 PS P4 Tr "a33" 
11 2400 P0 0_4_a33 "16" TTP C
12 2400 P4 0_4_a33 "16" TTP C
10 2400 PS P1 Exec "a31*b14" 
17 2416 Pile T 1.00 
10 2416 PS P3 Idle "" 
10 2416 PS P3 Tr "a33" 
11 2416 P0 0_3_a33 "16" TTP C
12 2416 P3 0_3_a33 "16" TTP C
17 2416 Pile T 1.00 
10 2416 PS P2 Idle "" 
10 2416 PS P2 Tr "a33" 
11 2416 P0 0_2_a33 "16" TTP C
12 2416 P2 0_2_a33 "16" TTP C
17 2416 Pile T 1.00 
10 2416 PS P5 Idle "" 
10 2416 PS P5 Tr "a33" 
11 2416 P0 0_5_a33 "16" TTP C
12 2416 P5 0_5_a33 "16" TTP C
10 2416 PS P4 Exec "a33*b36" 
10 2432 PS P3 Exec "a33*b32" 
10 2432 PS P2 Exec "a33*b33" 
10 2432 PS P5 Exec "a33*b35" 
17 2448 Pile T 1.00 
10 2448 PS P0 Idle "" 
10 2448 PS P0 Exec "a33*b31" 
17 2464 Pile T 1.00 
10 2464 PS P1 Idle "" 
10 2464 PS P1 Tr "a33" 
11 2464 P0 0_1_a33 "16" TTP C
12 2464 P1 0_1_a33 "16" TTP C
17 2480 Pile T 1.00 
10 2480 PS P4 Idle "" 
10 2480 PS P4 Tr "a63" 
11 2480 P2 2_4_a63 "16" TTP C
12 2480 P4 2_4_a63 "16" TTP C
10 2480 PS P1 Exec "a33*b34" 
17 2496 Pile T 1.00 
10 2496 PS P3 Idle "" 
10 2496 PS P3 Tr "a63" 
11 2496 P2 2_3_a63 "16" TTP C
12 2496 P3 2_3_a63 "16" TTP C
17 2496 Pile T 1.00 
10 2496 PS P2 Idle "" 
10 2496 PS P2 Exec "a63*b33" 
17 2496 Pile T 1.00 
10 2496 PS P5 Idle "" 
10 2496 PS P5 Tr "a63" 
11 2496 P2 2_5_a63 "16" TTP C
12 2496 P5 2_5_a63 "16" TTP C
10 2496 PS P4 Exec "a63*b34" 
17 2512 Pile T 1.00 
10 2512 PS P0 Idle "" 
10 2512 PS P0 Tr "a63" 
11 2512 P2 2_0_a63 "16" TTP C
12 2512 P0 2_0_a63 "16" TTP C
10 2512 PS P3 Exec "a63*b36" 
10 2512 PS P5 Exec "a63*b35" 
10 2528 PS P0 Exec "a63*b31" 
17 2544 Pile T 1.00 
10 2544 PS P1 Idle "" 
10 2544 PS P1 Tr "a63" 
11 2544 P2 2_1_a63 "16" TTP C
12 2544 P1 2_1_a63 "16" TTP C
17 2560 Pile T 1.00 
16 2560 Pile T 1.00 
10 2560 PS P2 Idle "" 
10 2560 PS P2 Tr "a42" 
11 2560 P3 3_2_a42 "16" TTP C
12 2560 P2 3_2_a42 "16" TTP C
17 2560 Pile T 1.00 
16 2560 Pile T 1.00 
10 2560 PS P4 Idle "" 
10 2560 PS P4 Tr "a42" 
11 2560 P3 3_4_a42 "16" TTP C
12 2560 P4 3_4_a42 "16" TTP C
10 2560 PS P1 Exec "a63*b32" 
17 2576 Pile T 1.00 
16 2576 Pile T 1.00 
10 2576 PS P3 Idle "" 
10 2576 PS P3 Exec "a42*b21" 
17 2576 Pile T 1.00 
16 2576 Pile T 1.00 
10 2576 PS P5 Idle "" 
10 2576 PS P5 Tr "a42" 
11 2576 P3 3_5_a42 "16" TTP C
12 2576 P5 3_5_a42 "16" TTP C
10 2576 PS P2 Exec "a42*b22" 
10 2576 PS P4 Exec "a42*b25" 
17 2592 Pile T 1.00 
16 2592 Pile T 1.00 
10 2592 PS P0 Idle "" 
10 2592 PS P0 Tr "a42" 
11 2592 P3 3_0_a42 "16" TTP C
12 2592 P0 3_0_a42 "16" TTP C
10 2592 PS P5 Exec "a42*b23" 
10 2608 PS P0 Exec "a42*b26" 
17 2624 Pile T 1.00 
16 2624 Pile T 1.00 
10 2624 PS P1 Idle "" 
10 2624 PS P1 Tr "a42" 
11 2624 P3 3_1_a42 "16" TTP C
12 2624 P1 3_1_a42 "16" TTP C
17 2640 Pile T 1.00 
16 2640 Pile T 1.00 
10 2640 PS P3 Idle "" 
10 2640 PS P3 Tr "a26" 
11 2640 P0 0_3_a26 "16" TTP C
12 2640 P3 0_3_a26 "16" TTP C
17 2640 Pile T 1.00 
16 2640 Pile T 1.00 
10 2640 PS P2 Idle "" 
10 2640 PS P2 Tr "a26" 
11 2640 P0 0_2_a26 "16" TTP C
12 2640 P2 0_2_a26 "16" TTP C
17 2640 Pile T 1.00 
16 2640 Pile T 1.00 
10 2640 PS P4 Idle "" 
10 2640 PS P4 Tr "a26" 
11 2640 P0 0_4_a26 "16" TTP C
12 2640 P4 0_4_a26 "16" TTP C
10 2640 PS P1 Exec "a42*b24" 
17 2656 Pile T 1.00 
16 2656 Pile T 1.00 
10 2656 PS P5 Idle "" 
10 2656 PS P5 Tr "a26" 
11 2656 P0 0_5_a26 "16" TTP C
12 2656 P5 0_5_a26 "16" TTP C
10 2656 PS P3 Exec "a26*b63" 
10 2656 PS P2 Exec "a26*b62" 
10 2656 PS P4 Exec "a26*b65" 
17 2672 Pile T 1.00 
16 2672 Pile T 1.00 
10 2672 PS P0 Idle "" 
10 2672 PS P0 Exec "a26*b61" 
10 2672 PS P5 Exec "a26*b66" 
17 2704 Pile T 1.00 
16 2704 Pile T 1.00 
10 2704 PS P1 Idle "" 
10 2704 PS P1 Tr "a26" 
11 2704 P0 0_1_a26 "16" TTP C
12 2704 P1 0_1_a26 "16" TTP C
17 2720 Pile T 1.00 
10 2720 PS P3 Idle "" 
10 2720 PS P3 Tr "a52" 
11 2720 P2 2_3_a52 "16" TTP C
12 2720 P3 2_3_a52 "16" TTP C
17 2720 Pile T 1.00 
10 2720 PS P2 Idle "" 
10 2720 PS P2 Exec "a52*b22" 
17 2720 Pile T 1.00 
10 2720 PS P4 Idle "" 
10 2720 PS P4 Tr "a52" 
11 2720 P2 2_4_a52 "16" TTP C
12 2720 P4 2_4_a52 "16" TTP C
10 2720 PS P1 Exec "a26*b64" 
17 2736 Pile T 1.00 
10 2736 PS P0 Idle "" 
10 2736 PS P0 Tr "a52" 
11 2736 P2 2_0_a52 "16" TTP C
12 2736 P0 2_0_a52 "16" TTP C
17 2736 Pile T 1.00 
10 2736 PS P5 Idle "" 
10 2736 PS P5 Tr "a52" 
11 2736 P2 2_5_a52 "16" TTP C
12 2736 P5 2_5_a52 "16" TTP C
10 2736 PS P3 Exec "a52*b25" 
10 2736 PS P4 Exec "a52*b21" 
10 2752 PS P0 Exec "a52*b23" 
10 2752 PS P5 Exec "a52*b24" 
17 2784 Pile T 1.00 
10 2784 PS P2 Idle "" 
10 2784 PS P2 Exec "a52*b26" 
17 2784 Pile T 1.00 
10 2784 PS P1 Idle "" 
10 2784 PS P1 Tr "a35" 
11 2784 P3 3_1_a35 "16" TTP C
12 2784 P1 3_1_a35 "16" TTP C
17 2800 Pile T 1.00 
10 2800 PS P3 Idle "" 
10 2800 PS P3 Exec "a35*b54" 
17 2800 Pile T 1.00 
10 2800 PS P4 Idle "" 
10 2800 PS P4 Tr "a35" 
11 2800 P3 3_4_a35 "16" TTP C
12 2800 P4 3_4_a35 "16" TTP C
10 2800 PS P1 Exec "a35*b52" 
17 2816 Pile T 1.00 
10 2816 PS P0 Idle "" 
10 2816 PS P0 Tr "a35" 
11 2816 P3 3_0_a35 "16" TTP C
12 2816 P0 3_0_a35 "16" TTP C
17 2816 Pile T 1.00 
10 2816 PS P5 Idle "" 
10 2816 PS P5 Tr "a35" 
11 2816 P3 3_5_a35 "16" TTP C
12 2816 P5 3_5_a35 "16" TTP C
10 2816 PS P4 Exec "a35*b51" 
10 2832 PS P0 Exec "a35*b53" 
10 2832 PS P5 Exec "a35*b56" 
17 2848 Pile T 1.00 
10 2848 PS P2 Idle "" 
10 2848 PS P2 Tr "a35" 
11 2848 P3 3_2_a35 "16" TTP C
12 2848 P2 3_2_a35 "16" TTP C
17 2864 Pile T 1.00 
16 2864 Pile T 1.00 
10 2864 PS P3 Idle "" 
10 2864 PS P3 Tr "a66" 
11 2864 P0 0_3_a66 "16" TTP C
12 2864 P3 0_3_a66 "16" TTP C
17 2864 Pile T 1.00 
16 2864 Pile T 1.00 
10 2864 PS P1 Idle "" 
10 2864 PS P1 Tr "a66" 
11 2864 P0 0_1_a66 "16" TTP C
12 2864 P1 0_1_a66 "16" TTP C
10 2864 PS P2 Exec "a35*b55" 
17 2880 Pile T 1.00 
16 2880 Pile T 1.00 
10 2880 PS P4 Idle "" 
10 2880 PS P4 Tr "a66" 
11 2880 P0 0_4_a66 "16" TTP C
12 2880 P4 0_4_a66 "16" TTP C
10 2880 PS P3 Exec "a66*b63" 
10 2880 PS P1 Exec "a66*b65" 
17 2896 Pile T 1.00 
16 2896 Pile T 1.00 
10 2896 PS P0 Idle "" 
10 2896 PS P0 Exec "a66*b61" 
17 2896 Pile T 1.00 
16 2896 Pile T 1.00 
10 2896 PS P5 Idle "" 
10 2896 PS P5 Tr "a66" 
11 2896 P0 0_5_a66 "16" TTP C
12 2896 P5 0_5_a66 "16" TTP C
10 2896 PS P4 Exec "a66*b62" 
10 2912 PS P5 Exec "a66*b66" 
17 2928 Pile T 1.00 
16 2928 Pile T 1.00 
10 2928 PS P2 Idle "" 
10 2928 PS P2 Tr "a66" 
11 2928 P0 0_2_a66 "16" TTP C
12 2928 P2 0_2_a66 "16" TTP C
17 2944 Pile T 1.00 
10 2944 PS P3 Idle "" 
10 2944 PS P3 Exec "a15*b51" 
17 2944 Pile T 1.00 
10 2944 PS P1 Idle "" 
10 2944 PS P1 Tr "a15" 
11 2944 P3 3_1_a15 "16" TTP C
12 2944 P1 3_1_a15 "16" TTP C
10 2944 PS P2 Exec "a66*b64" 
17 2960 Pile T 1.00 
10 2960 PS P0 Idle "" 
10 2960 PS P0 Tr "a15" 
11 2960 P3 3_0_a15 "16" TTP C
12 2960 P0 3_0_a15 "16" TTP C
17 2960 Pile T 1.00 
10 2960 PS P4 Idle "" 
10 2960 PS P4 Tr "a15" 
11 2960 P3 3_4_a15 "16" TTP C
12 2960 P4 3_4_a15 "16" TTP C
10 2960 PS P1 Exec "a15*b52" 
17 2976 Pile T 1.00 
10 2976 PS P5 Idle "" 
10 2976 PS P5 Tr "a15" 
11 2976 P3 3_5_a15 "16" TTP C
12 2976 P5 3_5_a15 "16" TTP C
10 2976 PS P0 Exec "a15*b56" 
10 2976 PS P4 Exec "a15*b55" 
10 2992 PS P5 Exec "a15*b54" 
17 3008 Pile T 1.00 
16 3008 Pile T 1.00 
10 3008 PS P3 Idle "" 
10 3008 PS P3 Exec "a15*b53" 
17 3008 Pile T 1.00 
10 3008 PS P2 Idle "" 
10 3008 PS P2 Tr "a54" 
11 3008 P4 4_2_a54 "16" TTP C
12 3008 P2 4_2_a54 "16" TTP C
17 3024 Pile T 1.00 
16 3024 Pile T 1.00 
10 3024 PS P1 Idle "" 
10 3024 PS P1 Tr "a54" 
11 3024 P4 4_1_a54 "16" TTP C
12 3024 P1 4_1_a54 "16" TTP C
10 3024 PS P2 Exec "a54*b44" 
17 3040 Pile T 1.00 
16 3040 Pile T 1.00 
10 3040 PS P0 Idle "" 
10 3040 PS P0 Tr "a54" 
11 3040 P4 4_0_a54 "16" TTP C
12 3040 P0 4_0_a54 "16" TTP C
17 3040 Pile T 1.00 
16 3040 Pile T 1.00 
10 3040 PS P4 Idle "" 
10 3040 PS P4 Exec "a54*b45" 
10 3040 PS P1 Exec "a54*b42" 
17 3056 Pile T 1.00 
16 3056 Pile T 1.00 
10 3056 PS P5 Idle "" 
10 3056 PS P5 Tr "a54" 
11 3056 P4 4_5_a54 "16" TTP C
12 3056 P5 4_5_a54 "16" TTP C
10 3056 PS P0 Exec "a54*b43" 
17 3072 Pile T 1.00 
16 3072 Pile T 1.00 
10 3072 PS P3 Idle "" 
10 3072 PS P3 Tr "a54" 
11 3072 P4 4_3_a54 "16" TTP C
12 3072 P3 4_3_a54 "16" TTP C
10 3072 PS P5 Exec "a54*b46" 
17 3088 Pile T 1.00 
16 3088 Pile T 1.00 
10 3088 PS P2 Idle "" 
10 3088 PS P2 Tr "a24*b43" 
11 3088 P3 3_2_a24*b43 "16" TTP C
12 3088 P2 3_2_a24*b43 "16" TTP C
10 3088 PS P3 Exec "a54*b41" 
17 3104 Pile T 1.00 
16 3104 Pile T 1.00 
10 3104 PS P4 Idle "" 
10 3104 PS P4 Tr "a25*b54" 
11 3104 P3 3_4_a25*b54 "16" TTP C
12 3104 P4 3_4_a25*b54 "16" TTP C
17 3104 Pile T 1.00 
16 3104 Pile T 1.00 
10 3104 PS P1 Idle "" 
10 3104 PS P1 Tr "a25*b56" 
11 3104 P0 0_1_a25*b56 "16" TTP C
12 3104 P1 0_1_a25*b56 "16" TTP C
10 3104 PS P2 Tr "a22*b23" 
11 3104 P5 5_2_a22*b23 "16" TTP C
12 3104 P2 5_2_a22*b23 "16" TTP C
17 3120 Pile T 1.00 
16 3120 Pile T 1.00 
10 3120 PS P0 Idle "" 
10 3120 PS P0 Tr "a25*b52" 
11 3120 P5 5_0_a25*b52 "16" TTP C
12 3120 P0 5_0_a25*b52 "16" TTP C
10 3120 PS P4 Tr "a22*b24" 
11 3120 P2 2_4_a22*b24 "16" TTP C
12 3120 P4 2_4_a22*b24 "16" TTP C
10 3120 PS P1 Tr "a24*b46" 
11 3120 P0 0_1_a24*b46 "16" TTP C
12 3120 P1 0_1_a24*b46 "16" TTP C
10 3120 PS P2 Tr "a23*b33" 
11 3120 P0 0_2_a23*b33 "16" TTP C
12 3120 P2 0_2_a23*b33 "16" TTP C
17 3136 Pile T 1.00 
16 3136 Pile T 1.00 
10 3136 PS P5 Idle "" 
10 3136 PS P5 Tr "a23*b31" 
11 3136 P2 2_5_a23*b31 "16" TTP C
12 3136 P5 2_5_a23*b31 "16" TTP C
10 3136 PS P0 Tr "a23*b32" 
11 3136 P4 4_0_a23*b32 "16" TTP C
12 3136 P0 4_0_a23*b32 "16" TTP C
10 3136 PS P4 Exec "C24" 
10 3136 PS P1 Tr "a23*b36" 
11 3136 P3 3_1_a23*b36 "16" TTP C
12 3136 P1 3_1_a23*b36 "16" TTP C
10 3136 PS P2 Exec "C23" 
17 3152 Pile T 1.00 
16 3152 Pile T 1.00 
10 3152 PS P3 Idle "" 
10 3152 PS P3 Tr "a25*b55" 
11 3152 P4 4_3_a25*b55 "16" TTP C
12 3152 P3 4_3_a25*b55 "16" TTP C
10 3152 PS P5 Tr "a21*b11" 
11 3152 P0 0_5_a21*b11 "16" TTP C
12 3152 P5 0_5_a21*b11 "16" TTP C
10 3152 PS P0 Tr "a24*b42" 
11 3152 P4 4_0_a24*b42 "16" TTP C
12 3152 P0 4_0_a24*b42 "16" TTP C
10 3152 PS P1 Tr "a21*b16" 
11 3152 P5 5_1_a21*b16 "16" TTP C
12 3152 P1 5_1_a21*b16 "16" TTP C
10 3168 PS P3 Tr "a21*b15" 
11 3168 P1 1_3_a21*b15 "16" TTP C
12 3168 P3 1_3_a21*b15 "16" TTP C
10 3168 PS P5 Tr "a25*b51" 
11 3168 P1 1_5_a25*b51 "16" TTP C
12 3168 P5 1_5_a25*b51 "16" TTP C
10 3168 PS P0 Tr "a21*b12" 
11 3168 P3 3_0_a21*b12 "16" TTP C
12 3168 P0 3_0_a21*b12 "16" TTP C
10 3168 PS P1 Exec "C26" 
10 3184 PS P3 Tr "a23*b35" 
11 3184 P0 0_3_a23*b35 "16" TTP C
12 3184 P3 0_3_a23*b35 "16" TTP C
10 3184 PS P5 Tr "a22*b21" 
11 3184 P4 4_5_a22*b21 "16" TTP C
12 3184 P5 4_5_a22*b21 "16" TTP C
10 3184 PS P0 Exec "C22" 
17 3200 Pile T 1.00 
10 3200 PS P4 Idle "" 
10 3200 PS P4 Tr "a62*b23" 
11 3200 P0 0_4_a62*b23 "16" TTP C
12 3200 P4 0_4_a62*b23 "16" TTP C
17 3200 Pile T 1.00 
10 3200 PS P2 Idle "" 
10 3200 PS P2 Tr "a64*b44" 
11 3200 P1 1_2_a64*b44 "16" TTP C
12 3200 P2 1_2_a64*b44 "16" TTP C
10 3200 PS P3 Exec "C25" 
10 3200 PS P5 Tr "a24*b41" 
11 3200 P2 2_5_a24*b41 "16" TTP C
12 3200 P5 2_5_a24*b41 "16" TTP C
10 3216 PS P4 Tr "a61*b13" 
11 3216 P2 2_4_a61*b13 "16" TTP C
12 3216 P4 2_4_a61*b13 "16" TTP C
10 3216 PS P2 Tr "a65*b54" 
11 3216 P5 5_2_a65*b54 "16" TTP C
12 3216 P2 5_2_a65*b54 "16" TTP C
10 3216 PS P5 Exec "C21" 
17 3232 Pile T 1.00 
10 3232 PS P1 Idle "" 
10 3232 PS P1 Tr "a63*b36" 
11 3232 P3 3_1_a63*b36 "16" TTP C
12 3232 P1 3_1_a63*b36 "16" TTP C
10 3232 PS P4 Tr "a63*b33" 
11 3232 P2 2_4_a63*b33 "16" TTP C
12 3232 P4 2_4_a63*b33 "16" TTP C
10 3232 PS P2 Tr "a63*b34" 
11 3232 P4 4_2_a63*b34 "16" TTP C
12 3232 P2 4_2_a63*b34 "16" TTP C
17 3248 Pile T 1.00 
10 3248 PS P0 Idle "" 
10 3248 PS P0 Tr "a63*b35" 
11 3248 P5 5_0_a63*b35 "16" TTP C
12 3248 P0 5_0_a63*b35 "16" TTP C
10 3248 PS P1 Tr "a64*b46" 
11 3248 P0 0_1_a64*b46 "16" TTP C
12 3248 P1 0_1_a64*b46 "16" TTP C
10 3248 PS P4 Tr "a65*b53" 
11 3248 P1 1_4_a65*b53 "16" TTP C
12 3248 P4 1_4_a65*b53 "16" TTP C
10 3248 PS P2 Tr "a61*b14" 
11 3248 P4 4_2_a61*b14 "16" TTP C
12 3248 P2 4_2_a61*b14 "16" TTP C
17 3264 Pile T 1.00 
10 3264 PS P3 Idle "" 
10 3264 PS P3 Tr "a63*b31" 
11 3264 P0 0_3_a63*b31 "16" TTP C
12 3264 P3 0_3_a63*b31 "16" TTP C
10 3264 PS P0 Tr "a65*b55" 
11 3264 P4 4_0_a65*b55 "16" TTP C
12 3264 P0 4_0_a65*b55 "16" TTP C
10 3264 PS P1 Tr "a65*b56" 
11 3264 P3 3_1_a65*b56 "16" TTP C
12 3264 P1 3_1_a65*b56 "16" TTP C
10 3264 PS P4 Exec "C63" 
10 3264 PS P2 Tr "a62*b24" 
11 3264 P4 4_2_a62*b24 "16" TTP C
12 3264 P2 4_2_a62*b24 "16" TTP C
17 3280 Pile T 1.00 
10 3280 PS P5 Idle "" 
10 3280 PS P5 Tr "a61*b12" 
11 3280 P2 2_5_a61*b12 "16" TTP C
12 3280 P5 2_5_a61*b12 "16" TTP C
10 3280 PS P3 Tr "a65*b51" 
11 3280 P2 2_3_a65*b51 "16" TTP C
12 3280 P3 2_3_a65*b51 "16" TTP C
10 3280 PS P0 Tr "a62*b25" 
11 3280 P2 2_0_a62*b25 "16" TTP C
12 3280 P0 2_0_a62*b25 "16" TTP C
10 3280 PS P1 Tr "a62*b26" 
11 3280 P2 2_1_a62*b26 "16" TTP C
12 3280 P1 2_1_a62*b26 "16" TTP C
10 3280 PS P2 Exec "C64" 
10 3296 PS P5 Tr "a62*b22" 
11 3296 P3 3_5_a62*b22 "16" TTP C
12 3296 P5 3_5_a62*b22 "16" TTP C
10 3296 PS P3 Tr "a64*b41" 
11 3296 P2 2_3_a64*b41 "16" TTP C
12 3296 P3 2_3_a64*b41 "16" TTP C
10 3296 PS P0 Tr "a64*b45" 
11 3296 P3 3_0_a64*b45 "16" TTP C
12 3296 P0 3_0_a64*b45 "16" TTP C
10 3296 PS P1 Tr "a61*b16" 
11 3296 P0 0_1_a61*b16 "16" TTP C
12 3296 P1 0_1_a61*b16 "16" TTP C
10 3312 PS P5 Tr "a63*b32" 
11 3312 P1 1_5_a63*b32 "16" TTP C
12 3312 P5 1_5_a63*b32 "16" TTP C
10 3312 PS P3 Tr "a62*b21" 
11 3312 P0 0_3_a62*b21 "16" TTP C
12 3312 P3 0_3_a62*b21 "16" TTP C
10 3312 PS P0 Tr "a61*b15" 
11 3312 P4 4_0_a61*b15 "16" TTP C
12 3312 P0 4_0_a61*b15 "16" TTP C
10 3312 PS P1 Exec "C66" 
17 3328 Pile T 1.00 
10 3328 PS P4 Idle "" 
10 3328 PS P4 Tr "a44*b41" 
11 3328 P0 0_4_a44*b41 "16" TTP C
12 3328 P4 0_4_a44*b41 "16" TTP C
10 3328 PS P5 Tr "a65*b52" 
11 3328 P0 0_5_a65*b52 "16" TTP C
12 3328 P5 0_5_a65*b52 "16" TTP C
10 3328 PS P3 Exec "C61" 
10 3328 PS P0 Exec "C65" 
17 3344 Pile T 1.00 
10 3344 PS P2 Idle "" 
10 3344 PS P2 Tr "a44*b42" 
11 3344 P4 4_2_a44*b42 "16" TTP C
12 3344 P2 4_2_a44*b42 "16" TTP C
10 3344 PS P4 Tr "a41*b11" 
11 3344 P3 3_4_a41*b11 "16" TTP C
12 3344 P4 3_4_a41*b11 "16" TTP C
10 3344 PS P5 Exec "C62" 
10 3360 PS P2 Tr "a43*b32" 
11 3360 P3 3_2_a43*b32 "16" TTP C
12 3360 P2 3_2_a43*b32 "16" TTP C
10 3360 PS P4 Tr "a45*b51" 
11 3360 P3 3_4_a45*b51 "16" TTP C
12 3360 P4 3_4_a45*b51 "16" TTP C
17 3376 Pile T 1.00 
10 3376 PS P1 Idle "" 
10 3376 PS P1 Tr "a41*b15" 
11 3376 P4 4_1_a41*b15 "16" TTP C
12 3376 P1 4_1_a41*b15 "16" TTP C
10 3376 PS P2 Tr "a45*b52" 
11 3376 P4 4_2_a45*b52 "16" TTP C
12 3376 P2 4_2_a45*b52 "16" TTP C
10 3376 PS P4 Tr "a42*b21" 
11 3376 P3 3_4_a42*b21 "16" TTP C
12 3376 P4 3_4_a42*b21 "16" TTP C
17 3392 Pile T 1.00 
10 3392 PS P3 Idle "" 
10 3392 PS P3 Tr "a43*b33" 
11 3392 P0 0_3_a43*b33 "16" TTP C
12 3392 P3 0_3_a43*b33 "16" TTP C
17 3392 Pile T 1.00 
10 3392 PS P0 Idle "" 
10 3392 PS P0 Tr "a43*b36" 
11 3392 P1 1_0_a43*b36 "16" TTP C
12 3392 P0 1_0_a43*b36 "16" TTP C
10 3392 PS P1 Tr "a45*b55" 
11 3392 P3 3_1_a45*b55 "16" TTP C
12 3392 P1 3_1_a45*b55 "16" TTP C
10 3392 PS P2 Tr "a41*b12" 
11 3392 P3 3_2_a41*b12 "16" TTP C
12 3392 P2 3_2_a41*b12 "16" TTP C
10 3392 PS P4 Exec "C41" 
17 3408 Pile T 1.00 
10 3408 PS P5 Idle "" 
10 3408 PS P5 Tr "a42*b24" 
11 3408 P1 1_5_a42*b24 "16" TTP C
12 3408 P5 1_5_a42*b24 "16" TTP C
10 3408 PS P3 Tr "a42*b23" 
11 3408 P5 5_3_a42*b23 "16" TTP C
12 3408 P3 5_3_a42*b23 "16" TTP C
10 3408 PS P0 Tr "a45*b56" 
11 3408 P2 2_0_a45*b56 "16" TTP C
12 3408 P0 2_0_a45*b56 "16" TTP C
10 3408 PS P1 Tr "a43*b35" 
11 3408 P5 5_1_a43*b35 "16" TTP C
12 3408 P1 5_1_a43*b35 "16" TTP C
10 3408 PS P2 Exec "C42" 
10 3424 PS P5 Tr "a45*b54" 
11 3424 P0 0_5_a45*b54 "16" TTP C
12 3424 P5 0_5_a45*b54 "16" TTP C
10 3424 PS P3 Tr "a41*b13" 
11 3424 P0 0_3_a41*b13 "16" TTP C
12 3424 P3 0_3_a41*b13 "16" TTP C
10 3424 PS P0 Tr "a44*b46" 
11 3424 P5 5_0_a44*b46 "16" TTP C
12 3424 P0 5_0_a44*b46 "16" TTP C
10 3424 PS P1 Tr "a42*b25" 
11 3424 P4 4_1_a42*b25 "16" TTP C
12 3424 P1 4_1_a42*b25 "16" TTP C
10 3440 PS P5 Tr "a44*b44" 
11 3440 P2 2_5_a44*b44 "16" TTP C
12 3440 P5 2_5_a44*b44 "16" TTP C
10 3440 PS P3 Tr "a45*b53" 
11 3440 P2 2_3_a45*b53 "16" TTP C
12 3440 P3 2_3_a45*b53 "16" TTP C
10 3440 PS P0 Exec "C46" 
10 3440 PS P1 Exec "C45" 
17 3456 Pile T 1.00 
10 3456 PS P4 Idle "" 
10 3456 PS P4 Tr "a31*b14" 
11 3456 P1 1_4_a31*b14 "16" TTP C
12 3456 P4 1_4_a31*b14 "16" TTP C
10 3456 PS P5 Tr "a43*b34" 
11 3456 P2 2_5_a43*b34 "16" TTP C
12 3456 P5 2_5_a43*b34 "16" TTP C
10 3456 PS P3 Exec "C43" 
17 3472 Pile T 1.00 
10 3472 PS P2 Idle "" 
10 3472 PS P2 Tr "a33*b32" 
11 3472 P3 3_2_a33*b32 "16" TTP C
12 3472 P2 3_2_a33*b32 "16" TTP C
10 3472 PS P4 Tr "a33*b34" 
11 3472 P1 1_4_a33*b34 "16" TTP C
12 3472 P4 1_4_a33*b34 "16" TTP C
10 3472 PS P5 Tr "a41*b14" 
11 3472 P2 2_5_a41*b14 "16" TTP C
12 3472 P5 2_5_a41*b14 "16" TTP C
10 3488 PS P2 Tr "a31*b12" 
11 3488 P4 4_2_a31*b12 "16" TTP C
12 3488 P2 4_2_a31*b12 "16" TTP C
10 3488 PS P4 Tr "a35*b54" 
11 3488 P3 3_4_a35*b54 "16" TTP C
12 3488 P4 3_4_a35*b54 "16" TTP C
10 3488 PS P5 Exec "C44" 
17 3504 Pile T 1.00 
10 3504 PS P0 Idle "" 
10 3504 PS P0 Tr "a31*b11" 
11 3504 P5 5_0_a31*b11 "16" TTP C
12 3504 P0 5_0_a31*b11 "16" TTP C
17 3504 Pile T 1.00 
10 3504 PS P1 Idle "" 
10 3504 PS P1 Tr "a34*b43" 
11 3504 P2 2_1_a34*b43 "16" TTP C
12 3504 P1 2_1_a34*b43 "16" TTP C
10 3504 PS P2 Tr "a34*b42" 
11 3504 P1 1_2_a34*b42 "16" TTP C
12 3504 P2 1_2_a34*b42 "16" TTP C
10 3504 PS P4 Tr "a32*b24" 
11 3504 P3 3_4_a32*b24 "16" TTP C
12 3504 P4 3_4_a32*b24 "16" TTP C
17 3520 Pile T 1.00 
10 3520 PS P3 Idle "" 
10 3520 PS P3 Tr "a33*b36" 
11 3520 P4 4_3_a33*b36 "16" TTP C
12 3520 P3 4_3_a33*b36 "16" TTP C
10 3520 PS P0 Tr "a35*b51" 
11 3520 P4 4_0_a35*b51 "16" TTP C
12 3520 P0 4_0_a35*b51 "16" TTP C
10 3520 PS P1 Tr "a35*b53" 
11 3520 P0 0_1_a35*b53 "16" TTP C
12 3520 P1 0_1_a35*b53 "16" TTP C
10 3520 PS P2 Tr "a32*b22" 
11 3520 P0 0_2_a32*b22 "16" TTP C
12 3520 P2 0_2_a32*b22 "16" TTP C
10 3520 PS P4 Tr "a34*b44" 
11 3520 P5 5_4_a34*b44 "16" TTP C
12 3520 P4 5_4_a34*b44 "16" TTP C
10 3536 PS P3 Tr "a35*b56" 
11 3536 P5 5_3_a35*b56 "16" TTP C
12 3536 P3 5_3_a35*b56 "16" TTP C
10 3536 PS P0 Tr "a34*b41" 
11 3536 P4 4_0_a34*b41 "16" TTP C
12 3536 P0 4_0_a34*b41 "16" TTP C
10 3536 PS P1 Tr "a31*b13" 
11 3536 P3 3_1_a31*b13 "16" TTP C
12 3536 P1 3_1_a31*b13 "16" TTP C
10 3536 PS P2 Tr "a35*b52" 
11 3536 P1 1_2_a35*b52 "16" TTP C
12 3536 P2 1_2_a35*b52 "16" TTP C
10 3536 PS P4 Exec "C34" 
17 3552 Pile T 1.00 
10 3552 PS P5 Idle "" 
10 3552 PS P5 Tr "a32*b25" 
11 3552 P4 4_5_a32*b25 "16" TTP C
12 3552 P5 4_5_a32*b25 "16" TTP C
10 3552 PS P3 Tr "a34*b46" 
11 3552 P0 0_3_a34*b46 "16" TTP C
12 3552 P3 0_3_a34*b46 "16" TTP C
10 3552 PS P0 Tr "a32*b21" 
11 3552 P1 1_0_a32*b21 "16" TTP C
12 3552 P0 1_0_a32*b21 "16" TTP C
10 3552 PS P1 Tr "a32*b23" 
11 3552 P2 2_1_a32*b23 "16" TTP C
12 3552 P1 2_1_a32*b23 "16" TTP C
10 3552 PS P2 Exec "C32" 
10 3568 PS P5 Tr "a35*b55" 
11 3568 P2 2_5_a35*b55 "16" TTP C
12 3568 P5 2_5_a35*b55 "16" TTP C
10 3568 PS P3 Tr "a32*b26" 
11 3568 P5 5_3_a32*b26 "16" TTP C
12 3568 P3 5_3_a32*b26 "16" TTP C
10 3568 PS P0 Exec "C31" 
10 3568 PS P1 Tr "a33*b33" 
11 3568 P2 2_1_a33*b33 "16" TTP C
12 3568 P1 2_1_a33*b33 "16" TTP C
10 3584 PS P5 Tr "a31*b15" 
11 3584 P0 0_5_a31*b15 "16" TTP C
12 3584 P5 0_5_a31*b15 "16" TTP C
10 3584 PS P3 Tr "a31*b16" 
11 3584 P2 2_3_a31*b16 "16" TTP C
12 3584 P3 2_3_a31*b16 "16" TTP C
10 3584 PS P1 Exec "C33" 
17 3600 Pile T 1.00 
10 3600 PS P4 Idle "" 
10 3600 PS P4 Tr "a13*b31" 
11 3600 P0 0_4_a13*b31 "16" TTP C
12 3600 P4 0_4_a13*b31 "16" TTP C
10 3600 PS P5 Tr "a34*b45" 
11 3600 P3 3_5_a34*b45 "16" TTP C
12 3600 P5 3_5_a34*b45 "16" TTP C
10 3600 PS P3 Exec "C36" 
17 3616 Pile T 1.00 
10 3616 PS P2 Idle "" 
10 3616 PS P2 Tr "a13*b32" 
11 3616 P3 3_2_a13*b32 "16" TTP C
12 3616 P2 3_2_a13*b32 "16" TTP C
10 3616 PS P4 Tr "a15*b51" 
11 3616 P3 3_4_a15*b51 "16" TTP C
12 3616 P4 3_4_a15*b51 "16" TTP C
10 3616 PS P5 Exec "C35" 
17 3632 Pile T 1.00 
10 3632 PS P0 Idle "" 
10 3632 PS P0 Tr "a12*b26" 
11 3632 P3 3_0_a12*b26 "16" TTP C
12 3632 P0 3_0_a12*b26 "16" TTP C
10 3632 PS P2 Tr "a15*b52" 
11 3632 P1 1_2_a15*b52 "16" TTP C
12 3632 P2 1_2_a15*b52 "16" TTP C
10 3632 PS P4 Tr "a14*b41" 
11 3632 P2 2_4_a14*b41 "16" TTP C
12 3632 P4 2_4_a14*b41 "16" TTP C
17 3648 Pile T 1.00 
10 3648 PS P1 Idle "" 
10 3648 PS P1 Tr "a11*b15" 
11 3648 P0 0_1_a11*b15 "16" TTP C
12 3648 P1 0_1_a11*b15 "16" TTP C
10 3648 PS P0 Tr "a13*b36" 
11 3648 P2 2_0_a13*b36 "16" TTP C
12 3648 P0 2_0_a13*b36 "16" TTP C
10 3648 PS P2 Tr "a14*b42" 
11 3648 P1 1_2_a14*b42 "16" TTP C
12 3648 P2 1_2_a14*b42 "16" TTP C
10 3648 PS P4 Exec "C11" 
17 3664 Pile T 1.00 
10 3664 PS P3 Idle "" 
10 3664 PS P3 Tr "a13*b34" 
11 3664 P2 2_3_a13*b34 "16" TTP C
12 3664 P3 2_3_a13*b34 "16" TTP C
10 3664 PS P1 Tr "a14*b45" 
11 3664 P5 5_1_a14*b45 "16" TTP C
12 3664 P1 5_1_a14*b45 "16" TTP C
10 3664 PS P0 Exec "C16" 
10 3664 PS P2 Tr "a11*b12" 
11 3664 P3 3_2_a11*b12 "16" TTP C
12 3664 P2 3_2_a11*b12 "16" TTP C
17 3680 Pile T 1.00 
10 3680 PS P5 Idle "" 
10 3680 PS P5 Tr "a12*b23" 
11 3680 P0 0_5_a12*b23 "16" TTP C
12 3680 P5 0_5_a12*b23 "16" TTP C
10 3680 PS P3 Tr "a15*b54" 
11 3680 P5 5_3_a15*b54 "16" TTP C
12 3680 P3 5_3_a15*b54 "16" TTP C
10 3680 PS P1 Tr "a15*b55" 
11 3680 P4 4_1_a15*b55 "16" TTP C
12 3680 P1 4_1_a15*b55 "16" TTP C
10 3680 PS P2 Tr "a12*b22" 
11 3680 P1 1_2_a12*b22 "16" TTP C
12 3680 P2 1_2_a12*b22 "16" TTP C
10 3696 PS P5 Tr "a15*b53" 
11 3696 P3 3_5_a15*b53 "16" TTP C
12 3696 P5 3_5_a15*b53 "16" TTP C
10 3696 PS P3 Tr "a12*b24" 
11 3696 P0 0_3_a12*b24 "16" TTP C
12 3696 P3 0_3_a12*b24 "16" TTP C
10 3696 PS P1 Tr "a13*b35" 
11 3696 P4 4_1_a13*b35 "16" TTP C
12 3696 P1 4_1_a13*b35 "16" TTP C
10 3696 PS P2 Exec "C12" 
17 3712 Pile T 1.00 
10 3712 PS P4 Idle "" 
10 3712 PS P4 Tr "a55*b54" 
11 3712 P3 3_4_a55*b54 "16" TTP C
12 3712 P4 3_4_a55*b54 "16" TTP C
10 3712 PS P5 Tr "a11*b13" 
11 3712 P4 4_5_a11*b13 "16" TTP C
12 3712 P5 4_5_a11*b13 "16" TTP C
10 3712 PS P3 Tr "a11*b14" 
11 3712 P2 2_3_a11*b14 "16" TTP C
12 3712 P3 2_3_a11*b14 "16" TTP C
10 3712 PS P1 Tr "a12*b25" 
11 3712 P2 2_1_a12*b25 "16" TTP C
12 3712 P1 2_1_a12*b25 "16" TTP C
17 3728 Pile T 1.00 
10 3728 PS P0 Idle "" 
10 3728 PS P0 Tr "a54*b45" 
11 3728 P4 4_0_a54*b45 "16" TTP C
12 3728 P0 4_0_a54*b45 "16" TTP C
10 3728 PS P4 Tr "a52*b24" 
11 3728 P5 5_4_a52*b24 "16" TTP C
12 3728 P4 5_4_a52*b24 "16" TTP C
10 3728 PS P5 Tr "a14*b43" 
11 3728 P4 4_5_a14*b43 "16" TTP C
12 3728 P5 4_5_a14*b43 "16" TTP C
10 3728 PS P3 Exec "C14" 
10 3728 PS P1 Exec "C15" 
10 3744 PS P0 Tr "a52*b25" 
11 3744 P3 3_0_a52*b25 "16" TTP C
12 3744 P0 3_0_a52*b25 "16" TTP C
10 3744 PS P4 Tr "a53*b34" 
11 3744 P0 0_4_a53*b34 "16" TTP C
12 3744 P4 0_4_a53*b34 "16" TTP C
10 3744 PS P5 Tr "a13*b33" 
11 3744 P3 3_5_a13*b33 "16" TTP C
12 3744 P5 3_5_a13*b33 "16" TTP C
17 3760 Pile T 1.00 
10 3760 PS P2 Idle "" 
10 3760 PS P2 Tr "a54*b42" 
11 3760 P1 1_2_a54*b42 "16" TTP C
12 3760 P2 1_2_a54*b42 "16" TTP C
10 3760 PS P0 Tr "a53*b35" 
11 3760 P4 4_0_a53*b35 "16" TTP C
12 3760 P0 4_0_a53*b35 "16" TTP C
10 3760 PS P4 Tr "a54*b44" 
11 3760 P2 2_4_a54*b44 "16" TTP C
12 3760 P4 2_4_a54*b44 "16" TTP C
10 3760 PS P5 Exec "C13" 
10 3776 PS P2 Tr "a51*b12" 
11 3776 P1 1_2_a51*b12 "16" TTP C
12 3776 P2 1_2_a51*b12 "16" TTP C
10 3776 PS P0 Tr "a55*b55" 
11 3776 P5 5_0_a55*b55 "16" TTP C
12 3776 P0 5_0_a55*b55 "16" TTP C
10 3776 PS P4 Tr "a51*b14" 
11 3776 P2 2_4_a51*b14 "16" TTP C
12 3776 P4 2_4_a51*b14 "16" TTP C
17 3792 Pile T 1.00 
10 3792 PS P3 Idle "" 
10 3792 PS P3 Tr "a55*b53" 
11 3792 P4 4_3_a55*b53 "16" TTP C
12 3792 P3 4_3_a55*b53 "16" TTP C
17 3792 Pile T 1.00 
10 3792 PS P1 Idle "" 
10 3792 PS P1 Tr "a55*b56" 
11 3792 P2 2_1_a55*b56 "16" TTP C
12 3792 P1 2_1_a55*b56 "16" TTP C
10 3792 PS P2 Tr "a53*b32" 
11 3792 P4 4_2_a53*b32 "16" TTP C
12 3792 P2 4_2_a53*b32 "16" TTP C
10 3792 PS P0 Exec "C55" 
10 3792 PS P4 Exec "C54" 
10 3808 PS P3 Tr "a54*b43" 
11 3808 P0 0_3_a54*b43 "16" TTP C
12 3808 P3 0_3_a54*b43 "16" TTP C
10 3808 PS P1 Tr "a51*b16" 
11 3808 P4 4_1_a51*b16 "16" TTP C
12 3808 P1 4_1_a51*b16 "16" TTP C
10 3808 PS P2 Tr "a55*b52" 
11 3808 P1 1_2_a55*b52 "16" TTP C
12 3808 P2 1_2_a55*b52 "16" TTP C
17 3824 Pile T 1.00 
10 3824 PS P5 Idle "" 
10 3824 PS P5 Tr "a55*b51" 
11 3824 P0 0_5_a55*b51 "16" TTP C
12 3824 P5 0_5_a55*b51 "16" TTP C
10 3824 PS P3 Tr "a52*b23" 
11 3824 P0 0_3_a52*b23 "16" TTP C
12 3824 P3 0_3_a52*b23 "16" TTP C
10 3824 PS P1 Tr "a52*b26" 
11 3824 P2 2_1_a52*b26 "16" TTP C
12 3824 P1 2_1_a52*b26 "16" TTP C
10 3824 PS P2 Exec "C52" 
10 3840 PS P5 Tr "a53*b31" 
11 3840 P3 3_5_a53*b31 "16" TTP C
12 3840 P5 3_5_a53*b31 "16" TTP C
10 3840 PS P3 Tr "a53*b33" 
11 3840 P2 2_3_a53*b33 "16" TTP C
12 3840 P3 2_3_a53*b33 "16" TTP C
10 3840 PS P1 Tr "a53*b36" 
11 3840 P3 3_1_a53*b36 "16" TTP C
12 3840 P1 3_1_a53*b36 "16" TTP C
17 3856 Pile T 1.00 
10 3856 PS P0 Idle "" 
17 3856 Pile T 1.00 
10 3856 PS P4 Idle "" 
10 3856 PS P5 Tr "a54*b41" 
11 3856 P3 3_5_a54*b41 "16" TTP C
12 3856 P5 3_5_a54*b41 "16" TTP C
10 3856 PS P3 Exec "C53" 
10 3856 PS P1 Tr "a54*b46" 
11 3856 P5 5_1_a54*b46 "16" TTP C
12 3856 P1 5_1_a54*b46 "16" TTP C
10 3872 PS P5 Tr "a52*b21" 
11 3872 P4 4_5_a52*b21 "16" TTP C
12 3872 P5 4_5_a52*b21 "16" TTP C
10 3872 PS P1 Exec "C56" 
17 3888 Pile T 1.00 
10 3888 PS P2 Idle "" 
10 3888 PS P5 Exec "C51" 
17 3920 Pile T 1.00 
10 3920 PS P3 Idle "" 
17 3936 Pile T 1.00 
10 3936 PS P1 Idle "" 
17 3952 Pile T 1.00 
16 3952 Pile T 1.00 
10 3952 PS P5 Idle "" 
10 3952 PS P5 Tr "C23" 
11 3952 P2 2_5_C23 "16" TTP C
12 3952 P5 2_5_C23 "16" TTP C
10 3968 PS P5 Tr "C65" 
11 3968 P0 0_5_C65 "16" TTP C
12 3968 P5 0_5_C65 "16" TTP C
10 3984 PS P5 Tr "C53" 
11 3984 P3 3_5_C53 "16" TTP C
12 3984 P5 3_5_C53 "16" TTP C
10 4000 PS P5 Tr "C56" 
11 4000 P1 1_5_C56 "16" TTP C
12 4000 P5 1_5_C56 "16" TTP C
10 4016 PS P5 Tr "C41" 
11 4016 P4 4_5_C41 "16" TTP C
12 4016 P5 4_5_C41 "16" TTP C
10 4032 PS P5 Tr "C55" 
11 4032 P0 0_5_C55 "16" TTP C
12 4032 P5 0_5_C55 "16" TTP C
10 4048 PS P5 Tr "C43" 
11 4048 P3 3_5_C43 "16" TTP C
12 4048 P5 3_5_C43 "16" TTP C
10 4064 PS P5 Tr "C25" 
11 4064 P3 3_5_C25 "16" TTP C
12 4064 P5 3_5_C25 "16" TTP C
10 4080 PS P5 Tr "C11" 
11 4080 P4 4_5_C11 "16" TTP C
12 4080 P5 4_5_C11 "16" TTP C
10 4096 PS P5 Tr "C36" 
11 4096 P3 3_5_C36 "16" TTP C
12 4096 P5 3_5_C36 "16" TTP C
10 4112 PS P5 Tr "C33" 
11 4112 P1 1_5_C33 "16" TTP C
12 4112 P5 1_5_C33 "16" TTP C
10 4128 PS P5 Tr "C22" 
11 4128 P0 0_5_C22 "16" TTP C
12 4128 P5 0_5_C22 "16" TTP C
10 4144 PS P5 Tr "C31" 
11 4144 P0 0_5_C31 "16" TTP C
12 4144 P5 0_5_C31 "16" TTP C
10 4160 PS P5 Tr "C32" 
11 4160 P2 2_5_C32 "16" TTP C
12 4160 P5 2_5_C32 "16" TTP C
10 4176 PS P5 Tr "C14" 
11 4176 P3 3_5_C14 "16" TTP C
12 4176 P5 3_5_C14 "16" TTP C
10 4192 PS P5 Tr "C24" 
11 4192 P4 4_5_C24 "16" TTP C
12 4192 P5 4_5_C24 "16" TTP C
10 4208 PS P5 Tr "C45" 
11 4208 P1 1_5_C45 "16" TTP C
12 4208 P5 1_5_C45 "16" TTP C
10 4224 PS P5 Tr "C26" 
11 4224 P1 1_5_C26 "16" TTP C
12 4224 P5 1_5_C26 "16" TTP C
10 4240 PS P5 Tr "C52" 
11 4240 P2 2_5_C52 "16" TTP C
12 4240 P5 2_5_C52 "16" TTP C
10 4256 PS P5 Tr "C46" 
11 4256 P0 0_5_C46 "16" TTP C
12 4256 P5 0_5_C46 "16" TTP C
10 4272 PS P5 Tr "C15" 
11 4272 P1 1_5_C15 "16" TTP C
12 4272 P5 1_5_C15 "16" TTP C
10 4288 PS P5 Tr "C42" 
11 4288 P2 2_5_C42 "16" TTP C
12 4288 P5 2_5_C42 "16" TTP C
10 4304 PS P5 Tr "C16" 
11 4304 P0 0_5_C16 "16" TTP C
12 4304 P5 0_5_C16 "16" TTP C
10 4320 PS P5 Tr "C34" 
11 4320 P4 4_5_C34 "16" TTP C
12 4320 P5 4_5_C34 "16" TTP C
10 4336 PS P5 Tr "C12" 
11 4336 P2 2_5_C12 "16" TTP C
12 4336 P5 2_5_C12 "16" TTP C
10 4352 PS P5 Tr "C61" 
11 4352 P3 3_5_C61 "16" TTP C
12 4352 P5 3_5_C61 "16" TTP C
10 4368 PS P5 Tr "C54" 
11 4368 P4 4_5_C54 "16" TTP C
12 4368 P5 4_5_C54 "16" TTP C
10 4384 PS P5 Tr "C64" 
11 4384 P2 2_5_C64 "16" TTP C
12 4384 P5 2_5_C64 "16" TTP C
10 4400 PS P5 Tr "C63" 
11 4400 P4 4_5_C63 "16" TTP C
12 4400 P5 4_5_C63 "16" TTP C
10 4416 PS P5 Exec "Fusion" 
17 5568 Pile T 1.00 
10 5568 PS P5 Idle "" 
8 5568 Pile PL
8 5568 P5 Pr
8 5568 P1 Pr
8 5568 P3 Pr
8 5568 P2 Pr
8 5568 P4 Pr
8 5568 P0 Pr
8 5568 TTP P
