%EventDef PajeDefineContainerType 1
% Alias string
% ContainerType string
% Name string
%EndEventDef
%EventDef PajeDefineStateType 3
% Alias string
% ContainerType string
% Name string
%EndEventDef
%EventDef PajeDefineLinkType 4
% Name string
% ContainerType string
% SourceContainerType string
% DestContainerType string
% Alias string
%EndEventDef
%EventDef PajeDefineEntityValue 6
% Alias string
% EntityType string
% Name string
% Color color
%EndEventDef
%EventDef PajeCreateContainer 7
% Time date
% Alias string
% Type string
% Container string
% Name string
%EndEventDef
%EventDef PajeDestroyContainer 8
% Time date
% Name string
% Type string
%EndEventDef
%EventDef PajeSetState 10
% Time date
% Type string
% Container string
% Value string
% file string
%EndEventDef
%EventDef PajeStartLink 11
% Time date
% SourceContainer string
% Key string
% Value string
% Container string
% Type string
%EndEventDef
%EventDef PajeEndLink 12
% Time date
% DestContainer string
% Key string
% Value string
% Container string
% Type string
%EndEventDef
%EventDef PajePushState	13
% Time	date
% EntityType	string
% Container	string
% Value	string
%EndEventDef
%EventDef PajeDefineVariableType 14
% Type string
% Name string
% Color color
% Alias string
%EndEventDef
%EventDef PajeSetVariable 15
% Time date
% Container string
% Type string
% Value double
%EndEventDef
%EventDef PajeAddVariable 16
% Time date
% Container string
% Type string
% Value double
%EndEventDef
%EventDef PajeSubVariable 17
% Time date
% Container string
% Type string
% Value double
%EndEventDef
1 P 0 Program
1 Pr P Processors
1 PL P Tasks
3 PS Pr "Processor State"
3 PF Pr "Ready File"
6 Exec PS Executing "2 .0 .1"
6 Idle PS Idle "8 .3 .0"
6 TR PS Transfer "0 .3 .8"
14 PL "Task" "1 .5 .5" T
7 0 TTP P 0 "Plate-forme"
4 "Communication" P Pr Pr C
7 0 Pile PL TTP "Pile 1"
7 0 P0 Pr TTP "P 0" 
10 0 PS P0 Idle "" 
7 0 P1 Pr TTP "P 1" 
10 0 PS P1 Idle "" 
7 0 P2 Pr TTP "P 2" 
10 0 PS P2 Idle "" 
7 0 P3 Pr TTP "P 3" 
10 0 PS P3 Idle "" 
7 0 P4 Pr TTP "P 4" 
10 0 PS P4 Idle "" 
7 0 P5 Pr TTP "P 5" 
10 0 PS P5 Idle "" 
7 0 P6 Pr TTP "P 6" 
10 0 PS P6 Idle "" 
7 0 P7 Pr TTP "P 7" 
10 0 PS P7 Idle "" 
7 0 P8 Pr TTP "P 8" 
10 0 PS P8 Idle "" 
7 0 P9 Pr TTP "P 9" 
10 0 PS P9 Idle "" 
10 0 PS P0 Exec "split-b" 
10 0 PS P1 Exec "split-a" 
17 1152 Pile T 1.00 
16 1152 Pile T 1.00 
16 1152 Pile T 1.00 
16 1152 Pile T 1.00 
16 1152 Pile T 1.00 
16 1152 Pile T 1.00 
16 1152 Pile T 1.00 
16 1152 Pile T 1.00 
16 1152 Pile T 1.00 
16 1152 Pile T 1.00 
10 1152 PS P0 Idle "" 
10 1152 PS P0 Exec "b32" 
10 1152 PS P2 Tr "split-b" 
11 1152 P0 0_2_split-b "576" TTP C
12 1152 P2 0_2_split-b "576" TTP C
10 1152 PS P3 Tr "split-b" 
11 1152 P0 0_3_split-b "576" TTP C
12 1152 P3 0_3_split-b "576" TTP C
10 1152 PS P4 Tr "split-b" 
11 1152 P0 0_4_split-b "576" TTP C
12 1152 P4 0_4_split-b "576" TTP C
10 1152 PS P5 Tr "split-b" 
11 1152 P0 0_5_split-b "576" TTP C
12 1152 P5 0_5_split-b "576" TTP C
10 1152 PS P6 Tr "split-b" 
11 1152 P0 0_6_split-b "576" TTP C
12 1152 P6 0_6_split-b "576" TTP C
10 1152 PS P7 Tr "split-b" 
11 1152 P0 0_7_split-b "576" TTP C
12 1152 P7 0_7_split-b "576" TTP C
10 1152 PS P8 Tr "split-b" 
11 1152 P0 0_8_split-b "576" TTP C
12 1152 P8 0_8_split-b "576" TTP C
10 1152 PS P9 Tr "split-b" 
11 1152 P0 0_9_split-b "576" TTP C
12 1152 P9 0_9_split-b "576" TTP C
17 1152 Pile T 1.00 
16 1152 Pile T 1.00 
16 1152 Pile T 1.00 
16 1152 Pile T 1.00 
16 1152 Pile T 1.00 
16 1152 Pile T 1.00 
16 1152 Pile T 1.00 
16 1152 Pile T 1.00 
16 1152 Pile T 1.00 
16 1152 Pile T 1.00 
10 1152 PS P1 Idle "" 
10 1152 PS P1 Exec "a33" 
17 1152 Pile T 1.00 
10 1152 PS P0 Idle "" 
10 1152 PS P0 Tr "split-a" 
11 1152 P1 1_0_split-a "576" TTP C
12 1152 P0 1_0_split-a "576" TTP C
17 1152 Pile T 1.00 
16 1152 Pile T 1.00 
10 1152 PS P1 Idle "" 
10 1152 PS P1 Exec "a31" 
17 1152 Pile T 1.00 
10 1152 PS P1 Idle "" 
10 1152 PS P1 Exec "a12" 
17 1152 Pile T 1.00 
10 1152 PS P1 Idle "" 
10 1152 PS P1 Exec "a32" 
17 1152 Pile T 1.00 
10 1152 PS P1 Idle "" 
10 1152 PS P1 Exec "a23" 
17 1152 Pile T 1.00 
16 1152 Pile T 1.00 
10 1152 PS P1 Idle "" 
10 1152 PS P1 Exec "a22" 
17 1152 Pile T 1.00 
10 1152 PS P1 Idle "" 
10 1152 PS P1 Exec "a13" 
17 1152 Pile T 1.00 
16 1152 Pile T 1.00 
10 1152 PS P1 Idle "" 
10 1152 PS P1 Exec "a11" 
17 1152 Pile T 1.00 
10 1152 PS P1 Idle "" 
10 1152 PS P1 Tr "b32" 
11 1152 P0 0_1_b32 "64" TTP C
12 1152 P1 0_1_b32 "64" TTP C
10 1216 PS P1 Exec "a33*b32" 
10 1728 PS P2 Exec "b33" 
10 1728 PS P3 Exec "b11" 
10 1728 PS P4 Exec "b21" 
10 1728 PS P5 Exec "b12" 
10 1728 PS P6 Exec "b13" 
10 1728 PS P7 Exec "b23" 
10 1728 PS P8 Exec "b22" 
10 1728 PS P9 Exec "b31" 
10 1728 PS P0 Exec "a21" 
17 1728 Pile T 1.00 
10 1728 PS P1 Idle "" 
10 1728 PS P1 Exec "a23*b32" 
17 1728 Pile T 1.00 
16 1728 Pile T 1.00 
16 1728 Pile T 1.00 
16 1728 Pile T 1.00 
10 1728 PS P2 Idle "" 
10 1728 PS P2 Tr "b32" 
11 1728 P0 0_2_b32 "64" TTP C
12 1728 P2 0_2_b32 "64" TTP C
17 1728 Pile T 1.00 
16 1728 Pile T 1.00 
16 1728 Pile T 1.00 
10 1728 PS P3 Idle "" 
10 1728 PS P3 Tr "b33" 
11 1728 P2 2_3_b33 "64" TTP C
12 1728 P3 2_3_b33 "64" TTP C
17 1728 Pile T 1.00 
16 1728 Pile T 1.00 
16 1728 Pile T 1.00 
16 1728 Pile T 1.00 
10 1728 PS P4 Idle "" 
10 1728 PS P4 Tr "a13" 
11 1728 P1 1_4_a13 "64" TTP C
12 1728 P4 1_4_a13 "64" TTP C
17 1728 Pile T 1.00 
16 1728 Pile T 1.00 
16 1728 Pile T 1.00 
10 1728 PS P5 Idle "" 
10 1728 PS P5 Tr "a33" 
11 1728 P1 1_5_a33 "64" TTP C
12 1728 P5 1_5_a33 "64" TTP C
17 1728 Pile T 1.00 
16 1728 Pile T 1.00 
16 1728 Pile T 1.00 
10 1728 PS P6 Idle "" 
10 1728 PS P6 Tr "a31" 
11 1728 P1 1_6_a31 "64" TTP C
12 1728 P6 1_6_a31 "64" TTP C
17 1728 Pile T 1.00 
16 1728 Pile T 1.00 
16 1728 Pile T 1.00 
16 1728 Pile T 1.00 
10 1728 PS P7 Idle "" 
10 1728 PS P7 Tr "b11" 
11 1728 P3 3_7_b11 "64" TTP C
12 1728 P7 3_7_b11 "64" TTP C
17 1728 Pile T 1.00 
16 1728 Pile T 1.00 
16 1728 Pile T 1.00 
16 1728 Pile T 1.00 
10 1728 PS P8 Idle "" 
10 1728 PS P8 Tr "a32" 
11 1728 P1 1_8_a32 "64" TTP C
12 1728 P8 1_8_a32 "64" TTP C
17 1728 Pile T 1.00 
16 1728 Pile T 1.00 
16 1728 Pile T 1.00 
16 1728 Pile T 1.00 
10 1728 PS P9 Idle "" 
10 1728 PS P9 Tr "a12" 
11 1728 P1 1_9_a12 "64" TTP C
12 1728 P9 1_9_a12 "64" TTP C
17 1728 Pile T 1.00 
16 1728 Pile T 1.00 
16 1728 Pile T 1.00 
16 1728 Pile T 1.00 
10 1728 PS P0 Idle "" 
10 1728 PS P0 Tr "b21" 
11 1728 P4 4_0_b21 "64" TTP C
12 1728 P0 4_0_b21 "64" TTP C
10 1792 PS P2 Tr "a13" 
11 1792 P1 1_2_a13 "64" TTP C
12 1792 P2 1_2_a13 "64" TTP C
10 1792 PS P3 Tr "a23" 
11 1792 P1 1_3_a23 "64" TTP C
12 1792 P3 1_3_a23 "64" TTP C
10 1792 PS P4 Tr "b33" 
11 1792 P2 2_4_b33 "64" TTP C
12 1792 P4 2_4_b33 "64" TTP C
10 1792 PS P5 Tr "b33" 
11 1792 P2 2_5_b33 "64" TTP C
12 1792 P5 2_5_b33 "64" TTP C
10 1792 PS P6 Tr "b11" 
11 1792 P3 3_6_b11 "64" TTP C
12 1792 P6 3_6_b11 "64" TTP C
10 1792 PS P7 Tr "a11" 
11 1792 P1 1_7_a11 "64" TTP C
12 1792 P7 1_7_a11 "64" TTP C
10 1792 PS P8 Tr "b21" 
11 1792 P4 4_8_b21 "64" TTP C
12 1792 P8 4_8_b21 "64" TTP C
10 1792 PS P9 Tr "b21" 
11 1792 P4 4_9_b21 "64" TTP C
12 1792 P9 4_9_b21 "64" TTP C
10 1792 PS P0 Tr "a22" 
11 1792 P1 1_0_a22 "64" TTP C
12 1792 P0 1_0_a22 "64" TTP C
10 1856 PS P2 Exec "a13*b32" 
10 1856 PS P3 Exec "a23*b33" 
10 1856 PS P4 Exec "a13*b33" 
10 1856 PS P5 Exec "a33*b33" 
10 1856 PS P6 Exec "a31*b11" 
10 1856 PS P7 Exec "a11*b11" 
10 1856 PS P8 Exec "a32*b21" 
10 1856 PS P9 Exec "a12*b21" 
10 1856 PS P0 Exec "a22*b21" 
17 2240 Pile T 1.00 
10 2240 PS P1 Idle "" 
10 2240 PS P1 Tr "b12" 
11 2240 P5 5_1_b12 "64" TTP C
12 2240 P1 5_1_b12 "64" TTP C
10 2304 PS P1 Exec "a31*b12" 
17 2368 Pile T 1.00 
10 2368 PS P2 Idle "" 
10 2368 PS P2 Tr "b12" 
11 2368 P5 5_2_b12 "64" TTP C
12 2368 P2 5_2_b12 "64" TTP C
17 2368 Pile T 1.00 
10 2368 PS P3 Idle "" 
10 2368 PS P3 Tr "a31" 
11 2368 P1 1_3_a31 "64" TTP C
12 2368 P3 1_3_a31 "64" TTP C
17 2368 Pile T 1.00 
10 2368 PS P4 Idle "" 
10 2368 PS P4 Tr "b13" 
11 2368 P6 6_4_b13 "64" TTP C
12 2368 P4 6_4_b13 "64" TTP C
17 2368 Pile T 1.00 
10 2368 PS P5 Idle "" 
10 2368 PS P5 Tr "a32" 
11 2368 P1 1_5_a32 "64" TTP C
12 2368 P5 1_5_a32 "64" TTP C
17 2368 Pile T 1.00 
10 2368 PS P6 Idle "" 
10 2368 PS P6 Tr "a22" 
11 2368 P1 1_6_a22 "64" TTP C
12 2368 P6 1_6_a22 "64" TTP C
17 2368 Pile T 1.00 
10 2368 PS P7 Idle "" 
10 2368 PS P7 Tr "a12" 
11 2368 P1 1_7_a12 "64" TTP C
12 2368 P7 1_7_a12 "64" TTP C
17 2368 Pile T 1.00 
10 2368 PS P8 Idle "" 
10 2368 PS P8 Tr "a22" 
11 2368 P1 1_8_a22 "64" TTP C
12 2368 P8 1_8_a22 "64" TTP C
17 2368 Pile T 1.00 
10 2368 PS P9 Idle "" 
10 2368 PS P9 Tr "b22" 
11 2368 P8 8_9_b22 "64" TTP C
12 2368 P9 8_9_b22 "64" TTP C
17 2368 Pile T 1.00 
10 2368 PS P0 Idle "" 
10 2368 PS P0 Tr "b22" 
11 2368 P8 8_0_b22 "64" TTP C
12 2368 P0 8_0_b22 "64" TTP C
10 2432 PS P2 Tr "a11" 
11 2432 P1 1_2_a11 "64" TTP C
12 2432 P2 1_2_a11 "64" TTP C
10 2432 PS P3 Tr "b13" 
11 2432 P6 6_3_b13 "64" TTP C
12 2432 P3 6_3_b13 "64" TTP C
10 2432 PS P4 Tr "a11" 
11 2432 P1 1_4_a11 "64" TTP C
12 2432 P4 1_4_a11 "64" TTP C
10 2432 PS P5 Tr "b23" 
11 2432 P7 7_5_b23 "64" TTP C
12 2432 P5 7_5_b23 "64" TTP C
10 2432 PS P6 Tr "b23" 
11 2432 P7 7_6_b23 "64" TTP C
12 2432 P6 7_6_b23 "64" TTP C
10 2432 PS P7 Exec "a12*b23" 
10 2432 PS P8 Exec "a22*b22" 
10 2432 PS P9 Tr "a32" 
11 2432 P1 1_9_a32 "64" TTP C
12 2432 P9 1_9_a32 "64" TTP C
10 2432 PS P0 Tr "a12" 
11 2432 P1 1_0_a12 "64" TTP C
12 2432 P0 1_0_a12 "64" TTP C
10 2496 PS P2 Exec "a11*b12" 
10 2496 PS P3 Exec "a31*b13" 
10 2496 PS P4 Exec "a11*b13" 
10 2496 PS P5 Exec "a32*b23" 
10 2496 PS P6 Exec "a22*b23" 
10 2496 PS P9 Exec "a32*b22" 
10 2496 PS P0 Exec "a12*b22" 
17 2816 Pile T 1.00 
10 2816 PS P1 Idle "" 
10 2816 PS P1 Tr "b31" 
11 2816 P9 9_1_b31 "64" TTP C
12 2816 P1 9_1_b31 "64" TTP C
10 2880 PS P1 Exec "a33*b31" 
17 2944 Pile T 1.00 
10 2944 PS P7 Idle "" 
10 2944 PS P7 Tr "b31" 
11 2944 P9 9_7_b31 "64" TTP C
12 2944 P7 9_7_b31 "64" TTP C
17 2944 Pile T 1.00 
10 2944 PS P8 Idle "" 
10 2944 PS P8 Tr "a23" 
11 2944 P1 1_8_a23 "64" TTP C
12 2944 P8 1_8_a23 "64" TTP C
17 3008 Pile T 1.00 
10 3008 PS P2 Idle "" 
10 3008 PS P2 Tr "a21" 
11 3008 P0 0_2_a21 "64" TTP C
12 3008 P2 0_2_a21 "64" TTP C
17 3008 Pile T 1.00 
10 3008 PS P3 Idle "" 
10 3008 PS P3 Tr "a21" 
11 3008 P0 0_3_a21 "64" TTP C
12 3008 P3 0_3_a21 "64" TTP C
17 3008 Pile T 1.00 
16 3008 Pile T 1.00 
10 3008 PS P4 Idle "" 
10 3008 PS P4 Tr "b11" 
11 3008 P3 3_4_b11 "64" TTP C
12 3008 P4 3_4_b11 "64" TTP C
17 3008 Pile T 1.00 
16 3008 Pile T 1.00 
10 3008 PS P5 Idle "" 
10 3008 PS P5 Tr "a12*b23" 
11 3008 P7 7_5_a12*b23 "64" TTP C
12 3008 P5 7_5_a12*b23 "64" TTP C
17 3008 Pile T 1.00 
10 3008 PS P6 Idle "" 
10 3008 PS P6 Tr "a31*b13" 
11 3008 P3 3_6_a31*b13 "64" TTP C
12 3008 P6 3_6_a31*b13 "64" TTP C
17 3008 Pile T 1.00 
16 3008 Pile T 1.00 
10 3008 PS P9 Idle "" 
10 3008 PS P9 Tr "a31*b12" 
11 3008 P1 1_9_a31*b12 "64" TTP C
12 3008 P9 1_9_a31*b12 "64" TTP C
17 3008 Pile T 1.00 
16 3008 Pile T 1.00 
10 3008 PS P0 Idle "" 
10 3008 PS P0 Tr "a13*b32" 
11 3008 P2 2_0_a13*b32 "64" TTP C
12 3008 P0 2_0_a13*b32 "64" TTP C
10 3008 PS P7 Tr "a13" 
11 3008 P1 1_7_a13 "64" TTP C
12 3008 P7 1_7_a13 "64" TTP C
10 3008 PS P8 Tr "b31" 
11 3008 P9 9_8_b31 "64" TTP C
12 3008 P8 9_8_b31 "64" TTP C
10 3072 PS P2 Exec "a21*b12" 
10 3072 PS P3 Exec "a21*b13" 
10 3072 PS P4 Tr "a21" 
11 3072 P0 0_4_a21 "64" TTP C
12 3072 P4 0_4_a21 "64" TTP C
10 3072 PS P5 Tr "a11*b13" 
11 3072 P4 4_5_a11*b13 "64" TTP C
12 3072 P5 4_5_a11*b13 "64" TTP C
10 3072 PS P6 Tr "a33*b33" 
11 3072 P5 5_6_a33*b33 "64" TTP C
12 3072 P6 5_6_a33*b33 "64" TTP C
10 3072 PS P9 Tr "a33*b32" 
11 3072 P1 1_9_a33*b32 "64" TTP C
12 3072 P9 1_9_a33*b32 "64" TTP C
10 3072 PS P0 Tr "a11*b12" 
11 3072 P2 2_0_a11*b12 "64" TTP C
12 3072 P0 2_0_a11*b12 "64" TTP C
10 3072 PS P7 Exec "a13*b31" 
10 3072 PS P8 Exec "a23*b31" 
10 3136 PS P4 Exec "a21*b11" 
10 3136 PS P5 Tr "a13*b33" 
11 3136 P4 4_5_a13*b33 "64" TTP C
12 3136 P5 4_5_a13*b33 "64" TTP C
10 3136 PS P6 Tr "a32*b23" 
11 3136 P5 5_6_a32*b23 "64" TTP C
12 3136 P6 5_6_a32*b23 "64" TTP C
10 3136 PS P9 Exec "C32" 
10 3136 PS P0 Exec "C12" 
10 3200 PS P5 Exec "C13" 
10 3200 PS P6 Exec "C33" 
17 3392 Pile T 1.00 
16 3392 Pile T 1.00 
10 3392 PS P1 Idle "" 
10 3392 PS P1 Tr "a32*b21" 
11 3392 P8 8_1_a32*b21 "64" TTP C
12 3392 P1 8_1_a32*b21 "64" TTP C
17 3392 Pile T 1.00 
10 3392 PS P9 Idle "" 
17 3392 Pile T 1.00 
10 3392 PS P0 Idle "" 
17 3456 Pile T 1.00 
10 3456 PS P5 Idle "" 
17 3456 Pile T 1.00 
10 3456 PS P6 Idle "" 
10 3456 PS P1 Tr "a31*b11" 
11 3456 P6 6_1_a31*b11 "64" TTP C
12 3456 P1 6_1_a31*b11 "64" TTP C
10 3520 PS P1 Exec "C31" 
17 3584 Pile T 1.00 
16 3584 Pile T 1.00 
10 3584 PS P2 Idle "" 
10 3584 PS P2 Tr "a23*b32" 
11 3584 P1 1_2_a23*b32 "64" TTP C
12 3584 P2 1_2_a23*b32 "64" TTP C
17 3584 Pile T 1.00 
16 3584 Pile T 1.00 
10 3584 PS P3 Idle "" 
10 3584 PS P3 Tr "a22*b23" 
11 3584 P6 6_3_a22*b23 "64" TTP C
12 3584 P3 6_3_a22*b23 "64" TTP C
17 3584 Pile T 1.00 
16 3584 Pile T 1.00 
10 3584 PS P7 Idle "" 
10 3584 PS P7 Tr "a12*b21" 
11 3584 P9 9_7_a12*b21 "64" TTP C
12 3584 P7 9_7_a12*b21 "64" TTP C
17 3584 Pile T 1.00 
10 3584 PS P8 Idle "" 
17 3648 Pile T 1.00 
16 3648 Pile T 1.00 
10 3648 PS P4 Idle "" 
10 3648 PS P4 Tr "a23*b31" 
11 3648 P8 8_4_a23*b31 "64" TTP C
12 3648 P4 8_4_a23*b31 "64" TTP C
10 3648 PS P2 Tr "a22*b22" 
11 3648 P8 8_2_a22*b22 "64" TTP C
12 3648 P2 8_2_a22*b22 "64" TTP C
10 3648 PS P3 Exec "C23" 
10 3648 PS P7 Exec "C11" 
10 3712 PS P4 Tr "a22*b21" 
11 3712 P0 0_4_a22*b21 "64" TTP C
12 3712 P4 0_4_a22*b21 "64" TTP C
10 3712 PS P2 Exec "C22" 
17 3776 Pile T 1.00 
10 3776 PS P1 Idle "" 
10 3776 PS P4 Exec "C21" 
17 3904 Pile T 1.00 
10 3904 PS P3 Idle "" 
17 3904 Pile T 1.00 
10 3904 PS P7 Idle "" 
17 3968 Pile T 1.00 
10 3968 PS P2 Idle "" 
17 4032 Pile T 1.00 
16 4032 Pile T 1.00 
10 4032 PS P4 Idle "" 
10 4032 PS P4 Tr "C33" 
11 4032 P6 6_4_C33 "64" TTP C
12 4032 P4 6_4_C33 "64" TTP C
10 4096 PS P4 Tr "C23" 
11 4096 P3 3_4_C23 "64" TTP C
12 4096 P4 3_4_C23 "64" TTP C
10 4160 PS P4 Tr "C22" 
11 4160 P2 2_4_C22 "64" TTP C
12 4160 P4 2_4_C22 "64" TTP C
10 4224 PS P4 Tr "C32" 
11 4224 P9 9_4_C32 "64" TTP C
12 4224 P4 9_4_C32 "64" TTP C
10 4288 PS P4 Tr "C13" 
11 4288 P5 5_4_C13 "64" TTP C
12 4288 P4 5_4_C13 "64" TTP C
10 4352 PS P4 Tr "C11" 
11 4352 P7 7_4_C11 "64" TTP C
12 4352 P4 7_4_C11 "64" TTP C
10 4416 PS P4 Tr "C12" 
11 4416 P0 0_4_C12 "64" TTP C
12 4416 P4 0_4_C12 "64" TTP C
10 4480 PS P4 Tr "C31" 
11 4480 P1 1_4_C31 "64" TTP C
12 4480 P4 1_4_C31 "64" TTP C
10 4544 PS P4 Exec "Fusion" 
17 5696 Pile T 1.00 
10 5696 PS P4 Idle "" 
8 5696 Pile PL
8 5696 P4 Pr
8 5696 P2 Pr
8 5696 P7 Pr
8 5696 P3 Pr
8 5696 P1 Pr
8 5696 P8 Pr
8 5696 P6 Pr
8 5696 P5 Pr
8 5696 P0 Pr
8 5696 P9 Pr
8 5696 TTP P
