%EventDef PajeDefineContainerType 1
% Alias string
% ContainerType string
% Name string
%EndEventDef
%EventDef PajeDefineStateType 3
% Alias string
% ContainerType string
% Name string
%EndEventDef
%EventDef PajeDefineLinkType 4
% Name string
% ContainerType string
% SourceContainerType string
% DestContainerType string
% Alias string
%EndEventDef
%EventDef PajeDefineEntityValue 6
% Alias string
% EntityType string
% Name string
% Color color
%EndEventDef
%EventDef PajeCreateContainer 7
% Time date
% Alias string
% Type string
% Container string
% Name string
%EndEventDef
%EventDef PajeDestroyContainer 8
% Time date
% Name string
% Type string
%EndEventDef
%EventDef PajeSetState 10
% Time date
% Type string
% Container string
% Value string
% file string
%EndEventDef
%EventDef PajeStartLink 11
% Time date
% SourceContainer string
% Key string
% Value string
% Container string
% Type string
%EndEventDef
%EventDef PajeEndLink 12
% Time date
% DestContainer string
% Key string
% Value string
% Container string
% Type string
%EndEventDef
%EventDef PajePushState	13
% Time	date
% EntityType	string
% Container	string
% Value	string
%EndEventDef
%EventDef PajeDefineVariableType 14
% Type string
% Name string
% Color color
% Alias string
%EndEventDef
%EventDef PajeSetVariable 15
% Time date
% Container string
% Type string
% Value double
%EndEventDef
%EventDef PajeAddVariable 16
% Time date
% Container string
% Type string
% Value double
%EndEventDef
%EventDef PajeSubVariable 17
% Time date
% Container string
% Type string
% Value double
%EndEventDef
1 P 0 Program
1 Pr P Processors
1 PL P Tasks
3 PS Pr "Processor State"
3 PF Pr "Ready File"
6 Exec PS Executing "2 .0 .1"
6 Idle PS Idle "8 .3 .0"
6 TR PS Transfer "0 .3 .8"
14 PL "Task" "1 .5 .5" T
7 0 TTP P 0 "Plate-forme"
4 "Communication" P Pr Pr C
7 0 Pile PL TTP "Pile 1"
7 0 P0 Pr TTP "P 0" 
10 0 PS P0 Idle "" 
7 0 P1 Pr TTP "P 1" 
10 0 PS P1 Idle "" 
7 0 P2 Pr TTP "P 2" 
10 0 PS P2 Idle "" 
7 0 P3 Pr TTP "P 3" 
10 0 PS P3 Idle "" 
7 0 P4 Pr TTP "P 4" 
10 0 PS P4 Idle "" 
7 0 P5 Pr TTP "P 5" 
10 0 PS P5 Idle "" 
10 0 PS P0 Exec "split-a" 
10 0 PS P1 Exec "split-b" 
17 180000 Pile T 1.00 
16 180000 Pile T 1.00 
16 180000 Pile T 1.00 
16 180000 Pile T 1.00 
16 180000 Pile T 1.00 
16 180000 Pile T 1.00 
16 180000 Pile T 1.00 
16 180000 Pile T 1.00 
16 180000 Pile T 1.00 
16 180000 Pile T 1.00 
10 180000 PS P0 Idle "" 
10 180000 PS P0 Exec "a12" 
10 180000 PS P2 Tr "split-a" 
11 180000 P0 0_2_split-a "90000" TTP C
12 180000 P2 0_2_split-a "90000" TTP C
10 180000 PS P3 Tr "split-a" 
11 180000 P0 0_3_split-a "90000" TTP C
12 180000 P3 0_3_split-a "90000" TTP C
10 180000 PS P4 Tr "split-a" 
11 180000 P0 0_4_split-a "90000" TTP C
12 180000 P4 0_4_split-a "90000" TTP C
10 180000 PS P5 Tr "split-a" 
11 180000 P0 0_5_split-a "90000" TTP C
12 180000 P5 0_5_split-a "90000" TTP C
17 180000 Pile T 1.00 
16 180000 Pile T 1.00 
16 180000 Pile T 1.00 
16 180000 Pile T 1.00 
16 180000 Pile T 1.00 
16 180000 Pile T 1.00 
16 180000 Pile T 1.00 
16 180000 Pile T 1.00 
16 180000 Pile T 1.00 
16 180000 Pile T 1.00 
10 180000 PS P1 Idle "" 
10 180000 PS P1 Tr "split-a" 
11 180000 P0 0_1_split-a "90000" TTP C
12 180000 P1 0_1_split-a "90000" TTP C
17 180000 Pile T 1.00 
10 180000 PS P0 Idle "" 
10 180000 PS P0 Exec "a23" 
17 180000 Pile T 1.00 
10 180000 PS P0 Idle "" 
10 180000 PS P0 Exec "a21" 
17 180000 Pile T 1.00 
10 180000 PS P0 Idle "" 
10 180000 PS P0 Exec "a13" 
17 180000 Pile T 1.00 
10 180000 PS P0 Idle "" 
10 180000 PS P0 Tr "split-b" 
11 180000 P1 1_0_split-b "90000" TTP C
12 180000 P0 1_0_split-b "90000" TTP C
10 270000 PS P2 Exec "a11" 
10 270000 PS P3 Exec "a32" 
10 270000 PS P4 Exec "a31" 
10 270000 PS P5 Exec "a33" 
10 270000 PS P1 Exec "a22" 
10 270000 PS P0 Exec "b31" 
17 270000 Pile T 1.00 
10 270000 PS P2 Idle "" 
10 270000 PS P2 Tr "split-b" 
11 270000 P1 1_2_split-b "90000" TTP C
12 270000 P2 1_2_split-b "90000" TTP C
17 270000 Pile T 1.00 
10 270000 PS P3 Idle "" 
10 270000 PS P3 Tr "split-b" 
11 270000 P1 1_3_split-b "90000" TTP C
12 270000 P3 1_3_split-b "90000" TTP C
17 270000 Pile T 1.00 
10 270000 PS P4 Idle "" 
10 270000 PS P4 Tr "split-b" 
11 270000 P1 1_4_split-b "90000" TTP C
12 270000 P4 1_4_split-b "90000" TTP C
17 270000 Pile T 1.00 
10 270000 PS P5 Idle "" 
10 270000 PS P5 Tr "split-b" 
11 270000 P1 1_5_split-b "90000" TTP C
12 270000 P5 1_5_split-b "90000" TTP C
17 270000 Pile T 1.00 
10 270000 PS P1 Idle "" 
10 270000 PS P1 Exec "b21" 
17 270000 Pile T 1.00 
16 270000 Pile T 1.00 
16 270000 Pile T 1.00 
16 270000 Pile T 1.00 
10 270000 PS P0 Idle "" 
10 270000 PS P0 Exec "b23" 
17 270000 Pile T 1.00 
16 270000 Pile T 1.00 
16 270000 Pile T 1.00 
16 270000 Pile T 1.00 
10 270000 PS P1 Idle "" 
10 270000 PS P1 Exec "b32" 
17 270000 Pile T 1.00 
16 270000 Pile T 1.00 
16 270000 Pile T 1.00 
16 270000 Pile T 1.00 
10 270000 PS P0 Idle "" 
10 270000 PS P0 Exec "b13" 
17 270000 Pile T 1.00 
16 270000 Pile T 1.00 
16 270000 Pile T 1.00 
16 270000 Pile T 1.00 
10 270000 PS P1 Idle "" 
10 270000 PS P1 Tr "a23" 
11 270000 P0 0_1_a23 "10000" TTP C
12 270000 P1 0_1_a23 "10000" TTP C
17 270000 Pile T 1.00 
16 270000 Pile T 1.00 
16 270000 Pile T 1.00 
16 270000 Pile T 1.00 
10 270000 PS P0 Idle "" 
10 270000 PS P0 Tr "a33" 
11 270000 P5 5_0_a33 "10000" TTP C
12 270000 P0 5_0_a33 "10000" TTP C
10 280000 PS P1 Tr "b31" 
11 280000 P0 0_1_b31 "10000" TTP C
12 280000 P1 0_1_b31 "10000" TTP C
10 280000 PS P0 Exec "a33*b31" 
10 290000 PS P1 Exec "a23*b31" 
10 360000 PS P2 Exec "b33" 
10 360000 PS P3 Exec "b11" 
10 360000 PS P4 Exec "b12" 
10 360000 PS P5 Exec "b22" 
17 360000 Pile T 1.00 
16 360000 Pile T 1.00 
16 360000 Pile T 1.00 
16 360000 Pile T 1.00 
10 360000 PS P2 Idle "" 
10 360000 PS P2 Tr "a13" 
11 360000 P0 0_2_a13 "10000" TTP C
12 360000 P2 0_2_a13 "10000" TTP C
17 360000 Pile T 1.00 
16 360000 Pile T 1.00 
16 360000 Pile T 1.00 
16 360000 Pile T 1.00 
10 360000 PS P3 Idle "" 
10 360000 PS P3 Tr "b21" 
11 360000 P1 1_3_b21 "10000" TTP C
12 360000 P3 1_3_b21 "10000" TTP C
17 360000 Pile T 1.00 
16 360000 Pile T 1.00 
16 360000 Pile T 1.00 
16 360000 Pile T 1.00 
10 360000 PS P4 Idle "" 
10 360000 PS P4 Tr "a12" 
11 360000 P0 0_4_a12 "10000" TTP C
12 360000 P4 0_4_a12 "10000" TTP C
17 360000 Pile T 1.00 
16 360000 Pile T 1.00 
16 360000 Pile T 1.00 
16 360000 Pile T 1.00 
10 360000 PS P5 Idle "" 
10 360000 PS P5 Tr "a22" 
11 360000 P1 1_5_a22 "10000" TTP C
12 360000 P5 1_5_a22 "10000" TTP C
10 370000 PS P2 Tr "b31" 
11 370000 P0 0_2_b31 "10000" TTP C
12 370000 P2 0_2_b31 "10000" TTP C
10 370000 PS P3 Exec "a32*b21" 
10 370000 PS P4 Tr "b21" 
11 370000 P1 1_4_b21 "10000" TTP C
12 370000 P4 1_4_b21 "10000" TTP C
10 370000 PS P5 Tr "b21" 
11 370000 P1 1_5_b21 "10000" TTP C
12 370000 P5 1_5_b21 "10000" TTP C
10 380000 PS P2 Exec "a13*b31" 
10 380000 PS P4 Exec "a12*b21" 
10 380000 PS P5 Exec "a22*b21" 
17 1280000 Pile T 1.00 
10 1280000 PS P0 Idle "" 
10 1280000 PS P0 Exec "a12*b23" 
17 1290000 Pile T 1.00 
10 1290000 PS P1 Idle "" 
10 1290000 PS P1 Tr "b23" 
11 1290000 P0 0_1_b23 "10000" TTP C
12 1290000 P1 0_1_b23 "10000" TTP C
10 1300000 PS P1 Exec "a22*b23" 
17 1370000 Pile T 1.00 
10 1370000 PS P3 Idle "" 
10 1370000 PS P3 Tr "b23" 
11 1370000 P0 0_3_b23 "10000" TTP C
12 1370000 P3 0_3_b23 "10000" TTP C
17 1380000 Pile T 1.00 
10 1380000 PS P2 Idle "" 
10 1380000 PS P2 Tr "b32" 
11 1380000 P1 1_2_b32 "10000" TTP C
12 1380000 P2 1_2_b32 "10000" TTP C
17 1380000 Pile T 1.00 
10 1380000 PS P4 Idle "" 
10 1380000 PS P4 Tr "b32" 
11 1380000 P1 1_4_b32 "10000" TTP C
12 1380000 P4 1_4_b32 "10000" TTP C
17 1380000 Pile T 1.00 
10 1380000 PS P5 Idle "" 
10 1380000 PS P5 Tr "a23" 
11 1380000 P0 0_5_a23 "10000" TTP C
12 1380000 P5 0_5_a23 "10000" TTP C
10 1380000 PS P3 Exec "a32*b23" 
10 1390000 PS P2 Exec "a13*b32" 
10 1390000 PS P4 Tr "a33" 
11 1390000 P5 5_4_a33 "10000" TTP C
12 1390000 P4 5_4_a33 "10000" TTP C
10 1390000 PS P5 Tr "b32" 
11 1390000 P1 1_5_b32 "10000" TTP C
12 1390000 P5 1_5_b32 "10000" TTP C
10 1400000 PS P4 Exec "a33*b32" 
10 1400000 PS P5 Exec "a23*b32" 
17 2280000 Pile T 1.00 
10 2280000 PS P0 Idle "" 
10 2280000 PS P0 Tr "a11" 
11 2280000 P2 2_0_a11 "10000" TTP C
12 2280000 P0 2_0_a11 "10000" TTP C
10 2290000 PS P0 Exec "a11*b13" 
17 2300000 Pile T 1.00 
10 2300000 PS P1 Idle "" 
10 2300000 PS P1 Tr "b13" 
11 2300000 P0 0_1_b13 "10000" TTP C
12 2300000 P1 0_1_b13 "10000" TTP C
10 2310000 PS P1 Tr "a31" 
11 2310000 P4 4_1_a31 "10000" TTP C
12 2310000 P1 4_1_a31 "10000" TTP C
10 2320000 PS P1 Exec "a31*b13" 
17 2380000 Pile T 1.00 
10 2380000 PS P3 Idle "" 
10 2380000 PS P3 Tr "b13" 
11 2380000 P0 0_3_b13 "10000" TTP C
12 2380000 P3 0_3_b13 "10000" TTP C
17 2390000 Pile T 1.00 
10 2390000 PS P2 Idle "" 
10 2390000 PS P2 Exec "a13*b33" 
10 2390000 PS P3 Tr "a21" 
11 2390000 P0 0_3_a21 "10000" TTP C
12 2390000 P3 0_3_a21 "10000" TTP C
17 2400000 Pile T 1.00 
10 2400000 PS P4 Idle "" 
10 2400000 PS P4 Tr "a23" 
11 2400000 P0 0_4_a23 "10000" TTP C
12 2400000 P4 0_4_a23 "10000" TTP C
17 2400000 Pile T 1.00 
10 2400000 PS P5 Idle "" 
10 2400000 PS P5 Tr "b33" 
11 2400000 P2 2_5_b33 "10000" TTP C
12 2400000 P5 2_5_b33 "10000" TTP C
10 2400000 PS P3 Exec "a21*b13" 
10 2410000 PS P4 Tr "b33" 
11 2410000 P2 2_4_b33 "10000" TTP C
12 2410000 P4 2_4_b33 "10000" TTP C
10 2410000 PS P5 Exec "a33*b33" 
10 2420000 PS P4 Exec "a23*b33" 
17 3290000 Pile T 1.00 
16 3290000 Pile T 1.00 
10 3290000 PS P0 Idle "" 
10 3290000 PS P0 Tr "b11" 
11 3290000 P3 3_0_b11 "10000" TTP C
12 3290000 P0 3_0_b11 "10000" TTP C
10 3300000 PS P0 Exec "a21*b11" 
17 3320000 Pile T 1.00 
16 3320000 Pile T 1.00 
10 3320000 PS P1 Idle "" 
10 3320000 PS P1 Tr "b11" 
11 3320000 P3 3_1_b11 "10000" TTP C
12 3320000 P1 3_1_b11 "10000" TTP C
10 3330000 PS P1 Exec "a31*b11" 
17 3390000 Pile T 1.00 
10 3390000 PS P2 Idle "" 
10 3390000 PS P2 Tr "b11" 
11 3390000 P3 3_2_b11 "10000" TTP C
12 3390000 P2 3_2_b11 "10000" TTP C
17 3400000 Pile T 1.00 
16 3400000 Pile T 1.00 
10 3400000 PS P3 Idle "" 
10 3400000 PS P3 Tr "b12" 
11 3400000 P4 4_3_b12 "10000" TTP C
12 3400000 P3 4_3_b12 "10000" TTP C
10 3400000 PS P2 Exec "a11*b11" 
17 3410000 Pile T 1.00 
10 3410000 PS P5 Idle "" 
10 3410000 PS P5 Tr "b12" 
11 3410000 P4 4_5_b12 "10000" TTP C
12 3410000 P5 4_5_b12 "10000" TTP C
10 3410000 PS P3 Tr "a31" 
11 3410000 P4 4_3_a31 "10000" TTP C
12 3410000 P3 4_3_a31 "10000" TTP C
17 3420000 Pile T 1.00 
10 3420000 PS P4 Idle "" 
10 3420000 PS P4 Tr "a11" 
11 3420000 P2 2_4_a11 "10000" TTP C
12 3420000 P4 2_4_a11 "10000" TTP C
10 3420000 PS P5 Tr "a21" 
11 3420000 P0 0_5_a21 "10000" TTP C
12 3420000 P5 0_5_a21 "10000" TTP C
10 3420000 PS P3 Exec "a31*b12" 
10 3430000 PS P4 Exec "a11*b12" 
10 3430000 PS P5 Exec "a21*b12" 
17 4300000 Pile T 1.00 
16 4300000 Pile T 1.00 
10 4300000 PS P0 Idle "" 
10 4300000 PS P0 Tr "b22" 
11 4300000 P5 5_0_b22 "10000" TTP C
12 4300000 P0 5_0_b22 "10000" TTP C
10 4310000 PS P0 Exec "a12*b22" 
17 4330000 Pile T 1.00 
16 4330000 Pile T 1.00 
10 4330000 PS P1 Idle "" 
10 4330000 PS P1 Tr "a32" 
11 4330000 P3 3_1_a32 "10000" TTP C
12 4330000 P1 3_1_a32 "10000" TTP C
10 4340000 PS P1 Tr "b22" 
11 4340000 P5 5_1_b22 "10000" TTP C
12 4340000 P1 5_1_b22 "10000" TTP C
10 4350000 PS P1 Exec "a32*b22" 
17 4400000 Pile T 1.00 
16 4400000 Pile T 1.00 
10 4400000 PS P2 Idle "" 
10 4400000 PS P2 Tr "a22" 
11 4400000 P1 1_2_a22 "10000" TTP C
12 4400000 P2 1_2_a22 "10000" TTP C
10 4410000 PS P2 Tr "b22" 
11 4410000 P5 5_2_b22 "10000" TTP C
12 4410000 P2 5_2_b22 "10000" TTP C
17 4420000 Pile T 1.00 
10 4420000 PS P3 Idle "" 
10 4420000 PS P3 Tr "a11*b13" 
11 4420000 P0 0_3_a11*b13 "10000" TTP C
12 4420000 P3 0_3_a11*b13 "10000" TTP C
10 4420000 PS P2 Exec "a22*b22" 
17 4430000 Pile T 1.00 
10 4430000 PS P4 Idle "" 
10 4430000 PS P4 Tr "a31*b13" 
11 4430000 P1 1_4_a31*b13 "10000" TTP C
12 4430000 P4 1_4_a31*b13 "10000" TTP C
17 4430000 Pile T 1.00 
10 4430000 PS P5 Idle "" 
10 4430000 PS P5 Tr "a22*b23" 
11 4430000 P1 1_5_a22*b23 "10000" TTP C
12 4430000 P5 1_5_a22*b23 "10000" TTP C
10 4430000 PS P3 Tr "a12*b23" 
11 4430000 P0 0_3_a12*b23 "10000" TTP C
12 4430000 P3 0_3_a12*b23 "10000" TTP C
10 4440000 PS P4 Tr "a32*b23" 
11 4440000 P3 3_4_a32*b23 "10000" TTP C
12 4440000 P4 3_4_a32*b23 "10000" TTP C
10 4440000 PS P5 Tr "a21*b13" 
11 4440000 P3 3_5_a21*b13 "10000" TTP C
12 4440000 P5 3_5_a21*b13 "10000" TTP C
10 4440000 PS P3 Exec "C13" 
10 4450000 PS P4 Exec "C33" 
10 4450000 PS P5 Exec "C23" 
17 4480000 Pile T 1.00 
10 4480000 PS P3 Idle "" 
10 4480000 PS P3 Tr "a21*b11" 
11 4480000 P0 0_3_a21*b11 "10000" TTP C
12 4480000 P3 0_3_a21*b11 "10000" TTP C
17 4490000 Pile T 1.00 
10 4490000 PS P4 Idle "" 
10 4490000 PS P4 Tr "a31*b11" 
11 4490000 P1 1_4_a31*b11 "10000" TTP C
12 4490000 P4 1_4_a31*b11 "10000" TTP C
17 4490000 Pile T 1.00 
10 4490000 PS P5 Idle "" 
10 4490000 PS P5 Tr "a11*b11" 
11 4490000 P2 2_5_a11*b11 "10000" TTP C
12 4490000 P5 2_5_a11*b11 "10000" TTP C
10 4490000 PS P3 Tr "a22*b21" 
11 4490000 P5 5_3_a22*b21 "10000" TTP C
12 4490000 P3 5_3_a22*b21 "10000" TTP C
10 4500000 PS P4 Tr "a32*b21" 
11 4500000 P3 3_4_a32*b21 "10000" TTP C
12 4500000 P4 3_4_a32*b21 "10000" TTP C
10 4500000 PS P5 Tr "a12*b21" 
11 4500000 P4 4_5_a12*b21 "10000" TTP C
12 4500000 P5 4_5_a12*b21 "10000" TTP C
10 4500000 PS P3 Exec "C21" 
10 4510000 PS P4 Exec "C31" 
10 4510000 PS P5 Exec "C11" 
17 4540000 Pile T 1.00 
10 4540000 PS P3 Idle "" 
17 4550000 Pile T 1.00 
10 4550000 PS P4 Idle "" 
17 4550000 Pile T 1.00 
10 4550000 PS P5 Idle "" 
17 5310000 Pile T 1.00 
16 5310000 Pile T 1.00 
10 5310000 PS P0 Idle "" 
10 5310000 PS P0 Tr "a11*b12" 
11 5310000 P4 4_0_a11*b12 "10000" TTP C
12 5310000 P0 4_0_a11*b12 "10000" TTP C
10 5320000 PS P0 Exec "C12" 
17 5350000 Pile T 1.00 
16 5350000 Pile T 1.00 
10 5350000 PS P1 Idle "" 
10 5350000 PS P1 Tr "a31*b12" 
11 5350000 P3 3_1_a31*b12 "10000" TTP C
12 5350000 P1 3_1_a31*b12 "10000" TTP C
17 5360000 Pile T 1.00 
10 5360000 PS P0 Idle "" 
10 5360000 PS P1 Exec "C32" 
17 5400000 Pile T 1.00 
10 5400000 PS P1 Idle "" 
17 5420000 Pile T 1.00 
16 5420000 Pile T 1.00 
10 5420000 PS P2 Idle "" 
10 5420000 PS P2 Tr "a21*b12" 
11 5420000 P5 5_2_a21*b12 "10000" TTP C
12 5420000 P2 5_2_a21*b12 "10000" TTP C
10 5430000 PS P2 Exec "C22" 
17 5470000 Pile T 1.00 
16 5470000 Pile T 1.00 
10 5470000 PS P2 Idle "" 
10 5470000 PS P2 Tr "C31" 
11 5470000 P4 4_2_C31 "10000" TTP C
12 5470000 P2 4_2_C31 "10000" TTP C
10 5480000 PS P2 Tr "C13" 
11 5480000 P3 3_2_C13 "10000" TTP C
12 5480000 P2 3_2_C13 "10000" TTP C
10 5490000 PS P2 Tr "C32" 
11 5490000 P1 1_2_C32 "10000" TTP C
12 5490000 P2 1_2_C32 "10000" TTP C
10 5500000 PS P2 Tr "C33" 
11 5500000 P4 4_2_C33 "10000" TTP C
12 5500000 P2 4_2_C33 "10000" TTP C
10 5510000 PS P2 Tr "C23" 
11 5510000 P5 5_2_C23 "10000" TTP C
12 5510000 P2 5_2_C23 "10000" TTP C
10 5520000 PS P2 Tr "C11" 
11 5520000 P5 5_2_C11 "10000" TTP C
12 5520000 P2 5_2_C11 "10000" TTP C
10 5530000 PS P2 Tr "C21" 
11 5530000 P3 3_2_C21 "10000" TTP C
12 5530000 P2 3_2_C21 "10000" TTP C
10 5540000 PS P2 Tr "C12" 
11 5540000 P0 0_2_C12 "10000" TTP C
12 5540000 P2 0_2_C12 "10000" TTP C
10 5550000 PS P2 Exec "Fusion" 
17 5730000 Pile T 1.00 
10 5730000 PS P2 Idle "" 
8 5730000 Pile PL
8 5730000 P2 Pr
8 5730000 P1 Pr
8 5730000 P0 Pr
8 5730000 P5 Pr
8 5730000 P4 Pr
8 5730000 P3 Pr
8 5730000 TTP P
