%EventDef PajeDefineContainerType 1
% Alias string
% ContainerType string
% Name string
%EndEventDef
%EventDef PajeDefineStateType 3
% Alias string
% ContainerType string
% Name string
%EndEventDef
%EventDef PajeDefineLinkType 4
% Name string
% ContainerType string
% SourceContainerType string
% DestContainerType string
% Alias string
%EndEventDef
%EventDef PajeDefineEntityValue 6
% Alias string
% EntityType string
% Name string
% Color color
%EndEventDef
%EventDef PajeCreateContainer 7
% Time date
% Alias string
% Type string
% Container string
% Name string
%EndEventDef
%EventDef PajeDestroyContainer 8
% Time date
% Name string
% Type string
%EndEventDef
%EventDef PajeSetState 10
% Time date
% Type string
% Container string
% Value string
% file string
%EndEventDef
%EventDef PajeStartLink 11
% Time date
% SourceContainer string
% Key string
% Value string
% Container string
% Type string
%EndEventDef
%EventDef PajeEndLink 12
% Time date
% DestContainer string
% Key string
% Value string
% Container string
% Type string
%EndEventDef
%EventDef PajePushState	13
% Time	date
% EntityType	string
% Container	string
% Value	string
%EndEventDef
%EventDef PajeDefineVariableType 14
% Type string
% Name string
% Color color
% Alias string
%EndEventDef
%EventDef PajeSetVariable 15
% Time date
% Container string
% Type string
% Value double
%EndEventDef
%EventDef PajeAddVariable 16
% Time date
% Container string
% Type string
% Value double
%EndEventDef
%EventDef PajeSubVariable 17
% Time date
% Container string
% Type string
% Value double
%EndEventDef
1 P 0 Program
1 Pr P Processors
1 PL P Tasks
3 PS Pr "Processor State"
3 PF Pr "Ready File"
6 Exec PS Executing "2 .0 .1"
6 Idle PS Idle "8 .3 .0"
6 TR PS Transfer "0 .3 .8"
14 PL "Task" "1 .5 .5" T
7 0 TTP P 0 "Plate-forme"
4 "Communication" P Pr Pr C
7 0 Pile PL TTP "Pile 1"
7 0 P0 Pr TTP "P 0" 
10 0 PS P0 Idle "" 
7 0 P1 Pr TTP "P 1" 
10 0 PS P1 Idle "" 
7 0 P2 Pr TTP "P 2" 
10 0 PS P2 Idle "" 
7 0 P3 Pr TTP "P 3" 
10 0 PS P3 Idle "" 
7 0 P4 Pr TTP "P 4" 
10 0 PS P4 Idle "" 
7 0 P5 Pr TTP "P 5" 
10 0 PS P5 Idle "" 
7 0 P6 Pr TTP "P 6" 
10 0 PS P6 Idle "" 
7 0 P7 Pr TTP "P 7" 
10 0 PS P7 Idle "" 
7 0 P8 Pr TTP "P 8" 
10 0 PS P8 Idle "" 
7 0 P9 Pr TTP "P 9" 
10 0 PS P9 Idle "" 
10 0 PS P0 Exec "split-b" 
10 0 PS P1 Exec "split-a" 
17 512 Pile T 1.00 
16 512 Pile T 1.00 
16 512 Pile T 1.00 
16 512 Pile T 1.00 
16 512 Pile T 1.00 
16 512 Pile T 1.00 
16 512 Pile T 1.00 
16 512 Pile T 1.00 
16 512 Pile T 1.00 
16 512 Pile T 1.00 
16 512 Pile T 1.00 
16 512 Pile T 1.00 
16 512 Pile T 1.00 
16 512 Pile T 1.00 
16 512 Pile T 1.00 
16 512 Pile T 1.00 
16 512 Pile T 1.00 
10 512 PS P0 Idle "" 
10 512 PS P0 Exec "b41" 
10 512 PS P2 Tr "split-b" 
11 512 P0 0_2_split-b "256" TTP C
12 512 P2 0_2_split-b "256" TTP C
10 512 PS P3 Tr "split-b" 
11 512 P0 0_3_split-b "256" TTP C
12 512 P3 0_3_split-b "256" TTP C
10 512 PS P4 Tr "split-b" 
11 512 P0 0_4_split-b "256" TTP C
12 512 P4 0_4_split-b "256" TTP C
10 512 PS P5 Tr "split-b" 
11 512 P0 0_5_split-b "256" TTP C
12 512 P5 0_5_split-b "256" TTP C
10 512 PS P6 Tr "split-b" 
11 512 P0 0_6_split-b "256" TTP C
12 512 P6 0_6_split-b "256" TTP C
10 512 PS P7 Tr "split-b" 
11 512 P0 0_7_split-b "256" TTP C
12 512 P7 0_7_split-b "256" TTP C
10 512 PS P8 Tr "split-b" 
11 512 P0 0_8_split-b "256" TTP C
12 512 P8 0_8_split-b "256" TTP C
10 512 PS P9 Tr "split-b" 
11 512 P0 0_9_split-b "256" TTP C
12 512 P9 0_9_split-b "256" TTP C
17 512 Pile T 1.00 
16 512 Pile T 1.00 
16 512 Pile T 1.00 
16 512 Pile T 1.00 
16 512 Pile T 1.00 
16 512 Pile T 1.00 
16 512 Pile T 1.00 
16 512 Pile T 1.00 
16 512 Pile T 1.00 
16 512 Pile T 1.00 
16 512 Pile T 1.00 
16 512 Pile T 1.00 
16 512 Pile T 1.00 
16 512 Pile T 1.00 
16 512 Pile T 1.00 
16 512 Pile T 1.00 
16 512 Pile T 1.00 
10 512 PS P1 Idle "" 
10 512 PS P1 Tr "split-b" 
11 512 P0 0_1_split-b "256" TTP C
12 512 P1 0_1_split-b "256" TTP C
17 512 Pile T 1.00 
10 512 PS P0 Idle "" 
10 512 PS P0 Exec "b21" 
17 512 Pile T 1.00 
10 512 PS P0 Idle "" 
10 512 PS P0 Exec "b34" 
17 512 Pile T 1.00 
10 512 PS P0 Idle "" 
10 512 PS P0 Exec "b31" 
17 512 Pile T 1.00 
10 512 PS P0 Idle "" 
10 512 PS P0 Exec "b23" 
17 512 Pile T 1.00 
10 512 PS P0 Idle "" 
10 512 PS P0 Exec "b33" 
17 512 Pile T 1.00 
10 512 PS P0 Idle "" 
10 512 PS P0 Exec "b14" 
17 512 Pile T 1.00 
10 512 PS P0 Idle "" 
10 512 PS P0 Tr "split-a" 
11 512 P1 1_0_split-a "256" TTP C
12 512 P0 1_0_split-a "256" TTP C
10 768 PS P2 Exec "b11" 
10 768 PS P3 Exec "b42" 
10 768 PS P4 Exec "b22" 
10 768 PS P5 Exec "b12" 
10 768 PS P6 Exec "b32" 
10 768 PS P7 Exec "b44" 
10 768 PS P8 Exec "b13" 
10 768 PS P9 Exec "b43" 
10 768 PS P1 Exec "b24" 
10 768 PS P0 Exec "a43" 
17 768 Pile T 1.00 
10 768 PS P2 Idle "" 
10 768 PS P2 Tr "split-a" 
11 768 P1 1_2_split-a "256" TTP C
12 768 P2 1_2_split-a "256" TTP C
17 768 Pile T 1.00 
10 768 PS P3 Idle "" 
10 768 PS P3 Tr "split-a" 
11 768 P1 1_3_split-a "256" TTP C
12 768 P3 1_3_split-a "256" TTP C
17 768 Pile T 1.00 
10 768 PS P4 Idle "" 
10 768 PS P4 Tr "split-a" 
11 768 P1 1_4_split-a "256" TTP C
12 768 P4 1_4_split-a "256" TTP C
17 768 Pile T 1.00 
10 768 PS P5 Idle "" 
10 768 PS P5 Tr "split-a" 
11 768 P1 1_5_split-a "256" TTP C
12 768 P5 1_5_split-a "256" TTP C
17 768 Pile T 1.00 
10 768 PS P6 Idle "" 
10 768 PS P6 Tr "split-a" 
11 768 P1 1_6_split-a "256" TTP C
12 768 P6 1_6_split-a "256" TTP C
17 768 Pile T 1.00 
10 768 PS P7 Idle "" 
10 768 PS P7 Tr "split-a" 
11 768 P1 1_7_split-a "256" TTP C
12 768 P7 1_7_split-a "256" TTP C
17 768 Pile T 1.00 
10 768 PS P8 Idle "" 
10 768 PS P8 Tr "split-a" 
11 768 P1 1_8_split-a "256" TTP C
12 768 P8 1_8_split-a "256" TTP C
17 768 Pile T 1.00 
10 768 PS P9 Idle "" 
10 768 PS P9 Tr "split-a" 
11 768 P1 1_9_split-a "256" TTP C
12 768 P9 1_9_split-a "256" TTP C
17 768 Pile T 1.00 
10 768 PS P1 Idle "" 
10 768 PS P1 Exec "a22" 
17 768 Pile T 1.00 
16 768 Pile T 1.00 
16 768 Pile T 1.00 
16 768 Pile T 1.00 
16 768 Pile T 1.00 
10 768 PS P0 Idle "" 
10 768 PS P0 Exec "a13" 
17 768 Pile T 1.00 
16 768 Pile T 1.00 
16 768 Pile T 1.00 
16 768 Pile T 1.00 
16 768 Pile T 1.00 
10 768 PS P1 Idle "" 
10 768 PS P1 Exec "a14" 
17 768 Pile T 1.00 
16 768 Pile T 1.00 
16 768 Pile T 1.00 
16 768 Pile T 1.00 
16 768 Pile T 1.00 
10 768 PS P0 Idle "" 
10 768 PS P0 Exec "a44" 
17 768 Pile T 1.00 
16 768 Pile T 1.00 
16 768 Pile T 1.00 
16 768 Pile T 1.00 
16 768 Pile T 1.00 
10 768 PS P1 Idle "" 
10 768 PS P1 Exec "a21" 
17 768 Pile T 1.00 
16 768 Pile T 1.00 
16 768 Pile T 1.00 
16 768 Pile T 1.00 
16 768 Pile T 1.00 
10 768 PS P0 Idle "" 
10 768 PS P0 Exec "a24" 
17 768 Pile T 1.00 
16 768 Pile T 1.00 
16 768 Pile T 1.00 
16 768 Pile T 1.00 
16 768 Pile T 1.00 
10 768 PS P1 Idle "" 
10 768 PS P1 Exec "a32" 
17 768 Pile T 1.00 
16 768 Pile T 1.00 
16 768 Pile T 1.00 
16 768 Pile T 1.00 
16 768 Pile T 1.00 
10 768 PS P0 Idle "" 
10 768 PS P0 Exec "a43*b31" 
17 768 Pile T 1.00 
16 768 Pile T 1.00 
16 768 Pile T 1.00 
16 768 Pile T 1.00 
16 768 Pile T 1.00 
10 768 PS P1 Idle "" 
10 768 PS P1 Tr "b34" 
11 768 P0 0_1_b34 "16" TTP C
12 768 P1 0_1_b34 "16" TTP C
10 784 PS P1 Tr "a43" 
11 784 P0 0_1_a43 "16" TTP C
12 784 P1 0_1_a43 "16" TTP C
10 800 PS P1 Exec "a43*b34" 
17 832 Pile T 1.00 
10 832 PS P0 Idle "" 
10 832 PS P0 Tr "b32" 
11 832 P6 6_0_b32 "16" TTP C
12 832 P0 6_0_b32 "16" TTP C
10 848 PS P0 Exec "a43*b32" 
17 864 Pile T 1.00 
10 864 PS P1 Idle "" 
10 864 PS P1 Tr "b33" 
11 864 P0 0_1_b33 "16" TTP C
12 864 P1 0_1_b33 "16" TTP C
10 880 PS P1 Exec "a43*b33" 
17 912 Pile T 1.00 
10 912 PS P0 Idle "" 
10 912 PS P0 Tr "a22" 
11 912 P1 1_0_a22 "16" TTP C
12 912 P0 1_0_a22 "16" TTP C
10 928 PS P0 Tr "b22" 
11 928 P4 4_0_b22 "16" TTP C
12 928 P0 4_0_b22 "16" TTP C
17 944 Pile T 1.00 
10 944 PS P1 Idle "" 
10 944 PS P1 Tr "b21" 
11 944 P0 0_1_b21 "16" TTP C
12 944 P1 0_1_b21 "16" TTP C
10 944 PS P0 Exec "a22*b22" 
10 960 PS P1 Exec "a22*b21" 
17 1008 Pile T 1.00 
10 1008 PS P0 Idle "" 
10 1008 PS P0 Exec "a22*b23" 
10 1024 PS P2 Exec "a42" 
10 1024 PS P3 Exec "a23" 
10 1024 PS P4 Exec "a41" 
10 1024 PS P5 Exec "a31" 
10 1024 PS P6 Exec "a11" 
10 1024 PS P7 Exec "a33" 
10 1024 PS P8 Exec "a12" 
10 1024 PS P9 Exec "a34" 
17 1024 Pile T 1.00 
10 1024 PS P1 Idle "" 
10 1024 PS P1 Exec "a22*b24" 
17 1024 Pile T 1.00 
16 1024 Pile T 1.00 
16 1024 Pile T 1.00 
16 1024 Pile T 1.00 
16 1024 Pile T 1.00 
10 1024 PS P2 Idle "" 
10 1024 PS P2 Tr "a13" 
11 1024 P0 0_2_a13 "16" TTP C
12 1024 P2 0_2_a13 "16" TTP C
17 1024 Pile T 1.00 
16 1024 Pile T 1.00 
16 1024 Pile T 1.00 
16 1024 Pile T 1.00 
16 1024 Pile T 1.00 
10 1024 PS P3 Idle "" 
10 1024 PS P3 Tr "b33" 
11 1024 P0 0_3_b33 "16" TTP C
12 1024 P3 0_3_b33 "16" TTP C
17 1024 Pile T 1.00 
16 1024 Pile T 1.00 
16 1024 Pile T 1.00 
16 1024 Pile T 1.00 
16 1024 Pile T 1.00 
10 1024 PS P4 Idle "" 
10 1024 PS P4 Tr "b31" 
11 1024 P0 0_4_b31 "16" TTP C
12 1024 P4 0_4_b31 "16" TTP C
17 1024 Pile T 1.00 
16 1024 Pile T 1.00 
16 1024 Pile T 1.00 
16 1024 Pile T 1.00 
16 1024 Pile T 1.00 
10 1024 PS P5 Idle "" 
10 1024 PS P5 Tr "b32" 
11 1024 P6 6_5_b32 "16" TTP C
12 1024 P5 6_5_b32 "16" TTP C
17 1024 Pile T 1.00 
16 1024 Pile T 1.00 
16 1024 Pile T 1.00 
16 1024 Pile T 1.00 
16 1024 Pile T 1.00 
10 1024 PS P6 Idle "" 
10 1024 PS P6 Tr "b44" 
11 1024 P7 7_6_b44 "16" TTP C
12 1024 P6 7_6_b44 "16" TTP C
17 1024 Pile T 1.00 
16 1024 Pile T 1.00 
16 1024 Pile T 1.00 
16 1024 Pile T 1.00 
16 1024 Pile T 1.00 
10 1024 PS P7 Idle "" 
10 1024 PS P7 Tr "b43" 
11 1024 P9 9_7_b43 "16" TTP C
12 1024 P7 9_7_b43 "16" TTP C
17 1024 Pile T 1.00 
16 1024 Pile T 1.00 
16 1024 Pile T 1.00 
16 1024 Pile T 1.00 
16 1024 Pile T 1.00 
10 1024 PS P8 Idle "" 
10 1024 PS P8 Tr "b42" 
11 1024 P3 3_8_b42 "16" TTP C
12 1024 P8 3_8_b42 "16" TTP C
17 1024 Pile T 1.00 
16 1024 Pile T 1.00 
16 1024 Pile T 1.00 
16 1024 Pile T 1.00 
16 1024 Pile T 1.00 
10 1024 PS P9 Idle "" 
10 1024 PS P9 Tr "b41" 
11 1024 P0 0_9_b41 "16" TTP C
12 1024 P9 0_9_b41 "16" TTP C
10 1040 PS P2 Tr "b34" 
11 1040 P0 0_2_b34 "16" TTP C
12 1040 P2 0_2_b34 "16" TTP C
10 1040 PS P3 Tr "a13" 
11 1040 P0 0_3_a13 "16" TTP C
12 1040 P3 0_3_a13 "16" TTP C
10 1040 PS P4 Tr "a13" 
11 1040 P0 0_4_a13 "16" TTP C
12 1040 P4 0_4_a13 "16" TTP C
10 1040 PS P5 Tr "a13" 
11 1040 P0 0_5_a13 "16" TTP C
12 1040 P5 0_5_a13 "16" TTP C
10 1040 PS P6 Tr "a14" 
11 1040 P1 1_6_a14 "16" TTP C
12 1040 P6 1_6_a14 "16" TTP C
10 1040 PS P7 Tr "a14" 
11 1040 P1 1_7_a14 "16" TTP C
12 1040 P7 1_7_a14 "16" TTP C
10 1040 PS P8 Tr "a14" 
11 1040 P1 1_8_a14 "16" TTP C
12 1040 P8 1_8_a14 "16" TTP C
10 1040 PS P9 Tr "a14" 
11 1040 P1 1_9_a14 "16" TTP C
12 1040 P9 1_9_a14 "16" TTP C
10 1056 PS P2 Exec "a13*b34" 
10 1056 PS P3 Exec "a13*b33" 
10 1056 PS P4 Exec "a13*b31" 
10 1056 PS P5 Exec "a13*b32" 
10 1056 PS P6 Exec "a14*b44" 
10 1056 PS P7 Exec "a14*b43" 
10 1056 PS P8 Exec "a14*b42" 
10 1056 PS P9 Exec "a14*b41" 
17 1072 Pile T 1.00 
10 1072 PS P0 Idle "" 
10 1072 PS P0 Exec "a44*b41" 
17 1088 Pile T 1.00 
10 1088 PS P1 Idle "" 
10 1088 PS P1 Tr "a44" 
11 1088 P0 0_1_a44 "16" TTP C
12 1088 P1 0_1_a44 "16" TTP C
10 1104 PS P1 Tr "b43" 
11 1104 P9 9_1_b43 "16" TTP C
12 1104 P1 9_1_b43 "16" TTP C
17 1120 Pile T 1.00 
10 1120 PS P2 Idle "" 
10 1120 PS P2 Tr "a44" 
11 1120 P0 0_2_a44 "16" TTP C
12 1120 P2 0_2_a44 "16" TTP C
17 1120 Pile T 1.00 
10 1120 PS P3 Idle "" 
10 1120 PS P3 Tr "a44" 
11 1120 P0 0_3_a44 "16" TTP C
12 1120 P3 0_3_a44 "16" TTP C
17 1120 Pile T 1.00 
10 1120 PS P4 Idle "" 
10 1120 PS P4 Tr "a21" 
11 1120 P1 1_4_a21 "16" TTP C
12 1120 P4 1_4_a21 "16" TTP C
17 1120 Pile T 1.00 
10 1120 PS P5 Idle "" 
10 1120 PS P5 Tr "b13" 
11 1120 P8 8_5_b13 "16" TTP C
12 1120 P5 8_5_b13 "16" TTP C
17 1120 Pile T 1.00 
10 1120 PS P6 Idle "" 
10 1120 PS P6 Tr "a21" 
11 1120 P1 1_6_a21 "16" TTP C
12 1120 P6 1_6_a21 "16" TTP C
17 1120 Pile T 1.00 
10 1120 PS P7 Idle "" 
10 1120 PS P7 Tr "b11" 
11 1120 P2 2_7_b11 "16" TTP C
12 1120 P7 2_7_b11 "16" TTP C
17 1120 Pile T 1.00 
10 1120 PS P8 Idle "" 
10 1120 PS P8 Tr "a24" 
11 1120 P0 0_8_a24 "16" TTP C
12 1120 P8 0_8_a24 "16" TTP C
17 1120 Pile T 1.00 
10 1120 PS P9 Idle "" 
10 1120 PS P9 Tr "a24" 
11 1120 P0 0_9_a24 "16" TTP C
12 1120 P9 0_9_a24 "16" TTP C
10 1120 PS P1 Exec "a44*b43" 
17 1136 Pile T 1.00 
10 1136 PS P0 Idle "" 
10 1136 PS P0 Tr "b42" 
11 1136 P3 3_0_b42 "16" TTP C
12 1136 P0 3_0_b42 "16" TTP C
10 1136 PS P2 Tr "b44" 
11 1136 P7 7_2_b44 "16" TTP C
12 1136 P2 7_2_b44 "16" TTP C
10 1136 PS P3 Exec "a44*b42" 
10 1136 PS P4 Tr "b12" 
11 1136 P5 5_4_b12 "16" TTP C
12 1136 P4 5_4_b12 "16" TTP C
10 1136 PS P5 Tr "a21" 
11 1136 P1 1_5_a21 "16" TTP C
12 1136 P5 1_5_a21 "16" TTP C
10 1136 PS P6 Tr "b14" 
11 1136 P0 0_6_b14 "16" TTP C
12 1136 P6 0_6_b14 "16" TTP C
10 1136 PS P7 Tr "a21" 
11 1136 P1 1_7_a21 "16" TTP C
12 1136 P7 1_7_a21 "16" TTP C
10 1136 PS P8 Tr "b44" 
11 1136 P7 7_8_b44 "16" TTP C
12 1136 P8 7_8_b44 "16" TTP C
10 1136 PS P9 Exec "a24*b43" 
10 1152 PS P0 Exec "a24*b42" 
10 1152 PS P2 Exec "a44*b44" 
10 1152 PS P4 Exec "a21*b12" 
10 1152 PS P5 Exec "a21*b13" 
10 1152 PS P6 Exec "a21*b14" 
10 1152 PS P7 Exec "a21*b11" 
10 1152 PS P8 Exec "a24*b44" 
17 1184 Pile T 1.00 
10 1184 PS P1 Idle "" 
10 1184 PS P1 Tr "b41" 
11 1184 P0 0_1_b41 "16" TTP C
12 1184 P1 0_1_b41 "16" TTP C
17 1200 Pile T 1.00 
10 1200 PS P3 Idle "" 
10 1200 PS P3 Tr "a32" 
11 1200 P1 1_3_a32 "16" TTP C
12 1200 P3 1_3_a32 "16" TTP C
17 1200 Pile T 1.00 
10 1200 PS P9 Idle "" 
10 1200 PS P9 Tr "b24" 
11 1200 P1 1_9_b24 "16" TTP C
12 1200 P9 1_9_b24 "16" TTP C
10 1200 PS P1 Tr "a24" 
11 1200 P0 0_1_a24 "16" TTP C
12 1200 P1 0_1_a24 "16" TTP C
17 1216 Pile T 1.00 
10 1216 PS P0 Idle "" 
10 1216 PS P0 Tr "a32" 
11 1216 P1 1_0_a32 "16" TTP C
12 1216 P0 1_0_a32 "16" TTP C
17 1216 Pile T 1.00 
10 1216 PS P2 Idle "" 
10 1216 PS P2 Tr "b23" 
11 1216 P0 0_2_b23 "16" TTP C
12 1216 P2 0_2_b23 "16" TTP C
17 1216 Pile T 1.00 
10 1216 PS P4 Idle "" 
10 1216 PS P4 Tr "a42" 
11 1216 P2 2_4_a42 "16" TTP C
12 1216 P4 2_4_a42 "16" TTP C
17 1216 Pile T 1.00 
10 1216 PS P5 Idle "" 
10 1216 PS P5 Tr "b21" 
11 1216 P0 0_5_b21 "16" TTP C
12 1216 P5 0_5_b21 "16" TTP C
17 1216 Pile T 1.00 
10 1216 PS P6 Idle "" 
10 1216 PS P6 Tr "a42" 
11 1216 P2 2_6_a42 "16" TTP C
12 1216 P6 2_6_a42 "16" TTP C
17 1216 Pile T 1.00 
10 1216 PS P7 Idle "" 
10 1216 PS P7 Tr "a42" 
11 1216 P2 2_7_a42 "16" TTP C
12 1216 P7 2_7_a42 "16" TTP C
17 1216 Pile T 1.00 
10 1216 PS P8 Idle "" 
10 1216 PS P8 Tr "b31" 
11 1216 P0 0_8_b31 "16" TTP C
12 1216 P8 0_8_b31 "16" TTP C
10 1216 PS P3 Tr "b22" 
11 1216 P4 4_3_b22 "16" TTP C
12 1216 P3 4_3_b22 "16" TTP C
10 1216 PS P9 Tr "a32" 
11 1216 P1 1_9_a32 "16" TTP C
12 1216 P9 1_9_a32 "16" TTP C
10 1216 PS P1 Exec "a24*b41" 
10 1232 PS P0 Exec "a32*b21" 
10 1232 PS P2 Tr "a32" 
11 1232 P1 1_2_a32 "16" TTP C
12 1232 P2 1_2_a32 "16" TTP C
10 1232 PS P4 Exec "a42*b22" 
10 1232 PS P5 Tr "a42" 
11 1232 P2 2_5_a42 "16" TTP C
12 1232 P5 2_5_a42 "16" TTP C
10 1232 PS P6 Tr "b24" 
11 1232 P1 1_6_b24 "16" TTP C
12 1232 P6 1_6_b24 "16" TTP C
10 1232 PS P7 Tr "b23" 
11 1232 P0 0_7_b23 "16" TTP C
12 1232 P7 0_7_b23 "16" TTP C
10 1232 PS P8 Tr "a23" 
11 1232 P3 3_8_a23 "16" TTP C
12 1232 P8 3_8_a23 "16" TTP C
10 1232 PS P3 Exec "a32*b22" 
10 1232 PS P9 Exec "a32*b24" 
10 1248 PS P2 Exec "a32*b23" 
10 1248 PS P5 Exec "a42*b21" 
10 1248 PS P6 Exec "a42*b24" 
10 1248 PS P7 Exec "a42*b23" 
10 1248 PS P8 Exec "a23*b31" 
17 1280 Pile T 1.00 
10 1280 PS P1 Idle "" 
10 1280 PS P1 Tr "a23" 
11 1280 P3 3_1_a23 "16" TTP C
12 1280 P1 3_1_a23 "16" TTP C
17 1296 Pile T 1.00 
10 1296 PS P0 Idle "" 
10 1296 PS P0 Tr "a23" 
11 1296 P3 3_0_a23 "16" TTP C
12 1296 P0 3_0_a23 "16" TTP C
17 1296 Pile T 1.00 
10 1296 PS P4 Idle "" 
10 1296 PS P4 Tr "b34" 
11 1296 P0 0_4_b34 "16" TTP C
12 1296 P4 0_4_b34 "16" TTP C
17 1296 Pile T 1.00 
10 1296 PS P3 Idle "" 
10 1296 PS P3 Tr "a41" 
11 1296 P4 4_3_a41 "16" TTP C
12 1296 P3 4_3_a41 "16" TTP C
17 1296 Pile T 1.00 
10 1296 PS P9 Idle "" 
10 1296 PS P9 Tr "a41" 
11 1296 P4 4_9_a41 "16" TTP C
12 1296 P9 4_9_a41 "16" TTP C
10 1296 PS P1 Exec "a23*b33" 
17 1312 Pile T 1.00 
10 1312 PS P2 Idle "" 
10 1312 PS P2 Tr "a41" 
11 1312 P4 4_2_a41 "16" TTP C
12 1312 P2 4_2_a41 "16" TTP C
17 1312 Pile T 1.00 
10 1312 PS P5 Idle "" 
10 1312 PS P5 Tr "a41" 
11 1312 P4 4_5_a41 "16" TTP C
12 1312 P5 4_5_a41 "16" TTP C
17 1312 Pile T 1.00 
10 1312 PS P6 Idle "" 
10 1312 PS P6 Tr "b11" 
11 1312 P2 2_6_b11 "16" TTP C
12 1312 P6 2_6_b11 "16" TTP C
17 1312 Pile T 1.00 
10 1312 PS P7 Idle "" 
10 1312 PS P7 Tr "b12" 
11 1312 P5 5_7_b12 "16" TTP C
12 1312 P7 5_7_b12 "16" TTP C
17 1312 Pile T 1.00 
16 1312 Pile T 1.00 
10 1312 PS P8 Idle "" 
10 1312 PS P8 Tr "b14" 
11 1312 P0 0_8_b14 "16" TTP C
12 1312 P8 0_8_b14 "16" TTP C
10 1312 PS P0 Exec "a23*b32" 
10 1312 PS P4 Tr "a23" 
11 1312 P3 3_4_a23 "16" TTP C
12 1312 P4 3_4_a23 "16" TTP C
10 1312 PS P3 Tr "b12" 
11 1312 P5 5_3_b12 "16" TTP C
12 1312 P3 5_3_b12 "16" TTP C
10 1312 PS P9 Tr "b13" 
11 1312 P8 8_9_b13 "16" TTP C
12 1312 P9 8_9_b13 "16" TTP C
10 1328 PS P2 Exec "a41*b11" 
10 1328 PS P5 Tr "b14" 
11 1328 P0 0_5_b14 "16" TTP C
12 1328 P5 0_5_b14 "16" TTP C
10 1328 PS P6 Tr "a31" 
11 1328 P5 5_6_a31 "16" TTP C
12 1328 P6 5_6_a31 "16" TTP C
10 1328 PS P7 Tr "a31" 
11 1328 P5 5_7_a31 "16" TTP C
12 1328 P7 5_7_a31 "16" TTP C
10 1328 PS P8 Tr "a31" 
11 1328 P5 5_8_a31 "16" TTP C
12 1328 P8 5_8_a31 "16" TTP C
10 1328 PS P4 Exec "a23*b34" 
10 1328 PS P3 Exec "a41*b12" 
10 1328 PS P9 Exec "a41*b13" 
10 1344 PS P5 Exec "a41*b14" 
10 1344 PS P6 Exec "a31*b11" 
10 1344 PS P7 Exec "a31*b12" 
10 1344 PS P8 Exec "a31*b14" 
17 1360 Pile T 1.00 
16 1360 Pile T 1.00 
10 1360 PS P1 Idle "" 
10 1360 PS P1 Tr "a31" 
11 1360 P5 5_1_a31 "16" TTP C
12 1360 P1 5_1_a31 "16" TTP C
17 1376 Pile T 1.00 
16 1376 Pile T 1.00 
10 1376 PS P0 Idle "" 
10 1376 PS P0 Tr "a11" 
11 1376 P6 6_0_a11 "16" TTP C
12 1376 P0 6_0_a11 "16" TTP C
10 1376 PS P1 Tr "b13" 
11 1376 P8 8_1_b13 "16" TTP C
12 1376 P1 8_1_b13 "16" TTP C
17 1392 Pile T 1.00 
16 1392 Pile T 1.00 
10 1392 PS P2 Idle "" 
10 1392 PS P2 Tr "b12" 
11 1392 P5 5_2_b12 "16" TTP C
12 1392 P2 5_2_b12 "16" TTP C
17 1392 Pile T 1.00 
16 1392 Pile T 1.00 
10 1392 PS P4 Idle "" 
10 1392 PS P4 Tr "a11" 
11 1392 P6 6_4_a11 "16" TTP C
12 1392 P4 6_4_a11 "16" TTP C
17 1392 Pile T 1.00 
16 1392 Pile T 1.00 
10 1392 PS P3 Idle "" 
10 1392 PS P3 Tr "a11" 
11 1392 P6 6_3_a11 "16" TTP C
12 1392 P3 6_3_a11 "16" TTP C
17 1392 Pile T 1.00 
16 1392 Pile T 1.00 
10 1392 PS P9 Idle "" 
10 1392 PS P9 Tr "a33" 
11 1392 P7 7_9_a33 "16" TTP C
12 1392 P9 7_9_a33 "16" TTP C
10 1392 PS P0 Exec "a11*b14" 
10 1392 PS P1 Exec "a31*b13" 
17 1408 Pile T 1.00 
16 1408 Pile T 1.00 
10 1408 PS P5 Idle "" 
10 1408 PS P5 Tr "b31" 
11 1408 P0 0_5_b31 "16" TTP C
12 1408 P5 0_5_b31 "16" TTP C
17 1408 Pile T 1.00 
10 1408 PS P6 Idle "" 
10 1408 PS P6 Tr "a33" 
11 1408 P7 7_6_a33 "16" TTP C
12 1408 P6 7_6_a33 "16" TTP C
17 1408 Pile T 1.00 
10 1408 PS P7 Idle "" 
10 1408 PS P7 Tr "b34" 
11 1408 P0 0_7_b34 "16" TTP C
12 1408 P7 0_7_b34 "16" TTP C
17 1408 Pile T 1.00 
10 1408 PS P8 Idle "" 
10 1408 PS P8 Tr "b23" 
11 1408 P0 0_8_b23 "16" TTP C
12 1408 P8 0_8_b23 "16" TTP C
10 1408 PS P2 Tr "a11" 
11 1408 P6 6_2_a11 "16" TTP C
12 1408 P2 6_2_a11 "16" TTP C
10 1408 PS P4 Tr "b13" 
11 1408 P8 8_4_b13 "16" TTP C
12 1408 P4 8_4_b13 "16" TTP C
10 1408 PS P3 Tr "b11" 
11 1408 P2 2_3_b11 "16" TTP C
12 1408 P3 2_3_b11 "16" TTP C
10 1408 PS P9 Tr "b33" 
11 1408 P0 0_9_b33 "16" TTP C
12 1408 P9 0_9_b33 "16" TTP C
10 1424 PS P5 Tr "a33" 
11 1424 P7 7_5_a33 "16" TTP C
12 1424 P5 7_5_a33 "16" TTP C
10 1424 PS P6 Exec "a33*b32" 
10 1424 PS P7 Exec "a33*b34" 
10 1424 PS P8 Exec "a12*b23" 
10 1424 PS P2 Exec "a11*b12" 
10 1424 PS P4 Exec "a11*b13" 
10 1424 PS P3 Exec "a11*b11" 
10 1424 PS P9 Exec "a33*b33" 
10 1440 PS P5 Exec "a33*b31" 
17 1456 Pile T 1.00 
10 1456 PS P0 Idle "" 
10 1456 PS P0 Tr "a12" 
11 1456 P8 8_0_a12 "16" TTP C
12 1456 P0 8_0_a12 "16" TTP C
17 1456 Pile T 1.00 
10 1456 PS P1 Idle "" 
10 1456 PS P1 Tr "a12" 
11 1456 P8 8_1_a12 "16" TTP C
12 1456 P1 8_1_a12 "16" TTP C
10 1472 PS P0 Exec "a12*b22" 
10 1472 PS P1 Exec "a12*b21" 
17 1488 Pile T 1.00 
10 1488 PS P6 Idle "" 
10 1488 PS P6 Tr "a12" 
11 1488 P8 8_6_a12 "16" TTP C
12 1488 P6 8_6_a12 "16" TTP C
17 1488 Pile T 1.00 
10 1488 PS P7 Idle "" 
10 1488 PS P7 Tr "a34" 
11 1488 P9 9_7_a34 "16" TTP C
12 1488 P7 9_7_a34 "16" TTP C
17 1488 Pile T 1.00 
10 1488 PS P8 Idle "" 
10 1488 PS P8 Tr "b43" 
11 1488 P9 9_8_b43 "16" TTP C
12 1488 P8 9_8_b43 "16" TTP C
17 1488 Pile T 1.00 
10 1488 PS P2 Idle "" 
10 1488 PS P2 Tr "b42" 
11 1488 P3 3_2_b42 "16" TTP C
12 1488 P2 3_2_b42 "16" TTP C
17 1488 Pile T 1.00 
16 1488 Pile T 1.00 
10 1488 PS P4 Idle "" 
10 1488 PS P4 Tr "b41" 
11 1488 P0 0_4_b41 "16" TTP C
12 1488 P4 0_4_b41 "16" TTP C
17 1488 Pile T 1.00 
10 1488 PS P3 Idle "" 
10 1488 PS P3 Tr "a24*b41" 
11 1488 P1 1_3_a24*b41 "16" TTP C
12 1488 P3 1_3_a24*b41 "16" TTP C
17 1488 Pile T 1.00 
10 1488 PS P9 Idle "" 
10 1488 PS P9 Tr "a22*b23" 
11 1488 P0 0_9_a22*b23 "16" TTP C
12 1488 P9 0_9_a22*b23 "16" TTP C
17 1504 Pile T 1.00 
10 1504 PS P5 Idle "" 
10 1504 PS P5 Tr "a22*b22" 
11 1504 P0 0_5_a22*b22 "16" TTP C
12 1504 P5 0_5_a22*b22 "16" TTP C
10 1504 PS P6 Exec "a12*b24" 
10 1504 PS P7 Exec "a34*b44" 
10 1504 PS P8 Tr "a34" 
11 1504 P9 9_8_a34 "16" TTP C
12 1504 P8 9_8_a34 "16" TTP C
10 1504 PS P2 Tr "a34" 
11 1504 P9 9_2_a34 "16" TTP C
12 1504 P2 9_2_a34 "16" TTP C
10 1504 PS P4 Tr "a34" 
11 1504 P9 9_4_a34 "16" TTP C
12 1504 P4 9_4_a34 "16" TTP C
10 1504 PS P3 Tr "a21*b11" 
11 1504 P7 7_3_a21*b11 "16" TTP C
12 1504 P3 7_3_a21*b11 "16" TTP C
10 1504 PS P9 Tr "a23*b33" 
11 1504 P1 1_9_a23*b33 "16" TTP C
12 1504 P9 1_9_a23*b33 "16" TTP C
10 1520 PS P5 Tr "a21*b12" 
11 1520 P4 4_5_a21*b12 "16" TTP C
12 1520 P5 4_5_a21*b12 "16" TTP C
10 1520 PS P8 Exec "a34*b43" 
10 1520 PS P2 Exec "a34*b42" 
10 1520 PS P4 Exec "a34*b41" 
10 1520 PS P3 Tr "a23*b31" 
11 1520 P8 8_3_a23*b31 "16" TTP C
12 1520 P3 8_3_a23*b31 "16" TTP C
10 1520 PS P9 Tr "a21*b13" 
11 1520 P5 5_9_a21*b13 "16" TTP C
12 1520 P9 5_9_a21*b13 "16" TTP C
17 1536 Pile T 1.00 
16 1536 Pile T 1.00 
10 1536 PS P0 Idle "" 
10 1536 PS P0 Tr "a42*b21" 
11 1536 P5 5_0_a42*b21 "16" TTP C
12 1536 P0 5_0_a42*b21 "16" TTP C
17 1536 Pile T 1.00 
16 1536 Pile T 1.00 
10 1536 PS P1 Idle "" 
10 1536 PS P1 Tr "a21*b14" 
11 1536 P6 6_1_a21*b14 "16" TTP C
12 1536 P1 6_1_a21*b14 "16" TTP C
10 1536 PS P5 Tr "a23*b32" 
11 1536 P0 0_5_a23*b32 "16" TTP C
12 1536 P5 0_5_a23*b32 "16" TTP C
10 1536 PS P3 Tr "a22*b21" 
11 1536 P1 1_3_a22*b21 "16" TTP C
12 1536 P3 1_3_a22*b21 "16" TTP C
10 1536 PS P9 Exec "C23" 
10 1552 PS P0 Tr "a41*b11" 
11 1552 P2 2_0_a41*b11 "16" TTP C
12 1552 P0 2_0_a41*b11 "16" TTP C
10 1552 PS P1 Tr "a24*b44" 
11 1552 P8 8_1_a24*b44 "16" TTP C
12 1552 P1 8_1_a24*b44 "16" TTP C
10 1552 PS P5 Tr "a24*b42" 
11 1552 P0 0_5_a24*b42 "16" TTP C
12 1552 P5 0_5_a24*b42 "16" TTP C
10 1552 PS P3 Exec "C21" 
17 1568 Pile T 1.00 
16 1568 Pile T 1.00 
10 1568 PS P6 Idle "" 
10 1568 PS P6 Tr "a43*b32" 
11 1568 P0 0_6_a43*b32 "16" TTP C
12 1568 P6 0_6_a43*b32 "16" TTP C
17 1568 Pile T 1.00 
16 1568 Pile T 1.00 
10 1568 PS P7 Idle "" 
10 1568 PS P7 Tr "a43*b33" 
11 1568 P1 1_7_a43*b33 "16" TTP C
12 1568 P7 1_7_a43*b33 "16" TTP C
10 1568 PS P0 Exec "C41" 
10 1568 PS P1 Tr "a23*b34" 
11 1568 P4 4_1_a23*b34 "16" TTP C
12 1568 P1 4_1_a23*b34 "16" TTP C
10 1568 PS P5 Exec "C22" 
17 1584 Pile T 1.00 
16 1584 Pile T 1.00 
10 1584 PS P8 Idle "" 
10 1584 PS P8 Tr "a44*b44" 
11 1584 P2 2_8_a44*b44 "16" TTP C
12 1584 P8 2_8_a44*b44 "16" TTP C
17 1584 Pile T 1.00 
16 1584 Pile T 1.00 
10 1584 PS P2 Idle "" 
10 1584 PS P2 Tr "a11*b13" 
11 1584 P4 4_2_a11*b13 "16" TTP C
12 1584 P2 4_2_a11*b13 "16" TTP C
17 1584 Pile T 1.00 
16 1584 Pile T 1.00 
10 1584 PS P4 Idle "" 
10 1584 PS P4 Tr "a12*b22" 
11 1584 P0 0_4_a12*b22 "16" TTP C
12 1584 P4 0_4_a12*b22 "16" TTP C
10 1584 PS P6 Tr "a41*b12" 
11 1584 P3 3_6_a41*b12 "16" TTP C
12 1584 P6 3_6_a41*b12 "16" TTP C
10 1584 PS P7 Tr "a41*b13" 
11 1584 P9 9_7_a41*b13 "16" TTP C
12 1584 P7 9_7_a41*b13 "16" TTP C
10 1584 PS P1 Exec "C24" 
17 1600 Pile T 1.00 
10 1600 PS P9 Idle "" 
10 1600 PS P9 Tr "a13*b31" 
11 1600 P4 4_9_a13*b31 "16" TTP C
12 1600 P9 4_9_a13*b31 "16" TTP C
10 1600 PS P8 Tr "a41*b14" 
11 1600 P5 5_8_a41*b14 "16" TTP C
12 1600 P8 5_8_a41*b14 "16" TTP C
10 1600 PS P2 Tr "a13*b33" 
11 1600 P3 3_2_a13*b33 "16" TTP C
12 1600 P2 3_2_a13*b33 "16" TTP C
10 1600 PS P4 Tr "a13*b32" 
11 1600 P5 5_4_a13*b32 "16" TTP C
12 1600 P4 5_4_a13*b32 "16" TTP C
10 1600 PS P6 Tr "a42*b22" 
11 1600 P4 4_6_a42*b22 "16" TTP C
12 1600 P6 4_6_a42*b22 "16" TTP C
10 1600 PS P7 Tr "a44*b43" 
11 1600 P1 1_7_a44*b43 "16" TTP C
12 1600 P7 1_7_a44*b43 "16" TTP C
17 1616 Pile T 1.00 
10 1616 PS P3 Idle "" 
10 1616 PS P3 Tr "a13*b34" 
11 1616 P2 2_3_a13*b34 "16" TTP C
12 1616 P3 2_3_a13*b34 "16" TTP C
10 1616 PS P9 Tr "a12*b21" 
11 1616 P1 1_9_a12*b21 "16" TTP C
12 1616 P9 1_9_a12*b21 "16" TTP C
10 1616 PS P8 Tr "a43*b34" 
11 1616 P1 1_8_a43*b34 "16" TTP C
12 1616 P8 1_8_a43*b34 "16" TTP C
10 1616 PS P2 Tr "a14*b43" 
11 1616 P7 7_2_a14*b43 "16" TTP C
12 1616 P2 7_2_a14*b43 "16" TTP C
10 1616 PS P4 Tr "a14*b42" 
11 1616 P8 8_4_a14*b42 "16" TTP C
12 1616 P4 8_4_a14*b42 "16" TTP C
10 1616 PS P6 Tr "a44*b42" 
11 1616 P3 3_6_a44*b42 "16" TTP C
12 1616 P6 3_6_a44*b42 "16" TTP C
10 1616 PS P7 Exec "C43" 
17 1632 Pile T 1.00 
10 1632 PS P0 Idle "" 
10 1632 PS P0 Tr "a33*b34" 
11 1632 P7 7_0_a33*b34 "16" TTP C
12 1632 P0 7_0_a33*b34 "16" TTP C
17 1632 Pile T 1.00 
10 1632 PS P5 Idle "" 
10 1632 PS P5 Tr "a32*b23" 
11 1632 P2 2_5_a32*b23 "16" TTP C
12 1632 P5 2_5_a32*b23 "16" TTP C
10 1632 PS P3 Tr "a11*b14" 
11 1632 P0 0_3_a11*b14 "16" TTP C
12 1632 P3 0_3_a11*b14 "16" TTP C
10 1632 PS P9 Tr "a11*b11" 
11 1632 P3 3_9_a11*b11 "16" TTP C
12 1632 P9 3_9_a11*b11 "16" TTP C
10 1632 PS P8 Tr "a42*b24" 
11 1632 P6 6_8_a42*b24 "16" TTP C
12 1632 P8 6_8_a42*b24 "16" TTP C
10 1632 PS P2 Tr "a12*b23" 
11 1632 P8 8_2_a12*b23 "16" TTP C
12 1632 P2 8_2_a12*b23 "16" TTP C
10 1632 PS P4 Tr "a11*b12" 
11 1632 P2 2_4_a11*b12 "16" TTP C
12 1632 P4 2_4_a11*b12 "16" TTP C
10 1632 PS P6 Exec "C42" 
17 1648 Pile T 1.00 
10 1648 PS P1 Idle "" 
10 1648 PS P1 Tr "a31*b12" 
11 1648 P7 7_1_a31*b12 "16" TTP C
12 1648 P1 7_1_a31*b12 "16" TTP C
10 1648 PS P0 Tr "a34*b44" 
11 1648 P7 7_0_a34*b44 "16" TTP C
12 1648 P0 7_0_a34*b44 "16" TTP C
10 1648 PS P5 Tr "a33*b33" 
11 1648 P9 9_5_a33*b33 "16" TTP C
12 1648 P5 9_5_a33*b33 "16" TTP C
10 1648 PS P3 Tr "a14*b44" 
11 1648 P6 6_3_a14*b44 "16" TTP C
12 1648 P3 6_3_a14*b44 "16" TTP C
10 1648 PS P9 Exec "C11" 
10 1648 PS P8 Exec "C44" 
10 1648 PS P2 Exec "C13" 
10 1648 PS P4 Exec "C12" 
10 1664 PS P1 Tr "a34*b42" 
11 1664 P2 2_1_a34*b42 "16" TTP C
12 1664 P1 2_1_a34*b42 "16" TTP C
10 1664 PS P0 Tr "a31*b14" 
11 1664 P8 8_0_a31*b14 "16" TTP C
12 1664 P0 8_0_a31*b14 "16" TTP C
10 1664 PS P5 Tr "a34*b43" 
11 1664 P8 8_5_a34*b43 "16" TTP C
12 1664 P5 8_5_a34*b43 "16" TTP C
10 1664 PS P3 Tr "a12*b24" 
11 1664 P6 6_3_a12*b24 "16" TTP C
12 1664 P3 6_3_a12*b24 "16" TTP C
17 1680 Pile T 1.00 
10 1680 PS P7 Idle "" 
10 1680 PS P7 Tr "a31*b11" 
11 1680 P6 6_7_a31*b11 "16" TTP C
12 1680 P7 6_7_a31*b11 "16" TTP C
10 1680 PS P1 Tr "a33*b32" 
11 1680 P6 6_1_a33*b32 "16" TTP C
12 1680 P1 6_1_a33*b32 "16" TTP C
10 1680 PS P0 Tr "a32*b24" 
11 1680 P9 9_0_a32*b24 "16" TTP C
12 1680 P0 9_0_a32*b24 "16" TTP C
10 1680 PS P5 Tr "a31*b13" 
11 1680 P1 1_5_a31*b13 "16" TTP C
12 1680 P5 1_5_a31*b13 "16" TTP C
10 1680 PS P3 Exec "C14" 
17 1696 Pile T 1.00 
10 1696 PS P6 Idle "" 
10 1696 PS P7 Tr "a34*b41" 
11 1696 P4 4_7_a34*b41 "16" TTP C
12 1696 P7 4_7_a34*b41 "16" TTP C
10 1696 PS P1 Tr "a32*b22" 
11 1696 P3 3_1_a32*b22 "16" TTP C
12 1696 P1 3_1_a32*b22 "16" TTP C
10 1696 PS P0 Exec "C34" 
10 1696 PS P5 Exec "C33" 
17 1712 Pile T 1.00 
10 1712 PS P9 Idle "" 
17 1712 Pile T 1.00 
10 1712 PS P8 Idle "" 
17 1712 Pile T 1.00 
10 1712 PS P2 Idle "" 
17 1712 Pile T 1.00 
10 1712 PS P4 Idle "" 
10 1712 PS P7 Tr "a33*b31" 
11 1712 P5 5_7_a33*b31 "16" TTP C
12 1712 P7 5_7_a33*b31 "16" TTP C
10 1712 PS P1 Exec "C32" 
10 1728 PS P7 Tr "a32*b21" 
11 1728 P0 0_7_a32*b21 "16" TTP C
12 1728 P7 0_7_a32*b21 "16" TTP C
17 1744 Pile T 1.00 
10 1744 PS P3 Idle "" 
10 1744 PS P7 Exec "C31" 
17 1760 Pile T 1.00 
10 1760 PS P0 Idle "" 
17 1760 Pile T 1.00 
10 1760 PS P5 Idle "" 
17 1776 Pile T 1.00 
10 1776 PS P1 Idle "" 
17 1808 Pile T 1.00 
16 1808 Pile T 1.00 
10 1808 PS P7 Idle "" 
10 1808 PS P7 Tr "C21" 
11 1808 P3 3_7_C21 "16" TTP C
12 1808 P7 3_7_C21 "16" TTP C
10 1824 PS P7 Tr "C42" 
11 1824 P6 6_7_C42 "16" TTP C
12 1824 P7 6_7_C42 "16" TTP C
10 1840 PS P7 Tr "C24" 
11 1840 P1 1_7_C24 "16" TTP C
12 1840 P7 1_7_C24 "16" TTP C
10 1856 PS P7 Tr "C22" 
11 1856 P5 5_7_C22 "16" TTP C
12 1856 P7 5_7_C22 "16" TTP C
10 1872 PS P7 Tr "C13" 
11 1872 P2 2_7_C13 "16" TTP C
12 1872 P7 2_7_C13 "16" TTP C
10 1888 PS P7 Tr "C12" 
11 1888 P4 4_7_C12 "16" TTP C
12 1888 P7 4_7_C12 "16" TTP C
10 1904 PS P7 Tr "C33" 
11 1904 P5 5_7_C33 "16" TTP C
12 1904 P7 5_7_C33 "16" TTP C
10 1920 PS P7 Tr "C34" 
11 1920 P0 0_7_C34 "16" TTP C
12 1920 P7 0_7_C34 "16" TTP C
10 1936 PS P7 Tr "C14" 
11 1936 P3 3_7_C14 "16" TTP C
12 1936 P7 3_7_C14 "16" TTP C
10 1952 PS P7 Tr "C41" 
11 1952 P0 0_7_C41 "16" TTP C
12 1952 P7 0_7_C41 "16" TTP C
10 1968 PS P7 Tr "C44" 
11 1968 P8 8_7_C44 "16" TTP C
12 1968 P7 8_7_C44 "16" TTP C
10 1984 PS P7 Tr "C11" 
11 1984 P9 9_7_C11 "16" TTP C
12 1984 P7 9_7_C11 "16" TTP C
10 2000 PS P7 Tr "C32" 
11 2000 P1 1_7_C32 "16" TTP C
12 2000 P7 1_7_C32 "16" TTP C
10 2016 PS P7 Tr "C23" 
11 2016 P9 9_7_C23 "16" TTP C
12 2016 P7 9_7_C23 "16" TTP C
10 2032 PS P7 Exec "Fusion" 
17 2544 Pile T 1.00 
10 2544 PS P7 Idle "" 
8 2544 Pile PL
8 2544 P7 Pr
8 2544 P1 Pr
8 2544 P5 Pr
8 2544 P0 Pr
8 2544 P3 Pr
8 2544 P4 Pr
8 2544 P2 Pr
8 2544 P8 Pr
8 2544 P9 Pr
8 2544 P6 Pr
8 2544 TTP P
