%EventDef PajeDefineContainerType 1
% Alias string
% ContainerType string
% Name string
%EndEventDef
%EventDef PajeDefineStateType 3
% Alias string
% ContainerType string
% Name string
%EndEventDef
%EventDef PajeDefineLinkType 4
% Name string
% ContainerType string
% SourceContainerType string
% DestContainerType string
% Alias string
%EndEventDef
%EventDef PajeDefineEntityValue 6
% Alias string
% EntityType string
% Name string
% Color color
%EndEventDef
%EventDef PajeCreateContainer 7
% Time date
% Alias string
% Type string
% Container string
% Name string
%EndEventDef
%EventDef PajeDestroyContainer 8
% Time date
% Name string
% Type string
%EndEventDef
%EventDef PajeSetState 10
% Time date
% Type string
% Container string
% Value string
% file string
%EndEventDef
%EventDef PajeStartLink 11
% Time date
% SourceContainer string
% Key string
% Value string
% Container string
% Type string
%EndEventDef
%EventDef PajeEndLink 12
% Time date
% DestContainer string
% Key string
% Value string
% Container string
% Type string
%EndEventDef
%EventDef PajePushState	13
% Time	date
% EntityType	string
% Container	string
% Value	string
%EndEventDef
%EventDef PajeDefineVariableType 14
% Type string
% Name string
% Color color
% Alias string
%EndEventDef
%EventDef PajeSetVariable 15
% Time date
% Container string
% Type string
% Value double
%EndEventDef
%EventDef PajeAddVariable 16
% Time date
% Container string
% Type string
% Value double
%EndEventDef
%EventDef PajeSubVariable 17
% Time date
% Container string
% Type string
% Value double
%EndEventDef
1 P 0 Program
1 Pr P Processors
1 PL P Tasks
3 PS Pr "Processor State"
3 PF Pr "Ready File"
6 Exec PS Executing "2 .0 .1"
6 Idle PS Idle "8 .3 .0"
6 TR PS Transfer "0 .3 .8"
14 PL "Task" "1 .5 .5" T
7 0 TTP P 0 "Plate-forme"
4 "Communication" P Pr Pr C
7 0 Pile PL TTP "Pile 1"
7 0 P0 Pr TTP "P 0" 
10 0 PS P0 Idle "" 
7 0 P1 Pr TTP "P 1" 
10 0 PS P1 Idle "" 
7 0 P2 Pr TTP "P 2" 
10 0 PS P2 Idle "" 
7 0 P3 Pr TTP "P 3" 
10 0 PS P3 Idle "" 
7 0 P4 Pr TTP "P 4" 
10 0 PS P4 Idle "" 
7 0 P5 Pr TTP "P 5" 
10 0 PS P5 Idle "" 
10 0 PS P0 Exec "split-a" 
10 0 PS P1 Exec "split-b3" 
10 0 PS P2 Exec "split-a3" 
10 0 PS P3 Exec "split-b" 
10 0 PS P4 Exec "split-b2" 
10 0 PS P5 Exec "split-a1" 
17 80000 Pile T 1.00 
16 80000 Pile T 1.00 
16 80000 Pile T 1.00 
16 80000 Pile T 1.00 
16 80000 Pile T 1.00 
10 80000 PS P1 Idle "" 
10 80000 PS P1 Exec "split-b1" 
17 80000 Pile T 1.00 
16 80000 Pile T 1.00 
16 80000 Pile T 1.00 
16 80000 Pile T 1.00 
16 80000 Pile T 1.00 
10 80000 PS P2 Idle "" 
10 80000 PS P2 Exec "split-b4" 
17 80000 Pile T 1.00 
16 80000 Pile T 1.00 
16 80000 Pile T 1.00 
16 80000 Pile T 1.00 
16 80000 Pile T 1.00 
10 80000 PS P4 Idle "" 
10 80000 PS P4 Exec "split-a2" 
17 80000 Pile T 1.00 
16 80000 Pile T 1.00 
16 80000 Pile T 1.00 
16 80000 Pile T 1.00 
16 80000 Pile T 1.00 
10 80000 PS P5 Idle "" 
10 80000 PS P5 Exec "split-a4" 
17 160000 Pile T 1.00 
16 160000 Pile T 1.00 
16 160000 Pile T 1.00 
16 160000 Pile T 1.00 
16 160000 Pile T 1.00 
10 160000 PS P1 Idle "" 
10 160000 PS P1 Exec "b32" 
17 160000 Pile T 1.00 
16 160000 Pile T 1.00 
16 160000 Pile T 1.00 
16 160000 Pile T 1.00 
16 160000 Pile T 1.00 
10 160000 PS P2 Idle "" 
10 160000 PS P2 Tr "split-b3" 
11 160000 P1 1_2_split-b3 "40000" TTP C
12 160000 P2 1_2_split-b3 "40000" TTP C
17 160000 Pile T 1.00 
16 160000 Pile T 1.00 
16 160000 Pile T 1.00 
16 160000 Pile T 1.00 
16 160000 Pile T 1.00 
10 160000 PS P4 Idle "" 
10 160000 PS P4 Tr "split-b3" 
11 160000 P1 1_4_split-b3 "40000" TTP C
12 160000 P4 1_4_split-b3 "40000" TTP C
17 160000 Pile T 1.00 
16 160000 Pile T 1.00 
16 160000 Pile T 1.00 
16 160000 Pile T 1.00 
16 160000 Pile T 1.00 
10 160000 PS P5 Idle "" 
10 160000 PS P5 Tr "split-b3" 
11 160000 P1 1_5_split-b3 "40000" TTP C
12 160000 P5 1_5_split-b3 "40000" TTP C
17 160000 Pile T 1.00 
10 160000 PS P1 Idle "" 
10 160000 PS P1 Tr "split-a3" 
11 160000 P2 2_1_split-a3 "40000" TTP C
12 160000 P1 2_1_split-a3 "40000" TTP C
10 200000 PS P2 Exec "b33" 
10 200000 PS P4 Exec "b34" 
10 200000 PS P5 Exec "b31" 
10 200000 PS P1 Exec "a32" 
17 200000 Pile T 1.00 
10 200000 PS P2 Idle "" 
10 200000 PS P2 Exec "a34" 
17 200000 Pile T 1.00 
10 200000 PS P4 Idle "" 
10 200000 PS P4 Tr "split-a3" 
11 200000 P2 2_4_split-a3 "40000" TTP C
12 200000 P4 2_4_split-a3 "40000" TTP C
17 200000 Pile T 1.00 
10 200000 PS P5 Idle "" 
10 200000 PS P5 Tr "split-a3" 
11 200000 P2 2_5_split-a3 "40000" TTP C
12 200000 P5 2_5_split-a3 "40000" TTP C
17 200000 Pile T 1.00 
10 200000 PS P1 Idle "" 
10 200000 PS P1 Tr "split-b2" 
11 200000 P4 4_1_split-b2 "40000" TTP C
12 200000 P1 4_1_split-b2 "40000" TTP C
17 200000 Pile T 1.00 
10 200000 PS P2 Idle "" 
10 200000 PS P2 Tr "split-b2" 
11 200000 P4 4_2_split-b2 "40000" TTP C
12 200000 P2 4_2_split-b2 "40000" TTP C
10 240000 PS P4 Exec "a33" 
10 240000 PS P5 Exec "a31" 
10 240000 PS P1 Exec "b24" 
10 240000 PS P2 Exec "b22" 
17 240000 Pile T 1.00 
10 240000 PS P4 Idle "" 
10 240000 PS P4 Exec "b21" 
17 240000 Pile T 1.00 
10 240000 PS P5 Idle "" 
10 240000 PS P5 Tr "split-b2" 
11 240000 P4 4_5_split-b2 "40000" TTP C
12 240000 P5 4_5_split-b2 "40000" TTP C
17 240000 Pile T 1.00 
16 240000 Pile T 1.00 
16 240000 Pile T 1.00 
10 240000 PS P1 Idle "" 
10 240000 PS P1 Tr "split-a1" 
11 240000 P5 5_1_split-a1 "40000" TTP C
12 240000 P1 5_1_split-a1 "40000" TTP C
17 240000 Pile T 1.00 
16 240000 Pile T 1.00 
16 240000 Pile T 1.00 
10 240000 PS P2 Idle "" 
10 240000 PS P2 Tr "split-a1" 
11 240000 P5 5_2_split-a1 "40000" TTP C
12 240000 P2 5_2_split-a1 "40000" TTP C
17 240000 Pile T 1.00 
16 240000 Pile T 1.00 
16 240000 Pile T 1.00 
10 240000 PS P4 Idle "" 
10 240000 PS P4 Tr "split-a1" 
11 240000 P5 5_4_split-a1 "40000" TTP C
12 240000 P4 5_4_split-a1 "40000" TTP C
10 280000 PS P5 Exec "b23" 
10 280000 PS P1 Exec "a14" 
10 280000 PS P2 Exec "a13" 
10 280000 PS P4 Exec "a12" 
17 280000 Pile T 1.00 
16 280000 Pile T 1.00 
16 280000 Pile T 1.00 
10 280000 PS P5 Idle "" 
10 280000 PS P5 Exec "a11" 
17 280000 Pile T 1.00 
16 280000 Pile T 1.00 
16 280000 Pile T 1.00 
10 280000 PS P1 Idle "" 
10 280000 PS P1 Exec "b13" 
17 280000 Pile T 1.00 
16 280000 Pile T 1.00 
16 280000 Pile T 1.00 
10 280000 PS P2 Idle "" 
10 280000 PS P2 Tr "split-b1" 
11 280000 P1 1_2_split-b1 "40000" TTP C
12 280000 P2 1_2_split-b1 "40000" TTP C
17 280000 Pile T 1.00 
16 280000 Pile T 1.00 
16 280000 Pile T 1.00 
10 280000 PS P4 Idle "" 
10 280000 PS P4 Tr "split-b1" 
11 280000 P1 1_4_split-b1 "40000" TTP C
12 280000 P4 1_4_split-b1 "40000" TTP C
17 280000 Pile T 1.00 
16 280000 Pile T 1.00 
16 280000 Pile T 1.00 
10 280000 PS P5 Idle "" 
10 280000 PS P5 Tr "split-b1" 
11 280000 P1 1_5_split-b1 "40000" TTP C
12 280000 P5 1_5_split-b1 "40000" TTP C
17 280000 Pile T 1.00 
16 280000 Pile T 1.00 
16 280000 Pile T 1.00 
16 280000 Pile T 1.00 
16 280000 Pile T 1.00 
10 280000 PS P1 Idle "" 
10 280000 PS P1 Tr "split-b4" 
11 280000 P2 2_1_split-b4 "40000" TTP C
12 280000 P1 2_1_split-b4 "40000" TTP C
17 320000 Pile T 1.00 
16 320000 Pile T 1.00 
16 320000 Pile T 1.00 
16 320000 Pile T 1.00 
16 320000 Pile T 1.00 
10 320000 PS P0 Idle "" 
10 320000 PS P0 Tr "split-b4" 
11 320000 P2 2_0_split-b4 "40000" TTP C
12 320000 P0 2_0_split-b4 "40000" TTP C
17 320000 Pile T 1.00 
16 320000 Pile T 1.00 
16 320000 Pile T 1.00 
16 320000 Pile T 1.00 
16 320000 Pile T 1.00 
10 320000 PS P3 Idle "" 
10 320000 PS P3 Tr "split-b4" 
11 320000 P2 2_3_split-b4 "40000" TTP C
12 320000 P3 2_3_split-b4 "40000" TTP C
10 320000 PS P2 Exec "b12" 
10 320000 PS P4 Exec "b11" 
10 320000 PS P5 Exec "b14" 
10 320000 PS P1 Exec "b43" 
17 320000 Pile T 1.00 
16 320000 Pile T 1.00 
16 320000 Pile T 1.00 
16 320000 Pile T 1.00 
16 320000 Pile T 1.00 
10 320000 PS P2 Idle "" 
10 320000 PS P2 Exec "b41" 
17 320000 Pile T 1.00 
16 320000 Pile T 1.00 
16 320000 Pile T 1.00 
16 320000 Pile T 1.00 
16 320000 Pile T 1.00 
10 320000 PS P4 Idle "" 
10 320000 PS P4 Exec "a21" 
17 320000 Pile T 1.00 
16 320000 Pile T 1.00 
16 320000 Pile T 1.00 
16 320000 Pile T 1.00 
16 320000 Pile T 1.00 
10 320000 PS P5 Idle "" 
10 320000 PS P5 Tr "split-a2" 
11 320000 P4 4_5_split-a2 "40000" TTP C
12 320000 P5 4_5_split-a2 "40000" TTP C
17 320000 Pile T 1.00 
10 320000 PS P1 Idle "" 
10 320000 PS P1 Tr "split-a2" 
11 320000 P4 4_1_split-a2 "40000" TTP C
12 320000 P1 4_1_split-a2 "40000" TTP C
17 320000 Pile T 1.00 
10 320000 PS P2 Idle "" 
10 320000 PS P2 Tr "split-a2" 
11 320000 P4 4_2_split-a2 "40000" TTP C
12 320000 P2 4_2_split-a2 "40000" TTP C
17 320000 Pile T 1.00 
16 320000 Pile T 1.00 
16 320000 Pile T 1.00 
16 320000 Pile T 1.00 
10 320000 PS P4 Idle "" 
10 320000 PS P4 Tr "split-a4" 
11 320000 P5 5_4_split-a4 "40000" TTP C
12 320000 P4 5_4_split-a4 "40000" TTP C
10 360000 PS P0 Exec "b42" 
10 360000 PS P3 Exec "b44" 
10 360000 PS P5 Exec "a23" 
10 360000 PS P1 Exec "a24" 
10 360000 PS P2 Exec "a22" 
10 360000 PS P4 Exec "a44" 
17 360000 Pile T 1.00 
16 360000 Pile T 1.00 
10 360000 PS P0 Idle "" 
10 360000 PS P0 Tr "split-a4" 
11 360000 P5 5_0_split-a4 "40000" TTP C
12 360000 P0 5_0_split-a4 "40000" TTP C
17 360000 Pile T 1.00 
10 360000 PS P3 Idle "" 
10 360000 PS P3 Tr "split-a4" 
11 360000 P5 5_3_split-a4 "40000" TTP C
12 360000 P3 5_3_split-a4 "40000" TTP C
17 360000 Pile T 1.00 
16 360000 Pile T 1.00 
16 360000 Pile T 1.00 
16 360000 Pile T 1.00 
16 360000 Pile T 1.00 
10 360000 PS P5 Idle "" 
10 360000 PS P5 Exec "a43" 
17 360000 Pile T 1.00 
16 360000 Pile T 1.00 
16 360000 Pile T 1.00 
16 360000 Pile T 1.00 
16 360000 Pile T 1.00 
10 360000 PS P1 Idle "" 
10 360000 PS P1 Exec "rlc42" 
17 360000 Pile T 1.00 
16 360000 Pile T 1.00 
16 360000 Pile T 1.00 
16 360000 Pile T 1.00 
16 360000 Pile T 1.00 
10 360000 PS P2 Idle "" 
10 360000 PS P2 Tr "b24" 
11 360000 P1 1_2_b24 "10000" TTP C
12 360000 P2 1_2_b24 "10000" TTP C
17 360000 Pile T 1.00 
16 360000 Pile T 1.00 
16 360000 Pile T 1.00 
16 360000 Pile T 1.00 
16 360000 Pile T 1.00 
10 360000 PS P4 Idle "" 
10 360000 PS P4 Tr "b22" 
11 360000 P2 2_4_b22 "10000" TTP C
12 360000 P4 2_4_b22 "10000" TTP C
17 360000 Pile T 1.00 
16 360000 Pile T 1.00 
16 360000 Pile T 1.00 
16 360000 Pile T 1.00 
16 360000 Pile T 1.00 
10 360000 PS P5 Idle "" 
10 360000 PS P5 Tr "b22" 
11 360000 P2 2_5_b22 "10000" TTP C
12 360000 P5 2_5_b22 "10000" TTP C
10 370000 PS P2 Exec "rlc44" 
10 370000 PS P4 Tr "a31" 
11 370000 P5 5_4_a31 "10000" TTP C
12 370000 P4 5_4_a31 "10000" TTP C
10 370000 PS P5 Tr "a33" 
11 370000 P4 4_5_a33 "10000" TTP C
12 370000 P5 4_5_a33 "10000" TTP C
10 380000 PS P4 Exec "llc42" 
10 380000 PS P5 Exec "llc44" 
10 400000 PS P0 Exec "a42" 
10 400000 PS P3 Exec "a41" 
17 400000 Pile T 1.00 
16 400000 Pile T 1.00 
16 400000 Pile T 1.00 
16 400000 Pile T 1.00 
16 400000 Pile T 1.00 
10 400000 PS P0 Idle "" 
10 400000 PS P0 Tr "b21" 
11 400000 P4 4_0_b21 "10000" TTP C
12 400000 P0 4_0_b21 "10000" TTP C
17 400000 Pile T 1.00 
16 400000 Pile T 1.00 
16 400000 Pile T 1.00 
16 400000 Pile T 1.00 
16 400000 Pile T 1.00 
10 400000 PS P3 Idle "" 
10 400000 PS P3 Tr "a31" 
11 400000 P5 5_3_a31 "10000" TTP C
12 400000 P3 5_3_a31 "10000" TTP C
10 410000 PS P0 Tr "a33" 
11 410000 P4 4_0_a33 "10000" TTP C
12 410000 P0 4_0_a33 "10000" TTP C
10 410000 PS P3 Tr "b21" 
11 410000 P4 4_3_b21 "10000" TTP C
12 410000 P3 4_3_b21 "10000" TTP C
10 420000 PS P0 Exec "llc43" 
10 420000 PS P3 Exec "llc41" 
17 1360000 Pile T 1.00 
10 1360000 PS P1 Idle "" 
10 1360000 PS P1 Tr "a34" 
11 1360000 P2 2_1_a34 "10000" TTP C
12 1360000 P1 2_1_a34 "10000" TTP C
17 1370000 Pile T 1.00 
10 1370000 PS P2 Idle "" 
10 1370000 PS P2 Tr "a32" 
11 1370000 P1 1_2_a32 "10000" TTP C
12 1370000 P2 1_2_a32 "10000" TTP C
10 1370000 PS P1 Tr "b23" 
11 1370000 P5 5_1_b23 "10000" TTP C
12 1370000 P1 5_1_b23 "10000" TTP C
17 1380000 Pile T 1.00 
16 1380000 Pile T 1.00 
10 1380000 PS P4 Idle "" 
10 1380000 PS P4 Tr "a14" 
11 1380000 P1 1_4_a14 "10000" TTP C
12 1380000 P4 1_4_a14 "10000" TTP C
17 1380000 Pile T 1.00 
16 1380000 Pile T 1.00 
10 1380000 PS P5 Idle "" 
10 1380000 PS P5 Tr "b24" 
11 1380000 P1 1_5_b24 "10000" TTP C
12 1380000 P5 1_5_b24 "10000" TTP C
10 1380000 PS P2 Tr "b23" 
11 1380000 P5 5_2_b23 "10000" TTP C
12 1380000 P2 5_2_b23 "10000" TTP C
10 1380000 PS P1 Exec "rlc43" 
10 1390000 PS P4 Tr "b23" 
11 1390000 P5 5_4_b23 "10000" TTP C
12 1390000 P4 5_4_b23 "10000" TTP C
10 1390000 PS P5 Tr "a14" 
11 1390000 P1 1_5_a14 "10000" TTP C
12 1390000 P5 1_5_a14 "10000" TTP C
10 1390000 PS P2 Exec "rlc41" 
10 1400000 PS P4 Exec "rlc23" 
10 1400000 PS P5 Exec "rlc24" 
17 1420000 Pile T 1.00 
10 1420000 PS P0 Idle "" 
10 1420000 PS P0 Tr "a13" 
11 1420000 P2 2_0_a13 "10000" TTP C
12 1420000 P0 2_0_a13 "10000" TTP C
17 1420000 Pile T 1.00 
10 1420000 PS P3 Idle "" 
10 1420000 PS P3 Tr "b22" 
11 1420000 P2 2_3_b22 "10000" TTP C
12 1420000 P3 2_3_b22 "10000" TTP C
10 1430000 PS P0 Exec "llc23" 
10 1430000 PS P3 Tr "a13" 
11 1430000 P2 2_3_a13 "10000" TTP C
12 1430000 P3 2_3_a13 "10000" TTP C
10 1440000 PS P3 Exec "llc24" 
17 2380000 Pile T 1.00 
16 2380000 Pile T 1.00 
10 2380000 PS P1 Idle "" 
10 2380000 PS P1 Tr "a12" 
11 2380000 P4 4_1_a12 "10000" TTP C
12 2380000 P1 4_1_a12 "10000" TTP C
17 2390000 Pile T 1.00 
16 2390000 Pile T 1.00 
10 2390000 PS P2 Idle "" 
10 2390000 PS P2 Tr "a12" 
11 2390000 P4 4_2_a12 "10000" TTP C
12 2390000 P2 4_2_a12 "10000" TTP C
10 2390000 PS P1 Exec "rlc22" 
17 2400000 Pile T 1.00 
10 2400000 PS P4 Idle "" 
10 2400000 PS P4 Tr "a11" 
11 2400000 P5 5_4_a11 "10000" TTP C
12 2400000 P4 5_4_a11 "10000" TTP C
17 2400000 Pile T 1.00 
10 2400000 PS P5 Idle "" 
10 2400000 PS P5 Tr "b21" 
11 2400000 P4 4_5_b21 "10000" TTP C
12 2400000 P5 4_5_b21 "10000" TTP C
10 2400000 PS P2 Exec "rlc21" 
10 2410000 PS P4 Exec "llc22" 
10 2410000 PS P5 Exec "llc21" 
17 2430000 Pile T 1.00 
16 2430000 Pile T 1.00 
10 2430000 PS P0 Idle "" 
10 2430000 PS P0 Tr "b13" 
11 2430000 P1 1_0_b13 "10000" TTP C
12 2430000 P0 1_0_b13 "10000" TTP C
17 2440000 Pile T 1.00 
16 2440000 Pile T 1.00 
10 2440000 PS P3 Idle "" 
10 2440000 PS P3 Tr "a14" 
11 2440000 P1 1_3_a14 "10000" TTP C
12 2440000 P3 1_3_a14 "10000" TTP C
10 2440000 PS P0 Tr "a32" 
11 2440000 P1 1_0_a32 "10000" TTP C
12 2440000 P0 1_0_a32 "10000" TTP C
10 2450000 PS P3 Tr "b13" 
11 2450000 P1 1_3_b13 "10000" TTP C
12 2450000 P3 1_3_b13 "10000" TTP C
10 2450000 PS P0 Exec "rlc31" 
10 2460000 PS P3 Exec "rlc13" 
17 3390000 Pile T 1.00 
10 3390000 PS P1 Idle "" 
10 3390000 PS P1 Exec "rlc33" 
17 3400000 Pile T 1.00 
10 3400000 PS P2 Idle "" 
10 3400000 PS P2 Tr "b13" 
11 3400000 P1 1_2_b13 "10000" TTP C
12 3400000 P2 1_2_b13 "10000" TTP C
17 3410000 Pile T 1.00 
16 3410000 Pile T 1.00 
10 3410000 PS P4 Idle "" 
10 3410000 PS P4 Tr "split-a" 
11 3410000 P0 0_4_split-a "160000" TTP C
12 3410000 P4 0_4_split-a "160000" TTP C
17 3410000 Pile T 1.00 
16 3410000 Pile T 1.00 
10 3410000 PS P5 Idle "" 
10 3410000 PS P5 Tr "split-a" 
11 3410000 P0 0_5_split-a "160000" TTP C
12 3410000 P5 0_5_split-a "160000" TTP C
10 3410000 PS P2 Exec "rlc11" 
17 3450000 Pile T 1.00 
10 3450000 PS P0 Idle "" 
10 3450000 PS P0 Exec "a3" 
17 3450000 Pile T 1.00 
10 3450000 PS P0 Idle "" 
10 3450000 PS P0 Exec "a2" 
17 3450000 Pile T 1.00 
10 3450000 PS P0 Idle "" 
10 3450000 PS P0 Tr "split-b" 
11 3450000 P3 3_0_split-b "160000" TTP C
12 3450000 P0 3_0_split-b "160000" TTP C
17 3460000 Pile T 1.00 
10 3460000 PS P3 Idle "" 
10 3460000 PS P3 Exec "b2" 
17 3460000 Pile T 1.00 
10 3460000 PS P3 Idle "" 
10 3460000 PS P3 Exec "b1" 
17 3460000 Pile T 1.00 
10 3460000 PS P3 Idle "" 
10 3460000 PS P3 Exec "b4" 
17 3460000 Pile T 1.00 
10 3460000 PS P3 Idle "" 
10 3460000 PS P3 Tr "b12" 
11 3460000 P2 2_3_b12 "10000" TTP C
12 3460000 P3 2_3_b12 "10000" TTP C
10 3470000 PS P3 Tr "a11" 
11 3470000 P5 5_3_a11 "10000" TTP C
12 3470000 P3 5_3_a11 "10000" TTP C
10 3480000 PS P3 Exec "llc12" 
10 3570000 PS P4 Exec "a4" 
10 3570000 PS P5 Exec "a1" 
17 3570000 Pile T 1.00 
10 3570000 PS P4 Idle "" 
10 3570000 PS P4 Tr "b12" 
11 3570000 P2 2_4_b12 "10000" TTP C
12 3570000 P4 2_4_b12 "10000" TTP C
17 3570000 Pile T 1.00 
10 3570000 PS P5 Idle "" 
10 3570000 PS P5 Tr "a13" 
11 3570000 P2 2_5_a13 "10000" TTP C
12 3570000 P5 2_5_a13 "10000" TTP C
10 3580000 PS P4 Exec "llc32" 
10 3580000 PS P5 Tr "b12" 
11 3580000 P2 2_5_b12 "10000" TTP C
12 3580000 P5 2_5_b12 "10000" TTP C
10 3590000 PS P5 Exec "llc14" 
10 3610000 PS P0 Exec "b3" 
17 3610000 Pile T 1.00 
10 3610000 PS P0 Idle "" 
10 3610000 PS P0 Tr "b12" 
11 3610000 P2 2_0_b12 "10000" TTP C
12 3610000 P0 2_0_b12 "10000" TTP C
10 3620000 PS P0 Exec "llc34" 
17 4390000 Pile T 1.00 
10 4390000 PS P1 Idle "" 
10 4390000 PS P1 Tr "b11" 
11 4390000 P4 4_1_b11 "10000" TTP C
12 4390000 P1 4_1_b11 "10000" TTP C
10 4400000 PS P1 Tr "a13" 
11 4400000 P2 2_1_a13 "10000" TTP C
12 4400000 P1 2_1_a13 "10000" TTP C
17 4410000 Pile T 1.00 
10 4410000 PS P2 Idle "" 
10 4410000 PS P2 Tr "b11" 
11 4410000 P4 4_2_b11 "10000" TTP C
12 4410000 P2 4_2_b11 "10000" TTP C
10 4410000 PS P1 Exec "llc13" 
10 4420000 PS P2 Tr "a31" 
11 4420000 P5 5_2_a31 "10000" TTP C
12 4420000 P2 5_2_a31 "10000" TTP C
10 4430000 PS P2 Exec "llc31" 
17 4480000 Pile T 1.00 
10 4480000 PS P3 Idle "" 
10 4480000 PS P3 Tr "b11" 
11 4480000 P4 4_3_b11 "10000" TTP C
12 4480000 P3 4_3_b11 "10000" TTP C
10 4490000 PS P3 Tr "a33" 
11 4490000 P4 4_3_a33 "10000" TTP C
12 4490000 P3 4_3_a33 "10000" TTP C
10 4500000 PS P3 Exec "llc33" 
17 4580000 Pile T 1.00 
10 4580000 PS P4 Idle "" 
10 4580000 PS P4 Exec "llc11" 
17 4590000 Pile T 1.00 
10 4590000 PS P5 Idle "" 
10 4590000 PS P5 Tr "a12" 
11 4590000 P4 4_5_a12 "10000" TTP C
12 4590000 P5 4_5_a12 "10000" TTP C
10 4600000 PS P5 Exec "rlc12" 
17 4620000 Pile T 1.00 
10 4620000 PS P0 Idle "" 
10 4620000 PS P0 Tr "b14" 
11 4620000 P5 5_0_b14 "10000" TTP C
12 4620000 P0 5_0_b14 "10000" TTP C
10 4630000 PS P0 Tr "a34" 
11 4630000 P2 2_0_a34 "10000" TTP C
12 4630000 P0 2_0_a34 "10000" TTP C
10 4640000 PS P0 Exec "rlc34" 
17 5410000 Pile T 1.00 
16 5410000 Pile T 1.00 
10 5410000 PS P1 Idle "" 
10 5410000 PS P1 Tr "b14" 
11 5410000 P5 5_1_b14 "10000" TTP C
12 5410000 P1 5_1_b14 "10000" TTP C
10 5420000 PS P1 Exec "rlc32" 
17 5430000 Pile T 1.00 
16 5430000 Pile T 1.00 
10 5430000 PS P2 Idle "" 
10 5430000 PS P2 Tr "a14" 
11 5430000 P1 1_2_a14 "10000" TTP C
12 5430000 P2 1_2_a14 "10000" TTP C
10 5440000 PS P2 Tr "b14" 
11 5440000 P5 5_2_b14 "10000" TTP C
12 5440000 P2 5_2_b14 "10000" TTP C
10 5450000 PS P2 Exec "rlc14" 
17 5500000 Pile T 1.00 
16 5500000 Pile T 1.00 
10 5500000 PS P3 Idle "" 
10 5500000 PS P3 Tr "a21" 
11 5500000 P4 4_3_a21 "10000" TTP C
12 5500000 P3 4_3_a21 "10000" TTP C
10 5510000 PS P3 Tr "b31" 
11 5510000 P5 5_3_b31 "10000" TTP C
12 5510000 P3 5_3_b31 "10000" TTP C
10 5520000 PS P3 Exec "lrc11" 
17 5580000 Pile T 1.00 
16 5580000 Pile T 1.00 
10 5580000 PS P4 Idle "" 
10 5580000 PS P4 Tr "b41" 
11 5580000 P2 2_4_b41 "10000" TTP C
12 5580000 P4 2_4_b41 "10000" TTP C
10 5590000 PS P4 Exec "lrc21" 
17 5600000 Pile T 1.00 
16 5600000 Pile T 1.00 
10 5600000 PS P5 Idle "" 
10 5600000 PS P5 Tr "b32" 
11 5600000 P1 1_5_b32 "10000" TTP C
12 5600000 P5 1_5_b32 "10000" TTP C
10 5610000 PS P5 Tr "a21" 
11 5610000 P4 4_5_a21 "10000" TTP C
12 5610000 P5 4_5_a21 "10000" TTP C
10 5620000 PS P5 Exec "lrc12" 
17 5640000 Pile T 1.00 
16 5640000 Pile T 1.00 
10 5640000 PS P0 Idle "" 
10 5640000 PS P0 Tr "a21" 
11 5640000 P4 4_0_a21 "10000" TTP C
12 5640000 P0 4_0_a21 "10000" TTP C
10 5650000 PS P0 Exec "lrc22" 
17 6420000 Pile T 1.00 
16 6420000 Pile T 1.00 
10 6420000 PS P1 Idle "" 
10 6420000 PS P1 Tr "b31" 
11 6420000 P5 5_1_b31 "10000" TTP C
12 6420000 P1 5_1_b31 "10000" TTP C
10 6430000 PS P1 Tr "a23" 
11 6430000 P5 5_1_a23 "10000" TTP C
12 6430000 P1 5_1_a23 "10000" TTP C
10 6440000 PS P1 Exec "lrc13" 
17 6450000 Pile T 1.00 
16 6450000 Pile T 1.00 
10 6450000 PS P2 Idle "" 
10 6450000 PS P2 Tr "a23" 
11 6450000 P5 5_2_a23 "10000" TTP C
12 6450000 P2 5_2_a23 "10000" TTP C
10 6460000 PS P2 Tr "b32" 
11 6460000 P1 1_2_b32 "10000" TTP C
12 6460000 P2 1_2_b32 "10000" TTP C
10 6470000 PS P2 Exec "lrc14" 
17 6520000 Pile T 1.00 
10 6520000 PS P3 Idle "" 
10 6520000 PS P3 Tr "a23" 
11 6520000 P5 5_3_a23 "10000" TTP C
12 6520000 P3 5_3_a23 "10000" TTP C
10 6530000 PS P3 Tr "b42" 
11 6530000 P0 0_3_b42 "10000" TTP C
12 6530000 P3 0_3_b42 "10000" TTP C
10 6540000 PS P3 Exec "lrc24" 
17 6590000 Pile T 1.00 
10 6590000 PS P4 Idle "" 
10 6590000 PS P4 Tr "a23" 
11 6590000 P5 5_4_a23 "10000" TTP C
12 6590000 P4 5_4_a23 "10000" TTP C
10 6600000 PS P4 Exec "lrc23" 
17 6620000 Pile T 1.00 
10 6620000 PS P5 Idle "" 
10 6620000 PS P5 Tr "a24" 
11 6620000 P1 1_5_a24 "10000" TTP C
12 6620000 P5 1_5_a24 "10000" TTP C
10 6630000 PS P5 Tr "b33" 
11 6630000 P2 2_5_b33 "10000" TTP C
12 6630000 P5 2_5_b33 "10000" TTP C
10 6640000 PS P5 Exec "rrc13" 
17 6650000 Pile T 1.00 
10 6650000 PS P0 Idle "" 
10 6650000 PS P0 Tr "b43" 
11 6650000 P1 1_0_b43 "10000" TTP C
12 6650000 P0 1_0_b43 "10000" TTP C
10 6660000 PS P0 Tr "a24" 
11 6660000 P1 1_0_a24 "10000" TTP C
12 6660000 P0 1_0_a24 "10000" TTP C
10 6670000 PS P0 Exec "rrc23" 
17 7440000 Pile T 1.00 
10 7440000 PS P1 Idle "" 
10 7440000 PS P1 Tr "b34" 
11 7440000 P4 4_1_b34 "10000" TTP C
12 7440000 P1 4_1_b34 "10000" TTP C
10 7450000 PS P1 Exec "rrc14" 
17 7470000 Pile T 1.00 
10 7470000 PS P2 Idle "" 
10 7470000 PS P2 Tr "b44" 
11 7470000 P3 3_2_b44 "10000" TTP C
12 7470000 P2 3_2_b44 "10000" TTP C
10 7480000 PS P2 Tr "a24" 
11 7480000 P1 1_2_a24 "10000" TTP C
12 7480000 P2 1_2_a24 "10000" TTP C
10 7490000 PS P2 Exec "rrc24" 
17 7540000 Pile T 1.00 
10 7540000 PS P3 Idle "" 
10 7540000 PS P3 Tr "b43" 
11 7540000 P1 1_3_b43 "10000" TTP C
12 7540000 P3 1_3_b43 "10000" TTP C
10 7550000 PS P3 Tr "a22" 
11 7550000 P2 2_3_a22 "10000" TTP C
12 7550000 P3 2_3_a22 "10000" TTP C
10 7560000 PS P3 Exec "rrc21" 
17 7600000 Pile T 1.00 
10 7600000 PS P4 Idle "" 
10 7600000 PS P4 Tr "a22" 
11 7600000 P2 2_4_a22 "10000" TTP C
12 7600000 P4 2_4_a22 "10000" TTP C
10 7610000 PS P4 Exec "rrc12" 
17 7640000 Pile T 1.00 
16 7640000 Pile T 1.00 
10 7640000 PS P5 Idle "" 
10 7640000 PS P5 Tr "a22" 
11 7640000 P2 2_5_a22 "10000" TTP C
12 7640000 P5 2_5_a22 "10000" TTP C
10 7650000 PS P5 Tr "b44" 
11 7650000 P3 3_5_b44 "10000" TTP C
12 7650000 P5 3_5_b44 "10000" TTP C
10 7660000 PS P5 Exec "rrc22" 
17 7670000 Pile T 1.00 
16 7670000 Pile T 1.00 
10 7670000 PS P0 Idle "" 
10 7670000 PS P0 Tr "a22" 
11 7670000 P2 2_0_a22 "10000" TTP C
12 7670000 P0 2_0_a22 "10000" TTP C
10 7680000 PS P0 Tr "b33" 
11 7680000 P2 2_0_b33 "10000" TTP C
12 7680000 P0 2_0_b33 "10000" TTP C
10 7690000 PS P0 Exec "rrc11" 
17 8450000 Pile T 1.00 
16 8450000 Pile T 1.00 
10 8450000 PS P1 Idle "" 
10 8450000 PS P1 Tr "b44" 
11 8450000 P3 3_1_b44 "10000" TTP C
12 8450000 P1 3_1_b44 "10000" TTP C
10 8460000 PS P1 Tr "a44" 
11 8460000 P4 4_1_a44 "10000" TTP C
12 8460000 P1 4_1_a44 "10000" TTP C
10 8470000 PS P1 Exec "rrc44" 
17 8490000 Pile T 1.00 
16 8490000 Pile T 1.00 
10 8490000 PS P2 Idle "" 
10 8490000 PS P2 Tr "a44" 
11 8490000 P4 4_2_a44 "10000" TTP C
12 8490000 P2 4_2_a44 "10000" TTP C
10 8500000 PS P2 Tr "b43" 
11 8500000 P1 1_2_b43 "10000" TTP C
12 8500000 P2 1_2_b43 "10000" TTP C
10 8510000 PS P2 Exec "rrc43" 
17 8560000 Pile T 1.00 
16 8560000 Pile T 1.00 
10 8560000 PS P3 Idle "" 
10 8560000 PS P3 Tr "a44" 
11 8560000 P4 4_3_a44 "10000" TTP C
12 8560000 P3 4_3_a44 "10000" TTP C
10 8570000 PS P3 Tr "b33" 
11 8570000 P2 2_3_b33 "10000" TTP C
12 8570000 P3 2_3_b33 "10000" TTP C
10 8580000 PS P3 Exec "rrc33" 
17 8610000 Pile T 1.00 
16 8610000 Pile T 1.00 
10 8610000 PS P4 Idle "" 
10 8610000 PS P4 Exec "rrc34" 
17 8660000 Pile T 1.00 
16 8660000 Pile T 1.00 
10 8660000 PS P5 Idle "" 
10 8660000 PS P5 Exec "lrc34" 
17 8690000 Pile T 1.00 
16 8690000 Pile T 1.00 
10 8690000 PS P0 Idle "" 
10 8690000 PS P0 Tr "a43" 
11 8690000 P5 5_0_a43 "10000" TTP C
12 8690000 P0 5_0_a43 "10000" TTP C
10 8700000 PS P0 Tr "b41" 
11 8700000 P2 2_0_b41 "10000" TTP C
12 8700000 P0 2_0_b41 "10000" TTP C
10 8710000 PS P0 Exec "lrc43" 
17 9470000 Pile T 1.00 
10 9470000 PS P1 Idle "" 
10 9470000 PS P1 Tr "a43" 
11 9470000 P5 5_1_a43 "10000" TTP C
12 9470000 P1 5_1_a43 "10000" TTP C
10 9480000 PS P1 Exec "lrc33" 
17 9510000 Pile T 1.00 
10 9510000 PS P2 Idle "" 
10 9510000 PS P2 Tr "b42" 
11 9510000 P0 0_2_b42 "10000" TTP C
12 9510000 P2 0_2_b42 "10000" TTP C
10 9520000 PS P2 Tr "a43" 
11 9520000 P5 5_2_a43 "10000" TTP C
12 9520000 P2 5_2_a43 "10000" TTP C
10 9530000 PS P2 Exec "lrc44" 
17 9580000 Pile T 1.00 
10 9580000 PS P3 Idle "" 
10 9580000 PS P3 Tr "a42" 
11 9580000 P0 0_3_a42 "10000" TTP C
12 9580000 P3 0_3_a42 "10000" TTP C
10 9590000 PS P3 Exec "rrc41" 
17 9610000 Pile T 1.00 
10 9610000 PS P4 Idle "" 
10 9610000 PS P4 Tr "a42" 
11 9610000 P0 0_4_a42 "10000" TTP C
12 9610000 P4 0_4_a42 "10000" TTP C
10 9620000 PS P4 Exec "rrc32" 
17 9660000 Pile T 1.00 
16 9660000 Pile T 1.00 
10 9660000 PS P5 Idle "" 
10 9660000 PS P5 Tr "a42" 
11 9660000 P0 0_5_a42 "10000" TTP C
12 9660000 P5 0_5_a42 "10000" TTP C
10 9670000 PS P5 Exec "rrc42" 
17 9710000 Pile T 1.00 
16 9710000 Pile T 1.00 
10 9710000 PS P0 Idle "" 
10 9710000 PS P0 Exec "rrc31" 
17 10480000 Pile T 1.00 
16 10480000 Pile T 1.00 
10 10480000 PS P1 Idle "" 
10 10480000 PS P1 Tr "a41" 
11 10480000 P3 3_1_a41 "10000" TTP C
12 10480000 P1 3_1_a41 "10000" TTP C
10 10490000 PS P1 Exec "lrc32" 
17 10530000 Pile T 1.00 
16 10530000 Pile T 1.00 
10 10530000 PS P2 Idle "" 
10 10530000 PS P2 Tr "a41" 
11 10530000 P3 3_2_a41 "10000" TTP C
12 10530000 P2 3_2_a41 "10000" TTP C
10 10540000 PS P2 Exec "lrc41" 
17 10590000 Pile T 1.00 
10 10590000 PS P3 Idle "" 
10 10590000 PS P3 Exec "lrc42" 
17 10620000 Pile T 1.00 
10 10620000 PS P4 Idle "" 
10 10620000 PS P4 Tr "a41" 
11 10620000 P3 3_4_a41 "10000" TTP C
12 10620000 P4 3_4_a41 "10000" TTP C
10 10630000 PS P4 Tr "b31" 
11 10630000 P5 5_4_b31 "10000" TTP C
12 10630000 P4 5_4_b31 "10000" TTP C
10 10640000 PS P4 Exec "lrc31" 
17 10670000 Pile T 1.00 
10 10670000 PS P5 Idle "" 
10 10670000 PS P5 Tr "rlc42" 
11 10670000 P1 1_5_rlc42 "10000" TTP C
12 10670000 P5 1_5_rlc42 "10000" TTP C
10 10680000 PS P5 Tr "llc42" 
11 10680000 P4 4_5_llc42 "10000" TTP C
12 10680000 P5 4_5_llc42 "10000" TTP C
10 10690000 PS P5 Exec "lc42" 
17 10710000 Pile T 1.00 
10 10710000 PS P0 Idle "" 
10 10710000 PS P0 Tr "llc44" 
11 10710000 P5 5_0_llc44 "10000" TTP C
12 10710000 P0 5_0_llc44 "10000" TTP C
10 10720000 PS P0 Tr "rlc44" 
11 10720000 P2 2_0_rlc44 "10000" TTP C
12 10720000 P0 2_0_rlc44 "10000" TTP C
17 10730000 Pile T 1.00 
10 10730000 PS P5 Idle "" 
10 10730000 PS P5 Tr "llc43" 
11 10730000 P0 0_5_llc43 "10000" TTP C
12 10730000 P5 0_5_llc43 "10000" TTP C
10 10730000 PS P0 Exec "lc44" 
10 10740000 PS P5 Tr "rlc43" 
11 10740000 P1 1_5_rlc43 "10000" TTP C
12 10740000 P5 1_5_rlc43 "10000" TTP C
10 10750000 PS P5 Exec "lc43" 
17 10770000 Pile T 1.00 
10 10770000 PS P0 Idle "" 
10 10770000 PS P0 Tr "rlc41" 
11 10770000 P2 2_0_rlc41 "10000" TTP C
12 10770000 P0 2_0_rlc41 "10000" TTP C
10 10780000 PS P0 Tr "llc41" 
11 10780000 P3 3_0_llc41 "10000" TTP C
12 10780000 P0 3_0_llc41 "10000" TTP C
17 10790000 Pile T 1.00 
10 10790000 PS P5 Idle "" 
10 10790000 PS P5 Tr "llc23" 
11 10790000 P0 0_5_llc23 "10000" TTP C
12 10790000 P5 0_5_llc23 "10000" TTP C
10 10790000 PS P0 Exec "lc41" 
10 10800000 PS P5 Tr "rlc23" 
11 10800000 P4 4_5_rlc23 "10000" TTP C
12 10800000 P5 4_5_rlc23 "10000" TTP C
10 10810000 PS P5 Exec "lc23" 
17 10830000 Pile T 1.00 
16 10830000 Pile T 1.00 
10 10830000 PS P0 Idle "" 
10 10830000 PS P0 Tr "rlc24" 
11 10830000 P5 5_0_rlc24 "10000" TTP C
12 10830000 P0 5_0_rlc24 "10000" TTP C
10 10840000 PS P0 Tr "llc24" 
11 10840000 P3 3_0_llc24 "10000" TTP C
12 10840000 P0 3_0_llc24 "10000" TTP C
17 10850000 Pile T 1.00 
10 10850000 PS P5 Idle "" 
10 10850000 PS P5 Tr "llc22" 
11 10850000 P4 4_5_llc22 "10000" TTP C
12 10850000 P5 4_5_llc22 "10000" TTP C
10 10850000 PS P0 Exec "lc24" 
10 10860000 PS P5 Tr "rlc22" 
11 10860000 P1 1_5_rlc22 "10000" TTP C
12 10860000 P5 1_5_rlc22 "10000" TTP C
10 10870000 PS P5 Exec "lc22" 
17 10890000 Pile T 1.00 
10 10890000 PS P0 Idle "" 
10 10890000 PS P0 Tr "llc21" 
11 10890000 P5 5_0_llc21 "10000" TTP C
12 10890000 P0 5_0_llc21 "10000" TTP C
10 10900000 PS P0 Tr "rlc21" 
11 10900000 P2 2_0_rlc21 "10000" TTP C
12 10900000 P0 2_0_rlc21 "10000" TTP C
17 10910000 Pile T 1.00 
10 10910000 PS P5 Idle "" 
10 10910000 PS P5 Tr "rlc13" 
11 10910000 P3 3_5_rlc13 "10000" TTP C
12 10910000 P5 3_5_rlc13 "10000" TTP C
10 10910000 PS P0 Exec "lc21" 
10 10920000 PS P5 Tr "llc13" 
11 10920000 P1 1_5_llc13 "10000" TTP C
12 10920000 P5 1_5_llc13 "10000" TTP C
10 10930000 PS P5 Exec "lc13" 
17 10950000 Pile T 1.00 
16 10950000 Pile T 1.00 
10 10950000 PS P0 Idle "" 
10 10950000 PS P0 Tr "llc31" 
11 10950000 P2 2_0_llc31 "10000" TTP C
12 10950000 P0 2_0_llc31 "10000" TTP C
10 10960000 PS P0 Exec "lc31" 
17 10970000 Pile T 1.00 
10 10970000 PS P5 Idle "" 
10 10970000 PS P5 Tr "llc33" 
11 10970000 P3 3_5_llc33 "10000" TTP C
12 10970000 P5 3_5_llc33 "10000" TTP C
10 10980000 PS P5 Tr "rlc33" 
11 10980000 P1 1_5_rlc33 "10000" TTP C
12 10980000 P5 1_5_rlc33 "10000" TTP C
10 10990000 PS P5 Exec "lc33" 
17 11000000 Pile T 1.00 
10 11000000 PS P0 Idle "" 
10 11000000 PS P0 Tr "rlc11" 
11 11000000 P2 2_0_rlc11 "10000" TTP C
12 11000000 P0 2_0_rlc11 "10000" TTP C
10 11010000 PS P0 Tr "llc11" 
11 11010000 P4 4_0_llc11 "10000" TTP C
12 11010000 P0 4_0_llc11 "10000" TTP C
10 11020000 PS P0 Exec "lc11" 
17 11030000 Pile T 1.00 
10 11030000 PS P5 Idle "" 
10 11030000 PS P5 Tr "llc12" 
11 11030000 P3 3_5_llc12 "10000" TTP C
12 11030000 P5 3_5_llc12 "10000" TTP C
10 11040000 PS P5 Exec "lc12" 
17 11060000 Pile T 1.00 
10 11060000 PS P0 Idle "" 
10 11060000 PS P0 Exec "lc34" 
17 11080000 Pile T 1.00 
10 11080000 PS P5 Idle "" 
10 11080000 PS P5 Tr "llc32" 
11 11080000 P4 4_5_llc32 "10000" TTP C
12 11080000 P5 4_5_llc32 "10000" TTP C
10 11090000 PS P5 Tr "rlc32" 
11 11090000 P1 1_5_rlc32 "10000" TTP C
12 11090000 P5 1_5_rlc32 "10000" TTP C
17 11100000 Pile T 1.00 
10 11100000 PS P0 Idle "" 
10 11100000 PS P0 Tr "llc14" 
11 11100000 P5 5_0_llc14 "10000" TTP C
12 11100000 P0 5_0_llc14 "10000" TTP C
10 11100000 PS P5 Exec "lc32" 
10 11110000 PS P0 Tr "rlc14" 
11 11110000 P2 2_0_rlc14 "10000" TTP C
12 11110000 P0 2_0_rlc14 "10000" TTP C
10 11120000 PS P0 Exec "lc14" 
17 11140000 Pile T 1.00 
16 11140000 Pile T 1.00 
10 11140000 PS P5 Idle "" 
10 11140000 PS P5 Tr "lrc13" 
11 11140000 P1 1_5_lrc13 "10000" TTP C
12 11140000 P5 1_5_lrc13 "10000" TTP C
10 11150000 PS P5 Exec "rc13" 
17 11160000 Pile T 1.00 
16 11160000 Pile T 1.00 
10 11160000 PS P0 Idle "" 
10 11160000 PS P0 Tr "lrc23" 
11 11160000 P4 4_0_lrc23 "10000" TTP C
12 11160000 P0 4_0_lrc23 "10000" TTP C
10 11170000 PS P0 Exec "rc23" 
17 11190000 Pile T 1.00 
10 11190000 PS P5 Idle "" 
10 11190000 PS P5 Tr "lrc14" 
11 11190000 P2 2_5_lrc14 "10000" TTP C
12 11190000 P5 2_5_lrc14 "10000" TTP C
10 11200000 PS P5 Tr "rrc14" 
11 11200000 P1 1_5_rrc14 "10000" TTP C
12 11200000 P5 1_5_rrc14 "10000" TTP C
17 11210000 Pile T 1.00 
10 11210000 PS P0 Idle "" 
10 11210000 PS P0 Tr "rrc24" 
11 11210000 P2 2_0_rrc24 "10000" TTP C
12 11210000 P0 2_0_rrc24 "10000" TTP C
10 11210000 PS P5 Exec "rc14" 
10 11220000 PS P0 Tr "lrc24" 
11 11220000 P3 3_0_lrc24 "10000" TTP C
12 11220000 P0 3_0_lrc24 "10000" TTP C
10 11230000 PS P0 Exec "rc24" 
17 11250000 Pile T 1.00 
10 11250000 PS P5 Idle "" 
10 11250000 PS P5 Tr "rrc21" 
11 11250000 P3 3_5_rrc21 "10000" TTP C
12 11250000 P5 3_5_rrc21 "10000" TTP C
10 11260000 PS P5 Tr "lrc21" 
11 11260000 P4 4_5_lrc21 "10000" TTP C
12 11260000 P5 4_5_lrc21 "10000" TTP C
17 11270000 Pile T 1.00 
10 11270000 PS P0 Idle "" 
10 11270000 PS P0 Tr "rrc12" 
11 11270000 P4 4_0_rrc12 "10000" TTP C
12 11270000 P0 4_0_rrc12 "10000" TTP C
10 11270000 PS P5 Exec "rc21" 
10 11280000 PS P0 Tr "lrc12" 
11 11280000 P5 5_0_lrc12 "10000" TTP C
12 11280000 P0 5_0_lrc12 "10000" TTP C
10 11290000 PS P0 Exec "rc12" 
17 11310000 Pile T 1.00 
10 11310000 PS P5 Idle "" 
10 11310000 PS P5 Tr "lrc22" 
11 11310000 P0 0_5_lrc22 "10000" TTP C
12 11310000 P5 0_5_lrc22 "10000" TTP C
10 11320000 PS P5 Exec "rc22" 
17 11330000 Pile T 1.00 
10 11330000 PS P0 Idle "" 
10 11330000 PS P0 Tr "lrc11" 
11 11330000 P3 3_0_lrc11 "10000" TTP C
12 11330000 P0 3_0_lrc11 "10000" TTP C
10 11340000 PS P0 Exec "rc11" 
17 11360000 Pile T 1.00 
16 11360000 Pile T 1.00 
10 11360000 PS P5 Idle "" 
10 11360000 PS P5 Tr "rrc34" 
11 11360000 P4 4_5_rrc34 "10000" TTP C
12 11360000 P5 4_5_rrc34 "10000" TTP C
10 11370000 PS P5 Exec "rc34" 
17 11380000 Pile T 1.00 
16 11380000 Pile T 1.00 
10 11380000 PS P0 Idle "" 
10 11380000 PS P0 Tr "rrc43" 
11 11380000 P2 2_0_rrc43 "10000" TTP C
12 11380000 P0 2_0_rrc43 "10000" TTP C
10 11390000 PS P0 Exec "rc43" 
17 11410000 Pile T 1.00 
10 11410000 PS P5 Idle "" 
10 11410000 PS P5 Tr "lrc33" 
11 11410000 P1 1_5_lrc33 "10000" TTP C
12 11410000 P5 1_5_lrc33 "10000" TTP C
10 11420000 PS P5 Tr "rrc33" 
11 11420000 P3 3_5_rrc33 "10000" TTP C
12 11420000 P5 3_5_rrc33 "10000" TTP C
17 11430000 Pile T 1.00 
10 11430000 PS P0 Idle "" 
10 11430000 PS P0 Tr "rrc44" 
11 11430000 P1 1_0_rrc44 "10000" TTP C
12 11430000 P0 1_0_rrc44 "10000" TTP C
10 11430000 PS P5 Exec "rc33" 
10 11440000 PS P0 Tr "lrc44" 
11 11440000 P2 2_0_lrc44 "10000" TTP C
12 11440000 P0 2_0_lrc44 "10000" TTP C
10 11450000 PS P0 Exec "rc44" 
17 11470000 Pile T 1.00 
10 11470000 PS P5 Idle "" 
10 11470000 PS P5 Tr "lc41" 
11 11470000 P0 0_5_lc41 "10000" TTP C
12 11470000 P5 0_5_lc41 "10000" TTP C
10 11480000 PS P5 Tr "lc44" 
11 11480000 P0 0_5_lc44 "10000" TTP C
12 11480000 P5 0_5_lc44 "10000" TTP C
17 11490000 Pile T 1.00 
16 11490000 Pile T 1.00 
10 11490000 PS P1 Idle "" 
10 11490000 PS P1 Tr "lc23" 
11 11490000 P5 5_1_lc23 "10000" TTP C
12 11490000 P1 5_1_lc23 "10000" TTP C
17 11490000 Pile T 1.00 
10 11490000 PS P0 Idle "" 
10 11490000 PS P0 Tr "lc32" 
11 11490000 P5 5_0_lc32 "10000" TTP C
12 11490000 P0 5_0_lc32 "10000" TTP C
10 11490000 PS P5 Exec "lc4" 
10 11500000 PS P1 Tr "lc22" 
11 11500000 P5 5_1_lc22 "10000" TTP C
12 11500000 P1 5_1_lc22 "10000" TTP C
10 11500000 PS P0 Tr "lc33" 
11 11500000 P5 5_0_lc33 "10000" TTP C
12 11500000 P0 5_0_lc33 "10000" TTP C
10 11510000 PS P1 Tr "lc21" 
11 11510000 P0 0_1_lc21 "10000" TTP C
12 11510000 P1 0_1_lc21 "10000" TTP C
10 11510000 PS P0 Exec "lc3" 
10 11520000 PS P1 Tr "lc24" 
11 11520000 P0 0_1_lc24 "10000" TTP C
12 11520000 P1 0_1_lc24 "10000" TTP C
10 11530000 PS P1 Exec "lc2" 
17 11540000 Pile T 1.00 
16 11540000 Pile T 1.00 
10 11540000 PS P2 Idle "" 
10 11540000 PS P2 Tr "lc13" 
11 11540000 P5 5_2_lc13 "10000" TTP C
12 11540000 P2 5_2_lc13 "10000" TTP C
10 11550000 PS P2 Tr "lc14" 
11 11550000 P0 0_2_lc14 "10000" TTP C
12 11550000 P2 0_2_lc14 "10000" TTP C
10 11560000 PS P2 Tr "lc11" 
11 11560000 P0 0_2_lc11 "10000" TTP C
12 11560000 P2 0_2_lc11 "10000" TTP C
17 11570000 Pile T 1.00 
10 11570000 PS P5 Idle "" 
10 11570000 PS P5 Tr "rc23" 
11 11570000 P0 0_5_rc23 "10000" TTP C
12 11570000 P5 0_5_rc23 "10000" TTP C
10 11570000 PS P2 Tr "lc12" 
11 11570000 P5 5_2_lc12 "10000" TTP C
12 11570000 P2 5_2_lc12 "10000" TTP C
10 11580000 PS P5 Tr "rc24" 
11 11580000 P0 0_5_rc24 "10000" TTP C
12 11580000 P5 0_5_rc24 "10000" TTP C
10 11580000 PS P2 Exec "lc1" 
17 11590000 Pile T 1.00 
16 11590000 Pile T 1.00 
10 11590000 PS P3 Idle "" 
10 11590000 PS P3 Tr "rc13" 
11 11590000 P5 5_3_rc13 "10000" TTP C
12 11590000 P3 5_3_rc13 "10000" TTP C
17 11590000 Pile T 1.00 
10 11590000 PS P0 Idle "" 
10 11590000 PS P0 Tr "rrc32" 
11 11590000 P4 4_0_rrc32 "10000" TTP C
12 11590000 P0 4_0_rrc32 "10000" TTP C
10 11590000 PS P5 Exec "rc2" 
10 11600000 PS P3 Tr "rc12" 
11 11600000 P0 0_3_rc12 "10000" TTP C
12 11600000 P3 0_3_rc12 "10000" TTP C
10 11600000 PS P0 Tr "lrc32" 
11 11600000 P1 1_0_lrc32 "10000" TTP C
12 11600000 P0 1_0_lrc32 "10000" TTP C
17 11610000 Pile T 1.00 
10 11610000 PS P1 Idle "" 
10 11610000 PS P1 Tr "rrc41" 
11 11610000 P3 3_1_rrc41 "10000" TTP C
12 11610000 P1 3_1_rrc41 "10000" TTP C
10 11610000 PS P3 Tr "rc14" 
11 11610000 P5 5_3_rc14 "10000" TTP C
12 11610000 P3 5_3_rc14 "10000" TTP C
10 11610000 PS P0 Exec "rc32" 
10 11620000 PS P1 Tr "lrc41" 
11 11620000 P2 2_1_lrc41 "10000" TTP C
12 11620000 P1 2_1_lrc41 "10000" TTP C
10 11620000 PS P3 Tr "rc11" 
11 11620000 P0 0_3_rc11 "10000" TTP C
12 11620000 P3 0_3_rc11 "10000" TTP C
10 11630000 PS P1 Exec "rc41" 
10 11630000 PS P3 Exec "rc1" 
17 11640000 Pile T 1.00 
16 11640000 Pile T 1.00 
10 11640000 PS P4 Idle "" 
10 11640000 PS P4 Tr "rrc42" 
11 11640000 P5 5_4_rrc42 "10000" TTP C
12 11640000 P4 5_4_rrc42 "10000" TTP C
17 11650000 Pile T 1.00 
10 11650000 PS P0 Idle "" 
10 11650000 PS P0 Tr "lrc31" 
11 11650000 P4 4_0_lrc31 "10000" TTP C
12 11650000 P0 4_0_lrc31 "10000" TTP C
10 11650000 PS P4 Tr "lrc42" 
11 11650000 P3 3_4_lrc42 "10000" TTP C
12 11650000 P4 3_4_lrc42 "10000" TTP C
17 11660000 Pile T 1.00 
10 11660000 PS P2 Idle "" 
10 11660000 PS P0 Exec "rc31" 
10 11660000 PS P4 Exec "rc42" 
17 11670000 Pile T 1.00 
16 11670000 Pile T 1.00 
10 11670000 PS P5 Idle "" 
10 11670000 PS P5 Tr "lc2" 
11 11670000 P1 1_5_lc2 "40000" TTP C
12 11670000 P5 1_5_lc2 "40000" TTP C
17 11670000 Pile T 1.00 
10 11670000 PS P1 Idle "" 
17 11700000 Pile T 1.00 
16 11700000 Pile T 1.00 
10 11700000 PS P0 Idle "" 
10 11700000 PS P0 Tr "rc33" 
11 11700000 P5 5_0_rc33 "10000" TTP C
12 11700000 P0 5_0_rc33 "10000" TTP C
17 11700000 Pile T 1.00 
16 11700000 Pile T 1.00 
10 11700000 PS P4 Idle "" 
10 11700000 PS P4 Tr "rc43" 
11 11700000 P0 0_4_rc43 "10000" TTP C
12 11700000 P4 0_4_rc43 "10000" TTP C
17 11710000 Pile T 1.00 
16 11710000 Pile T 1.00 
10 11710000 PS P3 Idle "" 
10 11710000 PS P3 Tr "lc1" 
11 11710000 P2 2_3_lc1 "40000" TTP C
12 11710000 P3 2_3_lc1 "40000" TTP C
10 11710000 PS P5 Exec "c2" 
10 11710000 PS P0 Tr "rc34" 
11 11710000 P5 5_0_rc34 "10000" TTP C
12 11710000 P0 5_0_rc34 "10000" TTP C
10 11710000 PS P4 Tr "rc41" 
11 11710000 P1 1_4_rc41 "10000" TTP C
12 11710000 P4 1_4_rc41 "10000" TTP C
10 11720000 PS P0 Exec "rc3" 
10 11720000 PS P4 Tr "rc44" 
11 11720000 P0 0_4_rc44 "10000" TTP C
12 11720000 P4 0_4_rc44 "10000" TTP C
10 11730000 PS P4 Exec "rc4" 
10 11750000 PS P3 Exec "c1" 
17 11800000 Pile T 1.00 
16 11800000 Pile T 1.00 
10 11800000 PS P0 Idle "" 
10 11800000 PS P0 Exec "c3" 
17 11810000 Pile T 1.00 
16 11810000 Pile T 1.00 
10 11810000 PS P4 Idle "" 
10 11810000 PS P4 Tr "lc4" 
11 11810000 P5 5_4_lc4 "40000" TTP C
12 11810000 P4 5_4_lc4 "40000" TTP C
10 11850000 PS P4 Exec "c4" 
17 11870000 Pile T 1.00 
10 11870000 PS P5 Idle "" 
17 11910000 Pile T 1.00 
10 11910000 PS P3 Idle "" 
17 11960000 Pile T 1.00 
10 11960000 PS P0 Idle "" 
17 12010000 Pile T 1.00 
16 12010000 Pile T 1.00 
10 12010000 PS P4 Idle "" 
10 12010000 PS P4 Tr "c3" 
11 12010000 P0 0_4_c3 "40000" TTP C
12 12010000 P4 0_4_c3 "40000" TTP C
10 12050000 PS P4 Tr "c1" 
11 12050000 P3 3_4_c1 "40000" TTP C
12 12050000 P4 3_4_c1 "40000" TTP C
10 12090000 PS P4 Tr "c2" 
11 12090000 P5 5_4_c2 "40000" TTP C
12 12090000 P4 5_4_c2 "40000" TTP C
10 12130000 PS P4 Exec "c" 
17 12450000 Pile T 1.00 
10 12450000 PS P4 Idle "" 
8 12450000 Pile PL
8 12450000 P4 Pr
8 12450000 P0 Pr
8 12450000 P3 Pr
8 12450000 P5 Pr
8 12450000 P1 Pr
8 12450000 P2 Pr
8 12450000 TTP P
