%EventDef PajeDefineContainerType 1
% Alias string
% ContainerType string
% Name string
%EndEventDef
%EventDef PajeDefineStateType 3
% Alias string
% ContainerType string
% Name string
%EndEventDef
%EventDef PajeDefineLinkType 4
% Name string
% ContainerType string
% SourceContainerType string
% DestContainerType string
% Alias string
%EndEventDef
%EventDef PajeDefineEntityValue 6
% Alias string
% EntityType string
% Name string
% Color color
%EndEventDef
%EventDef PajeCreateContainer 7
% Time date
% Alias string
% Type string
% Container string
% Name string
%EndEventDef
%EventDef PajeDestroyContainer 8
% Time date
% Name string
% Type string
%EndEventDef
%EventDef PajeSetState 10
% Time date
% Type string
% Container string
% Value string
% file string
%EndEventDef
%EventDef PajeStartLink 11
% Time date
% SourceContainer string
% Key string
% Value string
% Container string
% Type string
%EndEventDef
%EventDef PajeEndLink 12
% Time date
% DestContainer string
% Key string
% Value string
% Container string
% Type string
%EndEventDef
%EventDef PajePushState	13
% Time	date
% EntityType	string
% Container	string
% Value	string
%EndEventDef
%EventDef PajeDefineVariableType 14
% Type string
% Name string
% Color color
% Alias string
%EndEventDef
%EventDef PajeSetVariable 15
% Time date
% Container string
% Type string
% Value double
%EndEventDef
%EventDef PajeAddVariable 16
% Time date
% Container string
% Type string
% Value double
%EndEventDef
%EventDef PajeSubVariable 17
% Time date
% Container string
% Type string
% Value double
%EndEventDef
1 P 0 Program
1 Pr P Processors
1 PL P Tasks
3 PS Pr "Processor State"
3 PF Pr "Ready File"
6 Exec PS Executing "2 .0 .1"
6 Idle PS Idle "8 .3 .0"
6 TR PS Transfer "0 .3 .8"
14 PL "Task" "1 .5 .5" T
7 0 TTP P 0 "Plate-forme"
4 "Communication" P Pr Pr C
7 0 Pile PL TTP "Pile 1"
7 0 P0 Pr TTP "P 0" 
10 0 PS P0 Idle "" 
7 0 P1 Pr TTP "P 1" 
10 0 PS P1 Idle "" 
7 0 P2 Pr TTP "P 2" 
10 0 PS P2 Idle "" 
7 0 P3 Pr TTP "P 3" 
10 0 PS P3 Idle "" 
7 0 P4 Pr TTP "P 4" 
10 0 PS P4 Idle "" 
7 0 P5 Pr TTP "P 5" 
10 0 PS P5 Idle "" 
7 0 P6 Pr TTP "P 6" 
10 0 PS P6 Idle "" 
7 0 P7 Pr TTP "P 7" 
10 0 PS P7 Idle "" 
7 0 P8 Pr TTP "P 8" 
10 0 PS P8 Idle "" 
7 0 P9 Pr TTP "P 9" 
10 0 PS P9 Idle "" 
10 0 PS P0 Exec "split-b" 
10 0 PS P1 Exec "split-a" 
17 4608 Pile T 1.00 
16 4608 Pile T 1.00 
16 4608 Pile T 1.00 
16 4608 Pile T 1.00 
16 4608 Pile T 1.00 
16 4608 Pile T 1.00 
16 4608 Pile T 1.00 
16 4608 Pile T 1.00 
16 4608 Pile T 1.00 
16 4608 Pile T 1.00 
16 4608 Pile T 1.00 
16 4608 Pile T 1.00 
16 4608 Pile T 1.00 
16 4608 Pile T 1.00 
16 4608 Pile T 1.00 
16 4608 Pile T 1.00 
16 4608 Pile T 1.00 
16 4608 Pile T 1.00 
16 4608 Pile T 1.00 
16 4608 Pile T 1.00 
16 4608 Pile T 1.00 
16 4608 Pile T 1.00 
16 4608 Pile T 1.00 
16 4608 Pile T 1.00 
16 4608 Pile T 1.00 
16 4608 Pile T 1.00 
16 4608 Pile T 1.00 
16 4608 Pile T 1.00 
16 4608 Pile T 1.00 
16 4608 Pile T 1.00 
16 4608 Pile T 1.00 
16 4608 Pile T 1.00 
16 4608 Pile T 1.00 
16 4608 Pile T 1.00 
16 4608 Pile T 1.00 
16 4608 Pile T 1.00 
16 4608 Pile T 1.00 
10 4608 PS P0 Idle "" 
10 4608 PS P0 Exec "b64" 
10 4608 PS P2 Tr "split-b" 
11 4608 P0 0_2_split-b "2304" TTP C
12 4608 P2 0_2_split-b "2304" TTP C
10 4608 PS P3 Tr "split-b" 
11 4608 P0 0_3_split-b "2304" TTP C
12 4608 P3 0_3_split-b "2304" TTP C
10 4608 PS P4 Tr "split-b" 
11 4608 P0 0_4_split-b "2304" TTP C
12 4608 P4 0_4_split-b "2304" TTP C
10 4608 PS P5 Tr "split-b" 
11 4608 P0 0_5_split-b "2304" TTP C
12 4608 P5 0_5_split-b "2304" TTP C
10 4608 PS P6 Tr "split-b" 
11 4608 P0 0_6_split-b "2304" TTP C
12 4608 P6 0_6_split-b "2304" TTP C
10 4608 PS P7 Tr "split-b" 
11 4608 P0 0_7_split-b "2304" TTP C
12 4608 P7 0_7_split-b "2304" TTP C
10 4608 PS P8 Tr "split-b" 
11 4608 P0 0_8_split-b "2304" TTP C
12 4608 P8 0_8_split-b "2304" TTP C
10 4608 PS P9 Tr "split-b" 
11 4608 P0 0_9_split-b "2304" TTP C
12 4608 P9 0_9_split-b "2304" TTP C
17 4608 Pile T 1.00 
16 4608 Pile T 1.00 
16 4608 Pile T 1.00 
16 4608 Pile T 1.00 
16 4608 Pile T 1.00 
16 4608 Pile T 1.00 
16 4608 Pile T 1.00 
16 4608 Pile T 1.00 
16 4608 Pile T 1.00 
16 4608 Pile T 1.00 
16 4608 Pile T 1.00 
16 4608 Pile T 1.00 
16 4608 Pile T 1.00 
16 4608 Pile T 1.00 
16 4608 Pile T 1.00 
16 4608 Pile T 1.00 
16 4608 Pile T 1.00 
16 4608 Pile T 1.00 
16 4608 Pile T 1.00 
16 4608 Pile T 1.00 
16 4608 Pile T 1.00 
16 4608 Pile T 1.00 
16 4608 Pile T 1.00 
16 4608 Pile T 1.00 
16 4608 Pile T 1.00 
16 4608 Pile T 1.00 
16 4608 Pile T 1.00 
16 4608 Pile T 1.00 
16 4608 Pile T 1.00 
16 4608 Pile T 1.00 
16 4608 Pile T 1.00 
16 4608 Pile T 1.00 
16 4608 Pile T 1.00 
16 4608 Pile T 1.00 
16 4608 Pile T 1.00 
16 4608 Pile T 1.00 
16 4608 Pile T 1.00 
10 4608 PS P1 Idle "" 
10 4608 PS P1 Tr "split-b" 
11 4608 P0 0_1_split-b "2304" TTP C
12 4608 P1 0_1_split-b "2304" TTP C
17 4608 Pile T 1.00 
10 4608 PS P0 Idle "" 
10 4608 PS P0 Exec "b21" 
17 4608 Pile T 1.00 
10 4608 PS P0 Idle "" 
10 4608 PS P0 Exec "b65" 
17 4608 Pile T 1.00 
10 4608 PS P0 Idle "" 
10 4608 PS P0 Exec "b31" 
17 4608 Pile T 1.00 
10 4608 PS P0 Idle "" 
10 4608 PS P0 Exec "b51" 
17 4608 Pile T 1.00 
10 4608 PS P0 Idle "" 
10 4608 PS P0 Exec "b42" 
17 4608 Pile T 1.00 
10 4608 PS P0 Idle "" 
10 4608 PS P0 Exec "b12" 
17 4608 Pile T 1.00 
10 4608 PS P0 Idle "" 
10 4608 PS P0 Exec "b26" 
17 4608 Pile T 1.00 
10 4608 PS P0 Idle "" 
10 4608 PS P0 Exec "b45" 
17 4608 Pile T 1.00 
10 4608 PS P0 Idle "" 
10 4608 PS P0 Exec "b56" 
17 4608 Pile T 1.00 
10 4608 PS P0 Idle "" 
10 4608 PS P0 Exec "b35" 
17 4608 Pile T 1.00 
10 4608 PS P0 Idle "" 
10 4608 PS P0 Exec "b16" 
17 4608 Pile T 1.00 
10 4608 PS P0 Idle "" 
10 4608 PS P0 Exec "b25" 
17 4608 Pile T 1.00 
10 4608 PS P0 Idle "" 
10 4608 PS P0 Exec "b54" 
17 4608 Pile T 1.00 
10 4608 PS P0 Idle "" 
10 4608 PS P0 Exec "b14" 
17 4608 Pile T 1.00 
10 4608 PS P0 Idle "" 
10 4608 PS P0 Exec "b55" 
17 4608 Pile T 1.00 
10 4608 PS P0 Idle "" 
10 4608 PS P0 Exec "b52" 
17 4608 Pile T 1.00 
10 4608 PS P0 Idle "" 
10 4608 PS P0 Exec "b34" 
17 4608 Pile T 1.00 
10 4608 PS P0 Idle "" 
10 4608 PS P0 Exec "b23" 
17 4608 Pile T 1.00 
10 4608 PS P0 Idle "" 
10 4608 PS P0 Exec "b32" 
17 4608 Pile T 1.00 
10 4608 PS P0 Idle "" 
10 4608 PS P0 Exec "b13" 
17 4608 Pile T 1.00 
10 4608 PS P0 Idle "" 
10 4608 PS P0 Exec "b15" 
17 4608 Pile T 1.00 
10 4608 PS P0 Idle "" 
10 4608 PS P0 Exec "b61" 
17 4608 Pile T 1.00 
10 4608 PS P0 Idle "" 
10 4608 PS P0 Exec "b62" 
17 4608 Pile T 1.00 
10 4608 PS P0 Idle "" 
10 4608 PS P0 Exec "b22" 
17 4608 Pile T 1.00 
10 4608 PS P0 Idle "" 
10 4608 PS P0 Exec "b63" 
17 4608 Pile T 1.00 
10 4608 PS P0 Idle "" 
10 4608 PS P0 Exec "b33" 
17 4608 Pile T 1.00 
10 4608 PS P0 Idle "" 
10 4608 PS P0 Tr "split-a" 
11 4608 P1 1_0_split-a "2304" TTP C
12 4608 P0 1_0_split-a "2304" TTP C
10 6912 PS P2 Exec "b46" 
10 6912 PS P3 Exec "b24" 
10 6912 PS P4 Exec "b41" 
10 6912 PS P5 Exec "b11" 
10 6912 PS P6 Exec "b66" 
10 6912 PS P7 Exec "b36" 
10 6912 PS P8 Exec "b44" 
10 6912 PS P9 Exec "b43" 
10 6912 PS P1 Exec "b53" 
10 6912 PS P0 Exec "a34" 
17 6912 Pile T 1.00 
10 6912 PS P2 Idle "" 
10 6912 PS P2 Tr "split-a" 
11 6912 P1 1_2_split-a "2304" TTP C
12 6912 P2 1_2_split-a "2304" TTP C
17 6912 Pile T 1.00 
10 6912 PS P3 Idle "" 
10 6912 PS P3 Tr "split-a" 
11 6912 P1 1_3_split-a "2304" TTP C
12 6912 P3 1_3_split-a "2304" TTP C
17 6912 Pile T 1.00 
10 6912 PS P4 Idle "" 
10 6912 PS P4 Tr "split-a" 
11 6912 P1 1_4_split-a "2304" TTP C
12 6912 P4 1_4_split-a "2304" TTP C
17 6912 Pile T 1.00 
10 6912 PS P5 Idle "" 
10 6912 PS P5 Tr "split-a" 
11 6912 P1 1_5_split-a "2304" TTP C
12 6912 P5 1_5_split-a "2304" TTP C
17 6912 Pile T 1.00 
10 6912 PS P6 Idle "" 
10 6912 PS P6 Tr "split-a" 
11 6912 P1 1_6_split-a "2304" TTP C
12 6912 P6 1_6_split-a "2304" TTP C
17 6912 Pile T 1.00 
10 6912 PS P7 Idle "" 
10 6912 PS P7 Tr "split-a" 
11 6912 P1 1_7_split-a "2304" TTP C
12 6912 P7 1_7_split-a "2304" TTP C
17 6912 Pile T 1.00 
10 6912 PS P8 Idle "" 
10 6912 PS P8 Tr "split-a" 
11 6912 P1 1_8_split-a "2304" TTP C
12 6912 P8 1_8_split-a "2304" TTP C
17 6912 Pile T 1.00 
10 6912 PS P9 Idle "" 
10 6912 PS P9 Tr "split-a" 
11 6912 P1 1_9_split-a "2304" TTP C
12 6912 P9 1_9_split-a "2304" TTP C
17 6912 Pile T 1.00 
10 6912 PS P1 Idle "" 
10 6912 PS P1 Exec "a55" 
17 6912 Pile T 1.00 
16 6912 Pile T 1.00 
16 6912 Pile T 1.00 
16 6912 Pile T 1.00 
16 6912 Pile T 1.00 
16 6912 Pile T 1.00 
16 6912 Pile T 1.00 
10 6912 PS P0 Idle "" 
10 6912 PS P0 Exec "a14" 
17 6912 Pile T 1.00 
16 6912 Pile T 1.00 
16 6912 Pile T 1.00 
16 6912 Pile T 1.00 
16 6912 Pile T 1.00 
16 6912 Pile T 1.00 
16 6912 Pile T 1.00 
10 6912 PS P1 Idle "" 
10 6912 PS P1 Exec "a36" 
17 6912 Pile T 1.00 
16 6912 Pile T 1.00 
16 6912 Pile T 1.00 
16 6912 Pile T 1.00 
16 6912 Pile T 1.00 
16 6912 Pile T 1.00 
16 6912 Pile T 1.00 
10 6912 PS P0 Idle "" 
10 6912 PS P0 Exec "a13" 
17 6912 Pile T 1.00 
16 6912 Pile T 1.00 
16 6912 Pile T 1.00 
16 6912 Pile T 1.00 
16 6912 Pile T 1.00 
16 6912 Pile T 1.00 
16 6912 Pile T 1.00 
10 6912 PS P1 Idle "" 
10 6912 PS P1 Exec "a54" 
17 6912 Pile T 1.00 
16 6912 Pile T 1.00 
16 6912 Pile T 1.00 
16 6912 Pile T 1.00 
16 6912 Pile T 1.00 
16 6912 Pile T 1.00 
16 6912 Pile T 1.00 
10 6912 PS P0 Idle "" 
10 6912 PS P0 Exec "a23" 
17 6912 Pile T 1.00 
16 6912 Pile T 1.00 
16 6912 Pile T 1.00 
16 6912 Pile T 1.00 
16 6912 Pile T 1.00 
16 6912 Pile T 1.00 
16 6912 Pile T 1.00 
10 6912 PS P1 Idle "" 
10 6912 PS P1 Exec "a31" 
17 6912 Pile T 1.00 
16 6912 Pile T 1.00 
16 6912 Pile T 1.00 
16 6912 Pile T 1.00 
16 6912 Pile T 1.00 
16 6912 Pile T 1.00 
16 6912 Pile T 1.00 
10 6912 PS P0 Idle "" 
10 6912 PS P0 Exec "a53" 
17 6912 Pile T 1.00 
16 6912 Pile T 1.00 
16 6912 Pile T 1.00 
16 6912 Pile T 1.00 
16 6912 Pile T 1.00 
16 6912 Pile T 1.00 
16 6912 Pile T 1.00 
10 6912 PS P1 Idle "" 
10 6912 PS P1 Exec "a11" 
17 6912 Pile T 1.00 
16 6912 Pile T 1.00 
16 6912 Pile T 1.00 
16 6912 Pile T 1.00 
16 6912 Pile T 1.00 
16 6912 Pile T 1.00 
16 6912 Pile T 1.00 
10 6912 PS P0 Idle "" 
10 6912 PS P0 Exec "a46" 
17 6912 Pile T 1.00 
16 6912 Pile T 1.00 
16 6912 Pile T 1.00 
16 6912 Pile T 1.00 
16 6912 Pile T 1.00 
16 6912 Pile T 1.00 
16 6912 Pile T 1.00 
10 6912 PS P1 Idle "" 
10 6912 PS P1 Exec "a51" 
17 6912 Pile T 1.00 
16 6912 Pile T 1.00 
16 6912 Pile T 1.00 
16 6912 Pile T 1.00 
16 6912 Pile T 1.00 
16 6912 Pile T 1.00 
16 6912 Pile T 1.00 
10 6912 PS P0 Idle "" 
10 6912 PS P0 Exec "a44" 
17 6912 Pile T 1.00 
16 6912 Pile T 1.00 
16 6912 Pile T 1.00 
16 6912 Pile T 1.00 
16 6912 Pile T 1.00 
16 6912 Pile T 1.00 
16 6912 Pile T 1.00 
10 6912 PS P1 Idle "" 
10 6912 PS P1 Exec "a15" 
17 6912 Pile T 1.00 
16 6912 Pile T 1.00 
16 6912 Pile T 1.00 
16 6912 Pile T 1.00 
16 6912 Pile T 1.00 
16 6912 Pile T 1.00 
16 6912 Pile T 1.00 
10 6912 PS P0 Idle "" 
10 6912 PS P0 Exec "a22" 
17 6912 Pile T 1.00 
16 6912 Pile T 1.00 
16 6912 Pile T 1.00 
16 6912 Pile T 1.00 
16 6912 Pile T 1.00 
16 6912 Pile T 1.00 
16 6912 Pile T 1.00 
10 6912 PS P1 Idle "" 
10 6912 PS P1 Exec "a35" 
17 6912 Pile T 1.00 
16 6912 Pile T 1.00 
16 6912 Pile T 1.00 
16 6912 Pile T 1.00 
16 6912 Pile T 1.00 
16 6912 Pile T 1.00 
16 6912 Pile T 1.00 
10 6912 PS P0 Idle "" 
10 6912 PS P0 Exec "a64" 
17 6912 Pile T 1.00 
16 6912 Pile T 1.00 
16 6912 Pile T 1.00 
16 6912 Pile T 1.00 
16 6912 Pile T 1.00 
16 6912 Pile T 1.00 
16 6912 Pile T 1.00 
10 6912 PS P1 Idle "" 
10 6912 PS P1 Exec "a12" 
17 6912 Pile T 1.00 
16 6912 Pile T 1.00 
16 6912 Pile T 1.00 
16 6912 Pile T 1.00 
16 6912 Pile T 1.00 
16 6912 Pile T 1.00 
16 6912 Pile T 1.00 
10 6912 PS P0 Idle "" 
10 6912 PS P0 Exec "a42" 
17 6912 Pile T 1.00 
16 6912 Pile T 1.00 
16 6912 Pile T 1.00 
16 6912 Pile T 1.00 
16 6912 Pile T 1.00 
16 6912 Pile T 1.00 
16 6912 Pile T 1.00 
10 6912 PS P1 Idle "" 
10 6912 PS P1 Exec "a63" 
17 6912 Pile T 1.00 
16 6912 Pile T 1.00 
16 6912 Pile T 1.00 
16 6912 Pile T 1.00 
16 6912 Pile T 1.00 
16 6912 Pile T 1.00 
16 6912 Pile T 1.00 
10 6912 PS P0 Idle "" 
10 6912 PS P0 Exec "a65" 
17 6912 Pile T 1.00 
16 6912 Pile T 1.00 
16 6912 Pile T 1.00 
16 6912 Pile T 1.00 
16 6912 Pile T 1.00 
16 6912 Pile T 1.00 
16 6912 Pile T 1.00 
10 6912 PS P1 Idle "" 
10 6912 PS P1 Exec "a24" 
17 6912 Pile T 1.00 
16 6912 Pile T 1.00 
16 6912 Pile T 1.00 
16 6912 Pile T 1.00 
16 6912 Pile T 1.00 
16 6912 Pile T 1.00 
16 6912 Pile T 1.00 
10 6912 PS P0 Idle "" 
10 6912 PS P0 Exec "a56" 
17 6912 Pile T 1.00 
16 6912 Pile T 1.00 
16 6912 Pile T 1.00 
16 6912 Pile T 1.00 
16 6912 Pile T 1.00 
16 6912 Pile T 1.00 
16 6912 Pile T 1.00 
10 6912 PS P1 Idle "" 
10 6912 PS P1 Exec "a43" 
17 6912 Pile T 1.00 
16 6912 Pile T 1.00 
16 6912 Pile T 1.00 
16 6912 Pile T 1.00 
16 6912 Pile T 1.00 
16 6912 Pile T 1.00 
16 6912 Pile T 1.00 
10 6912 PS P0 Idle "" 
10 6912 PS P0 Exec "a26" 
17 6912 Pile T 1.00 
16 6912 Pile T 1.00 
16 6912 Pile T 1.00 
16 6912 Pile T 1.00 
16 6912 Pile T 1.00 
16 6912 Pile T 1.00 
16 6912 Pile T 1.00 
10 6912 PS P1 Idle "" 
10 6912 PS P1 Exec "a52" 
17 6912 Pile T 1.00 
16 6912 Pile T 1.00 
16 6912 Pile T 1.00 
16 6912 Pile T 1.00 
16 6912 Pile T 1.00 
16 6912 Pile T 1.00 
16 6912 Pile T 1.00 
10 6912 PS P0 Idle "" 
10 6912 PS P0 Exec "a66" 
17 6912 Pile T 1.00 
16 6912 Pile T 1.00 
16 6912 Pile T 1.00 
16 6912 Pile T 1.00 
16 6912 Pile T 1.00 
16 6912 Pile T 1.00 
16 6912 Pile T 1.00 
10 6912 PS P1 Idle "" 
10 6912 PS P1 Exec "a61" 
17 6912 Pile T 1.00 
16 6912 Pile T 1.00 
16 6912 Pile T 1.00 
16 6912 Pile T 1.00 
16 6912 Pile T 1.00 
16 6912 Pile T 1.00 
16 6912 Pile T 1.00 
10 6912 PS P0 Idle "" 
10 6912 PS P0 Exec "a34*b45" 
17 6912 Pile T 1.00 
16 6912 Pile T 1.00 
16 6912 Pile T 1.00 
16 6912 Pile T 1.00 
16 6912 Pile T 1.00 
16 6912 Pile T 1.00 
16 6912 Pile T 1.00 
10 6912 PS P1 Idle "" 
10 6912 PS P1 Tr "b46" 
11 6912 P2 2_1_b46 "64" TTP C
12 6912 P1 2_1_b46 "64" TTP C
10 6976 PS P1 Tr "a34" 
11 6976 P0 0_1_a34 "64" TTP C
12 6976 P1 0_1_a34 "64" TTP C
10 7040 PS P1 Exec "a34*b46" 
17 7424 Pile T 1.00 
10 7424 PS P0 Idle "" 
10 7424 PS P0 Tr "b41" 
11 7424 P4 4_0_b41 "64" TTP C
12 7424 P0 4_0_b41 "64" TTP C
10 7488 PS P0 Exec "a34*b41" 
17 7552 Pile T 1.00 
10 7552 PS P1 Idle "" 
10 7552 PS P1 Tr "b42" 
11 7552 P0 0_1_b42 "64" TTP C
12 7552 P1 0_1_b42 "64" TTP C
10 7616 PS P1 Exec "a34*b42" 
17 8000 Pile T 1.00 
10 8000 PS P0 Idle "" 
10 8000 PS P0 Tr "b43" 
11 8000 P9 9_0_b43 "64" TTP C
12 8000 P0 9_0_b43 "64" TTP C
10 8064 PS P0 Exec "a34*b43" 
17 8128 Pile T 1.00 
10 8128 PS P1 Idle "" 
10 8128 PS P1 Tr "b44" 
11 8128 P8 8_1_b44 "64" TTP C
12 8128 P1 8_1_b44 "64" TTP C
10 8192 PS P1 Exec "a34*b44" 
17 8576 Pile T 1.00 
10 8576 PS P0 Idle "" 
10 8576 PS P0 Tr "a55" 
11 8576 P1 1_0_a55 "64" TTP C
12 8576 P0 1_0_a55 "64" TTP C
10 8640 PS P0 Exec "a55*b51" 
17 8704 Pile T 1.00 
10 8704 PS P1 Idle "" 
10 8704 PS P1 Tr "b52" 
11 8704 P0 0_1_b52 "64" TTP C
12 8704 P1 0_1_b52 "64" TTP C
10 8768 PS P1 Exec "a55*b52" 
17 9152 Pile T 1.00 
10 9152 PS P0 Idle "" 
10 9152 PS P0 Exec "a55*b56" 
10 9216 PS P2 Exec "a62" 
10 9216 PS P3 Exec "a45" 
10 9216 PS P4 Exec "a21" 
10 9216 PS P5 Exec "a33" 
10 9216 PS P6 Exec "a32" 
10 9216 PS P7 Exec "a25" 
10 9216 PS P8 Exec "a16" 
10 9216 PS P9 Exec "a41" 
17 9216 Pile T 1.00 
16 9216 Pile T 1.00 
16 9216 Pile T 1.00 
16 9216 Pile T 1.00 
16 9216 Pile T 1.00 
16 9216 Pile T 1.00 
16 9216 Pile T 1.00 
10 9216 PS P2 Idle "" 
10 9216 PS P2 Tr "a55" 
11 9216 P1 1_2_a55 "64" TTP C
12 9216 P2 1_2_a55 "64" TTP C
17 9216 Pile T 1.00 
16 9216 Pile T 1.00 
16 9216 Pile T 1.00 
16 9216 Pile T 1.00 
16 9216 Pile T 1.00 
16 9216 Pile T 1.00 
16 9216 Pile T 1.00 
10 9216 PS P3 Idle "" 
10 9216 PS P3 Tr "a55" 
11 9216 P1 1_3_a55 "64" TTP C
12 9216 P3 1_3_a55 "64" TTP C
17 9216 Pile T 1.00 
16 9216 Pile T 1.00 
16 9216 Pile T 1.00 
16 9216 Pile T 1.00 
16 9216 Pile T 1.00 
16 9216 Pile T 1.00 
16 9216 Pile T 1.00 
10 9216 PS P4 Idle "" 
10 9216 PS P4 Tr "b55" 
11 9216 P0 0_4_b55 "64" TTP C
12 9216 P4 0_4_b55 "64" TTP C
17 9216 Pile T 1.00 
16 9216 Pile T 1.00 
16 9216 Pile T 1.00 
16 9216 Pile T 1.00 
16 9216 Pile T 1.00 
16 9216 Pile T 1.00 
16 9216 Pile T 1.00 
10 9216 PS P5 Idle "" 
10 9216 PS P5 Tr "a14" 
11 9216 P0 0_5_a14 "64" TTP C
12 9216 P5 0_5_a14 "64" TTP C
17 9216 Pile T 1.00 
16 9216 Pile T 1.00 
16 9216 Pile T 1.00 
16 9216 Pile T 1.00 
16 9216 Pile T 1.00 
16 9216 Pile T 1.00 
16 9216 Pile T 1.00 
10 9216 PS P6 Idle "" 
10 9216 PS P6 Tr "a14" 
11 9216 P0 0_6_a14 "64" TTP C
12 9216 P6 0_6_a14 "64" TTP C
17 9216 Pile T 1.00 
16 9216 Pile T 1.00 
16 9216 Pile T 1.00 
16 9216 Pile T 1.00 
16 9216 Pile T 1.00 
16 9216 Pile T 1.00 
16 9216 Pile T 1.00 
10 9216 PS P7 Idle "" 
10 9216 PS P7 Tr "a14" 
11 9216 P0 0_7_a14 "64" TTP C
12 9216 P7 0_7_a14 "64" TTP C
17 9216 Pile T 1.00 
16 9216 Pile T 1.00 
16 9216 Pile T 1.00 
16 9216 Pile T 1.00 
16 9216 Pile T 1.00 
16 9216 Pile T 1.00 
16 9216 Pile T 1.00 
10 9216 PS P8 Idle "" 
10 9216 PS P8 Tr "a14" 
11 9216 P0 0_8_a14 "64" TTP C
12 9216 P8 0_8_a14 "64" TTP C
17 9216 Pile T 1.00 
16 9216 Pile T 1.00 
16 9216 Pile T 1.00 
16 9216 Pile T 1.00 
16 9216 Pile T 1.00 
16 9216 Pile T 1.00 
16 9216 Pile T 1.00 
10 9216 PS P9 Idle "" 
10 9216 PS P9 Tr "b42" 
11 9216 P0 0_9_b42 "64" TTP C
12 9216 P9 0_9_b42 "64" TTP C
17 9280 Pile T 1.00 
10 9280 PS P1 Idle "" 
10 9280 PS P1 Tr "a14" 
11 9280 P0 0_1_a14 "64" TTP C
12 9280 P1 0_1_a14 "64" TTP C
10 9280 PS P2 Tr "b53" 
11 9280 P1 1_2_b53 "64" TTP C
12 9280 P2 1_2_b53 "64" TTP C
10 9280 PS P3 Tr "b54" 
11 9280 P0 0_3_b54 "64" TTP C
12 9280 P3 0_3_b54 "64" TTP C
10 9280 PS P4 Tr "a55" 
11 9280 P1 1_4_a55 "64" TTP C
12 9280 P4 1_4_a55 "64" TTP C
10 9280 PS P5 Tr "b41" 
11 9280 P4 4_5_b41 "64" TTP C
12 9280 P5 4_5_b41 "64" TTP C
10 9280 PS P6 Tr "b43" 
11 9280 P9 9_6_b43 "64" TTP C
12 9280 P6 9_6_b43 "64" TTP C
10 9280 PS P7 Tr "b45" 
11 9280 P0 0_7_b45 "64" TTP C
12 9280 P7 0_7_b45 "64" TTP C
10 9280 PS P8 Tr "b46" 
11 9280 P2 2_8_b46 "64" TTP C
12 9280 P8 2_8_b46 "64" TTP C
10 9280 PS P9 Tr "a14" 
11 9280 P0 0_9_a14 "64" TTP C
12 9280 P9 0_9_a14 "64" TTP C
10 9344 PS P1 Exec "a14*b44" 
10 9344 PS P2 Exec "a55*b53" 
10 9344 PS P3 Exec "a55*b54" 
10 9344 PS P4 Exec "a55*b55" 
10 9344 PS P5 Exec "a14*b41" 
10 9344 PS P6 Exec "a14*b43" 
10 9344 PS P7 Exec "a14*b45" 
10 9344 PS P8 Exec "a14*b46" 
10 9344 PS P9 Exec "a14*b42" 
17 9664 Pile T 1.00 
10 9664 PS P0 Idle "" 
10 9664 PS P0 Tr "a36" 
11 9664 P1 1_0_a36 "64" TTP C
12 9664 P0 1_0_a36 "64" TTP C
10 9728 PS P0 Exec "a36*b64" 
17 9856 Pile T 1.00 
10 9856 PS P1 Idle "" 
10 9856 PS P1 Tr "b61" 
11 9856 P0 0_1_b61 "64" TTP C
12 9856 P1 0_1_b61 "64" TTP C
17 9856 Pile T 1.00 
10 9856 PS P2 Idle "" 
10 9856 PS P2 Tr "a36" 
11 9856 P1 1_2_a36 "64" TTP C
12 9856 P2 1_2_a36 "64" TTP C
17 9856 Pile T 1.00 
10 9856 PS P3 Idle "" 
10 9856 PS P3 Tr "b66" 
11 9856 P6 6_3_b66 "64" TTP C
12 9856 P3 6_3_b66 "64" TTP C
17 9856 Pile T 1.00 
10 9856 PS P4 Idle "" 
10 9856 PS P4 Tr "a36" 
11 9856 P1 1_4_a36 "64" TTP C
12 9856 P4 1_4_a36 "64" TTP C
17 9856 Pile T 1.00 
10 9856 PS P5 Idle "" 
10 9856 PS P5 Tr "a36" 
11 9856 P1 1_5_a36 "64" TTP C
12 9856 P5 1_5_a36 "64" TTP C
17 9856 Pile T 1.00 
10 9856 PS P6 Idle "" 
10 9856 PS P6 Tr "b35" 
11 9856 P0 0_6_b35 "64" TTP C
12 9856 P6 0_6_b35 "64" TTP C
17 9856 Pile T 1.00 
10 9856 PS P7 Idle "" 
10 9856 PS P7 Tr "a13" 
11 9856 P0 0_7_a13 "64" TTP C
12 9856 P7 0_7_a13 "64" TTP C
17 9856 Pile T 1.00 
10 9856 PS P8 Idle "" 
10 9856 PS P8 Tr "a13" 
11 9856 P0 0_8_a13 "64" TTP C
12 9856 P8 0_8_a13 "64" TTP C
17 9856 Pile T 1.00 
10 9856 PS P9 Idle "" 
10 9856 PS P9 Tr "a13" 
11 9856 P0 0_9_a13 "64" TTP C
12 9856 P9 0_9_a13 "64" TTP C
10 9920 PS P1 Exec "a36*b61" 
10 9920 PS P2 Tr "b63" 
11 9920 P0 0_2_b63 "64" TTP C
12 9920 P2 0_2_b63 "64" TTP C
10 9920 PS P3 Tr "a36" 
11 9920 P1 1_3_a36 "64" TTP C
12 9920 P3 1_3_a36 "64" TTP C
10 9920 PS P4 Tr "b62" 
11 9920 P0 0_4_b62 "64" TTP C
12 9920 P4 0_4_b62 "64" TTP C
10 9920 PS P5 Tr "b65" 
11 9920 P0 0_5_b65 "64" TTP C
12 9920 P5 0_5_b65 "64" TTP C
10 9920 PS P6 Tr "a13" 
11 9920 P0 0_6_a13 "64" TTP C
12 9920 P6 0_6_a13 "64" TTP C
10 9920 PS P7 Exec "a13*b36" 
10 9920 PS P8 Tr "b32" 
11 9920 P0 0_8_b32 "64" TTP C
12 9920 P8 0_8_b32 "64" TTP C
10 9920 PS P9 Tr "b31" 
11 9920 P0 0_9_b31 "64" TTP C
12 9920 P9 0_9_b31 "64" TTP C
10 9984 PS P2 Exec "a36*b63" 
10 9984 PS P3 Exec "a36*b66" 
10 9984 PS P4 Exec "a36*b62" 
10 9984 PS P5 Exec "a36*b65" 
10 9984 PS P6 Exec "a13*b35" 
10 9984 PS P8 Exec "a13*b32" 
10 9984 PS P9 Exec "a13*b31" 
17 10240 Pile T 1.00 
10 10240 PS P0 Idle "" 
10 10240 PS P0 Exec "a13*b34" 
17 10432 Pile T 1.00 
10 10432 PS P1 Idle "" 
10 10432 PS P1 Tr "a13" 
11 10432 P0 0_1_a13 "64" TTP C
12 10432 P1 0_1_a13 "64" TTP C
17 10432 Pile T 1.00 
10 10432 PS P7 Idle "" 
10 10432 PS P7 Tr "b46" 
11 10432 P2 2_7_b46 "64" TTP C
12 10432 P7 2_7_b46 "64" TTP C
17 10496 Pile T 1.00 
10 10496 PS P2 Idle "" 
10 10496 PS P2 Tr "a54" 
11 10496 P1 1_2_a54 "64" TTP C
12 10496 P2 1_2_a54 "64" TTP C
17 10496 Pile T 1.00 
10 10496 PS P3 Idle "" 
10 10496 PS P3 Tr "a54" 
11 10496 P1 1_3_a54 "64" TTP C
12 10496 P3 1_3_a54 "64" TTP C
17 10496 Pile T 1.00 
10 10496 PS P4 Idle "" 
10 10496 PS P4 Tr "b42" 
11 10496 P0 0_4_b42 "64" TTP C
12 10496 P4 0_4_b42 "64" TTP C
17 10496 Pile T 1.00 
10 10496 PS P5 Idle "" 
10 10496 PS P5 Tr "b44" 
11 10496 P8 8_5_b44 "64" TTP C
12 10496 P5 8_5_b44 "64" TTP C
17 10496 Pile T 1.00 
10 10496 PS P6 Idle "" 
10 10496 PS P6 Tr "a54" 
11 10496 P1 1_6_a54 "64" TTP C
12 10496 P6 1_6_a54 "64" TTP C
17 10496 Pile T 1.00 
10 10496 PS P8 Idle "" 
10 10496 PS P8 Tr "a23" 
11 10496 P0 0_8_a23 "64" TTP C
12 10496 P8 0_8_a23 "64" TTP C
17 10496 Pile T 1.00 
10 10496 PS P9 Idle "" 
10 10496 PS P9 Tr "b33" 
11 10496 P0 0_9_b33 "64" TTP C
12 10496 P9 0_9_b33 "64" TTP C
10 10496 PS P1 Tr "b33" 
11 10496 P0 0_1_b33 "64" TTP C
12 10496 P1 0_1_b33 "64" TTP C
10 10496 PS P7 Tr "a54" 
11 10496 P1 1_7_a54 "64" TTP C
12 10496 P7 1_7_a54 "64" TTP C
10 10560 PS P2 Tr "b41" 
11 10560 P4 4_2_b41 "64" TTP C
12 10560 P2 4_2_b41 "64" TTP C
10 10560 PS P3 Tr "b43" 
11 10560 P9 9_3_b43 "64" TTP C
12 10560 P3 9_3_b43 "64" TTP C
10 10560 PS P4 Tr "a54" 
11 10560 P1 1_4_a54 "64" TTP C
12 10560 P4 1_4_a54 "64" TTP C
10 10560 PS P5 Tr "a54" 
11 10560 P1 1_5_a54 "64" TTP C
12 10560 P5 1_5_a54 "64" TTP C
10 10560 PS P6 Tr "b45" 
11 10560 P0 0_6_b45 "64" TTP C
12 10560 P6 0_6_b45 "64" TTP C
10 10560 PS P8 Tr "b31" 
11 10560 P0 0_8_b31 "64" TTP C
12 10560 P8 0_8_b31 "64" TTP C
10 10560 PS P9 Tr "a23" 
11 10560 P0 0_9_a23 "64" TTP C
12 10560 P9 0_9_a23 "64" TTP C
10 10560 PS P1 Exec "a13*b33" 
10 10560 PS P7 Exec "a54*b46" 
10 10624 PS P2 Exec "a54*b41" 
10 10624 PS P3 Exec "a54*b43" 
10 10624 PS P4 Exec "a54*b42" 
10 10624 PS P5 Exec "a54*b44" 
10 10624 PS P6 Exec "a54*b45" 
10 10624 PS P8 Exec "a23*b31" 
10 10624 PS P9 Exec "a23*b33" 
17 10752 Pile T 1.00 
10 10752 PS P0 Idle "" 
10 10752 PS P0 Tr "b36" 
11 10752 P7 7_0_b36 "64" TTP C
12 10752 P0 7_0_b36 "64" TTP C
10 10816 PS P0 Exec "a23*b36" 
17 11072 Pile T 1.00 
10 11072 PS P1 Idle "" 
10 11072 PS P1 Tr "b35" 
11 11072 P0 0_1_b35 "64" TTP C
12 11072 P1 0_1_b35 "64" TTP C
17 11072 Pile T 1.00 
10 11072 PS P7 Idle "" 
10 11072 PS P7 Tr "b32" 
11 11072 P0 0_7_b32 "64" TTP C
12 11072 P7 0_7_b32 "64" TTP C
17 11136 Pile T 1.00 
10 11136 PS P2 Idle "" 
10 11136 PS P2 Tr "a23" 
11 11136 P0 0_2_a23 "64" TTP C
12 11136 P2 0_2_a23 "64" TTP C
17 11136 Pile T 1.00 
10 11136 PS P3 Idle "" 
10 11136 PS P3 Tr "b12" 
11 11136 P0 0_3_b12 "64" TTP C
12 11136 P3 0_3_b12 "64" TTP C
17 11136 Pile T 1.00 
10 11136 PS P4 Idle "" 
10 11136 PS P4 Tr "b13" 
11 11136 P0 0_4_b13 "64" TTP C
12 11136 P4 0_4_b13 "64" TTP C
17 11136 Pile T 1.00 
10 11136 PS P5 Idle "" 
10 11136 PS P5 Tr "a31" 
11 11136 P1 1_5_a31 "64" TTP C
12 11136 P5 1_5_a31 "64" TTP C
17 11136 Pile T 1.00 
10 11136 PS P6 Idle "" 
10 11136 PS P6 Tr "b16" 
11 11136 P0 0_6_b16 "64" TTP C
12 11136 P6 0_6_b16 "64" TTP C
17 11136 Pile T 1.00 
10 11136 PS P8 Idle "" 
10 11136 PS P8 Tr "a31" 
11 11136 P1 1_8_a31 "64" TTP C
12 11136 P8 1_8_a31 "64" TTP C
17 11136 Pile T 1.00 
10 11136 PS P9 Idle "" 
10 11136 PS P9 Tr "b15" 
11 11136 P0 0_9_b15 "64" TTP C
12 11136 P9 0_9_b15 "64" TTP C
10 11136 PS P1 Tr "a23" 
11 11136 P0 0_1_a23 "64" TTP C
12 11136 P1 0_1_a23 "64" TTP C
10 11136 PS P7 Tr "a23" 
11 11136 P0 0_7_a23 "64" TTP C
12 11136 P7 0_7_a23 "64" TTP C
10 11200 PS P2 Tr "b34" 
11 11200 P0 0_2_b34 "64" TTP C
12 11200 P2 0_2_b34 "64" TTP C
10 11200 PS P3 Tr "a31" 
11 11200 P1 1_3_a31 "64" TTP C
12 11200 P3 1_3_a31 "64" TTP C
10 11200 PS P4 Tr "a31" 
11 11200 P1 1_4_a31 "64" TTP C
12 11200 P4 1_4_a31 "64" TTP C
10 11200 PS P5 Exec "a31*b11" 
10 11200 PS P6 Tr "a31" 
11 11200 P1 1_6_a31 "64" TTP C
12 11200 P6 1_6_a31 "64" TTP C
10 11200 PS P8 Tr "b14" 
11 11200 P0 0_8_b14 "64" TTP C
12 11200 P8 0_8_b14 "64" TTP C
10 11200 PS P9 Tr "a31" 
11 11200 P1 1_9_a31 "64" TTP C
12 11200 P9 1_9_a31 "64" TTP C
10 11200 PS P1 Exec "a23*b35" 
10 11200 PS P7 Exec "a23*b32" 
10 11264 PS P2 Exec "a23*b34" 
10 11264 PS P3 Exec "a31*b12" 
10 11264 PS P4 Exec "a31*b13" 
10 11264 PS P6 Exec "a31*b16" 
10 11264 PS P8 Exec "a31*b14" 
10 11264 PS P9 Exec "a31*b15" 
17 11328 Pile T 1.00 
10 11328 PS P0 Idle "" 
10 11328 PS P0 Exec "a53*b32" 
17 11712 Pile T 1.00 
10 11712 PS P5 Idle "" 
10 11712 PS P5 Tr "b31" 
11 11712 P0 0_5_b31 "64" TTP C
12 11712 P5 0_5_b31 "64" TTP C
17 11712 Pile T 1.00 
10 11712 PS P1 Idle "" 
10 11712 PS P1 Tr "a53" 
11 11712 P0 0_1_a53 "64" TTP C
12 11712 P1 0_1_a53 "64" TTP C
17 11712 Pile T 1.00 
10 11712 PS P7 Idle "" 
10 11712 PS P7 Tr "b35" 
11 11712 P0 0_7_b35 "64" TTP C
12 11712 P7 0_7_b35 "64" TTP C
17 11776 Pile T 1.00 
10 11776 PS P2 Idle "" 
10 11776 PS P2 Tr "b36" 
11 11776 P7 7_2_b36 "64" TTP C
12 11776 P2 7_2_b36 "64" TTP C
17 11776 Pile T 1.00 
10 11776 PS P3 Idle "" 
10 11776 PS P3 Tr "a53" 
11 11776 P0 0_3_a53 "64" TTP C
12 11776 P3 0_3_a53 "64" TTP C
17 11776 Pile T 1.00 
10 11776 PS P4 Idle "" 
10 11776 PS P4 Tr "b14" 
11 11776 P0 0_4_b14 "64" TTP C
12 11776 P4 0_4_b14 "64" TTP C
17 11776 Pile T 1.00 
10 11776 PS P6 Idle "" 
10 11776 PS P6 Tr "b11" 
11 11776 P5 5_6_b11 "64" TTP C
12 11776 P6 5_6_b11 "64" TTP C
17 11776 Pile T 1.00 
10 11776 PS P8 Idle "" 
10 11776 PS P8 Tr "b12" 
11 11776 P0 0_8_b12 "64" TTP C
12 11776 P8 0_8_b12 "64" TTP C
17 11776 Pile T 1.00 
10 11776 PS P9 Idle "" 
10 11776 PS P9 Tr "a11" 
11 11776 P1 1_9_a11 "64" TTP C
12 11776 P9 1_9_a11 "64" TTP C
10 11776 PS P5 Tr "a53" 
11 11776 P0 0_5_a53 "64" TTP C
12 11776 P5 0_5_a53 "64" TTP C
10 11776 PS P1 Tr "b34" 
11 11776 P0 0_1_b34 "64" TTP C
12 11776 P1 0_1_b34 "64" TTP C
10 11776 PS P7 Tr "a53" 
11 11776 P0 0_7_a53 "64" TTP C
12 11776 P7 0_7_a53 "64" TTP C
17 11840 Pile T 1.00 
10 11840 PS P0 Idle "" 
10 11840 PS P0 Tr "a11" 
11 11840 P1 1_0_a11 "64" TTP C
12 11840 P0 1_0_a11 "64" TTP C
10 11840 PS P2 Tr "a53" 
11 11840 P0 0_2_a53 "64" TTP C
12 11840 P2 0_2_a53 "64" TTP C
10 11840 PS P3 Tr "b33" 
11 11840 P0 0_3_b33 "64" TTP C
12 11840 P3 0_3_b33 "64" TTP C
10 11840 PS P4 Tr "a11" 
11 11840 P1 1_4_a11 "64" TTP C
12 11840 P4 1_4_a11 "64" TTP C
10 11840 PS P6 Tr "a11" 
11 11840 P1 1_6_a11 "64" TTP C
12 11840 P6 1_6_a11 "64" TTP C
10 11840 PS P8 Tr "a11" 
11 11840 P1 1_8_a11 "64" TTP C
12 11840 P8 1_8_a11 "64" TTP C
10 11840 PS P9 Tr "b16" 
11 11840 P0 0_9_b16 "64" TTP C
12 11840 P9 0_9_b16 "64" TTP C
10 11840 PS P5 Exec "a53*b31" 
10 11840 PS P1 Exec "a53*b34" 
10 11840 PS P7 Exec "a53*b35" 
10 11904 PS P0 Exec "a11*b13" 
10 11904 PS P2 Exec "a53*b36" 
10 11904 PS P3 Exec "a53*b33" 
10 11904 PS P4 Exec "a11*b14" 
10 11904 PS P6 Exec "a11*b11" 
10 11904 PS P8 Exec "a11*b12" 
10 11904 PS P9 Exec "a11*b16" 
17 12352 Pile T 1.00 
10 12352 PS P5 Idle "" 
10 12352 PS P5 Tr "b15" 
11 12352 P0 0_5_b15 "64" TTP C
12 12352 P5 0_5_b15 "64" TTP C
17 12352 Pile T 1.00 
10 12352 PS P1 Idle "" 
10 12352 PS P1 Tr "a46" 
11 12352 P0 0_1_a46 "64" TTP C
12 12352 P1 0_1_a46 "64" TTP C
17 12352 Pile T 1.00 
10 12352 PS P7 Idle "" 
10 12352 PS P7 Tr "a46" 
11 12352 P0 0_7_a46 "64" TTP C
12 12352 P7 0_7_a46 "64" TTP C
17 12416 Pile T 1.00 
10 12416 PS P0 Idle "" 
10 12416 PS P0 Exec "a46*b65" 
17 12416 Pile T 1.00 
10 12416 PS P2 Idle "" 
10 12416 PS P2 Tr "b61" 
11 12416 P0 0_2_b61 "64" TTP C
12 12416 P2 0_2_b61 "64" TTP C
17 12416 Pile T 1.00 
10 12416 PS P3 Idle "" 
10 12416 PS P3 Tr "b62" 
11 12416 P0 0_3_b62 "64" TTP C
12 12416 P3 0_3_b62 "64" TTP C
17 12416 Pile T 1.00 
10 12416 PS P4 Idle "" 
10 12416 PS P4 Tr "a46" 
11 12416 P0 0_4_a46 "64" TTP C
12 12416 P4 0_4_a46 "64" TTP C
17 12416 Pile T 1.00 
10 12416 PS P6 Idle "" 
10 12416 PS P6 Tr "a51" 
11 12416 P1 1_6_a51 "64" TTP C
12 12416 P6 1_6_a51 "64" TTP C
17 12416 Pile T 1.00 
10 12416 PS P8 Idle "" 
10 12416 PS P8 Tr "b13" 
11 12416 P0 0_8_b13 "64" TTP C
12 12416 P8 0_8_b13 "64" TTP C
17 12416 Pile T 1.00 
10 12416 PS P9 Idle "" 
10 12416 PS P9 Tr "a51" 
11 12416 P1 1_9_a51 "64" TTP C
12 12416 P9 1_9_a51 "64" TTP C
10 12416 PS P5 Tr "a11" 
11 12416 P1 1_5_a11 "64" TTP C
12 12416 P5 1_5_a11 "64" TTP C
10 12416 PS P1 Tr "b63" 
11 12416 P0 0_1_b63 "64" TTP C
12 12416 P1 0_1_b63 "64" TTP C
10 12416 PS P7 Tr "b64" 
11 12416 P0 0_7_b64 "64" TTP C
12 12416 P7 0_7_b64 "64" TTP C
10 12480 PS P2 Tr "a46" 
11 12480 P0 0_2_a46 "64" TTP C
12 12480 P2 0_2_a46 "64" TTP C
10 12480 PS P3 Tr "a46" 
11 12480 P0 0_3_a46 "64" TTP C
12 12480 P3 0_3_a46 "64" TTP C
10 12480 PS P4 Tr "b66" 
11 12480 P6 6_4_b66 "64" TTP C
12 12480 P4 6_4_b66 "64" TTP C
10 12480 PS P6 Exec "a51*b11" 
10 12480 PS P8 Tr "a51" 
11 12480 P1 1_8_a51 "64" TTP C
12 12480 P8 1_8_a51 "64" TTP C
10 12480 PS P9 Exec "a51*b16" 
10 12480 PS P5 Exec "a11*b15" 
10 12480 PS P1 Exec "a46*b63" 
10 12480 PS P7 Exec "a46*b64" 
10 12544 PS P2 Exec "a46*b61" 
10 12544 PS P3 Exec "a46*b62" 
10 12544 PS P4 Exec "a46*b66" 
10 12544 PS P8 Exec "a51*b13" 
17 12928 Pile T 1.00 
10 12928 PS P0 Idle "" 
10 12928 PS P0 Tr "a51" 
11 12928 P1 1_0_a51 "64" TTP C
12 12928 P0 1_0_a51 "64" TTP C
17 12992 Pile T 1.00 
10 12992 PS P6 Idle "" 
10 12992 PS P6 Tr "b12" 
11 12992 P0 0_6_b12 "64" TTP C
12 12992 P6 0_6_b12 "64" TTP C
17 12992 Pile T 1.00 
10 12992 PS P9 Idle "" 
10 12992 PS P9 Tr "b14" 
11 12992 P0 0_9_b14 "64" TTP C
12 12992 P9 0_9_b14 "64" TTP C
17 12992 Pile T 1.00 
10 12992 PS P5 Idle "" 
10 12992 PS P5 Tr "a44" 
11 12992 P0 0_5_a44 "64" TTP C
12 12992 P5 0_5_a44 "64" TTP C
17 12992 Pile T 1.00 
10 12992 PS P1 Idle "" 
10 12992 PS P1 Tr "a44" 
11 12992 P0 0_1_a44 "64" TTP C
12 12992 P1 0_1_a44 "64" TTP C
17 12992 Pile T 1.00 
10 12992 PS P7 Idle "" 
10 12992 PS P7 Tr "b41" 
11 12992 P4 4_7_b41 "64" TTP C
12 12992 P7 4_7_b41 "64" TTP C
10 12992 PS P0 Exec "a51*b15" 
17 13056 Pile T 1.00 
10 13056 PS P2 Idle "" 
10 13056 PS P2 Tr "b45" 
11 13056 P0 0_2_b45 "64" TTP C
12 13056 P2 0_2_b45 "64" TTP C
17 13056 Pile T 1.00 
10 13056 PS P3 Idle "" 
10 13056 PS P3 Tr "b42" 
11 13056 P0 0_3_b42 "64" TTP C
12 13056 P3 0_3_b42 "64" TTP C
17 13056 Pile T 1.00 
10 13056 PS P4 Idle "" 
10 13056 PS P4 Tr "a44" 
11 13056 P0 0_4_a44 "64" TTP C
12 13056 P4 0_4_a44 "64" TTP C
17 13056 Pile T 1.00 
10 13056 PS P8 Idle "" 
10 13056 PS P8 Tr "b55" 
11 13056 P0 0_8_b55 "64" TTP C
12 13056 P8 0_8_b55 "64" TTP C
10 13056 PS P6 Exec "a51*b12" 
10 13056 PS P9 Exec "a51*b14" 
10 13056 PS P5 Exec "a44*b44" 
10 13056 PS P1 Tr "b43" 
11 13056 P9 9_1_b43 "64" TTP C
12 13056 P1 9_1_b43 "64" TTP C
10 13056 PS P7 Tr "a44" 
11 13056 P0 0_7_a44 "64" TTP C
12 13056 P7 0_7_a44 "64" TTP C
10 13120 PS P2 Tr "a44" 
11 13120 P0 0_2_a44 "64" TTP C
12 13120 P2 0_2_a44 "64" TTP C
10 13120 PS P3 Tr "a44" 
11 13120 P0 0_3_a44 "64" TTP C
12 13120 P3 0_3_a44 "64" TTP C
10 13120 PS P4 Tr "b46" 
11 13120 P2 2_4_b46 "64" TTP C
12 13120 P4 2_4_b46 "64" TTP C
10 13120 PS P8 Tr "a15" 
11 13120 P1 1_8_a15 "64" TTP C
12 13120 P8 1_8_a15 "64" TTP C
10 13120 PS P1 Exec "a44*b43" 
10 13120 PS P7 Exec "a44*b41" 
10 13184 PS P2 Exec "a44*b45" 
10 13184 PS P3 Exec "a44*b42" 
10 13184 PS P4 Exec "a44*b46" 
10 13184 PS P8 Exec "a15*b55" 
17 13504 Pile T 1.00 
10 13504 PS P0 Idle "" 
10 13504 PS P0 Tr "b53" 
11 13504 P1 1_0_b53 "64" TTP C
12 13504 P0 1_0_b53 "64" TTP C
17 13568 Pile T 1.00 
10 13568 PS P6 Idle "" 
10 13568 PS P6 Tr "b51" 
11 13568 P0 0_6_b51 "64" TTP C
12 13568 P6 0_6_b51 "64" TTP C
17 13568 Pile T 1.00 
10 13568 PS P9 Idle "" 
10 13568 PS P9 Tr "b52" 
11 13568 P0 0_9_b52 "64" TTP C
12 13568 P9 0_9_b52 "64" TTP C
17 13568 Pile T 1.00 
10 13568 PS P5 Idle "" 
10 13568 PS P5 Tr "a15" 
11 13568 P1 1_5_a15 "64" TTP C
12 13568 P5 1_5_a15 "64" TTP C
10 13568 PS P0 Tr "a15" 
11 13568 P1 1_0_a15 "64" TTP C
12 13568 P0 1_0_a15 "64" TTP C
17 13632 Pile T 1.00 
10 13632 PS P1 Idle "" 
10 13632 PS P1 Tr "b56" 
11 13632 P0 0_1_b56 "64" TTP C
12 13632 P1 0_1_b56 "64" TTP C
17 13632 Pile T 1.00 
10 13632 PS P7 Idle "" 
10 13632 PS P7 Tr "b22" 
11 13632 P0 0_7_b22 "64" TTP C
12 13632 P7 0_7_b22 "64" TTP C
10 13632 PS P6 Tr "a15" 
11 13632 P1 1_6_a15 "64" TTP C
12 13632 P6 1_6_a15 "64" TTP C
10 13632 PS P9 Tr "a15" 
11 13632 P1 1_9_a15 "64" TTP C
12 13632 P9 1_9_a15 "64" TTP C
10 13632 PS P5 Tr "b54" 
11 13632 P0 0_5_b54 "64" TTP C
12 13632 P5 0_5_b54 "64" TTP C
10 13632 PS P0 Exec "a15*b53" 
17 13696 Pile T 1.00 
10 13696 PS P2 Idle "" 
10 13696 PS P2 Tr "a22" 
11 13696 P0 0_2_a22 "64" TTP C
12 13696 P2 0_2_a22 "64" TTP C
17 13696 Pile T 1.00 
10 13696 PS P3 Idle "" 
10 13696 PS P3 Tr "b25" 
11 13696 P0 0_3_b25 "64" TTP C
12 13696 P3 0_3_b25 "64" TTP C
17 13696 Pile T 1.00 
10 13696 PS P4 Idle "" 
10 13696 PS P4 Tr "b23" 
11 13696 P0 0_4_b23 "64" TTP C
12 13696 P4 0_4_b23 "64" TTP C
17 13696 Pile T 1.00 
10 13696 PS P8 Idle "" 
10 13696 PS P8 Tr "a22" 
11 13696 P0 0_8_a22 "64" TTP C
12 13696 P8 0_8_a22 "64" TTP C
10 13696 PS P1 Exec "a15*b56" 
10 13696 PS P7 Tr "a22" 
11 13696 P0 0_7_a22 "64" TTP C
12 13696 P7 0_7_a22 "64" TTP C
10 13696 PS P6 Exec "a15*b51" 
10 13696 PS P9 Exec "a15*b52" 
10 13696 PS P5 Exec "a15*b54" 
10 13760 PS P2 Tr "b24" 
11 13760 P3 3_2_b24 "64" TTP C
12 13760 P2 3_2_b24 "64" TTP C
10 13760 PS P3 Tr "a22" 
11 13760 P0 0_3_a22 "64" TTP C
12 13760 P3 0_3_a22 "64" TTP C
10 13760 PS P4 Tr "a22" 
11 13760 P0 0_4_a22 "64" TTP C
12 13760 P4 0_4_a22 "64" TTP C
10 13760 PS P8 Tr "b21" 
11 13760 P0 0_8_b21 "64" TTP C
12 13760 P8 0_8_b21 "64" TTP C
10 13760 PS P7 Exec "a22*b22" 
10 13824 PS P2 Exec "a22*b24" 
10 13824 PS P3 Exec "a22*b25" 
10 13824 PS P4 Exec "a22*b23" 
10 13824 PS P8 Exec "a22*b21" 
17 14144 Pile T 1.00 
10 14144 PS P0 Idle "" 
10 14144 PS P0 Exec "a22*b26" 
17 14208 Pile T 1.00 
10 14208 PS P1 Idle "" 
10 14208 PS P1 Exec "a35*b52" 
17 14208 Pile T 1.00 
10 14208 PS P6 Idle "" 
10 14208 PS P6 Tr "b54" 
11 14208 P0 0_6_b54 "64" TTP C
12 14208 P6 0_6_b54 "64" TTP C
17 14208 Pile T 1.00 
10 14208 PS P9 Idle "" 
10 14208 PS P9 Tr "a35" 
11 14208 P1 1_9_a35 "64" TTP C
12 14208 P9 1_9_a35 "64" TTP C
17 14208 Pile T 1.00 
10 14208 PS P5 Idle "" 
10 14208 PS P5 Tr "a35" 
11 14208 P1 1_5_a35 "64" TTP C
12 14208 P5 1_5_a35 "64" TTP C
17 14272 Pile T 1.00 
10 14272 PS P7 Idle "" 
10 14272 PS P7 Tr "a35" 
11 14272 P1 1_7_a35 "64" TTP C
12 14272 P7 1_7_a35 "64" TTP C
10 14272 PS P6 Tr "a35" 
11 14272 P1 1_6_a35 "64" TTP C
12 14272 P6 1_6_a35 "64" TTP C
10 14272 PS P9 Tr "b53" 
11 14272 P1 1_9_b53 "64" TTP C
12 14272 P9 1_9_b53 "64" TTP C
10 14272 PS P5 Tr "b55" 
11 14272 P0 0_5_b55 "64" TTP C
12 14272 P5 0_5_b55 "64" TTP C
17 14336 Pile T 1.00 
10 14336 PS P2 Idle "" 
10 14336 PS P2 Tr "b51" 
11 14336 P0 0_2_b51 "64" TTP C
12 14336 P2 0_2_b51 "64" TTP C
17 14336 Pile T 1.00 
10 14336 PS P3 Idle "" 
10 14336 PS P3 Tr "a64" 
11 14336 P0 0_3_a64 "64" TTP C
12 14336 P3 0_3_a64 "64" TTP C
17 14336 Pile T 1.00 
10 14336 PS P4 Idle "" 
10 14336 PS P4 Tr "a64" 
11 14336 P0 0_4_a64 "64" TTP C
12 14336 P4 0_4_a64 "64" TTP C
17 14336 Pile T 1.00 
10 14336 PS P8 Idle "" 
10 14336 PS P8 Tr "a64" 
11 14336 P0 0_8_a64 "64" TTP C
12 14336 P8 0_8_a64 "64" TTP C
10 14336 PS P7 Tr "b56" 
11 14336 P0 0_7_b56 "64" TTP C
12 14336 P7 0_7_b56 "64" TTP C
10 14336 PS P6 Exec "a35*b54" 
10 14336 PS P9 Exec "a35*b53" 
10 14336 PS P5 Exec "a35*b55" 
10 14400 PS P2 Tr "a35" 
11 14400 P1 1_2_a35 "64" TTP C
12 14400 P2 1_2_a35 "64" TTP C
10 14400 PS P3 Tr "b41" 
11 14400 P4 4_3_b41 "64" TTP C
12 14400 P3 4_3_b41 "64" TTP C
10 14400 PS P4 Exec "a64*b46" 
10 14400 PS P8 Exec "a64*b44" 
10 14400 PS P7 Exec "a35*b56" 
10 14464 PS P2 Exec "a35*b51" 
10 14464 PS P3 Exec "a64*b41" 
17 14656 Pile T 1.00 
10 14656 PS P0 Idle "" 
10 14656 PS P0 Exec "a64*b42" 
17 14720 Pile T 1.00 
10 14720 PS P1 Idle "" 
10 14720 PS P1 Tr "a64" 
11 14720 P0 0_1_a64 "64" TTP C
12 14720 P1 0_1_a64 "64" TTP C
10 14784 PS P1 Exec "a64*b43" 
17 14848 Pile T 1.00 
10 14848 PS P6 Idle "" 
10 14848 PS P6 Tr "a64" 
11 14848 P0 0_6_a64 "64" TTP C
12 14848 P6 0_6_a64 "64" TTP C
17 14848 Pile T 1.00 
10 14848 PS P9 Idle "" 
10 14848 PS P9 Tr "a12" 
11 14848 P1 1_9_a12 "64" TTP C
12 14848 P9 1_9_a12 "64" TTP C
17 14848 Pile T 1.00 
10 14848 PS P5 Idle "" 
10 14848 PS P5 Tr "a12" 
11 14848 P1 1_5_a12 "64" TTP C
12 14848 P5 1_5_a12 "64" TTP C
17 14912 Pile T 1.00 
10 14912 PS P4 Idle "" 
10 14912 PS P4 Tr "a12" 
11 14912 P1 1_4_a12 "64" TTP C
12 14912 P4 1_4_a12 "64" TTP C
17 14912 Pile T 1.00 
10 14912 PS P8 Idle "" 
10 14912 PS P8 Tr "a12" 
11 14912 P1 1_8_a12 "64" TTP C
12 14912 P8 1_8_a12 "64" TTP C
17 14912 Pile T 1.00 
10 14912 PS P7 Idle "" 
10 14912 PS P7 Tr "a12" 
11 14912 P1 1_7_a12 "64" TTP C
12 14912 P7 1_7_a12 "64" TTP C
10 14912 PS P6 Exec "a64*b45" 
10 14912 PS P9 Tr "b22" 
11 14912 P0 0_9_b22 "64" TTP C
12 14912 P9 0_9_b22 "64" TTP C
10 14912 PS P5 Tr "b25" 
11 14912 P0 0_5_b25 "64" TTP C
12 14912 P5 0_5_b25 "64" TTP C
17 14976 Pile T 1.00 
10 14976 PS P2 Idle "" 
10 14976 PS P2 Tr "a12" 
11 14976 P1 1_2_a12 "64" TTP C
12 14976 P2 1_2_a12 "64" TTP C
17 14976 Pile T 1.00 
10 14976 PS P3 Idle "" 
10 14976 PS P3 Tr "a42" 
11 14976 P0 0_3_a42 "64" TTP C
12 14976 P3 0_3_a42 "64" TTP C
10 14976 PS P4 Tr "b26" 
11 14976 P0 0_4_b26 "64" TTP C
12 14976 P4 0_4_b26 "64" TTP C
10 14976 PS P8 Exec "a12*b21" 
10 14976 PS P7 Tr "b24" 
11 14976 P3 3_7_b24 "64" TTP C
12 14976 P7 3_7_b24 "64" TTP C
10 14976 PS P9 Exec "a12*b22" 
10 14976 PS P5 Exec "a12*b25" 
10 15040 PS P2 Tr "b23" 
11 15040 P0 0_2_b23 "64" TTP C
12 15040 P2 0_2_b23 "64" TTP C
10 15040 PS P3 Tr "b22" 
11 15040 P0 0_3_b22 "64" TTP C
12 15040 P3 0_3_b22 "64" TTP C
10 15040 PS P4 Exec "a12*b26" 
10 15040 PS P7 Exec "a12*b24" 
10 15104 PS P2 Exec "a12*b23" 
10 15104 PS P3 Exec "a42*b22" 
17 15168 Pile T 1.00 
10 15168 PS P0 Idle "" 
10 15168 PS P0 Tr "b24" 
11 15168 P3 3_0_b24 "64" TTP C
12 15168 P0 3_0_b24 "64" TTP C
10 15232 PS P0 Exec "a42*b24" 
17 15296 Pile T 1.00 
10 15296 PS P1 Idle "" 
10 15296 PS P1 Tr "b21" 
11 15296 P0 0_1_b21 "64" TTP C
12 15296 P1 0_1_b21 "64" TTP C
10 15360 PS P1 Tr "a42" 
11 15360 P0 0_1_a42 "64" TTP C
12 15360 P1 0_1_a42 "64" TTP C
17 15424 Pile T 1.00 
10 15424 PS P6 Idle "" 
10 15424 PS P6 Tr "a42" 
11 15424 P0 0_6_a42 "64" TTP C
12 15424 P6 0_6_a42 "64" TTP C
10 15424 PS P1 Exec "a42*b21" 
17 15488 Pile T 1.00 
10 15488 PS P8 Idle "" 
10 15488 PS P8 Tr "a42" 
11 15488 P0 0_8_a42 "64" TTP C
12 15488 P8 0_8_a42 "64" TTP C
17 15488 Pile T 1.00 
10 15488 PS P9 Idle "" 
10 15488 PS P9 Tr "b26" 
11 15488 P0 0_9_b26 "64" TTP C
12 15488 P9 0_9_b26 "64" TTP C
17 15488 Pile T 1.00 
10 15488 PS P5 Idle "" 
10 15488 PS P5 Tr "a63" 
11 15488 P1 1_5_a63 "64" TTP C
12 15488 P5 1_5_a63 "64" TTP C
10 15488 PS P6 Tr "b23" 
11 15488 P0 0_6_b23 "64" TTP C
12 15488 P6 0_6_b23 "64" TTP C
17 15552 Pile T 1.00 
10 15552 PS P4 Idle "" 
10 15552 PS P4 Tr "b36" 
11 15552 P7 7_4_b36 "64" TTP C
12 15552 P4 7_4_b36 "64" TTP C
17 15552 Pile T 1.00 
10 15552 PS P7 Idle "" 
10 15552 PS P7 Tr "a63" 
11 15552 P1 1_7_a63 "64" TTP C
12 15552 P7 1_7_a63 "64" TTP C
10 15552 PS P8 Tr "b25" 
11 15552 P0 0_8_b25 "64" TTP C
12 15552 P8 0_8_b25 "64" TTP C
10 15552 PS P9 Tr "a42" 
11 15552 P0 0_9_a42 "64" TTP C
12 15552 P9 0_9_a42 "64" TTP C
10 15552 PS P5 Tr "b34" 
11 15552 P0 0_5_b34 "64" TTP C
12 15552 P5 0_5_b34 "64" TTP C
10 15552 PS P6 Exec "a42*b23" 
17 15616 Pile T 1.00 
10 15616 PS P2 Idle "" 
10 15616 PS P2 Tr "a63" 
11 15616 P1 1_2_a63 "64" TTP C
12 15616 P2 1_2_a63 "64" TTP C
17 15616 Pile T 1.00 
10 15616 PS P3 Idle "" 
10 15616 PS P3 Tr "a63" 
11 15616 P1 1_3_a63 "64" TTP C
12 15616 P3 1_3_a63 "64" TTP C
10 15616 PS P4 Tr "a63" 
11 15616 P1 1_4_a63 "64" TTP C
12 15616 P4 1_4_a63 "64" TTP C
10 15616 PS P7 Exec "a63*b32" 
10 15616 PS P8 Exec "a42*b25" 
10 15616 PS P9 Exec "a42*b26" 
10 15616 PS P5 Exec "a63*b34" 
10 15680 PS P2 Tr "b31" 
11 15680 P0 0_2_b31 "64" TTP C
12 15680 P2 0_2_b31 "64" TTP C
10 15680 PS P3 Tr "b35" 
11 15680 P0 0_3_b35 "64" TTP C
12 15680 P3 0_3_b35 "64" TTP C
10 15680 PS P4 Exec "a63*b36" 
17 15744 Pile T 1.00 
10 15744 PS P0 Idle "" 
10 15744 PS P0 Tr "a63" 
11 15744 P1 1_0_a63 "64" TTP C
12 15744 P0 1_0_a63 "64" TTP C
10 15744 PS P2 Exec "a63*b31" 
10 15744 PS P3 Exec "a63*b35" 
10 15808 PS P0 Exec "a63*b33" 
17 15936 Pile T 1.00 
10 15936 PS P1 Idle "" 
10 15936 PS P1 Tr "b51" 
11 15936 P0 0_1_b51 "64" TTP C
12 15936 P1 0_1_b51 "64" TTP C
10 16000 PS P1 Tr "a65" 
11 16000 P0 0_1_a65 "64" TTP C
12 16000 P1 0_1_a65 "64" TTP C
17 16064 Pile T 1.00 
10 16064 PS P6 Idle "" 
10 16064 PS P6 Tr "a65" 
11 16064 P0 0_6_a65 "64" TTP C
12 16064 P6 0_6_a65 "64" TTP C
10 16064 PS P1 Exec "a65*b51" 
17 16128 Pile T 1.00 
10 16128 PS P7 Idle "" 
10 16128 PS P7 Tr "a65" 
11 16128 P0 0_7_a65 "64" TTP C
12 16128 P7 0_7_a65 "64" TTP C
17 16128 Pile T 1.00 
10 16128 PS P8 Idle "" 
10 16128 PS P8 Tr "a65" 
11 16128 P0 0_8_a65 "64" TTP C
12 16128 P8 0_8_a65 "64" TTP C
17 16128 Pile T 1.00 
10 16128 PS P9 Idle "" 
10 16128 PS P9 Tr "a65" 
11 16128 P0 0_9_a65 "64" TTP C
12 16128 P9 0_9_a65 "64" TTP C
17 16128 Pile T 1.00 
10 16128 PS P5 Idle "" 
10 16128 PS P5 Tr "a65" 
11 16128 P0 0_5_a65 "64" TTP C
12 16128 P5 0_5_a65 "64" TTP C
10 16128 PS P6 Exec "a65*b54" 
17 16192 Pile T 1.00 
10 16192 PS P4 Idle "" 
10 16192 PS P4 Tr "a24" 
11 16192 P1 1_4_a24 "64" TTP C
12 16192 P4 1_4_a24 "64" TTP C
10 16192 PS P7 Exec "a65*b56" 
10 16192 PS P8 Tr "b52" 
11 16192 P0 0_8_b52 "64" TTP C
12 16192 P8 0_8_b52 "64" TTP C
10 16192 PS P9 Exec "a65*b53" 
10 16192 PS P5 Exec "a65*b55" 
17 16256 Pile T 1.00 
10 16256 PS P2 Idle "" 
10 16256 PS P2 Tr "b42" 
11 16256 P0 0_2_b42 "64" TTP C
12 16256 P2 0_2_b42 "64" TTP C
17 16256 Pile T 1.00 
10 16256 PS P3 Idle "" 
10 16256 PS P3 Tr "a24" 
11 16256 P1 1_3_a24 "64" TTP C
12 16256 P3 1_3_a24 "64" TTP C
10 16256 PS P4 Exec "a24*b46" 
10 16256 PS P8 Exec "a65*b52" 
17 16320 Pile T 1.00 
10 16320 PS P0 Idle "" 
10 16320 PS P0 Tr "a24" 
11 16320 P1 1_0_a24 "64" TTP C
12 16320 P0 1_0_a24 "64" TTP C
10 16320 PS P2 Tr "a24" 
11 16320 P1 1_2_a24 "64" TTP C
12 16320 P2 1_2_a24 "64" TTP C
10 16320 PS P3 Exec "a24*b41" 
10 16384 PS P0 Tr "b44" 
11 16384 P8 8_0_b44 "64" TTP C
12 16384 P0 8_0_b44 "64" TTP C
10 16384 PS P2 Exec "a24*b42" 
10 16448 PS P0 Exec "a24*b44" 
17 16576 Pile T 1.00 
10 16576 PS P1 Idle "" 
10 16576 PS P1 Tr "b45" 
11 16576 P0 0_1_b45 "64" TTP C
12 16576 P1 0_1_b45 "64" TTP C
17 16640 Pile T 1.00 
10 16640 PS P6 Idle "" 
10 16640 PS P6 Tr "a24" 
11 16640 P1 1_6_a24 "64" TTP C
12 16640 P6 1_6_a24 "64" TTP C
10 16640 PS P1 Exec "a24*b45" 
17 16704 Pile T 1.00 
10 16704 PS P7 Idle "" 
10 16704 PS P7 Tr "b65" 
11 16704 P0 0_7_b65 "64" TTP C
12 16704 P7 0_7_b65 "64" TTP C
17 16704 Pile T 1.00 
10 16704 PS P9 Idle "" 
10 16704 PS P9 Tr "b66" 
11 16704 P6 6_9_b66 "64" TTP C
12 16704 P9 6_9_b66 "64" TTP C
17 16704 Pile T 1.00 
10 16704 PS P5 Idle "" 
10 16704 PS P5 Tr "b61" 
11 16704 P0 0_5_b61 "64" TTP C
12 16704 P5 0_5_b61 "64" TTP C
10 16704 PS P6 Exec "a24*b43" 
17 16768 Pile T 1.00 
10 16768 PS P4 Idle "" 
10 16768 PS P4 Tr "a56" 
11 16768 P0 0_4_a56 "64" TTP C
12 16768 P4 0_4_a56 "64" TTP C
17 16768 Pile T 1.00 
10 16768 PS P8 Idle "" 
10 16768 PS P8 Tr "a56" 
11 16768 P0 0_8_a56 "64" TTP C
12 16768 P8 0_8_a56 "64" TTP C
10 16768 PS P7 Tr "a56" 
11 16768 P0 0_7_a56 "64" TTP C
12 16768 P7 0_7_a56 "64" TTP C
10 16768 PS P9 Tr "a56" 
11 16768 P0 0_9_a56 "64" TTP C
12 16768 P9 0_9_a56 "64" TTP C
10 16768 PS P5 Tr "a56" 
11 16768 P0 0_5_a56 "64" TTP C
12 16768 P5 0_5_a56 "64" TTP C
17 16832 Pile T 1.00 
10 16832 PS P3 Idle "" 
10 16832 PS P3 Tr "a56" 
11 16832 P0 0_3_a56 "64" TTP C
12 16832 P3 0_3_a56 "64" TTP C
10 16832 PS P4 Exec "a56*b62" 
10 16832 PS P8 Tr "b64" 
11 16832 P0 0_8_b64 "64" TTP C
12 16832 P8 0_8_b64 "64" TTP C
10 16832 PS P7 Exec "a56*b65" 
10 16832 PS P9 Exec "a56*b66" 
10 16832 PS P5 Exec "a56*b61" 
17 16896 Pile T 1.00 
10 16896 PS P2 Idle "" 
10 16896 PS P2 Tr "a43" 
11 16896 P1 1_2_a43 "64" TTP C
12 16896 P2 1_2_a43 "64" TTP C
10 16896 PS P3 Tr "b63" 
11 16896 P0 0_3_b63 "64" TTP C
12 16896 P3 0_3_b63 "64" TTP C
10 16896 PS P8 Exec "a56*b64" 
17 16960 Pile T 1.00 
10 16960 PS P0 Idle "" 
10 16960 PS P0 Tr "a43" 
11 16960 P1 1_0_a43 "64" TTP C
12 16960 P0 1_0_a43 "64" TTP C
10 16960 PS P2 Exec "a43*b36" 
10 16960 PS P3 Exec "a56*b63" 
10 17024 PS P0 Exec "a43*b32" 
17 17152 Pile T 1.00 
10 17152 PS P1 Idle "" 
10 17152 PS P1 Exec "a43*b33" 
17 17216 Pile T 1.00 
10 17216 PS P6 Idle "" 
10 17216 PS P6 Tr "b34" 
11 17216 P0 0_6_b34 "64" TTP C
12 17216 P6 0_6_b34 "64" TTP C
10 17280 PS P6 Tr "a43" 
11 17280 P1 1_6_a43 "64" TTP C
12 17280 P6 1_6_a43 "64" TTP C
17 17344 Pile T 1.00 
10 17344 PS P4 Idle "" 
10 17344 PS P4 Tr "a43" 
11 17344 P1 1_4_a43 "64" TTP C
12 17344 P4 1_4_a43 "64" TTP C
17 17344 Pile T 1.00 
10 17344 PS P7 Idle "" 
10 17344 PS P7 Tr "a43" 
11 17344 P1 1_7_a43 "64" TTP C
12 17344 P7 1_7_a43 "64" TTP C
17 17344 Pile T 1.00 
10 17344 PS P9 Idle "" 
10 17344 PS P9 Tr "b61" 
11 17344 P0 0_9_b61 "64" TTP C
12 17344 P9 0_9_b61 "64" TTP C
17 17344 Pile T 1.00 
10 17344 PS P5 Idle "" 
10 17344 PS P5 Tr "a26" 
11 17344 P0 0_5_a26 "64" TTP C
12 17344 P5 0_5_a26 "64" TTP C
10 17344 PS P6 Exec "a43*b34" 
17 17408 Pile T 1.00 
10 17408 PS P8 Idle "" 
10 17408 PS P8 Tr "b62" 
11 17408 P0 0_8_b62 "64" TTP C
12 17408 P8 0_8_b62 "64" TTP C
10 17408 PS P4 Tr "b31" 
11 17408 P0 0_4_b31 "64" TTP C
12 17408 P4 0_4_b31 "64" TTP C
10 17408 PS P7 Exec "a43*b35" 
10 17408 PS P9 Tr "a26" 
11 17408 P0 0_9_a26 "64" TTP C
12 17408 P9 0_9_a26 "64" TTP C
10 17408 PS P5 Tr "b66" 
11 17408 P6 6_5_b66 "64" TTP C
12 17408 P5 6_5_b66 "64" TTP C
17 17472 Pile T 1.00 
10 17472 PS P2 Idle "" 
10 17472 PS P2 Tr "b65" 
11 17472 P0 0_2_b65 "64" TTP C
12 17472 P2 0_2_b65 "64" TTP C
17 17472 Pile T 1.00 
10 17472 PS P3 Idle "" 
10 17472 PS P3 Tr "b64" 
11 17472 P0 0_3_b64 "64" TTP C
12 17472 P3 0_3_b64 "64" TTP C
10 17472 PS P8 Tr "a26" 
11 17472 P0 0_8_a26 "64" TTP C
12 17472 P8 0_8_a26 "64" TTP C
10 17472 PS P4 Exec "a43*b31" 
10 17472 PS P9 Exec "a26*b61" 
10 17472 PS P5 Exec "a26*b66" 
17 17536 Pile T 1.00 
10 17536 PS P0 Idle "" 
10 17536 PS P0 Exec "a26*b63" 
10 17536 PS P2 Tr "a26" 
11 17536 P0 0_2_a26 "64" TTP C
12 17536 P2 0_2_a26 "64" TTP C
10 17536 PS P3 Tr "a26" 
11 17536 P0 0_3_a26 "64" TTP C
12 17536 P3 0_3_a26 "64" TTP C
10 17536 PS P8 Exec "a26*b62" 
10 17600 PS P2 Exec "a26*b65" 
10 17600 PS P3 Exec "a26*b64" 
17 17664 Pile T 1.00 
10 17664 PS P1 Idle "" 
10 17664 PS P1 Tr "b25" 
11 17664 P0 0_1_b25 "64" TTP C
12 17664 P1 0_1_b25 "64" TTP C
10 17728 PS P1 Exec "a52*b25" 
17 17856 Pile T 1.00 
10 17856 PS P6 Idle "" 
10 17856 PS P6 Tr "a52" 
11 17856 P1 1_6_a52 "64" TTP C
12 17856 P6 1_6_a52 "64" TTP C
17 17920 Pile T 1.00 
10 17920 PS P7 Idle "" 
10 17920 PS P7 Tr "a52" 
11 17920 P1 1_7_a52 "64" TTP C
12 17920 P7 1_7_a52 "64" TTP C
10 17920 PS P6 Tr "b24" 
11 17920 P3 3_6_b24 "64" TTP C
12 17920 P6 3_6_b24 "64" TTP C
17 17984 Pile T 1.00 
10 17984 PS P4 Idle "" 
10 17984 PS P4 Tr "a52" 
11 17984 P1 1_4_a52 "64" TTP C
12 17984 P4 1_4_a52 "64" TTP C
17 17984 Pile T 1.00 
10 17984 PS P9 Idle "" 
10 17984 PS P9 Tr "a52" 
11 17984 P1 1_9_a52 "64" TTP C
12 17984 P9 1_9_a52 "64" TTP C
17 17984 Pile T 1.00 
10 17984 PS P5 Idle "" 
10 17984 PS P5 Tr "b21" 
11 17984 P0 0_5_b21 "64" TTP C
12 17984 P5 0_5_b21 "64" TTP C
10 17984 PS P7 Exec "a52*b22" 
10 17984 PS P6 Exec "a52*b24" 
17 18048 Pile T 1.00 
10 18048 PS P0 Idle "" 
10 18048 PS P0 Tr "b66" 
11 18048 P6 6_0_b66 "64" TTP C
12 18048 P0 6_0_b66 "64" TTP C
17 18048 Pile T 1.00 
10 18048 PS P8 Idle "" 
10 18048 PS P8 Tr "a66" 
11 18048 P0 0_8_a66 "64" TTP C
12 18048 P8 0_8_a66 "64" TTP C
10 18048 PS P4 Exec "a52*b23" 
10 18048 PS P9 Exec "a52*b26" 
10 18048 PS P5 Tr "a52" 
11 18048 P1 1_5_a52 "64" TTP C
12 18048 P5 1_5_a52 "64" TTP C
17 18112 Pile T 1.00 
10 18112 PS P2 Idle "" 
10 18112 PS P2 Tr "a66" 
11 18112 P0 0_2_a66 "64" TTP C
12 18112 P2 0_2_a66 "64" TTP C
17 18112 Pile T 1.00 
10 18112 PS P3 Idle "" 
10 18112 PS P3 Tr "a66" 
11 18112 P0 0_3_a66 "64" TTP C
12 18112 P3 0_3_a66 "64" TTP C
10 18112 PS P0 Exec "a66*b66" 
10 18112 PS P8 Tr "b61" 
11 18112 P0 0_8_b61 "64" TTP C
12 18112 P8 0_8_b61 "64" TTP C
10 18112 PS P5 Exec "a52*b21" 
10 18176 PS P2 Exec "a66*b65" 
10 18176 PS P3 Exec "a66*b62" 
10 18176 PS P8 Exec "a66*b61" 
17 18240 Pile T 1.00 
16 18240 Pile T 1.00 
10 18240 PS P1 Idle "" 
10 18240 PS P1 Tr "b64" 
11 18240 P0 0_1_b64 "64" TTP C
12 18240 P1 0_1_b64 "64" TTP C
10 18304 PS P1 Tr "a66" 
11 18304 P0 0_1_a66 "64" TTP C
12 18304 P1 0_1_a66 "64" TTP C
10 18368 PS P1 Exec "a66*b64" 
17 18496 Pile T 1.00 
16 18496 Pile T 1.00 
10 18496 PS P7 Idle "" 
10 18496 PS P7 Tr "a66" 
11 18496 P0 0_7_a66 "64" TTP C
12 18496 P7 0_7_a66 "64" TTP C
17 18496 Pile T 1.00 
16 18496 Pile T 1.00 
10 18496 PS P6 Idle "" 
10 18496 PS P6 Tr "a61" 
11 18496 P1 1_6_a61 "64" TTP C
12 18496 P6 1_6_a61 "64" TTP C
17 18560 Pile T 1.00 
16 18560 Pile T 1.00 
10 18560 PS P4 Idle "" 
10 18560 PS P4 Tr "a61" 
11 18560 P1 1_4_a61 "64" TTP C
12 18560 P4 1_4_a61 "64" TTP C
17 18560 Pile T 1.00 
16 18560 Pile T 1.00 
10 18560 PS P9 Idle "" 
10 18560 PS P9 Tr "a61" 
11 18560 P1 1_9_a61 "64" TTP C
12 18560 P9 1_9_a61 "64" TTP C
10 18560 PS P7 Tr "b63" 
11 18560 P0 0_7_b63 "64" TTP C
12 18560 P7 0_7_b63 "64" TTP C
10 18560 PS P6 Exec "a61*b11" 
17 18624 Pile T 1.00 
10 18624 PS P0 Idle "" 
10 18624 PS P0 Tr "a61" 
11 18624 P1 1_0_a61 "64" TTP C
12 18624 P0 1_0_a61 "64" TTP C
17 18624 Pile T 1.00 
16 18624 Pile T 1.00 
10 18624 PS P5 Idle "" 
10 18624 PS P5 Tr "b16" 
11 18624 P0 0_5_b16 "64" TTP C
12 18624 P5 0_5_b16 "64" TTP C
10 18624 PS P4 Tr "b12" 
11 18624 P0 0_4_b12 "64" TTP C
12 18624 P4 0_4_b12 "64" TTP C
10 18624 PS P9 Exec "a61*b15" 
10 18624 PS P7 Exec "a66*b63" 
17 18688 Pile T 1.00 
10 18688 PS P2 Idle "" 
10 18688 PS P2 Tr "a61" 
11 18688 P1 1_2_a61 "64" TTP C
12 18688 P2 1_2_a61 "64" TTP C
17 18688 Pile T 1.00 
10 18688 PS P3 Idle "" 
10 18688 PS P3 Tr "a62" 
11 18688 P2 2_3_a62 "64" TTP C
12 18688 P3 2_3_a62 "64" TTP C
17 18688 Pile T 1.00 
10 18688 PS P8 Idle "" 
10 18688 PS P8 Tr "a62" 
11 18688 P2 2_8_a62 "64" TTP C
12 18688 P8 2_8_a62 "64" TTP C
10 18688 PS P0 Exec "a61*b13" 
10 18688 PS P5 Tr "a61" 
11 18688 P1 1_5_a61 "64" TTP C
12 18688 P5 1_5_a61 "64" TTP C
10 18688 PS P4 Exec "a61*b12" 
10 18752 PS P2 Tr "b14" 
11 18752 P0 0_2_b14 "64" TTP C
12 18752 P2 0_2_b14 "64" TTP C
10 18752 PS P3 Exec "a62*b24" 
10 18752 PS P8 Exec "a62*b25" 
10 18752 PS P5 Exec "a61*b16" 
10 18816 PS P2 Exec "a61*b14" 
17 18880 Pile T 1.00 
10 18880 PS P1 Idle "" 
10 18880 PS P1 Tr "b22" 
11 18880 P0 0_1_b22 "64" TTP C
12 18880 P1 0_1_b22 "64" TTP C
10 18944 PS P1 Tr "a62" 
11 18944 P2 2_1_a62 "64" TTP C
12 18944 P1 2_1_a62 "64" TTP C
10 19008 PS P1 Exec "a62*b22" 
17 19072 Pile T 1.00 
10 19072 PS P6 Idle "" 
10 19072 PS P6 Tr "b21" 
11 19072 P0 0_6_b21 "64" TTP C
12 19072 P6 0_6_b21 "64" TTP C
17 19136 Pile T 1.00 
10 19136 PS P9 Idle "" 
10 19136 PS P9 Tr "b23" 
11 19136 P0 0_9_b23 "64" TTP C
12 19136 P9 0_9_b23 "64" TTP C
17 19136 Pile T 1.00 
10 19136 PS P7 Idle "" 
10 19136 PS P7 Tr "a62" 
11 19136 P2 2_7_a62 "64" TTP C
12 19136 P7 2_7_a62 "64" TTP C
10 19136 PS P6 Tr "a62" 
11 19136 P2 2_6_a62 "64" TTP C
12 19136 P6 2_6_a62 "64" TTP C
17 19200 Pile T 1.00 
10 19200 PS P0 Idle "" 
10 19200 PS P0 Tr "a45" 
11 19200 P3 3_0_a45 "64" TTP C
12 19200 P0 3_0_a45 "64" TTP C
17 19200 Pile T 1.00 
10 19200 PS P4 Idle "" 
10 19200 PS P4 Tr "a45" 
11 19200 P3 3_4_a45 "64" TTP C
12 19200 P4 3_4_a45 "64" TTP C
10 19200 PS P9 Tr "a62" 
11 19200 P2 2_9_a62 "64" TTP C
12 19200 P9 2_9_a62 "64" TTP C
10 19200 PS P7 Tr "b26" 
11 19200 P0 0_7_b26 "64" TTP C
12 19200 P7 0_7_b26 "64" TTP C
10 19200 PS P6 Exec "a62*b21" 
17 19264 Pile T 1.00 
10 19264 PS P3 Idle "" 
10 19264 PS P3 Tr "b55" 
11 19264 P0 0_3_b55 "64" TTP C
12 19264 P3 0_3_b55 "64" TTP C
17 19264 Pile T 1.00 
16 19264 Pile T 1.00 
10 19264 PS P8 Idle "" 
10 19264 PS P8 Tr "b54" 
11 19264 P0 0_8_b54 "64" TTP C
12 19264 P8 0_8_b54 "64" TTP C
17 19264 Pile T 1.00 
10 19264 PS P5 Idle "" 
10 19264 PS P5 Tr "a45" 
11 19264 P3 3_5_a45 "64" TTP C
12 19264 P5 3_5_a45 "64" TTP C
10 19264 PS P0 Exec "a45*b52" 
10 19264 PS P4 Tr "b53" 
11 19264 P1 1_4_b53 "64" TTP C
12 19264 P4 1_4_b53 "64" TTP C
10 19264 PS P9 Exec "a62*b23" 
10 19264 PS P7 Exec "a62*b26" 
17 19328 Pile T 1.00 
16 19328 Pile T 1.00 
10 19328 PS P2 Idle "" 
10 19328 PS P2 Tr "b56" 
11 19328 P0 0_2_b56 "64" TTP C
12 19328 P2 0_2_b56 "64" TTP C
10 19328 PS P3 Exec "a45*b55" 
10 19328 PS P8 Tr "a45" 
11 19328 P3 3_8_a45 "64" TTP C
12 19328 P8 3_8_a45 "64" TTP C
10 19328 PS P5 Tr "b51" 
11 19328 P0 0_5_b51 "64" TTP C
12 19328 P5 0_5_b51 "64" TTP C
10 19328 PS P4 Exec "a45*b53" 
10 19392 PS P2 Tr "a45" 
11 19392 P3 3_2_a45 "64" TTP C
12 19392 P2 3_2_a45 "64" TTP C
10 19392 PS P8 Exec "a45*b54" 
10 19392 PS P5 Exec "a45*b51" 
10 19456 PS P2 Exec "a45*b56" 
17 19520 Pile T 1.00 
16 19520 Pile T 1.00 
10 19520 PS P1 Idle "" 
10 19520 PS P1 Tr "a21" 
11 19520 P4 4_1_a21 "64" TTP C
12 19520 P1 4_1_a21 "64" TTP C
10 19584 PS P1 Tr "b12" 
11 19584 P0 0_1_b12 "64" TTP C
12 19584 P1 0_1_b12 "64" TTP C
10 19648 PS P1 Exec "a21*b12" 
17 19712 Pile T 1.00 
16 19712 Pile T 1.00 
10 19712 PS P6 Idle "" 
10 19712 PS P6 Tr "a21" 
11 19712 P4 4_6_a21 "64" TTP C
12 19712 P6 4_6_a21 "64" TTP C
17 19776 Pile T 1.00 
10 19776 PS P0 Idle "" 
10 19776 PS P0 Tr "a21" 
11 19776 P4 4_0_a21 "64" TTP C
12 19776 P0 4_0_a21 "64" TTP C
17 19776 Pile T 1.00 
16 19776 Pile T 1.00 
10 19776 PS P9 Idle "" 
10 19776 PS P9 Tr "a21" 
11 19776 P4 4_9_a21 "64" TTP C
12 19776 P9 4_9_a21 "64" TTP C
17 19776 Pile T 1.00 
16 19776 Pile T 1.00 
10 19776 PS P7 Idle "" 
10 19776 PS P7 Tr "a21" 
11 19776 P4 4_7_a21 "64" TTP C
12 19776 P7 4_7_a21 "64" TTP C
10 19776 PS P6 Tr "b13" 
11 19776 P0 0_6_b13 "64" TTP C
12 19776 P6 0_6_b13 "64" TTP C
17 19840 Pile T 1.00 
10 19840 PS P3 Idle "" 
10 19840 PS P3 Tr "a21" 
11 19840 P4 4_3_a21 "64" TTP C
12 19840 P3 4_3_a21 "64" TTP C
17 19840 Pile T 1.00 
10 19840 PS P4 Idle "" 
10 19840 PS P4 Tr "b34" 
11 19840 P0 0_4_b34 "64" TTP C
12 19840 P4 0_4_b34 "64" TTP C
10 19840 PS P0 Exec "a21*b14" 
10 19840 PS P9 Exec "a21*b16" 
10 19840 PS P7 Tr "b11" 
11 19840 P5 5_7_b11 "64" TTP C
12 19840 P7 5_7_b11 "64" TTP C
10 19840 PS P6 Exec "a21*b13" 
17 19904 Pile T 1.00 
10 19904 PS P8 Idle "" 
10 19904 PS P8 Tr "a33" 
11 19904 P5 5_8_a33 "64" TTP C
12 19904 P8 5_8_a33 "64" TTP C
17 19904 Pile T 1.00 
10 19904 PS P5 Idle "" 
10 19904 PS P5 Tr "b33" 
11 19904 P0 0_5_b33 "64" TTP C
12 19904 P5 0_5_b33 "64" TTP C
10 19904 PS P3 Tr "b15" 
11 19904 P0 0_3_b15 "64" TTP C
12 19904 P3 0_3_b15 "64" TTP C
10 19904 PS P4 Tr "a33" 
11 19904 P5 5_4_a33 "64" TTP C
12 19904 P4 5_4_a33 "64" TTP C
10 19904 PS P7 Exec "a21*b11" 
17 19968 Pile T 1.00 
10 19968 PS P2 Idle "" 
10 19968 PS P2 Tr "a33" 
11 19968 P5 5_2_a33 "64" TTP C
12 19968 P2 5_2_a33 "64" TTP C
10 19968 PS P8 Exec "a33*b32" 
10 19968 PS P5 Exec "a33*b33" 
10 19968 PS P3 Exec "a21*b15" 
10 19968 PS P4 Exec "a33*b34" 
10 20032 PS P2 Tr "b35" 
11 20032 P0 0_2_b35 "64" TTP C
12 20032 P2 0_2_b35 "64" TTP C
10 20096 PS P2 Exec "a33*b35" 
17 20160 Pile T 1.00 
10 20160 PS P1 Idle "" 
10 20160 PS P1 Tr "a33" 
11 20160 P5 5_1_a33 "64" TTP C
12 20160 P1 5_1_a33 "64" TTP C
10 20224 PS P1 Tr "b36" 
11 20224 P7 7_1_b36 "64" TTP C
12 20224 P1 7_1_b36 "64" TTP C
10 20288 PS P1 Exec "a33*b36" 
17 20352 Pile T 1.00 
10 20352 PS P0 Idle "" 
10 20352 PS P0 Tr "a33" 
11 20352 P5 5_0_a33 "64" TTP C
12 20352 P0 5_0_a33 "64" TTP C
17 20352 Pile T 1.00 
10 20352 PS P9 Idle "" 
10 20352 PS P9 Tr "a32" 
11 20352 P6 6_9_a32 "64" TTP C
12 20352 P9 6_9_a32 "64" TTP C
17 20352 Pile T 1.00 
10 20352 PS P6 Idle "" 
10 20352 PS P6 Exec "a32*b21" 
17 20416 Pile T 1.00 
10 20416 PS P7 Idle "" 
10 20416 PS P7 Tr "a32" 
11 20416 P6 6_7_a32 "64" TTP C
12 20416 P7 6_7_a32 "64" TTP C
10 20416 PS P0 Exec "a33*b31" 
10 20416 PS P9 Exec "a32*b26" 
17 20480 Pile T 1.00 
10 20480 PS P8 Idle "" 
10 20480 PS P8 Tr "a32" 
11 20480 P6 6_8_a32 "64" TTP C
12 20480 P8 6_8_a32 "64" TTP C
17 20480 Pile T 1.00 
10 20480 PS P5 Idle "" 
10 20480 PS P5 Tr "a32" 
11 20480 P6 6_5_a32 "64" TTP C
12 20480 P5 6_5_a32 "64" TTP C
17 20480 Pile T 1.00 
10 20480 PS P3 Idle "" 
10 20480 PS P3 Tr "b23" 
11 20480 P0 0_3_b23 "64" TTP C
12 20480 P3 0_3_b23 "64" TTP C
17 20480 Pile T 1.00 
10 20480 PS P4 Idle "" 
10 20480 PS P4 Tr "a25" 
11 20480 P7 7_4_a25 "64" TTP C
12 20480 P4 7_4_a25 "64" TTP C
10 20480 PS P7 Exec "a32*b24" 
10 20544 PS P8 Exec "a32*b25" 
10 20544 PS P5 Tr "b22" 
11 20544 P0 0_5_b22 "64" TTP C
12 20544 P5 0_5_b22 "64" TTP C
10 20544 PS P3 Tr "a32" 
11 20544 P6 6_3_a32 "64" TTP C
12 20544 P3 6_3_a32 "64" TTP C
10 20544 PS P4 Tr "b51" 
11 20544 P0 0_4_b51 "64" TTP C
12 20544 P4 0_4_b51 "64" TTP C
17 20608 Pile T 1.00 
10 20608 PS P2 Idle "" 
10 20608 PS P2 Tr "b55" 
11 20608 P0 0_2_b55 "64" TTP C
12 20608 P2 0_2_b55 "64" TTP C
10 20608 PS P5 Exec "a32*b22" 
10 20608 PS P3 Exec "a32*b23" 
10 20608 PS P4 Exec "a25*b51" 
10 20672 PS P2 Tr "a25" 
11 20672 P7 7_2_a25 "64" TTP C
12 20672 P2 7_2_a25 "64" TTP C
10 20736 PS P2 Exec "a25*b55" 
17 20800 Pile T 1.00 
10 20800 PS P1 Idle "" 
10 20800 PS P1 Tr "a25" 
11 20800 P7 7_1_a25 "64" TTP C
12 20800 P1 7_1_a25 "64" TTP C
17 20864 Pile T 1.00 
10 20864 PS P6 Idle "" 
10 20864 PS P6 Tr "b53" 
11 20864 P1 1_6_b53 "64" TTP C
12 20864 P6 1_6_b53 "64" TTP C
10 20864 PS P1 Exec "a25*b52" 
17 20928 Pile T 1.00 
16 20928 Pile T 1.00 
10 20928 PS P0 Idle "" 
10 20928 PS P0 Tr "a25" 
11 20928 P7 7_0_a25 "64" TTP C
12 20928 P0 7_0_a25 "64" TTP C
17 20928 Pile T 1.00 
16 20928 Pile T 1.00 
10 20928 PS P9 Idle "" 
10 20928 PS P9 Tr "a25" 
11 20928 P7 7_9_a25 "64" TTP C
12 20928 P9 7_9_a25 "64" TTP C
10 20928 PS P6 Tr "a25" 
11 20928 P7 7_6_a25 "64" TTP C
12 20928 P6 7_6_a25 "64" TTP C
17 20992 Pile T 1.00 
16 20992 Pile T 1.00 
10 20992 PS P7 Idle "" 
10 20992 PS P7 Tr "a16" 
11 20992 P8 8_7_a16 "64" TTP C
12 20992 P7 8_7_a16 "64" TTP C
10 20992 PS P0 Exec "a25*b54" 
10 20992 PS P9 Tr "b56" 
11 20992 P0 0_9_b56 "64" TTP C
12 20992 P9 0_9_b56 "64" TTP C
10 20992 PS P6 Exec "a25*b53" 
17 21056 Pile T 1.00 
16 21056 Pile T 1.00 
10 21056 PS P8 Idle "" 
10 21056 PS P8 Tr "b65" 
11 21056 P0 0_8_b65 "64" TTP C
12 21056 P8 0_8_b65 "64" TTP C
10 21056 PS P7 Exec "a16*b63" 
10 21056 PS P9 Exec "a25*b56" 
17 21120 Pile T 1.00 
16 21120 Pile T 1.00 
10 21120 PS P5 Idle "" 
10 21120 PS P5 Tr "a16" 
11 21120 P8 8_5_a16 "64" TTP C
12 21120 P5 8_5_a16 "64" TTP C
17 21120 Pile T 1.00 
16 21120 Pile T 1.00 
10 21120 PS P3 Idle "" 
10 21120 PS P3 Tr "a16" 
11 21120 P8 8_3_a16 "64" TTP C
12 21120 P3 8_3_a16 "64" TTP C
17 21120 Pile T 1.00 
16 21120 Pile T 1.00 
10 21120 PS P4 Idle "" 
10 21120 PS P4 Tr "a16" 
11 21120 P8 8_4_a16 "64" TTP C
12 21120 P4 8_4_a16 "64" TTP C
10 21120 PS P8 Exec "a16*b65" 
10 21184 PS P5 Exec "a16*b66" 
10 21184 PS P3 Exec "a16*b64" 
10 21184 PS P4 Tr "b61" 
11 21184 P0 0_4_b61 "64" TTP C
12 21184 P4 0_4_b61 "64" TTP C
17 21248 Pile T 1.00 
16 21248 Pile T 1.00 
10 21248 PS P2 Idle "" 
10 21248 PS P2 Tr "b62" 
11 21248 P0 0_2_b62 "64" TTP C
12 21248 P2 0_2_b62 "64" TTP C
10 21248 PS P4 Exec "a16*b61" 
10 21312 PS P2 Tr "a16" 
11 21312 P8 8_2_a16 "64" TTP C
12 21312 P2 8_2_a16 "64" TTP C
17 21376 Pile T 1.00 
16 21376 Pile T 1.00 
10 21376 PS P1 Idle "" 
10 21376 PS P1 Tr "b11" 
11 21376 P5 5_1_b11 "64" TTP C
12 21376 P1 5_1_b11 "64" TTP C
10 21376 PS P2 Exec "a16*b62" 
10 21440 PS P1 Tr "a41" 
11 21440 P9 9_1_a41 "64" TTP C
12 21440 P1 9_1_a41 "64" TTP C
17 21504 Pile T 1.00 
16 21504 Pile T 1.00 
10 21504 PS P0 Idle "" 
10 21504 PS P0 Tr "a41" 
11 21504 P9 9_0_a41 "64" TTP C
12 21504 P0 9_0_a41 "64" TTP C
17 21504 Pile T 1.00 
16 21504 Pile T 1.00 
10 21504 PS P6 Idle "" 
10 21504 PS P6 Tr "a41" 
11 21504 P9 9_6_a41 "64" TTP C
12 21504 P6 9_6_a41 "64" TTP C
10 21504 PS P1 Exec "a41*b11" 
17 21568 Pile T 1.00 
16 21568 Pile T 1.00 
10 21568 PS P7 Idle "" 
10 21568 PS P7 Tr "a41" 
11 21568 P9 9_7_a41 "64" TTP C
12 21568 P7 9_7_a41 "64" TTP C
17 21568 Pile T 1.00 
16 21568 Pile T 1.00 
10 21568 PS P9 Idle "" 
10 21568 PS P9 Tr "b12" 
11 21568 P0 0_9_b12 "64" TTP C
12 21568 P9 0_9_b12 "64" TTP C
10 21568 PS P0 Exec "a41*b13" 
10 21568 PS P6 Exec "a41*b16" 
17 21632 Pile T 1.00 
16 21632 Pile T 1.00 
10 21632 PS P8 Idle "" 
10 21632 PS P8 Tr "a41" 
11 21632 P9 9_8_a41 "64" TTP C
12 21632 P8 9_8_a41 "64" TTP C
10 21632 PS P7 Tr "b15" 
11 21632 P0 0_7_b15 "64" TTP C
12 21632 P7 0_7_b15 "64" TTP C
10 21632 PS P9 Exec "a41*b12" 
17 21696 Pile T 1.00 
16 21696 Pile T 1.00 
10 21696 PS P5 Idle "" 
10 21696 PS P5 Tr "a52*b25" 
11 21696 P1 1_5_a52*b25 "64" TTP C
12 21696 P5 1_5_a52*b25 "64" TTP C
17 21696 Pile T 1.00 
16 21696 Pile T 1.00 
10 21696 PS P3 Idle "" 
10 21696 PS P3 Tr "a51*b12" 
11 21696 P6 6_3_a51*b12 "64" TTP C
12 21696 P3 6_3_a51*b12 "64" TTP C
10 21696 PS P8 Exec "a41*b14" 
10 21696 PS P7 Exec "a41*b15" 
17 21760 Pile T 1.00 
16 21760 Pile T 1.00 
10 21760 PS P4 Idle "" 
10 21760 PS P4 Tr "a54*b44" 
11 21760 P5 5_4_a54*b44 "64" TTP C
12 21760 P4 5_4_a54*b44 "64" TTP C
10 21760 PS P5 Tr "a51*b15" 
11 21760 P0 0_5_a51*b15 "64" TTP C
12 21760 P5 0_5_a51*b15 "64" TTP C
10 21760 PS P3 Tr "a53*b32" 
11 21760 P0 0_3_a53*b32 "64" TTP C
12 21760 P3 0_3_a53*b32 "64" TTP C
10 21824 PS P4 Tr "a52*b24" 
11 21824 P6 6_4_a52*b24 "64" TTP C
12 21824 P4 6_4_a52*b24 "64" TTP C
10 21824 PS P5 Tr "a55*b55" 
11 21824 P4 4_5_a55*b55 "64" TTP C
12 21824 P5 4_5_a55*b55 "64" TTP C
10 21824 PS P3 Tr "a52*b22" 
11 21824 P7 7_3_a52*b22 "64" TTP C
12 21824 P3 7_3_a52*b22 "64" TTP C
17 21888 Pile T 1.00 
16 21888 Pile T 1.00 
10 21888 PS P2 Idle "" 
10 21888 PS P2 Tr "a53*b33" 
11 21888 P3 3_2_a53*b33 "64" TTP C
12 21888 P2 3_2_a53*b33 "64" TTP C
10 21888 PS P4 Tr "a56*b64" 
11 21888 P8 8_4_a56*b64 "64" TTP C
12 21888 P4 8_4_a56*b64 "64" TTP C
10 21888 PS P5 Tr "a56*b65" 
11 21888 P7 7_5_a56*b65 "64" TTP C
12 21888 P5 7_5_a56*b65 "64" TTP C
10 21888 PS P3 Tr "a54*b42" 
11 21888 P4 4_3_a54*b42 "64" TTP C
12 21888 P3 4_3_a54*b42 "64" TTP C
10 21952 PS P2 Tr "a54*b43" 
11 21952 P3 3_2_a54*b43 "64" TTP C
12 21952 P2 3_2_a54*b43 "64" TTP C
10 21952 PS P4 Tr "a51*b14" 
11 21952 P9 9_4_a51*b14 "64" TTP C
12 21952 P4 9_4_a51*b14 "64" TTP C
10 21952 PS P5 Tr "a54*b45" 
11 21952 P6 6_5_a54*b45 "64" TTP C
12 21952 P5 6_5_a54*b45 "64" TTP C
10 21952 PS P3 Tr "a56*b62" 
11 21952 P4 4_3_a56*b62 "64" TTP C
12 21952 P3 4_3_a56*b62 "64" TTP C
17 22016 Pile T 1.00 
16 22016 Pile T 1.00 
10 22016 PS P1 Idle "" 
10 22016 PS P1 Tr "a55*b56" 
11 22016 P0 0_1_a55*b56 "64" TTP C
12 22016 P1 0_1_a55*b56 "64" TTP C
10 22016 PS P2 Tr "a51*b13" 
11 22016 P8 8_2_a51*b13 "64" TTP C
12 22016 P2 8_2_a51*b13 "64" TTP C
10 22016 PS P4 Tr "a55*b54" 
11 22016 P3 3_4_a55*b54 "64" TTP C
12 22016 P4 3_4_a55*b54 "64" TTP C
10 22016 PS P5 Tr "a53*b35" 
11 22016 P7 7_5_a53*b35 "64" TTP C
12 22016 P5 7_5_a53*b35 "64" TTP C
10 22016 PS P3 Tr "a55*b52" 
11 22016 P1 1_3_a55*b52 "64" TTP C
12 22016 P3 1_3_a55*b52 "64" TTP C
17 22080 Pile T 1.00 
16 22080 Pile T 1.00 
10 22080 PS P0 Idle "" 
10 22080 PS P0 Tr "a52*b21" 
11 22080 P5 5_0_a52*b21 "64" TTP C
12 22080 P0 5_0_a52*b21 "64" TTP C
17 22080 Pile T 1.00 
16 22080 Pile T 1.00 
10 22080 PS P6 Idle "" 
10 22080 PS P6 Tr "a62*b25" 
11 22080 P8 8_6_a62*b25 "64" TTP C
12 22080 P6 8_6_a62*b25 "64" TTP C
10 22080 PS P1 Tr "a56*b66" 
11 22080 P9 9_1_a56*b66 "64" TTP C
12 22080 P1 9_1_a56*b66 "64" TTP C
10 22080 PS P2 Tr "a52*b23" 
11 22080 P4 4_2_a52*b23 "64" TTP C
12 22080 P2 4_2_a52*b23 "64" TTP C
10 22080 PS P4 Tr "a53*b34" 
11 22080 P1 1_4_a53*b34 "64" TTP C
12 22080 P4 1_4_a53*b34 "64" TTP C
10 22080 PS P5 Exec "C55" 
10 22080 PS P3 Exec "C52" 
17 22144 Pile T 1.00 
16 22144 Pile T 1.00 
10 22144 PS P9 Idle "" 
10 22144 PS P9 Tr "a61*b14" 
11 22144 P2 2_9_a61*b14 "64" TTP C
12 22144 P9 2_9_a61*b14 "64" TTP C
10 22144 PS P0 Tr "a51*b11" 
11 22144 P6 6_0_a51*b11 "64" TTP C
12 22144 P0 6_0_a51*b11 "64" TTP C
10 22144 PS P6 Tr "a63*b35" 
11 22144 P3 3_6_a63*b35 "64" TTP C
12 22144 P6 3_6_a63*b35 "64" TTP C
10 22144 PS P1 Tr "a53*b36" 
11 22144 P2 2_1_a53*b36 "64" TTP C
12 22144 P1 2_1_a53*b36 "64" TTP C
10 22144 PS P2 Tr "a56*b63" 
11 22144 P3 3_2_a56*b63 "64" TTP C
12 22144 P2 3_2_a56*b63 "64" TTP C
10 22144 PS P4 Exec "C54" 
17 22208 Pile T 1.00 
16 22208 Pile T 1.00 
10 22208 PS P8 Idle "" 
10 22208 PS P8 Tr "a63*b32" 
11 22208 P7 7_8_a63*b32 "64" TTP C
12 22208 P8 7_8_a63*b32 "64" TTP C
17 22208 Pile T 1.00 
16 22208 Pile T 1.00 
10 22208 PS P7 Idle "" 
10 22208 PS P7 Tr "a66*b61" 
11 22208 P8 8_7_a66*b61 "64" TTP C
12 22208 P7 8_7_a66*b61 "64" TTP C
10 22208 PS P9 Tr "a63*b34" 
11 22208 P5 5_9_a63*b34 "64" TTP C
12 22208 P9 5_9_a63*b34 "64" TTP C
10 22208 PS P0 Tr "a56*b61" 
11 22208 P5 5_0_a56*b61 "64" TTP C
12 22208 P0 5_0_a56*b61 "64" TTP C
10 22208 PS P6 Tr "a61*b15" 
11 22208 P9 9_6_a61*b15 "64" TTP C
12 22208 P6 9_6_a61*b15 "64" TTP C
10 22208 PS P1 Tr "a54*b46" 
11 22208 P7 7_1_a54*b46 "64" TTP C
12 22208 P1 7_1_a54*b46 "64" TTP C
10 22208 PS P2 Exec "C53" 
10 22272 PS P8 Tr "a66*b62" 
11 22272 P3 3_8_a66*b62 "64" TTP C
12 22272 P8 3_8_a66*b62 "64" TTP C
10 22272 PS P7 Tr "a63*b31" 
11 22272 P2 2_7_a63*b31 "64" TTP C
12 22272 P7 2_7_a63*b31 "64" TTP C
10 22272 PS P9 Tr "a65*b54" 
11 22272 P6 6_9_a65*b54 "64" TTP C
12 22272 P9 6_9_a65*b54 "64" TTP C
10 22272 PS P0 Tr "a53*b31" 
11 22272 P5 5_0_a53*b31 "64" TTP C
12 22272 P0 5_0_a53*b31 "64" TTP C
10 22272 PS P6 Tr "a65*b55" 
11 22272 P5 5_6_a65*b55 "64" TTP C
12 22272 P6 5_6_a65*b55 "64" TTP C
10 22272 PS P1 Tr "a51*b16" 
11 22272 P9 9_1_a51*b16 "64" TTP C
12 22272 P1 9_1_a51*b16 "64" TTP C
17 22336 Pile T 1.00 
10 22336 PS P5 Idle "" 
10 22336 PS P5 Tr "a61*b13" 
11 22336 P0 0_5_a61*b13 "64" TTP C
12 22336 P5 0_5_a61*b13 "64" TTP C
17 22336 Pile T 1.00 
10 22336 PS P3 Idle "" 
10 22336 PS P3 Tr "a64*b46" 
11 22336 P4 4_3_a64*b46 "64" TTP C
12 22336 P3 4_3_a64*b46 "64" TTP C
10 22336 PS P8 Tr "a64*b42" 
11 22336 P0 0_8_a64*b42 "64" TTP C
12 22336 P8 0_8_a64*b42 "64" TTP C
10 22336 PS P7 Tr "a64*b41" 
11 22336 P3 3_7_a64*b41 "64" TTP C
12 22336 P7 3_7_a64*b41 "64" TTP C
10 22336 PS P9 Tr "a66*b64" 
11 22336 P1 1_9_a66*b64 "64" TTP C
12 22336 P9 1_9_a66*b64 "64" TTP C
10 22336 PS P0 Tr "a54*b41" 
11 22336 P2 2_0_a54*b41 "64" TTP C
12 22336 P0 2_0_a54*b41 "64" TTP C
10 22336 PS P6 Tr "a66*b65" 
11 22336 P2 2_6_a66*b65 "64" TTP C
12 22336 P6 2_6_a66*b65 "64" TTP C
10 22336 PS P1 Tr "a52*b26" 
11 22336 P9 9_1_a52*b26 "64" TTP C
12 22336 P1 9_1_a52*b26 "64" TTP C
17 22400 Pile T 1.00 
10 22400 PS P4 Idle "" 
10 22400 PS P4 Tr "a36*b61" 
11 22400 P1 1_4_a36*b61 "64" TTP C
12 22400 P4 1_4_a36*b61 "64" TTP C
10 22400 PS P5 Tr "a62*b23" 
11 22400 P9 9_5_a62*b23 "64" TTP C
12 22400 P5 9_5_a62*b23 "64" TTP C
10 22400 PS P3 Tr "a63*b36" 
11 22400 P4 4_3_a63*b36 "64" TTP C
12 22400 P3 4_3_a63*b36 "64" TTP C
10 22400 PS P8 Tr "a62*b22" 
11 22400 P1 1_8_a62*b22 "64" TTP C
12 22400 P8 1_8_a62*b22 "64" TTP C
10 22400 PS P7 Tr "a61*b11" 
11 22400 P6 6_7_a61*b11 "64" TTP C
12 22400 P7 6_7_a61*b11 "64" TTP C
10 22400 PS P9 Tr "a64*b44" 
11 22400 P8 8_9_a64*b44 "64" TTP C
12 22400 P9 8_9_a64*b44 "64" TTP C
10 22400 PS P0 Exec "C51" 
10 22400 PS P6 Exec "C65" 
10 22400 PS P1 Exec "C56" 
17 22464 Pile T 1.00 
10 22464 PS P2 Idle "" 
10 22464 PS P2 Tr "a34*b46" 
11 22464 P1 1_2_a34*b46 "64" TTP C
12 22464 P2 1_2_a34*b46 "64" TTP C
10 22464 PS P4 Tr "a33*b31" 
11 22464 P0 0_4_a33*b31 "64" TTP C
12 22464 P4 0_4_a33*b31 "64" TTP C
10 22464 PS P5 Tr "a66*b63" 
11 22464 P7 7_5_a66*b63 "64" TTP C
12 22464 P5 7_5_a66*b63 "64" TTP C
10 22464 PS P3 Tr "a65*b56" 
11 22464 P7 7_3_a65*b56 "64" TTP C
12 22464 P3 7_3_a65*b56 "64" TTP C
10 22464 PS P8 Tr "a61*b12" 
11 22464 P4 4_8_a61*b12 "64" TTP C
12 22464 P8 4_8_a61*b12 "64" TTP C
10 22464 PS P7 Tr "a65*b51" 
11 22464 P1 1_7_a65*b51 "64" TTP C
12 22464 P7 1_7_a65*b51 "64" TTP C
10 22464 PS P9 Tr "a62*b24" 
11 22464 P3 3_9_a62*b24 "64" TTP C
12 22464 P9 3_9_a62*b24 "64" TTP C
10 22528 PS P2 Tr "a35*b56" 
11 22528 P7 7_2_a35*b56 "64" TTP C
12 22528 P2 7_2_a35*b56 "64" TTP C
10 22528 PS P4 Tr "a32*b21" 
11 22528 P6 6_4_a32*b21 "64" TTP C
12 22528 P4 6_4_a32*b21 "64" TTP C
10 22528 PS P5 Tr "a63*b33" 
11 22528 P0 0_5_a63*b33 "64" TTP C
12 22528 P5 0_5_a63*b33 "64" TTP C
10 22528 PS P3 Tr "a62*b26" 
11 22528 P7 7_3_a62*b26 "64" TTP C
12 22528 P3 7_3_a62*b26 "64" TTP C
10 22528 PS P8 Exec "C62" 
10 22528 PS P7 Tr "a62*b21" 
11 22528 P6 6_7_a62*b21 "64" TTP C
12 22528 P7 6_7_a62*b21 "64" TTP C
10 22528 PS P9 Exec "C64" 
10 22592 PS P2 Tr "a36*b66" 
11 22592 P3 3_2_a36*b66 "64" TTP C
12 22592 P2 3_2_a36*b66 "64" TTP C
10 22592 PS P4 Tr "a31*b11" 
11 22592 P5 5_4_a31*b11 "64" TTP C
12 22592 P4 5_4_a31*b11 "64" TTP C
10 22592 PS P5 Tr "a64*b43" 
11 22592 P1 1_5_a64*b43 "64" TTP C
12 22592 P5 1_5_a64*b43 "64" TTP C
10 22592 PS P3 Tr "a61*b16" 
11 22592 P5 5_3_a61*b16 "64" TTP C
12 22592 P3 5_3_a61*b16 "64" TTP C
10 22592 PS P7 Exec "C61" 
17 22656 Pile T 1.00 
10 22656 PS P0 Idle "" 
10 22656 PS P0 Tr "a34*b44" 
11 22656 P1 1_0_a34*b44 "64" TTP C
12 22656 P0 1_0_a34*b44 "64" TTP C
17 22656 Pile T 1.00 
10 22656 PS P6 Idle "" 
10 22656 PS P6 Tr "a35*b55" 
11 22656 P5 5_6_a35*b55 "64" TTP C
12 22656 P6 5_6_a35*b55 "64" TTP C
17 22656 Pile T 1.00 
10 22656 PS P1 Idle "" 
10 22656 PS P1 Tr "a31*b12" 
11 22656 P3 3_1_a31*b12 "64" TTP C
12 22656 P1 3_1_a31*b12 "64" TTP C
10 22656 PS P2 Tr "a32*b26" 
11 22656 P9 9_2_a32*b26 "64" TTP C
12 22656 P2 9_2_a32*b26 "64" TTP C
10 22656 PS P4 Tr "a35*b51" 
11 22656 P2 2_4_a35*b51 "64" TTP C
12 22656 P4 2_4_a35*b51 "64" TTP C
10 22656 PS P5 Tr "a65*b53" 
11 22656 P9 9_5_a65*b53 "64" TTP C
12 22656 P5 9_5_a65*b53 "64" TTP C
10 22656 PS P3 Tr "a66*b66" 
11 22656 P0 0_3_a66*b66 "64" TTP C
12 22656 P3 0_3_a66*b66 "64" TTP C
10 22720 PS P0 Tr "a32*b24" 
11 22720 P7 7_0_a32*b24 "64" TTP C
12 22720 P0 7_0_a32*b24 "64" TTP C
10 22720 PS P6 Tr "a36*b65" 
11 22720 P5 5_6_a36*b65 "64" TTP C
12 22720 P6 5_6_a36*b65 "64" TTP C
10 22720 PS P1 Tr "a32*b22" 
11 22720 P5 5_1_a32*b22 "64" TTP C
12 22720 P1 5_1_a32*b22 "64" TTP C
10 22720 PS P2 Tr "a31*b16" 
11 22720 P6 6_2_a31*b16 "64" TTP C
12 22720 P2 6_2_a31*b16 "64" TTP C
10 22720 PS P4 Tr "a34*b41" 
11 22720 P0 0_4_a34*b41 "64" TTP C
12 22720 P4 0_4_a34*b41 "64" TTP C
10 22720 PS P5 Exec "C63" 
10 22720 PS P3 Exec "C66" 
17 22784 Pile T 1.00 
10 22784 PS P8 Idle "" 
10 22784 PS P8 Tr "a35*b53" 
11 22784 P9 9_8_a35*b53 "64" TTP C
12 22784 P8 9_8_a35*b53 "64" TTP C
17 22784 Pile T 1.00 
10 22784 PS P9 Idle "" 
10 22784 PS P9 Tr "a21*b11" 
11 22784 P7 7_9_a21*b11 "64" TTP C
12 22784 P9 7_9_a21*b11 "64" TTP C
10 22784 PS P0 Tr "a35*b54" 
11 22784 P6 6_0_a35*b54 "64" TTP C
12 22784 P0 6_0_a35*b54 "64" TTP C
10 22784 PS P6 Tr "a32*b25" 
11 22784 P8 8_6_a32*b25 "64" TTP C
12 22784 P6 8_6_a32*b25 "64" TTP C
10 22784 PS P1 Tr "a36*b62" 
11 22784 P4 4_1_a36*b62 "64" TTP C
12 22784 P1 4_1_a36*b62 "64" TTP C
10 22784 PS P2 Tr "a33*b36" 
11 22784 P1 1_2_a33*b36 "64" TTP C
12 22784 P2 1_2_a33*b36 "64" TTP C
10 22784 PS P4 Exec "C31" 
17 22848 Pile T 1.00 
10 22848 PS P7 Idle "" 
10 22848 PS P7 Tr "a23*b35" 
11 22848 P1 1_7_a23*b35 "64" TTP C
12 22848 P7 1_7_a23*b35 "64" TTP C
10 22848 PS P8 Tr "a33*b33" 
11 22848 P5 5_8_a33*b33 "64" TTP C
12 22848 P8 5_8_a33*b33 "64" TTP C
10 22848 PS P9 Tr "a22*b21" 
11 22848 P8 8_9_a22*b21 "64" TTP C
12 22848 P9 8_9_a22*b21 "64" TTP C
10 22848 PS P0 Tr "a33*b34" 
11 22848 P4 4_0_a33*b34 "64" TTP C
12 22848 P0 4_0_a33*b34 "64" TTP C
10 22848 PS P6 Tr "a34*b45" 
11 22848 P0 0_6_a34*b45 "64" TTP C
12 22848 P6 0_6_a34*b45 "64" TTP C
10 22848 PS P1 Tr "a33*b32" 
11 22848 P8 8_1_a33*b32 "64" TTP C
12 22848 P1 8_1_a33*b32 "64" TTP C
10 22848 PS P2 Exec "C36" 
10 22912 PS P7 Tr "a21*b15" 
11 22912 P3 3_7_a21*b15 "64" TTP C
12 22912 P7 3_7_a21*b15 "64" TTP C
10 22912 PS P8 Tr "a32*b23" 
11 22912 P3 3_8_a32*b23 "64" TTP C
12 22912 P8 3_8_a32*b23 "64" TTP C
10 22912 PS P9 Tr "a24*b41" 
11 22912 P3 3_9_a24*b41 "64" TTP C
12 22912 P9 3_9_a24*b41 "64" TTP C
10 22912 PS P0 Tr "a31*b14" 
11 22912 P8 8_0_a31*b14 "64" TTP C
12 22912 P0 8_0_a31*b14 "64" TTP C
10 22912 PS P6 Tr "a33*b35" 
11 22912 P2 2_6_a33*b35 "64" TTP C
12 22912 P6 2_6_a33*b35 "64" TTP C
10 22912 PS P1 Exec "C32" 
17 22976 Pile T 1.00 
10 22976 PS P5 Idle "" 
10 22976 PS P5 Tr "a23*b32" 
11 22976 P7 7_5_a23*b32 "64" TTP C
12 22976 P5 7_5_a23*b32 "64" TTP C
17 22976 Pile T 1.00 
10 22976 PS P3 Idle "" 
10 22976 PS P3 Tr "a22*b24" 
11 22976 P2 2_3_a22*b24 "64" TTP C
12 22976 P3 2_3_a22*b24 "64" TTP C
10 22976 PS P7 Tr "a26*b65" 
11 22976 P2 2_7_a26*b65 "64" TTP C
12 22976 P7 2_7_a26*b65 "64" TTP C
10 22976 PS P8 Tr "a36*b63" 
11 22976 P2 2_8_a36*b63 "64" TTP C
12 22976 P8 2_8_a36*b63 "64" TTP C
10 22976 PS P9 Tr "a25*b51" 
11 22976 P4 4_9_a25*b51 "64" TTP C
12 22976 P9 4_9_a25*b51 "64" TTP C
10 22976 PS P0 Exec "C34" 
10 22976 PS P6 Tr "a31*b15" 
11 22976 P9 9_6_a31*b15 "64" TTP C
12 22976 P6 9_6_a31*b15 "64" TTP C
17 23040 Pile T 1.00 
10 23040 PS P4 Idle "" 
10 23040 PS P4 Tr "a24*b43" 
11 23040 P6 6_4_a24*b43 "64" TTP C
12 23040 P4 6_4_a24*b43 "64" TTP C
10 23040 PS P5 Tr "a24*b42" 
11 23040 P2 2_5_a24*b42 "64" TTP C
12 23040 P5 2_5_a24*b42 "64" TTP C
10 23040 PS P3 Tr "a21*b14" 
11 23040 P0 0_3_a21*b14 "64" TTP C
12 23040 P3 0_3_a21*b14 "64" TTP C
10 23040 PS P7 Tr "a22*b25" 
11 23040 P3 3_7_a22*b25 "64" TTP C
12 23040 P7 3_7_a22*b25 "64" TTP C
10 23040 PS P8 Tr "a34*b43" 
11 23040 P0 0_8_a34*b43 "64" TTP C
12 23040 P8 0_8_a34*b43 "64" TTP C
10 23040 PS P9 Tr "a23*b31" 
11 23040 P8 8_9_a23*b31 "64" TTP C
12 23040 P9 8_9_a23*b31 "64" TTP C
10 23040 PS P6 Exec "C35" 
17 23104 Pile T 1.00 
10 23104 PS P2 Idle "" 
10 23104 PS P2 Tr "a15*b53" 
11 23104 P0 0_2_a15*b53 "64" TTP C
12 23104 P2 0_2_a15*b53 "64" TTP C
10 23104 PS P4 Tr "a25*b53" 
11 23104 P6 6_4_a25*b53 "64" TTP C
12 23104 P4 6_4_a25*b53 "64" TTP C
10 23104 PS P5 Tr "a22*b22" 
11 23104 P7 7_5_a22*b22 "64" TTP C
12 23104 P5 7_5_a22*b22 "64" TTP C
10 23104 PS P3 Tr "a25*b54" 
11 23104 P0 0_3_a25*b54 "64" TTP C
12 23104 P3 0_3_a25*b54 "64" TTP C
10 23104 PS P7 Tr "a24*b45" 
11 23104 P1 1_7_a24*b45 "64" TTP C
12 23104 P7 1_7_a24*b45 "64" TTP C
10 23104 PS P8 Tr "a31*b13" 
11 23104 P4 4_8_a31*b13 "64" TTP C
12 23104 P8 4_8_a31*b13 "64" TTP C
10 23104 PS P9 Exec "C21" 
17 23168 Pile T 1.00 
10 23168 PS P1 Idle "" 
10 23168 PS P1 Tr "a25*b56" 
11 23168 P9 9_1_a25*b56 "64" TTP C
12 23168 P1 9_1_a25*b56 "64" TTP C
10 23168 PS P2 Tr "a14*b43" 
11 23168 P6 6_2_a14*b43 "64" TTP C
12 23168 P2 6_2_a14*b43 "64" TTP C
10 23168 PS P4 Tr "a23*b33" 
11 23168 P9 9_4_a23*b33 "64" TTP C
12 23168 P4 9_4_a23*b33 "64" TTP C
10 23168 PS P5 Tr "a26*b62" 
11 23168 P8 8_5_a26*b62 "64" TTP C
12 23168 P5 8_5_a26*b62 "64" TTP C
10 23168 PS P3 Tr "a24*b44" 
11 23168 P0 0_3_a24*b44 "64" TTP C
12 23168 P3 0_3_a24*b44 "64" TTP C
10 23168 PS P7 Tr "a25*b55" 
11 23168 P2 2_7_a25*b55 "64" TTP C
12 23168 P7 2_7_a25*b55 "64" TTP C
10 23168 PS P8 Exec "C33" 
17 23232 Pile T 1.00 
10 23232 PS P0 Idle "" 
10 23232 PS P0 Tr "a13*b35" 
11 23232 P6 6_0_a13*b35 "64" TTP C
12 23232 P0 6_0_a13*b35 "64" TTP C
10 23232 PS P1 Tr "a23*b36" 
11 23232 P0 0_1_a23*b36 "64" TTP C
12 23232 P1 0_1_a23*b36 "64" TTP C
10 23232 PS P2 Tr "a13*b33" 
11 23232 P1 1_2_a13*b33 "64" TTP C
12 23232 P2 1_2_a13*b33 "64" TTP C
10 23232 PS P4 Tr "a26*b63" 
11 23232 P0 0_4_a26*b63 "64" TTP C
12 23232 P4 0_4_a26*b63 "64" TTP C
10 23232 PS P5 Tr "a25*b52" 
11 23232 P1 1_5_a25*b52 "64" TTP C
12 23232 P5 1_5_a25*b52 "64" TTP C
10 23232 PS P3 Tr "a23*b34" 
11 23232 P2 2_3_a23*b34 "64" TTP C
12 23232 P3 2_3_a23*b34 "64" TTP C
10 23232 PS P7 Exec "C25" 
17 23296 Pile T 1.00 
10 23296 PS P6 Idle "" 
10 23296 PS P6 Tr "a13*b36" 
11 23296 P7 7_6_a13*b36 "64" TTP C
12 23296 P6 7_6_a13*b36 "64" TTP C
10 23296 PS P0 Tr "a11*b15" 
11 23296 P5 5_0_a11*b15 "64" TTP C
12 23296 P0 5_0_a11*b15 "64" TTP C
10 23296 PS P1 Tr "a21*b16" 
11 23296 P9 9_1_a21*b16 "64" TTP C
12 23296 P1 9_1_a21*b16 "64" TTP C
10 23296 PS P2 Tr "a11*b13" 
11 23296 P0 0_2_a11*b13 "64" TTP C
12 23296 P2 0_2_a11*b13 "64" TTP C
10 23296 PS P4 Tr "a21*b13" 
11 23296 P6 6_4_a21*b13 "64" TTP C
12 23296 P4 6_4_a21*b13 "64" TTP C
10 23296 PS P5 Tr "a21*b12" 
11 23296 P1 1_5_a21*b12 "64" TTP C
12 23296 P5 1_5_a21*b12 "64" TTP C
10 23296 PS P3 Exec "C24" 
17 23360 Pile T 1.00 
10 23360 PS P9 Idle "" 
10 23360 PS P9 Tr "a13*b34" 
11 23360 P0 0_9_a13*b34 "64" TTP C
12 23360 P9 0_9_a13*b34 "64" TTP C
10 23360 PS P6 Tr "a11*b16" 
11 23360 P9 9_6_a11*b16 "64" TTP C
12 23360 P6 9_6_a11*b16 "64" TTP C
10 23360 PS P0 Tr "a12*b25" 
11 23360 P5 5_0_a12*b25 "64" TTP C
12 23360 P0 5_0_a12*b25 "64" TTP C
10 23360 PS P1 Tr "a22*b26" 
11 23360 P0 0_1_a22*b26 "64" TTP C
12 23360 P1 0_1_a22*b26 "64" TTP C
10 23360 PS P2 Tr "a16*b63" 
11 23360 P7 7_2_a16*b63 "64" TTP C
12 23360 P2 7_2_a16*b63 "64" TTP C
10 23360 PS P4 Exec "C23" 
10 23360 PS P5 Exec "C22" 
17 23424 Pile T 1.00 
10 23424 PS P8 Idle "" 
10 23424 PS P8 Tr "a16*b61" 
11 23424 P4 4_8_a16*b61 "64" TTP C
12 23424 P8 4_8_a16*b61 "64" TTP C
10 23424 PS P9 Tr "a11*b14" 
11 23424 P4 4_9_a11*b14 "64" TTP C
12 23424 P9 4_9_a11*b14 "64" TTP C
10 23424 PS P6 Tr "a14*b46" 
11 23424 P8 8_6_a14*b46 "64" TTP C
12 23424 P6 8_6_a14*b46 "64" TTP C
10 23424 PS P0 Tr "a14*b45" 
11 23424 P7 7_0_a14*b45 "64" TTP C
12 23424 P0 7_0_a14*b45 "64" TTP C
10 23424 PS P1 Tr "a24*b46" 
11 23424 P4 4_1_a24*b46 "64" TTP C
12 23424 P1 4_1_a24*b46 "64" TTP C
10 23424 PS P2 Exec "C13" 
17 23488 Pile T 1.00 
10 23488 PS P7 Idle "" 
10 23488 PS P7 Tr "a12*b22" 
11 23488 P9 9_7_a12*b22 "64" TTP C
12 23488 P7 9_7_a12*b22 "64" TTP C
10 23488 PS P8 Tr "a11*b11" 
11 23488 P6 6_8_a11*b11 "64" TTP C
12 23488 P8 6_8_a11*b11 "64" TTP C
10 23488 PS P9 Tr "a15*b54" 
11 23488 P5 5_9_a15*b54 "64" TTP C
12 23488 P9 5_9_a15*b54 "64" TTP C
10 23488 PS P6 Tr "a12*b26" 
11 23488 P4 4_6_a12*b26 "64" TTP C
12 23488 P6 4_6_a12*b26 "64" TTP C
10 23488 PS P0 Tr "a16*b65" 
11 23488 P8 8_0_a16*b65 "64" TTP C
12 23488 P0 8_0_a16*b65 "64" TTP C
10 23488 PS P1 Tr "a26*b66" 
11 23488 P5 5_1_a26*b66 "64" TTP C
12 23488 P1 5_1_a26*b66 "64" TTP C
17 23552 Pile T 1.00 
10 23552 PS P3 Idle "" 
10 23552 PS P3 Tr "a43*b31" 
11 23552 P4 4_3_a43*b31 "64" TTP C
12 23552 P3 4_3_a43*b31 "64" TTP C
10 23552 PS P7 Tr "a14*b42" 
11 23552 P9 9_7_a14*b42 "64" TTP C
12 23552 P7 9_7_a14*b42 "64" TTP C
10 23552 PS P8 Tr "a15*b51" 
11 23552 P6 6_8_a15*b51 "64" TTP C
12 23552 P8 6_8_a15*b51 "64" TTP C
10 23552 PS P9 Tr "a12*b24" 
11 23552 P7 7_9_a12*b24 "64" TTP C
12 23552 P9 7_9_a12*b24 "64" TTP C
10 23552 PS P6 Tr "a15*b56" 
11 23552 P1 1_6_a15*b56 "64" TTP C
12 23552 P6 1_6_a15*b56 "64" TTP C
10 23552 PS P0 Tr "a15*b55" 
11 23552 P8 8_0_a15*b55 "64" TTP C
12 23552 P0 8_0_a15*b55 "64" TTP C
10 23552 PS P1 Exec "C26" 
17 23616 Pile T 1.00 
10 23616 PS P4 Idle "" 
10 23616 PS P4 Tr "a41*b13" 
11 23616 P0 0_4_a41*b13 "64" TTP C
12 23616 P4 0_4_a41*b13 "64" TTP C
17 23616 Pile T 1.00 
10 23616 PS P5 Idle "" 
10 23616 PS P5 Tr "a44*b46" 
11 23616 P4 4_5_a44*b46 "64" TTP C
12 23616 P5 4_5_a44*b46 "64" TTP C
10 23616 PS P3 Tr "a46*b61" 
11 23616 P2 2_3_a46*b61 "64" TTP C
12 23616 P3 2_3_a46*b61 "64" TTP C
10 23616 PS P7 Tr "a15*b52" 
11 23616 P9 9_7_a15*b52 "64" TTP C
12 23616 P7 9_7_a15*b52 "64" TTP C
10 23616 PS P8 Tr "a13*b31" 
11 23616 P9 9_8_a13*b31 "64" TTP C
12 23616 P8 9_8_a13*b31 "64" TTP C
10 23616 PS P9 Tr "a16*b64" 
11 23616 P3 3_9_a16*b64 "64" TTP C
12 23616 P9 3_9_a16*b64 "64" TTP C
10 23616 PS P6 Tr "a16*b66" 
11 23616 P5 5_6_a16*b66 "64" TTP C
12 23616 P6 5_6_a16*b66 "64" TTP C
10 23616 PS P0 Exec "C15" 
17 23680 Pile T 1.00 
10 23680 PS P2 Idle "" 
10 23680 PS P2 Tr "a45*b52" 
11 23680 P0 0_2_a45*b52 "64" TTP C
12 23680 P2 0_2_a45*b52 "64" TTP C
10 23680 PS P4 Tr "a46*b63" 
11 23680 P1 1_4_a46*b63 "64" TTP C
12 23680 P4 1_4_a46*b63 "64" TTP C
10 23680 PS P5 Tr "a42*b26" 
11 23680 P9 9_5_a42*b26 "64" TTP C
12 23680 P5 9_5_a42*b26 "64" TTP C
10 23680 PS P3 Tr "a41*b11" 
11 23680 P1 1_3_a41*b11 "64" TTP C
12 23680 P3 1_3_a41*b11 "64" TTP C
10 23680 PS P7 Tr "a11*b12" 
11 23680 P8 8_7_a11*b12 "64" TTP C
12 23680 P7 8_7_a11*b12 "64" TTP C
10 23680 PS P8 Tr "a14*b41" 
11 23680 P5 5_8_a14*b41 "64" TTP C
12 23680 P8 5_8_a14*b41 "64" TTP C
10 23680 PS P9 Tr "a14*b44" 
11 23680 P1 1_9_a14*b44 "64" TTP C
12 23680 P9 1_9_a14*b44 "64" TTP C
10 23680 PS P6 Exec "C16" 
10 23744 PS P2 Tr "a46*b62" 
11 23744 P3 3_2_a46*b62 "64" TTP C
12 23744 P2 3_2_a46*b62 "64" TTP C
10 23744 PS P4 Tr "a44*b43" 
11 23744 P1 1_4_a44*b43 "64" TTP C
12 23744 P4 1_4_a44*b43 "64" TTP C
10 23744 PS P5 Tr "a43*b36" 
11 23744 P2 2_5_a43*b36 "64" TTP C
12 23744 P5 2_5_a43*b36 "64" TTP C
10 23744 PS P3 Tr "a42*b21" 
11 23744 P1 1_3_a42*b21 "64" TTP C
12 23744 P3 1_3_a42*b21 "64" TTP C
10 23744 PS P7 Tr "a16*b62" 
11 23744 P2 2_7_a16*b62 "64" TTP C
12 23744 P7 2_7_a16*b62 "64" TTP C
10 23744 PS P8 Exec "C11" 
10 23744 PS P9 Exec "C14" 
17 23808 Pile T 1.00 
10 23808 PS P1 Idle "" 
10 23808 PS P1 Tr "a41*b14" 
11 23808 P8 8_1_a41*b14 "64" TTP C
12 23808 P1 8_1_a41*b14 "64" TTP C
10 23808 PS P2 Tr "a44*b42" 
11 23808 P3 3_2_a44*b42 "64" TTP C
12 23808 P2 3_2_a44*b42 "64" TTP C
10 23808 PS P4 Tr "a43*b33" 
11 23808 P1 1_4_a43*b33 "64" TTP C
12 23808 P4 1_4_a43*b33 "64" TTP C
10 23808 PS P5 Tr "a45*b56" 
11 23808 P2 2_5_a45*b56 "64" TTP C
12 23808 P5 2_5_a45*b56 "64" TTP C
10 23808 PS P3 Tr "a44*b41" 
11 23808 P7 7_3_a44*b41 "64" TTP C
12 23808 P3 7_3_a44*b41 "64" TTP C
10 23808 PS P7 Tr "a13*b32" 
11 23808 P8 8_7_a13*b32 "64" TTP C
12 23808 P7 8_7_a13*b32 "64" TTP C
17 23872 Pile T 1.00 
10 23872 PS P0 Idle "" 
10 23872 PS P0 Tr "a41*b15" 
11 23872 P7 7_0_a41*b15 "64" TTP C
12 23872 P0 7_0_a41*b15 "64" TTP C
10 23872 PS P1 Tr "a46*b64" 
11 23872 P7 7_1_a46*b64 "64" TTP C
12 23872 P1 7_1_a46*b64 "64" TTP C
10 23872 PS P2 Tr "a43*b32" 
11 23872 P0 0_2_a43*b32 "64" TTP C
12 23872 P2 0_2_a43*b32 "64" TTP C
10 23872 PS P4 Tr "a42*b23" 
11 23872 P6 6_4_a42*b23 "64" TTP C
12 23872 P4 6_4_a42*b23 "64" TTP C
10 23872 PS P5 Tr "a41*b16" 
11 23872 P6 6_5_a41*b16 "64" TTP C
12 23872 P5 6_5_a41*b16 "64" TTP C
10 23872 PS P3 Tr "a45*b51" 
11 23872 P5 5_3_a45*b51 "64" TTP C
12 23872 P3 5_3_a45*b51 "64" TTP C
10 23872 PS P7 Exec "C12" 
17 23936 Pile T 1.00 
10 23936 PS P6 Idle "" 
10 23936 PS P0 Tr "a44*b45" 
11 23936 P2 2_0_a44*b45 "64" TTP C
12 23936 P0 2_0_a44*b45 "64" TTP C
10 23936 PS P1 Tr "a42*b24" 
11 23936 P0 0_1_a42*b24 "64" TTP C
12 23936 P1 0_1_a42*b24 "64" TTP C
10 23936 PS P2 Tr "a41*b12" 
11 23936 P9 9_2_a41*b12 "64" TTP C
12 23936 P2 9_2_a41*b12 "64" TTP C
10 23936 PS P4 Exec "C43" 
10 23936 PS P5 Tr "a46*b66" 
11 23936 P4 4_5_a46*b66 "64" TTP C
12 23936 P5 4_5_a46*b66 "64" TTP C
10 23936 PS P3 Exec "C41" 
17 24000 Pile T 1.00 
10 24000 PS P8 Idle "" 
17 24000 Pile T 1.00 
10 24000 PS P9 Idle "" 
10 24000 PS P0 Tr "a42*b25" 
11 24000 P8 8_0_a42*b25 "64" TTP C
12 24000 P0 8_0_a42*b25 "64" TTP C
10 24000 PS P1 Tr "a44*b44" 
11 24000 P5 5_1_a44*b44 "64" TTP C
12 24000 P1 5_1_a44*b44 "64" TTP C
10 24000 PS P2 Tr "a42*b22" 
11 24000 P3 3_2_a42*b22 "64" TTP C
12 24000 P2 3_2_a42*b22 "64" TTP C
10 24000 PS P5 Exec "C46" 
10 24064 PS P0 Tr "a45*b55" 
11 24064 P3 3_0_a45*b55 "64" TTP C
12 24064 P0 3_0_a45*b55 "64" TTP C
10 24064 PS P1 Tr "a43*b34" 
11 24064 P6 6_1_a43*b34 "64" TTP C
12 24064 P1 6_1_a43*b34 "64" TTP C
10 24064 PS P2 Exec "C42" 
17 24128 Pile T 1.00 
10 24128 PS P7 Idle "" 
10 24128 PS P0 Tr "a43*b35" 
11 24128 P7 7_0_a43*b35 "64" TTP C
12 24128 P0 7_0_a43*b35 "64" TTP C
10 24128 PS P1 Tr "a45*b54" 
11 24128 P8 8_1_a45*b54 "64" TTP C
12 24128 P1 8_1_a45*b54 "64" TTP C
17 24192 Pile T 1.00 
10 24192 PS P4 Idle "" 
17 24192 Pile T 1.00 
10 24192 PS P3 Idle "" 
10 24192 PS P0 Exec "C45" 
10 24192 PS P1 Exec "C44" 
17 24256 Pile T 1.00 
10 24256 PS P5 Idle "" 
17 24320 Pile T 1.00 
10 24320 PS P2 Idle "" 
17 24448 Pile T 1.00 
10 24448 PS P0 Idle "" 
17 24448 Pile T 1.00 
16 24448 Pile T 1.00 
10 24448 PS P1 Idle "" 
10 24448 PS P1 Tr "C24" 
11 24448 P3 3_1_C24 "64" TTP C
12 24448 P1 3_1_C24 "64" TTP C
10 24512 PS P1 Tr "C54" 
11 24512 P4 4_1_C54 "64" TTP C
12 24512 P1 4_1_C54 "64" TTP C
10 24576 PS P1 Tr "C43" 
11 24576 P4 4_1_C43 "64" TTP C
12 24576 P1 4_1_C43 "64" TTP C
10 24640 PS P1 Tr "C41" 
11 24640 P3 3_1_C41 "64" TTP C
12 24640 P1 3_1_C41 "64" TTP C
10 24704 PS P1 Tr "C42" 
11 24704 P2 2_1_C42 "64" TTP C
12 24704 P1 2_1_C42 "64" TTP C
10 24768 PS P1 Tr "C12" 
11 24768 P7 7_1_C12 "64" TTP C
12 24768 P1 7_1_C12 "64" TTP C
10 24832 PS P1 Tr "C51" 
11 24832 P0 0_1_C51 "64" TTP C
12 24832 P1 0_1_C51 "64" TTP C
10 24896 PS P1 Tr "C34" 
11 24896 P0 0_1_C34 "64" TTP C
12 24896 P1 0_1_C34 "64" TTP C
10 24960 PS P1 Tr "C21" 
11 24960 P9 9_1_C21 "64" TTP C
12 24960 P1 9_1_C21 "64" TTP C
10 25024 PS P1 Tr "C64" 
11 25024 P9 9_1_C64 "64" TTP C
12 25024 P1 9_1_C64 "64" TTP C
10 25088 PS P1 Tr "C23" 
11 25088 P4 4_1_C23 "64" TTP C
12 25088 P1 4_1_C23 "64" TTP C
10 25152 PS P1 Tr "C22" 
11 25152 P5 5_1_C22 "64" TTP C
12 25152 P1 5_1_C22 "64" TTP C
10 25216 PS P1 Tr "C46" 
11 25216 P5 5_1_C46 "64" TTP C
12 25216 P1 5_1_C46 "64" TTP C
10 25280 PS P1 Tr "C11" 
11 25280 P8 8_1_C11 "64" TTP C
12 25280 P1 8_1_C11 "64" TTP C
10 25344 PS P1 Tr "C45" 
11 25344 P0 0_1_C45 "64" TTP C
12 25344 P1 0_1_C45 "64" TTP C
10 25408 PS P1 Tr "C36" 
11 25408 P2 2_1_C36 "64" TTP C
12 25408 P1 2_1_C36 "64" TTP C
10 25472 PS P1 Tr "C35" 
11 25472 P6 6_1_C35 "64" TTP C
12 25472 P1 6_1_C35 "64" TTP C
10 25536 PS P1 Tr "C16" 
11 25536 P6 6_1_C16 "64" TTP C
12 25536 P1 6_1_C16 "64" TTP C
10 25600 PS P1 Tr "C25" 
11 25600 P7 7_1_C25 "64" TTP C
12 25600 P1 7_1_C25 "64" TTP C
10 25664 PS P1 Tr "C55" 
11 25664 P5 5_1_C55 "64" TTP C
12 25664 P1 5_1_C55 "64" TTP C
10 25728 PS P1 Tr "C66" 
11 25728 P3 3_1_C66 "64" TTP C
12 25728 P1 3_1_C66 "64" TTP C
10 25792 PS P1 Tr "C61" 
11 25792 P7 7_1_C61 "64" TTP C
12 25792 P1 7_1_C61 "64" TTP C
10 25856 PS P1 Tr "C62" 
11 25856 P8 8_1_C62 "64" TTP C
12 25856 P1 8_1_C62 "64" TTP C
10 25920 PS P1 Tr "C53" 
11 25920 P2 2_1_C53 "64" TTP C
12 25920 P1 2_1_C53 "64" TTP C
10 25984 PS P1 Tr "C33" 
11 25984 P8 8_1_C33 "64" TTP C
12 25984 P1 8_1_C33 "64" TTP C
10 26048 PS P1 Tr "C13" 
11 26048 P2 2_1_C13 "64" TTP C
12 26048 P1 2_1_C13 "64" TTP C
10 26112 PS P1 Tr "C15" 
11 26112 P0 0_1_C15 "64" TTP C
12 26112 P1 0_1_C15 "64" TTP C
10 26176 PS P1 Tr "C31" 
11 26176 P4 4_1_C31 "64" TTP C
12 26176 P1 4_1_C31 "64" TTP C
10 26240 PS P1 Tr "C14" 
11 26240 P9 9_1_C14 "64" TTP C
12 26240 P1 9_1_C14 "64" TTP C
10 26304 PS P1 Tr "C52" 
11 26304 P3 3_1_C52 "64" TTP C
12 26304 P1 3_1_C52 "64" TTP C
10 26368 PS P1 Tr "C63" 
11 26368 P5 5_1_C63 "64" TTP C
12 26368 P1 5_1_C63 "64" TTP C
10 26432 PS P1 Tr "C65" 
11 26432 P6 6_1_C65 "64" TTP C
12 26432 P1 6_1_C65 "64" TTP C
10 26496 PS P1 Exec "Fusion" 
17 31104 Pile T 1.00 
10 31104 PS P1 Idle "" 
8 31104 Pile PL
8 31104 P1 Pr
8 31104 P0 Pr
8 31104 P2 Pr
8 31104 P5 Pr
8 31104 P3 Pr
8 31104 P4 Pr
8 31104 P7 Pr
8 31104 P9 Pr
8 31104 P8 Pr
8 31104 P6 Pr
8 31104 TTP P
