%EventDef PajeDefineContainerType 1
% Alias string
% ContainerType string
% Name string
%EndEventDef
%EventDef PajeDefineStateType 3
% Alias string
% ContainerType string
% Name string
%EndEventDef
%EventDef PajeDefineLinkType 4
% Name string
% ContainerType string
% SourceContainerType string
% DestContainerType string
% Alias string
%EndEventDef
%EventDef PajeDefineEntityValue 6
% Alias string
% EntityType string
% Name string
% Color color
%EndEventDef
%EventDef PajeCreateContainer 7
% Time date
% Alias string
% Type string
% Container string
% Name string
%EndEventDef
%EventDef PajeDestroyContainer 8
% Time date
% Name string
% Type string
%EndEventDef
%EventDef PajeSetState 10
% Time date
% Type string
% Container string
% Value string
% file string
%EndEventDef
%EventDef PajeStartLink 11
% Time date
% SourceContainer string
% Key string
% Value string
% Container string
% Type string
%EndEventDef
%EventDef PajeEndLink 12
% Time date
% DestContainer string
% Key string
% Value string
% Container string
% Type string
%EndEventDef
%EventDef PajePushState	13
% Time	date
% EntityType	string
% Container	string
% Value	string
%EndEventDef
%EventDef PajeDefineVariableType 14
% Type string
% Name string
% Color color
% Alias string
%EndEventDef
%EventDef PajeSetVariable 15
% Time date
% Container string
% Type string
% Value double
%EndEventDef
%EventDef PajeAddVariable 16
% Time date
% Container string
% Type string
% Value double
%EndEventDef
%EventDef PajeSubVariable 17
% Time date
% Container string
% Type string
% Value double
%EndEventDef
1 P 0 Program
1 Pr P Processors
1 PL P Tasks
3 PS Pr "Processor State"
3 PF Pr "Ready File"
6 Exec PS Executing "2 .0 .1"
6 Idle PS Idle "8 .3 .0"
6 TR PS Transfer "0 .3 .8"
14 PL "Task" "1 .5 .5" T
7 0 TTP P 0 "Plate-forme"
4 "Communication" P Pr Pr C
7 0 Pile PL TTP "Pile 1"
7 0 P0 Pr TTP "P 0" 
10 0 PS P0 Idle "" 
7 0 P1 Pr TTP "P 1" 
10 0 PS P1 Idle "" 
7 0 P2 Pr TTP "P 2" 
10 0 PS P2 Idle "" 
7 0 P3 Pr TTP "P 3" 
10 0 PS P3 Idle "" 
7 0 P4 Pr TTP "P 4" 
10 0 PS P4 Idle "" 
7 0 P5 Pr TTP "P 5" 
10 0 PS P5 Idle "" 
10 0 PS P0 Exec "split-a" 
10 0 PS P1 Exec "split-b" 
17 80000 Pile T 1.00 
16 80000 Pile T 1.00 
16 80000 Pile T 1.00 
16 80000 Pile T 1.00 
16 80000 Pile T 1.00 
10 80000 PS P0 Idle "" 
10 80000 PS P0 Exec "a1" 
10 80000 PS P2 Tr "split-a" 
11 80000 P0 0_2_split-a "40000" TTP C
12 80000 P2 0_2_split-a "40000" TTP C
10 80000 PS P3 Tr "split-a" 
11 80000 P0 0_3_split-a "40000" TTP C
12 80000 P3 0_3_split-a "40000" TTP C
10 80000 PS P4 Tr "split-a" 
11 80000 P0 0_4_split-a "40000" TTP C
12 80000 P4 0_4_split-a "40000" TTP C
17 80000 Pile T 1.00 
16 80000 Pile T 1.00 
16 80000 Pile T 1.00 
16 80000 Pile T 1.00 
16 80000 Pile T 1.00 
10 80000 PS P1 Idle "" 
10 80000 PS P1 Exec "b2" 
10 80000 PS P5 Tr "split-b" 
11 80000 P1 1_5_split-b "40000" TTP C
12 80000 P5 1_5_split-b "40000" TTP C
17 80000 Pile T 1.00 
10 80000 PS P0 Idle "" 
10 80000 PS P0 Tr "split-b" 
11 80000 P1 1_0_split-b "40000" TTP C
12 80000 P0 1_0_split-b "40000" TTP C
17 80000 Pile T 1.00 
16 80000 Pile T 1.00 
10 80000 PS P1 Idle "" 
10 80000 PS P1 Exec "b4" 
17 80000 Pile T 1.00 
10 80000 PS P1 Idle "" 
10 80000 PS P1 Tr "a1" 
11 80000 P0 0_1_a1 "10000" TTP C
12 80000 P1 0_1_a1 "10000" TTP C
10 90000 PS P1 Exec "lc2" 
10 120000 PS P2 Exec "a4" 
10 120000 PS P3 Exec "a3" 
10 120000 PS P4 Exec "a2" 
10 120000 PS P5 Exec "b1" 
10 120000 PS P0 Exec "b3" 
17 120000 Pile T 1.00 
16 120000 Pile T 1.00 
10 120000 PS P2 Idle "" 
10 120000 PS P2 Tr "b4" 
11 120000 P1 1_2_b4 "10000" TTP C
12 120000 P2 1_2_b4 "10000" TTP C
17 120000 Pile T 1.00 
16 120000 Pile T 1.00 
10 120000 PS P3 Idle "" 
10 120000 PS P3 Tr "b2" 
11 120000 P1 1_3_b2 "10000" TTP C
12 120000 P3 1_3_b2 "10000" TTP C
17 120000 Pile T 1.00 
16 120000 Pile T 1.00 
10 120000 PS P4 Idle "" 
10 120000 PS P4 Tr "b4" 
11 120000 P1 1_4_b4 "10000" TTP C
12 120000 P4 1_4_b4 "10000" TTP C
17 120000 Pile T 1.00 
16 120000 Pile T 1.00 
16 120000 Pile T 1.00 
10 120000 PS P5 Idle "" 
10 120000 PS P5 Tr "a1" 
11 120000 P0 0_5_a1 "10000" TTP C
12 120000 P5 0_5_a1 "10000" TTP C
17 120000 Pile T 1.00 
16 120000 Pile T 1.00 
16 120000 Pile T 1.00 
10 120000 PS P0 Idle "" 
10 120000 PS P0 Tr "b1" 
11 120000 P5 5_0_b1 "10000" TTP C
12 120000 P0 5_0_b1 "10000" TTP C
10 130000 PS P2 Exec "rc4" 
10 130000 PS P3 Exec "lc4" 
10 130000 PS P4 Exec "rc2" 
10 130000 PS P5 Exec "lc1" 
10 130000 PS P0 Tr "a3" 
11 130000 P3 3_0_a3 "10000" TTP C
12 130000 P0 3_0_a3 "10000" TTP C
10 140000 PS P0 Exec "lc3" 
17 1090000 Pile T 1.00 
10 1090000 PS P1 Idle "" 
10 1090000 PS P1 Tr "b3" 
11 1090000 P0 0_1_b3 "10000" TTP C
12 1090000 P1 0_1_b3 "10000" TTP C
10 1100000 PS P1 Tr "a4" 
11 1100000 P2 2_1_a4 "10000" TTP C
12 1100000 P1 2_1_a4 "10000" TTP C
10 1110000 PS P1 Exec "rc3" 
17 1130000 Pile T 1.00 
10 1130000 PS P2 Idle "" 
10 1130000 PS P2 Tr "a2" 
11 1130000 P4 4_2_a2 "10000" TTP C
12 1130000 P2 4_2_a2 "10000" TTP C
17 1130000 Pile T 1.00 
16 1130000 Pile T 1.00 
10 1130000 PS P3 Idle "" 
10 1130000 PS P3 Tr "rc4" 
11 1130000 P2 2_3_rc4 "10000" TTP C
12 1130000 P3 2_3_rc4 "10000" TTP C
17 1130000 Pile T 1.00 
16 1130000 Pile T 1.00 
10 1130000 PS P4 Idle "" 
10 1130000 PS P4 Tr "lc2" 
11 1130000 P1 1_4_lc2 "10000" TTP C
12 1130000 P4 1_4_lc2 "10000" TTP C
17 1130000 Pile T 1.00 
10 1130000 PS P5 Idle "" 
17 1140000 Pile T 1.00 
10 1140000 PS P0 Idle "" 
10 1140000 PS P2 Tr "b3" 
11 1140000 P0 0_2_b3 "10000" TTP C
12 1140000 P2 0_2_b3 "10000" TTP C
10 1140000 PS P3 Exec "c4" 
10 1140000 PS P4 Exec "c2" 
10 1150000 PS P2 Exec "rc1" 
17 1180000 Pile T 1.00 
10 1180000 PS P3 Idle "" 
17 1180000 Pile T 1.00 
10 1180000 PS P4 Idle "" 
17 2110000 Pile T 1.00 
16 2110000 Pile T 1.00 
10 2110000 PS P1 Idle "" 
10 2110000 PS P1 Tr "lc3" 
11 2110000 P0 0_1_lc3 "10000" TTP C
12 2110000 P1 0_1_lc3 "10000" TTP C
10 2120000 PS P1 Exec "c3" 
17 2150000 Pile T 1.00 
16 2150000 Pile T 1.00 
10 2150000 PS P2 Idle "" 
10 2150000 PS P2 Tr "lc1" 
11 2150000 P5 5_2_lc1 "10000" TTP C
12 2150000 P2 5_2_lc1 "10000" TTP C
17 2160000 Pile T 1.00 
10 2160000 PS P1 Idle "" 
10 2160000 PS P2 Exec "c1" 
17 2200000 Pile T 1.00 
16 2200000 Pile T 1.00 
10 2200000 PS P2 Idle "" 
10 2200000 PS P2 Tr "c2" 
11 2200000 P4 4_2_c2 "10000" TTP C
12 2200000 P2 4_2_c2 "10000" TTP C
10 2210000 PS P2 Tr "c4" 
11 2210000 P3 3_2_c4 "10000" TTP C
12 2210000 P2 3_2_c4 "10000" TTP C
10 2220000 PS P2 Tr "c3" 
11 2220000 P1 1_2_c3 "10000" TTP C
12 2220000 P2 1_2_c3 "10000" TTP C
10 2230000 PS P2 Exec "c" 
17 2310000 Pile T 1.00 
10 2310000 PS P2 Idle "" 
8 2310000 Pile PL
8 2310000 P2 Pr
8 2310000 P1 Pr
8 2310000 P4 Pr
8 2310000 P3 Pr
8 2310000 P0 Pr
8 2310000 P5 Pr
8 2310000 TTP P
