%EventDef PajeDefineContainerType 1
% Alias string
% ContainerType string
% Name string
%EndEventDef
%EventDef PajeDefineStateType 3
% Alias string
% ContainerType string
% Name string
%EndEventDef
%EventDef PajeDefineLinkType 4
% Name string
% ContainerType string
% SourceContainerType string
% DestContainerType string
% Alias string
%EndEventDef
%EventDef PajeDefineEntityValue 6
% Alias string
% EntityType string
% Name string
% Color color
%EndEventDef
%EventDef PajeCreateContainer 7
% Time date
% Alias string
% Type string
% Container string
% Name string
%EndEventDef
%EventDef PajeDestroyContainer 8
% Time date
% Name string
% Type string
%EndEventDef
%EventDef PajeSetState 10
% Time date
% Type string
% Container string
% Value string
% file string
%EndEventDef
%EventDef PajeStartLink 11
% Time date
% SourceContainer string
% Key string
% Value string
% Container string
% Type string
%EndEventDef
%EventDef PajeEndLink 12
% Time date
% DestContainer string
% Key string
% Value string
% Container string
% Type string
%EndEventDef
%EventDef PajePushState	13
% Time	date
% EntityType	string
% Container	string
% Value	string
%EndEventDef
%EventDef PajeDefineVariableType 14
% Type string
% Name string
% Color color
% Alias string
%EndEventDef
%EventDef PajeSetVariable 15
% Time date
% Container string
% Type string
% Value double
%EndEventDef
%EventDef PajeAddVariable 16
% Time date
% Container string
% Type string
% Value double
%EndEventDef
%EventDef PajeSubVariable 17
% Time date
% Container string
% Type string
% Value double
%EndEventDef
1 P 0 Program
1 Pr P Processors
1 PL P Tasks
3 PS Pr "Processor State"
3 PF Pr "Ready File"
6 Exec PS Executing "2 .0 .1"
6 Idle PS Idle "8 .3 .0"
6 TR PS Transfer "0 .3 .8"
14 PL "Task" "1 .5 .5" T
7 0 TTP P 0 "Plate-forme"
4 "Communication" P Pr Pr C
7 0 Pile PL TTP "Pile 1"
7 0 P0 Pr TTP "P 0" 
10 0 PS P0 Idle "" 
7 0 P1 Pr TTP "P 1" 
10 0 PS P1 Idle "" 
7 0 P2 Pr TTP "P 2" 
10 0 PS P2 Idle "" 
7 0 P3 Pr TTP "P 3" 
10 0 PS P3 Idle "" 
7 0 P4 Pr TTP "P 4" 
10 0 PS P4 Idle "" 
7 0 P5 Pr TTP "P 5" 
10 0 PS P5 Idle "" 
10 0 PS P0 Exec "split-a" 
10 0 PS P1 Exec "split-b" 
17 320000 Pile T 1.00 
16 320000 Pile T 1.00 
16 320000 Pile T 1.00 
16 320000 Pile T 1.00 
16 320000 Pile T 1.00 
16 320000 Pile T 1.00 
16 320000 Pile T 1.00 
16 320000 Pile T 1.00 
16 320000 Pile T 1.00 
16 320000 Pile T 1.00 
16 320000 Pile T 1.00 
16 320000 Pile T 1.00 
16 320000 Pile T 1.00 
16 320000 Pile T 1.00 
16 320000 Pile T 1.00 
16 320000 Pile T 1.00 
16 320000 Pile T 1.00 
10 320000 PS P0 Idle "" 
10 320000 PS P0 Exec "a24" 
10 320000 PS P2 Tr "split-a" 
11 320000 P0 0_2_split-a "160000" TTP C
12 320000 P2 0_2_split-a "160000" TTP C
10 320000 PS P3 Tr "split-a" 
11 320000 P0 0_3_split-a "160000" TTP C
12 320000 P3 0_3_split-a "160000" TTP C
10 320000 PS P4 Tr "split-a" 
11 320000 P0 0_4_split-a "160000" TTP C
12 320000 P4 0_4_split-a "160000" TTP C
10 320000 PS P5 Tr "split-a" 
11 320000 P0 0_5_split-a "160000" TTP C
12 320000 P5 0_5_split-a "160000" TTP C
17 320000 Pile T 1.00 
16 320000 Pile T 1.00 
16 320000 Pile T 1.00 
16 320000 Pile T 1.00 
16 320000 Pile T 1.00 
16 320000 Pile T 1.00 
16 320000 Pile T 1.00 
16 320000 Pile T 1.00 
16 320000 Pile T 1.00 
16 320000 Pile T 1.00 
16 320000 Pile T 1.00 
16 320000 Pile T 1.00 
16 320000 Pile T 1.00 
16 320000 Pile T 1.00 
16 320000 Pile T 1.00 
16 320000 Pile T 1.00 
16 320000 Pile T 1.00 
10 320000 PS P1 Idle "" 
10 320000 PS P1 Tr "split-a" 
11 320000 P0 0_1_split-a "160000" TTP C
12 320000 P1 0_1_split-a "160000" TTP C
17 320000 Pile T 1.00 
10 320000 PS P0 Idle "" 
10 320000 PS P0 Exec "a31" 
17 320000 Pile T 1.00 
10 320000 PS P0 Idle "" 
10 320000 PS P0 Exec "a14" 
17 320000 Pile T 1.00 
10 320000 PS P0 Idle "" 
10 320000 PS P0 Exec "a13" 
17 320000 Pile T 1.00 
10 320000 PS P0 Idle "" 
10 320000 PS P0 Exec "a32" 
17 320000 Pile T 1.00 
10 320000 PS P0 Idle "" 
10 320000 PS P0 Exec "a44" 
17 320000 Pile T 1.00 
10 320000 PS P0 Idle "" 
10 320000 PS P0 Exec "a43" 
17 320000 Pile T 1.00 
10 320000 PS P0 Idle "" 
10 320000 PS P0 Exec "a42" 
17 320000 Pile T 1.00 
10 320000 PS P0 Idle "" 
10 320000 PS P0 Exec "a11" 
17 320000 Pile T 1.00 
10 320000 PS P0 Idle "" 
10 320000 PS P0 Exec "a21" 
17 320000 Pile T 1.00 
10 320000 PS P0 Idle "" 
10 320000 PS P0 Exec "a41" 
17 320000 Pile T 1.00 
10 320000 PS P0 Idle "" 
10 320000 PS P0 Tr "split-b" 
11 320000 P1 1_0_split-b "160000" TTP C
12 320000 P0 1_0_split-b "160000" TTP C
10 480000 PS P2 Exec "a33" 
10 480000 PS P3 Exec "a34" 
10 480000 PS P4 Exec "a23" 
10 480000 PS P5 Exec "a12" 
10 480000 PS P1 Exec "a22" 
10 480000 PS P0 Exec "b31" 
17 480000 Pile T 1.00 
10 480000 PS P2 Idle "" 
10 480000 PS P2 Tr "split-b" 
11 480000 P1 1_2_split-b "160000" TTP C
12 480000 P2 1_2_split-b "160000" TTP C
17 480000 Pile T 1.00 
10 480000 PS P3 Idle "" 
10 480000 PS P3 Tr "split-b" 
11 480000 P1 1_3_split-b "160000" TTP C
12 480000 P3 1_3_split-b "160000" TTP C
17 480000 Pile T 1.00 
10 480000 PS P4 Idle "" 
10 480000 PS P4 Tr "split-b" 
11 480000 P1 1_4_split-b "160000" TTP C
12 480000 P4 1_4_split-b "160000" TTP C
17 480000 Pile T 1.00 
10 480000 PS P5 Idle "" 
10 480000 PS P5 Tr "split-b" 
11 480000 P1 1_5_split-b "160000" TTP C
12 480000 P5 1_5_split-b "160000" TTP C
17 480000 Pile T 1.00 
10 480000 PS P1 Idle "" 
10 480000 PS P1 Exec "b42" 
17 480000 Pile T 1.00 
16 480000 Pile T 1.00 
16 480000 Pile T 1.00 
16 480000 Pile T 1.00 
16 480000 Pile T 1.00 
10 480000 PS P0 Idle "" 
10 480000 PS P0 Exec "b32" 
17 480000 Pile T 1.00 
16 480000 Pile T 1.00 
16 480000 Pile T 1.00 
16 480000 Pile T 1.00 
16 480000 Pile T 1.00 
10 480000 PS P1 Idle "" 
10 480000 PS P1 Exec "b14" 
17 480000 Pile T 1.00 
16 480000 Pile T 1.00 
16 480000 Pile T 1.00 
16 480000 Pile T 1.00 
16 480000 Pile T 1.00 
10 480000 PS P0 Idle "" 
10 480000 PS P0 Exec "b11" 
17 480000 Pile T 1.00 
16 480000 Pile T 1.00 
16 480000 Pile T 1.00 
16 480000 Pile T 1.00 
16 480000 Pile T 1.00 
10 480000 PS P1 Idle "" 
10 480000 PS P1 Exec "b23" 
17 480000 Pile T 1.00 
16 480000 Pile T 1.00 
16 480000 Pile T 1.00 
16 480000 Pile T 1.00 
16 480000 Pile T 1.00 
10 480000 PS P0 Idle "" 
10 480000 PS P0 Exec "b21" 
17 480000 Pile T 1.00 
16 480000 Pile T 1.00 
16 480000 Pile T 1.00 
16 480000 Pile T 1.00 
16 480000 Pile T 1.00 
10 480000 PS P1 Idle "" 
10 480000 PS P1 Exec "b41" 
17 480000 Pile T 1.00 
16 480000 Pile T 1.00 
16 480000 Pile T 1.00 
16 480000 Pile T 1.00 
16 480000 Pile T 1.00 
10 480000 PS P0 Idle "" 
10 480000 PS P0 Exec "b33" 
17 480000 Pile T 1.00 
16 480000 Pile T 1.00 
16 480000 Pile T 1.00 
16 480000 Pile T 1.00 
16 480000 Pile T 1.00 
10 480000 PS P1 Idle "" 
10 480000 PS P1 Exec "b43" 
17 480000 Pile T 1.00 
16 480000 Pile T 1.00 
16 480000 Pile T 1.00 
16 480000 Pile T 1.00 
16 480000 Pile T 1.00 
10 480000 PS P0 Idle "" 
10 480000 PS P0 Exec "b34" 
17 480000 Pile T 1.00 
16 480000 Pile T 1.00 
16 480000 Pile T 1.00 
16 480000 Pile T 1.00 
16 480000 Pile T 1.00 
10 480000 PS P1 Idle "" 
10 480000 PS P1 Exec "b13" 
17 480000 Pile T 1.00 
16 480000 Pile T 1.00 
16 480000 Pile T 1.00 
16 480000 Pile T 1.00 
16 480000 Pile T 1.00 
10 480000 PS P0 Idle "" 
10 480000 PS P0 Exec "a13*b31" 
17 480000 Pile T 1.00 
16 480000 Pile T 1.00 
16 480000 Pile T 1.00 
16 480000 Pile T 1.00 
16 480000 Pile T 1.00 
10 480000 PS P1 Idle "" 
10 480000 PS P1 Tr "b31" 
11 480000 P0 0_1_b31 "10000" TTP C
12 480000 P1 0_1_b31 "10000" TTP C
10 490000 PS P1 Tr "a33" 
11 490000 P2 2_1_a33 "10000" TTP C
12 490000 P1 2_1_a33 "10000" TTP C
10 500000 PS P1 Exec "a33*b31" 
10 640000 PS P2 Exec "b22" 
10 640000 PS P3 Exec "b44" 
10 640000 PS P4 Exec "b24" 
10 640000 PS P5 Exec "b12" 
17 640000 Pile T 1.00 
16 640000 Pile T 1.00 
16 640000 Pile T 1.00 
16 640000 Pile T 1.00 
16 640000 Pile T 1.00 
10 640000 PS P2 Idle "" 
10 640000 PS P2 Tr "b31" 
11 640000 P0 0_2_b31 "10000" TTP C
12 640000 P2 0_2_b31 "10000" TTP C
17 640000 Pile T 1.00 
16 640000 Pile T 1.00 
16 640000 Pile T 1.00 
16 640000 Pile T 1.00 
16 640000 Pile T 1.00 
10 640000 PS P3 Idle "" 
10 640000 PS P3 Tr "b31" 
11 640000 P0 0_3_b31 "10000" TTP C
12 640000 P3 0_3_b31 "10000" TTP C
17 640000 Pile T 1.00 
16 640000 Pile T 1.00 
16 640000 Pile T 1.00 
16 640000 Pile T 1.00 
16 640000 Pile T 1.00 
10 640000 PS P4 Idle "" 
10 640000 PS P4 Tr "a34" 
11 640000 P3 3_4_a34 "10000" TTP C
12 640000 P4 3_4_a34 "10000" TTP C
17 640000 Pile T 1.00 
16 640000 Pile T 1.00 
16 640000 Pile T 1.00 
16 640000 Pile T 1.00 
16 640000 Pile T 1.00 
10 640000 PS P5 Idle "" 
10 640000 PS P5 Tr "b42" 
11 640000 P1 1_5_b42 "10000" TTP C
12 640000 P5 1_5_b42 "10000" TTP C
10 650000 PS P2 Tr "a43" 
11 650000 P0 0_2_a43 "10000" TTP C
12 650000 P2 0_2_a43 "10000" TTP C
10 650000 PS P3 Tr "a23" 
11 650000 P4 4_3_a23 "10000" TTP C
12 650000 P3 4_3_a23 "10000" TTP C
10 650000 PS P4 Tr "b42" 
11 650000 P1 1_4_b42 "10000" TTP C
12 650000 P4 1_4_b42 "10000" TTP C
10 650000 PS P5 Tr "a44" 
11 650000 P0 0_5_a44 "10000" TTP C
12 650000 P5 0_5_a44 "10000" TTP C
10 660000 PS P2 Exec "a43*b31" 
10 660000 PS P3 Exec "a23*b31" 
10 660000 PS P4 Exec "a34*b42" 
10 660000 PS P5 Exec "a44*b42" 
17 1480000 Pile T 1.00 
10 1480000 PS P0 Idle "" 
10 1480000 PS P0 Tr "b42" 
11 1480000 P1 1_0_b42 "10000" TTP C
12 1480000 P0 1_0_b42 "10000" TTP C
10 1490000 PS P0 Exec "a24*b42" 
17 1500000 Pile T 1.00 
10 1500000 PS P1 Idle "" 
10 1500000 PS P1 Tr "a14" 
11 1500000 P0 0_1_a14 "10000" TTP C
12 1500000 P1 0_1_a14 "10000" TTP C
10 1510000 PS P1 Exec "a14*b42" 
17 1660000 Pile T 1.00 
10 1660000 PS P2 Idle "" 
10 1660000 PS P2 Tr "a23" 
11 1660000 P4 4_2_a23 "10000" TTP C
12 1660000 P2 4_2_a23 "10000" TTP C
17 1660000 Pile T 1.00 
10 1660000 PS P3 Idle "" 
10 1660000 PS P3 Tr "a43" 
11 1660000 P0 0_3_a43 "10000" TTP C
12 1660000 P3 0_3_a43 "10000" TTP C
17 1660000 Pile T 1.00 
10 1660000 PS P4 Idle "" 
10 1660000 PS P4 Tr "a33" 
11 1660000 P2 2_4_a33 "10000" TTP C
12 1660000 P4 2_4_a33 "10000" TTP C
17 1660000 Pile T 1.00 
10 1660000 PS P5 Idle "" 
10 1660000 PS P5 Tr "b32" 
11 1660000 P0 0_5_b32 "10000" TTP C
12 1660000 P5 0_5_b32 "10000" TTP C
10 1670000 PS P2 Tr "b32" 
11 1670000 P0 0_2_b32 "10000" TTP C
12 1670000 P2 0_2_b32 "10000" TTP C
10 1670000 PS P3 Tr "b32" 
11 1670000 P0 0_3_b32 "10000" TTP C
12 1670000 P3 0_3_b32 "10000" TTP C
10 1670000 PS P4 Tr "b32" 
11 1670000 P0 0_4_b32 "10000" TTP C
12 1670000 P4 0_4_b32 "10000" TTP C
10 1670000 PS P5 Tr "a13" 
11 1670000 P0 0_5_a13 "10000" TTP C
12 1670000 P5 0_5_a13 "10000" TTP C
10 1680000 PS P2 Exec "a23*b32" 
10 1680000 PS P3 Exec "a43*b32" 
10 1680000 PS P4 Exec "a33*b32" 
10 1680000 PS P5 Exec "a13*b32" 
17 2490000 Pile T 1.00 
10 2490000 PS P0 Idle "" 
10 2490000 PS P0 Tr "b14" 
11 2490000 P1 1_0_b14 "10000" TTP C
12 2490000 P0 1_0_b14 "10000" TTP C
10 2500000 PS P0 Exec "a41*b14" 
17 2510000 Pile T 1.00 
10 2510000 PS P1 Idle "" 
10 2510000 PS P1 Tr "a31" 
11 2510000 P0 0_1_a31 "10000" TTP C
12 2510000 P1 0_1_a31 "10000" TTP C
10 2520000 PS P1 Exec "a31*b14" 
17 2680000 Pile T 1.00 
10 2680000 PS P2 Idle "" 
10 2680000 PS P2 Tr "b14" 
11 2680000 P1 1_2_b14 "10000" TTP C
12 2680000 P2 1_2_b14 "10000" TTP C
17 2680000 Pile T 1.00 
10 2680000 PS P3 Idle "" 
10 2680000 PS P3 Tr "b14" 
11 2680000 P1 1_3_b14 "10000" TTP C
12 2680000 P3 1_3_b14 "10000" TTP C
17 2680000 Pile T 1.00 
10 2680000 PS P4 Idle "" 
10 2680000 PS P4 Tr "a11" 
11 2680000 P0 0_4_a11 "10000" TTP C
12 2680000 P4 0_4_a11 "10000" TTP C
17 2680000 Pile T 1.00 
10 2680000 PS P5 Idle "" 
10 2680000 PS P5 Tr "b11" 
11 2680000 P0 0_5_b11 "10000" TTP C
12 2680000 P5 0_5_b11 "10000" TTP C
10 2690000 PS P2 Tr "a11" 
11 2690000 P0 0_2_a11 "10000" TTP C
12 2690000 P2 0_2_a11 "10000" TTP C
10 2690000 PS P3 Tr "a21" 
11 2690000 P0 0_3_a21 "10000" TTP C
12 2690000 P3 0_3_a21 "10000" TTP C
10 2690000 PS P4 Tr "b11" 
11 2690000 P0 0_4_b11 "10000" TTP C
12 2690000 P4 0_4_b11 "10000" TTP C
10 2690000 PS P5 Tr "a31" 
11 2690000 P0 0_5_a31 "10000" TTP C
12 2690000 P5 0_5_a31 "10000" TTP C
10 2700000 PS P2 Exec "a11*b14" 
10 2700000 PS P3 Exec "a21*b14" 
10 2700000 PS P4 Exec "a11*b11" 
10 2700000 PS P5 Exec "a31*b11" 
17 3500000 Pile T 1.00 
10 3500000 PS P0 Idle "" 
10 3500000 PS P0 Exec "a41*b11" 
17 3520000 Pile T 1.00 
10 3520000 PS P1 Idle "" 
10 3520000 PS P1 Tr "b11" 
11 3520000 P0 0_1_b11 "10000" TTP C
12 3520000 P1 0_1_b11 "10000" TTP C
10 3530000 PS P1 Tr "a21" 
11 3530000 P0 0_1_a21 "10000" TTP C
12 3530000 P1 0_1_a21 "10000" TTP C
10 3540000 PS P1 Exec "a21*b11" 
17 3700000 Pile T 1.00 
10 3700000 PS P2 Idle "" 
10 3700000 PS P2 Tr "a42" 
11 3700000 P0 0_2_a42 "10000" TTP C
12 3700000 P2 0_2_a42 "10000" TTP C
17 3700000 Pile T 1.00 
10 3700000 PS P3 Idle "" 
10 3700000 PS P3 Tr "b23" 
11 3700000 P1 1_3_b23 "10000" TTP C
12 3700000 P3 1_3_b23 "10000" TTP C
17 3700000 Pile T 1.00 
10 3700000 PS P4 Idle "" 
10 3700000 PS P4 Tr "b23" 
11 3700000 P1 1_4_b23 "10000" TTP C
12 3700000 P4 1_4_b23 "10000" TTP C
17 3700000 Pile T 1.00 
10 3700000 PS P5 Idle "" 
10 3700000 PS P5 Tr "b23" 
11 3700000 P1 1_5_b23 "10000" TTP C
12 3700000 P5 1_5_b23 "10000" TTP C
10 3710000 PS P2 Tr "b23" 
11 3710000 P1 1_2_b23 "10000" TTP C
12 3710000 P2 1_2_b23 "10000" TTP C
10 3710000 PS P3 Tr "a22" 
11 3710000 P1 1_3_a22 "10000" TTP C
12 3710000 P3 1_3_a22 "10000" TTP C
10 3710000 PS P4 Tr "a12" 
11 3710000 P5 5_4_a12 "10000" TTP C
12 3710000 P4 5_4_a12 "10000" TTP C
10 3710000 PS P5 Tr "a32" 
11 3710000 P0 0_5_a32 "10000" TTP C
12 3710000 P5 0_5_a32 "10000" TTP C
10 3720000 PS P2 Exec "a42*b23" 
10 3720000 PS P3 Exec "a22*b23" 
10 3720000 PS P4 Exec "a12*b23" 
10 3720000 PS P5 Exec "a32*b23" 
17 4500000 Pile T 1.00 
10 4500000 PS P0 Idle "" 
10 4500000 PS P0 Tr "a12" 
11 4500000 P5 5_0_a12 "10000" TTP C
12 4500000 P0 5_0_a12 "10000" TTP C
10 4510000 PS P0 Exec "a12*b21" 
17 4540000 Pile T 1.00 
10 4540000 PS P1 Idle "" 
10 4540000 PS P1 Tr "b21" 
11 4540000 P0 0_1_b21 "10000" TTP C
12 4540000 P1 0_1_b21 "10000" TTP C
10 4550000 PS P1 Exec "a22*b21" 
17 4720000 Pile T 1.00 
10 4720000 PS P2 Idle "" 
10 4720000 PS P2 Tr "b21" 
11 4720000 P0 0_2_b21 "10000" TTP C
12 4720000 P2 0_2_b21 "10000" TTP C
17 4720000 Pile T 1.00 
10 4720000 PS P3 Idle "" 
10 4720000 PS P3 Tr "a42" 
11 4720000 P0 0_3_a42 "10000" TTP C
12 4720000 P3 0_3_a42 "10000" TTP C
17 4720000 Pile T 1.00 
10 4720000 PS P4 Idle "" 
10 4720000 PS P4 Tr "b41" 
11 4720000 P1 1_4_b41 "10000" TTP C
12 4720000 P4 1_4_b41 "10000" TTP C
17 4720000 Pile T 1.00 
10 4720000 PS P5 Idle "" 
10 4720000 PS P5 Tr "b41" 
11 4720000 P1 1_5_b41 "10000" TTP C
12 4720000 P5 1_5_b41 "10000" TTP C
10 4730000 PS P2 Tr "a32" 
11 4730000 P0 0_2_a32 "10000" TTP C
12 4730000 P2 0_2_a32 "10000" TTP C
10 4730000 PS P3 Tr "b21" 
11 4730000 P0 0_3_b21 "10000" TTP C
12 4730000 P3 0_3_b21 "10000" TTP C
10 4730000 PS P4 Tr "a24" 
11 4730000 P0 0_4_a24 "10000" TTP C
12 4730000 P4 0_4_a24 "10000" TTP C
10 4730000 PS P5 Exec "a44*b41" 
10 4740000 PS P2 Exec "a32*b21" 
10 4740000 PS P3 Exec "a42*b21" 
10 4740000 PS P4 Exec "a24*b41" 
17 5510000 Pile T 1.00 
16 5510000 Pile T 1.00 
10 5510000 PS P0 Idle "" 
10 5510000 PS P0 Tr "b41" 
11 5510000 P1 1_0_b41 "10000" TTP C
12 5510000 P0 1_0_b41 "10000" TTP C
10 5520000 PS P0 Tr "a34" 
11 5520000 P3 3_0_a34 "10000" TTP C
12 5520000 P0 3_0_a34 "10000" TTP C
10 5530000 PS P0 Exec "a34*b41" 
17 5550000 Pile T 1.00 
16 5550000 Pile T 1.00 
10 5550000 PS P1 Idle "" 
10 5550000 PS P1 Exec "a14*b41" 
17 5730000 Pile T 1.00 
10 5730000 PS P5 Idle "" 
10 5730000 PS P5 Tr "a33" 
11 5730000 P2 2_5_a33 "10000" TTP C
12 5730000 P5 2_5_a33 "10000" TTP C
17 5740000 Pile T 1.00 
16 5740000 Pile T 1.00 
10 5740000 PS P2 Idle "" 
10 5740000 PS P2 Tr "b33" 
11 5740000 P0 0_2_b33 "10000" TTP C
12 5740000 P2 0_2_b33 "10000" TTP C
17 5740000 Pile T 1.00 
16 5740000 Pile T 1.00 
10 5740000 PS P3 Idle "" 
10 5740000 PS P3 Tr "b33" 
11 5740000 P0 0_3_b33 "10000" TTP C
12 5740000 P3 0_3_b33 "10000" TTP C
17 5740000 Pile T 1.00 
10 5740000 PS P4 Idle "" 
10 5740000 PS P4 Tr "b33" 
11 5740000 P0 0_4_b33 "10000" TTP C
12 5740000 P4 0_4_b33 "10000" TTP C
10 5740000 PS P5 Tr "b33" 
11 5740000 P0 0_5_b33 "10000" TTP C
12 5740000 P5 0_5_b33 "10000" TTP C
10 5750000 PS P2 Exec "a23*b33" 
10 5750000 PS P3 Tr "a13" 
11 5750000 P0 0_3_a13 "10000" TTP C
12 5750000 P3 0_3_a13 "10000" TTP C
10 5750000 PS P4 Tr "a43" 
11 5750000 P0 0_4_a43 "10000" TTP C
12 5750000 P4 0_4_a43 "10000" TTP C
10 5750000 PS P5 Exec "a33*b33" 
10 5760000 PS P3 Exec "a13*b33" 
10 5760000 PS P4 Exec "a43*b33" 
17 6530000 Pile T 1.00 
10 6530000 PS P0 Idle "" 
10 6530000 PS P0 Tr "b43" 
11 6530000 P1 1_0_b43 "10000" TTP C
12 6530000 P0 1_0_b43 "10000" TTP C
10 6540000 PS P0 Exec "a34*b43" 
17 6550000 Pile T 1.00 
10 6550000 PS P1 Idle "" 
10 6550000 PS P1 Tr "a44" 
11 6550000 P0 0_1_a44 "10000" TTP C
12 6550000 P1 0_1_a44 "10000" TTP C
10 6560000 PS P1 Exec "a44*b43" 
17 6750000 Pile T 1.00 
10 6750000 PS P2 Idle "" 
10 6750000 PS P2 Tr "a24" 
11 6750000 P0 0_2_a24 "10000" TTP C
12 6750000 P2 0_2_a24 "10000" TTP C
17 6750000 Pile T 1.00 
10 6750000 PS P5 Idle "" 
10 6750000 PS P5 Tr "b43" 
11 6750000 P1 1_5_b43 "10000" TTP C
12 6750000 P5 1_5_b43 "10000" TTP C
17 6760000 Pile T 1.00 
10 6760000 PS P3 Idle "" 
10 6760000 PS P3 Tr "b34" 
11 6760000 P0 0_3_b34 "10000" TTP C
12 6760000 P3 0_3_b34 "10000" TTP C
17 6760000 Pile T 1.00 
10 6760000 PS P4 Idle "" 
10 6760000 PS P4 Tr "b34" 
11 6760000 P0 0_4_b34 "10000" TTP C
12 6760000 P4 0_4_b34 "10000" TTP C
10 6760000 PS P2 Tr "b43" 
11 6760000 P1 1_2_b43 "10000" TTP C
12 6760000 P2 1_2_b43 "10000" TTP C
10 6760000 PS P5 Tr "a14" 
11 6760000 P0 0_5_a14 "10000" TTP C
12 6760000 P5 0_5_a14 "10000" TTP C
10 6770000 PS P3 Exec "a13*b34" 
10 6770000 PS P4 Exec "a33*b34" 
10 6770000 PS P2 Exec "a24*b43" 
10 6770000 PS P5 Exec "a14*b43" 
17 7540000 Pile T 1.00 
10 7540000 PS P0 Idle "" 
10 7540000 PS P0 Exec "a43*b34" 
17 7560000 Pile T 1.00 
10 7560000 PS P1 Idle "" 
10 7560000 PS P1 Tr "b34" 
11 7560000 P0 0_1_b34 "10000" TTP C
12 7560000 P1 0_1_b34 "10000" TTP C
10 7570000 PS P1 Tr "a23" 
11 7570000 P4 4_1_a23 "10000" TTP C
12 7570000 P1 4_1_a23 "10000" TTP C
10 7580000 PS P1 Exec "a23*b34" 
17 7770000 Pile T 1.00 
10 7770000 PS P3 Idle "" 
10 7770000 PS P3 Tr "b13" 
11 7770000 P1 1_3_b13 "10000" TTP C
12 7770000 P3 1_3_b13 "10000" TTP C
17 7770000 Pile T 1.00 
10 7770000 PS P4 Idle "" 
10 7770000 PS P4 Tr "b13" 
11 7770000 P1 1_4_b13 "10000" TTP C
12 7770000 P4 1_4_b13 "10000" TTP C
17 7770000 Pile T 1.00 
10 7770000 PS P2 Idle "" 
10 7770000 PS P2 Tr "a41" 
11 7770000 P0 0_2_a41 "10000" TTP C
12 7770000 P2 0_2_a41 "10000" TTP C
17 7770000 Pile T 1.00 
10 7770000 PS P5 Idle "" 
10 7770000 PS P5 Tr "b13" 
11 7770000 P1 1_5_b13 "10000" TTP C
12 7770000 P5 1_5_b13 "10000" TTP C
10 7780000 PS P3 Exec "a21*b13" 
10 7780000 PS P4 Exec "a11*b13" 
10 7780000 PS P2 Tr "b13" 
11 7780000 P1 1_2_b13 "10000" TTP C
12 7780000 P2 1_2_b13 "10000" TTP C
10 7780000 PS P5 Exec "a31*b13" 
10 7790000 PS P2 Exec "a41*b13" 
17 8540000 Pile T 1.00 
10 8540000 PS P0 Idle "" 
10 8540000 PS P0 Tr "b22" 
11 8540000 P2 2_0_b22 "10000" TTP C
12 8540000 P0 2_0_b22 "10000" TTP C
10 8550000 PS P0 Exec "a12*b22" 
17 8580000 Pile T 1.00 
10 8580000 PS P1 Idle "" 
10 8580000 PS P1 Tr "a32" 
11 8580000 P0 0_1_a32 "10000" TTP C
12 8580000 P1 0_1_a32 "10000" TTP C
10 8590000 PS P1 Tr "b22" 
11 8590000 P2 2_1_b22 "10000" TTP C
12 8590000 P1 2_1_b22 "10000" TTP C
10 8600000 PS P1 Exec "a32*b22" 
17 8780000 Pile T 1.00 
16 8780000 Pile T 1.00 
10 8780000 PS P3 Idle "" 
10 8780000 PS P3 Tr "b22" 
11 8780000 P2 2_3_b22 "10000" TTP C
12 8780000 P3 2_3_b22 "10000" TTP C
17 8780000 Pile T 1.00 
16 8780000 Pile T 1.00 
10 8780000 PS P4 Idle "" 
10 8780000 PS P4 Tr "a42" 
11 8780000 P0 0_4_a42 "10000" TTP C
12 8780000 P4 0_4_a42 "10000" TTP C
17 8780000 Pile T 1.00 
16 8780000 Pile T 1.00 
10 8780000 PS P5 Idle "" 
10 8780000 PS P5 Tr "b44" 
11 8780000 P3 3_5_b44 "10000" TTP C
12 8780000 P5 3_5_b44 "10000" TTP C
17 8790000 Pile T 1.00 
16 8790000 Pile T 1.00 
10 8790000 PS P2 Idle "" 
10 8790000 PS P2 Tr "b44" 
11 8790000 P3 3_2_b44 "10000" TTP C
12 8790000 P2 3_2_b44 "10000" TTP C
10 8790000 PS P3 Exec "a22*b22" 
10 8790000 PS P4 Tr "b22" 
11 8790000 P2 2_4_b22 "10000" TTP C
12 8790000 P4 2_4_b22 "10000" TTP C
10 8790000 PS P5 Exec "a14*b44" 
10 8800000 PS P2 Tr "a34" 
11 8800000 P3 3_2_a34 "10000" TTP C
12 8800000 P2 3_2_a34 "10000" TTP C
10 8800000 PS P4 Exec "a42*b22" 
10 8810000 PS P2 Exec "a34*b44" 
17 9550000 Pile T 1.00 
10 9550000 PS P0 Idle "" 
10 9550000 PS P0 Tr "b44" 
11 9550000 P3 3_0_b44 "10000" TTP C
12 9550000 P0 3_0_b44 "10000" TTP C
10 9560000 PS P0 Exec "a24*b44" 
17 9600000 Pile T 1.00 
10 9600000 PS P1 Idle "" 
10 9600000 PS P1 Tr "b44" 
11 9600000 P3 3_1_b44 "10000" TTP C
12 9600000 P1 3_1_b44 "10000" TTP C
10 9610000 PS P1 Exec "a44*b44" 
17 9790000 Pile T 1.00 
10 9790000 PS P3 Idle "" 
10 9790000 PS P3 Tr "a32" 
11 9790000 P0 0_3_a32 "10000" TTP C
12 9790000 P3 0_3_a32 "10000" TTP C
17 9790000 Pile T 1.00 
10 9790000 PS P5 Idle "" 
10 9790000 PS P5 Tr "b24" 
11 9790000 P4 4_5_b24 "10000" TTP C
12 9790000 P5 4_5_b24 "10000" TTP C
17 9800000 Pile T 1.00 
10 9800000 PS P4 Idle "" 
10 9800000 PS P4 Exec "a42*b24" 
10 9800000 PS P3 Tr "b24" 
11 9800000 P4 4_3_b24 "10000" TTP C
12 9800000 P3 4_3_b24 "10000" TTP C
10 9800000 PS P5 Tr "a22" 
11 9800000 P1 1_5_a22 "10000" TTP C
12 9800000 P5 1_5_a22 "10000" TTP C
17 9810000 Pile T 1.00 
10 9810000 PS P2 Idle "" 
10 9810000 PS P2 Tr "b24" 
11 9810000 P4 4_2_b24 "10000" TTP C
12 9810000 P2 4_2_b24 "10000" TTP C
10 9810000 PS P3 Exec "a32*b24" 
10 9810000 PS P5 Exec "a22*b24" 
10 9820000 PS P2 Tr "a12" 
11 9820000 P5 5_2_a12 "10000" TTP C
12 9820000 P2 5_2_a12 "10000" TTP C
10 9830000 PS P2 Exec "a12*b24" 
17 10560000 Pile T 1.00 
10 10560000 PS P0 Idle "" 
10 10560000 PS P0 Tr "b12" 
11 10560000 P5 5_0_b12 "10000" TTP C
12 10560000 P0 5_0_b12 "10000" TTP C
10 10570000 PS P0 Exec "a31*b12" 
17 10610000 Pile T 1.00 
10 10610000 PS P1 Idle "" 
10 10610000 PS P1 Tr "b12" 
11 10610000 P5 5_1_b12 "10000" TTP C
12 10610000 P1 5_1_b12 "10000" TTP C
10 10620000 PS P1 Tr "a11" 
11 10620000 P0 0_1_a11 "10000" TTP C
12 10620000 P1 0_1_a11 "10000" TTP C
10 10630000 PS P1 Exec "a11*b12" 
17 10800000 Pile T 1.00 
16 10800000 Pile T 1.00 
10 10800000 PS P4 Idle "" 
10 10800000 PS P4 Tr "a41" 
11 10800000 P0 0_4_a41 "10000" TTP C
12 10800000 P4 0_4_a41 "10000" TTP C
17 10810000 Pile T 1.00 
16 10810000 Pile T 1.00 
10 10810000 PS P3 Idle "" 
10 10810000 PS P3 Tr "b12" 
11 10810000 P5 5_3_b12 "10000" TTP C
12 10810000 P3 5_3_b12 "10000" TTP C
17 10810000 Pile T 1.00 
16 10810000 Pile T 1.00 
10 10810000 PS P5 Idle "" 
10 10810000 PS P5 Tr "a13*b31" 
11 10810000 P0 0_5_a13*b31 "10000" TTP C
12 10810000 P5 0_5_a13*b31 "10000" TTP C
10 10810000 PS P4 Tr "b12" 
11 10810000 P5 5_4_b12 "10000" TTP C
12 10810000 P4 5_4_b12 "10000" TTP C
10 10820000 PS P3 Exec "a21*b12" 
10 10820000 PS P5 Tr "a11*b11" 
11 10820000 P4 4_5_a11*b11 "10000" TTP C
12 10820000 P5 4_5_a11*b11 "10000" TTP C
10 10820000 PS P4 Exec "a41*b12" 
17 10830000 Pile T 1.00 
16 10830000 Pile T 1.00 
10 10830000 PS P2 Idle "" 
10 10830000 PS P2 Tr "a23*b31" 
11 10830000 P3 3_2_a23*b31 "10000" TTP C
12 10830000 P2 3_2_a23*b31 "10000" TTP C
10 10830000 PS P5 Tr "a12*b21" 
11 10830000 P0 0_5_a12*b21 "10000" TTP C
12 10830000 P5 0_5_a12*b21 "10000" TTP C
10 10840000 PS P2 Tr "a21*b11" 
11 10840000 P1 1_2_a21*b11 "10000" TTP C
12 10840000 P2 1_2_a21*b11 "10000" TTP C
10 10840000 PS P5 Exec "C11" 
10 10850000 PS P2 Tr "a22*b21" 
11 10850000 P1 1_2_a22*b21 "10000" TTP C
12 10850000 P2 1_2_a22*b21 "10000" TTP C
10 10860000 PS P2 Exec "C21" 
17 10880000 Pile T 1.00 
10 10880000 PS P5 Idle "" 
10 10880000 PS P5 Tr "a33*b31" 
11 10880000 P1 1_5_a33*b31 "10000" TTP C
12 10880000 P5 1_5_a33*b31 "10000" TTP C
10 10890000 PS P5 Tr "a32*b21" 
11 10890000 P2 2_5_a32*b21 "10000" TTP C
12 10890000 P5 2_5_a32*b21 "10000" TTP C
17 10900000 Pile T 1.00 
10 10900000 PS P2 Idle "" 
10 10900000 PS P2 Tr "a42*b21" 
11 10900000 P3 3_2_a42*b21 "10000" TTP C
12 10900000 P2 3_2_a42*b21 "10000" TTP C
10 10900000 PS P5 Exec "C31" 
10 10910000 PS P2 Tr "a41*b11" 
11 10910000 P0 0_2_a41*b11 "10000" TTP C
12 10910000 P2 0_2_a41*b11 "10000" TTP C
10 10920000 PS P2 Exec "C41" 
17 10940000 Pile T 1.00 
10 10940000 PS P5 Idle "" 
10 10940000 PS P5 Tr "a23*b33" 
11 10940000 P2 2_5_a23*b33 "10000" TTP C
12 10940000 P5 2_5_a23*b33 "10000" TTP C
10 10950000 PS P5 Tr "a21*b13" 
11 10950000 P3 3_5_a21*b13 "10000" TTP C
12 10950000 P5 3_5_a21*b13 "10000" TTP C
17 10960000 Pile T 1.00 
10 10960000 PS P2 Idle "" 
10 10960000 PS P2 Tr "a12*b23" 
11 10960000 P4 4_2_a12*b23 "10000" TTP C
12 10960000 P2 4_2_a12*b23 "10000" TTP C
10 10960000 PS P5 Tr "a22*b23" 
11 10960000 P3 3_5_a22*b23 "10000" TTP C
12 10960000 P5 3_5_a22*b23 "10000" TTP C
10 10970000 PS P2 Tr "a13*b33" 
11 10970000 P3 3_2_a13*b33 "10000" TTP C
12 10970000 P2 3_2_a13*b33 "10000" TTP C
10 10970000 PS P5 Exec "C23" 
10 10980000 PS P2 Tr "a11*b13" 
11 10980000 P4 4_2_a11*b13 "10000" TTP C
12 10980000 P2 4_2_a11*b13 "10000" TTP C
10 10990000 PS P2 Exec "C13" 
17 11010000 Pile T 1.00 
10 11010000 PS P5 Idle "" 
10 11010000 PS P5 Exec "C33" 
17 11030000 Pile T 1.00 
10 11030000 PS P2 Idle "" 
10 11030000 PS P2 Tr "a43*b33" 
11 11030000 P4 4_2_a43*b33 "10000" TTP C
12 11030000 P2 4_2_a43*b33 "10000" TTP C
10 11040000 PS P2 Exec "C43" 
17 11050000 Pile T 1.00 
10 11050000 PS P5 Idle "" 
10 11050000 PS P5 Tr "a41*b14" 
11 11050000 P0 0_5_a41*b14 "10000" TTP C
12 11050000 P5 0_5_a41*b14 "10000" TTP C
10 11060000 PS P5 Tr "a43*b34" 
11 11060000 P0 0_5_a43*b34 "10000" TTP C
12 11060000 P5 0_5_a43*b34 "10000" TTP C
10 11070000 PS P5 Tr "a42*b24" 
11 11070000 P4 4_5_a42*b24 "10000" TTP C
12 11070000 P5 4_5_a42*b24 "10000" TTP C
17 11080000 Pile T 1.00 
10 11080000 PS P2 Idle "" 
10 11080000 PS P2 Tr "a33*b34" 
11 11080000 P4 4_2_a33*b34 "10000" TTP C
12 11080000 P2 4_2_a33*b34 "10000" TTP C
10 11080000 PS P5 Exec "C44" 
10 11090000 PS P2 Tr "a32*b24" 
11 11090000 P3 3_2_a32*b24 "10000" TTP C
12 11090000 P2 3_2_a32*b24 "10000" TTP C
10 11100000 PS P2 Tr "a31*b14" 
11 11100000 P1 1_2_a31*b14 "10000" TTP C
12 11100000 P2 1_2_a31*b14 "10000" TTP C
10 11110000 PS P2 Exec "C34" 
17 11120000 Pile T 1.00 
10 11120000 PS P5 Idle "" 
10 11120000 PS P5 Tr "a23*b34" 
11 11120000 P1 1_5_a23*b34 "10000" TTP C
12 11120000 P5 1_5_a23*b34 "10000" TTP C
10 11130000 PS P5 Tr "a21*b14" 
11 11130000 P3 3_5_a21*b14 "10000" TTP C
12 11130000 P5 3_5_a21*b14 "10000" TTP C
10 11140000 PS P5 Exec "C24" 
17 11150000 Pile T 1.00 
10 11150000 PS P2 Idle "" 
10 11150000 PS P2 Tr "a13*b34" 
11 11150000 P3 3_2_a13*b34 "10000" TTP C
12 11150000 P2 3_2_a13*b34 "10000" TTP C
10 11160000 PS P2 Exec "C14" 
17 11180000 Pile T 1.00 
10 11180000 PS P5 Idle "" 
17 11200000 Pile T 1.00 
10 11200000 PS P2 Idle "" 
17 11570000 Pile T 1.00 
16 11570000 Pile T 1.00 
10 11570000 PS P0 Idle "" 
10 11570000 PS P0 Tr "a32*b22" 
11 11570000 P1 1_0_a32*b22 "10000" TTP C
12 11570000 P0 1_0_a32*b22 "10000" TTP C
10 11580000 PS P0 Tr "a33*b32" 
11 11580000 P4 4_0_a33*b32 "10000" TTP C
12 11580000 P0 4_0_a33*b32 "10000" TTP C
10 11590000 PS P0 Exec "C32" 
17 11630000 Pile T 1.00 
16 11630000 Pile T 1.00 
10 11630000 PS P1 Idle "" 
10 11630000 PS P1 Tr "a13*b32" 
11 11630000 P5 5_1_a13*b32 "10000" TTP C
12 11630000 P1 5_1_a13*b32 "10000" TTP C
17 11630000 Pile T 1.00 
10 11630000 PS P0 Idle "" 
10 11640000 PS P1 Tr "a12*b22" 
11 11640000 P0 0_1_a12*b22 "10000" TTP C
12 11640000 P1 0_1_a12*b22 "10000" TTP C
10 11650000 PS P1 Exec "C12" 
17 11690000 Pile T 1.00 
10 11690000 PS P1 Idle "" 
17 11820000 Pile T 1.00 
16 11820000 Pile T 1.00 
10 11820000 PS P3 Idle "" 
10 11820000 PS P3 Tr "a23*b32" 
11 11820000 P2 2_3_a23*b32 "10000" TTP C
12 11820000 P3 2_3_a23*b32 "10000" TTP C
17 11820000 Pile T 1.00 
16 11820000 Pile T 1.00 
10 11820000 PS P4 Idle "" 
10 11820000 PS P4 Tr "a43*b32" 
11 11820000 P3 3_4_a43*b32 "10000" TTP C
12 11820000 P4 3_4_a43*b32 "10000" TTP C
10 11830000 PS P3 Exec "C22" 
10 11830000 PS P4 Exec "C42" 
17 11870000 Pile T 1.00 
10 11870000 PS P3 Idle "" 
17 11870000 Pile T 1.00 
16 11870000 Pile T 1.00 
10 11870000 PS P4 Idle "" 
10 11870000 PS P4 Tr "C11" 
11 11870000 P5 5_4_C11 "10000" TTP C
12 11870000 P4 5_4_C11 "10000" TTP C
10 11880000 PS P4 Tr "C13" 
11 11880000 P2 2_4_C13 "10000" TTP C
12 11880000 P4 2_4_C13 "10000" TTP C
10 11890000 PS P4 Tr "C21" 
11 11890000 P2 2_4_C21 "10000" TTP C
12 11890000 P4 2_4_C21 "10000" TTP C
10 11900000 PS P4 Tr "C44" 
11 11900000 P5 5_4_C44 "10000" TTP C
12 11900000 P4 5_4_C44 "10000" TTP C
10 11910000 PS P4 Tr "C33" 
11 11910000 P5 5_4_C33 "10000" TTP C
12 11910000 P4 5_4_C33 "10000" TTP C
10 11920000 PS P4 Tr "C43" 
11 11920000 P2 2_4_C43 "10000" TTP C
12 11920000 P4 2_4_C43 "10000" TTP C
10 11930000 PS P4 Tr "C31" 
11 11930000 P5 5_4_C31 "10000" TTP C
12 11930000 P4 5_4_C31 "10000" TTP C
10 11940000 PS P4 Tr "C12" 
11 11940000 P1 1_4_C12 "10000" TTP C
12 11940000 P4 1_4_C12 "10000" TTP C
10 11950000 PS P4 Tr "C23" 
11 11950000 P5 5_4_C23 "10000" TTP C
12 11950000 P4 5_4_C23 "10000" TTP C
10 11960000 PS P4 Tr "C32" 
11 11960000 P0 0_4_C32 "10000" TTP C
12 11960000 P4 0_4_C32 "10000" TTP C
10 11970000 PS P4 Tr "C22" 
11 11970000 P3 3_4_C22 "10000" TTP C
12 11970000 P4 3_4_C22 "10000" TTP C
10 11980000 PS P4 Tr "C14" 
11 11980000 P2 2_4_C14 "10000" TTP C
12 11980000 P4 2_4_C14 "10000" TTP C
10 11990000 PS P4 Tr "C41" 
11 11990000 P2 2_4_C41 "10000" TTP C
12 11990000 P4 2_4_C41 "10000" TTP C
10 12000000 PS P4 Tr "C34" 
11 12000000 P2 2_4_C34 "10000" TTP C
12 12000000 P4 2_4_C34 "10000" TTP C
10 12010000 PS P4 Tr "C24" 
11 12010000 P5 5_4_C24 "10000" TTP C
12 12010000 P4 5_4_C24 "10000" TTP C
10 12020000 PS P4 Exec "Fusion" 
17 12340000 Pile T 1.00 
10 12340000 PS P4 Idle "" 
8 12340000 Pile PL
8 12340000 P4 Pr
8 12340000 P3 Pr
8 12340000 P1 Pr
8 12340000 P0 Pr
8 12340000 P2 Pr
8 12340000 P5 Pr
8 12340000 TTP P
