%EventDef PajeDefineContainerType 1
% Alias string
% ContainerType string
% Name string
%EndEventDef
%EventDef PajeDefineStateType 3
% Alias string
% ContainerType string
% Name string
%EndEventDef
%EventDef PajeDefineLinkType 4
% Name string
% ContainerType string
% SourceContainerType string
% DestContainerType string
% Alias string
%EndEventDef
%EventDef PajeDefineEntityValue 6
% Alias string
% EntityType string
% Name string
% Color color
%EndEventDef
%EventDef PajeCreateContainer 7
% Time date
% Alias string
% Type string
% Container string
% Name string
%EndEventDef
%EventDef PajeDestroyContainer 8
% Time date
% Name string
% Type string
%EndEventDef
%EventDef PajeSetState 10
% Time date
% Type string
% Container string
% Value string
% file string
%EndEventDef
%EventDef PajeStartLink 11
% Time date
% SourceContainer string
% Key string
% Value string
% Container string
% Type string
%EndEventDef
%EventDef PajeEndLink 12
% Time date
% DestContainer string
% Key string
% Value string
% Container string
% Type string
%EndEventDef
%EventDef PajePushState	13
% Time	date
% EntityType	string
% Container	string
% Value	string
%EndEventDef
%EventDef PajeDefineVariableType 14
% Type string
% Name string
% Color color
% Alias string
%EndEventDef
%EventDef PajeSetVariable 15
% Time date
% Container string
% Type string
% Value double
%EndEventDef
%EventDef PajeAddVariable 16
% Time date
% Container string
% Type string
% Value double
%EndEventDef
%EventDef PajeSubVariable 17
% Time date
% Container string
% Type string
% Value double
%EndEventDef
1 P 0 Program
1 Pr P Processors
1 PL P Tasks
3 PS Pr "Processor State"
3 PF Pr "Ready File"
6 Exec PS Executing "2 .0 .1"
6 Idle PS Idle "8 .3 .0"
6 TR PS Transfer "0 .3 .8"
14 PL "Task" "1 .5 .5" T
7 0 TTP P 0 "Plate-forme"
4 "Communication" P Pr Pr C
7 0 Pile PL TTP "Pile 1"
7 0 P0 Pr TTP "P 0" 
10 0 PS P0 Idle "" 
7 0 P1 Pr TTP "P 1" 
10 0 PS P1 Idle "" 
7 0 P2 Pr TTP "P 2" 
10 0 PS P2 Idle "" 
7 0 P3 Pr TTP "P 3" 
10 0 PS P3 Idle "" 
7 0 P4 Pr TTP "P 4" 
10 0 PS P4 Idle "" 
7 0 P5 Pr TTP "P 5" 
10 0 PS P5 Idle "" 
10 0 PS P0 Exec "split-b" 
10 0 PS P1 Exec "split-a" 
17 80000 Pile T 1.00 
16 80000 Pile T 1.00 
16 80000 Pile T 1.00 
16 80000 Pile T 1.00 
16 80000 Pile T 1.00 
16 80000 Pile T 1.00 
16 80000 Pile T 1.00 
16 80000 Pile T 1.00 
16 80000 Pile T 1.00 
16 80000 Pile T 1.00 
16 80000 Pile T 1.00 
16 80000 Pile T 1.00 
16 80000 Pile T 1.00 
16 80000 Pile T 1.00 
16 80000 Pile T 1.00 
16 80000 Pile T 1.00 
16 80000 Pile T 1.00 
10 80000 PS P0 Idle "" 
10 80000 PS P0 Exec "b14" 
10 80000 PS P2 Tr "split-b" 
11 80000 P0 0_2_split-b "40000" TTP C
12 80000 P2 0_2_split-b "40000" TTP C
10 80000 PS P3 Tr "split-b" 
11 80000 P0 0_3_split-b "40000" TTP C
12 80000 P3 0_3_split-b "40000" TTP C
10 80000 PS P4 Tr "split-b" 
11 80000 P0 0_4_split-b "40000" TTP C
12 80000 P4 0_4_split-b "40000" TTP C
10 80000 PS P5 Tr "split-b" 
11 80000 P0 0_5_split-b "40000" TTP C
12 80000 P5 0_5_split-b "40000" TTP C
17 80000 Pile T 1.00 
16 80000 Pile T 1.00 
16 80000 Pile T 1.00 
16 80000 Pile T 1.00 
16 80000 Pile T 1.00 
16 80000 Pile T 1.00 
16 80000 Pile T 1.00 
16 80000 Pile T 1.00 
16 80000 Pile T 1.00 
16 80000 Pile T 1.00 
16 80000 Pile T 1.00 
16 80000 Pile T 1.00 
16 80000 Pile T 1.00 
16 80000 Pile T 1.00 
16 80000 Pile T 1.00 
16 80000 Pile T 1.00 
16 80000 Pile T 1.00 
10 80000 PS P1 Idle "" 
10 80000 PS P1 Tr "split-b" 
11 80000 P0 0_1_split-b "40000" TTP C
12 80000 P1 0_1_split-b "40000" TTP C
17 80000 Pile T 1.00 
10 80000 PS P0 Idle "" 
10 80000 PS P0 Exec "b44" 
17 80000 Pile T 1.00 
10 80000 PS P0 Idle "" 
10 80000 PS P0 Exec "b22" 
17 80000 Pile T 1.00 
10 80000 PS P0 Idle "" 
10 80000 PS P0 Exec "b34" 
17 80000 Pile T 1.00 
10 80000 PS P0 Idle "" 
10 80000 PS P0 Exec "b24" 
17 80000 Pile T 1.00 
10 80000 PS P0 Idle "" 
10 80000 PS P0 Exec "b32" 
17 80000 Pile T 1.00 
10 80000 PS P0 Idle "" 
10 80000 PS P0 Exec "b21" 
17 80000 Pile T 1.00 
10 80000 PS P0 Idle "" 
10 80000 PS P0 Exec "b41" 
17 80000 Pile T 1.00 
10 80000 PS P0 Idle "" 
10 80000 PS P0 Exec "b12" 
17 80000 Pile T 1.00 
10 80000 PS P0 Idle "" 
10 80000 PS P0 Exec "b23" 
17 80000 Pile T 1.00 
10 80000 PS P0 Idle "" 
10 80000 PS P0 Exec "b42" 
17 80000 Pile T 1.00 
10 80000 PS P0 Idle "" 
10 80000 PS P0 Tr "split-a" 
11 80000 P1 1_0_split-a "40000" TTP C
12 80000 P0 1_0_split-a "40000" TTP C
10 120000 PS P2 Exec "b11" 
10 120000 PS P3 Exec "b13" 
10 120000 PS P4 Exec "b31" 
10 120000 PS P5 Exec "b33" 
10 120000 PS P1 Exec "b43" 
10 120000 PS P0 Exec "a43" 
17 120000 Pile T 1.00 
10 120000 PS P2 Idle "" 
10 120000 PS P2 Tr "split-a" 
11 120000 P1 1_2_split-a "40000" TTP C
12 120000 P2 1_2_split-a "40000" TTP C
17 120000 Pile T 1.00 
10 120000 PS P3 Idle "" 
10 120000 PS P3 Tr "split-a" 
11 120000 P1 1_3_split-a "40000" TTP C
12 120000 P3 1_3_split-a "40000" TTP C
17 120000 Pile T 1.00 
10 120000 PS P4 Idle "" 
10 120000 PS P4 Tr "split-a" 
11 120000 P1 1_4_split-a "40000" TTP C
12 120000 P4 1_4_split-a "40000" TTP C
17 120000 Pile T 1.00 
10 120000 PS P5 Idle "" 
10 120000 PS P5 Tr "split-a" 
11 120000 P1 1_5_split-a "40000" TTP C
12 120000 P5 1_5_split-a "40000" TTP C
17 120000 Pile T 1.00 
10 120000 PS P1 Idle "" 
10 120000 PS P1 Exec "a13" 
17 120000 Pile T 1.00 
16 120000 Pile T 1.00 
16 120000 Pile T 1.00 
16 120000 Pile T 1.00 
16 120000 Pile T 1.00 
10 120000 PS P0 Idle "" 
10 120000 PS P0 Exec "a21" 
17 120000 Pile T 1.00 
16 120000 Pile T 1.00 
16 120000 Pile T 1.00 
16 120000 Pile T 1.00 
16 120000 Pile T 1.00 
10 120000 PS P1 Idle "" 
10 120000 PS P1 Exec "a31" 
17 120000 Pile T 1.00 
16 120000 Pile T 1.00 
16 120000 Pile T 1.00 
16 120000 Pile T 1.00 
16 120000 Pile T 1.00 
10 120000 PS P0 Idle "" 
10 120000 PS P0 Exec "a44" 
17 120000 Pile T 1.00 
16 120000 Pile T 1.00 
16 120000 Pile T 1.00 
16 120000 Pile T 1.00 
16 120000 Pile T 1.00 
10 120000 PS P1 Idle "" 
10 120000 PS P1 Exec "a33" 
17 120000 Pile T 1.00 
16 120000 Pile T 1.00 
16 120000 Pile T 1.00 
16 120000 Pile T 1.00 
16 120000 Pile T 1.00 
10 120000 PS P0 Idle "" 
10 120000 PS P0 Exec "a14" 
17 120000 Pile T 1.00 
16 120000 Pile T 1.00 
16 120000 Pile T 1.00 
16 120000 Pile T 1.00 
16 120000 Pile T 1.00 
10 120000 PS P1 Idle "" 
10 120000 PS P1 Exec "a32" 
17 120000 Pile T 1.00 
16 120000 Pile T 1.00 
16 120000 Pile T 1.00 
16 120000 Pile T 1.00 
16 120000 Pile T 1.00 
10 120000 PS P0 Idle "" 
10 120000 PS P0 Exec "a22" 
17 120000 Pile T 1.00 
16 120000 Pile T 1.00 
16 120000 Pile T 1.00 
16 120000 Pile T 1.00 
16 120000 Pile T 1.00 
10 120000 PS P1 Idle "" 
10 120000 PS P1 Exec "a11" 
17 120000 Pile T 1.00 
16 120000 Pile T 1.00 
16 120000 Pile T 1.00 
16 120000 Pile T 1.00 
16 120000 Pile T 1.00 
10 120000 PS P0 Idle "" 
10 120000 PS P0 Exec "a23" 
17 120000 Pile T 1.00 
16 120000 Pile T 1.00 
16 120000 Pile T 1.00 
16 120000 Pile T 1.00 
16 120000 Pile T 1.00 
10 120000 PS P1 Idle "" 
10 120000 PS P1 Exec "a42" 
17 120000 Pile T 1.00 
16 120000 Pile T 1.00 
16 120000 Pile T 1.00 
16 120000 Pile T 1.00 
16 120000 Pile T 1.00 
10 120000 PS P0 Idle "" 
10 120000 PS P0 Exec "a43*b32" 
17 120000 Pile T 1.00 
16 120000 Pile T 1.00 
16 120000 Pile T 1.00 
16 120000 Pile T 1.00 
16 120000 Pile T 1.00 
10 120000 PS P1 Idle "" 
10 120000 PS P1 Tr "b34" 
11 120000 P0 0_1_b34 "2500" TTP C
12 120000 P1 0_1_b34 "2500" TTP C
10 122500 PS P1 Tr "a43" 
11 122500 P0 0_1_a43 "2500" TTP C
12 122500 P1 0_1_a43 "2500" TTP C
10 125000 PS P1 Exec "a43*b34" 
10 160000 PS P2 Exec "a24" 
10 160000 PS P3 Exec "a12" 
10 160000 PS P4 Exec "a41" 
10 160000 PS P5 Exec "a34" 
17 160000 Pile T 1.00 
16 160000 Pile T 1.00 
16 160000 Pile T 1.00 
16 160000 Pile T 1.00 
16 160000 Pile T 1.00 
10 160000 PS P2 Idle "" 
10 160000 PS P2 Tr "b33" 
11 160000 P5 5_2_b33 "2500" TTP C
12 160000 P2 5_2_b33 "2500" TTP C
17 160000 Pile T 1.00 
16 160000 Pile T 1.00 
16 160000 Pile T 1.00 
16 160000 Pile T 1.00 
16 160000 Pile T 1.00 
10 160000 PS P3 Idle "" 
10 160000 PS P3 Tr "a43" 
11 160000 P0 0_3_a43 "2500" TTP C
12 160000 P3 0_3_a43 "2500" TTP C
17 160000 Pile T 1.00 
16 160000 Pile T 1.00 
16 160000 Pile T 1.00 
16 160000 Pile T 1.00 
16 160000 Pile T 1.00 
10 160000 PS P4 Idle "" 
10 160000 PS P4 Tr "a13" 
11 160000 P1 1_4_a13 "2500" TTP C
12 160000 P4 1_4_a13 "2500" TTP C
17 160000 Pile T 1.00 
16 160000 Pile T 1.00 
16 160000 Pile T 1.00 
16 160000 Pile T 1.00 
16 160000 Pile T 1.00 
10 160000 PS P5 Idle "" 
10 160000 PS P5 Tr "a13" 
11 160000 P1 1_5_a13 "2500" TTP C
12 160000 P5 1_5_a13 "2500" TTP C
10 162500 PS P2 Tr "a43" 
11 162500 P0 0_2_a43 "2500" TTP C
12 162500 P2 0_2_a43 "2500" TTP C
10 162500 PS P3 Tr "b31" 
11 162500 P4 4_3_b31 "2500" TTP C
12 162500 P3 4_3_b31 "2500" TTP C
10 162500 PS P4 Tr "b34" 
11 162500 P0 0_4_b34 "2500" TTP C
12 162500 P4 0_4_b34 "2500" TTP C
10 162500 PS P5 Tr "b32" 
11 162500 P0 0_5_b32 "2500" TTP C
12 162500 P5 0_5_b32 "2500" TTP C
10 165000 PS P2 Exec "a43*b33" 
10 165000 PS P3 Exec "a43*b31" 
10 165000 PS P4 Exec "a13*b34" 
10 165000 PS P5 Exec "a13*b32" 
17 245000 Pile T 1.00 
10 245000 PS P0 Idle "" 
10 245000 PS P0 Tr "b33" 
11 245000 P5 5_0_b33 "2500" TTP C
12 245000 P0 5_0_b33 "2500" TTP C
10 247500 PS P0 Tr "a13" 
11 247500 P1 1_0_a13 "2500" TTP C
12 247500 P0 1_0_a13 "2500" TTP C
17 250000 Pile T 1.00 
10 250000 PS P1 Idle "" 
10 250000 PS P1 Tr "b31" 
11 250000 P4 4_1_b31 "2500" TTP C
12 250000 P1 4_1_b31 "2500" TTP C
10 250000 PS P0 Exec "a13*b33" 
10 252500 PS P1 Exec "a13*b31" 
17 290000 Pile T 1.00 
10 290000 PS P2 Idle "" 
10 290000 PS P2 Tr "a21" 
11 290000 P0 0_2_a21 "2500" TTP C
12 290000 P2 0_2_a21 "2500" TTP C
17 290000 Pile T 1.00 
10 290000 PS P3 Idle "" 
10 290000 PS P3 Tr "b14" 
11 290000 P0 0_3_b14 "2500" TTP C
12 290000 P3 0_3_b14 "2500" TTP C
17 290000 Pile T 1.00 
10 290000 PS P4 Idle "" 
10 290000 PS P4 Tr "b11" 
11 290000 P2 2_4_b11 "2500" TTP C
12 290000 P4 2_4_b11 "2500" TTP C
17 290000 Pile T 1.00 
10 290000 PS P5 Idle "" 
10 290000 PS P5 Tr "a21" 
11 290000 P0 0_5_a21 "2500" TTP C
12 290000 P5 0_5_a21 "2500" TTP C
10 292500 PS P2 Tr "b12" 
11 292500 P0 0_2_b12 "2500" TTP C
12 292500 P2 0_2_b12 "2500" TTP C
10 292500 PS P3 Tr "a21" 
11 292500 P0 0_3_a21 "2500" TTP C
12 292500 P3 0_3_a21 "2500" TTP C
10 292500 PS P4 Tr "a21" 
11 292500 P0 0_4_a21 "2500" TTP C
12 292500 P4 0_4_a21 "2500" TTP C
10 292500 PS P5 Tr "b13" 
11 292500 P3 3_5_b13 "2500" TTP C
12 292500 P5 3_5_b13 "2500" TTP C
10 295000 PS P2 Exec "a21*b12" 
10 295000 PS P3 Exec "a21*b14" 
10 295000 PS P4 Exec "a21*b11" 
10 295000 PS P5 Exec "a21*b13" 
17 375000 Pile T 1.00 
10 375000 PS P0 Idle "" 
10 375000 PS P0 Tr "a31" 
11 375000 P1 1_0_a31 "2500" TTP C
12 375000 P0 1_0_a31 "2500" TTP C
17 377500 Pile T 1.00 
10 377500 PS P1 Idle "" 
10 377500 PS P1 Tr "b11" 
11 377500 P2 2_1_b11 "2500" TTP C
12 377500 P1 2_1_b11 "2500" TTP C
10 377500 PS P0 Exec "a31*b14" 
10 380000 PS P1 Exec "a31*b11" 
17 420000 Pile T 1.00 
10 420000 PS P2 Idle "" 
10 420000 PS P2 Tr "a31" 
11 420000 P1 1_2_a31 "2500" TTP C
12 420000 P2 1_2_a31 "2500" TTP C
17 420000 Pile T 1.00 
10 420000 PS P3 Idle "" 
10 420000 PS P3 Tr "a31" 
11 420000 P1 1_3_a31 "2500" TTP C
12 420000 P3 1_3_a31 "2500" TTP C
17 420000 Pile T 1.00 
10 420000 PS P4 Idle "" 
10 420000 PS P4 Tr "b42" 
11 420000 P0 0_4_b42 "2500" TTP C
12 420000 P4 0_4_b42 "2500" TTP C
17 420000 Pile T 1.00 
10 420000 PS P5 Idle "" 
10 420000 PS P5 Tr "b44" 
11 420000 P0 0_5_b44 "2500" TTP C
12 420000 P5 0_5_b44 "2500" TTP C
10 422500 PS P2 Exec "a31*b12" 
10 422500 PS P3 Exec "a31*b13" 
10 422500 PS P4 Tr "a44" 
11 422500 P0 0_4_a44 "2500" TTP C
12 422500 P4 0_4_a44 "2500" TTP C
10 422500 PS P5 Tr "a44" 
11 422500 P0 0_5_a44 "2500" TTP C
12 422500 P5 0_5_a44 "2500" TTP C
10 425000 PS P4 Exec "a44*b42" 
10 425000 PS P5 Exec "a44*b44" 
17 502500 Pile T 1.00 
10 502500 PS P0 Idle "" 
10 502500 PS P0 Exec "a44*b41" 
17 505000 Pile T 1.00 
10 505000 PS P1 Idle "" 
10 505000 PS P1 Tr "a44" 
11 505000 P0 0_1_a44 "2500" TTP C
12 505000 P1 0_1_a44 "2500" TTP C
10 507500 PS P1 Exec "a44*b43" 
17 547500 Pile T 1.00 
10 547500 PS P2 Idle "" 
10 547500 PS P2 Tr "a33" 
11 547500 P1 1_2_a33 "2500" TTP C
12 547500 P2 1_2_a33 "2500" TTP C
17 547500 Pile T 1.00 
10 547500 PS P3 Idle "" 
10 547500 PS P3 Tr "a33" 
11 547500 P1 1_3_a33 "2500" TTP C
12 547500 P3 1_3_a33 "2500" TTP C
17 550000 Pile T 1.00 
10 550000 PS P4 Idle "" 
10 550000 PS P4 Tr "a33" 
11 550000 P1 1_4_a33 "2500" TTP C
12 550000 P4 1_4_a33 "2500" TTP C
17 550000 Pile T 1.00 
10 550000 PS P5 Idle "" 
10 550000 PS P5 Tr "a33" 
11 550000 P1 1_5_a33 "2500" TTP C
12 550000 P5 1_5_a33 "2500" TTP C
10 550000 PS P2 Tr "b32" 
11 550000 P0 0_2_b32 "2500" TTP C
12 550000 P2 0_2_b32 "2500" TTP C
10 550000 PS P3 Tr "b34" 
11 550000 P0 0_3_b34 "2500" TTP C
12 550000 P3 0_3_b34 "2500" TTP C
10 552500 PS P4 Exec "a33*b31" 
10 552500 PS P5 Exec "a33*b33" 
10 552500 PS P2 Exec "a33*b32" 
10 552500 PS P3 Exec "a33*b34" 
17 627500 Pile T 1.00 
10 627500 PS P0 Idle "" 
10 627500 PS P0 Exec "a14*b42" 
17 632500 Pile T 1.00 
10 632500 PS P1 Idle "" 
10 632500 PS P1 Tr "a14" 
11 632500 P0 0_1_a14 "2500" TTP C
12 632500 P1 0_1_a14 "2500" TTP C
10 635000 PS P1 Exec "a14*b43" 
17 677500 Pile T 1.00 
10 677500 PS P4 Idle "" 
10 677500 PS P4 Tr "a14" 
11 677500 P0 0_4_a14 "2500" TTP C
12 677500 P4 0_4_a14 "2500" TTP C
17 677500 Pile T 1.00 
10 677500 PS P5 Idle "" 
10 677500 PS P5 Tr "a14" 
11 677500 P0 0_5_a14 "2500" TTP C
12 677500 P5 0_5_a14 "2500" TTP C
17 677500 Pile T 1.00 
10 677500 PS P2 Idle "" 
10 677500 PS P2 Tr "b21" 
11 677500 P0 0_2_b21 "2500" TTP C
12 677500 P2 0_2_b21 "2500" TTP C
17 677500 Pile T 1.00 
10 677500 PS P3 Idle "" 
10 677500 PS P3 Tr "b22" 
11 677500 P0 0_3_b22 "2500" TTP C
12 677500 P3 0_3_b22 "2500" TTP C
10 680000 PS P4 Tr "b41" 
11 680000 P0 0_4_b41 "2500" TTP C
12 680000 P4 0_4_b41 "2500" TTP C
10 680000 PS P5 Exec "a14*b44" 
10 680000 PS P2 Tr "a32" 
11 680000 P1 1_2_a32 "2500" TTP C
12 680000 P2 1_2_a32 "2500" TTP C
10 680000 PS P3 Tr "a32" 
11 680000 P1 1_3_a32 "2500" TTP C
12 680000 P3 1_3_a32 "2500" TTP C
10 682500 PS P4 Exec "a14*b41" 
10 682500 PS P2 Exec "a32*b21" 
10 682500 PS P3 Exec "a32*b22" 
17 752500 Pile T 1.00 
10 752500 PS P0 Idle "" 
10 752500 PS P0 Tr "a32" 
11 752500 P1 1_0_a32 "2500" TTP C
12 752500 P0 1_0_a32 "2500" TTP C
10 755000 PS P0 Exec "a32*b24" 
17 760000 Pile T 1.00 
10 760000 PS P1 Idle "" 
10 760000 PS P1 Tr "b23" 
11 760000 P0 0_1_b23 "2500" TTP C
12 760000 P1 0_1_b23 "2500" TTP C
10 762500 PS P1 Exec "a32*b23" 
17 805000 Pile T 1.00 
10 805000 PS P5 Idle "" 
10 805000 PS P5 Tr "a22" 
11 805000 P0 0_5_a22 "2500" TTP C
12 805000 P5 0_5_a22 "2500" TTP C
17 807500 Pile T 1.00 
10 807500 PS P4 Idle "" 
10 807500 PS P4 Tr "b21" 
11 807500 P0 0_4_b21 "2500" TTP C
12 807500 P4 0_4_b21 "2500" TTP C
17 807500 Pile T 1.00 
16 807500 Pile T 1.00 
10 807500 PS P2 Idle "" 
10 807500 PS P2 Tr "b22" 
11 807500 P0 0_2_b22 "2500" TTP C
12 807500 P2 0_2_b22 "2500" TTP C
17 807500 Pile T 1.00 
16 807500 Pile T 1.00 
10 807500 PS P3 Idle "" 
10 807500 PS P3 Tr "b23" 
11 807500 P0 0_3_b23 "2500" TTP C
12 807500 P3 0_3_b23 "2500" TTP C
10 807500 PS P5 Tr "b24" 
11 807500 P0 0_5_b24 "2500" TTP C
12 807500 P5 0_5_b24 "2500" TTP C
10 810000 PS P4 Tr "a22" 
11 810000 P0 0_4_a22 "2500" TTP C
12 810000 P4 0_4_a22 "2500" TTP C
10 810000 PS P2 Tr "a22" 
11 810000 P0 0_2_a22 "2500" TTP C
12 810000 P2 0_2_a22 "2500" TTP C
10 810000 PS P3 Tr "a22" 
11 810000 P0 0_3_a22 "2500" TTP C
12 810000 P3 0_3_a22 "2500" TTP C
10 810000 PS P5 Exec "a22*b24" 
10 812500 PS P4 Exec "a22*b21" 
10 812500 PS P2 Exec "a22*b22" 
10 812500 PS P3 Exec "a22*b23" 
17 880000 Pile T 1.00 
16 880000 Pile T 1.00 
10 880000 PS P0 Idle "" 
10 880000 PS P0 Tr "a11" 
11 880000 P1 1_0_a11 "2500" TTP C
12 880000 P0 1_0_a11 "2500" TTP C
10 882500 PS P0 Exec "a11*b12" 
17 887500 Pile T 1.00 
16 887500 Pile T 1.00 
10 887500 PS P1 Idle "" 
10 887500 PS P1 Tr "b13" 
11 887500 P3 3_1_b13 "2500" TTP C
12 887500 P1 3_1_b13 "2500" TTP C
10 890000 PS P1 Exec "a11*b13" 
17 935000 Pile T 1.00 
10 935000 PS P5 Idle "" 
10 935000 PS P5 Tr "b11" 
11 935000 P2 2_5_b11 "2500" TTP C
12 935000 P5 2_5_b11 "2500" TTP C
17 937500 Pile T 1.00 
10 937500 PS P4 Idle "" 
10 937500 PS P4 Tr "a11" 
11 937500 P1 1_4_a11 "2500" TTP C
12 937500 P4 1_4_a11 "2500" TTP C
17 937500 Pile T 1.00 
10 937500 PS P2 Idle "" 
10 937500 PS P2 Tr "a23" 
11 937500 P0 0_2_a23 "2500" TTP C
12 937500 P2 0_2_a23 "2500" TTP C
17 937500 Pile T 1.00 
10 937500 PS P3 Idle "" 
10 937500 PS P3 Tr "a23" 
11 937500 P0 0_3_a23 "2500" TTP C
12 937500 P3 0_3_a23 "2500" TTP C
10 937500 PS P5 Tr "a11" 
11 937500 P1 1_5_a11 "2500" TTP C
12 937500 P5 1_5_a11 "2500" TTP C
10 940000 PS P4 Tr "b14" 
11 940000 P0 0_4_b14 "2500" TTP C
12 940000 P4 0_4_b14 "2500" TTP C
10 940000 PS P2 Tr "b34" 
11 940000 P0 0_2_b34 "2500" TTP C
12 940000 P2 0_2_b34 "2500" TTP C
10 940000 PS P3 Tr "b33" 
11 940000 P5 5_3_b33 "2500" TTP C
12 940000 P3 5_3_b33 "2500" TTP C
10 940000 PS P5 Exec "a11*b11" 
10 942500 PS P4 Exec "a11*b14" 
10 942500 PS P2 Exec "a23*b34" 
10 942500 PS P3 Exec "a23*b33" 
17 1007500 Pile T 1.00 
10 1007500 PS P0 Idle "" 
10 1007500 PS P0 Exec "a23*b32" 
17 1015000 Pile T 1.00 
10 1015000 PS P1 Idle "" 
10 1015000 PS P1 Tr "a23" 
11 1015000 P0 0_1_a23 "2500" TTP C
12 1015000 P1 0_1_a23 "2500" TTP C
10 1017500 PS P1 Exec "a23*b31" 
17 1065000 Pile T 1.00 
10 1065000 PS P5 Idle "" 
10 1065000 PS P5 Tr "a42" 
11 1065000 P1 1_5_a42 "2500" TTP C
12 1065000 P5 1_5_a42 "2500" TTP C
17 1067500 Pile T 1.00 
10 1067500 PS P4 Idle "" 
10 1067500 PS P4 Tr "a42" 
11 1067500 P1 1_4_a42 "2500" TTP C
12 1067500 P4 1_4_a42 "2500" TTP C
17 1067500 Pile T 1.00 
16 1067500 Pile T 1.00 
10 1067500 PS P2 Idle "" 
10 1067500 PS P2 Tr "b24" 
11 1067500 P0 0_2_b24 "2500" TTP C
12 1067500 P2 0_2_b24 "2500" TTP C
17 1067500 Pile T 1.00 
16 1067500 Pile T 1.00 
10 1067500 PS P3 Idle "" 
10 1067500 PS P3 Tr "a42" 
11 1067500 P1 1_3_a42 "2500" TTP C
12 1067500 P3 1_3_a42 "2500" TTP C
10 1067500 PS P5 Tr "b23" 
11 1067500 P0 0_5_b23 "2500" TTP C
12 1067500 P5 0_5_b23 "2500" TTP C
10 1070000 PS P4 Exec "a42*b21" 
10 1070000 PS P2 Tr "a42" 
11 1070000 P1 1_2_a42 "2500" TTP C
12 1070000 P2 1_2_a42 "2500" TTP C
10 1070000 PS P3 Exec "a42*b22" 
10 1070000 PS P5 Exec "a42*b23" 
10 1072500 PS P2 Exec "a42*b24" 
17 1132500 Pile T 1.00 
16 1132500 Pile T 1.00 
10 1132500 PS P0 Idle "" 
10 1132500 PS P0 Tr "b43" 
11 1132500 P1 1_0_b43 "2500" TTP C
12 1132500 P0 1_0_b43 "2500" TTP C
10 1135000 PS P0 Tr "a24" 
11 1135000 P2 2_0_a24 "2500" TTP C
12 1135000 P0 2_0_a24 "2500" TTP C
10 1137500 PS P0 Exec "a24*b43" 
17 1142500 Pile T 1.00 
16 1142500 Pile T 1.00 
10 1142500 PS P1 Idle "" 
10 1142500 PS P1 Tr "b41" 
11 1142500 P0 0_1_b41 "2500" TTP C
12 1142500 P1 0_1_b41 "2500" TTP C
10 1145000 PS P1 Tr "a24" 
11 1145000 P2 2_1_a24 "2500" TTP C
12 1145000 P1 2_1_a24 "2500" TTP C
10 1147500 PS P1 Exec "a24*b41" 
17 1195000 Pile T 1.00 
10 1195000 PS P4 Idle "" 
10 1195000 PS P4 Tr "b44" 
11 1195000 P0 0_4_b44 "2500" TTP C
12 1195000 P4 0_4_b44 "2500" TTP C
17 1195000 Pile T 1.00 
10 1195000 PS P3 Idle "" 
10 1195000 PS P3 Tr "b42" 
11 1195000 P0 0_3_b42 "2500" TTP C
12 1195000 P3 0_3_b42 "2500" TTP C
17 1195000 Pile T 1.00 
10 1195000 PS P5 Idle "" 
10 1195000 PS P5 Tr "b22" 
11 1195000 P0 0_5_b22 "2500" TTP C
12 1195000 P5 0_5_b22 "2500" TTP C
17 1197500 Pile T 1.00 
10 1197500 PS P2 Idle "" 
10 1197500 PS P2 Tr "a12" 
11 1197500 P3 3_2_a12 "2500" TTP C
12 1197500 P2 3_2_a12 "2500" TTP C
10 1197500 PS P4 Tr "a24" 
11 1197500 P2 2_4_a24 "2500" TTP C
12 1197500 P4 2_4_a24 "2500" TTP C
10 1197500 PS P3 Tr "a24" 
11 1197500 P2 2_3_a24 "2500" TTP C
12 1197500 P3 2_3_a24 "2500" TTP C
10 1197500 PS P5 Tr "a12" 
11 1197500 P3 3_5_a12 "2500" TTP C
12 1197500 P5 3_5_a12 "2500" TTP C
10 1200000 PS P2 Exec "a12*b24" 
10 1200000 PS P4 Exec "a24*b44" 
10 1200000 PS P3 Exec "a24*b42" 
10 1200000 PS P5 Exec "a12*b22" 
17 1262500 Pile T 1.00 
10 1262500 PS P0 Idle "" 
10 1262500 PS P0 Tr "a12" 
11 1262500 P3 3_0_a12 "2500" TTP C
12 1262500 P0 3_0_a12 "2500" TTP C
10 1265000 PS P0 Exec "a12*b23" 
17 1272500 Pile T 1.00 
10 1272500 PS P1 Idle "" 
10 1272500 PS P1 Tr "a12" 
11 1272500 P3 3_1_a12 "2500" TTP C
12 1272500 P1 3_1_a12 "2500" TTP C
10 1275000 PS P1 Tr "b21" 
11 1275000 P0 0_1_b21 "2500" TTP C
12 1275000 P1 0_1_b21 "2500" TTP C
10 1277500 PS P1 Exec "a12*b21" 
17 1325000 Pile T 1.00 
16 1325000 Pile T 1.00 
10 1325000 PS P2 Idle "" 
10 1325000 PS P2 Tr "a41" 
11 1325000 P4 4_2_a41 "2500" TTP C
12 1325000 P2 4_2_a41 "2500" TTP C
17 1325000 Pile T 1.00 
10 1325000 PS P4 Idle "" 
10 1325000 PS P4 Tr "b12" 
11 1325000 P0 0_4_b12 "2500" TTP C
12 1325000 P4 0_4_b12 "2500" TTP C
17 1325000 Pile T 1.00 
10 1325000 PS P3 Idle "" 
10 1325000 PS P3 Tr "a41" 
11 1325000 P4 4_3_a41 "2500" TTP C
12 1325000 P3 4_3_a41 "2500" TTP C
17 1325000 Pile T 1.00 
16 1325000 Pile T 1.00 
10 1325000 PS P5 Idle "" 
10 1325000 PS P5 Tr "b14" 
11 1325000 P0 0_5_b14 "2500" TTP C
12 1325000 P5 0_5_b14 "2500" TTP C
10 1327500 PS P2 Exec "a41*b11" 
10 1327500 PS P4 Exec "a41*b12" 
10 1327500 PS P3 Exec "a41*b13" 
10 1327500 PS P5 Tr "a41" 
11 1327500 P4 4_5_a41 "2500" TTP C
12 1327500 P5 4_5_a41 "2500" TTP C
10 1330000 PS P5 Exec "a41*b14" 
17 1390000 Pile T 1.00 
16 1390000 Pile T 1.00 
10 1390000 PS P0 Idle "" 
10 1390000 PS P0 Tr "a34" 
11 1390000 P5 5_0_a34 "2500" TTP C
12 1390000 P0 5_0_a34 "2500" TTP C
10 1392500 PS P0 Exec "a34*b42" 
17 1402500 Pile T 1.00 
16 1402500 Pile T 1.00 
10 1402500 PS P1 Idle "" 
10 1402500 PS P1 Tr "a34" 
11 1402500 P5 5_1_a34 "2500" TTP C
12 1402500 P1 5_1_a34 "2500" TTP C
10 1405000 PS P1 Exec "a34*b41" 
17 1452500 Pile T 1.00 
16 1452500 Pile T 1.00 
10 1452500 PS P2 Idle "" 
10 1452500 PS P2 Tr "b44" 
11 1452500 P0 0_2_b44 "2500" TTP C
12 1452500 P2 0_2_b44 "2500" TTP C
17 1452500 Pile T 1.00 
16 1452500 Pile T 1.00 
10 1452500 PS P4 Idle "" 
10 1452500 PS P4 Tr "a34" 
11 1452500 P5 5_4_a34 "2500" TTP C
12 1452500 P4 5_4_a34 "2500" TTP C
17 1452500 Pile T 1.00 
16 1452500 Pile T 1.00 
10 1452500 PS P3 Idle "" 
10 1452500 PS P3 Tr "a32*b21" 
11 1452500 P2 2_3_a32*b21 "2500" TTP C
12 1452500 P3 2_3_a32*b21 "2500" TTP C
17 1455000 Pile T 1.00 
16 1455000 Pile T 1.00 
10 1455000 PS P5 Idle "" 
10 1455000 PS P5 Tr "a31*b12" 
11 1455000 P2 2_5_a31*b12 "2500" TTP C
12 1455000 P5 2_5_a31*b12 "2500" TTP C
10 1455000 PS P2 Tr "a34" 
11 1455000 P5 5_2_a34 "2500" TTP C
12 1455000 P2 5_2_a34 "2500" TTP C
10 1455000 PS P4 Tr "b43" 
11 1455000 P1 1_4_b43 "2500" TTP C
12 1455000 P4 1_4_b43 "2500" TTP C
10 1455000 PS P3 Tr "a33*b31" 
11 1455000 P4 4_3_a33*b31 "2500" TTP C
12 1455000 P3 4_3_a33*b31 "2500" TTP C
10 1457500 PS P5 Tr "a32*b22" 
11 1457500 P3 3_5_a32*b22 "2500" TTP C
12 1457500 P5 3_5_a32*b22 "2500" TTP C
10 1457500 PS P2 Exec "a34*b44" 
10 1457500 PS P4 Exec "a34*b43" 
10 1457500 PS P3 Tr "a31*b11" 
11 1457500 P1 1_3_a31*b11 "2500" TTP C
12 1457500 P3 1_3_a31*b11 "2500" TTP C
10 1460000 PS P5 Tr "a33*b32" 
11 1460000 P2 2_5_a33*b32 "2500" TTP C
12 1460000 P5 2_5_a33*b32 "2500" TTP C
10 1460000 PS P3 Exec "C31" 
10 1462500 PS P5 Exec "C32" 
17 1470000 Pile T 1.00 
10 1470000 PS P3 Idle "" 
10 1470000 PS P3 Tr "a32*b24" 
11 1470000 P0 0_3_a32*b24 "2500" TTP C
12 1470000 P3 0_3_a32*b24 "2500" TTP C
17 1472500 Pile T 1.00 
10 1472500 PS P5 Idle "" 
10 1472500 PS P5 Tr "a32*b23" 
11 1472500 P1 1_5_a32*b23 "2500" TTP C
12 1472500 P5 1_5_a32*b23 "2500" TTP C
10 1472500 PS P3 Tr "a31*b14" 
11 1472500 P0 0_3_a31*b14 "2500" TTP C
12 1472500 P3 0_3_a31*b14 "2500" TTP C
10 1475000 PS P5 Tr "a31*b13" 
11 1475000 P3 3_5_a31*b13 "2500" TTP C
12 1475000 P5 3_5_a31*b13 "2500" TTP C
10 1475000 PS P3 Exec "C34" 
10 1477500 PS P5 Exec "C33" 
17 1485000 Pile T 1.00 
10 1485000 PS P3 Idle "" 
10 1485000 PS P3 Tr "a23*b34" 
11 1485000 P2 2_3_a23*b34 "2500" TTP C
12 1485000 P3 2_3_a23*b34 "2500" TTP C
17 1487500 Pile T 1.00 
10 1487500 PS P5 Idle "" 
10 1487500 PS P5 Tr "a23*b33" 
11 1487500 P3 3_5_a23*b33 "2500" TTP C
12 1487500 P5 3_5_a23*b33 "2500" TTP C
10 1487500 PS P3 Tr "a22*b24" 
11 1487500 P5 5_3_a22*b24 "2500" TTP C
12 1487500 P3 5_3_a22*b24 "2500" TTP C
10 1490000 PS P5 Tr "a22*b23" 
11 1490000 P3 3_5_a22*b23 "2500" TTP C
12 1490000 P5 3_5_a22*b23 "2500" TTP C
10 1490000 PS P3 Exec "C24" 
10 1492500 PS P5 Exec "C23" 
17 1500000 Pile T 1.00 
10 1500000 PS P3 Idle "" 
10 1500000 PS P3 Tr "a21*b12" 
11 1500000 P2 2_3_a21*b12 "2500" TTP C
12 1500000 P3 2_3_a21*b12 "2500" TTP C
17 1502500 Pile T 1.00 
10 1502500 PS P5 Idle "" 
10 1502500 PS P5 Tr "a23*b31" 
11 1502500 P1 1_5_a23*b31 "2500" TTP C
12 1502500 P5 1_5_a23*b31 "2500" TTP C
10 1502500 PS P3 Tr "a22*b22" 
11 1502500 P2 2_3_a22*b22 "2500" TTP C
12 1502500 P3 2_3_a22*b22 "2500" TTP C
10 1505000 PS P5 Tr "a21*b11" 
11 1505000 P4 4_5_a21*b11 "2500" TTP C
12 1505000 P5 4_5_a21*b11 "2500" TTP C
10 1505000 PS P3 Tr "a23*b32" 
11 1505000 P0 0_3_a23*b32 "2500" TTP C
12 1505000 P3 0_3_a23*b32 "2500" TTP C
10 1507500 PS P5 Tr "a22*b21" 
11 1507500 P4 4_5_a22*b21 "2500" TTP C
12 1507500 P5 4_5_a22*b21 "2500" TTP C
10 1507500 PS P3 Exec "C22" 
10 1510000 PS P5 Exec "C21" 
17 1517500 Pile T 1.00 
10 1517500 PS P0 Idle "" 
10 1517500 PS P0 Tr "a11*b14" 
11 1517500 P4 4_0_a11*b14 "2500" TTP C
12 1517500 P0 4_0_a11*b14 "2500" TTP C
17 1517500 Pile T 1.00 
10 1517500 PS P3 Idle "" 
10 1517500 PS P3 Tr "a13*b32" 
11 1517500 P5 5_3_a13*b32 "2500" TTP C
12 1517500 P3 5_3_a13*b32 "2500" TTP C
17 1520000 Pile T 1.00 
10 1520000 PS P5 Idle "" 
10 1520000 PS P5 Tr "a12*b23" 
11 1520000 P0 0_5_a12*b23 "2500" TTP C
12 1520000 P5 0_5_a12*b23 "2500" TTP C
10 1520000 PS P0 Tr "a13*b34" 
11 1520000 P4 4_0_a13*b34 "2500" TTP C
12 1520000 P0 4_0_a13*b34 "2500" TTP C
10 1520000 PS P3 Tr "a11*b12" 
11 1520000 P0 0_3_a11*b12 "2500" TTP C
12 1520000 P3 0_3_a11*b12 "2500" TTP C
10 1522500 PS P5 Tr "a11*b13" 
11 1522500 P1 1_5_a11*b13 "2500" TTP C
12 1522500 P5 1_5_a11*b13 "2500" TTP C
10 1522500 PS P0 Tr "a12*b24" 
11 1522500 P2 2_0_a12*b24 "2500" TTP C
12 1522500 P0 2_0_a12*b24 "2500" TTP C
10 1522500 PS P3 Tr "a12*b22" 
11 1522500 P5 5_3_a12*b22 "2500" TTP C
12 1522500 P3 5_3_a12*b22 "2500" TTP C
10 1525000 PS P5 Tr "a13*b33" 
11 1525000 P0 0_5_a13*b33 "2500" TTP C
12 1525000 P5 0_5_a13*b33 "2500" TTP C
10 1525000 PS P0 Exec "C14" 
10 1525000 PS P3 Exec "C12" 
10 1527500 PS P5 Exec "C13" 
17 1530000 Pile T 1.00 
10 1530000 PS P1 Idle "" 
10 1530000 PS P1 Tr "a11*b11" 
11 1530000 P5 5_1_a11*b11 "2500" TTP C
12 1530000 P1 5_1_a11*b11 "2500" TTP C
10 1532500 PS P1 Exec "C11" 
17 1535000 Pile T 1.00 
10 1535000 PS P0 Idle "" 
10 1535000 PS P0 Tr "a42*b21" 
11 1535000 P4 4_0_a42*b21 "2500" TTP C
12 1535000 P0 4_0_a42*b21 "2500" TTP C
17 1535000 Pile T 1.00 
10 1535000 PS P3 Idle "" 
10 1535000 PS P3 Tr "a43*b32" 
11 1535000 P0 0_3_a43*b32 "2500" TTP C
12 1535000 P3 0_3_a43*b32 "2500" TTP C
17 1537500 Pile T 1.00 
10 1537500 PS P5 Idle "" 
10 1537500 PS P5 Tr "a43*b33" 
11 1537500 P2 2_5_a43*b33 "2500" TTP C
12 1537500 P5 2_5_a43*b33 "2500" TTP C
10 1537500 PS P0 Tr "a43*b31" 
11 1537500 P3 3_0_a43*b31 "2500" TTP C
12 1537500 P0 3_0_a43*b31 "2500" TTP C
10 1537500 PS P3 Tr "a41*b12" 
11 1537500 P4 4_3_a41*b12 "2500" TTP C
12 1537500 P3 4_3_a41*b12 "2500" TTP C
10 1540000 PS P5 Tr "a41*b13" 
11 1540000 P3 3_5_a41*b13 "2500" TTP C
12 1540000 P5 3_5_a41*b13 "2500" TTP C
10 1540000 PS P0 Tr "a41*b11" 
11 1540000 P2 2_0_a41*b11 "2500" TTP C
12 1540000 P0 2_0_a41*b11 "2500" TTP C
10 1540000 PS P3 Exec "C42" 
17 1542500 Pile T 1.00 
10 1542500 PS P1 Idle "" 
10 1542500 PS P1 Tr "a41*b14" 
11 1542500 P5 5_1_a41*b14 "2500" TTP C
12 1542500 P1 5_1_a41*b14 "2500" TTP C
10 1542500 PS P5 Exec "C43" 
10 1542500 PS P0 Exec "C41" 
10 1545000 PS P1 Tr "a42*b24" 
11 1545000 P2 2_1_a42*b24 "2500" TTP C
12 1545000 P1 2_1_a42*b24 "2500" TTP C
10 1547500 PS P1 Exec "C44" 
17 1550000 Pile T 1.00 
10 1550000 PS P3 Idle "" 
17 1552500 Pile T 1.00 
10 1552500 PS P5 Idle "" 
17 1552500 Pile T 1.00 
10 1552500 PS P0 Idle "" 
17 1557500 Pile T 1.00 
16 1557500 Pile T 1.00 
10 1557500 PS P1 Idle "" 
10 1557500 PS P1 Tr "C41" 
11 1557500 P0 0_1_C41 "2500" TTP C
12 1557500 P1 0_1_C41 "2500" TTP C
10 1560000 PS P1 Tr "C13" 
11 1560000 P5 5_1_C13 "2500" TTP C
12 1560000 P1 5_1_C13 "2500" TTP C
10 1562500 PS P1 Tr "C34" 
11 1562500 P3 3_1_C34 "2500" TTP C
12 1562500 P1 3_1_C34 "2500" TTP C
10 1565000 PS P1 Tr "C42" 
11 1565000 P3 3_1_C42 "2500" TTP C
12 1565000 P1 3_1_C42 "2500" TTP C
10 1567500 PS P1 Tr "C21" 
11 1567500 P5 5_1_C21 "2500" TTP C
12 1567500 P1 5_1_C21 "2500" TTP C
10 1570000 PS P1 Tr "C12" 
11 1570000 P3 3_1_C12 "2500" TTP C
12 1570000 P1 3_1_C12 "2500" TTP C
10 1572500 PS P1 Tr "C43" 
11 1572500 P5 5_1_C43 "2500" TTP C
12 1572500 P1 5_1_C43 "2500" TTP C
10 1575000 PS P1 Tr "C24" 
11 1575000 P3 3_1_C24 "2500" TTP C
12 1575000 P1 3_1_C24 "2500" TTP C
10 1577500 PS P1 Tr "C33" 
11 1577500 P5 5_1_C33 "2500" TTP C
12 1577500 P1 5_1_C33 "2500" TTP C
10 1580000 PS P1 Tr "C14" 
11 1580000 P0 0_1_C14 "2500" TTP C
12 1580000 P1 0_1_C14 "2500" TTP C
17 1582500 Pile T 1.00 
10 1582500 PS P2 Idle "" 
17 1582500 Pile T 1.00 
10 1582500 PS P4 Idle "" 
10 1582500 PS P1 Tr "C32" 
11 1582500 P5 5_1_C32 "2500" TTP C
12 1582500 P1 5_1_C32 "2500" TTP C
10 1585000 PS P1 Tr "C23" 
11 1585000 P5 5_1_C23 "2500" TTP C
12 1585000 P1 5_1_C23 "2500" TTP C
10 1587500 PS P1 Tr "C31" 
11 1587500 P3 3_1_C31 "2500" TTP C
12 1587500 P1 3_1_C31 "2500" TTP C
10 1590000 PS P1 Tr "C22" 
11 1590000 P3 3_1_C22 "2500" TTP C
12 1590000 P1 3_1_C22 "2500" TTP C
10 1592500 PS P1 Exec "Fusion" 
17 1672500 Pile T 1.00 
10 1672500 PS P1 Idle "" 
8 1672500 Pile PL
8 1672500 P1 Pr
8 1672500 P4 Pr
8 1672500 P2 Pr
8 1672500 P0 Pr
8 1672500 P5 Pr
8 1672500 P3 Pr
8 1672500 TTP P
