%EventDef PajeDefineContainerType 1
% Alias string
% ContainerType string
% Name string
%EndEventDef
%EventDef PajeDefineStateType 3
% Alias string
% ContainerType string
% Name string
%EndEventDef
%EventDef PajeDefineLinkType 4
% Name string
% ContainerType string
% SourceContainerType string
% DestContainerType string
% Alias string
%EndEventDef
%EventDef PajeDefineEntityValue 6
% Alias string
% EntityType string
% Name string
% Color color
%EndEventDef
%EventDef PajeCreateContainer 7
% Time date
% Alias string
% Type string
% Container string
% Name string
%EndEventDef
%EventDef PajeDestroyContainer 8
% Time date
% Name string
% Type string
%EndEventDef
%EventDef PajeSetState 10
% Time date
% Type string
% Container string
% Value string
% file string
%EndEventDef
%EventDef PajeStartLink 11
% Time date
% SourceContainer string
% Key string
% Value string
% Container string
% Type string
%EndEventDef
%EventDef PajeEndLink 12
% Time date
% DestContainer string
% Key string
% Value string
% Container string
% Type string
%EndEventDef
%EventDef PajePushState	13
% Time	date
% EntityType	string
% Container	string
% Value	string
%EndEventDef
%EventDef PajeDefineVariableType 14
% Type string
% Name string
% Color color
% Alias string
%EndEventDef
%EventDef PajeSetVariable 15
% Time date
% Container string
% Type string
% Value double
%EndEventDef
%EventDef PajeAddVariable 16
% Time date
% Container string
% Type string
% Value double
%EndEventDef
%EventDef PajeSubVariable 17
% Time date
% Container string
% Type string
% Value double
%EndEventDef
1 P 0 Program
1 Pr P Processors
1 PL P Tasks
3 PS Pr "Processor State"
3 PF Pr "Ready File"
6 Exec PS Executing "2 .0 .1"
6 Idle PS Idle "8 .3 .0"
6 TR PS Transfer "0 .3 .8"
14 PL "Task" "1 .5 .5" T
7 0 TTP P 0 "Plate-forme"
4 "Communication" P Pr Pr C
7 0 Pile PL TTP "Pile 1"
7 0 P0 Pr TTP "P 0" 
10 0 PS P0 Idle "" 
7 0 P1 Pr TTP "P 1" 
10 0 PS P1 Idle "" 
7 0 P2 Pr TTP "P 2" 
10 0 PS P2 Idle "" 
7 0 P3 Pr TTP "P 3" 
10 0 PS P3 Idle "" 
7 0 P4 Pr TTP "P 4" 
10 0 PS P4 Idle "" 
7 0 P5 Pr TTP "P 5" 
10 0 PS P5 Idle "" 
7 0 P6 Pr TTP "P 6" 
10 0 PS P6 Idle "" 
7 0 P7 Pr TTP "P 7" 
10 0 PS P7 Idle "" 
7 0 P8 Pr TTP "P 8" 
10 0 PS P8 Idle "" 
7 0 P9 Pr TTP "P 9" 
10 0 PS P9 Idle "" 
10 0 PS P0 Exec "split-b" 
10 0 PS P1 Exec "split-a" 
17 512 Pile T 1.00 
16 512 Pile T 1.00 
16 512 Pile T 1.00 
16 512 Pile T 1.00 
16 512 Pile T 1.00 
10 512 PS P0 Idle "" 
10 512 PS P0 Exec "b12" 
10 512 PS P2 Tr "split-b" 
11 512 P0 0_2_split-b "256" TTP C
12 512 P2 0_2_split-b "256" TTP C
10 512 PS P3 Tr "split-b" 
11 512 P0 0_3_split-b "256" TTP C
12 512 P3 0_3_split-b "256" TTP C
10 512 PS P4 Tr "split-b" 
11 512 P0 0_4_split-b "256" TTP C
12 512 P4 0_4_split-b "256" TTP C
17 512 Pile T 1.00 
16 512 Pile T 1.00 
16 512 Pile T 1.00 
16 512 Pile T 1.00 
16 512 Pile T 1.00 
10 512 PS P1 Idle "" 
10 512 PS P1 Exec "a11" 
10 512 PS P5 Tr "split-a" 
11 512 P1 1_5_split-a "256" TTP C
12 512 P5 1_5_split-a "256" TTP C
10 512 PS P6 Tr "split-a" 
11 512 P1 1_6_split-a "256" TTP C
12 512 P6 1_6_split-a "256" TTP C
10 512 PS P7 Tr "split-a" 
11 512 P1 1_7_split-a "256" TTP C
12 512 P7 1_7_split-a "256" TTP C
17 512 Pile T 1.00 
10 512 PS P0 Idle "" 
17 512 Pile T 1.00 
16 512 Pile T 1.00 
10 512 PS P1 Idle "" 
10 512 PS P1 Tr "b12" 
11 512 P0 0_1_b12 "64" TTP C
12 512 P1 0_1_b12 "64" TTP C
10 576 PS P1 Exec "a11*b12" 
10 768 PS P2 Exec "b11" 
10 768 PS P3 Exec "b22" 
10 768 PS P4 Exec "b21" 
10 768 PS P5 Exec "a22" 
10 768 PS P6 Exec "a12" 
10 768 PS P7 Exec "a21" 
17 768 Pile T 1.00 
16 768 Pile T 1.00 
10 768 PS P2 Idle "" 
10 768 PS P2 Tr "a11" 
11 768 P1 1_2_a11 "64" TTP C
12 768 P2 1_2_a11 "64" TTP C
17 768 Pile T 1.00 
10 768 PS P3 Idle "" 
17 768 Pile T 1.00 
10 768 PS P4 Idle "" 
17 768 Pile T 1.00 
16 768 Pile T 1.00 
16 768 Pile T 1.00 
10 768 PS P5 Idle "" 
10 768 PS P5 Tr "b22" 
11 768 P3 3_5_b22 "64" TTP C
12 768 P5 3_5_b22 "64" TTP C
10 768 PS P4 Tr "a22" 
11 768 P5 5_4_a22 "64" TTP C
12 768 P4 5_4_a22 "64" TTP C
17 768 Pile T 1.00 
16 768 Pile T 1.00 
16 768 Pile T 1.00 
10 768 PS P6 Idle "" 
10 768 PS P6 Tr "b22" 
11 768 P3 3_6_b22 "64" TTP C
12 768 P6 3_6_b22 "64" TTP C
10 768 PS P3 Tr "a12" 
11 768 P6 6_3_a12 "64" TTP C
12 768 P3 6_3_a12 "64" TTP C
17 768 Pile T 1.00 
16 768 Pile T 1.00 
16 768 Pile T 1.00 
10 768 PS P7 Idle "" 
10 768 PS P7 Tr "b11" 
11 768 P2 2_7_b11 "64" TTP C
12 768 P7 2_7_b11 "64" TTP C
10 768 PS P0 Tr "a21" 
11 768 P7 7_0_a21 "64" TTP C
12 768 P0 7_0_a21 "64" TTP C
10 832 PS P2 Exec "a11*b11" 
10 832 PS P5 Exec "a22*b22" 
10 832 PS P4 Exec "a22*b21" 
10 832 PS P6 Exec "a12*b22" 
10 832 PS P3 Tr "b21" 
11 832 P4 4_3_b21 "64" TTP C
12 832 P3 4_3_b21 "64" TTP C
10 832 PS P7 Exec "a21*b11" 
10 832 PS P0 Exec "a21*b12" 
10 896 PS P3 Exec "a12*b21" 
17 1088 Pile T 1.00 
10 1088 PS P1 Idle "" 
17 1344 Pile T 1.00 
10 1344 PS P2 Idle "" 
17 1344 Pile T 1.00 
10 1344 PS P5 Idle "" 
17 1344 Pile T 1.00 
10 1344 PS P4 Idle "" 
17 1344 Pile T 1.00 
16 1344 Pile T 1.00 
10 1344 PS P6 Idle "" 
10 1344 PS P6 Tr "a11*b12" 
11 1344 P1 1_6_a11*b12 "64" TTP C
12 1344 P6 1_6_a11*b12 "64" TTP C
17 1344 Pile T 1.00 
16 1344 Pile T 1.00 
10 1344 PS P7 Idle "" 
10 1344 PS P7 Tr "a22*b21" 
11 1344 P4 4_7_a22*b21 "64" TTP C
12 1344 P7 4_7_a22*b21 "64" TTP C
17 1344 Pile T 1.00 
16 1344 Pile T 1.00 
10 1344 PS P0 Idle "" 
10 1344 PS P0 Tr "a22*b22" 
11 1344 P5 5_0_a22*b22 "64" TTP C
12 1344 P0 5_0_a22*b22 "64" TTP C
17 1408 Pile T 1.00 
16 1408 Pile T 1.00 
10 1408 PS P3 Idle "" 
10 1408 PS P3 Tr "a11*b11" 
11 1408 P2 2_3_a11*b11 "64" TTP C
12 1408 P3 2_3_a11*b11 "64" TTP C
10 1408 PS P6 Exec "C12" 
10 1408 PS P7 Exec "C21" 
10 1408 PS P0 Exec "C22" 
10 1472 PS P3 Exec "C11" 
17 1664 Pile T 1.00 
10 1664 PS P6 Idle "" 
17 1664 Pile T 1.00 
10 1664 PS P7 Idle "" 
17 1664 Pile T 1.00 
10 1664 PS P0 Idle "" 
17 1728 Pile T 1.00 
16 1728 Pile T 1.00 
10 1728 PS P3 Idle "" 
10 1728 PS P3 Tr "C22" 
11 1728 P0 0_3_C22 "64" TTP C
12 1728 P3 0_3_C22 "64" TTP C
10 1792 PS P3 Tr "C21" 
11 1792 P7 7_3_C21 "64" TTP C
12 1792 P3 7_3_C21 "64" TTP C
10 1856 PS P3 Tr "C12" 
11 1856 P6 6_3_C12 "64" TTP C
12 1856 P3 6_3_C12 "64" TTP C
10 1920 PS P3 Exec "Fusion" 
17 2432 Pile T 1.00 
10 2432 PS P3 Idle "" 
8 2432 Pile PL
8 2432 P3 Pr
8 2432 P0 Pr
8 2432 P7 Pr
8 2432 P6 Pr
8 2432 P4 Pr
8 2432 P5 Pr
8 2432 P2 Pr
8 2432 P1 Pr
8 2432 P8 Pr
8 2432 P9 Pr
8 2432 TTP P
