%EventDef PajeDefineContainerType 1
% Alias string
% ContainerType string
% Name string
%EndEventDef
%EventDef PajeDefineStateType 3
% Alias string
% ContainerType string
% Name string
%EndEventDef
%EventDef PajeDefineLinkType 4
% Name string
% ContainerType string
% SourceContainerType string
% DestContainerType string
% Alias string
%EndEventDef
%EventDef PajeDefineEntityValue 6
% Alias string
% EntityType string
% Name string
% Color color
%EndEventDef
%EventDef PajeCreateContainer 7
% Time date
% Alias string
% Type string
% Container string
% Name string
%EndEventDef
%EventDef PajeDestroyContainer 8
% Time date
% Name string
% Type string
%EndEventDef
%EventDef PajeSetState 10
% Time date
% Type string
% Container string
% Value string
% file string
%EndEventDef
%EventDef PajeStartLink 11
% Time date
% SourceContainer string
% Key string
% Value string
% Container string
% Type string
%EndEventDef
%EventDef PajeEndLink 12
% Time date
% DestContainer string
% Key string
% Value string
% Container string
% Type string
%EndEventDef
%EventDef PajePushState	13
% Time	date
% EntityType	string
% Container	string
% Value	string
%EndEventDef
%EventDef PajeDefineVariableType 14
% Type string
% Name string
% Color color
% Alias string
%EndEventDef
%EventDef PajeSetVariable 15
% Time date
% Container string
% Type string
% Value double
%EndEventDef
%EventDef PajeAddVariable 16
% Time date
% Container string
% Type string
% Value double
%EndEventDef
%EventDef PajeSubVariable 17
% Time date
% Container string
% Type string
% Value double
%EndEventDef
1 P 0 Program
1 Pr P Processors
1 PL P Tasks
3 PS Pr "Processor State"
3 PF Pr "Ready File"
6 Exec PS Executing "2 .0 .1"
6 Idle PS Idle "8 .3 .0"
6 TR PS Transfer "0 .3 .8"
14 PL "Task" "1 .5 .5" T
7 0 TTP P 0 "Plate-forme"
4 "Communication" P Pr Pr C
7 0 Pile PL TTP "Pile 1"
7 0 P0 Pr TTP "P 0" 
10 0 PS P0 Idle "" 
7 0 P1 Pr TTP "P 1" 
10 0 PS P1 Idle "" 
7 0 P2 Pr TTP "P 2" 
10 0 PS P2 Idle "" 
7 0 P3 Pr TTP "P 3" 
10 0 PS P3 Idle "" 
7 0 P4 Pr TTP "P 4" 
10 0 PS P4 Idle "" 
7 0 P5 Pr TTP "P 5" 
10 0 PS P5 Idle "" 
10 0 PS P0 Exec "split-a" 
10 0 PS P1 Exec "split-b" 
17 500000 Pile T 1.00 
16 500000 Pile T 1.00 
16 500000 Pile T 1.00 
16 500000 Pile T 1.00 
16 500000 Pile T 1.00 
16 500000 Pile T 1.00 
16 500000 Pile T 1.00 
16 500000 Pile T 1.00 
16 500000 Pile T 1.00 
16 500000 Pile T 1.00 
16 500000 Pile T 1.00 
16 500000 Pile T 1.00 
16 500000 Pile T 1.00 
16 500000 Pile T 1.00 
16 500000 Pile T 1.00 
16 500000 Pile T 1.00 
16 500000 Pile T 1.00 
16 500000 Pile T 1.00 
16 500000 Pile T 1.00 
16 500000 Pile T 1.00 
16 500000 Pile T 1.00 
16 500000 Pile T 1.00 
16 500000 Pile T 1.00 
16 500000 Pile T 1.00 
16 500000 Pile T 1.00 
16 500000 Pile T 1.00 
10 500000 PS P0 Idle "" 
10 500000 PS P0 Exec "a11" 
10 500000 PS P2 Tr "split-a" 
11 500000 P0 0_2_split-a "250000" TTP C
12 500000 P2 0_2_split-a "250000" TTP C
10 500000 PS P3 Tr "split-a" 
11 500000 P0 0_3_split-a "250000" TTP C
12 500000 P3 0_3_split-a "250000" TTP C
10 500000 PS P4 Tr "split-a" 
11 500000 P0 0_4_split-a "250000" TTP C
12 500000 P4 0_4_split-a "250000" TTP C
10 500000 PS P5 Tr "split-a" 
11 500000 P0 0_5_split-a "250000" TTP C
12 500000 P5 0_5_split-a "250000" TTP C
17 500000 Pile T 1.00 
16 500000 Pile T 1.00 
16 500000 Pile T 1.00 
16 500000 Pile T 1.00 
16 500000 Pile T 1.00 
16 500000 Pile T 1.00 
16 500000 Pile T 1.00 
16 500000 Pile T 1.00 
16 500000 Pile T 1.00 
16 500000 Pile T 1.00 
16 500000 Pile T 1.00 
16 500000 Pile T 1.00 
16 500000 Pile T 1.00 
16 500000 Pile T 1.00 
16 500000 Pile T 1.00 
16 500000 Pile T 1.00 
16 500000 Pile T 1.00 
16 500000 Pile T 1.00 
16 500000 Pile T 1.00 
16 500000 Pile T 1.00 
16 500000 Pile T 1.00 
16 500000 Pile T 1.00 
16 500000 Pile T 1.00 
16 500000 Pile T 1.00 
16 500000 Pile T 1.00 
16 500000 Pile T 1.00 
10 500000 PS P1 Idle "" 
10 500000 PS P1 Tr "split-a" 
11 500000 P0 0_1_split-a "250000" TTP C
12 500000 P1 0_1_split-a "250000" TTP C
17 500000 Pile T 1.00 
10 500000 PS P0 Idle "" 
10 500000 PS P0 Exec "a44" 
17 500000 Pile T 1.00 
10 500000 PS P0 Idle "" 
10 500000 PS P0 Exec "a45" 
17 500000 Pile T 1.00 
10 500000 PS P0 Idle "" 
10 500000 PS P0 Exec "a54" 
17 500000 Pile T 1.00 
10 500000 PS P0 Idle "" 
10 500000 PS P0 Exec "a43" 
17 500000 Pile T 1.00 
10 500000 PS P0 Idle "" 
10 500000 PS P0 Exec "a55" 
17 500000 Pile T 1.00 
10 500000 PS P0 Idle "" 
10 500000 PS P0 Exec "a52" 
17 500000 Pile T 1.00 
10 500000 PS P0 Idle "" 
10 500000 PS P0 Exec "a34" 
17 500000 Pile T 1.00 
10 500000 PS P0 Idle "" 
10 500000 PS P0 Exec "a32" 
17 500000 Pile T 1.00 
10 500000 PS P0 Idle "" 
10 500000 PS P0 Exec "a53" 
17 500000 Pile T 1.00 
10 500000 PS P0 Idle "" 
10 500000 PS P0 Exec "a51" 
17 500000 Pile T 1.00 
10 500000 PS P0 Idle "" 
10 500000 PS P0 Exec "a21" 
17 500000 Pile T 1.00 
10 500000 PS P0 Idle "" 
10 500000 PS P0 Exec "a25" 
17 500000 Pile T 1.00 
10 500000 PS P0 Idle "" 
10 500000 PS P0 Exec "a12" 
17 500000 Pile T 1.00 
10 500000 PS P0 Idle "" 
10 500000 PS P0 Exec "a22" 
17 500000 Pile T 1.00 
10 500000 PS P0 Idle "" 
10 500000 PS P0 Exec "a31" 
17 500000 Pile T 1.00 
10 500000 PS P0 Idle "" 
10 500000 PS P0 Exec "a41" 
17 500000 Pile T 1.00 
10 500000 PS P0 Idle "" 
10 500000 PS P0 Exec "a35" 
17 500000 Pile T 1.00 
10 500000 PS P0 Idle "" 
10 500000 PS P0 Exec "a24" 
17 500000 Pile T 1.00 
10 500000 PS P0 Idle "" 
10 500000 PS P0 Exec "a13" 
17 500000 Pile T 1.00 
10 500000 PS P0 Idle "" 
10 500000 PS P0 Tr "split-b" 
11 500000 P1 1_0_split-b "250000" TTP C
12 500000 P0 1_0_split-b "250000" TTP C
10 750000 PS P2 Exec "a42" 
10 750000 PS P3 Exec "a23" 
10 750000 PS P4 Exec "a33" 
10 750000 PS P5 Exec "a14" 
10 750000 PS P1 Exec "a15" 
10 750000 PS P0 Exec "b23" 
17 750000 Pile T 1.00 
10 750000 PS P2 Idle "" 
10 750000 PS P2 Tr "split-b" 
11 750000 P1 1_2_split-b "250000" TTP C
12 750000 P2 1_2_split-b "250000" TTP C
17 750000 Pile T 1.00 
10 750000 PS P3 Idle "" 
10 750000 PS P3 Tr "split-b" 
11 750000 P1 1_3_split-b "250000" TTP C
12 750000 P3 1_3_split-b "250000" TTP C
17 750000 Pile T 1.00 
10 750000 PS P4 Idle "" 
10 750000 PS P4 Tr "split-b" 
11 750000 P1 1_4_split-b "250000" TTP C
12 750000 P4 1_4_split-b "250000" TTP C
17 750000 Pile T 1.00 
10 750000 PS P5 Idle "" 
10 750000 PS P5 Tr "split-b" 
11 750000 P1 1_5_split-b "250000" TTP C
12 750000 P5 1_5_split-b "250000" TTP C
17 750000 Pile T 1.00 
10 750000 PS P1 Idle "" 
10 750000 PS P1 Exec "b22" 
17 750000 Pile T 1.00 
16 750000 Pile T 1.00 
16 750000 Pile T 1.00 
16 750000 Pile T 1.00 
16 750000 Pile T 1.00 
16 750000 Pile T 1.00 
10 750000 PS P0 Idle "" 
10 750000 PS P0 Exec "b54" 
17 750000 Pile T 1.00 
16 750000 Pile T 1.00 
16 750000 Pile T 1.00 
16 750000 Pile T 1.00 
16 750000 Pile T 1.00 
16 750000 Pile T 1.00 
10 750000 PS P1 Idle "" 
10 750000 PS P1 Exec "b32" 
17 750000 Pile T 1.00 
16 750000 Pile T 1.00 
16 750000 Pile T 1.00 
16 750000 Pile T 1.00 
16 750000 Pile T 1.00 
16 750000 Pile T 1.00 
10 750000 PS P0 Idle "" 
10 750000 PS P0 Exec "b34" 
17 750000 Pile T 1.00 
16 750000 Pile T 1.00 
16 750000 Pile T 1.00 
16 750000 Pile T 1.00 
16 750000 Pile T 1.00 
16 750000 Pile T 1.00 
10 750000 PS P1 Idle "" 
10 750000 PS P1 Exec "b11" 
17 750000 Pile T 1.00 
16 750000 Pile T 1.00 
16 750000 Pile T 1.00 
16 750000 Pile T 1.00 
16 750000 Pile T 1.00 
16 750000 Pile T 1.00 
10 750000 PS P0 Idle "" 
10 750000 PS P0 Exec "b21" 
17 750000 Pile T 1.00 
16 750000 Pile T 1.00 
16 750000 Pile T 1.00 
16 750000 Pile T 1.00 
16 750000 Pile T 1.00 
16 750000 Pile T 1.00 
10 750000 PS P1 Idle "" 
10 750000 PS P1 Exec "b35" 
17 750000 Pile T 1.00 
16 750000 Pile T 1.00 
16 750000 Pile T 1.00 
16 750000 Pile T 1.00 
16 750000 Pile T 1.00 
16 750000 Pile T 1.00 
10 750000 PS P0 Idle "" 
10 750000 PS P0 Exec "b45" 
17 750000 Pile T 1.00 
16 750000 Pile T 1.00 
16 750000 Pile T 1.00 
16 750000 Pile T 1.00 
16 750000 Pile T 1.00 
16 750000 Pile T 1.00 
10 750000 PS P1 Idle "" 
10 750000 PS P1 Exec "b14" 
17 750000 Pile T 1.00 
16 750000 Pile T 1.00 
16 750000 Pile T 1.00 
16 750000 Pile T 1.00 
16 750000 Pile T 1.00 
16 750000 Pile T 1.00 
10 750000 PS P0 Idle "" 
10 750000 PS P0 Exec "b43" 
17 750000 Pile T 1.00 
16 750000 Pile T 1.00 
16 750000 Pile T 1.00 
16 750000 Pile T 1.00 
16 750000 Pile T 1.00 
16 750000 Pile T 1.00 
10 750000 PS P1 Idle "" 
10 750000 PS P1 Exec "b41" 
17 750000 Pile T 1.00 
16 750000 Pile T 1.00 
16 750000 Pile T 1.00 
16 750000 Pile T 1.00 
16 750000 Pile T 1.00 
16 750000 Pile T 1.00 
10 750000 PS P0 Idle "" 
10 750000 PS P0 Exec "b15" 
17 750000 Pile T 1.00 
16 750000 Pile T 1.00 
16 750000 Pile T 1.00 
16 750000 Pile T 1.00 
16 750000 Pile T 1.00 
16 750000 Pile T 1.00 
10 750000 PS P1 Idle "" 
10 750000 PS P1 Exec "b53" 
17 750000 Pile T 1.00 
16 750000 Pile T 1.00 
16 750000 Pile T 1.00 
16 750000 Pile T 1.00 
16 750000 Pile T 1.00 
16 750000 Pile T 1.00 
10 750000 PS P0 Idle "" 
10 750000 PS P0 Exec "b25" 
17 750000 Pile T 1.00 
16 750000 Pile T 1.00 
16 750000 Pile T 1.00 
16 750000 Pile T 1.00 
16 750000 Pile T 1.00 
16 750000 Pile T 1.00 
10 750000 PS P1 Idle "" 
10 750000 PS P1 Exec "b12" 
17 750000 Pile T 1.00 
16 750000 Pile T 1.00 
16 750000 Pile T 1.00 
16 750000 Pile T 1.00 
16 750000 Pile T 1.00 
16 750000 Pile T 1.00 
10 750000 PS P0 Idle "" 
10 750000 PS P0 Exec "b51" 
17 750000 Pile T 1.00 
16 750000 Pile T 1.00 
16 750000 Pile T 1.00 
16 750000 Pile T 1.00 
16 750000 Pile T 1.00 
16 750000 Pile T 1.00 
10 750000 PS P1 Idle "" 
10 750000 PS P1 Exec "b24" 
17 750000 Pile T 1.00 
16 750000 Pile T 1.00 
16 750000 Pile T 1.00 
16 750000 Pile T 1.00 
16 750000 Pile T 1.00 
16 750000 Pile T 1.00 
10 750000 PS P0 Idle "" 
10 750000 PS P0 Exec "b52" 
17 750000 Pile T 1.00 
16 750000 Pile T 1.00 
16 750000 Pile T 1.00 
16 750000 Pile T 1.00 
16 750000 Pile T 1.00 
16 750000 Pile T 1.00 
10 750000 PS P1 Idle "" 
10 750000 PS P1 Exec "b13" 
17 750000 Pile T 1.00 
16 750000 Pile T 1.00 
16 750000 Pile T 1.00 
16 750000 Pile T 1.00 
16 750000 Pile T 1.00 
16 750000 Pile T 1.00 
10 750000 PS P0 Idle "" 
10 750000 PS P0 Exec "b44" 
17 750000 Pile T 1.00 
16 750000 Pile T 1.00 
16 750000 Pile T 1.00 
16 750000 Pile T 1.00 
16 750000 Pile T 1.00 
16 750000 Pile T 1.00 
10 750000 PS P1 Idle "" 
10 750000 PS P1 Tr "a12" 
11 750000 P0 0_1_a12 "10000" TTP C
12 750000 P1 0_1_a12 "10000" TTP C
17 750000 Pile T 1.00 
16 750000 Pile T 1.00 
16 750000 Pile T 1.00 
16 750000 Pile T 1.00 
16 750000 Pile T 1.00 
16 750000 Pile T 1.00 
10 750000 PS P0 Idle "" 
10 750000 PS P0 Exec "a52*b23" 
10 760000 PS P1 Tr "b23" 
11 760000 P0 0_1_b23 "10000" TTP C
12 760000 P1 0_1_b23 "10000" TTP C
10 770000 PS P1 Exec "a12*b23" 
10 1000000 PS P2 Exec "b42" 
10 1000000 PS P3 Exec "b33" 
10 1000000 PS P4 Exec "b55" 
10 1000000 PS P5 Exec "b31" 
17 1000000 Pile T 1.00 
16 1000000 Pile T 1.00 
16 1000000 Pile T 1.00 
16 1000000 Pile T 1.00 
16 1000000 Pile T 1.00 
16 1000000 Pile T 1.00 
10 1000000 PS P2 Idle "" 
10 1000000 PS P2 Tr "b23" 
11 1000000 P0 0_2_b23 "10000" TTP C
12 1000000 P2 0_2_b23 "10000" TTP C
17 1000000 Pile T 1.00 
16 1000000 Pile T 1.00 
16 1000000 Pile T 1.00 
16 1000000 Pile T 1.00 
16 1000000 Pile T 1.00 
16 1000000 Pile T 1.00 
10 1000000 PS P3 Idle "" 
10 1000000 PS P3 Tr "a22" 
11 1000000 P0 0_3_a22 "10000" TTP C
12 1000000 P3 0_3_a22 "10000" TTP C
17 1000000 Pile T 1.00 
16 1000000 Pile T 1.00 
16 1000000 Pile T 1.00 
16 1000000 Pile T 1.00 
16 1000000 Pile T 1.00 
16 1000000 Pile T 1.00 
10 1000000 PS P4 Idle "" 
10 1000000 PS P4 Tr "a32" 
11 1000000 P0 0_4_a32 "10000" TTP C
12 1000000 P4 0_4_a32 "10000" TTP C
17 1000000 Pile T 1.00 
16 1000000 Pile T 1.00 
16 1000000 Pile T 1.00 
16 1000000 Pile T 1.00 
16 1000000 Pile T 1.00 
16 1000000 Pile T 1.00 
10 1000000 PS P5 Idle "" 
10 1000000 PS P5 Tr "b22" 
11 1000000 P1 1_5_b22 "10000" TTP C
12 1000000 P5 1_5_b22 "10000" TTP C
10 1010000 PS P2 Exec "a42*b23" 
10 1010000 PS P3 Tr "b23" 
11 1010000 P0 0_3_b23 "10000" TTP C
12 1010000 P3 0_3_b23 "10000" TTP C
10 1010000 PS P4 Tr "b23" 
11 1010000 P0 0_4_b23 "10000" TTP C
12 1010000 P4 0_4_b23 "10000" TTP C
10 1010000 PS P5 Tr "a52" 
11 1010000 P0 0_5_a52 "10000" TTP C
12 1010000 P5 0_5_a52 "10000" TTP C
10 1020000 PS P3 Exec "a22*b23" 
10 1020000 PS P4 Exec "a32*b23" 
10 1020000 PS P5 Exec "a52*b22" 
17 1750000 Pile T 1.00 
10 1750000 PS P0 Idle "" 
10 1750000 PS P0 Tr "b22" 
11 1750000 P1 1_0_b22 "10000" TTP C
12 1750000 P0 1_0_b22 "10000" TTP C
10 1760000 PS P0 Exec "a32*b22" 
17 1770000 Pile T 1.00 
10 1770000 PS P1 Idle "" 
10 1770000 PS P1 Tr "a42" 
11 1770000 P2 2_1_a42 "10000" TTP C
12 1770000 P1 2_1_a42 "10000" TTP C
10 1780000 PS P1 Exec "a42*b22" 
17 2010000 Pile T 1.00 
10 2010000 PS P2 Idle "" 
10 2010000 PS P2 Tr "a12" 
11 2010000 P0 0_2_a12 "10000" TTP C
12 2010000 P2 0_2_a12 "10000" TTP C
17 2020000 Pile T 1.00 
10 2020000 PS P3 Idle "" 
10 2020000 PS P3 Tr "b22" 
11 2020000 P1 1_3_b22 "10000" TTP C
12 2020000 P3 1_3_b22 "10000" TTP C
17 2020000 Pile T 1.00 
10 2020000 PS P4 Idle "" 
10 2020000 PS P4 Tr "b54" 
11 2020000 P0 0_4_b54 "10000" TTP C
12 2020000 P4 0_4_b54 "10000" TTP C
17 2020000 Pile T 1.00 
10 2020000 PS P5 Idle "" 
10 2020000 PS P5 Tr "a15" 
11 2020000 P1 1_5_a15 "10000" TTP C
12 2020000 P5 1_5_a15 "10000" TTP C
10 2020000 PS P2 Tr "b22" 
11 2020000 P1 1_2_b22 "10000" TTP C
12 2020000 P2 1_2_b22 "10000" TTP C
10 2030000 PS P3 Exec "a22*b22" 
10 2030000 PS P4 Tr "a35" 
11 2030000 P0 0_4_a35 "10000" TTP C
12 2030000 P4 0_4_a35 "10000" TTP C
10 2030000 PS P5 Tr "b54" 
11 2030000 P0 0_5_b54 "10000" TTP C
12 2030000 P5 0_5_b54 "10000" TTP C
10 2030000 PS P2 Exec "a12*b22" 
10 2040000 PS P4 Exec "a35*b54" 
10 2040000 PS P5 Exec "a15*b54" 
17 2760000 Pile T 1.00 
10 2760000 PS P0 Idle "" 
10 2760000 PS P0 Exec "a55*b54" 
17 2780000 Pile T 1.00 
10 2780000 PS P1 Idle "" 
10 2780000 PS P1 Tr "b54" 
11 2780000 P0 0_1_b54 "10000" TTP C
12 2780000 P1 0_1_b54 "10000" TTP C
10 2790000 PS P1 Tr "a25" 
11 2790000 P0 0_1_a25 "10000" TTP C
12 2790000 P1 0_1_a25 "10000" TTP C
10 2800000 PS P1 Exec "a25*b54" 
17 3030000 Pile T 1.00 
10 3030000 PS P3 Idle "" 
10 3030000 PS P3 Tr "a45" 
11 3030000 P0 0_3_a45 "10000" TTP C
12 3030000 P3 0_3_a45 "10000" TTP C
17 3030000 Pile T 1.00 
10 3030000 PS P2 Idle "" 
10 3030000 PS P2 Tr "a13" 
11 3030000 P0 0_2_a13 "10000" TTP C
12 3030000 P2 0_2_a13 "10000" TTP C
17 3040000 Pile T 1.00 
10 3040000 PS P4 Idle "" 
10 3040000 PS P4 Tr "b32" 
11 3040000 P1 1_4_b32 "10000" TTP C
12 3040000 P4 1_4_b32 "10000" TTP C
17 3040000 Pile T 1.00 
10 3040000 PS P5 Idle "" 
10 3040000 PS P5 Tr "b32" 
11 3040000 P1 1_5_b32 "10000" TTP C
12 3040000 P5 1_5_b32 "10000" TTP C
10 3040000 PS P3 Tr "b54" 
11 3040000 P0 0_3_b54 "10000" TTP C
12 3040000 P3 0_3_b54 "10000" TTP C
10 3040000 PS P2 Tr "b32" 
11 3040000 P1 1_2_b32 "10000" TTP C
12 3040000 P2 1_2_b32 "10000" TTP C
10 3050000 PS P4 Exec "a33*b32" 
10 3050000 PS P5 Tr "a23" 
11 3050000 P3 3_5_a23 "10000" TTP C
12 3050000 P5 3_5_a23 "10000" TTP C
10 3050000 PS P3 Exec "a45*b54" 
10 3050000 PS P2 Exec "a13*b32" 
10 3060000 PS P5 Exec "a23*b32" 
17 3760000 Pile T 1.00 
10 3760000 PS P0 Idle "" 
10 3760000 PS P0 Tr "b32" 
11 3760000 P1 1_0_b32 "10000" TTP C
12 3760000 P0 1_0_b32 "10000" TTP C
10 3770000 PS P0 Exec "a53*b32" 
17 3800000 Pile T 1.00 
10 3800000 PS P1 Idle "" 
10 3800000 PS P1 Tr "a43" 
11 3800000 P0 0_1_a43 "10000" TTP C
12 3800000 P1 0_1_a43 "10000" TTP C
10 3810000 PS P1 Exec "a43*b32" 
17 4050000 Pile T 1.00 
10 4050000 PS P4 Idle "" 
10 4050000 PS P4 Tr "b34" 
11 4050000 P0 0_4_b34 "10000" TTP C
12 4050000 P4 0_4_b34 "10000" TTP C
17 4050000 Pile T 1.00 
10 4050000 PS P3 Idle "" 
10 4050000 PS P3 Tr "a53" 
11 4050000 P0 0_3_a53 "10000" TTP C
12 4050000 P3 0_3_a53 "10000" TTP C
17 4050000 Pile T 1.00 
10 4050000 PS P2 Idle "" 
10 4050000 PS P2 Tr "b34" 
11 4050000 P0 0_2_b34 "10000" TTP C
12 4050000 P2 0_2_b34 "10000" TTP C
17 4060000 Pile T 1.00 
10 4060000 PS P5 Idle "" 
10 4060000 PS P5 Tr "b34" 
11 4060000 P0 0_5_b34 "10000" TTP C
12 4060000 P5 0_5_b34 "10000" TTP C
10 4060000 PS P4 Tr "a43" 
11 4060000 P0 0_4_a43 "10000" TTP C
12 4060000 P4 0_4_a43 "10000" TTP C
10 4060000 PS P3 Tr "b34" 
11 4060000 P0 0_3_b34 "10000" TTP C
12 4060000 P3 0_3_b34 "10000" TTP C
10 4060000 PS P2 Tr "a23" 
11 4060000 P3 3_2_a23 "10000" TTP C
12 4060000 P2 3_2_a23 "10000" TTP C
10 4070000 PS P5 Tr "a13" 
11 4070000 P0 0_5_a13 "10000" TTP C
12 4070000 P5 0_5_a13 "10000" TTP C
10 4070000 PS P4 Exec "a43*b34" 
10 4070000 PS P3 Exec "a53*b34" 
10 4070000 PS P2 Exec "a23*b34" 
10 4080000 PS P5 Exec "a13*b34" 
17 4770000 Pile T 1.00 
10 4770000 PS P0 Idle "" 
10 4770000 PS P0 Tr "a33" 
11 4770000 P4 4_0_a33 "10000" TTP C
12 4770000 P0 4_0_a33 "10000" TTP C
10 4780000 PS P0 Exec "a33*b34" 
17 4810000 Pile T 1.00 
10 4810000 PS P1 Idle "" 
10 4810000 PS P1 Tr "a41" 
11 4810000 P0 0_1_a41 "10000" TTP C
12 4810000 P1 0_1_a41 "10000" TTP C
10 4820000 PS P1 Exec "a41*b11" 
17 5070000 Pile T 1.00 
10 5070000 PS P4 Idle "" 
10 5070000 PS P4 Tr "a11" 
11 5070000 P0 0_4_a11 "10000" TTP C
12 5070000 P4 0_4_a11 "10000" TTP C
17 5070000 Pile T 1.00 
10 5070000 PS P3 Idle "" 
10 5070000 PS P3 Tr "b11" 
11 5070000 P1 1_3_b11 "10000" TTP C
12 5070000 P3 1_3_b11 "10000" TTP C
17 5070000 Pile T 1.00 
10 5070000 PS P2 Idle "" 
10 5070000 PS P2 Tr "b11" 
11 5070000 P1 1_2_b11 "10000" TTP C
12 5070000 P2 1_2_b11 "10000" TTP C
17 5080000 Pile T 1.00 
10 5080000 PS P5 Idle "" 
10 5080000 PS P5 Tr "a21" 
11 5080000 P0 0_5_a21 "10000" TTP C
12 5080000 P5 0_5_a21 "10000" TTP C
10 5080000 PS P4 Tr "b11" 
11 5080000 P1 1_4_b11 "10000" TTP C
12 5080000 P4 1_4_b11 "10000" TTP C
10 5080000 PS P3 Tr "a31" 
11 5080000 P0 0_3_a31 "10000" TTP C
12 5080000 P3 0_3_a31 "10000" TTP C
10 5080000 PS P2 Tr "a51" 
11 5080000 P0 0_2_a51 "10000" TTP C
12 5080000 P2 0_2_a51 "10000" TTP C
10 5090000 PS P5 Tr "b11" 
11 5090000 P1 1_5_b11 "10000" TTP C
12 5090000 P5 1_5_b11 "10000" TTP C
10 5090000 PS P4 Exec "a11*b11" 
10 5090000 PS P3 Exec "a31*b11" 
10 5090000 PS P2 Exec "a51*b11" 
10 5100000 PS P5 Exec "a21*b11" 
17 5780000 Pile T 1.00 
10 5780000 PS P0 Idle "" 
10 5780000 PS P0 Exec "a32*b21" 
17 5820000 Pile T 1.00 
10 5820000 PS P1 Idle "" 
10 5820000 PS P1 Tr "b21" 
11 5820000 P0 0_1_b21 "10000" TTP C
12 5820000 P1 0_1_b21 "10000" TTP C
10 5830000 PS P1 Exec "a12*b21" 
17 6090000 Pile T 1.00 
10 6090000 PS P4 Idle "" 
10 6090000 PS P4 Tr "a42" 
11 6090000 P2 2_4_a42 "10000" TTP C
12 6090000 P4 2_4_a42 "10000" TTP C
17 6090000 Pile T 1.00 
10 6090000 PS P3 Idle "" 
10 6090000 PS P3 Tr "a52" 
11 6090000 P0 0_3_a52 "10000" TTP C
12 6090000 P3 0_3_a52 "10000" TTP C
17 6090000 Pile T 1.00 
10 6090000 PS P2 Idle "" 
10 6090000 PS P2 Tr "b21" 
11 6090000 P0 0_2_b21 "10000" TTP C
12 6090000 P2 0_2_b21 "10000" TTP C
17 6100000 Pile T 1.00 
10 6100000 PS P5 Idle "" 
10 6100000 PS P5 Tr "a33" 
11 6100000 P4 4_5_a33 "10000" TTP C
12 6100000 P5 4_5_a33 "10000" TTP C
10 6100000 PS P4 Tr "b21" 
11 6100000 P0 0_4_b21 "10000" TTP C
12 6100000 P4 0_4_b21 "10000" TTP C
10 6100000 PS P3 Tr "b21" 
11 6100000 P0 0_3_b21 "10000" TTP C
12 6100000 P3 0_3_b21 "10000" TTP C
10 6100000 PS P2 Tr "a22" 
11 6100000 P0 0_2_a22 "10000" TTP C
12 6100000 P2 0_2_a22 "10000" TTP C
10 6110000 PS P5 Tr "b35" 
11 6110000 P1 1_5_b35 "10000" TTP C
12 6110000 P5 1_5_b35 "10000" TTP C
10 6110000 PS P4 Exec "a42*b21" 
10 6110000 PS P3 Exec "a52*b21" 
10 6110000 PS P2 Exec "a22*b21" 
10 6120000 PS P5 Exec "a33*b35" 
17 6780000 Pile T 1.00 
10 6780000 PS P0 Idle "" 
10 6780000 PS P0 Tr "b35" 
11 6780000 P1 1_0_b35 "10000" TTP C
12 6780000 P0 1_0_b35 "10000" TTP C
10 6790000 PS P0 Exec "a13*b35" 
17 6830000 Pile T 1.00 
10 6830000 PS P1 Idle "" 
10 6830000 PS P1 Tr "a53" 
11 6830000 P0 0_1_a53 "10000" TTP C
12 6830000 P1 0_1_a53 "10000" TTP C
10 6840000 PS P1 Exec "a53*b35" 
17 7110000 Pile T 1.00 
10 7110000 PS P4 Idle "" 
10 7110000 PS P4 Tr "a23" 
11 7110000 P3 3_4_a23 "10000" TTP C
12 7110000 P4 3_4_a23 "10000" TTP C
17 7110000 Pile T 1.00 
10 7110000 PS P3 Idle "" 
10 7110000 PS P3 Tr "b35" 
11 7110000 P1 1_3_b35 "10000" TTP C
12 7110000 P3 1_3_b35 "10000" TTP C
17 7110000 Pile T 1.00 
10 7110000 PS P2 Idle "" 
10 7110000 PS P2 Tr "a34" 
11 7110000 P0 0_2_a34 "10000" TTP C
12 7110000 P2 0_2_a34 "10000" TTP C
17 7120000 Pile T 1.00 
10 7120000 PS P5 Idle "" 
10 7120000 PS P5 Tr "b45" 
11 7120000 P0 0_5_b45 "10000" TTP C
12 7120000 P5 0_5_b45 "10000" TTP C
10 7120000 PS P4 Tr "b35" 
11 7120000 P1 1_4_b35 "10000" TTP C
12 7120000 P4 1_4_b35 "10000" TTP C
10 7120000 PS P3 Tr "a43" 
11 7120000 P0 0_3_a43 "10000" TTP C
12 7120000 P3 0_3_a43 "10000" TTP C
10 7120000 PS P2 Tr "b45" 
11 7120000 P0 0_2_b45 "10000" TTP C
12 7120000 P2 0_2_b45 "10000" TTP C
10 7130000 PS P5 Tr "a24" 
11 7130000 P0 0_5_a24 "10000" TTP C
12 7130000 P5 0_5_a24 "10000" TTP C
10 7130000 PS P4 Exec "a23*b35" 
10 7130000 PS P3 Exec "a43*b35" 
10 7130000 PS P2 Exec "a34*b45" 
10 7140000 PS P5 Exec "a24*b45" 
17 7790000 Pile T 1.00 
10 7790000 PS P0 Idle "" 
10 7790000 PS P0 Exec "a44*b45" 
17 7840000 Pile T 1.00 
10 7840000 PS P1 Idle "" 
10 7840000 PS P1 Tr "b45" 
11 7840000 P0 0_1_b45 "10000" TTP C
12 7840000 P1 0_1_b45 "10000" TTP C
10 7850000 PS P1 Tr "a14" 
11 7850000 P5 5_1_a14 "10000" TTP C
12 7850000 P1 5_1_a14 "10000" TTP C
10 7860000 PS P1 Exec "a14*b45" 
17 8130000 Pile T 1.00 
10 8130000 PS P4 Idle "" 
10 8130000 PS P4 Tr "a54" 
11 8130000 P0 0_4_a54 "10000" TTP C
12 8130000 P4 0_4_a54 "10000" TTP C
17 8130000 Pile T 1.00 
10 8130000 PS P3 Idle "" 
10 8130000 PS P3 Tr "b14" 
11 8130000 P1 1_3_b14 "10000" TTP C
12 8130000 P3 1_3_b14 "10000" TTP C
17 8130000 Pile T 1.00 
10 8130000 PS P2 Idle "" 
10 8130000 PS P2 Tr "b14" 
11 8130000 P1 1_2_b14 "10000" TTP C
12 8130000 P2 1_2_b14 "10000" TTP C
17 8140000 Pile T 1.00 
10 8140000 PS P5 Idle "" 
10 8140000 PS P5 Tr "a31" 
11 8140000 P0 0_5_a31 "10000" TTP C
12 8140000 P5 0_5_a31 "10000" TTP C
10 8140000 PS P4 Tr "b45" 
11 8140000 P0 0_4_b45 "10000" TTP C
12 8140000 P4 0_4_b45 "10000" TTP C
10 8140000 PS P3 Tr "a41" 
11 8140000 P0 0_3_a41 "10000" TTP C
12 8140000 P3 0_3_a41 "10000" TTP C
10 8140000 PS P2 Exec "a51*b14" 
10 8150000 PS P5 Tr "b14" 
11 8150000 P1 1_5_b14 "10000" TTP C
12 8150000 P5 1_5_b14 "10000" TTP C
10 8150000 PS P4 Exec "a54*b45" 
10 8150000 PS P3 Exec "a41*b14" 
10 8160000 PS P5 Exec "a31*b14" 
17 8790000 Pile T 1.00 
10 8790000 PS P0 Idle "" 
10 8790000 PS P0 Tr "b14" 
11 8790000 P1 1_0_b14 "10000" TTP C
12 8790000 P0 1_0_b14 "10000" TTP C
10 8800000 PS P0 Exec "a21*b14" 
17 8860000 Pile T 1.00 
10 8860000 PS P1 Idle "" 
10 8860000 PS P1 Tr "a11" 
11 8860000 P0 0_1_a11 "10000" TTP C
12 8860000 P1 0_1_a11 "10000" TTP C
10 8870000 PS P1 Exec "a11*b14" 
17 9140000 Pile T 1.00 
10 9140000 PS P2 Idle "" 
10 9140000 PS P2 Tr "a14" 
11 9140000 P5 5_2_a14 "10000" TTP C
12 9140000 P2 5_2_a14 "10000" TTP C
17 9150000 Pile T 1.00 
10 9150000 PS P4 Idle "" 
10 9150000 PS P4 Tr "b43" 
11 9150000 P0 0_4_b43 "10000" TTP C
12 9150000 P4 0_4_b43 "10000" TTP C
17 9150000 Pile T 1.00 
10 9150000 PS P3 Idle "" 
10 9150000 PS P3 Tr "b43" 
11 9150000 P0 0_3_b43 "10000" TTP C
12 9150000 P3 0_3_b43 "10000" TTP C
10 9150000 PS P2 Tr "b43" 
11 9150000 P0 0_2_b43 "10000" TTP C
12 9150000 P2 0_2_b43 "10000" TTP C
17 9160000 Pile T 1.00 
10 9160000 PS P5 Idle "" 
10 9160000 PS P5 Tr "b43" 
11 9160000 P0 0_5_b43 "10000" TTP C
12 9160000 P5 0_5_b43 "10000" TTP C
10 9160000 PS P4 Exec "a54*b43" 
10 9160000 PS P3 Tr "a24" 
11 9160000 P0 0_3_a24 "10000" TTP C
12 9160000 P3 0_3_a24 "10000" TTP C
10 9160000 PS P2 Exec "a14*b43" 
10 9170000 PS P5 Tr "a34" 
11 9170000 P0 0_5_a34 "10000" TTP C
12 9170000 P5 0_5_a34 "10000" TTP C
10 9170000 PS P3 Exec "a24*b43" 
10 9180000 PS P5 Exec "a34*b43" 
17 9800000 Pile T 1.00 
10 9800000 PS P0 Idle "" 
10 9800000 PS P0 Exec "a44*b43" 
17 9870000 Pile T 1.00 
10 9870000 PS P1 Idle "" 
10 9870000 PS P1 Exec "a14*b41" 
17 10160000 Pile T 1.00 
10 10160000 PS P4 Idle "" 
10 10160000 PS P4 Tr "a24" 
11 10160000 P0 0_4_a24 "10000" TTP C
12 10160000 P4 0_4_a24 "10000" TTP C
17 10160000 Pile T 1.00 
10 10160000 PS P2 Idle "" 
10 10160000 PS P2 Tr "a44" 
11 10160000 P0 0_2_a44 "10000" TTP C
12 10160000 P2 0_2_a44 "10000" TTP C
17 10170000 Pile T 1.00 
10 10170000 PS P3 Idle "" 
10 10170000 PS P3 Tr "b41" 
11 10170000 P1 1_3_b41 "10000" TTP C
12 10170000 P3 1_3_b41 "10000" TTP C
10 10170000 PS P4 Tr "b41" 
11 10170000 P1 1_4_b41 "10000" TTP C
12 10170000 P4 1_4_b41 "10000" TTP C
10 10170000 PS P2 Tr "b41" 
11 10170000 P1 1_2_b41 "10000" TTP C
12 10170000 P2 1_2_b41 "10000" TTP C
17 10180000 Pile T 1.00 
10 10180000 PS P5 Idle "" 
10 10180000 PS P5 Tr "b41" 
11 10180000 P1 1_5_b41 "10000" TTP C
12 10180000 P5 1_5_b41 "10000" TTP C
10 10180000 PS P3 Tr "a54" 
11 10180000 P0 0_3_a54 "10000" TTP C
12 10180000 P3 0_3_a54 "10000" TTP C
10 10180000 PS P4 Exec "a24*b41" 
10 10180000 PS P2 Exec "a44*b41" 
10 10190000 PS P5 Exec "a34*b41" 
10 10190000 PS P3 Exec "a54*b41" 
17 10800000 Pile T 1.00 
10 10800000 PS P0 Idle "" 
10 10800000 PS P0 Exec "a11*b15" 
17 10870000 Pile T 1.00 
10 10870000 PS P1 Idle "" 
10 10870000 PS P1 Tr "b15" 
11 10870000 P0 0_1_b15 "10000" TTP C
12 10870000 P1 0_1_b15 "10000" TTP C
10 10880000 PS P1 Exec "a41*b15" 
17 11180000 Pile T 1.00 
10 11180000 PS P4 Idle "" 
10 11180000 PS P4 Tr "a51" 
11 11180000 P0 0_4_a51 "10000" TTP C
12 11180000 P4 0_4_a51 "10000" TTP C
17 11180000 Pile T 1.00 
10 11180000 PS P2 Idle "" 
10 11180000 PS P2 Tr "a21" 
11 11180000 P0 0_2_a21 "10000" TTP C
12 11180000 P2 0_2_a21 "10000" TTP C
17 11190000 Pile T 1.00 
10 11190000 PS P5 Idle "" 
10 11190000 PS P5 Tr "b15" 
11 11190000 P0 0_5_b15 "10000" TTP C
12 11190000 P5 0_5_b15 "10000" TTP C
17 11190000 Pile T 1.00 
10 11190000 PS P3 Idle "" 
10 11190000 PS P3 Tr "b53" 
11 11190000 P1 1_3_b53 "10000" TTP C
12 11190000 P3 1_3_b53 "10000" TTP C
10 11190000 PS P4 Tr "b15" 
11 11190000 P0 0_4_b15 "10000" TTP C
12 11190000 P4 0_4_b15 "10000" TTP C
10 11190000 PS P2 Tr "b15" 
11 11190000 P0 0_2_b15 "10000" TTP C
12 11190000 P2 0_2_b15 "10000" TTP C
10 11200000 PS P5 Exec "a31*b15" 
10 11200000 PS P3 Tr "a25" 
11 11200000 P0 0_3_a25 "10000" TTP C
12 11200000 P3 0_3_a25 "10000" TTP C
10 11200000 PS P4 Exec "a51*b15" 
10 11200000 PS P2 Exec "a21*b15" 
10 11210000 PS P3 Exec "a25*b53" 
17 11800000 Pile T 1.00 
10 11800000 PS P0 Idle "" 
10 11800000 PS P0 Tr "b53" 
11 11800000 P1 1_0_b53 "10000" TTP C
12 11800000 P0 1_0_b53 "10000" TTP C
10 11810000 PS P0 Exec "a35*b53" 
17 11880000 Pile T 1.00 
10 11880000 PS P1 Idle "" 
10 11880000 PS P1 Tr "a45" 
11 11880000 P0 0_1_a45 "10000" TTP C
12 11880000 P1 0_1_a45 "10000" TTP C
10 11890000 PS P1 Exec "a45*b53" 
17 12200000 Pile T 1.00 
10 12200000 PS P5 Idle "" 
10 12200000 PS P5 Tr "b53" 
11 12200000 P1 1_5_b53 "10000" TTP C
12 12200000 P5 1_5_b53 "10000" TTP C
17 12200000 Pile T 1.00 
10 12200000 PS P4 Idle "" 
10 12200000 PS P4 Tr "b53" 
11 12200000 P1 1_4_b53 "10000" TTP C
12 12200000 P4 1_4_b53 "10000" TTP C
17 12200000 Pile T 1.00 
10 12200000 PS P2 Idle "" 
10 12200000 PS P2 Tr "b25" 
11 12200000 P0 0_2_b25 "10000" TTP C
12 12200000 P2 0_2_b25 "10000" TTP C
17 12210000 Pile T 1.00 
10 12210000 PS P3 Idle "" 
10 12210000 PS P3 Tr "b25" 
11 12210000 P0 0_3_b25 "10000" TTP C
12 12210000 P3 0_3_b25 "10000" TTP C
10 12210000 PS P5 Exec "a15*b53" 
10 12210000 PS P4 Tr "a55" 
11 12210000 P0 0_4_a55 "10000" TTP C
12 12210000 P4 0_4_a55 "10000" TTP C
10 12210000 PS P2 Exec "a42*b25" 
10 12220000 PS P3 Exec "a52*b25" 
10 12220000 PS P4 Exec "a55*b53" 
17 12810000 Pile T 1.00 
10 12810000 PS P0 Idle "" 
10 12810000 PS P0 Exec "a12*b25" 
17 12890000 Pile T 1.00 
10 12890000 PS P1 Idle "" 
10 12890000 PS P1 Tr "a22" 
11 12890000 P0 0_1_a22 "10000" TTP C
12 12890000 P1 0_1_a22 "10000" TTP C
10 12900000 PS P1 Tr "b25" 
11 12900000 P0 0_1_b25 "10000" TTP C
12 12900000 P1 0_1_b25 "10000" TTP C
10 12910000 PS P1 Exec "a22*b25" 
17 13210000 Pile T 1.00 
10 13210000 PS P5 Idle "" 
10 13210000 PS P5 Tr "a32" 
11 13210000 P0 0_5_a32 "10000" TTP C
12 13210000 P5 0_5_a32 "10000" TTP C
17 13210000 Pile T 1.00 
16 13210000 Pile T 1.00 
10 13210000 PS P2 Idle "" 
10 13210000 PS P2 Tr "b12" 
11 13210000 P1 1_2_b12 "10000" TTP C
12 13210000 P2 1_2_b12 "10000" TTP C
17 13220000 Pile T 1.00 
16 13220000 Pile T 1.00 
10 13220000 PS P3 Idle "" 
10 13220000 PS P3 Tr "b12" 
11 13220000 P1 1_3_b12 "10000" TTP C
12 13220000 P3 1_3_b12 "10000" TTP C
17 13220000 Pile T 1.00 
10 13220000 PS P4 Idle "" 
10 13220000 PS P4 Tr "b12" 
11 13220000 P1 1_4_b12 "10000" TTP C
12 13220000 P4 1_4_b12 "10000" TTP C
10 13220000 PS P5 Tr "b25" 
11 13220000 P0 0_5_b25 "10000" TTP C
12 13220000 P5 0_5_b25 "10000" TTP C
10 13220000 PS P2 Exec "a51*b12" 
10 13230000 PS P3 Exec "a31*b12" 
10 13230000 PS P4 Exec "a11*b12" 
10 13230000 PS P5 Exec "a32*b25" 
17 13810000 Pile T 1.00 
16 13810000 Pile T 1.00 
10 13810000 PS P0 Idle "" 
10 13810000 PS P0 Tr "b12" 
11 13810000 P1 1_0_b12 "10000" TTP C
12 13810000 P0 1_0_b12 "10000" TTP C
10 13820000 PS P0 Exec "a21*b12" 
17 13910000 Pile T 1.00 
16 13910000 Pile T 1.00 
10 13910000 PS P1 Idle "" 
10 13910000 PS P1 Exec "a41*b12" 
17 14220000 Pile T 1.00 
10 14220000 PS P2 Idle "" 
10 14220000 PS P2 Tr "b51" 
11 14220000 P0 0_2_b51 "10000" TTP C
12 14220000 P2 0_2_b51 "10000" TTP C
17 14230000 Pile T 1.00 
10 14230000 PS P3 Idle "" 
10 14230000 PS P3 Tr "a55" 
11 14230000 P0 0_3_a55 "10000" TTP C
12 14230000 P3 0_3_a55 "10000" TTP C
17 14230000 Pile T 1.00 
10 14230000 PS P4 Idle "" 
10 14230000 PS P4 Tr "b51" 
11 14230000 P0 0_4_b51 "10000" TTP C
12 14230000 P4 0_4_b51 "10000" TTP C
17 14230000 Pile T 1.00 
16 14230000 Pile T 1.00 
10 14230000 PS P5 Idle "" 
10 14230000 PS P5 Tr "a35" 
11 14230000 P0 0_5_a35 "10000" TTP C
12 14230000 P5 0_5_a35 "10000" TTP C
10 14230000 PS P2 Tr "a25" 
11 14230000 P0 0_2_a25 "10000" TTP C
12 14230000 P2 0_2_a25 "10000" TTP C
10 14240000 PS P3 Tr "b51" 
11 14240000 P0 0_3_b51 "10000" TTP C
12 14240000 P3 0_3_b51 "10000" TTP C
10 14240000 PS P4 Tr "a15" 
11 14240000 P1 1_4_a15 "10000" TTP C
12 14240000 P4 1_4_a15 "10000" TTP C
10 14240000 PS P5 Tr "b51" 
11 14240000 P0 0_5_b51 "10000" TTP C
12 14240000 P5 0_5_b51 "10000" TTP C
10 14240000 PS P2 Exec "a25*b51" 
10 14250000 PS P3 Exec "a55*b51" 
10 14250000 PS P4 Exec "a15*b51" 
10 14250000 PS P5 Exec "a35*b51" 
17 14820000 Pile T 1.00 
10 14820000 PS P0 Idle "" 
10 14820000 PS P0 Exec "a45*b51" 
17 14910000 Pile T 1.00 
10 14910000 PS P1 Idle "" 
10 14910000 PS P1 Exec "a42*b24" 
17 15240000 Pile T 1.00 
10 15240000 PS P2 Idle "" 
10 15240000 PS P2 Tr "b24" 
11 15240000 P1 1_2_b24 "10000" TTP C
12 15240000 P2 1_2_b24 "10000" TTP C
17 15250000 Pile T 1.00 
10 15250000 PS P3 Idle "" 
10 15250000 PS P3 Tr "b24" 
11 15250000 P1 1_3_b24 "10000" TTP C
12 15250000 P3 1_3_b24 "10000" TTP C
17 15250000 Pile T 1.00 
10 15250000 PS P4 Idle "" 
10 15250000 PS P4 Tr "b24" 
11 15250000 P1 1_4_b24 "10000" TTP C
12 15250000 P4 1_4_b24 "10000" TTP C
17 15250000 Pile T 1.00 
10 15250000 PS P5 Idle "" 
10 15250000 PS P5 Tr "b24" 
11 15250000 P1 1_5_b24 "10000" TTP C
12 15250000 P5 1_5_b24 "10000" TTP C
10 15250000 PS P2 Exec "a12*b24" 
10 15260000 PS P3 Exec "a22*b24" 
10 15260000 PS P4 Exec "a32*b24" 
10 15260000 PS P5 Exec "a52*b24" 
17 15820000 Pile T 1.00 
10 15820000 PS P0 Idle "" 
10 15820000 PS P0 Exec "a45*b52" 
17 15910000 Pile T 1.00 
10 15910000 PS P1 Idle "" 
10 15910000 PS P1 Tr "b52" 
11 15910000 P0 0_1_b52 "10000" TTP C
12 15910000 P1 0_1_b52 "10000" TTP C
10 15920000 PS P1 Exec "a15*b52" 
17 16250000 Pile T 1.00 
10 16250000 PS P2 Idle "" 
10 16250000 PS P2 Tr "b52" 
11 16250000 P0 0_2_b52 "10000" TTP C
12 16250000 P2 0_2_b52 "10000" TTP C
17 16260000 Pile T 1.00 
10 16260000 PS P3 Idle "" 
10 16260000 PS P3 Tr "b52" 
11 16260000 P0 0_3_b52 "10000" TTP C
12 16260000 P3 0_3_b52 "10000" TTP C
17 16260000 Pile T 1.00 
10 16260000 PS P4 Idle "" 
10 16260000 PS P4 Tr "b52" 
11 16260000 P0 0_4_b52 "10000" TTP C
12 16260000 P4 0_4_b52 "10000" TTP C
17 16260000 Pile T 1.00 
10 16260000 PS P5 Idle "" 
10 16260000 PS P5 Tr "b13" 
11 16260000 P1 1_5_b13 "10000" TTP C
12 16260000 P5 1_5_b13 "10000" TTP C
10 16260000 PS P2 Tr "a35" 
11 16260000 P0 0_2_a35 "10000" TTP C
12 16260000 P2 0_2_a35 "10000" TTP C
10 16270000 PS P3 Exec "a25*b52" 
10 16270000 PS P4 Exec "a55*b52" 
10 16270000 PS P5 Exec "a31*b13" 
10 16270000 PS P2 Exec "a35*b52" 
17 16820000 Pile T 1.00 
10 16820000 PS P0 Idle "" 
10 16820000 PS P0 Tr "b13" 
11 16820000 P1 1_0_b13 "10000" TTP C
12 16820000 P0 1_0_b13 "10000" TTP C
10 16830000 PS P0 Exec "a11*b13" 
17 16920000 Pile T 1.00 
10 16920000 PS P1 Idle "" 
10 16920000 PS P1 Exec "a41*b13" 
17 17270000 Pile T 1.00 
10 17270000 PS P3 Idle "" 
10 17270000 PS P3 Tr "b13" 
11 17270000 P1 1_3_b13 "10000" TTP C
12 17270000 P3 1_3_b13 "10000" TTP C
17 17270000 Pile T 1.00 
10 17270000 PS P4 Idle "" 
10 17270000 PS P4 Tr "a21" 
11 17270000 P0 0_4_a21 "10000" TTP C
12 17270000 P4 0_4_a21 "10000" TTP C
17 17270000 Pile T 1.00 
10 17270000 PS P5 Idle "" 
10 17270000 PS P5 Tr "b44" 
11 17270000 P0 0_5_b44 "10000" TTP C
12 17270000 P5 0_5_b44 "10000" TTP C
17 17270000 Pile T 1.00 
10 17270000 PS P2 Idle "" 
10 17270000 PS P2 Tr "b44" 
11 17270000 P0 0_2_b44 "10000" TTP C
12 17270000 P2 0_2_b44 "10000" TTP C
10 17280000 PS P3 Tr "a51" 
11 17280000 P0 0_3_a51 "10000" TTP C
12 17280000 P3 0_3_a51 "10000" TTP C
10 17280000 PS P4 Tr "b13" 
11 17280000 P1 1_4_b13 "10000" TTP C
12 17280000 P4 1_4_b13 "10000" TTP C
10 17280000 PS P5 Exec "a14*b44" 
10 17280000 PS P2 Exec "a34*b44" 
10 17290000 PS P3 Exec "a51*b13" 
10 17290000 PS P4 Exec "a21*b13" 
17 17830000 Pile T 1.00 
10 17830000 PS P0 Idle "" 
10 17830000 PS P0 Exec "a44*b44" 
17 17920000 Pile T 1.00 
10 17920000 PS P1 Idle "" 
10 17920000 PS P1 Tr "a54" 
11 17920000 P0 0_1_a54 "10000" TTP C
12 17920000 P1 0_1_a54 "10000" TTP C
10 17930000 PS P1 Tr "b44" 
11 17930000 P0 0_1_b44 "10000" TTP C
12 17930000 P1 0_1_b44 "10000" TTP C
10 17940000 PS P1 Exec "a54*b44" 
17 18280000 Pile T 1.00 
16 18280000 Pile T 1.00 
10 18280000 PS P5 Idle "" 
10 18280000 PS P5 Exec "a24*b44" 
17 18280000 Pile T 1.00 
16 18280000 Pile T 1.00 
10 18280000 PS P2 Idle "" 
10 18280000 PS P2 Tr "a54" 
11 18280000 P0 0_2_a54 "10000" TTP C
12 18280000 P2 0_2_a54 "10000" TTP C
17 18290000 Pile T 1.00 
10 18290000 PS P3 Idle "" 
10 18290000 PS P3 Tr "a34" 
11 18290000 P0 0_3_a34 "10000" TTP C
12 18290000 P3 0_3_a34 "10000" TTP C
17 18290000 Pile T 1.00 
10 18290000 PS P4 Idle "" 
10 18290000 PS P4 Tr "a44" 
11 18290000 P0 0_4_a44 "10000" TTP C
12 18290000 P4 0_4_a44 "10000" TTP C
10 18290000 PS P2 Exec "a54*b42" 
10 18300000 PS P3 Tr "b42" 
11 18300000 P2 2_3_b42 "10000" TTP C
12 18300000 P3 2_3_b42 "10000" TTP C
10 18300000 PS P4 Tr "b42" 
11 18300000 P2 2_4_b42 "10000" TTP C
12 18300000 P4 2_4_b42 "10000" TTP C
10 18310000 PS P3 Exec "a34*b42" 
10 18310000 PS P4 Exec "a44*b42" 
17 18830000 Pile T 1.00 
16 18830000 Pile T 1.00 
10 18830000 PS P0 Idle "" 
10 18830000 PS P0 Tr "a14" 
11 18830000 P5 5_0_a14 "10000" TTP C
12 18830000 P0 5_0_a14 "10000" TTP C
10 18840000 PS P0 Tr "b42" 
11 18840000 P2 2_0_b42 "10000" TTP C
12 18840000 P0 2_0_b42 "10000" TTP C
10 18850000 PS P0 Exec "a14*b42" 
17 18940000 Pile T 1.00 
16 18940000 Pile T 1.00 
10 18940000 PS P1 Idle "" 
10 18940000 PS P1 Tr "a24" 
11 18940000 P0 0_1_a24 "10000" TTP C
12 18940000 P1 0_1_a24 "10000" TTP C
10 18950000 PS P1 Tr "b42" 
11 18950000 P2 2_1_b42 "10000" TTP C
12 18950000 P1 2_1_b42 "10000" TTP C
10 18960000 PS P1 Exec "a24*b42" 
17 19280000 Pile T 1.00 
16 19280000 Pile T 1.00 
10 19280000 PS P5 Idle "" 
10 19280000 PS P5 Tr "b33" 
11 19280000 P3 3_5_b33 "10000" TTP C
12 19280000 P5 3_5_b33 "10000" TTP C
17 19290000 Pile T 1.00 
16 19290000 Pile T 1.00 
10 19290000 PS P2 Idle "" 
10 19290000 PS P2 Tr "b33" 
11 19290000 P3 3_2_b33 "10000" TTP C
12 19290000 P2 3_2_b33 "10000" TTP C
10 19290000 PS P5 Exec "a33*b33" 
10 19300000 PS P2 Exec "a13*b33" 
17 19310000 Pile T 1.00 
16 19310000 Pile T 1.00 
10 19310000 PS P3 Idle "" 
10 19310000 PS P3 Exec "a23*b33" 
17 19310000 Pile T 1.00 
16 19310000 Pile T 1.00 
10 19310000 PS P4 Idle "" 
10 19310000 PS P4 Tr "a53" 
11 19310000 P0 0_4_a53 "10000" TTP C
12 19310000 P4 0_4_a53 "10000" TTP C
10 19320000 PS P4 Tr "b33" 
11 19320000 P3 3_4_b33 "10000" TTP C
12 19320000 P4 3_4_b33 "10000" TTP C
10 19330000 PS P4 Exec "a53*b33" 
17 19850000 Pile T 1.00 
16 19850000 Pile T 1.00 
10 19850000 PS P0 Idle "" 
10 19850000 PS P0 Tr "b33" 
11 19850000 P3 3_0_b33 "10000" TTP C
12 19850000 P0 3_0_b33 "10000" TTP C
10 19860000 PS P0 Exec "a43*b33" 
17 19960000 Pile T 1.00 
16 19960000 Pile T 1.00 
10 19960000 PS P1 Idle "" 
10 19960000 PS P1 Tr "b55" 
11 19960000 P4 4_1_b55 "10000" TTP C
12 19960000 P1 4_1_b55 "10000" TTP C
10 19970000 PS P1 Exec "a45*b55" 
17 20290000 Pile T 1.00 
16 20290000 Pile T 1.00 
10 20290000 PS P5 Idle "" 
10 20290000 PS P5 Tr "a25" 
11 20290000 P0 0_5_a25 "10000" TTP C
12 20290000 P5 0_5_a25 "10000" TTP C
17 20300000 Pile T 1.00 
16 20300000 Pile T 1.00 
10 20300000 PS P2 Idle "" 
10 20300000 PS P2 Tr "b55" 
11 20300000 P4 4_2_b55 "10000" TTP C
12 20300000 P2 4_2_b55 "10000" TTP C
10 20300000 PS P5 Tr "b55" 
11 20300000 P4 4_5_b55 "10000" TTP C
12 20300000 P5 4_5_b55 "10000" TTP C
17 20310000 Pile T 1.00 
16 20310000 Pile T 1.00 
10 20310000 PS P3 Idle "" 
10 20310000 PS P3 Tr "b55" 
11 20310000 P4 4_3_b55 "10000" TTP C
12 20310000 P3 4_3_b55 "10000" TTP C
10 20310000 PS P2 Tr "a15" 
11 20310000 P1 1_2_a15 "10000" TTP C
12 20310000 P2 1_2_a15 "10000" TTP C
10 20310000 PS P5 Exec "a25*b55" 
10 20320000 PS P3 Exec "a55*b55" 
10 20320000 PS P2 Exec "a15*b55" 
17 20330000 Pile T 1.00 
16 20330000 Pile T 1.00 
10 20330000 PS P4 Idle "" 
10 20330000 PS P4 Exec "a35*b55" 
17 20860000 Pile T 1.00 
16 20860000 Pile T 1.00 
10 20860000 PS P0 Idle "" 
10 20860000 PS P0 Tr "b31" 
11 20860000 P5 5_0_b31 "10000" TTP C
12 20860000 P0 5_0_b31 "10000" TTP C
10 20870000 PS P0 Exec "a53*b31" 
17 20970000 Pile T 1.00 
10 20970000 PS P1 Idle "" 
10 20970000 PS P1 Tr "b31" 
11 20970000 P5 5_1_b31 "10000" TTP C
12 20970000 P1 5_1_b31 "10000" TTP C
10 20980000 PS P1 Exec "a43*b31" 
17 21310000 Pile T 1.00 
10 21310000 PS P5 Idle "" 
10 21310000 PS P5 Exec "a23*b31" 
17 21320000 Pile T 1.00 
10 21320000 PS P3 Idle "" 
10 21320000 PS P3 Tr "b31" 
11 21320000 P5 5_3_b31 "10000" TTP C
12 21320000 P3 5_3_b31 "10000" TTP C
17 21320000 Pile T 1.00 
10 21320000 PS P2 Idle "" 
10 21320000 PS P2 Tr "b31" 
11 21320000 P5 5_2_b31 "10000" TTP C
12 21320000 P2 5_2_b31 "10000" TTP C
17 21330000 Pile T 1.00 
10 21330000 PS P4 Idle "" 
10 21330000 PS P4 Tr "a43*b35" 
11 21330000 P3 3_4_a43*b35 "10000" TTP C
12 21330000 P4 3_4_a43*b35 "10000" TTP C
10 21330000 PS P3 Tr "a13" 
11 21330000 P0 0_3_a13 "10000" TTP C
12 21330000 P3 0_3_a13 "10000" TTP C
10 21330000 PS P2 Tr "a33" 
11 21330000 P4 4_2_a33 "10000" TTP C
12 21330000 P2 4_2_a33 "10000" TTP C
10 21340000 PS P4 Tr "a42*b25" 
11 21340000 P2 2_4_a42*b25 "10000" TTP C
12 21340000 P4 2_4_a42*b25 "10000" TTP C
10 21340000 PS P3 Exec "a13*b31" 
10 21340000 PS P2 Exec "a33*b31" 
10 21350000 PS P4 Tr "a44*b45" 
11 21350000 P0 0_4_a44*b45 "10000" TTP C
12 21350000 P4 0_4_a44*b45 "10000" TTP C
10 21360000 PS P4 Tr "a41*b15" 
11 21360000 P1 1_4_a41*b15 "10000" TTP C
12 21360000 P4 1_4_a41*b15 "10000" TTP C
10 21370000 PS P4 Exec "C45" 
17 21410000 Pile T 1.00 
10 21410000 PS P4 Idle "" 
10 21410000 PS P4 Tr "a52*b25" 
11 21410000 P3 3_4_a52*b25 "10000" TTP C
12 21410000 P4 3_4_a52*b25 "10000" TTP C
10 21420000 PS P4 Tr "a53*b35" 
11 21420000 P1 1_4_a53*b35 "10000" TTP C
12 21420000 P4 1_4_a53*b35 "10000" TTP C
10 21430000 PS P4 Exec "C55" 
17 21470000 Pile T 1.00 
10 21470000 PS P4 Idle "" 
10 21470000 PS P4 Tr "a14*b45" 
11 21470000 P1 1_4_a14*b45 "10000" TTP C
12 21470000 P4 1_4_a14*b45 "10000" TTP C
10 21480000 PS P4 Tr "a11*b15" 
11 21480000 P0 0_4_a11*b15 "10000" TTP C
12 21480000 P4 0_4_a11*b15 "10000" TTP C
10 21490000 PS P4 Tr "a12*b25" 
11 21490000 P0 0_4_a12*b25 "10000" TTP C
12 21490000 P4 0_4_a12*b25 "10000" TTP C
10 21500000 PS P4 Tr "a13*b35" 
11 21500000 P0 0_4_a13*b35 "10000" TTP C
12 21500000 P4 0_4_a13*b35 "10000" TTP C
10 21510000 PS P4 Exec "C15" 
17 21550000 Pile T 1.00 
10 21550000 PS P4 Idle "" 
10 21550000 PS P4 Tr "a24*b45" 
11 21550000 P5 5_4_a24*b45 "10000" TTP C
12 21550000 P4 5_4_a24*b45 "10000" TTP C
10 21560000 PS P4 Tr "a22*b25" 
11 21560000 P1 1_4_a22*b25 "10000" TTP C
12 21560000 P4 1_4_a22*b25 "10000" TTP C
10 21570000 PS P4 Tr "a21*b15" 
11 21570000 P2 2_4_a21*b15 "10000" TTP C
12 21570000 P4 2_4_a21*b15 "10000" TTP C
10 21580000 PS P4 Exec "C25" 
17 21620000 Pile T 1.00 
10 21620000 PS P4 Idle "" 
10 21620000 PS P4 Tr "a34*b45" 
11 21620000 P2 2_4_a34*b45 "10000" TTP C
12 21620000 P4 2_4_a34*b45 "10000" TTP C
10 21630000 PS P4 Tr "a31*b15" 
11 21630000 P5 5_4_a31*b15 "10000" TTP C
12 21630000 P4 5_4_a31*b15 "10000" TTP C
10 21640000 PS P4 Tr "a33*b35" 
11 21640000 P5 5_4_a33*b35 "10000" TTP C
12 21640000 P4 5_4_a33*b35 "10000" TTP C
10 21650000 PS P4 Tr "a32*b25" 
11 21650000 P5 5_4_a32*b25 "10000" TTP C
12 21650000 P4 5_4_a32*b25 "10000" TTP C
10 21660000 PS P4 Exec "C35" 
17 21700000 Pile T 1.00 
10 21700000 PS P4 Idle "" 
10 21700000 PS P4 Tr "a12*b24" 
11 21700000 P2 2_4_a12*b24 "10000" TTP C
12 21700000 P4 2_4_a12*b24 "10000" TTP C
10 21710000 PS P4 Tr "a13*b34" 
11 21710000 P5 5_4_a13*b34 "10000" TTP C
12 21710000 P4 5_4_a13*b34 "10000" TTP C
10 21720000 PS P4 Tr "a14*b44" 
11 21720000 P5 5_4_a14*b44 "10000" TTP C
12 21720000 P4 5_4_a14*b44 "10000" TTP C
10 21730000 PS P4 Tr "a11*b14" 
11 21730000 P1 1_4_a11*b14 "10000" TTP C
12 21730000 P4 1_4_a11*b14 "10000" TTP C
10 21740000 PS P4 Exec "C14" 
17 21780000 Pile T 1.00 
10 21780000 PS P4 Idle "" 
10 21780000 PS P4 Tr "a31*b14" 
11 21780000 P5 5_4_a31*b14 "10000" TTP C
12 21780000 P4 5_4_a31*b14 "10000" TTP C
10 21790000 PS P4 Tr "a34*b44" 
11 21790000 P2 2_4_a34*b44 "10000" TTP C
12 21790000 P4 2_4_a34*b44 "10000" TTP C
10 21800000 PS P4 Tr "a33*b34" 
11 21800000 P0 0_4_a33*b34 "10000" TTP C
12 21800000 P4 0_4_a33*b34 "10000" TTP C
10 21810000 PS P4 Exec "C34" 
17 21850000 Pile T 1.00 
10 21850000 PS P4 Idle "" 
10 21850000 PS P4 Tr "a41*b14" 
11 21850000 P3 3_4_a41*b14 "10000" TTP C
12 21850000 P4 3_4_a41*b14 "10000" TTP C
10 21860000 PS P4 Tr "a42*b24" 
11 21860000 P1 1_4_a42*b24 "10000" TTP C
12 21860000 P4 1_4_a42*b24 "10000" TTP C
17 21870000 Pile T 1.00 
16 21870000 Pile T 1.00 
10 21870000 PS P0 Idle "" 
10 21870000 PS P0 Tr "a52*b24" 
11 21870000 P5 5_0_a52*b24 "10000" TTP C
12 21870000 P0 5_0_a52*b24 "10000" TTP C
10 21870000 PS P4 Tr "a44*b44" 
11 21870000 P0 0_4_a44*b44 "10000" TTP C
12 21870000 P4 0_4_a44*b44 "10000" TTP C
10 21880000 PS P0 Tr "a54*b44" 
11 21880000 P1 1_0_a54*b44 "10000" TTP C
12 21880000 P0 1_0_a54*b44 "10000" TTP C
10 21880000 PS P4 Exec "C44" 
10 21890000 PS P0 Tr "a53*b34" 
11 21890000 P3 3_0_a53*b34 "10000" TTP C
12 21890000 P0 3_0_a53*b34 "10000" TTP C
10 21900000 PS P0 Tr "a51*b14" 
11 21900000 P2 2_0_a51*b14 "10000" TTP C
12 21900000 P0 2_0_a51*b14 "10000" TTP C
10 21910000 PS P0 Exec "C54" 
17 21920000 Pile T 1.00 
10 21920000 PS P4 Idle "" 
10 21920000 PS P4 Tr "a21*b14" 
11 21920000 P0 0_4_a21*b14 "10000" TTP C
12 21920000 P4 0_4_a21*b14 "10000" TTP C
10 21930000 PS P4 Tr "a23*b34" 
11 21930000 P2 2_4_a23*b34 "10000" TTP C
12 21930000 P4 2_4_a23*b34 "10000" TTP C
10 21940000 PS P4 Tr "a24*b44" 
11 21940000 P5 5_4_a24*b44 "10000" TTP C
12 21940000 P4 5_4_a24*b44 "10000" TTP C
17 21950000 Pile T 1.00 
10 21950000 PS P0 Idle "" 
10 21950000 PS P0 Tr "a51*b12" 
11 21950000 P2 2_0_a51*b12 "10000" TTP C
12 21950000 P0 2_0_a51*b12 "10000" TTP C
10 21950000 PS P4 Tr "a22*b24" 
11 21950000 P3 3_4_a22*b24 "10000" TTP C
12 21950000 P4 3_4_a22*b24 "10000" TTP C
10 21960000 PS P0 Tr "a54*b42" 
11 21960000 P2 2_0_a54*b42 "10000" TTP C
12 21960000 P0 2_0_a54*b42 "10000" TTP C
10 21960000 PS P4 Exec "C24" 
10 21970000 PS P0 Tr "a52*b22" 
11 21970000 P5 5_0_a52*b22 "10000" TTP C
12 21970000 P0 5_0_a52*b22 "10000" TTP C
17 21980000 Pile T 1.00 
16 21980000 Pile T 1.00 
10 21980000 PS P1 Idle "" 
10 21980000 PS P1 Tr "a32*b22" 
11 21980000 P0 0_1_a32*b22 "10000" TTP C
12 21980000 P1 0_1_a32*b22 "10000" TTP C
10 21980000 PS P0 Exec "C52" 
10 21990000 PS P1 Tr "a33*b32" 
11 21990000 P4 4_1_a33*b32 "10000" TTP C
12 21990000 P1 4_1_a33*b32 "10000" TTP C
17 22000000 Pile T 1.00 
10 22000000 PS P4 Idle "" 
10 22000000 PS P4 Tr "a41*b12" 
11 22000000 P1 1_4_a41*b12 "10000" TTP C
12 22000000 P4 1_4_a41*b12 "10000" TTP C
10 22000000 PS P1 Tr "a34*b42" 
11 22000000 P3 3_1_a34*b42 "10000" TTP C
12 22000000 P1 3_1_a34*b42 "10000" TTP C
10 22010000 PS P4 Tr "a42*b22" 
11 22010000 P1 1_4_a42*b22 "10000" TTP C
12 22010000 P4 1_4_a42*b22 "10000" TTP C
10 22010000 PS P1 Tr "a31*b12" 
11 22010000 P3 3_1_a31*b12 "10000" TTP C
12 22010000 P1 3_1_a31*b12 "10000" TTP C
17 22020000 Pile T 1.00 
10 22020000 PS P0 Idle "" 
10 22020000 PS P0 Tr "a11*b12" 
11 22020000 P4 4_0_a11*b12 "10000" TTP C
12 22020000 P0 4_0_a11*b12 "10000" TTP C
10 22020000 PS P4 Tr "a43*b32" 
11 22020000 P1 1_4_a43*b32 "10000" TTP C
12 22020000 P4 1_4_a43*b32 "10000" TTP C
10 22020000 PS P1 Exec "C32" 
10 22030000 PS P0 Tr "a13*b32" 
11 22030000 P2 2_0_a13*b32 "10000" TTP C
12 22030000 P0 2_0_a13*b32 "10000" TTP C
10 22030000 PS P4 Exec "C42" 
10 22040000 PS P0 Tr "a12*b22" 
11 22040000 P2 2_0_a12*b22 "10000" TTP C
12 22040000 P0 2_0_a12*b22 "10000" TTP C
10 22050000 PS P0 Exec "C12" 
17 22060000 Pile T 1.00 
10 22060000 PS P1 Idle "" 
10 22060000 PS P1 Tr "a22*b22" 
11 22060000 P3 3_1_a22*b22 "10000" TTP C
12 22060000 P1 3_1_a22*b22 "10000" TTP C
17 22070000 Pile T 1.00 
10 22070000 PS P4 Idle "" 
10 22070000 PS P4 Tr "a34*b43" 
11 22070000 P5 5_4_a34*b43 "10000" TTP C
12 22070000 P4 5_4_a34*b43 "10000" TTP C
10 22070000 PS P1 Tr "a23*b32" 
11 22070000 P5 5_1_a23*b32 "10000" TTP C
12 22070000 P1 5_1_a23*b32 "10000" TTP C
10 22080000 PS P4 Tr "a31*b13" 
11 22080000 P5 5_4_a31*b13 "10000" TTP C
12 22080000 P4 5_4_a31*b13 "10000" TTP C
10 22080000 PS P1 Tr "a21*b12" 
11 22080000 P0 0_1_a21*b12 "10000" TTP C
12 22080000 P1 0_1_a21*b12 "10000" TTP C
17 22090000 Pile T 1.00 
10 22090000 PS P0 Idle "" 
10 22090000 PS P0 Tr "a14*b43" 
11 22090000 P2 2_0_a14*b43 "10000" TTP C
12 22090000 P0 2_0_a14*b43 "10000" TTP C
10 22090000 PS P4 Tr "a33*b33" 
11 22090000 P5 5_4_a33*b33 "10000" TTP C
12 22090000 P4 5_4_a33*b33 "10000" TTP C
10 22090000 PS P1 Exec "C22" 
10 22100000 PS P0 Tr "a13*b33" 
11 22100000 P2 2_0_a13*b33 "10000" TTP C
12 22100000 P0 2_0_a13*b33 "10000" TTP C
10 22100000 PS P4 Exec "C33" 
10 22110000 PS P0 Tr "a12*b23" 
11 22110000 P1 1_0_a12*b23 "10000" TTP C
12 22110000 P0 1_0_a12*b23 "10000" TTP C
10 22120000 PS P0 Exec "C13" 
17 22130000 Pile T 1.00 
10 22130000 PS P1 Idle "" 
10 22130000 PS P1 Tr "a24*b43" 
11 22130000 P3 3_1_a24*b43 "10000" TTP C
12 22130000 P1 3_1_a24*b43 "10000" TTP C
17 22140000 Pile T 1.00 
10 22140000 PS P4 Idle "" 
10 22140000 PS P4 Tr "a51*b13" 
11 22140000 P3 3_4_a51*b13 "10000" TTP C
12 22140000 P4 3_4_a51*b13 "10000" TTP C
10 22140000 PS P1 Tr "a21*b13" 
11 22140000 P4 4_1_a21*b13 "10000" TTP C
12 22140000 P1 4_1_a21*b13 "10000" TTP C
10 22150000 PS P4 Tr "a52*b23" 
11 22150000 P0 0_4_a52*b23 "10000" TTP C
12 22150000 P4 0_4_a52*b23 "10000" TTP C
10 22150000 PS P1 Tr "a23*b33" 
11 22150000 P3 3_1_a23*b33 "10000" TTP C
12 22150000 P1 3_1_a23*b33 "10000" TTP C
17 22160000 Pile T 1.00 
10 22160000 PS P0 Idle "" 
10 22160000 PS P0 Tr "a41*b13" 
11 22160000 P1 1_0_a41*b13 "10000" TTP C
12 22160000 P0 1_0_a41*b13 "10000" TTP C
10 22160000 PS P4 Exec "C53" 
10 22160000 PS P1 Tr "a22*b23" 
11 22160000 P3 3_1_a22*b23 "10000" TTP C
12 22160000 P1 3_1_a22*b23 "10000" TTP C
10 22170000 PS P0 Tr "a42*b23" 
11 22170000 P2 2_0_a42*b23 "10000" TTP C
12 22170000 P0 2_0_a42*b23 "10000" TTP C
10 22170000 PS P1 Exec "C23" 
10 22180000 PS P0 Exec "C43" 
17 22200000 Pile T 1.00 
10 22200000 PS P4 Idle "" 
10 22200000 PS P4 Tr "a53*b31" 
11 22200000 P0 0_4_a53*b31 "10000" TTP C
12 22200000 P4 0_4_a53*b31 "10000" TTP C
17 22210000 Pile T 1.00 
10 22210000 PS P1 Idle "" 
10 22210000 PS P1 Tr "a42*b21" 
11 22210000 P4 4_1_a42*b21 "10000" TTP C
12 22210000 P1 4_1_a42*b21 "10000" TTP C
10 22210000 PS P4 Tr "a54*b41" 
11 22210000 P3 3_4_a54*b41 "10000" TTP C
12 22210000 P4 3_4_a54*b41 "10000" TTP C
17 22220000 Pile T 1.00 
10 22220000 PS P0 Idle "" 
10 22220000 PS P1 Tr "a44*b41" 
11 22220000 P2 2_1_a44*b41 "10000" TTP C
12 22220000 P1 2_1_a44*b41 "10000" TTP C
10 22220000 PS P4 Tr "a51*b11" 
11 22220000 P2 2_4_a51*b11 "10000" TTP C
12 22220000 P4 2_4_a51*b11 "10000" TTP C
10 22230000 PS P1 Exec "C41" 
10 22230000 PS P4 Tr "a52*b21" 
11 22230000 P3 3_4_a52*b21 "10000" TTP C
12 22230000 P4 3_4_a52*b21 "10000" TTP C
10 22240000 PS P4 Exec "C51" 
17 22270000 Pile T 1.00 
10 22270000 PS P1 Idle "" 
17 22280000 Pile T 1.00 
10 22280000 PS P4 Idle "" 
17 22310000 Pile T 1.00 
16 22310000 Pile T 1.00 
10 22310000 PS P5 Idle "" 
10 22310000 PS P5 Tr "a24*b41" 
11 22310000 P4 4_5_a24*b41 "10000" TTP C
12 22310000 P5 4_5_a24*b41 "10000" TTP C
10 22320000 PS P5 Tr "a22*b21" 
11 22320000 P2 2_5_a22*b21 "10000" TTP C
12 22320000 P5 2_5_a22*b21 "10000" TTP C
10 22330000 PS P5 Exec "C21" 
17 22340000 Pile T 1.00 
16 22340000 Pile T 1.00 
10 22340000 PS P3 Idle "" 
10 22340000 PS P3 Tr "a12*b21" 
11 22340000 P1 1_3_a12*b21 "10000" TTP C
12 22340000 P3 1_3_a12*b21 "10000" TTP C
17 22340000 Pile T 1.00 
16 22340000 Pile T 1.00 
10 22340000 PS P2 Idle "" 
10 22340000 PS P2 Tr "a31*b11" 
11 22340000 P3 3_2_a31*b11 "10000" TTP C
12 22340000 P2 3_2_a31*b11 "10000" TTP C
10 22350000 PS P3 Tr "a11*b11" 
11 22350000 P4 4_3_a11*b11 "10000" TTP C
12 22350000 P3 4_3_a11*b11 "10000" TTP C
10 22350000 PS P2 Tr "a34*b41" 
11 22350000 P5 5_2_a34*b41 "10000" TTP C
12 22350000 P2 5_2_a34*b41 "10000" TTP C
10 22360000 PS P3 Tr "a14*b41" 
11 22360000 P1 1_3_a14*b41 "10000" TTP C
12 22360000 P3 1_3_a14*b41 "10000" TTP C
10 22360000 PS P2 Tr "a32*b21" 
11 22360000 P0 0_2_a32*b21 "10000" TTP C
12 22360000 P2 0_2_a32*b21 "10000" TTP C
17 22370000 Pile T 1.00 
10 22370000 PS P5 Idle "" 
10 22370000 PS P3 Exec "C11" 
10 22370000 PS P2 Exec "C31" 
17 22410000 Pile T 1.00 
10 22410000 PS P3 Idle "" 
17 22410000 Pile T 1.00 
16 22410000 Pile T 1.00 
10 22410000 PS P2 Idle "" 
10 22410000 PS P2 Tr "C33" 
11 22410000 P4 4_2_C33 "10000" TTP C
12 22410000 P2 4_2_C33 "10000" TTP C
10 22420000 PS P2 Tr "C51" 
11 22420000 P4 4_2_C51 "10000" TTP C
12 22420000 P2 4_2_C51 "10000" TTP C
10 22430000 PS P2 Tr "C32" 
11 22430000 P1 1_2_C32 "10000" TTP C
12 22430000 P2 1_2_C32 "10000" TTP C
10 22440000 PS P2 Tr "C12" 
11 22440000 P0 0_2_C12 "10000" TTP C
12 22440000 P2 0_2_C12 "10000" TTP C
10 22450000 PS P2 Tr "C55" 
11 22450000 P4 4_2_C55 "10000" TTP C
12 22450000 P2 4_2_C55 "10000" TTP C
10 22460000 PS P2 Tr "C15" 
11 22460000 P4 4_2_C15 "10000" TTP C
12 22460000 P2 4_2_C15 "10000" TTP C
10 22470000 PS P2 Tr "C25" 
11 22470000 P4 4_2_C25 "10000" TTP C
12 22470000 P2 4_2_C25 "10000" TTP C
10 22480000 PS P2 Tr "C34" 
11 22480000 P4 4_2_C34 "10000" TTP C
12 22480000 P2 4_2_C34 "10000" TTP C
10 22490000 PS P2 Tr "C41" 
11 22490000 P1 1_2_C41 "10000" TTP C
12 22490000 P2 1_2_C41 "10000" TTP C
10 22500000 PS P2 Tr "C14" 
11 22500000 P4 4_2_C14 "10000" TTP C
12 22500000 P2 4_2_C14 "10000" TTP C
10 22510000 PS P2 Tr "C35" 
11 22510000 P4 4_2_C35 "10000" TTP C
12 22510000 P2 4_2_C35 "10000" TTP C
10 22520000 PS P2 Tr "C13" 
11 22520000 P0 0_2_C13 "10000" TTP C
12 22520000 P2 0_2_C13 "10000" TTP C
10 22530000 PS P2 Tr "C22" 
11 22530000 P1 1_2_C22 "10000" TTP C
12 22530000 P2 1_2_C22 "10000" TTP C
10 22540000 PS P2 Tr "C43" 
11 22540000 P0 0_2_C43 "10000" TTP C
12 22540000 P2 0_2_C43 "10000" TTP C
10 22550000 PS P2 Tr "C45" 
11 22550000 P4 4_2_C45 "10000" TTP C
12 22550000 P2 4_2_C45 "10000" TTP C
10 22560000 PS P2 Tr "C52" 
11 22560000 P0 0_2_C52 "10000" TTP C
12 22560000 P2 0_2_C52 "10000" TTP C
10 22570000 PS P2 Tr "C24" 
11 22570000 P4 4_2_C24 "10000" TTP C
12 22570000 P2 4_2_C24 "10000" TTP C
10 22580000 PS P2 Tr "C11" 
11 22580000 P3 3_2_C11 "10000" TTP C
12 22580000 P2 3_2_C11 "10000" TTP C
10 22590000 PS P2 Tr "C53" 
11 22590000 P4 4_2_C53 "10000" TTP C
12 22590000 P2 4_2_C53 "10000" TTP C
10 22600000 PS P2 Tr "C44" 
11 22600000 P4 4_2_C44 "10000" TTP C
12 22600000 P2 4_2_C44 "10000" TTP C
10 22610000 PS P2 Tr "C23" 
11 22610000 P1 1_2_C23 "10000" TTP C
12 22610000 P2 1_2_C23 "10000" TTP C
10 22620000 PS P2 Tr "C21" 
11 22620000 P5 5_2_C21 "10000" TTP C
12 22620000 P2 5_2_C21 "10000" TTP C
10 22630000 PS P2 Tr "C42" 
11 22630000 P4 4_2_C42 "10000" TTP C
12 22630000 P2 4_2_C42 "10000" TTP C
10 22640000 PS P2 Tr "C54" 
11 22640000 P0 0_2_C54 "10000" TTP C
12 22640000 P2 0_2_C54 "10000" TTP C
10 22650000 PS P2 Exec "Fusion" 
17 23150000 Pile T 1.00 
10 23150000 PS P2 Idle "" 
8 23150000 Pile PL
8 23150000 P2 Pr
8 23150000 P3 Pr
8 23150000 P5 Pr
8 23150000 P4 Pr
8 23150000 P1 Pr
8 23150000 P0 Pr
8 23150000 TTP P
