%EventDef PajeDefineContainerType 1
% Alias string
% ContainerType string
% Name string
%EndEventDef
%EventDef PajeDefineStateType 3
% Alias string
% ContainerType string
% Name string
%EndEventDef
%EventDef PajeDefineLinkType 4
% Name string
% ContainerType string
% SourceContainerType string
% DestContainerType string
% Alias string
%EndEventDef
%EventDef PajeDefineEntityValue 6
% Alias string
% EntityType string
% Name string
% Color color
%EndEventDef
%EventDef PajeCreateContainer 7
% Time date
% Alias string
% Type string
% Container string
% Name string
%EndEventDef
%EventDef PajeDestroyContainer 8
% Time date
% Name string
% Type string
%EndEventDef
%EventDef PajeSetState 10
% Time date
% Type string
% Container string
% Value string
% file string
%EndEventDef
%EventDef PajeStartLink 11
% Time date
% SourceContainer string
% Key string
% Value string
% Container string
% Type string
%EndEventDef
%EventDef PajeEndLink 12
% Time date
% DestContainer string
% Key string
% Value string
% Container string
% Type string
%EndEventDef
%EventDef PajePushState	13
% Time	date
% EntityType	string
% Container	string
% Value	string
%EndEventDef
%EventDef PajeDefineVariableType 14
% Type string
% Name string
% Color color
% Alias string
%EndEventDef
%EventDef PajeSetVariable 15
% Time date
% Container string
% Type string
% Value double
%EndEventDef
%EventDef PajeAddVariable 16
% Time date
% Container string
% Type string
% Value double
%EndEventDef
%EventDef PajeSubVariable 17
% Time date
% Container string
% Type string
% Value double
%EndEventDef
1 P 0 Program
1 Pr P Processors
1 PL P Tasks
3 PS Pr "Processor State"
3 PF Pr "Ready File"
6 Exec PS Executing "2 .0 .1"
6 Idle PS Idle "8 .3 .0"
6 TR PS Transfer "0 .3 .8"
14 PL "Task" "1 .5 .5" T
7 0 TTP P 0 "Plate-forme"
4 "Communication" P Pr Pr C
7 0 Pile PL TTP "Pile 1"
7 0 P0 Pr TTP "P 0" 
10 0 PS P0 Idle "" 
7 0 P1 Pr TTP "P 1" 
10 0 PS P1 Idle "" 
7 0 P2 Pr TTP "P 2" 
10 0 PS P2 Idle "" 
7 0 P3 Pr TTP "P 3" 
10 0 PS P3 Idle "" 
7 0 P4 Pr TTP "P 4" 
10 0 PS P4 Idle "" 
7 0 P5 Pr TTP "P 5" 
10 0 PS P5 Idle "" 
7 0 P6 Pr TTP "P 6" 
10 0 PS P6 Idle "" 
7 0 P7 Pr TTP "P 7" 
10 0 PS P7 Idle "" 
7 0 P8 Pr TTP "P 8" 
10 0 PS P8 Idle "" 
7 0 P9 Pr TTP "P 9" 
10 0 PS P9 Idle "" 
10 0 PS P0 Exec "split-a" 
10 0 PS P1 Exec "split-b" 
17 128 Pile T 1.00 
16 128 Pile T 1.00 
10 128 PS P0 Idle "" 
10 128 PS P0 Exec "a11" 
17 128 Pile T 1.00 
16 128 Pile T 1.00 
10 128 PS P1 Idle "" 
10 128 PS P1 Exec "b11" 
17 128 Pile T 1.00 
10 128 PS P0 Idle "" 
17 128 Pile T 1.00 
16 128 Pile T 1.00 
10 128 PS P1 Idle "" 
10 128 PS P1 Tr "a11" 
11 128 P0 0_1_a11 "64" TTP C
12 128 P1 0_1_a11 "64" TTP C
10 192 PS P1 Exec "a11*b11" 
17 704 Pile T 1.00 
16 704 Pile T 1.00 
10 704 PS P1 Idle "" 
10 704 PS P1 Exec "C11" 
17 960 Pile T 1.00 
16 960 Pile T 1.00 
10 960 PS P1 Idle "" 
10 960 PS P1 Exec "Fusion" 
17 1088 Pile T 1.00 
10 1088 PS P1 Idle "" 
8 1088 Pile PL
8 1088 P1 Pr
8 1088 P0 Pr
8 1088 P2 Pr
8 1088 P3 Pr
8 1088 P4 Pr
8 1088 P5 Pr
8 1088 P6 Pr
8 1088 P7 Pr
8 1088 P8 Pr
8 1088 P9 Pr
8 1088 TTP P
