%EventDef PajeDefineContainerType 1
% Alias string
% ContainerType string
% Name string
%EndEventDef
%EventDef PajeDefineStateType 3
% Alias string
% ContainerType string
% Name string
%EndEventDef
%EventDef PajeDefineLinkType 4
% Name string
% ContainerType string
% SourceContainerType string
% DestContainerType string
% Alias string
%EndEventDef
%EventDef PajeDefineEntityValue 6
% Alias string
% EntityType string
% Name string
% Color color
%EndEventDef
%EventDef PajeCreateContainer 7
% Time date
% Alias string
% Type string
% Container string
% Name string
%EndEventDef
%EventDef PajeDestroyContainer 8
% Time date
% Name string
% Type string
%EndEventDef
%EventDef PajeSetState 10
% Time date
% Type string
% Container string
% Value string
% file string
%EndEventDef
%EventDef PajeStartLink 11
% Time date
% SourceContainer string
% Key string
% Value string
% Container string
% Type string
%EndEventDef
%EventDef PajeEndLink 12
% Time date
% DestContainer string
% Key string
% Value string
% Container string
% Type string
%EndEventDef
%EventDef PajePushState	13
% Time	date
% EntityType	string
% Container	string
% Value	string
%EndEventDef
%EventDef PajeDefineVariableType 14
% Type string
% Name string
% Color color
% Alias string
%EndEventDef
%EventDef PajeSetVariable 15
% Time date
% Container string
% Type string
% Value double
%EndEventDef
%EventDef PajeAddVariable 16
% Time date
% Container string
% Type string
% Value double
%EndEventDef
%EventDef PajeSubVariable 17
% Time date
% Container string
% Type string
% Value double
%EndEventDef
1 P 0 Program
1 Pr P Processors
1 PL P Tasks
3 PS Pr "Processor State"
3 PF Pr "Ready File"
6 Exec PS Executing "2 .0 .1"
6 Idle PS Idle "8 .3 .0"
6 TR PS Transfer "0 .3 .8"
14 PL "Task" "1 .5 .5" T
7 0 TTP P 0 "Plate-forme"
4 "Communication" P Pr Pr C
7 0 Pile PL TTP "Pile 1"
7 0 P0 Pr TTP "P 0" 
10 0 PS P0 Idle "" 
7 0 P1 Pr TTP "P 1" 
10 0 PS P1 Idle "" 
7 0 P2 Pr TTP "P 2" 
10 0 PS P2 Idle "" 
7 0 P3 Pr TTP "P 3" 
10 0 PS P3 Idle "" 
7 0 P4 Pr TTP "P 4" 
10 0 PS P4 Idle "" 
7 0 P5 Pr TTP "P 5" 
10 0 PS P5 Idle "" 
10 0 PS P0 Exec "split-a" 
10 0 PS P1 Exec "split-b" 
17 800 Pile T 1.00 
16 800 Pile T 1.00 
16 800 Pile T 1.00 
16 800 Pile T 1.00 
16 800 Pile T 1.00 
16 800 Pile T 1.00 
16 800 Pile T 1.00 
16 800 Pile T 1.00 
16 800 Pile T 1.00 
16 800 Pile T 1.00 
16 800 Pile T 1.00 
16 800 Pile T 1.00 
16 800 Pile T 1.00 
16 800 Pile T 1.00 
16 800 Pile T 1.00 
16 800 Pile T 1.00 
16 800 Pile T 1.00 
10 800 PS P0 Idle "" 
10 800 PS P0 Exec "a33" 
10 800 PS P2 Tr "split-a" 
11 800 P0 0_2_split-a "400" TTP C
12 800 P2 0_2_split-a "400" TTP C
10 800 PS P3 Tr "split-a" 
11 800 P0 0_3_split-a "400" TTP C
12 800 P3 0_3_split-a "400" TTP C
10 800 PS P4 Tr "split-a" 
11 800 P0 0_4_split-a "400" TTP C
12 800 P4 0_4_split-a "400" TTP C
10 800 PS P5 Tr "split-a" 
11 800 P0 0_5_split-a "400" TTP C
12 800 P5 0_5_split-a "400" TTP C
17 800 Pile T 1.00 
16 800 Pile T 1.00 
16 800 Pile T 1.00 
16 800 Pile T 1.00 
16 800 Pile T 1.00 
16 800 Pile T 1.00 
16 800 Pile T 1.00 
16 800 Pile T 1.00 
16 800 Pile T 1.00 
16 800 Pile T 1.00 
16 800 Pile T 1.00 
16 800 Pile T 1.00 
16 800 Pile T 1.00 
16 800 Pile T 1.00 
16 800 Pile T 1.00 
16 800 Pile T 1.00 
16 800 Pile T 1.00 
10 800 PS P1 Idle "" 
10 800 PS P1 Tr "split-a" 
11 800 P0 0_1_split-a "400" TTP C
12 800 P1 0_1_split-a "400" TTP C
17 800 Pile T 1.00 
10 800 PS P0 Idle "" 
10 800 PS P0 Exec "a22" 
17 800 Pile T 1.00 
10 800 PS P0 Idle "" 
10 800 PS P0 Exec "a41" 
17 800 Pile T 1.00 
10 800 PS P0 Idle "" 
10 800 PS P0 Exec "a14" 
17 800 Pile T 1.00 
10 800 PS P0 Idle "" 
10 800 PS P0 Exec "a42" 
17 800 Pile T 1.00 
10 800 PS P0 Idle "" 
10 800 PS P0 Exec "a12" 
17 800 Pile T 1.00 
10 800 PS P0 Idle "" 
10 800 PS P0 Exec "a23" 
17 800 Pile T 1.00 
10 800 PS P0 Idle "" 
10 800 PS P0 Exec "a34" 
17 800 Pile T 1.00 
10 800 PS P0 Idle "" 
10 800 PS P0 Exec "a11" 
17 800 Pile T 1.00 
10 800 PS P0 Idle "" 
10 800 PS P0 Exec "a31" 
17 800 Pile T 1.00 
10 800 PS P0 Idle "" 
10 800 PS P0 Exec "a32" 
17 800 Pile T 1.00 
10 800 PS P0 Idle "" 
10 800 PS P0 Tr "split-b" 
11 800 P1 1_0_split-b "400" TTP C
12 800 P0 1_0_split-b "400" TTP C
10 1200 PS P2 Exec "a21" 
10 1200 PS P3 Exec "a43" 
10 1200 PS P4 Exec "a44" 
10 1200 PS P5 Exec "a24" 
10 1200 PS P1 Exec "a13" 
10 1200 PS P0 Exec "b43" 
17 1200 Pile T 1.00 
10 1200 PS P2 Idle "" 
10 1200 PS P2 Tr "split-b" 
11 1200 P1 1_2_split-b "400" TTP C
12 1200 P2 1_2_split-b "400" TTP C
17 1200 Pile T 1.00 
10 1200 PS P3 Idle "" 
10 1200 PS P3 Tr "split-b" 
11 1200 P1 1_3_split-b "400" TTP C
12 1200 P3 1_3_split-b "400" TTP C
17 1200 Pile T 1.00 
10 1200 PS P4 Idle "" 
10 1200 PS P4 Tr "split-b" 
11 1200 P1 1_4_split-b "400" TTP C
12 1200 P4 1_4_split-b "400" TTP C
17 1200 Pile T 1.00 
10 1200 PS P5 Idle "" 
10 1200 PS P5 Tr "split-b" 
11 1200 P1 1_5_split-b "400" TTP C
12 1200 P5 1_5_split-b "400" TTP C
17 1200 Pile T 1.00 
10 1200 PS P1 Idle "" 
10 1200 PS P1 Exec "b12" 
17 1200 Pile T 1.00 
16 1200 Pile T 1.00 
16 1200 Pile T 1.00 
16 1200 Pile T 1.00 
16 1200 Pile T 1.00 
10 1200 PS P0 Idle "" 
10 1200 PS P0 Exec "b24" 
17 1200 Pile T 1.00 
16 1200 Pile T 1.00 
16 1200 Pile T 1.00 
16 1200 Pile T 1.00 
16 1200 Pile T 1.00 
10 1200 PS P1 Idle "" 
10 1200 PS P1 Exec "b23" 
17 1200 Pile T 1.00 
16 1200 Pile T 1.00 
16 1200 Pile T 1.00 
16 1200 Pile T 1.00 
16 1200 Pile T 1.00 
10 1200 PS P0 Idle "" 
10 1200 PS P0 Exec "b44" 
17 1200 Pile T 1.00 
16 1200 Pile T 1.00 
16 1200 Pile T 1.00 
16 1200 Pile T 1.00 
16 1200 Pile T 1.00 
10 1200 PS P1 Idle "" 
10 1200 PS P1 Exec "b42" 
17 1200 Pile T 1.00 
16 1200 Pile T 1.00 
16 1200 Pile T 1.00 
16 1200 Pile T 1.00 
16 1200 Pile T 1.00 
10 1200 PS P0 Idle "" 
10 1200 PS P0 Exec "b14" 
17 1200 Pile T 1.00 
16 1200 Pile T 1.00 
16 1200 Pile T 1.00 
16 1200 Pile T 1.00 
16 1200 Pile T 1.00 
10 1200 PS P1 Idle "" 
10 1200 PS P1 Exec "b32" 
17 1200 Pile T 1.00 
16 1200 Pile T 1.00 
16 1200 Pile T 1.00 
16 1200 Pile T 1.00 
16 1200 Pile T 1.00 
10 1200 PS P0 Idle "" 
10 1200 PS P0 Exec "b13" 
17 1200 Pile T 1.00 
16 1200 Pile T 1.00 
16 1200 Pile T 1.00 
16 1200 Pile T 1.00 
16 1200 Pile T 1.00 
10 1200 PS P1 Idle "" 
10 1200 PS P1 Exec "b31" 
17 1200 Pile T 1.00 
16 1200 Pile T 1.00 
16 1200 Pile T 1.00 
16 1200 Pile T 1.00 
16 1200 Pile T 1.00 
10 1200 PS P0 Idle "" 
10 1200 PS P0 Exec "b22" 
17 1200 Pile T 1.00 
16 1200 Pile T 1.00 
16 1200 Pile T 1.00 
16 1200 Pile T 1.00 
16 1200 Pile T 1.00 
10 1200 PS P1 Idle "" 
10 1200 PS P1 Exec "b33" 
17 1200 Pile T 1.00 
16 1200 Pile T 1.00 
16 1200 Pile T 1.00 
16 1200 Pile T 1.00 
16 1200 Pile T 1.00 
10 1200 PS P0 Idle "" 
10 1200 PS P0 Tr "a44" 
11 1200 P4 4_0_a44 "25" TTP C
12 1200 P0 4_0_a44 "25" TTP C
17 1200 Pile T 1.00 
16 1200 Pile T 1.00 
16 1200 Pile T 1.00 
16 1200 Pile T 1.00 
16 1200 Pile T 1.00 
10 1200 PS P1 Idle "" 
10 1200 PS P1 Tr "a24" 
11 1200 P5 5_1_a24 "25" TTP C
12 1200 P1 5_1_a24 "25" TTP C
10 1225 PS P0 Exec "a44*b43" 
10 1225 PS P1 Tr "b43" 
11 1225 P0 0_1_b43 "25" TTP C
12 1225 P1 0_1_b43 "25" TTP C
10 1250 PS P1 Exec "a24*b43" 
17 1350 Pile T 1.00 
10 1350 PS P0 Idle "" 
10 1350 PS P0 Exec "a14*b43" 
17 1375 Pile T 1.00 
10 1375 PS P1 Idle "" 
10 1375 PS P1 Tr "a34" 
11 1375 P0 0_1_a34 "25" TTP C
12 1375 P1 0_1_a34 "25" TTP C
10 1400 PS P1 Exec "a34*b43" 
17 1475 Pile T 1.00 
10 1475 PS P0 Idle "" 
10 1475 PS P0 Tr "b12" 
11 1475 P1 1_0_b12 "25" TTP C
12 1475 P0 1_0_b12 "25" TTP C
10 1500 PS P0 Exec "a41*b12" 
17 1525 Pile T 1.00 
10 1525 PS P1 Idle "" 
10 1525 PS P1 Tr "a11" 
11 1525 P0 0_1_a11 "25" TTP C
12 1525 P1 0_1_a11 "25" TTP C
10 1550 PS P1 Exec "a11*b12" 
10 1600 PS P2 Exec "b34" 
10 1600 PS P3 Exec "b21" 
10 1600 PS P4 Exec "b41" 
10 1600 PS P5 Exec "b11" 
17 1600 Pile T 1.00 
16 1600 Pile T 1.00 
16 1600 Pile T 1.00 
16 1600 Pile T 1.00 
16 1600 Pile T 1.00 
10 1600 PS P2 Idle "" 
10 1600 PS P2 Tr "b12" 
11 1600 P1 1_2_b12 "25" TTP C
12 1600 P2 1_2_b12 "25" TTP C
17 1600 Pile T 1.00 
16 1600 Pile T 1.00 
16 1600 Pile T 1.00 
16 1600 Pile T 1.00 
16 1600 Pile T 1.00 
10 1600 PS P3 Idle "" 
10 1600 PS P3 Tr "b12" 
11 1600 P1 1_3_b12 "25" TTP C
12 1600 P3 1_3_b12 "25" TTP C
17 1600 Pile T 1.00 
16 1600 Pile T 1.00 
16 1600 Pile T 1.00 
16 1600 Pile T 1.00 
16 1600 Pile T 1.00 
10 1600 PS P4 Idle "" 
10 1600 PS P4 Tr "a42" 
11 1600 P0 0_4_a42 "25" TTP C
12 1600 P4 0_4_a42 "25" TTP C
17 1600 Pile T 1.00 
16 1600 Pile T 1.00 
16 1600 Pile T 1.00 
16 1600 Pile T 1.00 
16 1600 Pile T 1.00 
10 1600 PS P5 Idle "" 
10 1600 PS P5 Tr "a12" 
11 1600 P0 0_5_a12 "25" TTP C
12 1600 P5 0_5_a12 "25" TTP C
17 1625 Pile T 1.00 
10 1625 PS P0 Idle "" 
10 1625 PS P0 Exec "a22*b24" 
10 1625 PS P2 Exec "a21*b12" 
10 1625 PS P3 Tr "a31" 
11 1625 P0 0_3_a31 "25" TTP C
12 1625 P3 0_3_a31 "25" TTP C
10 1625 PS P4 Tr "b24" 
11 1625 P0 0_4_b24 "25" TTP C
12 1625 P4 0_4_b24 "25" TTP C
10 1625 PS P5 Tr "b24" 
11 1625 P0 0_5_b24 "25" TTP C
12 1625 P5 0_5_b24 "25" TTP C
10 1650 PS P3 Exec "a31*b12" 
10 1650 PS P4 Exec "a42*b24" 
10 1650 PS P5 Exec "a12*b24" 
17 1675 Pile T 1.00 
10 1675 PS P1 Idle "" 
10 1675 PS P1 Tr "a32" 
11 1675 P0 0_1_a32 "25" TTP C
12 1675 P1 0_1_a32 "25" TTP C
10 1700 PS P1 Tr "b24" 
11 1700 P0 0_1_b24 "25" TTP C
12 1700 P1 0_1_b24 "25" TTP C
10 1725 PS P1 Exec "a32*b24" 
17 1750 Pile T 1.00 
10 1750 PS P0 Idle "" 
10 1750 PS P0 Tr "b23" 
11 1750 P1 1_0_b23 "25" TTP C
12 1750 P0 1_0_b23 "25" TTP C
17 1750 Pile T 1.00 
10 1750 PS P2 Idle "" 
10 1750 PS P2 Tr "a32" 
11 1750 P0 0_2_a32 "25" TTP C
12 1750 P2 0_2_a32 "25" TTP C
17 1775 Pile T 1.00 
10 1775 PS P3 Idle "" 
10 1775 PS P3 Tr "b23" 
11 1775 P1 1_3_b23 "25" TTP C
12 1775 P3 1_3_b23 "25" TTP C
17 1775 Pile T 1.00 
10 1775 PS P4 Idle "" 
10 1775 PS P4 Tr "a12" 
11 1775 P0 0_4_a12 "25" TTP C
12 1775 P4 0_4_a12 "25" TTP C
17 1775 Pile T 1.00 
10 1775 PS P5 Idle "" 
10 1775 PS P5 Tr "b44" 
11 1775 P0 0_5_b44 "25" TTP C
12 1775 P5 0_5_b44 "25" TTP C
10 1775 PS P0 Exec "a22*b23" 
10 1775 PS P2 Tr "b23" 
11 1775 P1 1_2_b23 "25" TTP C
12 1775 P2 1_2_b23 "25" TTP C
10 1800 PS P3 Tr "a42" 
11 1800 P0 0_3_a42 "25" TTP C
12 1800 P3 0_3_a42 "25" TTP C
10 1800 PS P4 Tr "b23" 
11 1800 P1 1_4_b23 "25" TTP C
12 1800 P4 1_4_b23 "25" TTP C
10 1800 PS P5 Tr "a44" 
11 1800 P4 4_5_a44 "25" TTP C
12 1800 P5 4_5_a44 "25" TTP C
10 1800 PS P2 Exec "a32*b23" 
10 1825 PS P3 Exec "a42*b23" 
10 1825 PS P4 Exec "a12*b23" 
10 1825 PS P5 Exec "a44*b44" 
17 1850 Pile T 1.00 
10 1850 PS P1 Idle "" 
10 1850 PS P1 Tr "b44" 
11 1850 P0 0_1_b44 "25" TTP C
12 1850 P1 0_1_b44 "25" TTP C
10 1875 PS P1 Exec "a34*b44" 
17 1900 Pile T 1.00 
10 1900 PS P0 Idle "" 
10 1900 PS P0 Exec "a14*b44" 
17 1925 Pile T 1.00 
10 1925 PS P2 Idle "" 
10 1925 PS P2 Tr "a24" 
11 1925 P5 5_2_a24 "25" TTP C
12 1925 P2 5_2_a24 "25" TTP C
17 1950 Pile T 1.00 
10 1950 PS P3 Idle "" 
10 1950 PS P3 Tr "a24" 
11 1950 P5 5_3_a24 "25" TTP C
12 1950 P3 5_3_a24 "25" TTP C
17 1950 Pile T 1.00 
10 1950 PS P4 Idle "" 
10 1950 PS P4 Tr "b42" 
11 1950 P1 1_4_b42 "25" TTP C
12 1950 P4 1_4_b42 "25" TTP C
17 1950 Pile T 1.00 
10 1950 PS P5 Idle "" 
10 1950 PS P5 Tr "b42" 
11 1950 P1 1_5_b42 "25" TTP C
12 1950 P5 1_5_b42 "25" TTP C
10 1950 PS P2 Tr "b44" 
11 1950 P0 0_2_b44 "25" TTP C
12 1950 P2 0_2_b44 "25" TTP C
10 1975 PS P3 Tr "b42" 
11 1975 P1 1_3_b42 "25" TTP C
12 1975 P3 1_3_b42 "25" TTP C
10 1975 PS P4 Tr "a14" 
11 1975 P0 0_4_a14 "25" TTP C
12 1975 P4 0_4_a14 "25" TTP C
10 1975 PS P5 Exec "a44*b42" 
10 1975 PS P2 Exec "a24*b44" 
17 2000 Pile T 1.00 
10 2000 PS P1 Idle "" 
10 2000 PS P1 Exec "a34*b42" 
10 2000 PS P3 Exec "a24*b42" 
10 2000 PS P4 Exec "a14*b42" 
17 2025 Pile T 1.00 
10 2025 PS P0 Idle "" 
10 2025 PS P0 Tr "a21" 
11 2025 P2 2_0_a21 "25" TTP C
12 2025 P0 2_0_a21 "25" TTP C
10 2050 PS P0 Exec "a21*b14" 
17 2100 Pile T 1.00 
10 2100 PS P5 Idle "" 
10 2100 PS P5 Tr "b14" 
11 2100 P0 0_5_b14 "25" TTP C
12 2100 P5 0_5_b14 "25" TTP C
17 2100 Pile T 1.00 
10 2100 PS P2 Idle "" 
10 2100 PS P2 Tr "b14" 
11 2100 P0 0_2_b14 "25" TTP C
12 2100 P2 0_2_b14 "25" TTP C
17 2125 Pile T 1.00 
10 2125 PS P1 Idle "" 
10 2125 PS P1 Tr "b14" 
11 2125 P0 0_1_b14 "25" TTP C
12 2125 P1 0_1_b14 "25" TTP C
17 2125 Pile T 1.00 
10 2125 PS P3 Idle "" 
10 2125 PS P3 Tr "b32" 
11 2125 P1 1_3_b32 "25" TTP C
12 2125 P3 1_3_b32 "25" TTP C
17 2125 Pile T 1.00 
10 2125 PS P4 Idle "" 
10 2125 PS P4 Tr "b32" 
11 2125 P1 1_4_b32 "25" TTP C
12 2125 P4 1_4_b32 "25" TTP C
10 2125 PS P5 Tr "a11" 
11 2125 P0 0_5_a11 "25" TTP C
12 2125 P5 0_5_a11 "25" TTP C
10 2125 PS P2 Tr "a31" 
11 2125 P0 0_2_a31 "25" TTP C
12 2125 P2 0_2_a31 "25" TTP C
10 2150 PS P1 Tr "a41" 
11 2150 P0 0_1_a41 "25" TTP C
12 2150 P1 0_1_a41 "25" TTP C
10 2150 PS P3 Tr "a13" 
11 2150 P1 1_3_a13 "25" TTP C
12 2150 P3 1_3_a13 "25" TTP C
10 2150 PS P4 Tr "a43" 
11 2150 P3 3_4_a43 "25" TTP C
12 2150 P4 3_4_a43 "25" TTP C
10 2150 PS P5 Exec "a11*b14" 
10 2150 PS P2 Exec "a31*b14" 
17 2175 Pile T 1.00 
10 2175 PS P0 Idle "" 
10 2175 PS P0 Tr "b32" 
11 2175 P1 1_0_b32 "25" TTP C
12 2175 P0 1_0_b32 "25" TTP C
10 2175 PS P1 Exec "a41*b14" 
10 2175 PS P3 Exec "a13*b32" 
10 2175 PS P4 Exec "a43*b32" 
10 2200 PS P0 Exec "a33*b32" 
17 2275 Pile T 1.00 
10 2275 PS P5 Idle "" 
10 2275 PS P5 Tr "b32" 
11 2275 P1 1_5_b32 "25" TTP C
12 2275 P5 1_5_b32 "25" TTP C
17 2275 Pile T 1.00 
10 2275 PS P2 Idle "" 
10 2275 PS P2 Tr "b13" 
11 2275 P0 0_2_b13 "25" TTP C
12 2275 P2 0_2_b13 "25" TTP C
17 2300 Pile T 1.00 
10 2300 PS P1 Idle "" 
10 2300 PS P1 Tr "b13" 
11 2300 P0 0_1_b13 "25" TTP C
12 2300 P1 0_1_b13 "25" TTP C
17 2300 Pile T 1.00 
10 2300 PS P3 Idle "" 
10 2300 PS P3 Tr "b13" 
11 2300 P0 0_3_b13 "25" TTP C
12 2300 P3 0_3_b13 "25" TTP C
17 2300 Pile T 1.00 
10 2300 PS P4 Idle "" 
10 2300 PS P4 Tr "b13" 
11 2300 P0 0_4_b13 "25" TTP C
12 2300 P4 0_4_b13 "25" TTP C
10 2300 PS P5 Tr "a23" 
11 2300 P0 0_5_a23 "25" TTP C
12 2300 P5 0_5_a23 "25" TTP C
10 2300 PS P2 Exec "a31*b13" 
17 2325 Pile T 1.00 
10 2325 PS P0 Idle "" 
10 2325 PS P0 Tr "a13" 
11 2325 P1 1_0_a13 "25" TTP C
12 2325 P0 1_0_a13 "25" TTP C
10 2325 PS P1 Exec "a11*b13" 
10 2325 PS P3 Tr "a21" 
11 2325 P2 2_3_a21 "25" TTP C
12 2325 P3 2_3_a21 "25" TTP C
10 2325 PS P4 Tr "a41" 
11 2325 P0 0_4_a41 "25" TTP C
12 2325 P4 0_4_a41 "25" TTP C
10 2325 PS P5 Exec "a23*b32" 
10 2350 PS P0 Tr "b31" 
11 2350 P1 1_0_b31 "25" TTP C
12 2350 P0 1_0_b31 "25" TTP C
10 2350 PS P3 Exec "a21*b13" 
10 2350 PS P4 Exec "a41*b13" 
10 2375 PS P0 Exec "a13*b31" 
17 2425 Pile T 1.00 
10 2425 PS P2 Idle "" 
10 2425 PS P2 Tr "b31" 
11 2425 P1 1_2_b31 "25" TTP C
12 2425 P2 1_2_b31 "25" TTP C
17 2450 Pile T 1.00 
10 2450 PS P1 Idle "" 
10 2450 PS P1 Tr "a43" 
11 2450 P3 3_1_a43 "25" TTP C
12 2450 P1 3_1_a43 "25" TTP C
17 2450 Pile T 1.00 
10 2450 PS P5 Idle "" 
10 2450 PS P5 Tr "b31" 
11 2450 P1 1_5_b31 "25" TTP C
12 2450 P5 1_5_b31 "25" TTP C
10 2450 PS P2 Tr "a33" 
11 2450 P0 0_2_a33 "25" TTP C
12 2450 P2 0_2_a33 "25" TTP C
17 2475 Pile T 1.00 
10 2475 PS P3 Idle "" 
10 2475 PS P3 Tr "a32" 
11 2475 P0 0_3_a32 "25" TTP C
12 2475 P3 0_3_a32 "25" TTP C
17 2475 Pile T 1.00 
10 2475 PS P4 Idle "" 
10 2475 PS P4 Tr "b22" 
11 2475 P0 0_4_b22 "25" TTP C
12 2475 P4 0_4_b22 "25" TTP C
10 2475 PS P1 Exec "a43*b31" 
10 2475 PS P5 Exec "a23*b31" 
10 2475 PS P2 Exec "a33*b31" 
17 2500 Pile T 1.00 
10 2500 PS P0 Idle "" 
10 2500 PS P0 Exec "a12*b22" 
10 2500 PS P3 Tr "b22" 
11 2500 P0 0_3_b22 "25" TTP C
12 2500 P3 0_3_b22 "25" TTP C
10 2500 PS P4 Tr "a22" 
11 2500 P0 0_4_a22 "25" TTP C
12 2500 P4 0_4_a22 "25" TTP C
10 2525 PS P3 Exec "a32*b22" 
10 2525 PS P4 Exec "a22*b22" 
17 2600 Pile T 1.00 
10 2600 PS P1 Idle "" 
10 2600 PS P1 Tr "b22" 
11 2600 P0 0_1_b22 "25" TTP C
12 2600 P1 0_1_b22 "25" TTP C
17 2600 Pile T 1.00 
10 2600 PS P5 Idle "" 
10 2600 PS P5 Tr "b33" 
11 2600 P1 1_5_b33 "25" TTP C
12 2600 P5 1_5_b33 "25" TTP C
17 2600 Pile T 1.00 
10 2600 PS P2 Idle "" 
10 2600 PS P2 Tr "b33" 
11 2600 P1 1_2_b33 "25" TTP C
12 2600 P2 1_2_b33 "25" TTP C
17 2625 Pile T 1.00 
16 2625 Pile T 1.00 
10 2625 PS P0 Idle "" 
10 2625 PS P0 Tr "b33" 
11 2625 P1 1_0_b33 "25" TTP C
12 2625 P0 1_0_b33 "25" TTP C
10 2625 PS P1 Tr "a42" 
11 2625 P0 0_1_a42 "25" TTP C
12 2625 P1 0_1_a42 "25" TTP C
10 2625 PS P5 Exec "a23*b33" 
10 2625 PS P2 Tr "a43" 
11 2625 P3 3_2_a43 "25" TTP C
12 2625 P2 3_2_a43 "25" TTP C
17 2650 Pile T 1.00 
16 2650 Pile T 1.00 
10 2650 PS P3 Idle "" 
10 2650 PS P3 Tr "a33" 
11 2650 P0 0_3_a33 "25" TTP C
12 2650 P3 0_3_a33 "25" TTP C
17 2650 Pile T 1.00 
16 2650 Pile T 1.00 
10 2650 PS P4 Idle "" 
10 2650 PS P4 Tr "a23" 
11 2650 P0 0_4_a23 "25" TTP C
12 2650 P4 0_4_a23 "25" TTP C
10 2650 PS P0 Exec "a13*b33" 
10 2650 PS P1 Exec "a42*b22" 
10 2650 PS P2 Exec "a43*b33" 
10 2675 PS P3 Tr "b33" 
11 2675 P1 1_3_b33 "25" TTP C
12 2675 P3 1_3_b33 "25" TTP C
10 2675 PS P4 Tr "b34" 
11 2675 P2 2_4_b34 "25" TTP C
12 2675 P4 2_4_b34 "25" TTP C
10 2700 PS P3 Exec "a33*b33" 
10 2700 PS P4 Exec "a23*b34" 
17 2750 Pile T 1.00 
16 2750 Pile T 1.00 
10 2750 PS P5 Idle "" 
10 2750 PS P5 Tr "b34" 
11 2750 P2 2_5_b34 "25" TTP C
12 2750 P5 2_5_b34 "25" TTP C
17 2775 Pile T 1.00 
16 2775 Pile T 1.00 
10 2775 PS P0 Idle "" 
10 2775 PS P0 Tr "a43" 
11 2775 P3 3_0_a43 "25" TTP C
12 2775 P0 3_0_a43 "25" TTP C
17 2775 Pile T 1.00 
16 2775 Pile T 1.00 
10 2775 PS P1 Idle "" 
10 2775 PS P1 Tr "a33" 
11 2775 P0 0_1_a33 "25" TTP C
12 2775 P1 0_1_a33 "25" TTP C
17 2775 Pile T 1.00 
16 2775 Pile T 1.00 
10 2775 PS P2 Idle "" 
10 2775 PS P2 Tr "a42" 
11 2775 P0 0_2_a42 "25" TTP C
12 2775 P2 0_2_a42 "25" TTP C
10 2775 PS P5 Tr "a13" 
11 2775 P1 1_5_a13 "25" TTP C
12 2775 P5 1_5_a13 "25" TTP C
10 2800 PS P0 Tr "b34" 
11 2800 P2 2_0_b34 "25" TTP C
12 2800 P0 2_0_b34 "25" TTP C
10 2800 PS P1 Tr "b34" 
11 2800 P2 2_1_b34 "25" TTP C
12 2800 P1 2_1_b34 "25" TTP C
10 2800 PS P2 Tr "b21" 
11 2800 P3 3_2_b21 "25" TTP C
12 2800 P2 3_2_b21 "25" TTP C
10 2800 PS P5 Exec "a13*b34" 
17 2825 Pile T 1.00 
16 2825 Pile T 1.00 
10 2825 PS P3 Idle "" 
10 2825 PS P3 Tr "a22" 
11 2825 P0 0_3_a22 "25" TTP C
12 2825 P3 0_3_a22 "25" TTP C
17 2825 Pile T 1.00 
16 2825 Pile T 1.00 
10 2825 PS P4 Idle "" 
10 2825 PS P4 Tr "b21" 
11 2825 P3 3_4_b21 "25" TTP C
12 2825 P4 3_4_b21 "25" TTP C
10 2825 PS P0 Exec "a43*b34" 
10 2825 PS P1 Exec "a33*b34" 
10 2825 PS P2 Exec "a42*b21" 
10 2850 PS P3 Exec "a22*b21" 
10 2850 PS P4 Exec "a12*b21" 
17 2925 Pile T 1.00 
16 2925 Pile T 1.00 
10 2925 PS P5 Idle "" 
10 2925 PS P5 Tr "a32" 
11 2925 P0 0_5_a32 "25" TTP C
12 2925 P5 0_5_a32 "25" TTP C
17 2950 Pile T 1.00 
16 2950 Pile T 1.00 
10 2950 PS P0 Idle "" 
10 2950 PS P0 Tr "b41" 
11 2950 P4 4_0_b41 "25" TTP C
12 2950 P0 4_0_b41 "25" TTP C
17 2950 Pile T 1.00 
16 2950 Pile T 1.00 
10 2950 PS P1 Idle "" 
10 2950 PS P1 Tr "b41" 
11 2950 P4 4_1_b41 "25" TTP C
12 2950 P1 4_1_b41 "25" TTP C
17 2950 Pile T 1.00 
10 2950 PS P2 Idle "" 
10 2950 PS P2 Tr "a44" 
11 2950 P4 4_2_a44 "25" TTP C
12 2950 P2 4_2_a44 "25" TTP C
10 2950 PS P5 Tr "b21" 
11 2950 P3 3_5_b21 "25" TTP C
12 2950 P5 3_5_b21 "25" TTP C
17 2975 Pile T 1.00 
10 2975 PS P3 Idle "" 
10 2975 PS P3 Tr "b41" 
11 2975 P4 4_3_b41 "25" TTP C
12 2975 P3 4_3_b41 "25" TTP C
17 2975 Pile T 1.00 
10 2975 PS P4 Idle "" 
10 2975 PS P4 Tr "b11" 
11 2975 P5 5_4_b11 "25" TTP C
12 2975 P4 5_4_b11 "25" TTP C
10 2975 PS P0 Exec "a34*b41" 
10 2975 PS P1 Exec "a24*b41" 
10 2975 PS P2 Tr "b41" 
11 2975 P4 4_2_b41 "25" TTP C
12 2975 P2 4_2_b41 "25" TTP C
10 2975 PS P5 Exec "a32*b21" 
10 3000 PS P3 Tr "a14" 
11 3000 P0 0_3_a14 "25" TTP C
12 3000 P3 0_3_a14 "25" TTP C
10 3000 PS P4 Exec "a41*b11" 
10 3000 PS P2 Exec "a44*b41" 
10 3025 PS P3 Exec "a14*b41" 
17 3100 Pile T 1.00 
10 3100 PS P0 Idle "" 
10 3100 PS P0 Tr "b11" 
11 3100 P5 5_0_b11 "25" TTP C
12 3100 P0 5_0_b11 "25" TTP C
17 3100 Pile T 1.00 
10 3100 PS P1 Idle "" 
10 3100 PS P1 Tr "a31" 
11 3100 P0 0_1_a31 "25" TTP C
12 3100 P1 0_1_a31 "25" TTP C
17 3100 Pile T 1.00 
10 3100 PS P5 Idle "" 
10 3100 PS P5 Tr "a21" 
11 3100 P2 2_5_a21 "25" TTP C
12 3100 P5 2_5_a21 "25" TTP C
17 3125 Pile T 1.00 
16 3125 Pile T 1.00 
10 3125 PS P4 Idle "" 
10 3125 PS P4 Tr "a11*b12" 
11 3125 P1 1_4_a11*b12 "25" TTP C
12 3125 P4 1_4_a11*b12 "25" TTP C
17 3125 Pile T 1.00 
10 3125 PS P2 Idle "" 
10 3125 PS P2 Tr "a32*b22" 
11 3125 P3 3_2_a32*b22 "25" TTP C
12 3125 P2 3_2_a32*b22 "25" TTP C
10 3125 PS P0 Exec "a11*b11" 
10 3125 PS P1 Tr "b11" 
11 3125 P5 5_1_b11 "25" TTP C
12 3125 P1 5_1_b11 "25" TTP C
10 3125 PS P5 Exec "a21*b11" 
17 3150 Pile T 1.00 
10 3150 PS P3 Idle "" 
10 3150 PS P3 Tr "a21*b12" 
11 3150 P2 2_3_a21*b12 "25" TTP C
12 3150 P3 2_3_a21*b12 "25" TTP C
10 3150 PS P4 Tr "a13*b32" 
11 3150 P3 3_4_a13*b32 "25" TTP C
12 3150 P4 3_4_a13*b32 "25" TTP C
10 3150 PS P2 Tr "a33*b32" 
11 3150 P0 0_2_a33*b32 "25" TTP C
12 3150 P2 0_2_a33*b32 "25" TTP C
10 3150 PS P1 Exec "a31*b11" 
10 3175 PS P3 Tr "a23*b32" 
11 3175 P5 5_3_a23*b32 "25" TTP C
12 3175 P3 5_3_a23*b32 "25" TTP C
10 3175 PS P4 Tr "a12*b22" 
11 3175 P0 0_4_a12*b22 "25" TTP C
12 3175 P4 0_4_a12*b22 "25" TTP C
10 3175 PS P2 Tr "a31*b12" 
11 3175 P3 3_2_a31*b12 "25" TTP C
12 3175 P2 3_2_a31*b12 "25" TTP C
10 3200 PS P3 Tr "a22*b22" 
11 3200 P4 4_3_a22*b22 "25" TTP C
12 3200 P3 4_3_a22*b22 "25" TTP C
10 3200 PS P4 Exec "C12" 
10 3200 PS P2 Exec "C32" 
10 3225 PS P3 Exec "C22" 
17 3250 Pile T 1.00 
16 3250 Pile T 1.00 
10 3250 PS P0 Idle "" 
10 3250 PS P0 Tr "a21*b13" 
11 3250 P3 3_0_a21*b13 "25" TTP C
12 3250 P0 3_0_a21*b13 "25" TTP C
17 3250 Pile T 1.00 
16 3250 Pile T 1.00 
10 3250 PS P5 Idle "" 
10 3250 PS P5 Tr "a12*b23" 
11 3250 P4 4_5_a12*b23 "25" TTP C
12 3250 P5 4_5_a12*b23 "25" TTP C
17 3275 Pile T 1.00 
16 3275 Pile T 1.00 
10 3275 PS P1 Idle "" 
10 3275 PS P1 Tr "a41*b12" 
11 3275 P0 0_1_a41*b12 "25" TTP C
12 3275 P1 0_1_a41*b12 "25" TTP C
10 3275 PS P0 Tr "a23*b33" 
11 3275 P5 5_0_a23*b33 "25" TTP C
12 3275 P0 5_0_a23*b33 "25" TTP C
10 3275 PS P5 Tr "a11*b13" 
11 3275 P1 1_5_a11*b13 "25" TTP C
12 3275 P5 1_5_a11*b13 "25" TTP C
17 3300 Pile T 1.00 
10 3300 PS P4 Idle "" 
10 3300 PS P4 Tr "a43*b33" 
11 3300 P2 2_4_a43*b33 "25" TTP C
12 3300 P4 2_4_a43*b33 "25" TTP C
17 3300 Pile T 1.00 
10 3300 PS P2 Idle "" 
10 3300 PS P2 Tr "a33*b33" 
11 3300 P3 3_2_a33*b33 "25" TTP C
12 3300 P2 3_2_a33*b33 "25" TTP C
10 3300 PS P1 Tr "a43*b32" 
11 3300 P4 4_1_a43*b32 "25" TTP C
12 3300 P1 4_1_a43*b32 "25" TTP C
10 3300 PS P0 Exec "C23" 
10 3300 PS P5 Tr "a13*b33" 
11 3300 P0 0_5_a13*b33 "25" TTP C
12 3300 P5 0_5_a13*b33 "25" TTP C
17 3325 Pile T 1.00 
10 3325 PS P3 Idle "" 
10 3325 PS P3 Tr "a23*b34" 
11 3325 P4 4_3_a23*b34 "25" TTP C
12 3325 P3 4_3_a23*b34 "25" TTP C
10 3325 PS P4 Tr "a42*b23" 
11 3325 P3 3_4_a42*b23 "25" TTP C
12 3325 P4 3_4_a42*b23 "25" TTP C
10 3325 PS P2 Exec "C33" 
10 3325 PS P1 Exec "C42" 
10 3325 PS P5 Exec "C13" 
10 3350 PS P3 Tr "a21*b14" 
11 3350 P0 0_3_a21*b14 "25" TTP C
12 3350 P3 0_3_a21*b14 "25" TTP C
10 3350 PS P4 Exec "C43" 
10 3375 PS P3 Tr "a22*b24" 
11 3375 P0 0_3_a22*b24 "25" TTP C
12 3375 P3 0_3_a22*b24 "25" TTP C
17 3400 Pile T 1.00 
10 3400 PS P0 Idle "" 
10 3400 PS P0 Tr "a11*b14" 
11 3400 P5 5_0_a11*b14 "25" TTP C
12 3400 P0 5_0_a11*b14 "25" TTP C
10 3400 PS P3 Exec "C24" 
17 3425 Pile T 1.00 
10 3425 PS P2 Idle "" 
10 3425 PS P2 Tr "a43*b34" 
11 3425 P0 0_2_a43*b34 "25" TTP C
12 3425 P2 0_2_a43*b34 "25" TTP C
17 3425 Pile T 1.00 
10 3425 PS P1 Idle "" 
10 3425 PS P1 Tr "a31*b14" 
11 3425 P2 2_1_a31*b14 "25" TTP C
12 3425 P1 2_1_a31*b14 "25" TTP C
17 3425 Pile T 1.00 
10 3425 PS P5 Idle "" 
10 3425 PS P5 Tr "a43*b31" 
11 3425 P1 1_5_a43*b31 "25" TTP C
12 3425 P5 1_5_a43*b31 "25" TTP C
10 3425 PS P0 Tr "a12*b24" 
11 3425 P5 5_0_a12*b24 "25" TTP C
12 3425 P0 5_0_a12*b24 "25" TTP C
17 3450 Pile T 1.00 
10 3450 PS P4 Idle "" 
10 3450 PS P4 Tr "a13*b31" 
11 3450 P0 0_4_a13*b31 "25" TTP C
12 3450 P4 0_4_a13*b31 "25" TTP C
10 3450 PS P2 Tr "a41*b14" 
11 3450 P1 1_2_a41*b14 "25" TTP C
12 3450 P2 1_2_a41*b14 "25" TTP C
10 3450 PS P1 Exec "C34" 
10 3450 PS P5 Tr "a41*b11" 
11 3450 P4 4_5_a41*b11 "25" TTP C
12 3450 P5 4_5_a41*b11 "25" TTP C
10 3450 PS P0 Tr "a13*b34" 
11 3450 P5 5_0_a13*b34 "25" TTP C
12 3450 P0 5_0_a13*b34 "25" TTP C
10 3475 PS P4 Tr "a11*b11" 
11 3475 P0 0_4_a11*b11 "25" TTP C
12 3475 P4 0_4_a11*b11 "25" TTP C
10 3475 PS P2 Tr "a42*b24" 
11 3475 P4 4_2_a42*b24 "25" TTP C
12 3475 P2 4_2_a42*b24 "25" TTP C
10 3475 PS P5 Tr "a42*b21" 
11 3475 P2 2_5_a42*b21 "25" TTP C
12 3475 P5 2_5_a42*b21 "25" TTP C
10 3475 PS P0 Exec "C14" 
17 3500 Pile T 1.00 
10 3500 PS P3 Idle "" 
10 3500 PS P3 Tr "a21*b11" 
11 3500 P5 5_3_a21*b11 "25" TTP C
12 3500 P3 5_3_a21*b11 "25" TTP C
10 3500 PS P4 Exec "C11" 
10 3500 PS P2 Exec "C44" 
10 3500 PS P5 Exec "C41" 
10 3525 PS P3 Tr "a23*b31" 
11 3525 P5 5_3_a23*b31 "25" TTP C
12 3525 P3 5_3_a23*b31 "25" TTP C
17 3550 Pile T 1.00 
10 3550 PS P1 Idle "" 
10 3550 PS P1 Tr "a33*b31" 
11 3550 P2 2_1_a33*b31 "25" TTP C
12 3550 P1 2_1_a33*b31 "25" TTP C
10 3550 PS P3 Exec "C21" 
17 3575 Pile T 1.00 
10 3575 PS P0 Idle "" 
10 3575 PS P1 Tr "a32*b21" 
11 3575 P5 5_1_a32*b21 "25" TTP C
12 3575 P1 5_1_a32*b21 "25" TTP C
17 3600 Pile T 1.00 
10 3600 PS P4 Idle "" 
17 3600 Pile T 1.00 
10 3600 PS P2 Idle "" 
17 3600 Pile T 1.00 
10 3600 PS P5 Idle "" 
10 3600 PS P1 Exec "C31" 
17 3650 Pile T 1.00 
10 3650 PS P3 Idle "" 
17 3700 Pile T 1.00 
16 3700 Pile T 1.00 
10 3700 PS P1 Idle "" 
10 3700 PS P1 Tr "C13" 
11 3700 P5 5_1_C13 "25" TTP C
12 3700 P1 5_1_C13 "25" TTP C
10 3725 PS P1 Tr "C12" 
11 3725 P4 4_1_C12 "25" TTP C
12 3725 P1 4_1_C12 "25" TTP C
10 3750 PS P1 Tr "C11" 
11 3750 P4 4_1_C11 "25" TTP C
12 3750 P1 4_1_C11 "25" TTP C
10 3775 PS P1 Tr "C22" 
11 3775 P3 3_1_C22 "25" TTP C
12 3775 P1 3_1_C22 "25" TTP C
10 3800 PS P1 Tr "C21" 
11 3800 P3 3_1_C21 "25" TTP C
12 3800 P1 3_1_C21 "25" TTP C
10 3825 PS P1 Tr "C41" 
11 3825 P5 5_1_C41 "25" TTP C
12 3825 P1 5_1_C41 "25" TTP C
10 3850 PS P1 Tr "C43" 
11 3850 P4 4_1_C43 "25" TTP C
12 3850 P1 4_1_C43 "25" TTP C
10 3875 PS P1 Tr "C24" 
11 3875 P3 3_1_C24 "25" TTP C
12 3875 P1 3_1_C24 "25" TTP C
10 3900 PS P1 Tr "C44" 
11 3900 P2 2_1_C44 "25" TTP C
12 3900 P1 2_1_C44 "25" TTP C
10 3925 PS P1 Tr "C23" 
11 3925 P0 0_1_C23 "25" TTP C
12 3925 P1 0_1_C23 "25" TTP C
10 3950 PS P1 Tr "C33" 
11 3950 P2 2_1_C33 "25" TTP C
12 3950 P1 2_1_C33 "25" TTP C
10 3975 PS P1 Tr "C32" 
11 3975 P2 2_1_C32 "25" TTP C
12 3975 P1 2_1_C32 "25" TTP C
10 4000 PS P1 Tr "C14" 
11 4000 P0 0_1_C14 "25" TTP C
12 4000 P1 0_1_C14 "25" TTP C
10 4025 PS P1 Exec "Fusion" 
17 4825 Pile T 1.00 
10 4825 PS P1 Idle "" 
8 4825 Pile PL
8 4825 P1 Pr
8 4825 P3 Pr
8 4825 P5 Pr
8 4825 P2 Pr
8 4825 P4 Pr
8 4825 P0 Pr
8 4825 TTP P
