%EventDef PajeDefineContainerType 1
% Alias string
% ContainerType string
% Name string
%EndEventDef
%EventDef PajeDefineStateType 3
% Alias string
% ContainerType string
% Name string
%EndEventDef
%EventDef PajeDefineLinkType 4
% Name string
% ContainerType string
% SourceContainerType string
% DestContainerType string
% Alias string
%EndEventDef
%EventDef PajeDefineEntityValue 6
% Alias string
% EntityType string
% Name string
% Color color
%EndEventDef
%EventDef PajeCreateContainer 7
% Time date
% Alias string
% Type string
% Container string
% Name string
%EndEventDef
%EventDef PajeDestroyContainer 8
% Time date
% Name string
% Type string
%EndEventDef
%EventDef PajeSetState 10
% Time date
% Type string
% Container string
% Value string
% file string
%EndEventDef
%EventDef PajeStartLink 11
% Time date
% SourceContainer string
% Key string
% Value string
% Container string
% Type string
%EndEventDef
%EventDef PajeEndLink 12
% Time date
% DestContainer string
% Key string
% Value string
% Container string
% Type string
%EndEventDef
%EventDef PajePushState	13
% Time	date
% EntityType	string
% Container	string
% Value	string
%EndEventDef
%EventDef PajeDefineVariableType 14
% Type string
% Name string
% Color color
% Alias string
%EndEventDef
%EventDef PajeSetVariable 15
% Time date
% Container string
% Type string
% Value double
%EndEventDef
%EventDef PajeAddVariable 16
% Time date
% Container string
% Type string
% Value double
%EndEventDef
%EventDef PajeSubVariable 17
% Time date
% Container string
% Type string
% Value double
%EndEventDef
1 P 0 Program
1 Pr P Processors
1 PL P Tasks
3 PS Pr "Processor State"
3 PF Pr "Ready File"
6 Exec PS Executing "2 .0 .1"
6 Idle PS Idle "8 .3 .0"
6 TR PS Transfer "0 .3 .8"
14 PL "Task" "1 .5 .5" T
7 0 TTP P 0 "Plate-forme"
4 "Communication" P Pr Pr C
7 0 Pile PL TTP "Pile 1"
7 0 P0 Pr TTP "P 0" 
10 0 PS P0 Idle "" 
7 0 P1 Pr TTP "P 1" 
10 0 PS P1 Idle "" 
7 0 P2 Pr TTP "P 2" 
10 0 PS P2 Idle "" 
7 0 P3 Pr TTP "P 3" 
10 0 PS P3 Idle "" 
7 0 P4 Pr TTP "P 4" 
10 0 PS P4 Idle "" 
7 0 P5 Pr TTP "P 5" 
10 0 PS P5 Idle "" 
7 0 P6 Pr TTP "P 6" 
10 0 PS P6 Idle "" 
7 0 P7 Pr TTP "P 7" 
10 0 PS P7 Idle "" 
7 0 P8 Pr TTP "P 8" 
10 0 PS P8 Idle "" 
7 0 P9 Pr TTP "P 9" 
10 0 PS P9 Idle "" 
10 0 PS P0 Exec "split-a" 
10 0 PS P1 Exec "split-b" 
17 2048 Pile T 1.00 
16 2048 Pile T 1.00 
16 2048 Pile T 1.00 
16 2048 Pile T 1.00 
16 2048 Pile T 1.00 
16 2048 Pile T 1.00 
16 2048 Pile T 1.00 
16 2048 Pile T 1.00 
16 2048 Pile T 1.00 
16 2048 Pile T 1.00 
16 2048 Pile T 1.00 
16 2048 Pile T 1.00 
16 2048 Pile T 1.00 
16 2048 Pile T 1.00 
16 2048 Pile T 1.00 
16 2048 Pile T 1.00 
16 2048 Pile T 1.00 
10 2048 PS P0 Idle "" 
10 2048 PS P0 Exec "a42" 
10 2048 PS P2 Tr "split-a" 
11 2048 P0 0_2_split-a "1024" TTP C
12 2048 P2 0_2_split-a "1024" TTP C
10 2048 PS P3 Tr "split-a" 
11 2048 P0 0_3_split-a "1024" TTP C
12 2048 P3 0_3_split-a "1024" TTP C
10 2048 PS P4 Tr "split-a" 
11 2048 P0 0_4_split-a "1024" TTP C
12 2048 P4 0_4_split-a "1024" TTP C
10 2048 PS P5 Tr "split-a" 
11 2048 P0 0_5_split-a "1024" TTP C
12 2048 P5 0_5_split-a "1024" TTP C
10 2048 PS P6 Tr "split-a" 
11 2048 P0 0_6_split-a "1024" TTP C
12 2048 P6 0_6_split-a "1024" TTP C
10 2048 PS P7 Tr "split-a" 
11 2048 P0 0_7_split-a "1024" TTP C
12 2048 P7 0_7_split-a "1024" TTP C
10 2048 PS P8 Tr "split-a" 
11 2048 P0 0_8_split-a "1024" TTP C
12 2048 P8 0_8_split-a "1024" TTP C
10 2048 PS P9 Tr "split-a" 
11 2048 P0 0_9_split-a "1024" TTP C
12 2048 P9 0_9_split-a "1024" TTP C
17 2048 Pile T 1.00 
16 2048 Pile T 1.00 
16 2048 Pile T 1.00 
16 2048 Pile T 1.00 
16 2048 Pile T 1.00 
16 2048 Pile T 1.00 
16 2048 Pile T 1.00 
16 2048 Pile T 1.00 
16 2048 Pile T 1.00 
16 2048 Pile T 1.00 
16 2048 Pile T 1.00 
16 2048 Pile T 1.00 
16 2048 Pile T 1.00 
16 2048 Pile T 1.00 
16 2048 Pile T 1.00 
16 2048 Pile T 1.00 
16 2048 Pile T 1.00 
10 2048 PS P1 Idle "" 
10 2048 PS P1 Tr "split-a" 
11 2048 P0 0_1_split-a "1024" TTP C
12 2048 P1 0_1_split-a "1024" TTP C
17 2048 Pile T 1.00 
10 2048 PS P0 Idle "" 
10 2048 PS P0 Exec "a32" 
17 2048 Pile T 1.00 
10 2048 PS P0 Idle "" 
10 2048 PS P0 Exec "a34" 
17 2048 Pile T 1.00 
10 2048 PS P0 Idle "" 
10 2048 PS P0 Exec "a44" 
17 2048 Pile T 1.00 
10 2048 PS P0 Idle "" 
10 2048 PS P0 Exec "a23" 
17 2048 Pile T 1.00 
10 2048 PS P0 Idle "" 
10 2048 PS P0 Exec "a13" 
17 2048 Pile T 1.00 
10 2048 PS P0 Idle "" 
10 2048 PS P0 Exec "a14" 
17 2048 Pile T 1.00 
10 2048 PS P0 Idle "" 
10 2048 PS P0 Tr "split-b" 
11 2048 P1 1_0_split-b "1024" TTP C
12 2048 P0 1_0_split-b "1024" TTP C
10 3072 PS P2 Exec "a31" 
10 3072 PS P3 Exec "a24" 
10 3072 PS P4 Exec "a12" 
10 3072 PS P5 Exec "a22" 
10 3072 PS P6 Exec "a43" 
10 3072 PS P7 Exec "a33" 
10 3072 PS P8 Exec "a21" 
10 3072 PS P9 Exec "a11" 
10 3072 PS P1 Exec "a41" 
10 3072 PS P0 Exec "b22" 
17 3072 Pile T 1.00 
10 3072 PS P2 Idle "" 
10 3072 PS P2 Tr "split-b" 
11 3072 P1 1_2_split-b "1024" TTP C
12 3072 P2 1_2_split-b "1024" TTP C
17 3072 Pile T 1.00 
10 3072 PS P3 Idle "" 
10 3072 PS P3 Tr "split-b" 
11 3072 P1 1_3_split-b "1024" TTP C
12 3072 P3 1_3_split-b "1024" TTP C
17 3072 Pile T 1.00 
10 3072 PS P4 Idle "" 
10 3072 PS P4 Tr "split-b" 
11 3072 P1 1_4_split-b "1024" TTP C
12 3072 P4 1_4_split-b "1024" TTP C
17 3072 Pile T 1.00 
10 3072 PS P5 Idle "" 
10 3072 PS P5 Tr "split-b" 
11 3072 P1 1_5_split-b "1024" TTP C
12 3072 P5 1_5_split-b "1024" TTP C
17 3072 Pile T 1.00 
10 3072 PS P6 Idle "" 
10 3072 PS P6 Tr "split-b" 
11 3072 P1 1_6_split-b "1024" TTP C
12 3072 P6 1_6_split-b "1024" TTP C
17 3072 Pile T 1.00 
10 3072 PS P7 Idle "" 
10 3072 PS P7 Tr "split-b" 
11 3072 P1 1_7_split-b "1024" TTP C
12 3072 P7 1_7_split-b "1024" TTP C
17 3072 Pile T 1.00 
10 3072 PS P8 Idle "" 
10 3072 PS P8 Tr "split-b" 
11 3072 P1 1_8_split-b "1024" TTP C
12 3072 P8 1_8_split-b "1024" TTP C
17 3072 Pile T 1.00 
10 3072 PS P9 Idle "" 
10 3072 PS P9 Tr "split-b" 
11 3072 P1 1_9_split-b "1024" TTP C
12 3072 P9 1_9_split-b "1024" TTP C
17 3072 Pile T 1.00 
10 3072 PS P1 Idle "" 
10 3072 PS P1 Exec "b21" 
17 3072 Pile T 1.00 
16 3072 Pile T 1.00 
16 3072 Pile T 1.00 
16 3072 Pile T 1.00 
16 3072 Pile T 1.00 
10 3072 PS P0 Idle "" 
10 3072 PS P0 Exec "b43" 
17 3072 Pile T 1.00 
16 3072 Pile T 1.00 
16 3072 Pile T 1.00 
16 3072 Pile T 1.00 
16 3072 Pile T 1.00 
10 3072 PS P1 Idle "" 
10 3072 PS P1 Exec "b23" 
17 3072 Pile T 1.00 
16 3072 Pile T 1.00 
16 3072 Pile T 1.00 
16 3072 Pile T 1.00 
16 3072 Pile T 1.00 
10 3072 PS P0 Idle "" 
10 3072 PS P0 Exec "b33" 
17 3072 Pile T 1.00 
16 3072 Pile T 1.00 
16 3072 Pile T 1.00 
16 3072 Pile T 1.00 
16 3072 Pile T 1.00 
10 3072 PS P1 Idle "" 
10 3072 PS P1 Exec "b31" 
17 3072 Pile T 1.00 
16 3072 Pile T 1.00 
16 3072 Pile T 1.00 
16 3072 Pile T 1.00 
16 3072 Pile T 1.00 
10 3072 PS P0 Idle "" 
10 3072 PS P0 Exec "b12" 
17 3072 Pile T 1.00 
16 3072 Pile T 1.00 
16 3072 Pile T 1.00 
16 3072 Pile T 1.00 
16 3072 Pile T 1.00 
10 3072 PS P1 Idle "" 
10 3072 PS P1 Exec "b24" 
17 3072 Pile T 1.00 
16 3072 Pile T 1.00 
16 3072 Pile T 1.00 
16 3072 Pile T 1.00 
16 3072 Pile T 1.00 
10 3072 PS P0 Idle "" 
10 3072 PS P0 Exec "a42*b22" 
17 3072 Pile T 1.00 
16 3072 Pile T 1.00 
16 3072 Pile T 1.00 
16 3072 Pile T 1.00 
16 3072 Pile T 1.00 
10 3072 PS P1 Idle "" 
10 3072 PS P1 Tr "b22" 
11 3072 P0 0_1_b22 "64" TTP C
12 3072 P1 0_1_b22 "64" TTP C
10 3136 PS P1 Tr "a22" 
11 3136 P5 5_1_a22 "64" TTP C
12 3136 P1 5_1_a22 "64" TTP C
10 3200 PS P1 Exec "a22*b22" 
17 3584 Pile T 1.00 
10 3584 PS P0 Idle "" 
10 3584 PS P0 Exec "a32*b22" 
17 3712 Pile T 1.00 
10 3712 PS P1 Idle "" 
10 3712 PS P1 Tr "a12" 
11 3712 P4 4_1_a12 "64" TTP C
12 3712 P1 4_1_a12 "64" TTP C
10 3776 PS P1 Exec "a12*b22" 
10 4096 PS P2 Exec "b41" 
10 4096 PS P3 Exec "b11" 
10 4096 PS P4 Exec "b34" 
10 4096 PS P5 Exec "b44" 
10 4096 PS P6 Exec "b32" 
10 4096 PS P7 Exec "b14" 
10 4096 PS P8 Exec "b42" 
10 4096 PS P9 Exec "b13" 
17 4096 Pile T 1.00 
10 4096 PS P0 Idle "" 
10 4096 PS P0 Tr "a22" 
11 4096 P5 5_0_a22 "64" TTP C
12 4096 P0 5_0_a22 "64" TTP C
17 4096 Pile T 1.00 
16 4096 Pile T 1.00 
16 4096 Pile T 1.00 
16 4096 Pile T 1.00 
16 4096 Pile T 1.00 
10 4096 PS P2 Idle "" 
10 4096 PS P2 Tr "a12" 
11 4096 P4 4_2_a12 "64" TTP C
12 4096 P2 4_2_a12 "64" TTP C
17 4096 Pile T 1.00 
16 4096 Pile T 1.00 
16 4096 Pile T 1.00 
16 4096 Pile T 1.00 
16 4096 Pile T 1.00 
10 4096 PS P3 Idle "" 
10 4096 PS P3 Tr "a42" 
11 4096 P0 0_3_a42 "64" TTP C
12 4096 P3 0_3_a42 "64" TTP C
17 4096 Pile T 1.00 
16 4096 Pile T 1.00 
16 4096 Pile T 1.00 
16 4096 Pile T 1.00 
16 4096 Pile T 1.00 
10 4096 PS P4 Idle "" 
10 4096 PS P4 Tr "b21" 
11 4096 P1 1_4_b21 "64" TTP C
12 4096 P4 1_4_b21 "64" TTP C
17 4096 Pile T 1.00 
16 4096 Pile T 1.00 
16 4096 Pile T 1.00 
16 4096 Pile T 1.00 
16 4096 Pile T 1.00 
10 4096 PS P5 Idle "" 
10 4096 PS P5 Tr "b43" 
11 4096 P0 0_5_b43 "64" TTP C
12 4096 P5 0_5_b43 "64" TTP C
17 4096 Pile T 1.00 
16 4096 Pile T 1.00 
16 4096 Pile T 1.00 
16 4096 Pile T 1.00 
16 4096 Pile T 1.00 
10 4096 PS P6 Idle "" 
10 4096 PS P6 Tr "b43" 
11 4096 P0 0_6_b43 "64" TTP C
12 4096 P6 0_6_b43 "64" TTP C
17 4096 Pile T 1.00 
16 4096 Pile T 1.00 
16 4096 Pile T 1.00 
16 4096 Pile T 1.00 
16 4096 Pile T 1.00 
10 4096 PS P7 Idle "" 
10 4096 PS P7 Tr "b43" 
11 4096 P0 0_7_b43 "64" TTP C
12 4096 P7 0_7_b43 "64" TTP C
17 4096 Pile T 1.00 
16 4096 Pile T 1.00 
16 4096 Pile T 1.00 
16 4096 Pile T 1.00 
16 4096 Pile T 1.00 
10 4096 PS P8 Idle "" 
10 4096 PS P8 Tr "b43" 
11 4096 P0 0_8_b43 "64" TTP C
12 4096 P8 0_8_b43 "64" TTP C
17 4096 Pile T 1.00 
16 4096 Pile T 1.00 
16 4096 Pile T 1.00 
16 4096 Pile T 1.00 
16 4096 Pile T 1.00 
10 4096 PS P9 Idle "" 
10 4096 PS P9 Tr "b23" 
11 4096 P1 1_9_b23 "64" TTP C
12 4096 P9 1_9_b23 "64" TTP C
10 4160 PS P0 Tr "b21" 
11 4160 P1 1_0_b21 "64" TTP C
12 4160 P0 1_0_b21 "64" TTP C
10 4160 PS P2 Tr "b21" 
11 4160 P1 1_2_b21 "64" TTP C
12 4160 P2 1_2_b21 "64" TTP C
10 4160 PS P3 Tr "b21" 
11 4160 P1 1_3_b21 "64" TTP C
12 4160 P3 1_3_b21 "64" TTP C
10 4160 PS P4 Tr "a32" 
11 4160 P0 0_4_a32 "64" TTP C
12 4160 P4 0_4_a32 "64" TTP C
10 4160 PS P5 Tr "a44" 
11 4160 P0 0_5_a44 "64" TTP C
12 4160 P5 0_5_a44 "64" TTP C
10 4160 PS P6 Tr "a14" 
11 4160 P0 0_6_a14 "64" TTP C
12 4160 P6 0_6_a14 "64" TTP C
10 4160 PS P7 Tr "a24" 
11 4160 P3 3_7_a24 "64" TTP C
12 4160 P7 3_7_a24 "64" TTP C
10 4160 PS P8 Tr "a34" 
11 4160 P0 0_8_a34 "64" TTP C
12 4160 P8 0_8_a34 "64" TTP C
10 4160 PS P9 Tr "a42" 
11 4160 P0 0_9_a42 "64" TTP C
12 4160 P9 0_9_a42 "64" TTP C
10 4224 PS P0 Exec "a22*b21" 
10 4224 PS P2 Exec "a12*b21" 
10 4224 PS P3 Exec "a42*b21" 
10 4224 PS P4 Exec "a32*b21" 
10 4224 PS P5 Exec "a44*b43" 
10 4224 PS P6 Exec "a14*b43" 
10 4224 PS P7 Exec "a24*b43" 
10 4224 PS P8 Exec "a34*b43" 
10 4224 PS P9 Exec "a42*b23" 
17 4288 Pile T 1.00 
10 4288 PS P1 Idle "" 
10 4288 PS P1 Exec "a22*b23" 
17 4736 Pile T 1.00 
10 4736 PS P0 Idle "" 
10 4736 PS P0 Tr "b23" 
11 4736 P1 1_0_b23 "64" TTP C
12 4736 P0 1_0_b23 "64" TTP C
17 4736 Pile T 1.00 
10 4736 PS P2 Idle "" 
10 4736 PS P2 Tr "b23" 
11 4736 P1 1_2_b23 "64" TTP C
12 4736 P2 1_2_b23 "64" TTP C
17 4736 Pile T 1.00 
10 4736 PS P3 Idle "" 
10 4736 PS P3 Tr "a43" 
11 4736 P6 6_3_a43 "64" TTP C
12 4736 P3 6_3_a43 "64" TTP C
17 4736 Pile T 1.00 
10 4736 PS P4 Idle "" 
10 4736 PS P4 Tr "a33" 
11 4736 P7 7_4_a33 "64" TTP C
12 4736 P4 7_4_a33 "64" TTP C
17 4736 Pile T 1.00 
10 4736 PS P5 Idle "" 
10 4736 PS P5 Tr "b33" 
11 4736 P0 0_5_b33 "64" TTP C
12 4736 P5 0_5_b33 "64" TTP C
17 4736 Pile T 1.00 
10 4736 PS P6 Idle "" 
10 4736 PS P6 Tr "a23" 
11 4736 P0 0_6_a23 "64" TTP C
12 4736 P6 0_6_a23 "64" TTP C
17 4736 Pile T 1.00 
10 4736 PS P7 Idle "" 
10 4736 PS P7 Tr "b31" 
11 4736 P1 1_7_b31 "64" TTP C
12 4736 P7 1_7_b31 "64" TTP C
17 4736 Pile T 1.00 
10 4736 PS P8 Idle "" 
10 4736 PS P8 Tr "b31" 
11 4736 P1 1_8_b31 "64" TTP C
12 4736 P8 1_8_b31 "64" TTP C
17 4736 Pile T 1.00 
10 4736 PS P9 Idle "" 
10 4736 PS P9 Tr "b31" 
11 4736 P1 1_9_b31 "64" TTP C
12 4736 P9 1_9_b31 "64" TTP C
17 4800 Pile T 1.00 
10 4800 PS P1 Idle "" 
10 4800 PS P1 Tr "a13" 
11 4800 P0 0_1_a13 "64" TTP C
12 4800 P1 0_1_a13 "64" TTP C
10 4800 PS P0 Exec "a32*b23" 
10 4800 PS P2 Exec "a12*b23" 
10 4800 PS P3 Tr "b33" 
11 4800 P0 0_3_b33 "64" TTP C
12 4800 P3 0_3_b33 "64" TTP C
10 4800 PS P4 Tr "b33" 
11 4800 P0 0_4_b33 "64" TTP C
12 4800 P4 0_4_b33 "64" TTP C
10 4800 PS P5 Tr "a13" 
11 4800 P0 0_5_a13 "64" TTP C
12 4800 P5 0_5_a13 "64" TTP C
10 4800 PS P6 Tr "b33" 
11 4800 P0 0_6_b33 "64" TTP C
12 4800 P6 0_6_b33 "64" TTP C
10 4800 PS P7 Tr "a43" 
11 4800 P6 6_7_a43 "64" TTP C
12 4800 P7 6_7_a43 "64" TTP C
10 4800 PS P8 Tr "a23" 
11 4800 P0 0_8_a23 "64" TTP C
12 4800 P8 0_8_a23 "64" TTP C
10 4800 PS P9 Tr "a33" 
11 4800 P7 7_9_a33 "64" TTP C
12 4800 P9 7_9_a33 "64" TTP C
10 4864 PS P1 Exec "a13*b31" 
10 4864 PS P3 Exec "a43*b33" 
10 4864 PS P4 Exec "a33*b33" 
10 4864 PS P5 Exec "a13*b33" 
10 4864 PS P6 Exec "a23*b33" 
10 4864 PS P7 Exec "a43*b31" 
10 4864 PS P8 Exec "a23*b31" 
10 4864 PS P9 Exec "a33*b31" 
17 5312 Pile T 1.00 
10 5312 PS P0 Idle "" 
10 5312 PS P0 Tr "a31" 
11 5312 P2 2_0_a31 "64" TTP C
12 5312 P0 2_0_a31 "64" TTP C
17 5312 Pile T 1.00 
10 5312 PS P2 Idle "" 
10 5312 PS P2 Tr "a21" 
11 5312 P8 8_2_a21 "64" TTP C
12 5312 P2 8_2_a21 "64" TTP C
17 5376 Pile T 1.00 
10 5376 PS P1 Idle "" 
10 5376 PS P1 Tr "a11" 
11 5376 P9 9_1_a11 "64" TTP C
12 5376 P1 9_1_a11 "64" TTP C
17 5376 Pile T 1.00 
10 5376 PS P3 Idle "" 
10 5376 PS P3 Tr "a41" 
11 5376 P1 1_3_a41 "64" TTP C
12 5376 P3 1_3_a41 "64" TTP C
17 5376 Pile T 1.00 
10 5376 PS P4 Idle "" 
10 5376 PS P4 Tr "b24" 
11 5376 P1 1_4_b24 "64" TTP C
12 5376 P4 1_4_b24 "64" TTP C
17 5376 Pile T 1.00 
10 5376 PS P5 Idle "" 
10 5376 PS P5 Tr "b24" 
11 5376 P1 1_5_b24 "64" TTP C
12 5376 P5 1_5_b24 "64" TTP C
17 5376 Pile T 1.00 
10 5376 PS P6 Idle "" 
10 5376 PS P6 Tr "b24" 
11 5376 P1 1_6_b24 "64" TTP C
12 5376 P6 1_6_b24 "64" TTP C
17 5376 Pile T 1.00 
10 5376 PS P7 Idle "" 
10 5376 PS P7 Tr "b24" 
11 5376 P1 1_7_b24 "64" TTP C
12 5376 P7 1_7_b24 "64" TTP C
17 5376 Pile T 1.00 
10 5376 PS P8 Idle "" 
10 5376 PS P8 Tr "b41" 
11 5376 P2 2_8_b41 "64" TTP C
12 5376 P8 2_8_b41 "64" TTP C
17 5376 Pile T 1.00 
10 5376 PS P9 Idle "" 
10 5376 PS P9 Tr "b41" 
11 5376 P2 2_9_b41 "64" TTP C
12 5376 P9 2_9_b41 "64" TTP C
10 5376 PS P0 Exec "a31*b12" 
10 5376 PS P2 Tr "b12" 
11 5376 P0 0_2_b12 "64" TTP C
12 5376 P2 0_2_b12 "64" TTP C
10 5440 PS P1 Tr "b12" 
11 5440 P0 0_1_b12 "64" TTP C
12 5440 P1 0_1_b12 "64" TTP C
10 5440 PS P3 Tr "b12" 
11 5440 P0 0_3_b12 "64" TTP C
12 5440 P3 0_3_b12 "64" TTP C
10 5440 PS P4 Exec "a12*b24" 
10 5440 PS P5 Tr "a42" 
11 5440 P0 0_5_a42 "64" TTP C
12 5440 P5 0_5_a42 "64" TTP C
10 5440 PS P6 Tr "a32" 
11 5440 P0 0_6_a32 "64" TTP C
12 5440 P6 0_6_a32 "64" TTP C
10 5440 PS P7 Tr "a22" 
11 5440 P5 5_7_a22 "64" TTP C
12 5440 P7 5_7_a22 "64" TTP C
10 5440 PS P8 Exec "a34*b41" 
10 5440 PS P9 Tr "a24" 
11 5440 P3 3_9_a24 "64" TTP C
12 5440 P9 3_9_a24 "64" TTP C
10 5440 PS P2 Exec "a21*b12" 
10 5504 PS P1 Exec "a11*b12" 
10 5504 PS P3 Exec "a41*b12" 
10 5504 PS P5 Exec "a42*b24" 
10 5504 PS P6 Exec "a32*b24" 
10 5504 PS P7 Exec "a22*b24" 
10 5504 PS P9 Exec "a24*b41" 
17 5888 Pile T 1.00 
10 5888 PS P0 Idle "" 
10 5888 PS P0 Tr "b41" 
11 5888 P2 2_0_b41 "64" TTP C
12 5888 P0 2_0_b41 "64" TTP C
17 5952 Pile T 1.00 
10 5952 PS P4 Idle "" 
10 5952 PS P4 Tr "b41" 
11 5952 P2 2_4_b41 "64" TTP C
12 5952 P4 2_4_b41 "64" TTP C
17 5952 Pile T 1.00 
10 5952 PS P8 Idle "" 
10 5952 PS P8 Tr "a41" 
11 5952 P1 1_8_a41 "64" TTP C
12 5952 P8 1_8_a41 "64" TTP C
17 5952 Pile T 1.00 
10 5952 PS P2 Idle "" 
10 5952 PS P2 Tr "b11" 
11 5952 P3 3_2_b11 "64" TTP C
12 5952 P2 3_2_b11 "64" TTP C
10 5952 PS P0 Exec "a14*b41" 
17 6016 Pile T 1.00 
10 6016 PS P1 Idle "" 
10 6016 PS P1 Tr "a31" 
11 6016 P2 2_1_a31 "64" TTP C
12 6016 P1 2_1_a31 "64" TTP C
17 6016 Pile T 1.00 
10 6016 PS P3 Idle "" 
10 6016 PS P3 Tr "a21" 
11 6016 P8 8_3_a21 "64" TTP C
12 6016 P3 8_3_a21 "64" TTP C
17 6016 Pile T 1.00 
10 6016 PS P5 Idle "" 
10 6016 PS P5 Tr "a43" 
11 6016 P6 6_5_a43 "64" TTP C
12 6016 P5 6_5_a43 "64" TTP C
17 6016 Pile T 1.00 
10 6016 PS P6 Idle "" 
10 6016 PS P6 Tr "b34" 
11 6016 P4 4_6_b34 "64" TTP C
12 6016 P6 4_6_b34 "64" TTP C
17 6016 Pile T 1.00 
10 6016 PS P7 Idle "" 
10 6016 PS P7 Tr "b34" 
11 6016 P4 4_7_b34 "64" TTP C
12 6016 P7 4_7_b34 "64" TTP C
17 6016 Pile T 1.00 
10 6016 PS P9 Idle "" 
10 6016 PS P9 Tr "b34" 
11 6016 P4 4_9_b34 "64" TTP C
12 6016 P9 4_9_b34 "64" TTP C
10 6016 PS P4 Tr "a44" 
11 6016 P0 0_4_a44 "64" TTP C
12 6016 P4 0_4_a44 "64" TTP C
10 6016 PS P8 Tr "b11" 
11 6016 P3 3_8_b11 "64" TTP C
12 6016 P8 3_8_b11 "64" TTP C
10 6016 PS P2 Tr "a11" 
11 6016 P9 9_2_a11 "64" TTP C
12 6016 P2 9_2_a11 "64" TTP C
10 6080 PS P1 Tr "b11" 
11 6080 P3 3_1_b11 "64" TTP C
12 6080 P1 3_1_b11 "64" TTP C
10 6080 PS P3 Exec "a21*b11" 
10 6080 PS P5 Tr "b34" 
11 6080 P4 4_5_b34 "64" TTP C
12 6080 P5 4_5_b34 "64" TTP C
10 6080 PS P6 Exec "a23*b34" 
10 6080 PS P7 Tr "a13" 
11 6080 P0 0_7_a13 "64" TTP C
12 6080 P7 0_7_a13 "64" TTP C
10 6080 PS P9 Exec "a33*b34" 
10 6080 PS P4 Exec "a44*b41" 
10 6080 PS P8 Exec "a41*b11" 
10 6080 PS P2 Exec "a11*b11" 
10 6144 PS P1 Exec "a31*b11" 
10 6144 PS P5 Exec "a43*b34" 
10 6144 PS P7 Exec "a13*b34" 
17 6464 Pile T 1.00 
10 6464 PS P0 Idle "" 
10 6464 PS P0 Tr "b44" 
11 6464 P5 5_0_b44 "64" TTP C
12 6464 P0 5_0_b44 "64" TTP C
10 6528 PS P0 Exec "a14*b44" 
17 6592 Pile T 1.00 
16 6592 Pile T 1.00 
10 6592 PS P3 Idle "" 
10 6592 PS P3 Tr "a44" 
11 6592 P0 0_3_a44 "64" TTP C
12 6592 P3 0_3_a44 "64" TTP C
17 6592 Pile T 1.00 
10 6592 PS P6 Idle "" 
10 6592 PS P6 Tr "b44" 
11 6592 P5 5_6_b44 "64" TTP C
12 6592 P6 5_6_b44 "64" TTP C
17 6592 Pile T 1.00 
10 6592 PS P9 Idle "" 
10 6592 PS P9 Tr "b44" 
11 6592 P5 5_9_b44 "64" TTP C
12 6592 P9 5_9_b44 "64" TTP C
17 6592 Pile T 1.00 
10 6592 PS P4 Idle "" 
10 6592 PS P4 Tr "b32" 
11 6592 P6 6_4_b32 "64" TTP C
12 6592 P4 6_4_b32 "64" TTP C
17 6592 Pile T 1.00 
16 6592 Pile T 1.00 
10 6592 PS P8 Idle "" 
10 6592 PS P8 Tr "b32" 
11 6592 P6 6_8_b32 "64" TTP C
12 6592 P8 6_8_b32 "64" TTP C
17 6592 Pile T 1.00 
16 6592 Pile T 1.00 
10 6592 PS P2 Idle "" 
10 6592 PS P2 Tr "a13" 
11 6592 P0 0_2_a13 "64" TTP C
12 6592 P2 0_2_a13 "64" TTP C
17 6656 Pile T 1.00 
16 6656 Pile T 1.00 
10 6656 PS P1 Idle "" 
10 6656 PS P1 Tr "b32" 
11 6656 P6 6_1_b32 "64" TTP C
12 6656 P1 6_1_b32 "64" TTP C
17 6656 Pile T 1.00 
10 6656 PS P5 Idle "" 
10 6656 PS P5 Tr "a21" 
11 6656 P8 8_5_a21 "64" TTP C
12 6656 P5 8_5_a21 "64" TTP C
17 6656 Pile T 1.00 
10 6656 PS P7 Idle "" 
10 6656 PS P7 Tr "a41" 
11 6656 P1 1_7_a41 "64" TTP C
12 6656 P7 1_7_a41 "64" TTP C
10 6656 PS P3 Tr "b44" 
11 6656 P5 5_3_b44 "64" TTP C
12 6656 P3 5_3_b44 "64" TTP C
10 6656 PS P6 Tr "a34" 
11 6656 P0 0_6_a34 "64" TTP C
12 6656 P6 0_6_a34 "64" TTP C
10 6656 PS P9 Exec "a24*b44" 
10 6656 PS P4 Exec "a33*b32" 
10 6656 PS P8 Tr "a43" 
11 6656 P6 6_8_a43 "64" TTP C
12 6656 P8 6_8_a43 "64" TTP C
10 6656 PS P2 Tr "b32" 
11 6656 P6 6_2_b32 "64" TTP C
12 6656 P2 6_2_b32 "64" TTP C
10 6720 PS P1 Tr "a23" 
11 6720 P0 0_1_a23 "64" TTP C
12 6720 P1 0_1_a23 "64" TTP C
10 6720 PS P5 Tr "b14" 
11 6720 P7 7_5_b14 "64" TTP C
12 6720 P5 7_5_b14 "64" TTP C
10 6720 PS P7 Exec "a41*b14" 
10 6720 PS P3 Exec "a44*b44" 
10 6720 PS P6 Exec "a34*b44" 
10 6720 PS P8 Exec "a43*b32" 
10 6720 PS P2 Exec "a13*b32" 
10 6784 PS P1 Exec "a23*b32" 
10 6784 PS P5 Exec "a21*b14" 
17 7040 Pile T 1.00 
10 7040 PS P0 Idle "" 
10 7040 PS P0 Tr "b14" 
11 7040 P7 7_0_b14 "64" TTP C
12 7040 P0 7_0_b14 "64" TTP C
10 7104 PS P0 Tr "a11" 
11 7104 P9 9_0_a11 "64" TTP C
12 7104 P0 9_0_a11 "64" TTP C
17 7168 Pile T 1.00 
10 7168 PS P9 Idle "" 
10 7168 PS P9 Tr "a31" 
11 7168 P2 2_9_a31 "64" TTP C
12 7168 P9 2_9_a31 "64" TTP C
17 7168 Pile T 1.00 
10 7168 PS P4 Idle "" 
10 7168 PS P4 Tr "b42" 
11 7168 P8 8_4_b42 "64" TTP C
12 7168 P4 8_4_b42 "64" TTP C
10 7168 PS P0 Exec "a11*b14" 
17 7232 Pile T 1.00 
10 7232 PS P7 Idle "" 
10 7232 PS P7 Tr "a14" 
11 7232 P0 0_7_a14 "64" TTP C
12 7232 P7 0_7_a14 "64" TTP C
17 7232 Pile T 1.00 
16 7232 Pile T 1.00 
10 7232 PS P3 Idle "" 
10 7232 PS P3 Tr "b42" 
11 7232 P8 8_3_b42 "64" TTP C
12 7232 P3 8_3_b42 "64" TTP C
17 7232 Pile T 1.00 
10 7232 PS P6 Idle "" 
10 7232 PS P6 Tr "b42" 
11 7232 P8 8_6_b42 "64" TTP C
12 7232 P6 8_6_b42 "64" TTP C
17 7232 Pile T 1.00 
10 7232 PS P8 Idle "" 
10 7232 PS P8 Tr "b13" 
11 7232 P9 9_8_b13 "64" TTP C
12 7232 P8 9_8_b13 "64" TTP C
17 7232 Pile T 1.00 
10 7232 PS P2 Idle "" 
10 7232 PS P2 Tr "b13" 
11 7232 P9 9_2_b13 "64" TTP C
12 7232 P2 9_2_b13 "64" TTP C
10 7232 PS P9 Tr "b14" 
11 7232 P7 7_9_b14 "64" TTP C
12 7232 P9 7_9_b14 "64" TTP C
10 7232 PS P4 Exec "a44*b42" 
17 7296 Pile T 1.00 
10 7296 PS P1 Idle "" 
10 7296 PS P1 Tr "b13" 
11 7296 P9 9_1_b13 "64" TTP C
12 7296 P1 9_1_b13 "64" TTP C
17 7296 Pile T 1.00 
16 7296 Pile T 1.00 
10 7296 PS P5 Idle "" 
10 7296 PS P5 Tr "b13" 
11 7296 P9 9_5_b13 "64" TTP C
12 7296 P5 9_5_b13 "64" TTP C
10 7296 PS P7 Tr "b42" 
11 7296 P8 8_7_b42 "64" TTP C
12 7296 P7 8_7_b42 "64" TTP C
10 7296 PS P3 Exec "a24*b42" 
10 7296 PS P6 Exec "a34*b42" 
10 7296 PS P8 Tr "a31" 
11 7296 P2 2_8_a31 "64" TTP C
12 7296 P8 2_8_a31 "64" TTP C
10 7296 PS P2 Exec "a11*b13" 
10 7296 PS P9 Exec "a31*b14" 
10 7360 PS P1 Exec "a41*b13" 
10 7360 PS P5 Exec "a21*b13" 
10 7360 PS P7 Exec "a14*b42" 
10 7360 PS P8 Exec "a31*b13" 
17 7680 Pile T 1.00 
16 7680 Pile T 1.00 
10 7680 PS P0 Idle "" 
10 7680 PS P0 Tr "a24*b41" 
11 7680 P9 9_0_a24*b41 "64" TTP C
12 7680 P0 9_0_a24*b41 "64" TTP C
17 7744 Pile T 1.00 
16 7744 Pile T 1.00 
10 7744 PS P4 Idle "" 
10 7744 PS P4 Tr "a42*b21" 
11 7744 P3 3_4_a42*b21 "64" TTP C
12 7744 P4 3_4_a42*b21 "64" TTP C
10 7744 PS P0 Tr "a23*b31" 
11 7744 P8 8_0_a23*b31 "64" TTP C
12 7744 P0 8_0_a23*b31 "64" TTP C
17 7808 Pile T 1.00 
16 7808 Pile T 1.00 
10 7808 PS P3 Idle "" 
10 7808 PS P3 Tr "a13*b31" 
11 7808 P1 1_3_a13*b31 "64" TTP C
12 7808 P3 1_3_a13*b31 "64" TTP C
17 7808 Pile T 1.00 
16 7808 Pile T 1.00 
10 7808 PS P6 Idle "" 
10 7808 PS P6 Tr "a32*b21" 
11 7808 P4 4_6_a32*b21 "64" TTP C
12 7808 P6 4_6_a32*b21 "64" TTP C
17 7808 Pile T 1.00 
16 7808 Pile T 1.00 
10 7808 PS P2 Idle "" 
10 7808 PS P2 Tr "a42*b24" 
11 7808 P5 5_2_a42*b24 "64" TTP C
12 7808 P2 5_2_a42*b24 "64" TTP C
17 7808 Pile T 1.00 
16 7808 Pile T 1.00 
10 7808 PS P9 Idle "" 
10 7808 PS P9 Tr "a23*b34" 
11 7808 P6 6_9_a23*b34 "64" TTP C
12 7808 P9 6_9_a23*b34 "64" TTP C
10 7808 PS P4 Tr "a43*b31" 
11 7808 P7 7_4_a43*b31 "64" TTP C
12 7808 P4 7_4_a43*b31 "64" TTP C
10 7808 PS P0 Tr "a21*b11" 
11 7808 P3 3_0_a21*b11 "64" TTP C
12 7808 P0 3_0_a21*b11 "64" TTP C
17 7872 Pile T 1.00 
16 7872 Pile T 1.00 
10 7872 PS P1 Idle "" 
10 7872 PS P1 Tr "a14*b44" 
11 7872 P0 0_1_a14*b44 "64" TTP C
12 7872 P1 0_1_a14*b44 "64" TTP C
17 7872 Pile T 1.00 
16 7872 Pile T 1.00 
10 7872 PS P5 Idle "" 
10 7872 PS P5 Tr "a44*b42" 
11 7872 P4 4_5_a44*b42 "64" TTP C
12 7872 P5 4_5_a44*b42 "64" TTP C
17 7872 Pile T 1.00 
16 7872 Pile T 1.00 
10 7872 PS P7 Idle "" 
10 7872 PS P7 Tr "a23*b32" 
11 7872 P1 1_7_a23*b32 "64" TTP C
12 7872 P7 1_7_a23*b32 "64" TTP C
17 7872 Pile T 1.00 
16 7872 Pile T 1.00 
10 7872 PS P8 Idle "" 
10 7872 PS P8 Tr "a31*b12" 
11 7872 P0 0_8_a31*b12 "64" TTP C
12 7872 P8 0_8_a31*b12 "64" TTP C
10 7872 PS P3 Tr "a14*b41" 
11 7872 P0 0_3_a14*b41 "64" TTP C
12 7872 P3 0_3_a14*b41 "64" TTP C
10 7872 PS P6 Tr "a34*b41" 
11 7872 P8 8_6_a34*b41 "64" TTP C
12 7872 P6 8_6_a34*b41 "64" TTP C
10 7872 PS P2 Tr "a44*b44" 
11 7872 P3 3_2_a44*b44 "64" TTP C
12 7872 P2 3_2_a44*b44 "64" TTP C
10 7872 PS P9 Tr "a22*b24" 
11 7872 P7 7_9_a22*b24 "64" TTP C
12 7872 P9 7_9_a22*b24 "64" TTP C
10 7872 PS P4 Tr "a41*b11" 
11 7872 P8 8_4_a41*b11 "64" TTP C
12 7872 P4 8_4_a41*b11 "64" TTP C
10 7872 PS P0 Exec "C21" 
10 7936 PS P1 Tr "a12*b24" 
11 7936 P4 4_1_a12*b24 "64" TTP C
12 7936 P1 4_1_a12*b24 "64" TTP C
10 7936 PS P5 Tr "a42*b22" 
11 7936 P0 0_5_a42*b22 "64" TTP C
12 7936 P5 0_5_a42*b22 "64" TTP C
10 7936 PS P7 Tr "a22*b22" 
11 7936 P1 1_7_a22*b22 "64" TTP C
12 7936 P7 1_7_a22*b22 "64" TTP C
10 7936 PS P8 Tr "a32*b22" 
11 7936 P0 0_8_a32*b22 "64" TTP C
12 7936 P8 0_8_a32*b22 "64" TTP C
10 7936 PS P3 Tr "a12*b21" 
11 7936 P2 2_3_a12*b21 "64" TTP C
12 7936 P3 2_3_a12*b21 "64" TTP C
10 7936 PS P6 Tr "a33*b31" 
11 7936 P9 9_6_a33*b31 "64" TTP C
12 7936 P6 9_6_a33*b31 "64" TTP C
10 7936 PS P2 Tr "a41*b14" 
11 7936 P7 7_2_a41*b14 "64" TTP C
12 7936 P2 7_2_a41*b14 "64" TTP C
10 7936 PS P9 Tr "a21*b14" 
11 7936 P5 5_9_a21*b14 "64" TTP C
12 7936 P9 5_9_a21*b14 "64" TTP C
10 7936 PS P4 Exec "C41" 
10 8000 PS P1 Tr "a13*b34" 
11 8000 P7 7_1_a13*b34 "64" TTP C
12 8000 P1 7_1_a13*b34 "64" TTP C
10 8000 PS P5 Tr "a41*b12" 
11 8000 P3 3_5_a41*b12 "64" TTP C
12 8000 P5 3_5_a41*b12 "64" TTP C
10 8000 PS P7 Tr "a21*b12" 
11 8000 P2 2_7_a21*b12 "64" TTP C
12 8000 P7 2_7_a21*b12 "64" TTP C
10 8000 PS P8 Tr "a33*b32" 
11 8000 P4 4_8_a33*b32 "64" TTP C
12 8000 P8 4_8_a33*b32 "64" TTP C
10 8000 PS P3 Tr "a11*b11" 
11 8000 P2 2_3_a11*b11 "64" TTP C
12 8000 P3 2_3_a11*b11 "64" TTP C
10 8000 PS P6 Tr "a31*b11" 
11 8000 P1 1_6_a31*b11 "64" TTP C
12 8000 P6 1_6_a31*b11 "64" TTP C
10 8000 PS P2 Tr "a43*b34" 
11 8000 P5 5_2_a43*b34 "64" TTP C
12 8000 P2 5_2_a43*b34 "64" TTP C
10 8000 PS P9 Exec "C24" 
10 8064 PS P1 Tr "a11*b14" 
11 8064 P0 0_1_a11*b14 "64" TTP C
12 8064 P1 0_1_a11*b14 "64" TTP C
10 8064 PS P5 Tr "a43*b32" 
11 8064 P8 8_5_a43*b32 "64" TTP C
12 8064 P5 8_5_a43*b32 "64" TTP C
10 8064 PS P7 Tr "a24*b42" 
11 8064 P3 3_7_a24*b42 "64" TTP C
12 8064 P7 3_7_a24*b42 "64" TTP C
10 8064 PS P8 Tr "a34*b42" 
11 8064 P6 6_8_a34*b42 "64" TTP C
12 8064 P8 6_8_a34*b42 "64" TTP C
10 8064 PS P3 Exec "C11" 
10 8064 PS P6 Exec "C31" 
10 8064 PS P2 Exec "C44" 
17 8128 Pile T 1.00 
10 8128 PS P0 Idle "" 
10 8128 PS P0 Tr "a13*b33" 
11 8128 P5 5_0_a13*b33 "64" TTP C
12 8128 P0 5_0_a13*b33 "64" TTP C
10 8128 PS P1 Exec "C14" 
10 8128 PS P5 Exec "C42" 
10 8128 PS P7 Exec "C22" 
10 8128 PS P8 Exec "C32" 
17 8192 Pile T 1.00 
10 8192 PS P4 Idle "" 
10 8192 PS P4 Tr "a31*b14" 
11 8192 P9 9_4_a31*b14 "64" TTP C
12 8192 P4 9_4_a31*b14 "64" TTP C
10 8192 PS P0 Tr "a11*b13" 
11 8192 P2 2_0_a11*b13 "64" TTP C
12 8192 P0 2_0_a11*b13 "64" TTP C
17 8256 Pile T 1.00 
10 8256 PS P9 Idle "" 
10 8256 PS P9 Tr "a41*b13" 
11 8256 P1 1_9_a41*b13 "64" TTP C
12 8256 P9 1_9_a41*b13 "64" TTP C
10 8256 PS P4 Tr "a34*b44" 
11 8256 P6 6_4_a34*b44 "64" TTP C
12 8256 P4 6_4_a34*b44 "64" TTP C
10 8256 PS P0 Tr "a14*b43" 
11 8256 P6 6_0_a14*b43 "64" TTP C
12 8256 P0 6_0_a14*b43 "64" TTP C
17 8320 Pile T 1.00 
10 8320 PS P3 Idle "" 
10 8320 PS P3 Tr "a24*b43" 
11 8320 P7 7_3_a24*b43 "64" TTP C
12 8320 P3 7_3_a24*b43 "64" TTP C
17 8320 Pile T 1.00 
10 8320 PS P6 Idle "" 
10 8320 PS P6 Tr "a11*b12" 
11 8320 P1 1_6_a11*b12 "64" TTP C
12 8320 P6 1_6_a11*b12 "64" TTP C
17 8320 Pile T 1.00 
10 8320 PS P2 Idle "" 
10 8320 PS P2 Tr "a32*b23" 
11 8320 P0 0_2_a32*b23 "64" TTP C
12 8320 P2 0_2_a32*b23 "64" TTP C
10 8320 PS P9 Tr "a44*b43" 
11 8320 P5 5_9_a44*b43 "64" TTP C
12 8320 P9 5_9_a44*b43 "64" TTP C
10 8320 PS P4 Tr "a33*b34" 
11 8320 P9 9_4_a33*b34 "64" TTP C
12 8320 P4 9_4_a33*b34 "64" TTP C
10 8320 PS P0 Tr "a12*b23" 
11 8320 P2 2_0_a12*b23 "64" TTP C
12 8320 P0 2_0_a12*b23 "64" TTP C
17 8384 Pile T 1.00 
10 8384 PS P1 Idle "" 
17 8384 Pile T 1.00 
10 8384 PS P5 Idle "" 
17 8384 Pile T 1.00 
10 8384 PS P7 Idle "" 
17 8384 Pile T 1.00 
10 8384 PS P8 Idle "" 
10 8384 PS P3 Tr "a22*b23" 
11 8384 P1 1_3_a22*b23 "64" TTP C
12 8384 P3 1_3_a22*b23 "64" TTP C
10 8384 PS P6 Tr "a13*b32" 
11 8384 P2 2_6_a13*b32 "64" TTP C
12 8384 P6 2_6_a13*b32 "64" TTP C
10 8384 PS P2 Tr "a33*b33" 
11 8384 P4 4_2_a33*b33 "64" TTP C
12 8384 P2 4_2_a33*b33 "64" TTP C
10 8384 PS P9 Tr "a43*b33" 
11 8384 P3 3_9_a43*b33 "64" TTP C
12 8384 P9 3_9_a43*b33 "64" TTP C
10 8384 PS P4 Tr "a32*b24" 
11 8384 P6 6_4_a32*b24 "64" TTP C
12 8384 P4 6_4_a32*b24 "64" TTP C
10 8384 PS P0 Exec "C13" 
10 8448 PS P3 Tr "a21*b13" 
11 8448 P5 5_3_a21*b13 "64" TTP C
12 8448 P3 5_3_a21*b13 "64" TTP C
10 8448 PS P6 Tr "a12*b22" 
11 8448 P1 1_6_a12*b22 "64" TTP C
12 8448 P6 1_6_a12*b22 "64" TTP C
10 8448 PS P2 Tr "a31*b13" 
11 8448 P8 8_2_a31*b13 "64" TTP C
12 8448 P2 8_2_a31*b13 "64" TTP C
10 8448 PS P9 Exec "C43" 
10 8448 PS P4 Exec "C34" 
10 8512 PS P3 Tr "a23*b33" 
11 8512 P6 6_3_a23*b33 "64" TTP C
12 8512 P3 6_3_a23*b33 "64" TTP C
10 8512 PS P6 Tr "a14*b42" 
11 8512 P7 7_6_a14*b42 "64" TTP C
12 8512 P6 7_6_a14*b42 "64" TTP C
10 8512 PS P2 Tr "a34*b43" 
11 8512 P8 8_2_a34*b43 "64" TTP C
12 8512 P2 8_2_a34*b43 "64" TTP C
10 8576 PS P3 Exec "C23" 
10 8576 PS P6 Exec "C12" 
10 8576 PS P2 Exec "C33" 
17 8640 Pile T 1.00 
10 8640 PS P0 Idle "" 
17 8704 Pile T 1.00 
10 8704 PS P9 Idle "" 
17 8704 Pile T 1.00 
10 8704 PS P4 Idle "" 
17 8832 Pile T 1.00 
10 8832 PS P3 Idle "" 
17 8832 Pile T 1.00 
10 8832 PS P6 Idle "" 
17 8832 Pile T 1.00 
16 8832 Pile T 1.00 
10 8832 PS P2 Idle "" 
10 8832 PS P2 Tr "C13" 
11 8832 P0 0_2_C13 "64" TTP C
12 8832 P2 0_2_C13 "64" TTP C
10 8896 PS P2 Tr "C32" 
11 8896 P8 8_2_C32 "64" TTP C
12 8896 P2 8_2_C32 "64" TTP C
10 8960 PS P2 Tr "C42" 
11 8960 P5 5_2_C42 "64" TTP C
12 8960 P2 5_2_C42 "64" TTP C
10 9024 PS P2 Tr "C22" 
11 9024 P7 7_2_C22 "64" TTP C
12 9024 P2 7_2_C22 "64" TTP C
10 9088 PS P2 Tr "C12" 
11 9088 P6 6_2_C12 "64" TTP C
12 9088 P2 6_2_C12 "64" TTP C
10 9152 PS P2 Tr "C14" 
11 9152 P1 1_2_C14 "64" TTP C
12 9152 P2 1_2_C14 "64" TTP C
10 9216 PS P2 Tr "C24" 
11 9216 P9 9_2_C24 "64" TTP C
12 9216 P2 9_2_C24 "64" TTP C
10 9280 PS P2 Tr "C34" 
11 9280 P4 4_2_C34 "64" TTP C
12 9280 P2 4_2_C34 "64" TTP C
10 9344 PS P2 Tr "C31" 
11 9344 P6 6_2_C31 "64" TTP C
12 9344 P2 6_2_C31 "64" TTP C
10 9408 PS P2 Tr "C21" 
11 9408 P0 0_2_C21 "64" TTP C
12 9408 P2 0_2_C21 "64" TTP C
10 9472 PS P2 Tr "C23" 
11 9472 P3 3_2_C23 "64" TTP C
12 9472 P2 3_2_C23 "64" TTP C
10 9536 PS P2 Tr "C43" 
11 9536 P9 9_2_C43 "64" TTP C
12 9536 P2 9_2_C43 "64" TTP C
10 9600 PS P2 Tr "C41" 
11 9600 P4 4_2_C41 "64" TTP C
12 9600 P2 4_2_C41 "64" TTP C
10 9664 PS P2 Tr "C11" 
11 9664 P3 3_2_C11 "64" TTP C
12 9664 P2 3_2_C11 "64" TTP C
10 9728 PS P2 Exec "Fusion" 
17 11776 Pile T 1.00 
10 11776 PS P2 Idle "" 
8 11776 Pile PL
8 11776 P2 Pr
8 11776 P6 Pr
8 11776 P3 Pr
8 11776 P4 Pr
8 11776 P9 Pr
8 11776 P0 Pr
8 11776 P8 Pr
8 11776 P7 Pr
8 11776 P5 Pr
8 11776 P1 Pr
8 11776 TTP P
