%EventDef PajeDefineContainerType 1
% Alias string
% ContainerType string
% Name string
%EndEventDef
%EventDef PajeDefineStateType 3
% Alias string
% ContainerType string
% Name string
%EndEventDef
%EventDef PajeDefineLinkType 4
% Name string
% ContainerType string
% SourceContainerType string
% DestContainerType string
% Alias string
%EndEventDef
%EventDef PajeDefineEntityValue 6
% Alias string
% EntityType string
% Name string
% Color color
%EndEventDef
%EventDef PajeCreateContainer 7
% Time date
% Alias string
% Type string
% Container string
% Name string
%EndEventDef
%EventDef PajeDestroyContainer 8
% Time date
% Name string
% Type string
%EndEventDef
%EventDef PajeSetState 10
% Time date
% Type string
% Container string
% Value string
% file string
%EndEventDef
%EventDef PajeStartLink 11
% Time date
% SourceContainer string
% Key string
% Value string
% Container string
% Type string
%EndEventDef
%EventDef PajeEndLink 12
% Time date
% DestContainer string
% Key string
% Value string
% Container string
% Type string
%EndEventDef
%EventDef PajePushState	13
% Time	date
% EntityType	string
% Container	string
% Value	string
%EndEventDef
%EventDef PajeDefineVariableType 14
% Type string
% Name string
% Color color
% Alias string
%EndEventDef
%EventDef PajeSetVariable 15
% Time date
% Container string
% Type string
% Value double
%EndEventDef
%EventDef PajeAddVariable 16
% Time date
% Container string
% Type string
% Value double
%EndEventDef
%EventDef PajeSubVariable 17
% Time date
% Container string
% Type string
% Value double
%EndEventDef
1 P 0 Program
1 Pr P Processors
1 PL P Tasks
3 PS Pr "Processor State"
3 PF Pr "Ready File"
6 Exec PS Executing "2 .0 .1"
6 Idle PS Idle "8 .3 .0"
6 TR PS Transfer "0 .3 .8"
14 PL "Task" "1 .5 .5" T
7 0 TTP P 0 "Plate-forme"
4 "Communication" P Pr Pr C
7 0 Pile PL TTP "Pile 1"
7 0 P0 Pr TTP "P 0" 
10 0 PS P0 Idle "" 
7 0 P1 Pr TTP "P 1" 
10 0 PS P1 Idle "" 
7 0 P2 Pr TTP "P 2" 
10 0 PS P2 Idle "" 
7 0 P3 Pr TTP "P 3" 
10 0 PS P3 Idle "" 
7 0 P4 Pr TTP "P 4" 
10 0 PS P4 Idle "" 
7 0 P5 Pr TTP "P 5" 
10 0 PS P5 Idle "" 
10 0 PS P0 Exec "split-a3" 
10 0 PS P1 Exec "split-b4" 
10 0 PS P2 Exec "split-a4" 
10 0 PS P3 Exec "split-b" 
10 0 PS P4 Exec "split-a2" 
10 0 PS P5 Exec "split-b3" 
17 180000 Pile T 1.00 
16 180000 Pile T 1.00 
16 180000 Pile T 1.00 
16 180000 Pile T 1.00 
16 180000 Pile T 1.00 
10 180000 PS P0 Idle "" 
10 180000 PS P0 Exec "split-b1" 
17 180000 Pile T 1.00 
16 180000 Pile T 1.00 
16 180000 Pile T 1.00 
16 180000 Pile T 1.00 
16 180000 Pile T 1.00 
10 180000 PS P1 Idle "" 
10 180000 PS P1 Exec "split-b2" 
17 180000 Pile T 1.00 
16 180000 Pile T 1.00 
16 180000 Pile T 1.00 
16 180000 Pile T 1.00 
16 180000 Pile T 1.00 
10 180000 PS P2 Idle "" 
10 180000 PS P2 Exec "split-a1" 
17 180000 Pile T 1.00 
16 180000 Pile T 1.00 
16 180000 Pile T 1.00 
16 180000 Pile T 1.00 
16 180000 Pile T 1.00 
10 180000 PS P4 Idle "" 
10 180000 PS P4 Exec "split-a" 
17 180000 Pile T 1.00 
16 180000 Pile T 1.00 
16 180000 Pile T 1.00 
16 180000 Pile T 1.00 
16 180000 Pile T 1.00 
10 180000 PS P5 Idle "" 
10 180000 PS P5 Tr "split-a3" 
11 180000 P0 0_5_split-a3 "90000" TTP C
12 180000 P5 0_5_split-a3 "90000" TTP C
10 270000 PS P5 Exec "a33" 
17 270000 Pile T 1.00 
10 270000 PS P5 Idle "" 
10 270000 PS P5 Exec "a31" 
17 270000 Pile T 1.00 
10 270000 PS P5 Idle "" 
10 270000 PS P5 Exec "a34" 
17 270000 Pile T 1.00 
10 270000 PS P5 Idle "" 
10 270000 PS P5 Exec "a32" 
17 270000 Pile T 1.00 
10 270000 PS P5 Idle "" 
10 270000 PS P5 Tr "split-b4" 
11 270000 P1 1_5_split-b4 "90000" TTP C
12 270000 P5 1_5_split-b4 "90000" TTP C
17 360000 Pile T 1.00 
16 360000 Pile T 1.00 
16 360000 Pile T 1.00 
16 360000 Pile T 1.00 
16 360000 Pile T 1.00 
10 360000 PS P0 Idle "" 
10 360000 PS P0 Tr "split-b4" 
11 360000 P1 1_0_split-b4 "90000" TTP C
12 360000 P0 1_0_split-b4 "90000" TTP C
17 360000 Pile T 1.00 
16 360000 Pile T 1.00 
16 360000 Pile T 1.00 
16 360000 Pile T 1.00 
16 360000 Pile T 1.00 
10 360000 PS P1 Idle "" 
10 360000 PS P1 Exec "b43" 
17 360000 Pile T 1.00 
16 360000 Pile T 1.00 
16 360000 Pile T 1.00 
16 360000 Pile T 1.00 
16 360000 Pile T 1.00 
10 360000 PS P2 Idle "" 
10 360000 PS P2 Tr "split-b4" 
11 360000 P1 1_2_split-b4 "90000" TTP C
12 360000 P2 1_2_split-b4 "90000" TTP C
10 360000 PS P5 Exec "b44" 
17 360000 Pile T 1.00 
10 360000 PS P1 Idle "" 
10 360000 PS P1 Tr "split-a4" 
11 360000 P2 2_1_split-a4 "90000" TTP C
12 360000 P1 2_1_split-a4 "90000" TTP C
17 360000 Pile T 1.00 
10 360000 PS P5 Idle "" 
10 360000 PS P5 Tr "split-a4" 
11 360000 P2 2_5_split-a4 "90000" TTP C
12 360000 P5 2_5_split-a4 "90000" TTP C
10 450000 PS P0 Exec "b41" 
10 450000 PS P2 Exec "b42" 
10 450000 PS P1 Exec "a43" 
10 450000 PS P5 Exec "a44" 
17 450000 Pile T 1.00 
10 450000 PS P0 Idle "" 
10 450000 PS P0 Tr "split-a4" 
11 450000 P2 2_0_split-a4 "90000" TTP C
12 450000 P0 2_0_split-a4 "90000" TTP C
17 450000 Pile T 1.00 
10 450000 PS P2 Idle "" 
10 450000 PS P2 Exec "a41" 
17 450000 Pile T 1.00 
16 450000 Pile T 1.00 
16 450000 Pile T 1.00 
10 450000 PS P1 Idle "" 
10 450000 PS P1 Tr "split-a2" 
11 450000 P4 4_1_split-a2 "90000" TTP C
12 450000 P1 4_1_split-a2 "90000" TTP C
17 450000 Pile T 1.00 
16 450000 Pile T 1.00 
16 450000 Pile T 1.00 
10 450000 PS P5 Idle "" 
10 450000 PS P5 Tr "split-a2" 
11 450000 P4 4_5_split-a2 "90000" TTP C
12 450000 P5 4_5_split-a2 "90000" TTP C
17 450000 Pile T 1.00 
16 450000 Pile T 1.00 
16 450000 Pile T 1.00 
10 450000 PS P2 Idle "" 
10 450000 PS P2 Tr "split-a2" 
11 450000 P4 4_2_split-a2 "90000" TTP C
12 450000 P2 4_2_split-a2 "90000" TTP C
10 540000 PS P0 Exec "a42" 
10 540000 PS P1 Exec "a22" 
10 540000 PS P5 Exec "a23" 
10 540000 PS P2 Exec "a21" 
17 540000 Pile T 1.00 
16 540000 Pile T 1.00 
16 540000 Pile T 1.00 
10 540000 PS P0 Idle "" 
10 540000 PS P0 Tr "split-a2" 
11 540000 P4 4_0_split-a2 "90000" TTP C
12 540000 P0 4_0_split-a2 "90000" TTP C
17 540000 Pile T 1.00 
16 540000 Pile T 1.00 
16 540000 Pile T 1.00 
10 540000 PS P1 Idle "" 
10 540000 PS P1 Tr "split-b3" 
11 540000 P5 5_1_split-b3 "90000" TTP C
12 540000 P1 5_1_split-b3 "90000" TTP C
17 540000 Pile T 1.00 
16 540000 Pile T 1.00 
16 540000 Pile T 1.00 
10 540000 PS P5 Idle "" 
10 540000 PS P5 Exec "b34" 
17 540000 Pile T 1.00 
16 540000 Pile T 1.00 
16 540000 Pile T 1.00 
10 540000 PS P2 Idle "" 
10 540000 PS P2 Tr "split-b3" 
11 540000 P5 5_2_split-b3 "90000" TTP C
12 540000 P2 5_2_split-b3 "90000" TTP C
17 540000 Pile T 1.00 
16 540000 Pile T 1.00 
16 540000 Pile T 1.00 
16 540000 Pile T 1.00 
10 540000 PS P5 Idle "" 
10 540000 PS P5 Exec "b33" 
17 540000 Pile T 1.00 
16 540000 Pile T 1.00 
16 540000 Pile T 1.00 
16 540000 Pile T 1.00 
10 540000 PS P5 Idle "" 
10 540000 PS P5 Tr "split-b1" 
11 540000 P0 0_5_split-b1 "90000" TTP C
12 540000 P5 0_5_split-b1 "90000" TTP C
10 630000 PS P0 Exec "a24" 
10 630000 PS P1 Exec "b32" 
10 630000 PS P2 Exec "b31" 
10 630000 PS P5 Exec "b14" 
17 630000 Pile T 1.00 
16 630000 Pile T 1.00 
16 630000 Pile T 1.00 
16 630000 Pile T 1.00 
16 630000 Pile T 1.00 
10 630000 PS P0 Idle "" 
10 630000 PS P0 Exec "b12" 
17 630000 Pile T 1.00 
16 630000 Pile T 1.00 
16 630000 Pile T 1.00 
16 630000 Pile T 1.00 
16 630000 Pile T 1.00 
10 630000 PS P1 Idle "" 
10 630000 PS P1 Tr "split-b1" 
11 630000 P0 0_1_split-b1 "90000" TTP C
12 630000 P1 0_1_split-b1 "90000" TTP C
17 630000 Pile T 1.00 
16 630000 Pile T 1.00 
16 630000 Pile T 1.00 
16 630000 Pile T 1.00 
16 630000 Pile T 1.00 
10 630000 PS P2 Idle "" 
10 630000 PS P2 Tr "split-b1" 
11 630000 P0 0_2_split-b1 "90000" TTP C
12 630000 P2 0_2_split-b1 "90000" TTP C
17 630000 Pile T 1.00 
16 630000 Pile T 1.00 
16 630000 Pile T 1.00 
10 630000 PS P5 Idle "" 
10 630000 PS P5 Tr "split-b2" 
11 630000 P1 1_5_split-b2 "90000" TTP C
12 630000 P5 1_5_split-b2 "90000" TTP C
17 630000 Pile T 1.00 
16 630000 Pile T 1.00 
16 630000 Pile T 1.00 
10 630000 PS P0 Idle "" 
10 630000 PS P0 Tr "split-b2" 
11 630000 P1 1_0_split-b2 "90000" TTP C
12 630000 P0 1_0_split-b2 "90000" TTP C
17 720000 Pile T 1.00 
16 720000 Pile T 1.00 
16 720000 Pile T 1.00 
16 720000 Pile T 1.00 
16 720000 Pile T 1.00 
10 720000 PS P3 Idle "" 
10 720000 PS P3 Tr "split-b2" 
11 720000 P1 1_3_split-b2 "90000" TTP C
12 720000 P3 1_3_split-b2 "90000" TTP C
10 720000 PS P1 Exec "b11" 
10 720000 PS P2 Exec "b13" 
10 720000 PS P5 Exec "b22" 
10 720000 PS P0 Exec "b23" 
17 720000 Pile T 1.00 
16 720000 Pile T 1.00 
16 720000 Pile T 1.00 
10 720000 PS P1 Idle "" 
10 720000 PS P1 Exec "b24" 
17 720000 Pile T 1.00 
16 720000 Pile T 1.00 
16 720000 Pile T 1.00 
10 720000 PS P2 Idle "" 
10 720000 PS P2 Exec "a13" 
17 720000 Pile T 1.00 
16 720000 Pile T 1.00 
16 720000 Pile T 1.00 
10 720000 PS P5 Idle "" 
10 720000 PS P5 Tr "split-a1" 
11 720000 P2 2_5_split-a1 "90000" TTP C
12 720000 P5 2_5_split-a1 "90000" TTP C
17 720000 Pile T 1.00 
16 720000 Pile T 1.00 
16 720000 Pile T 1.00 
10 720000 PS P0 Idle "" 
10 720000 PS P0 Tr "split-a1" 
11 720000 P2 2_0_split-a1 "90000" TTP C
12 720000 P0 2_0_split-a1 "90000" TTP C
17 720000 Pile T 1.00 
16 720000 Pile T 1.00 
16 720000 Pile T 1.00 
10 720000 PS P1 Idle "" 
10 720000 PS P1 Tr "split-a1" 
11 720000 P2 2_1_split-a1 "90000" TTP C
12 720000 P1 2_1_split-a1 "90000" TTP C
17 720000 Pile T 1.00 
16 720000 Pile T 1.00 
16 720000 Pile T 1.00 
16 720000 Pile T 1.00 
10 720000 PS P2 Idle "" 
10 720000 PS P2 Tr "b41" 
11 720000 P0 0_2_b41 "22500" TTP C
12 720000 P2 0_2_b41 "22500" TTP C
10 742500 PS P2 Tr "a43" 
11 742500 P1 1_2_a43 "22500" TTP C
12 742500 P2 1_2_a43 "22500" TTP C
10 765000 PS P2 Exec "lrc43" 
10 810000 PS P3 Exec "b21" 
10 810000 PS P5 Exec "a14" 
10 810000 PS P0 Exec "a12" 
10 810000 PS P1 Exec "a11" 
17 810000 Pile T 1.00 
16 810000 Pile T 1.00 
16 810000 Pile T 1.00 
16 810000 Pile T 1.00 
10 810000 PS P3 Idle "" 
10 810000 PS P3 Tr "b42" 
11 810000 P2 2_3_b42 "22500" TTP C
12 810000 P3 2_3_b42 "22500" TTP C
17 810000 Pile T 1.00 
16 810000 Pile T 1.00 
16 810000 Pile T 1.00 
16 810000 Pile T 1.00 
16 810000 Pile T 1.00 
10 810000 PS P5 Idle "" 
10 810000 PS P5 Tr "b43" 
11 810000 P1 1_5_b43 "22500" TTP C
12 810000 P5 1_5_b43 "22500" TTP C
17 810000 Pile T 1.00 
16 810000 Pile T 1.00 
16 810000 Pile T 1.00 
16 810000 Pile T 1.00 
16 810000 Pile T 1.00 
10 810000 PS P0 Idle "" 
10 810000 PS P0 Tr "a44" 
11 810000 P5 5_0_a44 "22500" TTP C
12 810000 P0 5_0_a44 "22500" TTP C
17 810000 Pile T 1.00 
16 810000 Pile T 1.00 
16 810000 Pile T 1.00 
16 810000 Pile T 1.00 
16 810000 Pile T 1.00 
10 810000 PS P1 Idle "" 
10 810000 PS P1 Tr "b42" 
11 810000 P2 2_1_b42 "22500" TTP C
12 810000 P1 2_1_b42 "22500" TTP C
10 832500 PS P3 Tr "a43" 
11 832500 P1 1_3_a43 "22500" TTP C
12 832500 P3 1_3_a43 "22500" TTP C
10 832500 PS P5 Exec "rrc43" 
10 832500 PS P0 Tr "b44" 
11 832500 P5 5_0_b44 "22500" TTP C
12 832500 P0 5_0_b44 "22500" TTP C
10 832500 PS P1 Tr "a41" 
11 832500 P2 2_1_a41 "22500" TTP C
12 832500 P1 2_1_a41 "22500" TTP C
10 855000 PS P3 Exec "lrc44" 
10 855000 PS P0 Exec "rrc44" 
10 855000 PS P1 Exec "lrc42" 
17 900000 Pile T 1.00 
16 900000 Pile T 1.00 
16 900000 Pile T 1.00 
16 900000 Pile T 1.00 
16 900000 Pile T 1.00 
10 900000 PS P4 Idle "" 
10 900000 PS P4 Tr "a41" 
11 900000 P2 2_4_a41 "22500" TTP C
12 900000 P4 2_4_a41 "22500" TTP C
10 922500 PS P4 Tr "b41" 
11 922500 P0 0_4_b41 "22500" TTP C
12 922500 P4 0_4_b41 "22500" TTP C
10 945000 PS P4 Exec "lrc41" 
17 4140000 Pile T 1.00 
10 4140000 PS P2 Idle "" 
10 4140000 PS P2 Tr "b43" 
11 4140000 P1 1_2_b43 "22500" TTP C
12 4140000 P2 1_2_b43 "22500" TTP C
10 4162500 PS P2 Tr "a42" 
11 4162500 P0 0_2_a42 "22500" TTP C
12 4162500 P2 0_2_a42 "22500" TTP C
10 4185000 PS P2 Exec "rrc41" 
17 4207500 Pile T 1.00 
16 4207500 Pile T 1.00 
10 4207500 PS P5 Idle "" 
10 4207500 PS P5 Tr "a42" 
11 4207500 P0 0_5_a42 "22500" TTP C
12 4207500 P5 0_5_a42 "22500" TTP C
17 4230000 Pile T 1.00 
10 4230000 PS P3 Idle "" 
10 4230000 PS P3 Tr "a22" 
11 4230000 P1 1_3_a22 "22500" TTP C
12 4230000 P3 1_3_a22 "22500" TTP C
17 4230000 Pile T 1.00 
16 4230000 Pile T 1.00 
10 4230000 PS P0 Idle "" 
10 4230000 PS P0 Tr "a22" 
11 4230000 P1 1_0_a22 "22500" TTP C
12 4230000 P0 1_0_a22 "22500" TTP C
17 4230000 Pile T 1.00 
10 4230000 PS P1 Idle "" 
10 4230000 PS P1 Tr "a23" 
11 4230000 P5 5_1_a23 "22500" TTP C
12 4230000 P1 5_1_a23 "22500" TTP C
10 4230000 PS P5 Exec "rrc42" 
10 4252500 PS P3 Tr "b44" 
11 4252500 P5 5_3_b44 "22500" TTP C
12 4252500 P3 5_3_b44 "22500" TTP C
10 4252500 PS P0 Tr "b43" 
11 4252500 P1 1_0_b43 "22500" TTP C
12 4252500 P0 1_0_b43 "22500" TTP C
10 4252500 PS P1 Exec "lrc24" 
10 4275000 PS P3 Exec "rrc22" 
10 4275000 PS P0 Exec "rrc21" 
17 4320000 Pile T 1.00 
10 4320000 PS P4 Idle "" 
10 4320000 PS P4 Tr "a23" 
11 4320000 P5 5_4_a23 "22500" TTP C
12 4320000 P4 5_4_a23 "22500" TTP C
10 4342500 PS P4 Exec "lrc23" 
17 7560000 Pile T 1.00 
16 7560000 Pile T 1.00 
10 7560000 PS P2 Idle "" 
10 7560000 PS P2 Exec "lrc22" 
17 7605000 Pile T 1.00 
16 7605000 Pile T 1.00 
10 7605000 PS P5 Idle "" 
10 7605000 PS P5 Tr "a21" 
11 7605000 P2 2_5_a21 "22500" TTP C
12 7605000 P5 2_5_a21 "22500" TTP C
17 7627500 Pile T 1.00 
10 7627500 PS P1 Idle "" 
10 7627500 PS P1 Tr "b34" 
11 7627500 P5 5_1_b34 "22500" TTP C
12 7627500 P1 5_1_b34 "22500" TTP C
10 7627500 PS P5 Tr "b41" 
11 7627500 P0 0_5_b41 "22500" TTP C
12 7627500 P5 0_5_b41 "22500" TTP C
17 7650000 Pile T 1.00 
10 7650000 PS P3 Idle "" 
10 7650000 PS P3 Tr "a44" 
11 7650000 P5 5_3_a44 "22500" TTP C
12 7650000 P3 5_3_a44 "22500" TTP C
17 7650000 Pile T 1.00 
10 7650000 PS P0 Idle "" 
10 7650000 PS P0 Tr "b34" 
11 7650000 P5 5_0_b34 "22500" TTP C
12 7650000 P0 5_0_b34 "22500" TTP C
10 7650000 PS P1 Exec "rrc12" 
10 7650000 PS P5 Exec "lrc21" 
10 7672500 PS P3 Tr "b34" 
11 7672500 P5 5_3_b34 "22500" TTP C
12 7672500 P3 5_3_b34 "22500" TTP C
10 7672500 PS P0 Exec "rrc32" 
10 7695000 PS P3 Exec "rrc34" 
17 7717500 Pile T 1.00 
10 7717500 PS P4 Idle "" 
10 7717500 PS P4 Tr "b33" 
11 7717500 P5 5_4_b33 "22500" TTP C
12 7717500 P4 5_4_b33 "22500" TTP C
10 7740000 PS P4 Tr "a22" 
11 7740000 P1 1_4_a22 "22500" TTP C
12 7740000 P4 1_4_a22 "22500" TTP C
10 7762500 PS P4 Exec "rrc11" 
17 10935000 Pile T 1.00 
16 10935000 Pile T 1.00 
10 10935000 PS P2 Idle "" 
10 10935000 PS P2 Tr "a44" 
11 10935000 P5 5_2_a44 "22500" TTP C
12 10935000 P2 5_2_a44 "22500" TTP C
10 10957500 PS P2 Tr "b33" 
11 10957500 P5 5_2_b33 "22500" TTP C
12 10957500 P2 5_2_b33 "22500" TTP C
10 10980000 PS P2 Exec "rrc33" 
17 11025000 Pile T 1.00 
10 11025000 PS P1 Idle "" 
10 11025000 PS P1 Tr "a42" 
11 11025000 P0 0_1_a42 "22500" TTP C
12 11025000 P1 0_1_a42 "22500" TTP C
17 11025000 Pile T 1.00 
16 11025000 Pile T 1.00 
10 11025000 PS P5 Idle "" 
10 11025000 PS P5 Tr "a24" 
11 11025000 P0 0_5_a24 "22500" TTP C
12 11025000 P5 0_5_a24 "22500" TTP C
17 11047500 Pile T 1.00 
10 11047500 PS P0 Idle "" 
10 11047500 PS P0 Tr "b33" 
11 11047500 P5 5_0_b33 "22500" TTP C
12 11047500 P0 5_0_b33 "22500" TTP C
10 11047500 PS P1 Tr "b33" 
11 11047500 P5 5_1_b33 "22500" TTP C
12 11047500 P1 5_1_b33 "22500" TTP C
10 11047500 PS P5 Exec "rrc23" 
17 11070000 Pile T 1.00 
10 11070000 PS P3 Idle "" 
10 11070000 PS P3 Tr "a24" 
11 11070000 P0 0_3_a24 "22500" TTP C
12 11070000 P3 0_3_a24 "22500" TTP C
10 11070000 PS P0 Exec "rrc13" 
10 11070000 PS P1 Exec "rrc31" 
10 11092500 PS P3 Exec "rrc14" 
17 11137500 Pile T 1.00 
10 11137500 PS P4 Idle "" 
10 11137500 PS P4 Tr "a24" 
11 11137500 P0 0_4_a24 "22500" TTP C
12 11137500 P4 0_4_a24 "22500" TTP C
10 11160000 PS P4 Tr "b44" 
11 11160000 P5 5_4_b44 "22500" TTP C
12 11160000 P4 5_4_b44 "22500" TTP C
10 11182500 PS P4 Exec "rrc24" 
17 14355000 Pile T 1.00 
10 14355000 PS P2 Idle "" 
10 14355000 PS P2 Tr "b32" 
11 14355000 P1 1_2_b32 "22500" TTP C
12 14355000 P2 1_2_b32 "22500" TTP C
10 14377500 PS P2 Exec "lrc12" 
17 14422500 Pile T 1.00 
16 14422500 Pile T 1.00 
10 14422500 PS P5 Idle "" 
10 14422500 PS P5 Tr "b32" 
11 14422500 P1 1_5_b32 "22500" TTP C
12 14422500 P5 1_5_b32 "22500" TTP C
17 14445000 Pile T 1.00 
10 14445000 PS P0 Idle "" 
10 14445000 PS P0 Tr "a43" 
11 14445000 P1 1_0_a43 "22500" TTP C
12 14445000 P0 1_0_a43 "22500" TTP C
17 14445000 Pile T 1.00 
10 14445000 PS P1 Idle "" 
10 14445000 PS P1 Exec "lrc14" 
10 14445000 PS P5 Tr "a41" 
11 14445000 P2 2_5_a41 "22500" TTP C
12 14445000 P5 2_5_a41 "22500" TTP C
17 14467500 Pile T 1.00 
10 14467500 PS P3 Idle "" 
10 14467500 PS P3 Tr "b31" 
11 14467500 P2 2_3_b31 "22500" TTP C
12 14467500 P3 2_3_b31 "22500" TTP C
10 14467500 PS P0 Tr "b32" 
11 14467500 P1 1_0_b32 "22500" TTP C
12 14467500 P0 1_0_b32 "22500" TTP C
10 14467500 PS P5 Exec "lrc32" 
10 14490000 PS P3 Exec "lrc33" 
10 14490000 PS P0 Exec "lrc34" 
17 14557500 Pile T 1.00 
16 14557500 Pile T 1.00 
10 14557500 PS P4 Idle "" 
10 14557500 PS P4 Tr "b31" 
11 14557500 P2 2_4_b31 "22500" TTP C
12 14557500 P4 2_4_b31 "22500" TTP C
10 14580000 PS P4 Exec "lrc31" 
17 17752500 Pile T 1.00 
16 17752500 Pile T 1.00 
10 17752500 PS P2 Idle "" 
10 17752500 PS P2 Tr "a23" 
11 17752500 P5 5_2_a23 "22500" TTP C
12 17752500 P2 5_2_a23 "22500" TTP C
10 17775000 PS P2 Exec "lrc13" 
17 17820000 Pile T 1.00 
16 17820000 Pile T 1.00 
10 17820000 PS P1 Idle "" 
10 17820000 PS P1 Tr "a21" 
11 17820000 P2 2_1_a21 "22500" TTP C
12 17820000 P1 2_1_a21 "22500" TTP C
17 17842500 Pile T 1.00 
16 17842500 Pile T 1.00 
10 17842500 PS P5 Idle "" 
10 17842500 PS P5 Exec "rlc32" 
10 17842500 PS P1 Tr "b31" 
11 17842500 P2 2_1_b31 "22500" TTP C
12 17842500 P1 2_1_b31 "22500" TTP C
17 17865000 Pile T 1.00 
16 17865000 Pile T 1.00 
10 17865000 PS P3 Idle "" 
10 17865000 PS P3 Tr "b14" 
11 17865000 P5 5_3_b14 "22500" TTP C
12 17865000 P3 5_3_b14 "22500" TTP C
17 17865000 Pile T 1.00 
16 17865000 Pile T 1.00 
10 17865000 PS P0 Idle "" 
10 17865000 PS P0 Tr "a31" 
11 17865000 P5 5_0_a31 "22500" TTP C
12 17865000 P0 5_0_a31 "22500" TTP C
10 17865000 PS P1 Exec "lrc11" 
10 17887500 PS P3 Tr "a34" 
11 17887500 P5 5_3_a34 "22500" TTP C
12 17887500 P3 5_3_a34 "22500" TTP C
10 17887500 PS P0 Exec "llc32" 
10 17910000 PS P3 Exec "rlc34" 
17 17955000 Pile T 1.00 
16 17955000 Pile T 1.00 
10 17955000 PS P4 Idle "" 
10 17955000 PS P4 Tr "b12" 
11 17955000 P0 0_4_b12 "22500" TTP C
12 17955000 P4 0_4_b12 "22500" TTP C
10 17977500 PS P4 Tr "a33" 
11 17977500 P5 5_4_a33 "22500" TTP C
12 17977500 P4 5_4_a33 "22500" TTP C
10 18000000 PS P4 Exec "llc34" 
17 21150000 Pile T 1.00 
16 21150000 Pile T 1.00 
10 21150000 PS P2 Idle "" 
10 21150000 PS P2 Tr "split-b" 
11 21150000 P3 3_2_split-b "360000" TTP C
12 21150000 P2 3_2_split-b "360000" TTP C
17 21217500 Pile T 1.00 
10 21217500 PS P5 Idle "" 
10 21217500 PS P5 Tr "split-b" 
11 21217500 P3 3_5_split-b "360000" TTP C
12 21217500 P5 3_5_split-b "360000" TTP C
17 21240000 Pile T 1.00 
16 21240000 Pile T 1.00 
10 21240000 PS P1 Idle "" 
10 21240000 PS P1 Tr "split-b" 
11 21240000 P3 3_1_split-b "360000" TTP C
12 21240000 P1 3_1_split-b "360000" TTP C
17 21262500 Pile T 1.00 
16 21262500 Pile T 1.00 
10 21262500 PS P0 Idle "" 
10 21262500 PS P0 Tr "split-b" 
11 21262500 P3 3_0_split-b "360000" TTP C
12 21262500 P0 3_0_split-b "360000" TTP C
17 21285000 Pile T 1.00 
10 21285000 PS P3 Idle "" 
10 21285000 PS P3 Tr "a33" 
11 21285000 P5 5_3_a33 "22500" TTP C
12 21285000 P3 5_3_a33 "22500" TTP C
10 21307500 PS P3 Tr "b11" 
11 21307500 P1 1_3_b11 "22500" TTP C
12 21307500 P3 1_3_b11 "22500" TTP C
10 21330000 PS P3 Exec "llc33" 
17 21375000 Pile T 1.00 
16 21375000 Pile T 1.00 
10 21375000 PS P4 Idle "" 
10 21375000 PS P4 Tr "a31" 
11 21375000 P5 5_4_a31 "22500" TTP C
12 21375000 P4 5_4_a31 "22500" TTP C
10 21397500 PS P4 Tr "b11" 
11 21397500 P1 1_4_b11 "22500" TTP C
12 21397500 P4 1_4_b11 "22500" TTP C
10 21420000 PS P4 Exec "llc31" 
10 21510000 PS P2 Exec "b3" 
17 21510000 Pile T 1.00 
10 21510000 PS P2 Idle "" 
10 21510000 PS P2 Tr "a32" 
11 21510000 P5 5_2_a32 "22500" TTP C
12 21510000 P2 5_2_a32 "22500" TTP C
10 21532500 PS P2 Exec "rlc31" 
10 21577500 PS P5 Exec "b1" 
17 21577500 Pile T 1.00 
10 21577500 PS P5 Idle "" 
10 21577500 PS P5 Tr "b13" 
11 21577500 P2 2_5_b13 "22500" TTP C
12 21577500 P5 2_5_b13 "22500" TTP C
10 21600000 PS P1 Exec "b2" 
10 21600000 PS P5 Exec "rlc33" 
17 21600000 Pile T 1.00 
10 21600000 PS P1 Idle "" 
10 21600000 PS P1 Tr "b22" 
11 21600000 P5 5_1_b22 "22500" TTP C
12 21600000 P1 5_1_b22 "22500" TTP C
10 21622500 PS P0 Exec "b4" 
10 21622500 PS P1 Tr "a33" 
11 21622500 P5 5_1_a33 "22500" TTP C
12 21622500 P1 5_1_a33 "22500" TTP C
17 21622500 Pile T 1.00 
10 21622500 PS P0 Idle "" 
10 21622500 PS P0 Tr "b22" 
11 21622500 P5 5_0_b22 "22500" TTP C
12 21622500 P0 5_0_b22 "22500" TTP C
10 21645000 PS P1 Exec "llc44" 
10 21645000 PS P0 Exec "llc42" 
17 24705000 Pile T 1.00 
10 24705000 PS P3 Idle "" 
10 24705000 PS P3 Tr "b23" 
11 24705000 P0 0_3_b23 "22500" TTP C
12 24705000 P3 0_3_b23 "22500" TTP C
10 24727500 PS P3 Exec "rlc43" 
17 24795000 Pile T 1.00 
10 24795000 PS P4 Idle "" 
10 24795000 PS P4 Tr "a32" 
11 24795000 P5 5_4_a32 "22500" TTP C
12 24795000 P4 5_4_a32 "22500" TTP C
10 24817500 PS P4 Tr "b23" 
11 24817500 P0 0_4_b23 "22500" TTP C
12 24817500 P4 0_4_b23 "22500" TTP C
10 24840000 PS P4 Exec "rlc41" 
17 24907500 Pile T 1.00 
16 24907500 Pile T 1.00 
10 24907500 PS P2 Idle "" 
10 24907500 PS P2 Tr "b24" 
11 24907500 P1 1_2_b24 "22500" TTP C
12 24907500 P2 1_2_b24 "22500" TTP C
10 24930000 PS P2 Exec "rlc42" 
17 24975000 Pile T 1.00 
16 24975000 Pile T 1.00 
10 24975000 PS P5 Idle "" 
10 24975000 PS P5 Tr "b24" 
11 24975000 P1 1_5_b24 "22500" TTP C
12 24975000 P5 1_5_b24 "22500" TTP C
10 24997500 PS P5 Exec "rlc44" 
17 25020000 Pile T 1.00 
10 25020000 PS P1 Idle "" 
10 25020000 PS P1 Tr "a13" 
11 25020000 P2 2_1_a13 "22500" TTP C
12 25020000 P1 2_1_a13 "22500" TTP C
17 25020000 Pile T 1.00 
10 25020000 PS P0 Idle "" 
10 25020000 PS P0 Tr "a13" 
11 25020000 P2 2_0_a13 "22500" TTP C
12 25020000 P0 2_0_a13 "22500" TTP C
10 25042500 PS P1 Exec "llc13" 
10 25042500 PS P0 Exec "llc14" 
17 28102500 Pile T 1.00 
10 28102500 PS P3 Idle "" 
10 28102500 PS P3 Tr "b22" 
11 28102500 P5 5_3_b22 "22500" TTP C
12 28102500 P3 5_3_b22 "22500" TTP C
10 28125000 PS P3 Tr "a13" 
11 28125000 P2 2_3_a13 "22500" TTP C
12 28125000 P3 2_3_a13 "22500" TTP C
10 28147500 PS P3 Exec "llc24" 
17 28215000 Pile T 1.00 
10 28215000 PS P4 Idle "" 
10 28215000 PS P4 Tr "b21" 
11 28215000 P3 3_4_b21 "22500" TTP C
12 28215000 P4 3_4_b21 "22500" TTP C
10 28237500 PS P4 Exec "llc41" 
17 28305000 Pile T 1.00 
16 28305000 Pile T 1.00 
10 28305000 PS P2 Idle "" 
10 28305000 PS P2 Tr "b21" 
11 28305000 P3 3_2_b21 "22500" TTP C
12 28305000 P2 3_2_b21 "22500" TTP C
10 28327500 PS P2 Exec "llc23" 
17 28372500 Pile T 1.00 
16 28372500 Pile T 1.00 
10 28372500 PS P5 Idle "" 
10 28372500 PS P5 Tr "b21" 
11 28372500 P3 3_5_b21 "22500" TTP C
12 28372500 P5 3_5_b21 "22500" TTP C
10 28395000 PS P5 Exec "llc43" 
17 28417500 Pile T 1.00 
10 28417500 PS P1 Idle "" 
10 28417500 PS P1 Tr "a14" 
11 28417500 P5 5_1_a14 "22500" TTP C
12 28417500 P1 5_1_a14 "22500" TTP C
17 28417500 Pile T 1.00 
10 28417500 PS P0 Idle "" 
10 28417500 PS P0 Tr "b13" 
11 28417500 P2 2_0_b13 "22500" TTP C
12 28417500 P0 2_0_b13 "22500" TTP C
10 28440000 PS P1 Exec "rlc24" 
10 28440000 PS P0 Tr "a14" 
11 28440000 P5 5_0_a14 "22500" TTP C
12 28440000 P0 5_0_a14 "22500" TTP C
10 28462500 PS P0 Exec "rlc13" 
17 31522500 Pile T 1.00 
10 31522500 PS P3 Idle "" 
10 31522500 PS P3 Tr "a14" 
11 31522500 P5 5_3_a14 "22500" TTP C
12 31522500 P3 5_3_a14 "22500" TTP C
10 31545000 PS P3 Exec "rlc23" 
17 31612500 Pile T 1.00 
16 31612500 Pile T 1.00 
10 31612500 PS P4 Idle "" 
10 31612500 PS P4 Tr "b14" 
11 31612500 P5 5_4_b14 "22500" TTP C
12 31612500 P4 5_4_b14 "22500" TTP C
10 31635000 PS P4 Tr "a14" 
11 31635000 P5 5_4_a14 "22500" TTP C
12 31635000 P4 5_4_a14 "22500" TTP C
10 31657500 PS P4 Exec "rlc14" 
17 31702500 Pile T 1.00 
10 31702500 PS P2 Idle "" 
10 31702500 PS P2 Tr "a12" 
11 31702500 P0 0_2_a12 "22500" TTP C
12 31702500 P2 0_2_a12 "22500" TTP C
10 31725000 PS P2 Exec "rlc11" 
17 31770000 Pile T 1.00 
16 31770000 Pile T 1.00 
10 31770000 PS P5 Idle "" 
10 31770000 PS P5 Tr "a12" 
11 31770000 P0 0_5_a12 "22500" TTP C
12 31770000 P5 0_5_a12 "22500" TTP C
10 31792500 PS P5 Exec "rlc12" 
17 31815000 Pile T 1.00 
16 31815000 Pile T 1.00 
10 31815000 PS P1 Idle "" 
10 31815000 PS P1 Tr "a12" 
11 31815000 P0 0_1_a12 "22500" TTP C
12 31815000 P1 0_1_a12 "22500" TTP C
17 31837500 Pile T 1.00 
16 31837500 Pile T 1.00 
10 31837500 PS P0 Idle "" 
10 31837500 PS P0 Tr "b24" 
11 31837500 P1 1_0_b24 "22500" TTP C
12 31837500 P0 1_0_b24 "22500" TTP C
10 31837500 PS P1 Tr "b23" 
11 31837500 P0 0_1_b23 "22500" TTP C
12 31837500 P1 0_1_b23 "22500" TTP C
10 31860000 PS P0 Exec "rlc22" 
10 31860000 PS P1 Exec "rlc21" 
17 34920000 Pile T 1.00 
16 34920000 Pile T 1.00 
10 34920000 PS P3 Idle "" 
10 34920000 PS P3 Tr "a11" 
11 34920000 P1 1_3_a11 "22500" TTP C
12 34920000 P3 1_3_a11 "22500" TTP C
10 34942500 PS P3 Exec "llc22" 
17 35032500 Pile T 1.00 
16 35032500 Pile T 1.00 
10 35032500 PS P4 Idle "" 
10 35032500 PS P4 Tr "a11" 
11 35032500 P1 1_4_a11 "22500" TTP C
12 35032500 P4 1_4_a11 "22500" TTP C
10 35055000 PS P4 Exec "llc11" 
17 35100000 Pile T 1.00 
10 35100000 PS P2 Idle "" 
10 35100000 PS P2 Tr "a11" 
11 35100000 P1 1_2_a11 "22500" TTP C
12 35100000 P2 1_2_a11 "22500" TTP C
10 35122500 PS P2 Exec "llc21" 
17 35167500 Pile T 1.00 
10 35167500 PS P5 Idle "" 
10 35167500 PS P5 Tr "a11" 
11 35167500 P1 1_5_a11 "22500" TTP C
12 35167500 P5 1_5_a11 "22500" TTP C
10 35190000 PS P5 Tr "b12" 
11 35190000 P0 0_5_b12 "22500" TTP C
12 35190000 P5 0_5_b12 "22500" TTP C
10 35212500 PS P5 Exec "llc12" 
17 35235000 Pile T 1.00 
10 35235000 PS P0 Idle "" 
10 35235000 PS P0 Tr "split-a" 
11 35235000 P4 4_0_split-a "360000" TTP C
12 35235000 P0 4_0_split-a "360000" TTP C
17 35235000 Pile T 1.00 
10 35235000 PS P1 Idle "" 
10 35235000 PS P1 Tr "split-a" 
11 35235000 P4 4_1_split-a "360000" TTP C
12 35235000 P1 4_1_split-a "360000" TTP C
10 35595000 PS P0 Exec "a1" 
10 35595000 PS P1 Exec "a2" 
17 35595000 Pile T 1.00 
10 35595000 PS P0 Idle "" 
10 35595000 PS P0 Exec "a3" 
17 35595000 Pile T 1.00 
10 35595000 PS P1 Idle "" 
10 35595000 PS P1 Exec "a4" 
17 35595000 Pile T 1.00 
10 35595000 PS P0 Idle "" 
10 35595000 PS P0 Tr "lrc43" 
11 35595000 P2 2_0_lrc43 "22500" TTP C
12 35595000 P0 2_0_lrc43 "22500" TTP C
17 35595000 Pile T 1.00 
10 35595000 PS P1 Idle "" 
10 35595000 PS P1 Tr "rrc44" 
11 35595000 P0 0_1_rrc44 "22500" TTP C
12 35595000 P1 0_1_rrc44 "22500" TTP C
10 35617500 PS P0 Tr "rrc43" 
11 35617500 P5 5_0_rrc43 "22500" TTP C
12 35617500 P0 5_0_rrc43 "22500" TTP C
10 35617500 PS P1 Tr "lrc44" 
11 35617500 P3 3_1_lrc44 "22500" TTP C
12 35617500 P1 3_1_lrc44 "22500" TTP C
10 35640000 PS P0 Exec "rc43" 
10 35640000 PS P1 Exec "rc44" 
17 35730000 Pile T 1.00 
10 35730000 PS P0 Idle "" 
10 35730000 PS P0 Tr "rrc41" 
11 35730000 P2 2_0_rrc41 "22500" TTP C
12 35730000 P0 2_0_rrc41 "22500" TTP C
17 35730000 Pile T 1.00 
10 35730000 PS P1 Idle "" 
10 35730000 PS P1 Tr "rrc42" 
11 35730000 P5 5_1_rrc42 "22500" TTP C
12 35730000 P1 5_1_rrc42 "22500" TTP C
10 35752500 PS P0 Tr "lrc41" 
11 35752500 P4 4_0_lrc41 "22500" TTP C
12 35752500 P0 4_0_lrc41 "22500" TTP C
10 35752500 PS P1 Exec "rc42" 
10 35775000 PS P0 Exec "rc41" 
17 35842500 Pile T 1.00 
10 35842500 PS P1 Idle "" 
10 35842500 PS P1 Tr "rrc22" 
11 35842500 P3 3_1_rrc22 "22500" TTP C
12 35842500 P1 3_1_rrc22 "22500" TTP C
17 35865000 Pile T 1.00 
16 35865000 Pile T 1.00 
10 35865000 PS P0 Idle "" 
10 35865000 PS P0 Tr "lrc21" 
11 35865000 P5 5_0_lrc21 "22500" TTP C
12 35865000 P0 5_0_lrc21 "22500" TTP C
10 35865000 PS P1 Tr "lrc22" 
11 35865000 P2 2_1_lrc22 "22500" TTP C
12 35865000 P1 2_1_lrc22 "22500" TTP C
10 35887500 PS P0 Exec "rc21" 
10 35887500 PS P1 Exec "rc22" 
17 35977500 Pile T 1.00 
10 35977500 PS P0 Idle "" 
10 35977500 PS P0 Tr "lrc23" 
11 35977500 P4 4_0_lrc23 "22500" TTP C
12 35977500 P0 4_0_lrc23 "22500" TTP C
17 35977500 Pile T 1.00 
10 35977500 PS P1 Idle "" 
10 35977500 PS P1 Tr "rrc24" 
11 35977500 P4 4_1_rrc24 "22500" TTP C
12 35977500 P1 4_1_rrc24 "22500" TTP C
10 36000000 PS P0 Tr "rrc23" 
11 36000000 P5 5_0_rrc23 "22500" TTP C
12 36000000 P0 5_0_rrc23 "22500" TTP C
10 36000000 PS P1 Exec "rc24" 
10 36022500 PS P0 Exec "rc23" 
17 36090000 Pile T 1.00 
10 36090000 PS P1 Idle "" 
10 36090000 PS P1 Tr "lrc12" 
11 36090000 P2 2_1_lrc12 "22500" TTP C
12 36090000 P1 2_1_lrc12 "22500" TTP C
17 36112500 Pile T 1.00 
16 36112500 Pile T 1.00 
10 36112500 PS P0 Idle "" 
10 36112500 PS P0 Tr "rrc14" 
11 36112500 P3 3_0_rrc14 "22500" TTP C
12 36112500 P0 3_0_rrc14 "22500" TTP C
10 36112500 PS P1 Exec "rc12" 
10 36135000 PS P0 Tr "lrc14" 
11 36135000 P1 1_0_lrc14 "22500" TTP C
12 36135000 P0 1_0_lrc14 "22500" TTP C
10 36157500 PS P0 Exec "rc14" 
17 36202500 Pile T 1.00 
10 36202500 PS P1 Idle "" 
10 36202500 PS P1 Tr "rrc32" 
11 36202500 P0 0_1_rrc32 "22500" TTP C
12 36202500 P1 0_1_rrc32 "22500" TTP C
10 36225000 PS P1 Tr "lrc32" 
11 36225000 P5 5_1_lrc32 "22500" TTP C
12 36225000 P1 5_1_lrc32 "22500" TTP C
17 36247500 Pile T 1.00 
10 36247500 PS P0 Idle "" 
10 36247500 PS P0 Tr "lrc33" 
11 36247500 P3 3_0_lrc33 "22500" TTP C
12 36247500 P0 3_0_lrc33 "22500" TTP C
10 36247500 PS P1 Exec "rc32" 
10 36270000 PS P0 Tr "rrc33" 
11 36270000 P2 2_0_rrc33 "22500" TTP C
12 36270000 P0 2_0_rrc33 "22500" TTP C
10 36292500 PS P0 Exec "rc33" 
17 36337500 Pile T 1.00 
10 36337500 PS P1 Idle "" 
10 36337500 PS P1 Tr "rrc34" 
11 36337500 P3 3_1_rrc34 "22500" TTP C
12 36337500 P1 3_1_rrc34 "22500" TTP C
10 36360000 PS P1 Tr "lrc34" 
11 36360000 P0 0_1_lrc34 "22500" TTP C
12 36360000 P1 0_1_lrc34 "22500" TTP C
17 36382500 Pile T 1.00 
10 36382500 PS P0 Idle "" 
10 36382500 PS P0 Tr "lrc31" 
11 36382500 P4 4_0_lrc31 "22500" TTP C
12 36382500 P0 4_0_lrc31 "22500" TTP C
10 36382500 PS P1 Exec "rc34" 
10 36405000 PS P0 Tr "rrc31" 
11 36405000 P1 1_0_rrc31 "22500" TTP C
12 36405000 P0 1_0_rrc31 "22500" TTP C
10 36427500 PS P0 Exec "rc31" 
17 36472500 Pile T 1.00 
10 36472500 PS P1 Idle "" 
10 36472500 PS P1 Tr "lrc13" 
11 36472500 P2 2_1_lrc13 "22500" TTP C
12 36472500 P1 2_1_lrc13 "22500" TTP C
10 36495000 PS P1 Tr "rrc13" 
11 36495000 P0 0_1_rrc13 "22500" TTP C
12 36495000 P1 0_1_rrc13 "22500" TTP C
17 36517500 Pile T 1.00 
16 36517500 Pile T 1.00 
10 36517500 PS P0 Idle "" 
10 36517500 PS P0 Tr "rrc11" 
11 36517500 P4 4_0_rrc11 "22500" TTP C
12 36517500 P0 4_0_rrc11 "22500" TTP C
10 36517500 PS P1 Exec "rc13" 
10 36540000 PS P0 Tr "lrc11" 
11 36540000 P1 1_0_lrc11 "22500" TTP C
12 36540000 P0 1_0_lrc11 "22500" TTP C
10 36562500 PS P0 Exec "rc11" 
17 36607500 Pile T 1.00 
10 36607500 PS P1 Idle "" 
10 36607500 PS P1 Tr "rlc32" 
11 36607500 P5 5_1_rlc32 "22500" TTP C
12 36607500 P1 5_1_rlc32 "22500" TTP C
10 36630000 PS P1 Tr "llc32" 
11 36630000 P0 0_1_llc32 "22500" TTP C
12 36630000 P1 0_1_llc32 "22500" TTP C
17 36652500 Pile T 1.00 
16 36652500 Pile T 1.00 
10 36652500 PS P0 Idle "" 
10 36652500 PS P0 Tr "llc34" 
11 36652500 P4 4_0_llc34 "22500" TTP C
12 36652500 P0 4_0_llc34 "22500" TTP C
10 36652500 PS P1 Exec "lc32" 
10 36675000 PS P0 Tr "rlc34" 
11 36675000 P3 3_0_rlc34 "22500" TTP C
12 36675000 P0 3_0_rlc34 "22500" TTP C
10 36697500 PS P0 Exec "lc34" 
17 36742500 Pile T 1.00 
10 36742500 PS P1 Idle "" 
10 36742500 PS P1 Tr "llc31" 
11 36742500 P4 4_1_llc31 "22500" TTP C
12 36742500 P1 4_1_llc31 "22500" TTP C
10 36765000 PS P1 Tr "rlc31" 
11 36765000 P2 2_1_rlc31 "22500" TTP C
12 36765000 P1 2_1_rlc31 "22500" TTP C
17 36787500 Pile T 1.00 
10 36787500 PS P0 Idle "" 
10 36787500 PS P0 Tr "llc33" 
11 36787500 P3 3_0_llc33 "22500" TTP C
12 36787500 P0 3_0_llc33 "22500" TTP C
10 36787500 PS P1 Exec "lc31" 
10 36810000 PS P0 Tr "rlc33" 
11 36810000 P5 5_0_rlc33 "22500" TTP C
12 36810000 P0 5_0_rlc33 "22500" TTP C
10 36832500 PS P0 Exec "lc33" 
17 36877500 Pile T 1.00 
10 36877500 PS P1 Idle "" 
10 36877500 PS P1 Tr "llc42" 
11 36877500 P0 0_1_llc42 "22500" TTP C
12 36877500 P1 0_1_llc42 "22500" TTP C
10 36900000 PS P1 Tr "rlc42" 
11 36900000 P2 2_1_rlc42 "22500" TTP C
12 36900000 P1 2_1_rlc42 "22500" TTP C
17 36922500 Pile T 1.00 
16 36922500 Pile T 1.00 
10 36922500 PS P0 Idle "" 
10 36922500 PS P0 Tr "rlc44" 
11 36922500 P5 5_0_rlc44 "22500" TTP C
12 36922500 P0 5_0_rlc44 "22500" TTP C
10 36922500 PS P1 Exec "lc42" 
10 36945000 PS P0 Tr "llc44" 
11 36945000 P1 1_0_llc44 "22500" TTP C
12 36945000 P0 1_0_llc44 "22500" TTP C
10 36967500 PS P0 Exec "lc44" 
17 37012500 Pile T 1.00 
10 37012500 PS P1 Idle "" 
10 37012500 PS P1 Tr "rlc41" 
11 37012500 P4 4_1_rlc41 "22500" TTP C
12 37012500 P1 4_1_rlc41 "22500" TTP C
10 37035000 PS P1 Tr "llc41" 
11 37035000 P4 4_1_llc41 "22500" TTP C
12 37035000 P1 4_1_llc41 "22500" TTP C
17 37057500 Pile T 1.00 
10 37057500 PS P0 Idle "" 
10 37057500 PS P0 Tr "rlc43" 
11 37057500 P3 3_0_rlc43 "22500" TTP C
12 37057500 P0 3_0_rlc43 "22500" TTP C
10 37057500 PS P1 Exec "lc41" 
10 37080000 PS P0 Tr "llc43" 
11 37080000 P5 5_0_llc43 "22500" TTP C
12 37080000 P0 5_0_llc43 "22500" TTP C
10 37102500 PS P0 Exec "lc43" 
17 37147500 Pile T 1.00 
10 37147500 PS P1 Idle "" 
10 37147500 PS P1 Tr "llc24" 
11 37147500 P3 3_1_llc24 "22500" TTP C
12 37147500 P1 3_1_llc24 "22500" TTP C
10 37170000 PS P1 Exec "lc24" 
17 37192500 Pile T 1.00 
16 37192500 Pile T 1.00 
10 37192500 PS P0 Idle "" 
10 37192500 PS P0 Tr "llc13" 
11 37192500 P1 1_0_llc13 "22500" TTP C
12 37192500 P0 1_0_llc13 "22500" TTP C
10 37215000 PS P0 Exec "lc13" 
17 37260000 Pile T 1.00 
10 37260000 PS P1 Idle "" 
10 37260000 PS P1 Tr "llc23" 
11 37260000 P2 2_1_llc23 "22500" TTP C
12 37260000 P1 2_1_llc23 "22500" TTP C
10 37282500 PS P1 Tr "rlc23" 
11 37282500 P3 3_1_rlc23 "22500" TTP C
12 37282500 P1 3_1_rlc23 "22500" TTP C
17 37305000 Pile T 1.00 
10 37305000 PS P0 Idle "" 
10 37305000 PS P0 Tr "rlc14" 
11 37305000 P4 4_0_rlc14 "22500" TTP C
12 37305000 P0 4_0_rlc14 "22500" TTP C
10 37305000 PS P1 Exec "lc23" 
10 37327500 PS P0 Exec "lc14" 
17 37395000 Pile T 1.00 
10 37395000 PS P1 Idle "" 
10 37395000 PS P1 Tr "rc41" 
11 37395000 P0 0_1_rc41 "22500" TTP C
12 37395000 P1 0_1_rc41 "22500" TTP C
17 37417500 Pile T 1.00 
10 37417500 PS P0 Idle "" 
10 37417500 PS P0 Tr "rc22" 
11 37417500 P1 1_0_rc22 "22500" TTP C
12 37417500 P0 1_0_rc22 "22500" TTP C
10 37417500 PS P1 Tr "rc43" 
11 37417500 P0 0_1_rc43 "22500" TTP C
12 37417500 P1 0_1_rc43 "22500" TTP C
10 37440000 PS P0 Tr "rc24" 
11 37440000 P1 1_0_rc24 "22500" TTP C
12 37440000 P0 1_0_rc24 "22500" TTP C
10 37440000 PS P1 Exec "rc4" 
10 37462500 PS P0 Exec "rc2" 
17 37620000 Pile T 1.00 
10 37620000 PS P1 Idle "" 
10 37620000 PS P1 Tr "rc31" 
11 37620000 P0 0_1_rc31 "22500" TTP C
12 37620000 P1 0_1_rc31 "22500" TTP C
17 37642500 Pile T 1.00 
10 37642500 PS P0 Idle "" 
10 37642500 PS P0 Tr "rc13" 
11 37642500 P1 1_0_rc13 "22500" TTP C
12 37642500 P0 1_0_rc13 "22500" TTP C
10 37642500 PS P1 Tr "rc33" 
11 37642500 P0 0_1_rc33 "22500" TTP C
12 37642500 P1 0_1_rc33 "22500" TTP C
10 37665000 PS P0 Tr "rc12" 
11 37665000 P1 1_0_rc12 "22500" TTP C
12 37665000 P0 1_0_rc12 "22500" TTP C
10 37665000 PS P1 Exec "rc3" 
10 37687500 PS P0 Exec "rc1" 
17 37845000 Pile T 1.00 
10 37845000 PS P1 Idle "" 
10 37845000 PS P1 Tr "lc33" 
11 37845000 P0 0_1_lc33 "22500" TTP C
12 37845000 P1 0_1_lc33 "22500" TTP C
17 37867500 Pile T 1.00 
10 37867500 PS P0 Idle "" 
10 37867500 PS P0 Tr "lc41" 
11 37867500 P1 1_0_lc41 "22500" TTP C
12 37867500 P0 1_0_lc41 "22500" TTP C
10 37867500 PS P1 Tr "lc34" 
11 37867500 P0 0_1_lc34 "22500" TTP C
12 37867500 P1 0_1_lc34 "22500" TTP C
10 37890000 PS P0 Tr "lc42" 
11 37890000 P1 1_0_lc42 "22500" TTP C
12 37890000 P0 1_0_lc42 "22500" TTP C
10 37890000 PS P1 Exec "lc3" 
10 37912500 PS P0 Exec "lc4" 
17 38070000 Pile T 1.00 
16 38070000 Pile T 1.00 
10 38070000 PS P1 Idle "" 
10 38070000 PS P1 Exec "c3" 
17 38092500 Pile T 1.00 
16 38092500 Pile T 1.00 
10 38092500 PS P0 Idle "" 
10 38092500 PS P0 Tr "rc4" 
11 38092500 P1 1_0_rc4 "90000" TTP C
12 38092500 P0 1_0_rc4 "90000" TTP C
10 38182500 PS P0 Exec "c4" 
17 38317500 Pile T 1.00 
16 38317500 Pile T 1.00 
10 38317500 PS P3 Idle "" 
10 38317500 PS P3 Tr "rlc22" 
11 38317500 P0 0_3_rlc22 "22500" TTP C
12 38317500 P3 0_3_rlc22 "22500" TTP C
10 38340000 PS P3 Exec "lc22" 
17 38430000 Pile T 1.00 
16 38430000 Pile T 1.00 
10 38430000 PS P4 Idle "" 
10 38430000 PS P4 Tr "rlc11" 
11 38430000 P2 2_4_rlc11 "22500" TTP C
12 38430000 P4 2_4_rlc11 "22500" TTP C
17 38430000 Pile T 1.00 
10 38430000 PS P1 Idle "" 
17 38430000 Pile T 1.00 
10 38430000 PS P3 Idle "" 
10 38452500 PS P4 Exec "lc11" 
17 38497500 Pile T 1.00 
16 38497500 Pile T 1.00 
10 38497500 PS P2 Idle "" 
10 38497500 PS P2 Tr "rlc21" 
11 38497500 P1 1_2_rlc21 "22500" TTP C
12 38497500 P2 1_2_rlc21 "22500" TTP C
10 38520000 PS P2 Exec "lc21" 
17 38542500 Pile T 1.00 
10 38542500 PS P0 Idle "" 
17 38542500 Pile T 1.00 
10 38542500 PS P4 Idle "" 
17 38587500 Pile T 1.00 
16 38587500 Pile T 1.00 
10 38587500 PS P5 Idle "" 
10 38587500 PS P5 Exec "lc12" 
17 38610000 Pile T 1.00 
16 38610000 Pile T 1.00 
10 38610000 PS P2 Idle "" 
10 38610000 PS P2 Tr "lc23" 
11 38610000 P1 1_2_lc23 "22500" TTP C
12 38610000 P2 1_2_lc23 "22500" TTP C
10 38632500 PS P2 Tr "lc24" 
11 38632500 P1 1_2_lc24 "22500" TTP C
12 38632500 P2 1_2_lc24 "22500" TTP C
10 38655000 PS P2 Tr "lc22" 
11 38655000 P3 3_2_lc22 "22500" TTP C
12 38655000 P2 3_2_lc22 "22500" TTP C
17 38677500 Pile T 1.00 
16 38677500 Pile T 1.00 
10 38677500 PS P5 Idle "" 
10 38677500 PS P5 Tr "lc13" 
11 38677500 P0 0_5_lc13 "22500" TTP C
12 38677500 P5 0_5_lc13 "22500" TTP C
10 38677500 PS P2 Exec "lc2" 
10 38700000 PS P5 Tr "lc14" 
11 38700000 P0 0_5_lc14 "22500" TTP C
12 38700000 P5 0_5_lc14 "22500" TTP C
10 38722500 PS P5 Tr "lc11" 
11 38722500 P4 4_5_lc11 "22500" TTP C
12 38722500 P5 4_5_lc11 "22500" TTP C
10 38745000 PS P5 Exec "lc1" 
17 38857500 Pile T 1.00 
16 38857500 Pile T 1.00 
10 38857500 PS P2 Idle "" 
10 38857500 PS P2 Tr "rc2" 
11 38857500 P0 0_2_rc2 "90000" TTP C
12 38857500 P2 0_2_rc2 "90000" TTP C
17 38925000 Pile T 1.00 
16 38925000 Pile T 1.00 
10 38925000 PS P5 Idle "" 
10 38925000 PS P5 Tr "rc1" 
11 38925000 P0 0_5_rc1 "90000" TTP C
12 38925000 P5 0_5_rc1 "90000" TTP C
10 38947500 PS P2 Exec "c2" 
10 39015000 PS P5 Exec "c1" 
17 39307500 Pile T 1.00 
10 39307500 PS P2 Idle "" 
17 39375000 Pile T 1.00 
16 39375000 Pile T 1.00 
10 39375000 PS P5 Idle "" 
10 39375000 PS P5 Tr "c3" 
11 39375000 P1 1_5_c3 "90000" TTP C
12 39375000 P5 1_5_c3 "90000" TTP C
10 39465000 PS P5 Tr "c4" 
11 39465000 P0 0_5_c4 "90000" TTP C
12 39465000 P5 0_5_c4 "90000" TTP C
10 39555000 PS P5 Tr "c2" 
11 39555000 P2 2_5_c2 "90000" TTP C
12 39555000 P5 2_5_c2 "90000" TTP C
10 39645000 PS P5 Exec "c" 
17 40365000 Pile T 1.00 
10 40365000 PS P5 Idle "" 
8 40365000 Pile PL
8 40365000 P5 Pr
8 40365000 P2 Pr
8 40365000 P4 Pr
8 40365000 P0 Pr
8 40365000 P3 Pr
8 40365000 P1 Pr
8 40365000 TTP P
