%EventDef PajeDefineContainerType 1
% Alias string
% ContainerType string
% Name string
%EndEventDef
%EventDef PajeDefineStateType 3
% Alias string
% ContainerType string
% Name string
%EndEventDef
%EventDef PajeDefineLinkType 4
% Name string
% ContainerType string
% SourceContainerType string
% DestContainerType string
% Alias string
%EndEventDef
%EventDef PajeDefineEntityValue 6
% Alias string
% EntityType string
% Name string
% Color color
%EndEventDef
%EventDef PajeCreateContainer 7
% Time date
% Alias string
% Type string
% Container string
% Name string
%EndEventDef
%EventDef PajeDestroyContainer 8
% Time date
% Name string
% Type string
%EndEventDef
%EventDef PajeSetState 10
% Time date
% Type string
% Container string
% Value string
% file string
%EndEventDef
%EventDef PajeStartLink 11
% Time date
% SourceContainer string
% Key string
% Value string
% Container string
% Type string
%EndEventDef
%EventDef PajeEndLink 12
% Time date
% DestContainer string
% Key string
% Value string
% Container string
% Type string
%EndEventDef
%EventDef PajePushState	13
% Time	date
% EntityType	string
% Container	string
% Value	string
%EndEventDef
%EventDef PajeDefineVariableType 14
% Type string
% Name string
% Color color
% Alias string
%EndEventDef
%EventDef PajeSetVariable 15
% Time date
% Container string
% Type string
% Value double
%EndEventDef
%EventDef PajeAddVariable 16
% Time date
% Container string
% Type string
% Value double
%EndEventDef
%EventDef PajeSubVariable 17
% Time date
% Container string
% Type string
% Value double
%EndEventDef
1 P 0 Program
1 Pr P Processors
1 PL P Tasks
3 PS Pr "Processor State"
3 PF Pr "Ready File"
6 Exec PS Executing "2 .0 .1"
6 Idle PS Idle "8 .3 .0"
6 TR PS Transfer "0 .3 .8"
14 PL "Task" "1 .5 .5" T
7 0 TTP P 0 "Plate-forme"
4 "Communication" P Pr Pr C
7 0 Pile PL TTP "Pile 1"
7 0 P0 Pr TTP "P 0" 
10 0 PS P0 Idle "" 
7 0 P1 Pr TTP "P 1" 
10 0 PS P1 Idle "" 
7 0 P2 Pr TTP "P 2" 
10 0 PS P2 Idle "" 
7 0 P3 Pr TTP "P 3" 
10 0 PS P3 Idle "" 
7 0 P4 Pr TTP "P 4" 
10 0 PS P4 Idle "" 
7 0 P5 Pr TTP "P 5" 
10 0 PS P5 Idle "" 
10 0 PS P0 Exec "split-a3" 
10 0 PS P1 Exec "split-b2" 
10 0 PS P2 Exec "split-b3" 
10 0 PS P3 Exec "split-b1" 
10 0 PS P4 Exec "split-b" 
10 0 PS P5 Exec "split-a" 
17 20000 Pile T 1.00 
16 20000 Pile T 1.00 
16 20000 Pile T 1.00 
16 20000 Pile T 1.00 
16 20000 Pile T 1.00 
10 20000 PS P0 Idle "" 
10 20000 PS P0 Exec "split-a2" 
17 20000 Pile T 1.00 
16 20000 Pile T 1.00 
16 20000 Pile T 1.00 
16 20000 Pile T 1.00 
16 20000 Pile T 1.00 
10 20000 PS P1 Idle "" 
10 20000 PS P1 Exec "split-b4" 
17 20000 Pile T 1.00 
16 20000 Pile T 1.00 
16 20000 Pile T 1.00 
16 20000 Pile T 1.00 
16 20000 Pile T 1.00 
10 20000 PS P2 Idle "" 
10 20000 PS P2 Exec "split-a4" 
17 20000 Pile T 1.00 
16 20000 Pile T 1.00 
16 20000 Pile T 1.00 
16 20000 Pile T 1.00 
16 20000 Pile T 1.00 
10 20000 PS P3 Idle "" 
10 20000 PS P3 Exec "split-a1" 
17 40000 Pile T 1.00 
16 40000 Pile T 1.00 
16 40000 Pile T 1.00 
16 40000 Pile T 1.00 
16 40000 Pile T 1.00 
10 40000 PS P0 Idle "" 
10 40000 PS P0 Exec "a32" 
17 40000 Pile T 1.00 
16 40000 Pile T 1.00 
16 40000 Pile T 1.00 
16 40000 Pile T 1.00 
16 40000 Pile T 1.00 
10 40000 PS P1 Idle "" 
10 40000 PS P1 Tr "split-a3" 
11 40000 P0 0_1_split-a3 "10000" TTP C
12 40000 P1 0_1_split-a3 "10000" TTP C
17 40000 Pile T 1.00 
16 40000 Pile T 1.00 
16 40000 Pile T 1.00 
16 40000 Pile T 1.00 
16 40000 Pile T 1.00 
10 40000 PS P2 Idle "" 
10 40000 PS P2 Tr "split-a3" 
11 40000 P0 0_2_split-a3 "10000" TTP C
12 40000 P2 0_2_split-a3 "10000" TTP C
17 40000 Pile T 1.00 
16 40000 Pile T 1.00 
16 40000 Pile T 1.00 
16 40000 Pile T 1.00 
16 40000 Pile T 1.00 
10 40000 PS P3 Idle "" 
10 40000 PS P3 Tr "split-a3" 
11 40000 P0 0_3_split-a3 "10000" TTP C
12 40000 P3 0_3_split-a3 "10000" TTP C
17 40000 Pile T 1.00 
10 40000 PS P0 Idle "" 
10 40000 PS P0 Tr "split-b2" 
11 40000 P1 1_0_split-b2 "10000" TTP C
12 40000 P0 1_0_split-b2 "10000" TTP C
10 50000 PS P1 Exec "a33" 
10 50000 PS P2 Exec "a31" 
10 50000 PS P3 Exec "a34" 
10 50000 PS P0 Exec "b21" 
17 50000 Pile T 1.00 
10 50000 PS P1 Idle "" 
10 50000 PS P1 Exec "b23" 
17 50000 Pile T 1.00 
10 50000 PS P2 Idle "" 
10 50000 PS P2 Tr "split-b2" 
11 50000 P1 1_2_split-b2 "10000" TTP C
12 50000 P2 1_2_split-b2 "10000" TTP C
17 50000 Pile T 1.00 
10 50000 PS P3 Idle "" 
10 50000 PS P3 Tr "split-b2" 
11 50000 P1 1_3_split-b2 "10000" TTP C
12 50000 P3 1_3_split-b2 "10000" TTP C
17 50000 Pile T 1.00 
16 50000 Pile T 1.00 
16 50000 Pile T 1.00 
10 50000 PS P0 Idle "" 
10 50000 PS P0 Tr "split-b3" 
11 50000 P2 2_0_split-b3 "10000" TTP C
12 50000 P0 2_0_split-b3 "10000" TTP C
17 50000 Pile T 1.00 
16 50000 Pile T 1.00 
16 50000 Pile T 1.00 
10 50000 PS P1 Idle "" 
10 50000 PS P1 Tr "split-b3" 
11 50000 P2 2_1_split-b3 "10000" TTP C
12 50000 P1 2_1_split-b3 "10000" TTP C
10 60000 PS P2 Exec "b24" 
10 60000 PS P3 Exec "b22" 
10 60000 PS P0 Exec "b31" 
10 60000 PS P1 Exec "b32" 
17 60000 Pile T 1.00 
16 60000 Pile T 1.00 
16 60000 Pile T 1.00 
10 60000 PS P2 Idle "" 
10 60000 PS P2 Exec "b33" 
17 60000 Pile T 1.00 
16 60000 Pile T 1.00 
16 60000 Pile T 1.00 
10 60000 PS P3 Idle "" 
10 60000 PS P3 Tr "split-b3" 
11 60000 P2 2_3_split-b3 "10000" TTP C
12 60000 P3 2_3_split-b3 "10000" TTP C
17 60000 Pile T 1.00 
10 60000 PS P0 Idle "" 
10 60000 PS P0 Tr "split-b1" 
11 60000 P3 3_0_split-b1 "10000" TTP C
12 60000 P0 3_0_split-b1 "10000" TTP C
17 60000 Pile T 1.00 
10 60000 PS P1 Idle "" 
10 60000 PS P1 Tr "split-b1" 
11 60000 P3 3_1_split-b1 "10000" TTP C
12 60000 P1 3_1_split-b1 "10000" TTP C
17 60000 Pile T 1.00 
10 60000 PS P2 Idle "" 
10 60000 PS P2 Tr "split-b1" 
11 60000 P3 3_2_split-b1 "10000" TTP C
12 60000 P2 3_2_split-b1 "10000" TTP C
10 70000 PS P3 Exec "b34" 
10 70000 PS P0 Exec "b11" 
10 70000 PS P1 Exec "b13" 
10 70000 PS P2 Exec "b12" 
17 70000 Pile T 1.00 
10 70000 PS P3 Idle "" 
10 70000 PS P3 Exec "b14" 
17 70000 Pile T 1.00 
16 70000 Pile T 1.00 
16 70000 Pile T 1.00 
10 70000 PS P0 Idle "" 
10 70000 PS P0 Exec "a22" 
17 70000 Pile T 1.00 
16 70000 Pile T 1.00 
16 70000 Pile T 1.00 
10 70000 PS P1 Idle "" 
10 70000 PS P1 Tr "split-a2" 
11 70000 P0 0_1_split-a2 "10000" TTP C
12 70000 P1 0_1_split-a2 "10000" TTP C
17 70000 Pile T 1.00 
16 70000 Pile T 1.00 
16 70000 Pile T 1.00 
10 70000 PS P2 Idle "" 
10 70000 PS P2 Tr "split-a2" 
11 70000 P0 0_2_split-a2 "10000" TTP C
12 70000 P2 0_2_split-a2 "10000" TTP C
17 70000 Pile T 1.00 
16 70000 Pile T 1.00 
16 70000 Pile T 1.00 
10 70000 PS P3 Idle "" 
10 70000 PS P3 Tr "split-a2" 
11 70000 P0 0_3_split-a2 "10000" TTP C
12 70000 P3 0_3_split-a2 "10000" TTP C
17 70000 Pile T 1.00 
16 70000 Pile T 1.00 
16 70000 Pile T 1.00 
10 70000 PS P0 Idle "" 
10 70000 PS P0 Tr "split-b4" 
11 70000 P1 1_0_split-b4 "10000" TTP C
12 70000 P0 1_0_split-b4 "10000" TTP C
17 80000 Pile T 1.00 
16 80000 Pile T 1.00 
16 80000 Pile T 1.00 
16 80000 Pile T 1.00 
16 80000 Pile T 1.00 
10 80000 PS P4 Idle "" 
10 80000 PS P4 Tr "split-b4" 
11 80000 P1 1_4_split-b4 "10000" TTP C
12 80000 P4 1_4_split-b4 "10000" TTP C
17 80000 Pile T 1.00 
16 80000 Pile T 1.00 
16 80000 Pile T 1.00 
16 80000 Pile T 1.00 
16 80000 Pile T 1.00 
10 80000 PS P5 Idle "" 
10 80000 PS P5 Tr "split-b4" 
11 80000 P1 1_5_split-b4 "10000" TTP C
12 80000 P5 1_5_split-b4 "10000" TTP C
10 80000 PS P1 Exec "a24" 
10 80000 PS P2 Exec "a21" 
10 80000 PS P3 Exec "a23" 
10 80000 PS P0 Exec "b44" 
17 80000 Pile T 1.00 
16 80000 Pile T 1.00 
16 80000 Pile T 1.00 
10 80000 PS P1 Idle "" 
10 80000 PS P1 Exec "b41" 
17 80000 Pile T 1.00 
16 80000 Pile T 1.00 
16 80000 Pile T 1.00 
10 80000 PS P2 Idle "" 
10 80000 PS P2 Exec "a43" 
17 80000 Pile T 1.00 
16 80000 Pile T 1.00 
16 80000 Pile T 1.00 
10 80000 PS P3 Idle "" 
10 80000 PS P3 Tr "split-a4" 
11 80000 P2 2_3_split-a4 "10000" TTP C
12 80000 P3 2_3_split-a4 "10000" TTP C
17 80000 Pile T 1.00 
16 80000 Pile T 1.00 
16 80000 Pile T 1.00 
10 80000 PS P0 Idle "" 
10 80000 PS P0 Tr "split-a4" 
11 80000 P2 2_0_split-a4 "10000" TTP C
12 80000 P0 2_0_split-a4 "10000" TTP C
17 80000 Pile T 1.00 
16 80000 Pile T 1.00 
16 80000 Pile T 1.00 
10 80000 PS P1 Idle "" 
10 80000 PS P1 Tr "split-a4" 
11 80000 P2 2_1_split-a4 "10000" TTP C
12 80000 P1 2_1_split-a4 "10000" TTP C
17 80000 Pile T 1.00 
16 80000 Pile T 1.00 
16 80000 Pile T 1.00 
16 80000 Pile T 1.00 
10 80000 PS P2 Idle "" 
10 80000 PS P2 Tr "split-a1" 
11 80000 P3 3_2_split-a1 "10000" TTP C
12 80000 P2 3_2_split-a1 "10000" TTP C
10 90000 PS P4 Exec "b43" 
10 90000 PS P5 Exec "b42" 
10 90000 PS P3 Exec "a44" 
10 90000 PS P0 Exec "a41" 
10 90000 PS P1 Exec "a42" 
10 90000 PS P2 Exec "a13" 
17 90000 Pile T 1.00 
16 90000 Pile T 1.00 
16 90000 Pile T 1.00 
10 90000 PS P4 Idle "" 
10 90000 PS P4 Tr "split-a1" 
11 90000 P3 3_4_split-a1 "10000" TTP C
12 90000 P4 3_4_split-a1 "10000" TTP C
17 90000 Pile T 1.00 
16 90000 Pile T 1.00 
16 90000 Pile T 1.00 
16 90000 Pile T 1.00 
10 90000 PS P5 Idle "" 
10 90000 PS P5 Tr "split-a1" 
11 90000 P3 3_5_split-a1 "10000" TTP C
12 90000 P5 3_5_split-a1 "10000" TTP C
17 90000 Pile T 1.00 
16 90000 Pile T 1.00 
16 90000 Pile T 1.00 
16 90000 Pile T 1.00 
16 90000 Pile T 1.00 
10 90000 PS P3 Idle "" 
10 90000 PS P3 Exec "a12" 
17 90000 Pile T 1.00 
16 90000 Pile T 1.00 
16 90000 Pile T 1.00 
16 90000 Pile T 1.00 
16 90000 Pile T 1.00 
10 90000 PS P0 Idle "" 
10 90000 PS P0 Tr "a33" 
11 90000 P1 1_0_a33 "2500" TTP C
12 90000 P0 1_0_a33 "2500" TTP C
17 90000 Pile T 1.00 
16 90000 Pile T 1.00 
16 90000 Pile T 1.00 
16 90000 Pile T 1.00 
16 90000 Pile T 1.00 
10 90000 PS P1 Idle "" 
10 90000 PS P1 Tr "a31" 
11 90000 P2 2_1_a31 "2500" TTP C
12 90000 P1 2_1_a31 "2500" TTP C
17 90000 Pile T 1.00 
16 90000 Pile T 1.00 
16 90000 Pile T 1.00 
16 90000 Pile T 1.00 
16 90000 Pile T 1.00 
10 90000 PS P2 Idle "" 
10 90000 PS P2 Tr "b23" 
11 90000 P1 1_2_b23 "2500" TTP C
12 90000 P2 1_2_b23 "2500" TTP C
17 90000 Pile T 1.00 
16 90000 Pile T 1.00 
16 90000 Pile T 1.00 
16 90000 Pile T 1.00 
16 90000 Pile T 1.00 
10 90000 PS P3 Idle "" 
10 90000 PS P3 Tr "b23" 
11 90000 P1 1_3_b23 "2500" TTP C
12 90000 P3 1_3_b23 "2500" TTP C
10 92500 PS P0 Exec "llc43" 
10 92500 PS P1 Tr "b21" 
11 92500 P0 0_1_b21 "2500" TTP C
12 92500 P1 0_1_b21 "2500" TTP C
10 92500 PS P2 Tr "a34" 
11 92500 P3 3_2_a34 "2500" TTP C
12 92500 P2 3_2_a34 "2500" TTP C
10 92500 PS P3 Tr "a32" 
11 92500 P0 0_3_a32 "2500" TTP C
12 92500 P3 0_3_a32 "2500" TTP C
10 95000 PS P1 Exec "llc41" 
10 95000 PS P2 Exec "rlc43" 
10 95000 PS P3 Exec "rlc41" 
10 100000 PS P4 Exec "a14" 
10 100000 PS P5 Exec "a11" 
17 100000 Pile T 1.00 
16 100000 Pile T 1.00 
16 100000 Pile T 1.00 
16 100000 Pile T 1.00 
16 100000 Pile T 1.00 
10 100000 PS P4 Idle "" 
10 100000 PS P4 Tr "a34" 
11 100000 P3 3_4_a34 "2500" TTP C
12 100000 P4 3_4_a34 "2500" TTP C
17 100000 Pile T 1.00 
16 100000 Pile T 1.00 
16 100000 Pile T 1.00 
16 100000 Pile T 1.00 
16 100000 Pile T 1.00 
10 100000 PS P5 Idle "" 
10 100000 PS P5 Tr "a32" 
11 100000 P0 0_5_a32 "2500" TTP C
12 100000 P5 0_5_a32 "2500" TTP C
10 102500 PS P4 Tr "b24" 
11 102500 P2 2_4_b24 "2500" TTP C
12 102500 P4 2_4_b24 "2500" TTP C
10 102500 PS P5 Tr "b24" 
11 102500 P2 2_5_b24 "2500" TTP C
12 102500 P5 2_5_b24 "2500" TTP C
10 105000 PS P4 Exec "rlc44" 
10 105000 PS P5 Exec "rlc42" 
17 217500 Pile T 1.00 
10 217500 PS P0 Idle "" 
10 217500 PS P0 Tr "b22" 
11 217500 P3 3_0_b22 "2500" TTP C
12 217500 P0 3_0_b22 "2500" TTP C
17 220000 Pile T 1.00 
10 220000 PS P1 Idle "" 
10 220000 PS P1 Tr "b22" 
11 220000 P3 3_1_b22 "2500" TTP C
12 220000 P1 3_1_b22 "2500" TTP C
17 220000 Pile T 1.00 
16 220000 Pile T 1.00 
10 220000 PS P2 Idle "" 
10 220000 PS P2 Tr "b11" 
11 220000 P0 0_2_b11 "2500" TTP C
12 220000 P2 0_2_b11 "2500" TTP C
17 220000 Pile T 1.00 
16 220000 Pile T 1.00 
10 220000 PS P3 Idle "" 
10 220000 PS P3 Tr "b11" 
11 220000 P0 0_3_b11 "2500" TTP C
12 220000 P3 0_3_b11 "2500" TTP C
10 220000 PS P0 Exec "llc44" 
10 222500 PS P1 Exec "llc42" 
10 222500 PS P2 Exec "llc31" 
10 222500 PS P3 Tr "a33" 
11 222500 P1 1_3_a33 "2500" TTP C
12 222500 P3 1_3_a33 "2500" TTP C
10 225000 PS P3 Exec "llc33" 
17 230000 Pile T 1.00 
10 230000 PS P4 Idle "" 
10 230000 PS P4 Tr "a32" 
11 230000 P0 0_4_a32 "2500" TTP C
12 230000 P4 0_4_a32 "2500" TTP C
17 230000 Pile T 1.00 
10 230000 PS P5 Idle "" 
10 230000 PS P5 Tr "a34" 
11 230000 P3 3_5_a34 "2500" TTP C
12 230000 P5 3_5_a34 "2500" TTP C
10 232500 PS P4 Tr "b13" 
11 232500 P1 1_4_b13 "2500" TTP C
12 232500 P4 1_4_b13 "2500" TTP C
10 232500 PS P5 Tr "b13" 
11 232500 P1 1_5_b13 "2500" TTP C
12 232500 P5 1_5_b13 "2500" TTP C
10 235000 PS P4 Exec "rlc31" 
10 235000 PS P5 Exec "rlc33" 
17 345000 Pile T 1.00 
16 345000 Pile T 1.00 
10 345000 PS P0 Idle "" 
10 345000 PS P0 Tr "b12" 
11 345000 P2 2_0_b12 "2500" TTP C
12 345000 P0 2_0_b12 "2500" TTP C
17 347500 Pile T 1.00 
16 347500 Pile T 1.00 
10 347500 PS P1 Idle "" 
10 347500 PS P1 Tr "b12" 
11 347500 P2 2_1_b12 "2500" TTP C
12 347500 P1 2_1_b12 "2500" TTP C
17 347500 Pile T 1.00 
10 347500 PS P2 Idle "" 
10 347500 PS P2 Tr "b14" 
11 347500 P3 3_2_b14 "2500" TTP C
12 347500 P2 3_2_b14 "2500" TTP C
10 347500 PS P0 Exec "llc34" 
17 350000 Pile T 1.00 
10 350000 PS P3 Idle "" 
10 350000 PS P3 Exec "rlc32" 
10 350000 PS P1 Exec "llc32" 
10 350000 PS P2 Exec "rlc34" 
17 360000 Pile T 1.00 
16 360000 Pile T 1.00 
10 360000 PS P4 Idle "" 
10 360000 PS P4 Tr "b34" 
11 360000 P3 3_4_b34 "2500" TTP C
12 360000 P4 3_4_b34 "2500" TTP C
17 360000 Pile T 1.00 
16 360000 Pile T 1.00 
10 360000 PS P5 Idle "" 
10 360000 PS P5 Tr "b33" 
11 360000 P2 2_5_b33 "2500" TTP C
12 360000 P5 2_5_b33 "2500" TTP C
10 362500 PS P4 Tr "a22" 
11 362500 P0 0_4_a22 "2500" TTP C
12 362500 P4 0_4_a22 "2500" TTP C
10 362500 PS P5 Tr "a22" 
11 362500 P0 0_5_a22 "2500" TTP C
12 362500 P5 0_5_a22 "2500" TTP C
10 365000 PS P4 Exec "rrc12" 
10 365000 PS P5 Exec "rrc11" 
17 472500 Pile T 1.00 
10 472500 PS P0 Idle "" 
10 472500 PS P0 Tr "split-b" 
11 472500 P4 4_0_split-b "40000" TTP C
12 472500 P0 4_0_split-b "40000" TTP C
17 475000 Pile T 1.00 
10 475000 PS P3 Idle "" 
10 475000 PS P3 Tr "split-b" 
11 475000 P4 4_3_split-b "40000" TTP C
12 475000 P3 4_3_split-b "40000" TTP C
17 475000 Pile T 1.00 
16 475000 Pile T 1.00 
10 475000 PS P1 Idle "" 
10 475000 PS P1 Tr "split-b" 
11 475000 P4 4_1_split-b "40000" TTP C
12 475000 P1 4_1_split-b "40000" TTP C
17 475000 Pile T 1.00 
16 475000 Pile T 1.00 
10 475000 PS P2 Idle "" 
10 475000 PS P2 Tr "split-b" 
11 475000 P4 4_2_split-b "40000" TTP C
12 475000 P2 4_2_split-b "40000" TTP C
17 490000 Pile T 1.00 
10 490000 PS P4 Idle "" 
10 490000 PS P4 Tr "split-a" 
11 490000 P5 5_4_split-a "40000" TTP C
12 490000 P4 5_4_split-a "40000" TTP C
17 490000 Pile T 1.00 
10 490000 PS P5 Idle "" 
10 490000 PS P5 Exec "a4" 
17 490000 Pile T 1.00 
10 490000 PS P5 Idle "" 
10 490000 PS P5 Exec "a2" 
17 490000 Pile T 1.00 
10 490000 PS P5 Idle "" 
10 490000 PS P5 Exec "a3" 
17 490000 Pile T 1.00 
10 490000 PS P5 Idle "" 
10 490000 PS P5 Tr "a24" 
11 490000 P1 1_5_a24 "2500" TTP C
12 490000 P5 1_5_a24 "2500" TTP C
10 492500 PS P5 Tr "b34" 
11 492500 P3 3_5_b34 "2500" TTP C
12 492500 P5 3_5_b34 "2500" TTP C
10 495000 PS P5 Exec "rrc14" 
10 512500 PS P0 Exec "b4" 
17 512500 Pile T 1.00 
10 512500 PS P0 Idle "" 
10 512500 PS P0 Tr "b33" 
11 512500 P2 2_0_b33 "2500" TTP C
12 512500 P0 2_0_b33 "2500" TTP C
10 515000 PS P3 Exec "b2" 
10 515000 PS P1 Exec "b3" 
10 515000 PS P2 Exec "b1" 
10 515000 PS P0 Tr "a24" 
11 515000 P1 1_0_a24 "2500" TTP C
12 515000 P0 1_0_a24 "2500" TTP C
17 515000 Pile T 1.00 
10 515000 PS P3 Idle "" 
10 515000 PS P3 Tr "b31" 
11 515000 P0 0_3_b31 "2500" TTP C
12 515000 P3 0_3_b31 "2500" TTP C
17 515000 Pile T 1.00 
10 515000 PS P1 Idle "" 
10 515000 PS P1 Tr "a21" 
11 515000 P2 2_1_a21 "2500" TTP C
12 515000 P1 2_1_a21 "2500" TTP C
17 515000 Pile T 1.00 
10 515000 PS P2 Idle "" 
10 515000 PS P2 Tr "b31" 
11 515000 P0 0_2_b31 "2500" TTP C
12 515000 P2 0_2_b31 "2500" TTP C
10 517500 PS P0 Exec "rrc13" 
10 517500 PS P3 Tr "a21" 
11 517500 P2 2_3_a21 "2500" TTP C
12 517500 P3 2_3_a21 "2500" TTP C
10 517500 PS P1 Exec "lrc12" 
10 517500 PS P2 Tr "a23" 
11 517500 P3 3_2_a23 "2500" TTP C
12 517500 P2 3_2_a23 "2500" TTP C
10 520000 PS P3 Exec "lrc11" 
10 520000 PS P2 Exec "lrc13" 
10 530000 PS P4 Exec "a1" 
17 530000 Pile T 1.00 
10 530000 PS P4 Idle "" 
10 530000 PS P4 Tr "a23" 
11 530000 P3 3_4_a23 "2500" TTP C
12 530000 P4 3_4_a23 "2500" TTP C
10 532500 PS P4 Tr "b32" 
11 532500 P1 1_4_b32 "2500" TTP C
12 532500 P4 1_4_b32 "2500" TTP C
10 535000 PS P4 Exec "lrc14" 
17 620000 Pile T 1.00 
10 620000 PS P5 Idle "" 
10 620000 PS P5 Tr "b44" 
11 620000 P0 0_5_b44 "2500" TTP C
12 620000 P5 0_5_b44 "2500" TTP C
10 622500 PS P5 Exec "rrc24" 
17 642500 Pile T 1.00 
10 642500 PS P0 Idle "" 
10 642500 PS P0 Exec "rrc22" 
17 642500 Pile T 1.00 
16 642500 Pile T 1.00 
10 642500 PS P1 Idle "" 
10 642500 PS P1 Tr "a23" 
11 642500 P3 3_1_a23 "2500" TTP C
12 642500 P1 3_1_a23 "2500" TTP C
17 645000 Pile T 1.00 
16 645000 Pile T 1.00 
10 645000 PS P3 Idle "" 
10 645000 PS P3 Tr "b41" 
11 645000 P1 1_3_b41 "2500" TTP C
12 645000 P3 1_3_b41 "2500" TTP C
17 645000 Pile T 1.00 
16 645000 Pile T 1.00 
10 645000 PS P2 Idle "" 
10 645000 PS P2 Tr "b32" 
11 645000 P1 1_2_b32 "2500" TTP C
12 645000 P2 1_2_b32 "2500" TTP C
10 645000 PS P1 Exec "lrc23" 
10 647500 PS P3 Exec "lrc21" 
10 647500 PS P2 Exec "lrc34" 
17 660000 Pile T 1.00 
16 660000 Pile T 1.00 
10 660000 PS P4 Idle "" 
10 660000 PS P4 Tr "b31" 
11 660000 P0 0_4_b31 "2500" TTP C
12 660000 P4 0_4_b31 "2500" TTP C
10 662500 PS P4 Tr "a43" 
11 662500 P2 2_4_a43 "2500" TTP C
12 662500 P4 2_4_a43 "2500" TTP C
10 665000 PS P4 Exec "lrc33" 
17 747500 Pile T 1.00 
10 747500 PS P5 Idle "" 
10 747500 PS P5 Tr "a43" 
11 747500 P2 2_5_a43 "2500" TTP C
12 747500 P5 2_5_a43 "2500" TTP C
10 750000 PS P5 Tr "b41" 
11 750000 P1 1_5_b41 "2500" TTP C
12 750000 P5 1_5_b41 "2500" TTP C
10 752500 PS P5 Exec "lrc43" 
17 767500 Pile T 1.00 
10 767500 PS P0 Idle "" 
10 767500 PS P0 Tr "b43" 
11 767500 P4 4_0_b43 "2500" TTP C
12 767500 P0 4_0_b43 "2500" TTP C
17 770000 Pile T 1.00 
10 770000 PS P1 Idle "" 
10 770000 PS P1 Tr "a22" 
11 770000 P0 0_1_a22 "2500" TTP C
12 770000 P1 0_1_a22 "2500" TTP C
10 770000 PS P0 Exec "rrc23" 
17 772500 Pile T 1.00 
10 772500 PS P3 Idle "" 
10 772500 PS P3 Tr "b42" 
11 772500 P5 5_3_b42 "2500" TTP C
12 772500 P3 5_3_b42 "2500" TTP C
17 772500 Pile T 1.00 
10 772500 PS P2 Idle "" 
10 772500 PS P2 Tr "b42" 
11 772500 P5 5_2_b42 "2500" TTP C
12 772500 P2 5_2_b42 "2500" TTP C
10 772500 PS P1 Tr "b43" 
11 772500 P4 4_1_b43 "2500" TTP C
12 772500 P1 4_1_b43 "2500" TTP C
10 775000 PS P3 Exec "lrc24" 
10 775000 PS P2 Exec "lrc22" 
10 775000 PS P1 Exec "rrc21" 
17 790000 Pile T 1.00 
10 790000 PS P4 Idle "" 
10 790000 PS P4 Tr "b42" 
11 790000 P5 5_4_b42 "2500" TTP C
12 790000 P4 5_4_b42 "2500" TTP C
10 792500 PS P4 Exec "lrc44" 
17 877500 Pile T 1.00 
10 877500 PS P5 Idle "" 
10 877500 PS P5 Tr "a44" 
11 877500 P3 3_5_a44 "2500" TTP C
12 877500 P5 3_5_a44 "2500" TTP C
10 880000 PS P5 Exec "rrc44" 
17 895000 Pile T 1.00 
16 895000 Pile T 1.00 
10 895000 PS P0 Idle "" 
10 895000 PS P0 Tr "a44" 
11 895000 P3 3_0_a44 "2500" TTP C
12 895000 P0 3_0_a44 "2500" TTP C
10 897500 PS P0 Tr "b34" 
11 897500 P3 3_0_b34 "2500" TTP C
12 897500 P0 3_0_b34 "2500" TTP C
17 900000 Pile T 1.00 
16 900000 Pile T 1.00 
10 900000 PS P3 Idle "" 
10 900000 PS P3 Tr "b43" 
11 900000 P4 4_3_b43 "2500" TTP C
12 900000 P3 4_3_b43 "2500" TTP C
17 900000 Pile T 1.00 
16 900000 Pile T 1.00 
10 900000 PS P2 Idle "" 
10 900000 PS P2 Tr "a44" 
11 900000 P3 3_2_a44 "2500" TTP C
12 900000 P2 3_2_a44 "2500" TTP C
17 900000 Pile T 1.00 
16 900000 Pile T 1.00 
10 900000 PS P1 Idle "" 
10 900000 PS P1 Tr "a41" 
11 900000 P0 0_1_a41 "2500" TTP C
12 900000 P1 0_1_a41 "2500" TTP C
10 900000 PS P0 Exec "rrc34" 
10 902500 PS P3 Exec "rrc43" 
10 902500 PS P2 Exec "rrc33" 
10 902500 PS P1 Exec "lrc41" 
17 917500 Pile T 1.00 
10 917500 PS P4 Idle "" 
10 917500 PS P4 Tr "a41" 
11 917500 P0 0_4_a41 "2500" TTP C
12 917500 P4 0_4_a41 "2500" TTP C
10 920000 PS P4 Exec "lrc32" 
17 1005000 Pile T 1.00 
16 1005000 Pile T 1.00 
10 1005000 PS P5 Idle "" 
10 1005000 PS P5 Tr "a41" 
11 1005000 P0 0_5_a41 "2500" TTP C
12 1005000 P5 0_5_a41 "2500" TTP C
10 1007500 PS P5 Exec "lrc42" 
17 1025000 Pile T 1.00 
16 1025000 Pile T 1.00 
10 1025000 PS P0 Idle "" 
10 1025000 PS P0 Exec "lrc31" 
17 1027500 Pile T 1.00 
16 1027500 Pile T 1.00 
10 1027500 PS P3 Idle "" 
10 1027500 PS P3 Tr "a42" 
11 1027500 P1 1_3_a42 "2500" TTP C
12 1027500 P3 1_3_a42 "2500" TTP C
17 1027500 Pile T 1.00 
16 1027500 Pile T 1.00 
10 1027500 PS P2 Idle "" 
10 1027500 PS P2 Tr "a42" 
11 1027500 P1 1_2_a42 "2500" TTP C
12 1027500 P2 1_2_a42 "2500" TTP C
17 1027500 Pile T 1.00 
10 1027500 PS P1 Idle "" 
10 1027500 PS P1 Exec "rrc41" 
10 1030000 PS P3 Tr "b33" 
11 1030000 P2 2_3_b33 "2500" TTP C
12 1030000 P3 2_3_b33 "2500" TTP C
10 1030000 PS P2 Tr "b34" 
11 1030000 P3 3_2_b34 "2500" TTP C
12 1030000 P2 3_2_b34 "2500" TTP C
10 1032500 PS P3 Exec "rrc31" 
10 1032500 PS P2 Exec "rrc32" 
17 1045000 Pile T 1.00 
10 1045000 PS P4 Idle "" 
10 1045000 PS P4 Tr "a42" 
11 1045000 P1 1_4_a42 "2500" TTP C
12 1045000 P4 1_4_a42 "2500" TTP C
10 1047500 PS P4 Tr "b44" 
11 1047500 P0 0_4_b44 "2500" TTP C
12 1047500 P4 0_4_b44 "2500" TTP C
10 1050000 PS P4 Exec "rrc42" 
17 1132500 Pile T 1.00 
10 1132500 PS P5 Idle "" 
10 1132500 PS P5 Tr "b11" 
11 1132500 P0 0_5_b11 "2500" TTP C
12 1132500 P5 0_5_b11 "2500" TTP C
10 1135000 PS P5 Tr "a13" 
11 1135000 P2 2_5_a13 "2500" TTP C
12 1135000 P5 2_5_a13 "2500" TTP C
10 1137500 PS P5 Exec "llc13" 
17 1150000 Pile T 1.00 
10 1150000 PS P0 Idle "" 
10 1150000 PS P0 Tr "a13" 
11 1150000 P2 2_0_a13 "2500" TTP C
12 1150000 P0 2_0_a13 "2500" TTP C
17 1152500 Pile T 1.00 
16 1152500 Pile T 1.00 
10 1152500 PS P1 Idle "" 
10 1152500 PS P1 Tr "a13" 
11 1152500 P2 2_1_a13 "2500" TTP C
12 1152500 P1 2_1_a13 "2500" TTP C
10 1152500 PS P0 Exec "llc24" 
10 1155000 PS P1 Exec "llc14" 
17 1157500 Pile T 1.00 
16 1157500 Pile T 1.00 
10 1157500 PS P3 Idle "" 
10 1157500 PS P3 Tr "b21" 
11 1157500 P0 0_3_b21 "2500" TTP C
12 1157500 P3 0_3_b21 "2500" TTP C
17 1157500 Pile T 1.00 
16 1157500 Pile T 1.00 
10 1157500 PS P2 Idle "" 
10 1157500 PS P2 Tr "a12" 
11 1157500 P3 3_2_a12 "2500" TTP C
12 1157500 P2 3_2_a12 "2500" TTP C
10 1160000 PS P3 Tr "a13" 
11 1160000 P2 2_3_a13 "2500" TTP C
12 1160000 P3 2_3_a13 "2500" TTP C
10 1160000 PS P2 Exec "rlc12" 
10 1162500 PS P3 Exec "llc23" 
17 1175000 Pile T 1.00 
16 1175000 Pile T 1.00 
10 1175000 PS P4 Idle "" 
10 1175000 PS P4 Tr "a12" 
11 1175000 P3 3_4_a12 "2500" TTP C
12 1175000 P4 3_4_a12 "2500" TTP C
10 1177500 PS P4 Exec "rlc11" 
17 1262500 Pile T 1.00 
10 1262500 PS P5 Idle "" 
10 1262500 PS P5 Tr "b23" 
11 1262500 P1 1_5_b23 "2500" TTP C
12 1262500 P5 1_5_b23 "2500" TTP C
10 1265000 PS P5 Tr "a12" 
11 1265000 P3 3_5_a12 "2500" TTP C
12 1265000 P5 3_5_a12 "2500" TTP C
10 1267500 PS P5 Exec "rlc21" 
17 1277500 Pile T 1.00 
10 1277500 PS P0 Idle "" 
10 1277500 PS P0 Tr "b24" 
11 1277500 P2 2_0_b24 "2500" TTP C
12 1277500 P0 2_0_b24 "2500" TTP C
17 1280000 Pile T 1.00 
10 1280000 PS P1 Idle "" 
10 1280000 PS P1 Tr "a14" 
11 1280000 P4 4_1_a14 "2500" TTP C
12 1280000 P1 4_1_a14 "2500" TTP C
10 1280000 PS P0 Tr "a12" 
11 1280000 P3 3_0_a12 "2500" TTP C
12 1280000 P0 3_0_a12 "2500" TTP C
10 1282500 PS P1 Exec "rlc23" 
10 1282500 PS P0 Exec "rlc22" 
17 1285000 Pile T 1.00 
10 1285000 PS P2 Idle "" 
10 1285000 PS P2 Tr "a14" 
11 1285000 P4 4_2_a14 "2500" TTP C
12 1285000 P2 4_2_a14 "2500" TTP C
17 1287500 Pile T 1.00 
10 1287500 PS P3 Idle "" 
10 1287500 PS P3 Tr "a14" 
11 1287500 P4 4_3_a14 "2500" TTP C
12 1287500 P3 4_3_a14 "2500" TTP C
10 1287500 PS P2 Exec "rlc24" 
10 1290000 PS P3 Exec "rlc14" 
17 1302500 Pile T 1.00 
10 1302500 PS P4 Idle "" 
10 1302500 PS P4 Exec "rlc13" 
17 1392500 Pile T 1.00 
10 1392500 PS P5 Idle "" 
10 1392500 PS P5 Exec "llc11" 
17 1407500 Pile T 1.00 
16 1407500 Pile T 1.00 
10 1407500 PS P1 Idle "" 
10 1407500 PS P1 Tr "a11" 
11 1407500 P5 5_1_a11 "2500" TTP C
12 1407500 P1 5_1_a11 "2500" TTP C
17 1407500 Pile T 1.00 
10 1407500 PS P0 Idle "" 
10 1407500 PS P0 Tr "a11" 
11 1407500 P5 5_0_a11 "2500" TTP C
12 1407500 P0 5_0_a11 "2500" TTP C
10 1410000 PS P1 Exec "llc21" 
10 1410000 PS P0 Exec "llc22" 
17 1412500 Pile T 1.00 
16 1412500 Pile T 1.00 
10 1412500 PS P2 Idle "" 
10 1412500 PS P2 Tr "a11" 
11 1412500 P5 5_2_a11 "2500" TTP C
12 1412500 P2 5_2_a11 "2500" TTP C
17 1415000 Pile T 1.00 
16 1415000 Pile T 1.00 
10 1415000 PS P3 Idle "" 
10 1415000 PS P3 Tr "rlc43" 
11 1415000 P2 2_3_rlc43 "2500" TTP C
12 1415000 P3 2_3_rlc43 "2500" TTP C
10 1415000 PS P2 Exec "llc12" 
10 1417500 PS P3 Tr "llc43" 
11 1417500 P0 0_3_llc43 "2500" TTP C
12 1417500 P3 0_3_llc43 "2500" TTP C
10 1420000 PS P3 Exec "lc43" 
17 1427500 Pile T 1.00 
16 1427500 Pile T 1.00 
10 1427500 PS P4 Idle "" 
10 1427500 PS P4 Tr "llc41" 
11 1427500 P1 1_4_llc41 "2500" TTP C
12 1427500 P4 1_4_llc41 "2500" TTP C
17 1430000 Pile T 1.00 
10 1430000 PS P3 Idle "" 
10 1430000 PS P3 Tr "rlc44" 
11 1430000 P4 4_3_rlc44 "2500" TTP C
12 1430000 P3 4_3_rlc44 "2500" TTP C
10 1430000 PS P4 Tr "rlc41" 
11 1430000 P3 3_4_rlc41 "2500" TTP C
12 1430000 P4 3_4_rlc41 "2500" TTP C
10 1432500 PS P3 Tr "llc44" 
11 1432500 P0 0_3_llc44 "2500" TTP C
12 1432500 P3 0_3_llc44 "2500" TTP C
10 1432500 PS P4 Exec "lc41" 
10 1435000 PS P3 Exec "lc44" 
17 1442500 Pile T 1.00 
10 1442500 PS P4 Idle "" 
10 1442500 PS P4 Tr "llc42" 
11 1442500 P1 1_4_llc42 "2500" TTP C
12 1442500 P4 1_4_llc42 "2500" TTP C
17 1445000 Pile T 1.00 
10 1445000 PS P3 Idle "" 
10 1445000 PS P3 Tr "rlc31" 
11 1445000 P4 4_3_rlc31 "2500" TTP C
12 1445000 P3 4_3_rlc31 "2500" TTP C
10 1445000 PS P4 Tr "rlc42" 
11 1445000 P5 5_4_rlc42 "2500" TTP C
12 1445000 P4 5_4_rlc42 "2500" TTP C
10 1447500 PS P3 Tr "llc31" 
11 1447500 P2 2_3_llc31 "2500" TTP C
12 1447500 P3 2_3_llc31 "2500" TTP C
10 1447500 PS P4 Exec "lc42" 
10 1450000 PS P3 Exec "lc31" 
17 1457500 Pile T 1.00 
16 1457500 Pile T 1.00 
10 1457500 PS P4 Idle "" 
10 1457500 PS P4 Tr "rlc33" 
11 1457500 P5 5_4_rlc33 "2500" TTP C
12 1457500 P4 5_4_rlc33 "2500" TTP C
17 1460000 Pile T 1.00 
10 1460000 PS P3 Idle "" 
10 1460000 PS P3 Tr "llc32" 
11 1460000 P1 1_3_llc32 "2500" TTP C
12 1460000 P3 1_3_llc32 "2500" TTP C
10 1460000 PS P4 Tr "llc33" 
11 1460000 P3 3_4_llc33 "2500" TTP C
12 1460000 P4 3_4_llc33 "2500" TTP C
10 1462500 PS P3 Exec "lc32" 
10 1462500 PS P4 Exec "lc33" 
17 1472500 Pile T 1.00 
10 1472500 PS P3 Idle "" 
10 1472500 PS P3 Tr "llc34" 
11 1472500 P0 0_3_llc34 "2500" TTP C
12 1472500 P3 0_3_llc34 "2500" TTP C
17 1472500 Pile T 1.00 
10 1472500 PS P4 Idle "" 
10 1472500 PS P4 Tr "lrc12" 
11 1472500 P1 1_4_lrc12 "2500" TTP C
12 1472500 P4 1_4_lrc12 "2500" TTP C
10 1475000 PS P3 Tr "rlc34" 
11 1475000 P2 2_3_rlc34 "2500" TTP C
12 1475000 P3 2_3_rlc34 "2500" TTP C
10 1475000 PS P4 Exec "rc12" 
10 1477500 PS P3 Exec "lc34" 
17 1485000 Pile T 1.00 
10 1485000 PS P4 Idle "" 
10 1485000 PS P4 Tr "lrc11" 
11 1485000 P3 3_4_lrc11 "2500" TTP C
12 1485000 P4 3_4_lrc11 "2500" TTP C
17 1487500 Pile T 1.00 
16 1487500 Pile T 1.00 
10 1487500 PS P3 Idle "" 
10 1487500 PS P3 Tr "rrc13" 
11 1487500 P0 0_3_rrc13 "2500" TTP C
12 1487500 P3 0_3_rrc13 "2500" TTP C
10 1487500 PS P4 Tr "rrc11" 
11 1487500 P5 5_4_rrc11 "2500" TTP C
12 1487500 P4 5_4_rrc11 "2500" TTP C
10 1490000 PS P3 Tr "lrc13" 
11 1490000 P2 2_3_lrc13 "2500" TTP C
12 1490000 P3 2_3_lrc13 "2500" TTP C
10 1490000 PS P4 Exec "rc11" 
10 1492500 PS P3 Exec "rc13" 
17 1500000 Pile T 1.00 
10 1500000 PS P4 Idle "" 
10 1500000 PS P4 Tr "rrc14" 
11 1500000 P5 5_4_rrc14 "2500" TTP C
12 1500000 P4 5_4_rrc14 "2500" TTP C
17 1502500 Pile T 1.00 
10 1502500 PS P3 Idle "" 
10 1502500 PS P3 Tr "rrc23" 
11 1502500 P0 0_3_rrc23 "2500" TTP C
12 1502500 P3 0_3_rrc23 "2500" TTP C
10 1502500 PS P4 Exec "rc14" 
10 1505000 PS P3 Tr "lrc23" 
11 1505000 P1 1_3_lrc23 "2500" TTP C
12 1505000 P3 1_3_lrc23 "2500" TTP C
10 1507500 PS P3 Exec "rc23" 
17 1512500 Pile T 1.00 
16 1512500 Pile T 1.00 
10 1512500 PS P4 Idle "" 
10 1512500 PS P4 Tr "rrc24" 
11 1512500 P5 5_4_rrc24 "2500" TTP C
12 1512500 P4 5_4_rrc24 "2500" TTP C
10 1515000 PS P4 Tr "lrc24" 
11 1515000 P3 3_4_lrc24 "2500" TTP C
12 1515000 P4 3_4_lrc24 "2500" TTP C
17 1517500 Pile T 1.00 
16 1517500 Pile T 1.00 
10 1517500 PS P5 Idle "" 
10 1517500 PS P5 Tr "rrc22" 
11 1517500 P0 0_5_rrc22 "2500" TTP C
12 1517500 P5 0_5_rrc22 "2500" TTP C
17 1517500 Pile T 1.00 
10 1517500 PS P3 Idle "" 
10 1517500 PS P3 Tr "rrc21" 
11 1517500 P1 1_3_rrc21 "2500" TTP C
12 1517500 P3 1_3_rrc21 "2500" TTP C
10 1517500 PS P4 Exec "rc24" 
10 1520000 PS P5 Tr "lrc22" 
11 1520000 P2 2_5_lrc22 "2500" TTP C
12 1520000 P5 2_5_lrc22 "2500" TTP C
10 1520000 PS P3 Exec "rc21" 
10 1522500 PS P5 Exec "rc22" 
17 1527500 Pile T 1.00 
10 1527500 PS P4 Idle "" 
10 1527500 PS P4 Tr "rrc44" 
11 1527500 P5 5_4_rrc44 "2500" TTP C
12 1527500 P4 5_4_rrc44 "2500" TTP C
17 1530000 Pile T 1.00 
10 1530000 PS P3 Idle "" 
10 1530000 PS P3 Tr "rrc34" 
11 1530000 P0 0_3_rrc34 "2500" TTP C
12 1530000 P3 0_3_rrc34 "2500" TTP C
10 1530000 PS P4 Exec "rc44" 
17 1532500 Pile T 1.00 
16 1532500 Pile T 1.00 
10 1532500 PS P5 Idle "" 
10 1532500 PS P5 Tr "rrc43" 
11 1532500 P3 3_5_rrc43 "2500" TTP C
12 1532500 P5 3_5_rrc43 "2500" TTP C
10 1532500 PS P3 Tr "lrc34" 
11 1532500 P2 2_3_lrc34 "2500" TTP C
12 1532500 P3 2_3_lrc34 "2500" TTP C
17 1535000 Pile T 1.00 
16 1535000 Pile T 1.00 
10 1535000 PS P1 Idle "" 
10 1535000 PS P1 Tr "rrc33" 
11 1535000 P2 2_1_rrc33 "2500" TTP C
12 1535000 P1 2_1_rrc33 "2500" TTP C
17 1535000 Pile T 1.00 
16 1535000 Pile T 1.00 
10 1535000 PS P0 Idle "" 
10 1535000 PS P0 Tr "lrc41" 
11 1535000 P1 1_0_lrc41 "2500" TTP C
12 1535000 P0 1_0_lrc41 "2500" TTP C
10 1535000 PS P5 Exec "rc43" 
10 1535000 PS P3 Exec "rc34" 
10 1537500 PS P1 Tr "lrc33" 
11 1537500 P4 4_1_lrc33 "2500" TTP C
12 1537500 P1 4_1_lrc33 "2500" TTP C
10 1537500 PS P0 Tr "rrc41" 
11 1537500 P1 1_0_rrc41 "2500" TTP C
12 1537500 P0 1_0_rrc41 "2500" TTP C
17 1540000 Pile T 1.00 
16 1540000 Pile T 1.00 
10 1540000 PS P2 Idle "" 
10 1540000 PS P2 Tr "lrc31" 
11 1540000 P0 0_2_lrc31 "2500" TTP C
12 1540000 P2 0_2_lrc31 "2500" TTP C
17 1540000 Pile T 1.00 
10 1540000 PS P4 Idle "" 
10 1540000 PS P4 Tr "rrc32" 
11 1540000 P2 2_4_rrc32 "2500" TTP C
12 1540000 P4 2_4_rrc32 "2500" TTP C
10 1540000 PS P1 Exec "rc33" 
10 1540000 PS P0 Exec "rc41" 
10 1542500 PS P2 Tr "rrc31" 
11 1542500 P3 3_2_rrc31 "2500" TTP C
12 1542500 P2 3_2_rrc31 "2500" TTP C
10 1542500 PS P4 Exec "rc32" 
17 1545000 Pile T 1.00 
10 1545000 PS P5 Idle "" 
10 1545000 PS P5 Tr "rrc42" 
11 1545000 P4 4_5_rrc42 "2500" TTP C
12 1545000 P5 4_5_rrc42 "2500" TTP C
17 1545000 Pile T 1.00 
10 1545000 PS P3 Idle "" 
10 1545000 PS P3 Tr "rlc23" 
11 1545000 P1 1_3_rlc23 "2500" TTP C
12 1545000 P3 1_3_rlc23 "2500" TTP C
10 1545000 PS P2 Exec "rc31" 
10 1547500 PS P5 Exec "rc42" 
10 1547500 PS P3 Exec "lc23" 
17 1550000 Pile T 1.00 
10 1550000 PS P1 Idle "" 
10 1550000 PS P1 Tr "llc24" 
11 1550000 P0 0_1_llc24 "2500" TTP C
12 1550000 P1 0_1_llc24 "2500" TTP C
17 1550000 Pile T 1.00 
10 1550000 PS P0 Idle "" 
10 1550000 PS P0 Tr "llc14" 
11 1550000 P1 1_0_llc14 "2500" TTP C
12 1550000 P0 1_0_llc14 "2500" TTP C
17 1552500 Pile T 1.00 
10 1552500 PS P4 Idle "" 
10 1552500 PS P4 Tr "llc13" 
11 1552500 P5 5_4_llc13 "2500" TTP C
12 1552500 P4 5_4_llc13 "2500" TTP C
10 1552500 PS P1 Tr "rlc24" 
11 1552500 P2 2_1_rlc24 "2500" TTP C
12 1552500 P1 2_1_rlc24 "2500" TTP C
10 1552500 PS P0 Tr "rlc14" 
11 1552500 P3 3_0_rlc14 "2500" TTP C
12 1552500 P0 3_0_rlc14 "2500" TTP C
17 1555000 Pile T 1.00 
16 1555000 Pile T 1.00 
10 1555000 PS P2 Idle "" 
10 1555000 PS P2 Tr "lc43" 
11 1555000 P3 3_2_lc43 "2500" TTP C
12 1555000 P2 3_2_lc43 "2500" TTP C
10 1555000 PS P4 Exec "lc13" 
10 1555000 PS P1 Exec "lc24" 
10 1555000 PS P0 Exec "lc14" 
17 1557500 Pile T 1.00 
16 1557500 Pile T 1.00 
10 1557500 PS P5 Idle "" 
10 1557500 PS P5 Tr "lc33" 
11 1557500 P4 4_5_lc33 "2500" TTP C
12 1557500 P5 4_5_lc33 "2500" TTP C
17 1557500 Pile T 1.00 
10 1557500 PS P3 Idle "" 
10 1557500 PS P3 Tr "rc11" 
11 1557500 P4 4_3_rc11 "2500" TTP C
12 1557500 P3 4_3_rc11 "2500" TTP C
10 1557500 PS P2 Tr "lc44" 
11 1557500 P3 3_2_lc44 "2500" TTP C
12 1557500 P2 3_2_lc44 "2500" TTP C
10 1560000 PS P5 Tr "lc32" 
11 1560000 P3 3_5_lc32 "2500" TTP C
12 1560000 P5 3_5_lc32 "2500" TTP C
10 1560000 PS P3 Tr "rc12" 
11 1560000 P4 4_3_rc12 "2500" TTP C
12 1560000 P3 4_3_rc12 "2500" TTP C
10 1560000 PS P2 Tr "lc41" 
11 1560000 P4 4_2_lc41 "2500" TTP C
12 1560000 P2 4_2_lc41 "2500" TTP C
10 1562500 PS P5 Tr "lc31" 
11 1562500 P3 3_5_lc31 "2500" TTP C
12 1562500 P5 3_5_lc31 "2500" TTP C
10 1562500 PS P3 Tr "rc14" 
11 1562500 P4 4_3_rc14 "2500" TTP C
12 1562500 P3 4_3_rc14 "2500" TTP C
10 1562500 PS P2 Tr "lc42" 
11 1562500 P4 4_2_lc42 "2500" TTP C
12 1562500 P2 4_2_lc42 "2500" TTP C
17 1565000 Pile T 1.00 
10 1565000 PS P4 Idle "" 
10 1565000 PS P4 Tr "llc11" 
11 1565000 P5 5_4_llc11 "2500" TTP C
12 1565000 P4 5_4_llc11 "2500" TTP C
17 1565000 Pile T 1.00 
10 1565000 PS P1 Idle "" 
10 1565000 PS P1 Tr "rc22" 
11 1565000 P5 5_1_rc22 "2500" TTP C
12 1565000 P1 5_1_rc22 "2500" TTP C
17 1565000 Pile T 1.00 
10 1565000 PS P0 Idle "" 
10 1565000 PS P0 Tr "llc21" 
11 1565000 P1 1_0_llc21 "2500" TTP C
12 1565000 P0 1_0_llc21 "2500" TTP C
10 1565000 PS P5 Tr "lc34" 
11 1565000 P3 3_5_lc34 "2500" TTP C
12 1565000 P5 3_5_lc34 "2500" TTP C
10 1565000 PS P3 Exec "rc1" 
10 1565000 PS P2 Exec "lc4" 
10 1567500 PS P4 Exec "lc11" 
10 1567500 PS P1 Tr "rc23" 
11 1567500 P3 3_1_rc23 "2500" TTP C
12 1567500 P1 3_1_rc23 "2500" TTP C
10 1567500 PS P0 Tr "rlc21" 
11 1567500 P5 5_0_rlc21 "2500" TTP C
12 1567500 P0 5_0_rlc21 "2500" TTP C
10 1567500 PS P5 Exec "lc3" 
10 1570000 PS P1 Tr "rc21" 
11 1570000 P3 3_1_rc21 "2500" TTP C
12 1570000 P1 3_1_rc21 "2500" TTP C
10 1570000 PS P0 Exec "lc21" 
10 1572500 PS P1 Tr "rc24" 
11 1572500 P4 4_1_rc24 "2500" TTP C
12 1572500 P1 4_1_rc24 "2500" TTP C
10 1575000 PS P1 Exec "rc2" 
17 1577500 Pile T 1.00 
10 1577500 PS P4 Idle "" 
10 1577500 PS P4 Tr "llc22" 
11 1577500 P0 0_4_llc22 "2500" TTP C
12 1577500 P4 0_4_llc22 "2500" TTP C
17 1580000 Pile T 1.00 
10 1580000 PS P0 Idle "" 
10 1580000 PS P0 Tr "llc12" 
11 1580000 P2 2_0_llc12 "2500" TTP C
12 1580000 P0 2_0_llc12 "2500" TTP C
10 1580000 PS P4 Tr "rlc22" 
11 1580000 P0 0_4_rlc22 "2500" TTP C
12 1580000 P4 0_4_rlc22 "2500" TTP C
10 1582500 PS P0 Tr "rlc12" 
11 1582500 P2 2_0_rlc12 "2500" TTP C
12 1582500 P0 2_0_rlc12 "2500" TTP C
10 1582500 PS P4 Exec "lc22" 
17 1585000 Pile T 1.00 
10 1585000 PS P3 Idle "" 
10 1585000 PS P3 Tr "rc33" 
11 1585000 P1 1_3_rc33 "2500" TTP C
12 1585000 P3 1_3_rc33 "2500" TTP C
17 1585000 Pile T 1.00 
10 1585000 PS P2 Idle "" 
10 1585000 PS P2 Tr "rc41" 
11 1585000 P0 0_2_rc41 "2500" TTP C
12 1585000 P2 0_2_rc41 "2500" TTP C
10 1585000 PS P0 Exec "lc12" 
17 1587500 Pile T 1.00 
10 1587500 PS P5 Idle "" 
10 1587500 PS P3 Tr "rc31" 
11 1587500 P2 2_3_rc31 "2500" TTP C
12 1587500 P3 2_3_rc31 "2500" TTP C
10 1587500 PS P2 Tr "rc43" 
11 1587500 P5 5_2_rc43 "2500" TTP C
12 1587500 P2 5_2_rc43 "2500" TTP C
10 1590000 PS P3 Tr "rc32" 
11 1590000 P4 4_3_rc32 "2500" TTP C
12 1590000 P3 4_3_rc32 "2500" TTP C
10 1590000 PS P2 Tr "rc42" 
11 1590000 P5 5_2_rc42 "2500" TTP C
12 1590000 P2 5_2_rc42 "2500" TTP C
17 1592500 Pile T 1.00 
16 1592500 Pile T 1.00 
10 1592500 PS P4 Idle "" 
10 1592500 PS P4 Tr "lc23" 
11 1592500 P3 3_4_lc23 "2500" TTP C
12 1592500 P4 3_4_lc23 "2500" TTP C
10 1592500 PS P3 Exec "rc3" 
10 1592500 PS P2 Tr "rc44" 
11 1592500 P4 4_2_rc44 "2500" TTP C
12 1592500 P2 4_2_rc44 "2500" TTP C
17 1595000 Pile T 1.00 
10 1595000 PS P1 Idle "" 
17 1595000 Pile T 1.00 
16 1595000 Pile T 1.00 
10 1595000 PS P0 Idle "" 
10 1595000 PS P0 Tr "lc11" 
11 1595000 P4 4_0_lc11 "2500" TTP C
12 1595000 P0 4_0_lc11 "2500" TTP C
10 1595000 PS P4 Tr "lc24" 
11 1595000 P1 1_4_lc24 "2500" TTP C
12 1595000 P4 1_4_lc24 "2500" TTP C
10 1595000 PS P2 Exec "rc4" 
10 1597500 PS P0 Tr "lc13" 
11 1597500 P4 4_0_lc13 "2500" TTP C
12 1597500 P0 4_0_lc13 "2500" TTP C
10 1597500 PS P4 Tr "lc21" 
11 1597500 P0 0_4_lc21 "2500" TTP C
12 1597500 P4 0_4_lc21 "2500" TTP C
10 1600000 PS P0 Exec "lc1" 
10 1600000 PS P4 Exec "lc2" 
17 1612500 Pile T 1.00 
16 1612500 Pile T 1.00 
10 1612500 PS P3 Idle "" 
10 1612500 PS P3 Tr "lc3" 
11 1612500 P5 5_3_lc3 "10000" TTP C
12 1612500 P3 5_3_lc3 "10000" TTP C
17 1615000 Pile T 1.00 
16 1615000 Pile T 1.00 
10 1615000 PS P2 Idle "" 
10 1615000 PS P2 Exec "c4" 
17 1620000 Pile T 1.00 
16 1620000 Pile T 1.00 
10 1620000 PS P0 Idle "" 
10 1620000 PS P0 Tr "rc1" 
11 1620000 P3 3_0_rc1 "10000" TTP C
12 1620000 P0 3_0_rc1 "10000" TTP C
17 1620000 Pile T 1.00 
16 1620000 Pile T 1.00 
10 1620000 PS P4 Idle "" 
10 1620000 PS P4 Tr "rc2" 
11 1620000 P1 1_4_rc2 "10000" TTP C
12 1620000 P4 1_4_rc2 "10000" TTP C
10 1622500 PS P3 Exec "c3" 
10 1630000 PS P0 Exec "c1" 
10 1630000 PS P4 Exec "c2" 
17 1655000 Pile T 1.00 
10 1655000 PS P2 Idle "" 
17 1662500 Pile T 1.00 
10 1662500 PS P3 Idle "" 
17 1670000 Pile T 1.00 
10 1670000 PS P0 Idle "" 
17 1670000 Pile T 1.00 
16 1670000 Pile T 1.00 
10 1670000 PS P4 Idle "" 
10 1670000 PS P4 Tr "c3" 
11 1670000 P3 3_4_c3 "10000" TTP C
12 1670000 P4 3_4_c3 "10000" TTP C
10 1680000 PS P4 Tr "c4" 
11 1680000 P2 2_4_c4 "10000" TTP C
12 1680000 P4 2_4_c4 "10000" TTP C
10 1690000 PS P4 Tr "c1" 
11 1690000 P0 0_4_c1 "10000" TTP C
12 1690000 P4 0_4_c1 "10000" TTP C
10 1700000 PS P4 Exec "c" 
17 1780000 Pile T 1.00 
10 1780000 PS P4 Idle "" 
8 1780000 Pile PL
8 1780000 P4 Pr
8 1780000 P0 Pr
8 1780000 P3 Pr
8 1780000 P2 Pr
8 1780000 P1 Pr
8 1780000 P5 Pr
8 1780000 TTP P
