%EventDef PajeDefineContainerType 1
% Alias string
% ContainerType string
% Name string
%EndEventDef
%EventDef PajeDefineStateType 3
% Alias string
% ContainerType string
% Name string
%EndEventDef
%EventDef PajeDefineLinkType 4
% Name string
% ContainerType string
% SourceContainerType string
% DestContainerType string
% Alias string
%EndEventDef
%EventDef PajeDefineEntityValue 6
% Alias string
% EntityType string
% Name string
% Color color
%EndEventDef
%EventDef PajeCreateContainer 7
% Time date
% Alias string
% Type string
% Container string
% Name string
%EndEventDef
%EventDef PajeDestroyContainer 8
% Time date
% Name string
% Type string
%EndEventDef
%EventDef PajeSetState 10
% Time date
% Type string
% Container string
% Value string
% file string
%EndEventDef
%EventDef PajeStartLink 11
% Time date
% SourceContainer string
% Key string
% Value string
% Container string
% Type string
%EndEventDef
%EventDef PajeEndLink 12
% Time date
% DestContainer string
% Key string
% Value string
% Container string
% Type string
%EndEventDef
%EventDef PajePushState	13
% Time	date
% EntityType	string
% Container	string
% Value	string
%EndEventDef
%EventDef PajeDefineVariableType 14
% Type string
% Name string
% Color color
% Alias string
%EndEventDef
%EventDef PajeSetVariable 15
% Time date
% Container string
% Type string
% Value double
%EndEventDef
%EventDef PajeAddVariable 16
% Time date
% Container string
% Type string
% Value double
%EndEventDef
%EventDef PajeSubVariable 17
% Time date
% Container string
% Type string
% Value double
%EndEventDef
1 P 0 Program
1 Pr P Processors
1 PL P Tasks
3 PS Pr "Processor State"
3 PF Pr "Ready File"
6 Exec PS Executing "2 .0 .1"
6 Idle PS Idle "8 .3 .0"
6 TR PS Transfer "0 .3 .8"
14 PL "Task" "1 .5 .5" T
7 0 TTP P 0 "Plate-forme"
4 "Communication" P Pr Pr C
7 0 Pile PL TTP "Pile 1"
7 0 P0 Pr TTP "P 0" 
10 0 PS P0 Idle "" 
7 0 P1 Pr TTP "P 1" 
10 0 PS P1 Idle "" 
7 0 P2 Pr TTP "P 2" 
10 0 PS P2 Idle "" 
7 0 P3 Pr TTP "P 3" 
10 0 PS P3 Idle "" 
7 0 P4 Pr TTP "P 4" 
10 0 PS P4 Idle "" 
7 0 P5 Pr TTP "P 5" 
10 0 PS P5 Idle "" 
7 0 P6 Pr TTP "P 6" 
10 0 PS P6 Idle "" 
7 0 P7 Pr TTP "P 7" 
10 0 PS P7 Idle "" 
7 0 P8 Pr TTP "P 8" 
10 0 PS P8 Idle "" 
7 0 P9 Pr TTP "P 9" 
10 0 PS P9 Idle "" 
7 0 P10 Pr TTP "P 10" 
10 0 PS P10 Idle "" 
7 0 P11 Pr TTP "P 11" 
10 0 PS P11 Idle "" 
7 0 P12 Pr TTP "P 12" 
10 0 PS P12 Idle "" 
7 0 P13 Pr TTP "P 13" 
10 0 PS P13 Idle "" 
7 0 P14 Pr TTP "P 14" 
10 0 PS P14 Idle "" 
7 0 P15 Pr TTP "P 15" 
10 0 PS P15 Idle "" 
10 0 PS P0 Exec "split-a" 
10 0 PS P1 Exec "split-b" 
17 128 Pile T 1.00 
16 128 Pile T 1.00 
16 128 Pile T 1.00 
16 128 Pile T 1.00 
16 128 Pile T 1.00 
16 128 Pile T 1.00 
16 128 Pile T 1.00 
16 128 Pile T 1.00 
16 128 Pile T 1.00 
16 128 Pile T 1.00 
16 128 Pile T 1.00 
16 128 Pile T 1.00 
16 128 Pile T 1.00 
16 128 Pile T 1.00 
16 128 Pile T 1.00 
16 128 Pile T 1.00 
16 128 Pile T 1.00 
10 128 PS P0 Idle "" 
10 128 PS P0 Exec "a31" 
10 128 PS P2 Tr "split-a" 
11 128 P0 0_2_split-a "64" TTP C
12 128 P2 0_2_split-a "64" TTP C
10 128 PS P3 Tr "split-a" 
11 128 P0 0_3_split-a "64" TTP C
12 128 P3 0_3_split-a "64" TTP C
10 128 PS P4 Tr "split-a" 
11 128 P0 0_4_split-a "64" TTP C
12 128 P4 0_4_split-a "64" TTP C
10 128 PS P5 Tr "split-a" 
11 128 P0 0_5_split-a "64" TTP C
12 128 P5 0_5_split-a "64" TTP C
10 128 PS P6 Tr "split-a" 
11 128 P0 0_6_split-a "64" TTP C
12 128 P6 0_6_split-a "64" TTP C
10 128 PS P7 Tr "split-a" 
11 128 P0 0_7_split-a "64" TTP C
12 128 P7 0_7_split-a "64" TTP C
10 128 PS P8 Tr "split-a" 
11 128 P0 0_8_split-a "64" TTP C
12 128 P8 0_8_split-a "64" TTP C
10 128 PS P9 Tr "split-a" 
11 128 P0 0_9_split-a "64" TTP C
12 128 P9 0_9_split-a "64" TTP C
10 128 PS P10 Tr "split-a" 
11 128 P0 0_10_split-a "64" TTP C
12 128 P10 0_10_split-a "64" TTP C
10 128 PS P11 Tr "split-a" 
11 128 P0 0_11_split-a "64" TTP C
12 128 P11 0_11_split-a "64" TTP C
10 128 PS P12 Tr "split-a" 
11 128 P0 0_12_split-a "64" TTP C
12 128 P12 0_12_split-a "64" TTP C
10 128 PS P13 Tr "split-a" 
11 128 P0 0_13_split-a "64" TTP C
12 128 P13 0_13_split-a "64" TTP C
10 128 PS P14 Tr "split-a" 
11 128 P0 0_14_split-a "64" TTP C
12 128 P14 0_14_split-a "64" TTP C
10 128 PS P15 Tr "split-a" 
11 128 P0 0_15_split-a "64" TTP C
12 128 P15 0_15_split-a "64" TTP C
17 128 Pile T 1.00 
16 128 Pile T 1.00 
16 128 Pile T 1.00 
16 128 Pile T 1.00 
16 128 Pile T 1.00 
16 128 Pile T 1.00 
16 128 Pile T 1.00 
16 128 Pile T 1.00 
16 128 Pile T 1.00 
16 128 Pile T 1.00 
16 128 Pile T 1.00 
16 128 Pile T 1.00 
16 128 Pile T 1.00 
16 128 Pile T 1.00 
16 128 Pile T 1.00 
16 128 Pile T 1.00 
16 128 Pile T 1.00 
10 128 PS P1 Idle "" 
10 128 PS P1 Tr "split-a" 
11 128 P0 0_1_split-a "64" TTP C
12 128 P1 0_1_split-a "64" TTP C
17 128 Pile T 1.00 
10 128 PS P0 Idle "" 
10 128 PS P0 Tr "split-b" 
11 128 P1 1_0_split-b "64" TTP C
12 128 P0 1_0_split-b "64" TTP C
10 192 PS P2 Exec "a24" 
10 192 PS P3 Exec "a44" 
10 192 PS P4 Exec "a41" 
10 192 PS P5 Exec "a22" 
10 192 PS P6 Exec "a11" 
10 192 PS P7 Exec "a32" 
10 192 PS P8 Exec "a14" 
10 192 PS P9 Exec "a43" 
10 192 PS P10 Exec "a33" 
10 192 PS P11 Exec "a12" 
10 192 PS P12 Exec "a34" 
10 192 PS P13 Exec "a13" 
10 192 PS P14 Exec "a42" 
10 192 PS P15 Exec "a23" 
10 192 PS P1 Exec "a21" 
10 192 PS P0 Exec "b42" 
17 192 Pile T 1.00 
10 192 PS P2 Idle "" 
10 192 PS P2 Tr "split-b" 
11 192 P1 1_2_split-b "64" TTP C
12 192 P2 1_2_split-b "64" TTP C
17 192 Pile T 1.00 
10 192 PS P3 Idle "" 
10 192 PS P3 Tr "split-b" 
11 192 P1 1_3_split-b "64" TTP C
12 192 P3 1_3_split-b "64" TTP C
17 192 Pile T 1.00 
10 192 PS P4 Idle "" 
10 192 PS P4 Tr "split-b" 
11 192 P1 1_4_split-b "64" TTP C
12 192 P4 1_4_split-b "64" TTP C
17 192 Pile T 1.00 
10 192 PS P5 Idle "" 
10 192 PS P5 Tr "split-b" 
11 192 P1 1_5_split-b "64" TTP C
12 192 P5 1_5_split-b "64" TTP C
17 192 Pile T 1.00 
10 192 PS P6 Idle "" 
10 192 PS P6 Tr "split-b" 
11 192 P1 1_6_split-b "64" TTP C
12 192 P6 1_6_split-b "64" TTP C
17 192 Pile T 1.00 
10 192 PS P7 Idle "" 
10 192 PS P7 Tr "split-b" 
11 192 P1 1_7_split-b "64" TTP C
12 192 P7 1_7_split-b "64" TTP C
17 192 Pile T 1.00 
10 192 PS P8 Idle "" 
10 192 PS P8 Tr "split-b" 
11 192 P1 1_8_split-b "64" TTP C
12 192 P8 1_8_split-b "64" TTP C
17 192 Pile T 1.00 
10 192 PS P9 Idle "" 
10 192 PS P9 Tr "split-b" 
11 192 P1 1_9_split-b "64" TTP C
12 192 P9 1_9_split-b "64" TTP C
17 192 Pile T 1.00 
10 192 PS P10 Idle "" 
10 192 PS P10 Tr "split-b" 
11 192 P1 1_10_split-b "64" TTP C
12 192 P10 1_10_split-b "64" TTP C
17 192 Pile T 1.00 
10 192 PS P11 Idle "" 
10 192 PS P11 Tr "split-b" 
11 192 P1 1_11_split-b "64" TTP C
12 192 P11 1_11_split-b "64" TTP C
17 192 Pile T 1.00 
10 192 PS P12 Idle "" 
10 192 PS P12 Tr "split-b" 
11 192 P1 1_12_split-b "64" TTP C
12 192 P12 1_12_split-b "64" TTP C
17 192 Pile T 1.00 
10 192 PS P13 Idle "" 
10 192 PS P13 Tr "split-b" 
11 192 P1 1_13_split-b "64" TTP C
12 192 P13 1_13_split-b "64" TTP C
17 192 Pile T 1.00 
10 192 PS P14 Idle "" 
10 192 PS P14 Tr "split-b" 
11 192 P1 1_14_split-b "64" TTP C
12 192 P14 1_14_split-b "64" TTP C
17 192 Pile T 1.00 
10 192 PS P15 Idle "" 
10 192 PS P15 Tr "split-b" 
11 192 P1 1_15_split-b "64" TTP C
12 192 P15 1_15_split-b "64" TTP C
17 192 Pile T 1.00 
10 192 PS P1 Idle "" 
10 192 PS P1 Exec "b41" 
17 192 Pile T 1.00 
16 192 Pile T 1.00 
16 192 Pile T 1.00 
16 192 Pile T 1.00 
16 192 Pile T 1.00 
10 192 PS P0 Idle "" 
10 192 PS P0 Tr "a34" 
11 192 P12 12_0_a34 "4" TTP C
12 192 P0 12_0_a34 "4" TTP C
17 192 Pile T 1.00 
16 192 Pile T 1.00 
16 192 Pile T 1.00 
16 192 Pile T 1.00 
16 192 Pile T 1.00 
10 192 PS P1 Idle "" 
10 192 PS P1 Tr "a24" 
11 192 P2 2_1_a24 "4" TTP C
12 192 P1 2_1_a24 "4" TTP C
10 196 PS P0 Exec "a34*b42" 
10 196 PS P1 Tr "b42" 
11 196 P0 0_1_b42 "4" TTP C
12 196 P1 0_1_b42 "4" TTP C
10 200 PS P1 Exec "a24*b42" 
17 204 Pile T 1.00 
10 204 PS P0 Idle "" 
10 204 PS P0 Tr "a14" 
11 204 P8 8_0_a14 "4" TTP C
12 204 P0 8_0_a14 "4" TTP C
17 208 Pile T 1.00 
10 208 PS P1 Idle "" 
10 208 PS P1 Tr "a44" 
11 208 P3 3_1_a44 "4" TTP C
12 208 P1 3_1_a44 "4" TTP C
10 208 PS P0 Exec "a14*b42" 
10 212 PS P1 Exec "a44*b42" 
17 216 Pile T 1.00 
10 216 PS P0 Idle "" 
10 216 PS P0 Tr "b41" 
11 216 P1 1_0_b41 "4" TTP C
12 216 P0 1_0_b41 "4" TTP C
17 220 Pile T 1.00 
10 220 PS P1 Idle "" 
10 220 PS P1 Exec "a24*b41" 
10 220 PS P0 Exec "a14*b41" 
17 228 Pile T 1.00 
10 228 PS P1 Idle "" 
10 228 PS P1 Exec "a44*b41" 
17 228 Pile T 1.00 
10 228 PS P0 Idle "" 
10 228 PS P0 Exec "a34*b41" 
17 236 Pile T 1.00 
10 236 PS P1 Idle "" 
17 236 Pile T 1.00 
10 236 PS P0 Idle "" 
10 256 PS P2 Exec "b33" 
10 256 PS P3 Exec "b13" 
10 256 PS P4 Exec "b34" 
10 256 PS P5 Exec "b24" 
10 256 PS P6 Exec "b11" 
10 256 PS P7 Exec "b12" 
10 256 PS P8 Exec "b32" 
10 256 PS P9 Exec "b23" 
10 256 PS P10 Exec "b22" 
10 256 PS P11 Exec "b31" 
10 256 PS P12 Exec "b44" 
10 256 PS P13 Exec "b14" 
10 256 PS P14 Exec "b21" 
10 256 PS P15 Exec "b43" 
17 256 Pile T 1.00 
16 256 Pile T 1.00 
16 256 Pile T 1.00 
16 256 Pile T 1.00 
16 256 Pile T 1.00 
10 256 PS P2 Idle "" 
10 256 PS P2 Tr "a13" 
11 256 P13 13_2_a13 "4" TTP C
12 256 P2 13_2_a13 "4" TTP C
10 256 PS P0 Tr "b33" 
11 256 P2 2_0_b33 "4" TTP C
12 256 P0 2_0_b33 "4" TTP C
10 256 PS P1 Tr "a33" 
11 256 P10 10_1_a33 "4" TTP C
12 256 P1 10_1_a33 "4" TTP C
17 256 Pile T 1.00 
16 256 Pile T 1.00 
16 256 Pile T 1.00 
16 256 Pile T 1.00 
16 256 Pile T 1.00 
10 256 PS P3 Idle "" 
10 256 PS P3 Tr "b33" 
11 256 P2 2_3_b33 "4" TTP C
12 256 P3 2_3_b33 "4" TTP C
17 256 Pile T 1.00 
16 256 Pile T 1.00 
16 256 Pile T 1.00 
16 256 Pile T 1.00 
16 256 Pile T 1.00 
10 256 PS P4 Idle "" 
10 256 PS P4 Tr "b13" 
11 256 P3 3_4_b13 "4" TTP C
12 256 P4 3_4_b13 "4" TTP C
17 256 Pile T 1.00 
16 256 Pile T 1.00 
16 256 Pile T 1.00 
16 256 Pile T 1.00 
16 256 Pile T 1.00 
10 256 PS P5 Idle "" 
10 256 PS P5 Tr "a31" 
11 256 P0 0_5_a31 "4" TTP C
12 256 P5 0_5_a31 "4" TTP C
17 256 Pile T 1.00 
16 256 Pile T 1.00 
16 256 Pile T 1.00 
16 256 Pile T 1.00 
16 256 Pile T 1.00 
10 256 PS P6 Idle "" 
10 256 PS P6 Tr "b13" 
11 256 P3 3_6_b13 "4" TTP C
12 256 P6 3_6_b13 "4" TTP C
17 256 Pile T 1.00 
16 256 Pile T 1.00 
16 256 Pile T 1.00 
16 256 Pile T 1.00 
16 256 Pile T 1.00 
10 256 PS P7 Idle "" 
10 256 PS P7 Tr "b13" 
11 256 P3 3_7_b13 "4" TTP C
12 256 P7 3_7_b13 "4" TTP C
17 256 Pile T 1.00 
16 256 Pile T 1.00 
16 256 Pile T 1.00 
16 256 Pile T 1.00 
16 256 Pile T 1.00 
10 256 PS P8 Idle "" 
10 256 PS P8 Tr "b34" 
11 256 P4 4_8_b34 "4" TTP C
12 256 P8 4_8_b34 "4" TTP C
17 256 Pile T 1.00 
16 256 Pile T 1.00 
16 256 Pile T 1.00 
16 256 Pile T 1.00 
16 256 Pile T 1.00 
10 256 PS P9 Idle "" 
10 256 PS P9 Tr "a23" 
11 256 P15 15_9_a23 "4" TTP C
12 256 P9 15_9_a23 "4" TTP C
17 256 Pile T 1.00 
16 256 Pile T 1.00 
16 256 Pile T 1.00 
16 256 Pile T 1.00 
16 256 Pile T 1.00 
10 256 PS P10 Idle "" 
10 256 PS P10 Tr "b34" 
11 256 P4 4_10_b34 "4" TTP C
12 256 P10 4_10_b34 "4" TTP C
17 256 Pile T 1.00 
16 256 Pile T 1.00 
16 256 Pile T 1.00 
16 256 Pile T 1.00 
16 256 Pile T 1.00 
10 256 PS P11 Idle "" 
10 256 PS P11 Tr "a43" 
11 256 P9 9_11_a43 "4" TTP C
12 256 P11 9_11_a43 "4" TTP C
17 256 Pile T 1.00 
16 256 Pile T 1.00 
16 256 Pile T 1.00 
16 256 Pile T 1.00 
16 256 Pile T 1.00 
10 256 PS P12 Idle "" 
10 256 PS P12 Tr "a32" 
11 256 P7 7_12_a32 "4" TTP C
12 256 P12 7_12_a32 "4" TTP C
17 256 Pile T 1.00 
16 256 Pile T 1.00 
16 256 Pile T 1.00 
16 256 Pile T 1.00 
16 256 Pile T 1.00 
10 256 PS P13 Idle "" 
10 256 PS P13 Tr "b24" 
11 256 P5 5_13_b24 "4" TTP C
12 256 P13 5_13_b24 "4" TTP C
17 256 Pile T 1.00 
16 256 Pile T 1.00 
16 256 Pile T 1.00 
16 256 Pile T 1.00 
16 256 Pile T 1.00 
10 256 PS P14 Idle "" 
10 256 PS P14 Tr "a22" 
11 256 P5 5_14_a22 "4" TTP C
12 256 P14 5_14_a22 "4" TTP C
17 256 Pile T 1.00 
16 256 Pile T 1.00 
16 256 Pile T 1.00 
16 256 Pile T 1.00 
16 256 Pile T 1.00 
10 256 PS P15 Idle "" 
10 256 PS P15 Tr "b24" 
11 256 P5 5_15_b24 "4" TTP C
12 256 P15 5_15_b24 "4" TTP C
10 260 PS P2 Exec "a13*b33" 
10 260 PS P0 Tr "a43" 
11 260 P9 9_0_a43 "4" TTP C
12 260 P0 9_0_a43 "4" TTP C
10 260 PS P1 Tr "b33" 
11 260 P2 2_1_b33 "4" TTP C
12 260 P1 2_1_b33 "4" TTP C
10 260 PS P3 Tr "a23" 
11 260 P15 15_3_a23 "4" TTP C
12 260 P3 15_3_a23 "4" TTP C
10 260 PS P4 Exec "a41*b13" 
10 260 PS P5 Tr "b13" 
11 260 P3 3_5_b13 "4" TTP C
12 260 P5 3_5_b13 "4" TTP C
10 260 PS P6 Tr "a21" 
11 260 P1 1_6_a21 "4" TTP C
12 260 P6 1_6_a21 "4" TTP C
10 260 PS P7 Tr "a11" 
11 260 P6 6_7_a11 "4" TTP C
12 260 P7 6_7_a11 "4" TTP C
10 260 PS P8 Tr "a33" 
11 260 P10 10_8_a33 "4" TTP C
12 260 P8 10_8_a33 "4" TTP C
10 260 PS P9 Tr "b34" 
11 260 P4 4_9_b34 "4" TTP C
12 260 P9 4_9_b34 "4" TTP C
10 260 PS P10 Tr "a13" 
11 260 P13 13_10_a13 "4" TTP C
12 260 P10 13_10_a13 "4" TTP C
10 260 PS P11 Tr "b34" 
11 260 P4 4_11_b34 "4" TTP C
12 260 P11 4_11_b34 "4" TTP C
10 260 PS P12 Tr "b24" 
11 260 P5 5_12_b24 "4" TTP C
12 260 P12 5_12_b24 "4" TTP C
10 260 PS P13 Tr "a12" 
11 260 P11 11_13_a12 "4" TTP C
12 260 P13 11_13_a12 "4" TTP C
10 260 PS P14 Tr "b24" 
11 260 P5 5_14_b24 "4" TTP C
12 260 P14 5_14_b24 "4" TTP C
10 260 PS P15 Tr "a42" 
11 260 P14 14_15_a42 "4" TTP C
12 260 P15 14_15_a42 "4" TTP C
10 264 PS P0 Exec "a43*b33" 
10 264 PS P1 Exec "a33*b33" 
10 264 PS P3 Exec "a23*b33" 
10 264 PS P5 Exec "a31*b13" 
10 264 PS P6 Exec "a21*b13" 
10 264 PS P7 Exec "a11*b13" 
10 264 PS P8 Exec "a33*b34" 
10 264 PS P9 Exec "a23*b34" 
10 264 PS P10 Exec "a13*b34" 
10 264 PS P11 Exec "a43*b34" 
10 264 PS P12 Exec "a32*b24" 
10 264 PS P13 Exec "a12*b24" 
10 264 PS P14 Exec "a22*b24" 
10 264 PS P15 Exec "a42*b24" 
17 268 Pile T 1.00 
10 268 PS P2 Idle "" 
10 268 PS P2 Tr "a21" 
11 268 P1 1_2_a21 "4" TTP C
12 268 P2 1_2_a21 "4" TTP C
17 268 Pile T 1.00 
10 268 PS P4 Idle "" 
10 268 PS P4 Tr "b11" 
11 268 P6 6_4_b11 "4" TTP C
12 268 P4 6_4_b11 "4" TTP C
17 272 Pile T 1.00 
10 272 PS P0 Idle "" 
10 272 PS P0 Tr "b11" 
11 272 P6 6_0_b11 "4" TTP C
12 272 P0 6_0_b11 "4" TTP C
17 272 Pile T 1.00 
10 272 PS P1 Idle "" 
10 272 PS P1 Tr "a31" 
11 272 P0 0_1_a31 "4" TTP C
12 272 P1 0_1_a31 "4" TTP C
17 272 Pile T 1.00 
10 272 PS P3 Idle "" 
10 272 PS P3 Tr "b12" 
11 272 P7 7_3_b12 "4" TTP C
12 272 P3 7_3_b12 "4" TTP C
17 272 Pile T 1.00 
10 272 PS P5 Idle "" 
10 272 PS P5 Tr "a21" 
11 272 P1 1_5_a21 "4" TTP C
12 272 P5 1_5_a21 "4" TTP C
17 272 Pile T 1.00 
10 272 PS P6 Idle "" 
10 272 PS P6 Tr "a41" 
11 272 P4 4_6_a41 "4" TTP C
12 272 P6 4_6_a41 "4" TTP C
17 272 Pile T 1.00 
10 272 PS P7 Idle "" 
10 272 PS P7 Tr "a31" 
11 272 P0 0_7_a31 "4" TTP C
12 272 P7 0_7_a31 "4" TTP C
17 272 Pile T 1.00 
10 272 PS P8 Idle "" 
10 272 PS P8 Tr "a23" 
11 272 P15 15_8_a23 "4" TTP C
12 272 P8 15_8_a23 "4" TTP C
17 272 Pile T 1.00 
10 272 PS P9 Idle "" 
10 272 PS P9 Tr "b32" 
11 272 P8 8_9_b32 "4" TTP C
12 272 P9 8_9_b32 "4" TTP C
17 272 Pile T 1.00 
10 272 PS P10 Idle "" 
10 272 PS P10 Tr "a43" 
11 272 P9 9_10_a43 "4" TTP C
12 272 P10 9_10_a43 "4" TTP C
17 272 Pile T 1.00 
10 272 PS P11 Idle "" 
10 272 PS P11 Tr "a33" 
11 272 P10 10_11_a33 "4" TTP C
12 272 P11 10_11_a33 "4" TTP C
17 272 Pile T 1.00 
10 272 PS P12 Idle "" 
10 272 PS P12 Tr "b23" 
11 272 P9 9_12_b23 "4" TTP C
12 272 P12 9_12_b23 "4" TTP C
17 272 Pile T 1.00 
10 272 PS P13 Idle "" 
10 272 PS P13 Tr "b23" 
11 272 P9 9_13_b23 "4" TTP C
12 272 P13 9_13_b23 "4" TTP C
17 272 Pile T 1.00 
10 272 PS P14 Idle "" 
10 272 PS P14 Tr "b23" 
11 272 P9 9_14_b23 "4" TTP C
12 272 P14 9_14_b23 "4" TTP C
17 272 Pile T 1.00 
10 272 PS P15 Idle "" 
10 272 PS P15 Tr "a32" 
11 272 P7 7_15_a32 "4" TTP C
12 272 P15 7_15_a32 "4" TTP C
10 272 PS P2 Tr "b11" 
11 272 P6 6_2_b11 "4" TTP C
12 272 P2 6_2_b11 "4" TTP C
10 272 PS P4 Tr "a11" 
11 272 P6 6_4_a11 "4" TTP C
12 272 P4 6_4_a11 "4" TTP C
10 276 PS P0 Tr "a41" 
11 276 P4 4_0_a41 "4" TTP C
12 276 P0 4_0_a41 "4" TTP C
10 276 PS P1 Tr "b11" 
11 276 P6 6_1_b11 "4" TTP C
12 276 P1 6_1_b11 "4" TTP C
10 276 PS P3 Tr "a11" 
11 276 P6 6_3_a11 "4" TTP C
12 276 P3 6_3_a11 "4" TTP C
10 276 PS P5 Tr "b12" 
11 276 P7 7_5_b12 "4" TTP C
12 276 P5 7_5_b12 "4" TTP C
10 276 PS P6 Tr "b12" 
11 276 P7 7_6_b12 "4" TTP C
12 276 P6 7_6_b12 "4" TTP C
10 276 PS P7 Exec "a31*b12" 
10 276 PS P8 Exec "a23*b32" 
10 276 PS P9 Tr "a13" 
11 276 P13 13_9_a13 "4" TTP C
12 276 P9 13_9_a13 "4" TTP C
10 276 PS P10 Tr "b32" 
11 276 P8 8_10_b32 "4" TTP C
12 276 P10 8_10_b32 "4" TTP C
10 276 PS P11 Tr "b32" 
11 276 P8 8_11_b32 "4" TTP C
12 276 P11 8_11_b32 "4" TTP C
10 276 PS P12 Tr "a42" 
11 276 P14 14_12_a42 "4" TTP C
12 276 P12 14_12_a42 "4" TTP C
10 276 PS P13 Exec "a12*b23" 
10 276 PS P14 Exec "a22*b23" 
10 276 PS P15 Tr "b23" 
11 276 P9 9_15_b23 "4" TTP C
12 276 P15 9_15_b23 "4" TTP C
10 276 PS P2 Exec "a21*b11" 
10 276 PS P4 Exec "a11*b11" 
10 280 PS P0 Exec "a41*b11" 
10 280 PS P1 Exec "a31*b11" 
10 280 PS P3 Exec "a11*b12" 
10 280 PS P5 Exec "a21*b12" 
10 280 PS P6 Exec "a41*b12" 
10 280 PS P9 Exec "a13*b32" 
10 280 PS P10 Exec "a43*b32" 
10 280 PS P11 Exec "a33*b32" 
10 280 PS P12 Exec "a42*b23" 
10 280 PS P15 Exec "a32*b23" 
17 284 Pile T 1.00 
10 284 PS P7 Idle "" 
10 284 PS P7 Tr "b22" 
11 284 P10 10_7_b22 "4" TTP C
12 284 P7 10_7_b22 "4" TTP C
17 284 Pile T 1.00 
10 284 PS P8 Idle "" 
10 284 PS P8 Tr "a12" 
11 284 P11 11_8_a12 "4" TTP C
12 284 P8 11_8_a12 "4" TTP C
17 284 Pile T 1.00 
10 284 PS P13 Idle "" 
10 284 PS P13 Tr "a42" 
11 284 P14 14_13_a42 "4" TTP C
12 284 P13 14_13_a42 "4" TTP C
17 284 Pile T 1.00 
10 284 PS P14 Idle "" 
10 284 PS P14 Tr "b22" 
11 284 P10 10_14_b22 "4" TTP C
12 284 P14 10_14_b22 "4" TTP C
17 284 Pile T 1.00 
10 284 PS P2 Idle "" 
10 284 PS P2 Tr "a33" 
11 284 P10 10_2_a33 "4" TTP C
12 284 P2 10_2_a33 "4" TTP C
17 284 Pile T 1.00 
10 284 PS P4 Idle "" 
10 284 PS P4 Tr "b31" 
11 284 P11 11_4_b31 "4" TTP C
12 284 P4 11_4_b31 "4" TTP C
17 288 Pile T 1.00 
10 288 PS P0 Idle "" 
10 288 PS P0 Tr "a13" 
11 288 P13 13_0_a13 "4" TTP C
12 288 P0 13_0_a13 "4" TTP C
17 288 Pile T 1.00 
10 288 PS P1 Idle "" 
10 288 PS P1 Tr "b31" 
11 288 P11 11_1_b31 "4" TTP C
12 288 P1 11_1_b31 "4" TTP C
17 288 Pile T 1.00 
10 288 PS P3 Idle "" 
10 288 PS P3 Tr "a14" 
11 288 P8 8_3_a14 "4" TTP C
12 288 P3 8_3_a14 "4" TTP C
17 288 Pile T 1.00 
10 288 PS P5 Idle "" 
10 288 PS P5 Tr "a44" 
11 288 P3 3_5_a44 "4" TTP C
12 288 P5 3_5_a44 "4" TTP C
17 288 Pile T 1.00 
10 288 PS P6 Idle "" 
10 288 PS P6 Tr "a34" 
11 288 P12 12_6_a34 "4" TTP C
12 288 P6 12_6_a34 "4" TTP C
17 288 Pile T 1.00 
10 288 PS P9 Idle "" 
10 288 PS P9 Tr "a24" 
11 288 P2 2_9_a24 "4" TTP C
12 288 P9 2_9_a24 "4" TTP C
17 288 Pile T 1.00 
10 288 PS P10 Idle "" 
10 288 PS P10 Tr "a21" 
11 288 P1 1_10_a21 "4" TTP C
12 288 P10 1_10_a21 "4" TTP C
17 288 Pile T 1.00 
10 288 PS P11 Idle "" 
10 288 PS P11 Tr "b14" 
11 288 P13 13_11_b14 "4" TTP C
12 288 P11 13_11_b14 "4" TTP C
17 288 Pile T 1.00 
10 288 PS P12 Idle "" 
10 288 PS P12 Tr "b14" 
11 288 P13 13_12_b14 "4" TTP C
12 288 P12 13_12_b14 "4" TTP C
17 288 Pile T 1.00 
10 288 PS P15 Idle "" 
10 288 PS P15 Tr "a31" 
11 288 P0 0_15_a31 "4" TTP C
12 288 P15 0_15_a31 "4" TTP C
10 288 PS P7 Exec "a32*b22" 
10 288 PS P8 Tr "b22" 
11 288 P10 10_8_b22 "4" TTP C
12 288 P8 10_8_b22 "4" TTP C
10 288 PS P13 Tr "b22" 
11 288 P10 10_13_b22 "4" TTP C
12 288 P13 10_13_b22 "4" TTP C
10 288 PS P14 Exec "a22*b22" 
10 288 PS P2 Tr "b31" 
11 288 P11 11_2_b31 "4" TTP C
12 288 P2 11_2_b31 "4" TTP C
10 288 PS P4 Tr "a23" 
11 288 P15 15_4_a23 "4" TTP C
12 288 P4 15_4_a23 "4" TTP C
10 292 PS P0 Tr "b31" 
11 292 P11 11_0_b31 "4" TTP C
12 292 P0 11_0_b31 "4" TTP C
10 292 PS P1 Tr "a43" 
11 292 P9 9_1_a43 "4" TTP C
12 292 P1 9_1_a43 "4" TTP C
10 292 PS P3 Tr "b44" 
11 292 P12 12_3_b44 "4" TTP C
12 292 P3 12_3_b44 "4" TTP C
10 292 PS P5 Tr "b44" 
11 292 P12 12_5_b44 "4" TTP C
12 292 P5 12_5_b44 "4" TTP C
10 292 PS P6 Tr "b44" 
11 292 P12 12_6_b44 "4" TTP C
12 292 P6 12_6_b44 "4" TTP C
10 292 PS P9 Tr "b44" 
11 292 P12 12_9_b44 "4" TTP C
12 292 P9 12_9_b44 "4" TTP C
10 292 PS P10 Tr "b14" 
11 292 P13 13_10_b14 "4" TTP C
12 292 P10 13_10_b14 "4" TTP C
10 292 PS P11 Tr "a11" 
11 292 P6 6_11_a11 "4" TTP C
12 292 P11 6_11_a11 "4" TTP C
10 292 PS P12 Tr "a41" 
11 292 P4 4_12_a41 "4" TTP C
12 292 P12 4_12_a41 "4" TTP C
10 292 PS P15 Tr "b14" 
11 292 P13 13_15_b14 "4" TTP C
12 292 P15 13_15_b14 "4" TTP C
10 292 PS P8 Exec "a12*b22" 
10 292 PS P13 Exec "a42*b22" 
10 292 PS P2 Exec "a33*b31" 
10 292 PS P4 Exec "a23*b31" 
17 296 Pile T 1.00 
16 296 Pile T 1.00 
10 296 PS P7 Idle "" 
10 296 PS P7 Tr "a22" 
11 296 P5 5_7_a22 "4" TTP C
12 296 P7 5_7_a22 "4" TTP C
17 296 Pile T 1.00 
16 296 Pile T 1.00 
10 296 PS P14 Idle "" 
10 296 PS P14 Tr "a32" 
11 296 P7 7_14_a32 "4" TTP C
12 296 P14 7_14_a32 "4" TTP C
10 296 PS P0 Exec "a13*b31" 
10 296 PS P1 Exec "a43*b31" 
10 296 PS P3 Exec "a14*b44" 
10 296 PS P5 Exec "a44*b44" 
10 296 PS P6 Exec "a34*b44" 
10 296 PS P9 Exec "a24*b44" 
10 296 PS P10 Exec "a21*b14" 
10 296 PS P11 Exec "a11*b14" 
10 296 PS P12 Exec "a41*b14" 
10 296 PS P15 Exec "a31*b14" 
17 300 Pile T 1.00 
16 300 Pile T 1.00 
10 300 PS P8 Idle "" 
10 300 PS P8 Tr "a42" 
11 300 P14 14_8_a42 "4" TTP C
12 300 P8 14_8_a42 "4" TTP C
17 300 Pile T 1.00 
16 300 Pile T 1.00 
10 300 PS P13 Idle "" 
10 300 PS P13 Tr "b21" 
11 300 P14 14_13_b21 "4" TTP C
12 300 P13 14_13_b21 "4" TTP C
17 300 Pile T 1.00 
10 300 PS P2 Idle "" 
10 300 PS P2 Tr "b43" 
11 300 P15 15_2_b43 "4" TTP C
12 300 P2 15_2_b43 "4" TTP C
17 300 Pile T 1.00 
10 300 PS P4 Idle "" 
10 300 PS P4 Tr "b43" 
11 300 P15 15_4_b43 "4" TTP C
12 300 P4 15_4_b43 "4" TTP C
10 300 PS P7 Tr "b21" 
11 300 P14 14_7_b21 "4" TTP C
12 300 P7 14_7_b21 "4" TTP C
10 300 PS P14 Exec "a32*b21" 
17 304 Pile T 1.00 
10 304 PS P0 Idle "" 
10 304 PS P0 Tr "b43" 
11 304 P15 15_0_b43 "4" TTP C
12 304 P0 15_0_b43 "4" TTP C
17 304 Pile T 1.00 
10 304 PS P1 Idle "" 
10 304 PS P1 Tr "b43" 
11 304 P15 15_1_b43 "4" TTP C
12 304 P1 15_1_b43 "4" TTP C
17 304 Pile T 1.00 
10 304 PS P3 Idle "" 
10 304 PS P3 Tr "a32*b22" 
11 304 P7 7_3_a32*b22 "4" TTP C
12 304 P3 7_3_a32*b22 "4" TTP C
17 304 Pile T 1.00 
10 304 PS P5 Idle "" 
10 304 PS P5 Tr "a24*b42" 
11 304 P1 1_5_a24*b42 "4" TTP C
12 304 P5 1_5_a24*b42 "4" TTP C
17 304 Pile T 1.00 
10 304 PS P6 Idle "" 
10 304 PS P6 Tr "a11*b12" 
11 304 P3 3_6_a11*b12 "4" TTP C
12 304 P6 3_6_a11*b12 "4" TTP C
17 304 Pile T 1.00 
10 304 PS P9 Idle "" 
10 304 PS P9 Tr "a42*b22" 
11 304 P13 13_9_a42*b22 "4" TTP C
12 304 P9 13_9_a42*b22 "4" TTP C
17 304 Pile T 1.00 
16 304 Pile T 1.00 
10 304 PS P10 Idle "" 
10 304 PS P10 Tr "a23*b34" 
11 304 P9 9_10_a23*b34 "4" TTP C
12 304 P10 9_10_a23*b34 "4" TTP C
17 304 Pile T 1.00 
16 304 Pile T 1.00 
10 304 PS P11 Idle "" 
10 304 PS P11 Tr "a13*b34" 
11 304 P10 10_11_a13*b34 "4" TTP C
12 304 P11 10_11_a13*b34 "4" TTP C
17 304 Pile T 1.00 
16 304 Pile T 1.00 
10 304 PS P12 Idle "" 
10 304 PS P12 Tr "a44*b44" 
11 304 P5 5_12_a44*b44 "4" TTP C
12 304 P12 5_12_a44*b44 "4" TTP C
17 304 Pile T 1.00 
16 304 Pile T 1.00 
10 304 PS P15 Idle "" 
10 304 PS P15 Tr "a34*b44" 
11 304 P6 6_15_a34*b44 "4" TTP C
12 304 P15 6_15_a34*b44 "4" TTP C
10 304 PS P8 Tr "b21" 
11 304 P14 14_8_b21 "4" TTP C
12 304 P8 14_8_b21 "4" TTP C
10 304 PS P13 Exec "a12*b21" 
10 304 PS P2 Exec "a24*b43" 
10 304 PS P4 Tr "a34" 
11 304 P12 12_4_a34 "4" TTP C
12 304 P4 12_4_a34 "4" TTP C
10 304 PS P7 Exec "a22*b21" 
17 308 Pile T 1.00 
16 308 Pile T 1.00 
10 308 PS P14 Idle "" 
10 308 PS P14 Tr "a33*b31" 
11 308 P2 2_14_a33*b31 "4" TTP C
12 308 P14 2_14_a33*b31 "4" TTP C
10 308 PS P0 Exec "a14*b43" 
10 308 PS P1 Exec "a44*b43" 
10 308 PS P3 Tr "a33*b32" 
11 308 P11 11_3_a33*b32 "4" TTP C
12 308 P3 11_3_a33*b32 "4" TTP C
10 308 PS P5 Tr "a22*b22" 
11 308 P14 14_5_a22*b22 "4" TTP C
12 308 P5 14_5_a22*b22 "4" TTP C
10 308 PS P6 Tr "a12*b22" 
11 308 P8 8_6_a12*b22 "4" TTP C
12 308 P6 8_6_a12*b22 "4" TTP C
10 308 PS P9 Tr "a41*b12" 
11 308 P6 6_9_a41*b12 "4" TTP C
12 308 P9 6_9_a41*b12 "4" TTP C
10 308 PS P10 Tr "a22*b24" 
11 308 P14 14_10_a22*b24 "4" TTP C
12 308 P10 14_10_a22*b24 "4" TTP C
10 308 PS P11 Tr "a12*b24" 
11 308 P13 13_11_a12*b24 "4" TTP C
12 308 P11 13_11_a12*b24 "4" TTP C
10 308 PS P12 Tr "a42*b24" 
11 308 P15 15_12_a42*b24 "4" TTP C
12 308 P12 15_12_a42*b24 "4" TTP C
10 308 PS P15 Tr "a33*b34" 
11 308 P8 8_15_a33*b34 "4" TTP C
12 308 P15 8_15_a33*b34 "4" TTP C
10 308 PS P8 Exec "a42*b21" 
10 308 PS P4 Exec "a34*b43" 
17 312 Pile T 1.00 
16 312 Pile T 1.00 
10 312 PS P13 Idle "" 
10 312 PS P13 Tr "a11*b11" 
11 312 P4 4_13_a11*b11 "4" TTP C
12 312 P13 4_13_a11*b11 "4" TTP C
17 312 Pile T 1.00 
16 312 Pile T 1.00 
10 312 PS P2 Idle "" 
10 312 PS P2 Tr "a23*b33" 
11 312 P3 3_2_a23*b33 "4" TTP C
12 312 P2 3_2_a23*b33 "4" TTP C
17 312 Pile T 1.00 
16 312 Pile T 1.00 
10 312 PS P7 Idle "" 
10 312 PS P7 Tr "a23*b31" 
11 312 P4 4_7_a23*b31 "4" TTP C
12 312 P7 4_7_a23*b31 "4" TTP C
10 312 PS P14 Tr "a34*b41" 
11 312 P0 0_14_a34*b41 "4" TTP C
12 312 P14 0_14_a34*b41 "4" TTP C
10 312 PS P3 Tr "a34*b42" 
11 312 P0 0_3_a34*b42 "4" TTP C
12 312 P3 0_3_a34*b42 "4" TTP C
10 312 PS P5 Tr "a23*b32" 
11 312 P8 8_5_a23*b32 "4" TTP C
12 312 P5 8_5_a23*b32 "4" TTP C
10 312 PS P6 Tr "a14*b42" 
11 312 P0 0_6_a14*b42 "4" TTP C
12 312 P6 0_6_a14*b42 "4" TTP C
10 312 PS P9 Tr "a43*b32" 
11 312 P10 10_9_a43*b32 "4" TTP C
12 312 P9 10_9_a43*b32 "4" TTP C
10 312 PS P10 Tr "a24*b44" 
11 312 P9 9_10_a24*b44 "4" TTP C
12 312 P10 9_10_a24*b44 "4" TTP C
10 312 PS P11 Tr "a14*b44" 
11 312 P3 3_11_a14*b44 "4" TTP C
12 312 P11 3_11_a14*b44 "4" TTP C
10 312 PS P12 Tr "a43*b34" 
11 312 P11 11_12_a43*b34 "4" TTP C
12 312 P12 11_12_a43*b34 "4" TTP C
10 312 PS P15 Tr "a32*b24" 
11 312 P12 12_15_a32*b24 "4" TTP C
12 312 P15 12_15_a32*b24 "4" TTP C
17 316 Pile T 1.00 
16 316 Pile T 1.00 
10 316 PS P0 Idle "" 
10 316 PS P0 Tr "a11*b13" 
11 316 P7 7_0_a11*b13 "4" TTP C
12 316 P0 7_0_a11*b13 "4" TTP C
17 316 Pile T 1.00 
16 316 Pile T 1.00 
10 316 PS P1 Idle "" 
10 316 PS P1 Tr "a43*b33" 
11 316 P0 0_1_a43*b33 "4" TTP C
12 316 P1 0_1_a43*b33 "4" TTP C
17 316 Pile T 1.00 
16 316 Pile T 1.00 
10 316 PS P8 Idle "" 
10 316 PS P8 Tr "a44*b41" 
11 316 P1 1_8_a44*b41 "4" TTP C
12 316 P8 1_8_a44*b41 "4" TTP C
17 316 Pile T 1.00 
16 316 Pile T 1.00 
10 316 PS P4 Idle "" 
10 316 PS P4 Tr "a32*b23" 
11 316 P15 15_4_a32*b23 "4" TTP C
12 316 P4 15_4_a32*b23 "4" TTP C
10 316 PS P13 Tr "a13*b31" 
11 316 P0 0_13_a13*b31 "4" TTP C
12 316 P13 0_13_a13*b31 "4" TTP C
10 316 PS P2 Tr "a22*b23" 
11 316 P14 14_2_a22*b23 "4" TTP C
12 316 P2 14_2_a22*b23 "4" TTP C
10 316 PS P7 Tr "a24*b41" 
11 316 P1 1_7_a24*b41 "4" TTP C
12 316 P7 1_7_a24*b41 "4" TTP C
10 316 PS P14 Tr "a31*b11" 
11 316 P1 1_14_a31*b11 "4" TTP C
12 316 P14 1_14_a31*b11 "4" TTP C
10 316 PS P3 Tr "a31*b12" 
11 316 P7 7_3_a31*b12 "4" TTP C
12 316 P3 7_3_a31*b12 "4" TTP C
10 316 PS P5 Exec "C22" 
10 316 PS P6 Tr "a13*b32" 
11 316 P9 9_6_a13*b32 "4" TTP C
12 316 P6 9_6_a13*b32 "4" TTP C
10 316 PS P9 Tr "a44*b42" 
11 316 P1 1_9_a44*b42 "4" TTP C
12 316 P9 1_9_a44*b42 "4" TTP C
10 316 PS P10 Exec "C24" 
10 316 PS P11 Exec "C14" 
10 316 PS P12 Exec "C44" 
10 316 PS P15 Exec "C34" 
10 320 PS P0 Tr "a12*b23" 
11 320 P13 13_0_a12*b23 "4" TTP C
12 320 P0 13_0_a12*b23 "4" TTP C
10 320 PS P1 Tr "a41*b13" 
11 320 P4 4_1_a41*b13 "4" TTP C
12 320 P1 4_1_a41*b13 "4" TTP C
10 320 PS P8 Tr "a43*b31" 
11 320 P1 1_8_a43*b31 "4" TTP C
12 320 P8 1_8_a43*b31 "4" TTP C
10 320 PS P4 Tr "a33*b33" 
11 320 P1 1_4_a33*b33 "4" TTP C
12 320 P4 1_4_a33*b33 "4" TTP C
10 320 PS P13 Tr "a14*b41" 
11 320 P0 0_13_a14*b41 "4" TTP C
12 320 P13 0_13_a14*b41 "4" TTP C
10 320 PS P2 Tr "a21*b13" 
11 320 P6 6_2_a21*b13 "4" TTP C
12 320 P2 6_2_a21*b13 "4" TTP C
10 320 PS P7 Tr "a21*b11" 
11 320 P2 2_7_a21*b11 "4" TTP C
12 320 P7 2_7_a21*b11 "4" TTP C
10 320 PS P14 Exec "C31" 
10 320 PS P3 Exec "C32" 
10 320 PS P6 Exec "C12" 
10 320 PS P9 Exec "C42" 
10 324 PS P0 Tr "a13*b33" 
11 324 P2 2_0_a13*b33 "4" TTP C
12 324 P0 2_0_a13*b33 "4" TTP C
10 324 PS P1 Tr "a42*b23" 
11 324 P12 12_1_a42*b23 "4" TTP C
12 324 P1 12_1_a42*b23 "4" TTP C
10 324 PS P8 Tr "a41*b11" 
11 324 P0 0_8_a41*b11 "4" TTP C
12 324 P8 0_8_a41*b11 "4" TTP C
10 324 PS P4 Tr "a31*b13" 
11 324 P5 5_4_a31*b13 "4" TTP C
12 324 P4 5_4_a31*b13 "4" TTP C
10 324 PS P13 Exec "C11" 
10 324 PS P2 Exec "C23" 
10 324 PS P7 Exec "C21" 
10 328 PS P0 Exec "C13" 
10 328 PS P1 Exec "C43" 
10 328 PS P8 Exec "C41" 
10 328 PS P4 Exec "C33" 
17 332 Pile T 1.00 
10 332 PS P5 Idle "" 
17 332 Pile T 1.00 
10 332 PS P10 Idle "" 
17 332 Pile T 1.00 
10 332 PS P11 Idle "" 
17 332 Pile T 1.00 
10 332 PS P12 Idle "" 
17 332 Pile T 1.00 
10 332 PS P15 Idle "" 
17 336 Pile T 1.00 
10 336 PS P14 Idle "" 
17 336 Pile T 1.00 
10 336 PS P3 Idle "" 
17 336 Pile T 1.00 
10 336 PS P6 Idle "" 
17 336 Pile T 1.00 
10 336 PS P9 Idle "" 
17 340 Pile T 1.00 
10 340 PS P13 Idle "" 
17 340 Pile T 1.00 
10 340 PS P2 Idle "" 
17 340 Pile T 1.00 
10 340 PS P7 Idle "" 
17 344 Pile T 1.00 
10 344 PS P0 Idle "" 
17 344 Pile T 1.00 
10 344 PS P1 Idle "" 
17 344 Pile T 1.00 
10 344 PS P8 Idle "" 
17 344 Pile T 1.00 
16 344 Pile T 1.00 
10 344 PS P4 Idle "" 
10 344 PS P4 Tr "C23" 
11 344 P2 2_4_C23 "4" TTP C
12 344 P4 2_4_C23 "4" TTP C
10 348 PS P4 Tr "C12" 
11 348 P6 6_4_C12 "4" TTP C
12 348 P4 6_4_C12 "4" TTP C
10 352 PS P4 Tr "C32" 
11 352 P3 3_4_C32 "4" TTP C
12 352 P4 3_4_C32 "4" TTP C
10 356 PS P4 Tr "C42" 
11 356 P9 9_4_C42 "4" TTP C
12 356 P4 9_4_C42 "4" TTP C
10 360 PS P4 Tr "C41" 
11 360 P8 8_4_C41 "4" TTP C
12 360 P4 8_4_C41 "4" TTP C
10 364 PS P4 Tr "C13" 
11 364 P0 0_4_C13 "4" TTP C
12 364 P4 0_4_C13 "4" TTP C
10 368 PS P4 Tr "C22" 
11 368 P5 5_4_C22 "4" TTP C
12 368 P4 5_4_C22 "4" TTP C
10 372 PS P4 Tr "C21" 
11 372 P7 7_4_C21 "4" TTP C
12 372 P4 7_4_C21 "4" TTP C
10 376 PS P4 Tr "C11" 
11 376 P13 13_4_C11 "4" TTP C
12 376 P4 13_4_C11 "4" TTP C
10 380 PS P4 Tr "C34" 
11 380 P15 15_4_C34 "4" TTP C
12 380 P4 15_4_C34 "4" TTP C
10 384 PS P4 Tr "C14" 
11 384 P11 11_4_C14 "4" TTP C
12 384 P4 11_4_C14 "4" TTP C
10 388 PS P4 Tr "C31" 
11 388 P14 14_4_C31 "4" TTP C
12 388 P4 14_4_C31 "4" TTP C
10 392 PS P4 Tr "C24" 
11 392 P10 10_4_C24 "4" TTP C
12 392 P4 10_4_C24 "4" TTP C
10 396 PS P4 Tr "C44" 
11 396 P12 12_4_C44 "4" TTP C
12 396 P4 12_4_C44 "4" TTP C
10 400 PS P4 Tr "C43" 
11 400 P1 1_4_C43 "4" TTP C
12 400 P4 1_4_C43 "4" TTP C
10 404 PS P4 Exec "Fusion" 
17 532 Pile T 1.00 
10 532 PS P4 Idle "" 
8 532 Pile PL
8 532 P4 Pr
8 532 P8 Pr
8 532 P1 Pr
8 532 P0 Pr
8 532 P7 Pr
8 532 P2 Pr
8 532 P13 Pr
8 532 P9 Pr
8 532 P6 Pr
8 532 P3 Pr
8 532 P14 Pr
8 532 P15 Pr
8 532 P12 Pr
8 532 P11 Pr
8 532 P10 Pr
8 532 P5 Pr
8 532 TTP P
