%EventDef PajeDefineContainerType 1
% Alias string
% ContainerType string
% Name string
%EndEventDef
%EventDef PajeDefineStateType 3
% Alias string
% ContainerType string
% Name string
%EndEventDef
%EventDef PajeDefineLinkType 4
% Name string
% ContainerType string
% SourceContainerType string
% DestContainerType string
% Alias string
%EndEventDef
%EventDef PajeDefineEntityValue 6
% Alias string
% EntityType string
% Name string
% Color color
%EndEventDef
%EventDef PajeCreateContainer 7
% Time date
% Alias string
% Type string
% Container string
% Name string
%EndEventDef
%EventDef PajeDestroyContainer 8
% Time date
% Name string
% Type string
%EndEventDef
%EventDef PajeSetState 10
% Time date
% Type string
% Container string
% Value string
% file string
%EndEventDef
%EventDef PajeStartLink 11
% Time date
% SourceContainer string
% Key string
% Value string
% Container string
% Type string
%EndEventDef
%EventDef PajeEndLink 12
% Time date
% DestContainer string
% Key string
% Value string
% Container string
% Type string
%EndEventDef
%EventDef PajePushState	13
% Time	date
% EntityType	string
% Container	string
% Value	string
%EndEventDef
%EventDef PajeDefineVariableType 14
% Type string
% Name string
% Color color
% Alias string
%EndEventDef
%EventDef PajeSetVariable 15
% Time date
% Container string
% Type string
% Value double
%EndEventDef
%EventDef PajeAddVariable 16
% Time date
% Container string
% Type string
% Value double
%EndEventDef
%EventDef PajeSubVariable 17
% Time date
% Container string
% Type string
% Value double
%EndEventDef
1 P 0 Program
1 Pr P Processors
1 PL P Tasks
3 PS Pr "Processor State"
3 PF Pr "Ready File"
6 Exec PS Executing "2 .0 .1"
6 Idle PS Idle "8 .3 .0"
6 TR PS Transfer "0 .3 .8"
14 PL "Task" "1 .5 .5" T
7 0 TTP P 0 "Plate-forme"
4 "Communication" P Pr Pr C
7 0 Pile PL TTP "Pile 1"
7 0 P0 Pr TTP "P 0" 
10 0 PS P0 Idle "" 
7 0 P1 Pr TTP "P 1" 
10 0 PS P1 Idle "" 
7 0 P2 Pr TTP "P 2" 
10 0 PS P2 Idle "" 
7 0 P3 Pr TTP "P 3" 
10 0 PS P3 Idle "" 
7 0 P4 Pr TTP "P 4" 
10 0 PS P4 Idle "" 
7 0 P5 Pr TTP "P 5" 
10 0 PS P5 Idle "" 
10 0 PS P0 Exec "split-a" 
10 0 PS P1 Exec "split-b" 
17 800 Pile T 1.00 
16 800 Pile T 1.00 
16 800 Pile T 1.00 
16 800 Pile T 1.00 
16 800 Pile T 1.00 
10 800 PS P0 Idle "" 
10 800 PS P0 Exec "a21" 
10 800 PS P2 Tr "split-a" 
11 800 P0 0_2_split-a "400" TTP C
12 800 P2 0_2_split-a "400" TTP C
10 800 PS P3 Tr "split-a" 
11 800 P0 0_3_split-a "400" TTP C
12 800 P3 0_3_split-a "400" TTP C
10 800 PS P4 Tr "split-a" 
11 800 P0 0_4_split-a "400" TTP C
12 800 P4 0_4_split-a "400" TTP C
17 800 Pile T 1.00 
16 800 Pile T 1.00 
16 800 Pile T 1.00 
16 800 Pile T 1.00 
16 800 Pile T 1.00 
10 800 PS P1 Idle "" 
10 800 PS P1 Exec "b12" 
10 800 PS P5 Tr "split-b" 
11 800 P1 1_5_split-b "400" TTP C
12 800 P5 1_5_split-b "400" TTP C
17 800 Pile T 1.00 
10 800 PS P0 Idle "" 
10 800 PS P0 Tr "split-b" 
11 800 P1 1_0_split-b "400" TTP C
12 800 P0 1_0_split-b "400" TTP C
17 800 Pile T 1.00 
16 800 Pile T 1.00 
10 800 PS P1 Idle "" 
10 800 PS P1 Exec "b22" 
17 800 Pile T 1.00 
10 800 PS P1 Idle "" 
10 800 PS P1 Tr "a21" 
11 800 P0 0_1_a21 "100" TTP C
12 800 P1 0_1_a21 "100" TTP C
10 900 PS P1 Exec "a21*b12" 
10 1200 PS P2 Exec "a22" 
10 1200 PS P3 Exec "a12" 
10 1200 PS P4 Exec "a11" 
10 1200 PS P5 Exec "b11" 
10 1200 PS P0 Exec "b21" 
17 1200 Pile T 1.00 
16 1200 Pile T 1.00 
10 1200 PS P2 Idle "" 
10 1200 PS P2 Tr "b22" 
11 1200 P1 1_2_b22 "100" TTP C
12 1200 P2 1_2_b22 "100" TTP C
17 1200 Pile T 1.00 
16 1200 Pile T 1.00 
10 1200 PS P3 Idle "" 
10 1200 PS P3 Tr "b22" 
11 1200 P1 1_3_b22 "100" TTP C
12 1200 P3 1_3_b22 "100" TTP C
17 1200 Pile T 1.00 
16 1200 Pile T 1.00 
10 1200 PS P4 Idle "" 
10 1200 PS P4 Tr "b12" 
11 1200 P1 1_4_b12 "100" TTP C
12 1200 P4 1_4_b12 "100" TTP C
17 1200 Pile T 1.00 
16 1200 Pile T 1.00 
16 1200 Pile T 1.00 
10 1200 PS P5 Idle "" 
10 1200 PS P5 Tr "a21" 
11 1200 P0 0_5_a21 "100" TTP C
12 1200 P5 0_5_a21 "100" TTP C
17 1200 Pile T 1.00 
16 1200 Pile T 1.00 
16 1200 Pile T 1.00 
10 1200 PS P0 Idle "" 
10 1200 PS P0 Tr "a11" 
11 1200 P4 4_0_a11 "100" TTP C
12 1200 P0 4_0_a11 "100" TTP C
10 1300 PS P2 Exec "a22*b22" 
10 1300 PS P3 Exec "a12*b22" 
10 1300 PS P4 Exec "a11*b12" 
10 1300 PS P5 Exec "a21*b11" 
10 1300 PS P0 Tr "b11" 
11 1300 P5 5_0_b11 "100" TTP C
12 1300 P0 5_0_b11 "100" TTP C
10 1400 PS P0 Exec "a11*b11" 
17 1900 Pile T 1.00 
16 1900 Pile T 1.00 
10 1900 PS P1 Idle "" 
10 1900 PS P1 Tr "a12" 
11 1900 P3 3_1_a12 "100" TTP C
12 1900 P1 3_1_a12 "100" TTP C
10 2000 PS P1 Tr "b21" 
11 2000 P0 0_1_b21 "100" TTP C
12 2000 P1 0_1_b21 "100" TTP C
10 2100 PS P1 Exec "a12*b21" 
17 2300 Pile T 1.00 
10 2300 PS P2 Idle "" 
10 2300 PS P2 Tr "b21" 
11 2300 P0 0_2_b21 "100" TTP C
12 2300 P2 0_2_b21 "100" TTP C
17 2300 Pile T 1.00 
10 2300 PS P3 Idle "" 
10 2300 PS P3 Tr "a21*b12" 
11 2300 P1 1_3_a21*b12 "100" TTP C
12 2300 P3 1_3_a21*b12 "100" TTP C
17 2300 Pile T 1.00 
16 2300 Pile T 1.00 
10 2300 PS P4 Idle "" 
10 2300 PS P4 Exec "C12" 
17 2300 Pile T 1.00 
16 2300 Pile T 1.00 
10 2300 PS P5 Idle "" 
10 2300 PS P5 Exec "C21" 
17 2400 Pile T 1.00 
16 2400 Pile T 1.00 
10 2400 PS P0 Idle "" 
10 2400 PS P0 Exec "C11" 
10 2400 PS P2 Exec "a22*b21" 
10 2400 PS P3 Exec "C22" 
17 2700 Pile T 1.00 
10 2700 PS P4 Idle "" 
17 2700 Pile T 1.00 
10 2700 PS P5 Idle "" 
17 2800 Pile T 1.00 
10 2800 PS P0 Idle "" 
17 2800 Pile T 1.00 
16 2800 Pile T 1.00 
10 2800 PS P3 Idle "" 
10 2800 PS P3 Tr "C11" 
11 2800 P0 0_3_C11 "100" TTP C
12 2800 P3 0_3_C11 "100" TTP C
10 2900 PS P3 Tr "C12" 
11 2900 P4 4_3_C12 "100" TTP C
12 2900 P3 4_3_C12 "100" TTP C
10 3000 PS P3 Tr "C21" 
11 3000 P5 5_3_C21 "100" TTP C
12 3000 P3 5_3_C21 "100" TTP C
17 3100 Pile T 1.00 
10 3100 PS P1 Idle "" 
10 3100 PS P3 Exec "Fusion" 
17 3400 Pile T 1.00 
10 3400 PS P2 Idle "" 
17 3900 Pile T 1.00 
10 3900 PS P3 Idle "" 
8 3900 Pile PL
8 3900 P3 Pr
8 3900 P2 Pr
8 3900 P1 Pr
8 3900 P0 Pr
8 3900 P5 Pr
8 3900 P4 Pr
8 3900 TTP P
