%EventDef PajeDefineContainerType 1
% Alias string
% ContainerType string
% Name string
%EndEventDef
%EventDef PajeDefineStateType 3
% Alias string
% ContainerType string
% Name string
%EndEventDef
%EventDef PajeDefineLinkType 4
% Name string
% ContainerType string
% SourceContainerType string
% DestContainerType string
% Alias string
%EndEventDef
%EventDef PajeDefineEntityValue 6
% Alias string
% EntityType string
% Name string
% Color color
%EndEventDef
%EventDef PajeCreateContainer 7
% Time date
% Alias string
% Type string
% Container string
% Name string
%EndEventDef
%EventDef PajeDestroyContainer 8
% Time date
% Name string
% Type string
%EndEventDef
%EventDef PajeSetState 10
% Time date
% Type string
% Container string
% Value string
% file string
%EndEventDef
%EventDef PajeStartLink 11
% Time date
% SourceContainer string
% Key string
% Value string
% Container string
% Type string
%EndEventDef
%EventDef PajeEndLink 12
% Time date
% DestContainer string
% Key string
% Value string
% Container string
% Type string
%EndEventDef
%EventDef PajePushState	13
% Time	date
% EntityType	string
% Container	string
% Value	string
%EndEventDef
%EventDef PajeDefineVariableType 14
% Type string
% Name string
% Color color
% Alias string
%EndEventDef
%EventDef PajeSetVariable 15
% Time date
% Container string
% Type string
% Value double
%EndEventDef
%EventDef PajeAddVariable 16
% Time date
% Container string
% Type string
% Value double
%EndEventDef
%EventDef PajeSubVariable 17
% Time date
% Container string
% Type string
% Value double
%EndEventDef
1 P 0 Program
1 Pr P Processors
1 PL P Tasks
3 PS Pr "Processor State"
3 PF Pr "Ready File"
6 Exec PS Executing "2 .0 .1"
6 Idle PS Idle "8 .3 .0"
6 TR PS Transfer "0 .3 .8"
14 PL "Task" "1 .5 .5" T
7 0 TTP P 0 "Plate-forme"
4 "Communication" P Pr Pr C
7 0 Pile PL TTP "Pile 1"
7 0 P0 Pr TTP "P 0" 
10 0 PS P0 Idle "" 
7 0 P1 Pr TTP "P 1" 
10 0 PS P1 Idle "" 
7 0 P2 Pr TTP "P 2" 
10 0 PS P2 Idle "" 
7 0 P3 Pr TTP "P 3" 
10 0 PS P3 Idle "" 
7 0 P4 Pr TTP "P 4" 
10 0 PS P4 Idle "" 
7 0 P5 Pr TTP "P 5" 
10 0 PS P5 Idle "" 
10 0 PS P0 Exec "split-a" 
10 0 PS P1 Exec "split-b" 
17 1280000 Pile T 1.00 
16 1280000 Pile T 1.00 
16 1280000 Pile T 1.00 
16 1280000 Pile T 1.00 
16 1280000 Pile T 1.00 
10 1280000 PS P0 Idle "" 
10 1280000 PS P0 Exec "a4" 
10 1280000 PS P2 Tr "split-a" 
11 1280000 P0 0_2_split-a "640000" TTP C
12 1280000 P2 0_2_split-a "640000" TTP C
10 1280000 PS P3 Tr "split-a" 
11 1280000 P0 0_3_split-a "640000" TTP C
12 1280000 P3 0_3_split-a "640000" TTP C
10 1280000 PS P4 Tr "split-a" 
11 1280000 P0 0_4_split-a "640000" TTP C
12 1280000 P4 0_4_split-a "640000" TTP C
17 1280000 Pile T 1.00 
16 1280000 Pile T 1.00 
16 1280000 Pile T 1.00 
16 1280000 Pile T 1.00 
16 1280000 Pile T 1.00 
10 1280000 PS P1 Idle "" 
10 1280000 PS P1 Exec "b2" 
10 1280000 PS P5 Tr "split-b" 
11 1280000 P1 1_5_split-b "640000" TTP C
12 1280000 P5 1_5_split-b "640000" TTP C
17 1280000 Pile T 1.00 
10 1280000 PS P0 Idle "" 
10 1280000 PS P0 Tr "split-b" 
11 1280000 P1 1_0_split-b "640000" TTP C
12 1280000 P0 1_0_split-b "640000" TTP C
17 1280000 Pile T 1.00 
10 1280000 PS P1 Idle "" 
10 1280000 PS P1 Exec "b4" 
17 1280000 Pile T 1.00 
16 1280000 Pile T 1.00 
10 1280000 PS P1 Idle "" 
10 1280000 PS P1 Tr "a4" 
11 1280000 P0 0_1_a4 "160000" TTP C
12 1280000 P1 0_1_a4 "160000" TTP C
10 1440000 PS P1 Exec "rc4" 
10 1920000 PS P2 Exec "a2" 
10 1920000 PS P3 Exec "a3" 
10 1920000 PS P4 Exec "a1" 
10 1920000 PS P5 Exec "b1" 
10 1920000 PS P0 Exec "b3" 
17 1920000 Pile T 1.00 
16 1920000 Pile T 1.00 
10 1920000 PS P2 Idle "" 
10 1920000 PS P2 Tr "b4" 
11 1920000 P1 1_2_b4 "160000" TTP C
12 1920000 P2 1_2_b4 "160000" TTP C
17 1920000 Pile T 1.00 
16 1920000 Pile T 1.00 
10 1920000 PS P3 Idle "" 
10 1920000 PS P3 Tr "b2" 
11 1920000 P1 1_3_b2 "160000" TTP C
12 1920000 P3 1_3_b2 "160000" TTP C
17 1920000 Pile T 1.00 
16 1920000 Pile T 1.00 
10 1920000 PS P4 Idle "" 
10 1920000 PS P4 Tr "b2" 
11 1920000 P1 1_4_b2 "160000" TTP C
12 1920000 P4 1_4_b2 "160000" TTP C
17 1920000 Pile T 1.00 
16 1920000 Pile T 1.00 
16 1920000 Pile T 1.00 
10 1920000 PS P5 Idle "" 
10 1920000 PS P5 Tr "a1" 
11 1920000 P4 4_5_a1 "160000" TTP C
12 1920000 P5 4_5_a1 "160000" TTP C
17 1920000 Pile T 1.00 
16 1920000 Pile T 1.00 
16 1920000 Pile T 1.00 
10 1920000 PS P0 Idle "" 
10 1920000 PS P0 Tr "b1" 
11 1920000 P5 5_0_b1 "160000" TTP C
12 1920000 P0 5_0_b1 "160000" TTP C
10 2080000 PS P2 Exec "rc2" 
10 2080000 PS P3 Exec "lc4" 
10 2080000 PS P4 Exec "lc2" 
10 2080000 PS P5 Exec "lc1" 
10 2080000 PS P0 Tr "a3" 
11 2080000 P3 3_0_a3 "160000" TTP C
12 2080000 P0 3_0_a3 "160000" TTP C
10 2240000 PS P0 Exec "lc3" 
17 65440000 Pile T 1.00 
10 65440000 PS P1 Idle "" 
10 65440000 PS P1 Tr "b3" 
11 65440000 P0 0_1_b3 "160000" TTP C
12 65440000 P1 0_1_b3 "160000" TTP C
10 65600000 PS P1 Exec "rc3" 
17 66080000 Pile T 1.00 
10 66080000 PS P2 Idle "" 
10 66080000 PS P2 Tr "b3" 
11 66080000 P0 0_2_b3 "160000" TTP C
12 66080000 P2 0_2_b3 "160000" TTP C
17 66080000 Pile T 1.00 
16 66080000 Pile T 1.00 
10 66080000 PS P3 Idle "" 
10 66080000 PS P3 Tr "rc4" 
11 66080000 P1 1_3_rc4 "160000" TTP C
12 66080000 P3 1_3_rc4 "160000" TTP C
17 66080000 Pile T 1.00 
16 66080000 Pile T 1.00 
10 66080000 PS P4 Idle "" 
10 66080000 PS P4 Tr "rc2" 
11 66080000 P2 2_4_rc2 "160000" TTP C
12 66080000 P4 2_4_rc2 "160000" TTP C
17 66080000 Pile T 1.00 
10 66080000 PS P5 Idle "" 
17 66240000 Pile T 1.00 
10 66240000 PS P0 Idle "" 
10 66240000 PS P2 Exec "rc1" 
10 66240000 PS P3 Exec "c4" 
10 66240000 PS P4 Exec "c2" 
17 66880000 Pile T 1.00 
10 66880000 PS P3 Idle "" 
17 66880000 Pile T 1.00 
10 66880000 PS P4 Idle "" 
17 129600000 Pile T 1.00 
16 129600000 Pile T 1.00 
10 129600000 PS P1 Idle "" 
10 129600000 PS P1 Tr "lc3" 
11 129600000 P0 0_1_lc3 "160000" TTP C
12 129600000 P1 0_1_lc3 "160000" TTP C
10 129760000 PS P1 Exec "c3" 
17 130240000 Pile T 1.00 
16 130240000 Pile T 1.00 
10 130240000 PS P2 Idle "" 
10 130240000 PS P2 Tr "lc1" 
11 130240000 P5 5_2_lc1 "160000" TTP C
12 130240000 P2 5_2_lc1 "160000" TTP C
17 130400000 Pile T 1.00 
10 130400000 PS P1 Idle "" 
10 130400000 PS P2 Exec "c1" 
17 131040000 Pile T 1.00 
16 131040000 Pile T 1.00 
10 131040000 PS P2 Idle "" 
10 131040000 PS P2 Tr "c3" 
11 131040000 P1 1_2_c3 "160000" TTP C
12 131040000 P2 1_2_c3 "160000" TTP C
10 131200000 PS P2 Tr "c2" 
11 131200000 P4 4_2_c2 "160000" TTP C
12 131200000 P2 4_2_c2 "160000" TTP C
10 131360000 PS P2 Tr "c4" 
11 131360000 P3 3_2_c4 "160000" TTP C
12 131360000 P2 3_2_c4 "160000" TTP C
10 131520000 PS P2 Exec "c" 
17 132800000 Pile T 1.00 
10 132800000 PS P2 Idle "" 
8 132800000 Pile PL
8 132800000 P2 Pr
8 132800000 P1 Pr
8 132800000 P4 Pr
8 132800000 P3 Pr
8 132800000 P0 Pr
8 132800000 P5 Pr
8 132800000 TTP P
