%EventDef PajeDefineContainerType 1
% Alias string
% ContainerType string
% Name string
%EndEventDef
%EventDef PajeDefineStateType 3
% Alias string
% ContainerType string
% Name string
%EndEventDef
%EventDef PajeDefineLinkType 4
% Name string
% ContainerType string
% SourceContainerType string
% DestContainerType string
% Alias string
%EndEventDef
%EventDef PajeDefineEntityValue 6
% Alias string
% EntityType string
% Name string
% Color color
%EndEventDef
%EventDef PajeCreateContainer 7
% Time date
% Alias string
% Type string
% Container string
% Name string
%EndEventDef
%EventDef PajeDestroyContainer 8
% Time date
% Name string
% Type string
%EndEventDef
%EventDef PajeSetState 10
% Time date
% Type string
% Container string
% Value string
% file string
%EndEventDef
%EventDef PajeStartLink 11
% Time date
% SourceContainer string
% Key string
% Value string
% Container string
% Type string
%EndEventDef
%EventDef PajeEndLink 12
% Time date
% DestContainer string
% Key string
% Value string
% Container string
% Type string
%EndEventDef
%EventDef PajePushState	13
% Time	date
% EntityType	string
% Container	string
% Value	string
%EndEventDef
%EventDef PajeDefineVariableType 14
% Type string
% Name string
% Color color
% Alias string
%EndEventDef
%EventDef PajeSetVariable 15
% Time date
% Container string
% Type string
% Value double
%EndEventDef
%EventDef PajeAddVariable 16
% Time date
% Container string
% Type string
% Value double
%EndEventDef
%EventDef PajeSubVariable 17
% Time date
% Container string
% Type string
% Value double
%EndEventDef
1 P 0 Program
1 Pr P Processors
1 PL P Tasks
3 PS Pr "Processor State"
3 PF Pr "Ready File"
6 Exec PS Executing "2 .0 .1"
6 Idle PS Idle "8 .3 .0"
6 TR PS Transfer "0 .3 .8"
14 PL "Task" "1 .5 .5" T
7 0 TTP P 0 "Plate-forme"
4 "Communication" P Pr Pr C
7 0 Pile PL TTP "Pile 1"
7 0 P0 Pr TTP "P 0" 
10 0 PS P0 Idle "" 
7 0 P1 Pr TTP "P 1" 
10 0 PS P1 Idle "" 
7 0 P2 Pr TTP "P 2" 
10 0 PS P2 Idle "" 
7 0 P3 Pr TTP "P 3" 
10 0 PS P3 Idle "" 
7 0 P4 Pr TTP "P 4" 
10 0 PS P4 Idle "" 
7 0 P5 Pr TTP "P 5" 
10 0 PS P5 Idle "" 
10 0 PS P0 Exec "split-a" 
10 0 PS P1 Exec "split-b" 
17 320000 Pile T 1.00 
16 320000 Pile T 1.00 
16 320000 Pile T 1.00 
16 320000 Pile T 1.00 
16 320000 Pile T 1.00 
10 320000 PS P0 Idle "" 
10 320000 PS P0 Exec "a4" 
10 320000 PS P2 Tr "split-a" 
11 320000 P0 0_2_split-a "160000" TTP C
12 320000 P2 0_2_split-a "160000" TTP C
10 320000 PS P3 Tr "split-a" 
11 320000 P0 0_3_split-a "160000" TTP C
12 320000 P3 0_3_split-a "160000" TTP C
10 320000 PS P4 Tr "split-a" 
11 320000 P0 0_4_split-a "160000" TTP C
12 320000 P4 0_4_split-a "160000" TTP C
17 320000 Pile T 1.00 
16 320000 Pile T 1.00 
16 320000 Pile T 1.00 
16 320000 Pile T 1.00 
16 320000 Pile T 1.00 
10 320000 PS P1 Idle "" 
10 320000 PS P1 Exec "b2" 
10 320000 PS P5 Tr "split-b" 
11 320000 P1 1_5_split-b "160000" TTP C
12 320000 P5 1_5_split-b "160000" TTP C
17 320000 Pile T 1.00 
10 320000 PS P0 Idle "" 
10 320000 PS P0 Tr "split-b" 
11 320000 P1 1_0_split-b "160000" TTP C
12 320000 P0 1_0_split-b "160000" TTP C
17 320000 Pile T 1.00 
10 320000 PS P1 Idle "" 
10 320000 PS P1 Exec "b1" 
17 320000 Pile T 1.00 
10 320000 PS P1 Idle "" 
10 480000 PS P2 Exec "a3" 
10 480000 PS P3 Exec "a2" 
10 480000 PS P4 Exec "a1" 
10 480000 PS P5 Exec "b4" 
10 480000 PS P0 Exec "b3" 
17 480000 Pile T 1.00 
16 480000 Pile T 1.00 
16 480000 Pile T 1.00 
10 480000 PS P2 Idle "" 
10 480000 PS P2 Tr "b2" 
11 480000 P1 1_2_b2 "40000" TTP C
12 480000 P2 1_2_b2 "40000" TTP C
10 480000 PS P1 Tr "a3" 
11 480000 P2 2_1_a3 "40000" TTP C
12 480000 P1 2_1_a3 "40000" TTP C
17 480000 Pile T 1.00 
10 480000 PS P3 Idle "" 
17 480000 Pile T 1.00 
16 480000 Pile T 1.00 
16 480000 Pile T 1.00 
10 480000 PS P4 Idle "" 
10 480000 PS P4 Tr "b1" 
11 480000 P1 1_4_b1 "40000" TTP C
12 480000 P4 1_4_b1 "40000" TTP C
10 480000 PS P3 Tr "a1" 
11 480000 P4 4_3_a1 "40000" TTP C
12 480000 P3 4_3_a1 "40000" TTP C
17 480000 Pile T 1.00 
16 480000 Pile T 1.00 
16 480000 Pile T 1.00 
10 480000 PS P5 Idle "" 
10 480000 PS P5 Tr "a2" 
11 480000 P3 3_5_a2 "40000" TTP C
12 480000 P5 3_5_a2 "40000" TTP C
17 480000 Pile T 1.00 
16 480000 Pile T 1.00 
16 480000 Pile T 1.00 
10 480000 PS P0 Idle "" 
10 480000 PS P0 Tr "b4" 
11 480000 P5 5_0_b4 "40000" TTP C
12 480000 P0 5_0_b4 "40000" TTP C
10 520000 PS P2 Exec "lc4" 
10 520000 PS P1 Exec "lc3" 
10 520000 PS P4 Exec "lc1" 
10 520000 PS P3 Tr "b2" 
11 520000 P1 1_3_b2 "40000" TTP C
12 520000 P3 1_3_b2 "40000" TTP C
10 520000 PS P5 Exec "rc2" 
10 520000 PS P0 Exec "rc4" 
10 560000 PS P3 Exec "lc2" 
17 8520000 Pile T 1.00 
10 8520000 PS P2 Idle "" 
10 8520000 PS P2 Tr "a4" 
11 8520000 P0 0_2_a4 "40000" TTP C
12 8520000 P2 0_2_a4 "40000" TTP C
17 8520000 Pile T 1.00 
10 8520000 PS P1 Idle "" 
10 8520000 PS P1 Tr "b3" 
11 8520000 P0 0_1_b3 "40000" TTP C
12 8520000 P1 0_1_b3 "40000" TTP C
17 8520000 Pile T 1.00 
10 8520000 PS P4 Idle "" 
17 8520000 Pile T 1.00 
10 8520000 PS P5 Idle "" 
17 8520000 Pile T 1.00 
16 8520000 Pile T 1.00 
10 8520000 PS P0 Idle "" 
10 8520000 PS P0 Tr "lc4" 
11 8520000 P2 2_0_lc4 "40000" TTP C
12 8520000 P0 2_0_lc4 "40000" TTP C
17 8560000 Pile T 1.00 
16 8560000 Pile T 1.00 
10 8560000 PS P3 Idle "" 
10 8560000 PS P3 Tr "rc2" 
11 8560000 P5 5_3_rc2 "40000" TTP C
12 8560000 P3 5_3_rc2 "40000" TTP C
10 8560000 PS P2 Tr "b3" 
11 8560000 P0 0_2_b3 "40000" TTP C
12 8560000 P2 0_2_b3 "40000" TTP C
10 8560000 PS P1 Tr "a2" 
11 8560000 P3 3_1_a2 "40000" TTP C
12 8560000 P1 3_1_a2 "40000" TTP C
10 8560000 PS P0 Exec "c4" 
10 8600000 PS P3 Exec "c2" 
10 8600000 PS P2 Exec "rc3" 
10 8600000 PS P1 Exec "rc1" 
17 8720000 Pile T 1.00 
10 8720000 PS P0 Idle "" 
17 8760000 Pile T 1.00 
10 8760000 PS P3 Idle "" 
17 16600000 Pile T 1.00 
16 16600000 Pile T 1.00 
10 16600000 PS P2 Idle "" 
10 16600000 PS P2 Tr "lc3" 
11 16600000 P1 1_2_lc3 "40000" TTP C
12 16600000 P2 1_2_lc3 "40000" TTP C
17 16600000 Pile T 1.00 
16 16600000 Pile T 1.00 
10 16600000 PS P1 Idle "" 
10 16600000 PS P1 Tr "lc1" 
11 16600000 P4 4_1_lc1 "40000" TTP C
12 16600000 P1 4_1_lc1 "40000" TTP C
10 16640000 PS P2 Exec "c3" 
10 16640000 PS P1 Exec "c1" 
17 16800000 Pile T 1.00 
10 16800000 PS P2 Idle "" 
17 16800000 Pile T 1.00 
16 16800000 Pile T 1.00 
10 16800000 PS P1 Idle "" 
10 16800000 PS P1 Tr "c3" 
11 16800000 P2 2_1_c3 "40000" TTP C
12 16800000 P1 2_1_c3 "40000" TTP C
10 16840000 PS P1 Tr "c4" 
11 16840000 P0 0_1_c4 "40000" TTP C
12 16840000 P1 0_1_c4 "40000" TTP C
10 16880000 PS P1 Tr "c2" 
11 16880000 P3 3_1_c2 "40000" TTP C
12 16880000 P1 3_1_c2 "40000" TTP C
10 16920000 PS P1 Exec "c" 
17 17240000 Pile T 1.00 
10 17240000 PS P1 Idle "" 
8 17240000 Pile PL
8 17240000 P1 Pr
8 17240000 P2 Pr
8 17240000 P3 Pr
8 17240000 P0 Pr
8 17240000 P5 Pr
8 17240000 P4 Pr
8 17240000 TTP P
