%EventDef PajeDefineContainerType 1
% Alias string
% ContainerType string
% Name string
%EndEventDef
%EventDef PajeDefineStateType 3
% Alias string
% ContainerType string
% Name string
%EndEventDef
%EventDef PajeDefineLinkType 4
% Name string
% ContainerType string
% SourceContainerType string
% DestContainerType string
% Alias string
%EndEventDef
%EventDef PajeDefineEntityValue 6
% Alias string
% EntityType string
% Name string
% Color color
%EndEventDef
%EventDef PajeCreateContainer 7
% Time date
% Alias string
% Type string
% Container string
% Name string
%EndEventDef
%EventDef PajeDestroyContainer 8
% Time date
% Name string
% Type string
%EndEventDef
%EventDef PajeSetState 10
% Time date
% Type string
% Container string
% Value string
% file string
%EndEventDef
%EventDef PajeStartLink 11
% Time date
% SourceContainer string
% Key string
% Value string
% Container string
% Type string
%EndEventDef
%EventDef PajeEndLink 12
% Time date
% DestContainer string
% Key string
% Value string
% Container string
% Type string
%EndEventDef
%EventDef PajePushState	13
% Time	date
% EntityType	string
% Container	string
% Value	string
%EndEventDef
%EventDef PajeDefineVariableType 14
% Type string
% Name string
% Color color
% Alias string
%EndEventDef
%EventDef PajeSetVariable 15
% Time date
% Container string
% Type string
% Value double
%EndEventDef
%EventDef PajeAddVariable 16
% Time date
% Container string
% Type string
% Value double
%EndEventDef
%EventDef PajeSubVariable 17
% Time date
% Container string
% Type string
% Value double
%EndEventDef
1 P 0 Program
1 Pr P Processors
1 PL P Tasks
3 PS Pr "Processor State"
3 PF Pr "Ready File"
6 Exec PS Executing "2 .0 .1"
6 Idle PS Idle "8 .3 .0"
6 TR PS Transfer "0 .3 .8"
14 PL "Task" "1 .5 .5" T
7 0 TTP P 0 "Plate-forme"
4 "Communication" P Pr Pr C
7 0 Pile PL TTP "Pile 1"
7 0 P0 Pr TTP "P 0" 
10 0 PS P0 Idle "" 
7 0 P1 Pr TTP "P 1" 
10 0 PS P1 Idle "" 
7 0 P2 Pr TTP "P 2" 
10 0 PS P2 Idle "" 
7 0 P3 Pr TTP "P 3" 
10 0 PS P3 Idle "" 
7 0 P4 Pr TTP "P 4" 
10 0 PS P4 Idle "" 
7 0 P5 Pr TTP "P 5" 
10 0 PS P5 Idle "" 
10 0 PS P0 Exec "split-a" 
10 0 PS P1 Exec "split-b" 
17 720000 Pile T 1.00 
16 720000 Pile T 1.00 
16 720000 Pile T 1.00 
16 720000 Pile T 1.00 
16 720000 Pile T 1.00 
10 720000 PS P0 Idle "" 
10 720000 PS P0 Exec "a2" 
10 720000 PS P2 Tr "split-a" 
11 720000 P0 0_2_split-a "360000" TTP C
12 720000 P2 0_2_split-a "360000" TTP C
10 720000 PS P3 Tr "split-a" 
11 720000 P0 0_3_split-a "360000" TTP C
12 720000 P3 0_3_split-a "360000" TTP C
10 720000 PS P4 Tr "split-a" 
11 720000 P0 0_4_split-a "360000" TTP C
12 720000 P4 0_4_split-a "360000" TTP C
17 720000 Pile T 1.00 
16 720000 Pile T 1.00 
16 720000 Pile T 1.00 
16 720000 Pile T 1.00 
16 720000 Pile T 1.00 
10 720000 PS P1 Idle "" 
10 720000 PS P1 Exec "b3" 
10 720000 PS P5 Tr "split-b" 
11 720000 P1 1_5_split-b "360000" TTP C
12 720000 P5 1_5_split-b "360000" TTP C
17 720000 Pile T 1.00 
10 720000 PS P0 Idle "" 
10 720000 PS P0 Tr "split-b" 
11 720000 P1 1_0_split-b "360000" TTP C
12 720000 P0 1_0_split-b "360000" TTP C
17 720000 Pile T 1.00 
16 720000 Pile T 1.00 
10 720000 PS P1 Idle "" 
10 720000 PS P1 Exec "b4" 
17 720000 Pile T 1.00 
16 720000 Pile T 1.00 
10 720000 PS P1 Idle "" 
10 720000 PS P1 Tr "a2" 
11 720000 P0 0_1_a2 "90000" TTP C
12 720000 P1 0_1_a2 "90000" TTP C
10 810000 PS P1 Exec "rc1" 
10 1080000 PS P2 Exec "a4" 
10 1080000 PS P3 Exec "a1" 
10 1080000 PS P4 Exec "a3" 
10 1080000 PS P5 Exec "b2" 
10 1080000 PS P0 Exec "b1" 
17 1080000 Pile T 1.00 
16 1080000 Pile T 1.00 
16 1080000 Pile T 1.00 
10 1080000 PS P2 Idle "" 
10 1080000 PS P2 Tr "b4" 
11 1080000 P1 1_2_b4 "90000" TTP C
12 1080000 P2 1_2_b4 "90000" TTP C
17 1080000 Pile T 1.00 
10 1080000 PS P3 Idle "" 
10 1080000 PS P3 Tr "a4" 
11 1080000 P2 2_3_a4 "90000" TTP C
12 1080000 P3 2_3_a4 "90000" TTP C
17 1080000 Pile T 1.00 
10 1080000 PS P4 Idle "" 
10 1080000 PS P4 Tr "b4" 
11 1080000 P1 1_4_b4 "90000" TTP C
12 1080000 P4 1_4_b4 "90000" TTP C
17 1080000 Pile T 1.00 
16 1080000 Pile T 1.00 
16 1080000 Pile T 1.00 
10 1080000 PS P5 Idle "" 
10 1080000 PS P5 Tr "a3" 
11 1080000 P4 4_5_a3 "90000" TTP C
12 1080000 P5 4_5_a3 "90000" TTP C
17 1080000 Pile T 1.00 
16 1080000 Pile T 1.00 
16 1080000 Pile T 1.00 
10 1080000 PS P0 Idle "" 
10 1080000 PS P0 Tr "b2" 
11 1080000 P5 5_0_b2 "90000" TTP C
12 1080000 P0 5_0_b2 "90000" TTP C
10 1170000 PS P2 Tr "a2" 
11 1170000 P0 0_2_a2 "90000" TTP C
12 1170000 P2 0_2_a2 "90000" TTP C
10 1170000 PS P3 Tr "b3" 
11 1170000 P1 1_3_b3 "90000" TTP C
12 1170000 P3 1_3_b3 "90000" TTP C
10 1170000 PS P4 Tr "a4" 
11 1170000 P2 2_4_a4 "90000" TTP C
12 1170000 P4 2_4_a4 "90000" TTP C
10 1170000 PS P5 Exec "lc4" 
10 1170000 PS P0 Tr "a1" 
11 1170000 P3 3_0_a1 "90000" TTP C
12 1170000 P0 3_0_a1 "90000" TTP C
10 1260000 PS P2 Exec "rc2" 
10 1260000 PS P3 Exec "rc3" 
10 1260000 PS P4 Exec "rc4" 
10 1260000 PS P0 Exec "lc2" 
17 27810000 Pile T 1.00 
10 27810000 PS P1 Idle "" 
10 27810000 PS P1 Tr "a3" 
11 27810000 P4 4_1_a3 "90000" TTP C
12 27810000 P1 4_1_a3 "90000" TTP C
10 27900000 PS P1 Tr "b1" 
11 27900000 P0 0_1_b1 "90000" TTP C
12 27900000 P1 0_1_b1 "90000" TTP C
10 27990000 PS P1 Exec "lc3" 
17 28170000 Pile T 1.00 
10 28170000 PS P5 Idle "" 
10 28170000 PS P5 Tr "b1" 
11 28170000 P0 0_5_b1 "90000" TTP C
12 28170000 P5 0_5_b1 "90000" TTP C
17 28260000 Pile T 1.00 
10 28260000 PS P2 Idle "" 
17 28260000 Pile T 1.00 
10 28260000 PS P3 Idle "" 
17 28260000 Pile T 1.00 
16 28260000 Pile T 1.00 
10 28260000 PS P4 Idle "" 
10 28260000 PS P4 Tr "lc4" 
11 28260000 P5 5_4_lc4 "90000" TTP C
12 28260000 P4 5_4_lc4 "90000" TTP C
17 28260000 Pile T 1.00 
16 28260000 Pile T 1.00 
10 28260000 PS P0 Idle "" 
10 28260000 PS P0 Tr "rc2" 
11 28260000 P2 2_0_rc2 "90000" TTP C
12 28260000 P0 2_0_rc2 "90000" TTP C
10 28260000 PS P5 Tr "a1" 
11 28260000 P3 3_5_a1 "90000" TTP C
12 28260000 P5 3_5_a1 "90000" TTP C
10 28350000 PS P4 Exec "c4" 
10 28350000 PS P0 Exec "c2" 
10 28350000 PS P5 Exec "lc1" 
17 28710000 Pile T 1.00 
10 28710000 PS P4 Idle "" 
17 28710000 Pile T 1.00 
10 28710000 PS P0 Idle "" 
17 54990000 Pile T 1.00 
16 54990000 Pile T 1.00 
10 54990000 PS P1 Idle "" 
10 54990000 PS P1 Tr "rc3" 
11 54990000 P3 3_1_rc3 "90000" TTP C
12 54990000 P1 3_1_rc3 "90000" TTP C
10 55080000 PS P1 Exec "c3" 
17 55350000 Pile T 1.00 
16 55350000 Pile T 1.00 
10 55350000 PS P5 Idle "" 
10 55350000 PS P5 Tr "rc1" 
11 55350000 P1 1_5_rc1 "90000" TTP C
12 55350000 P5 1_5_rc1 "90000" TTP C
17 55440000 Pile T 1.00 
10 55440000 PS P1 Idle "" 
10 55440000 PS P5 Exec "c1" 
17 55800000 Pile T 1.00 
16 55800000 Pile T 1.00 
10 55800000 PS P5 Idle "" 
10 55800000 PS P5 Tr "c2" 
11 55800000 P0 0_5_c2 "90000" TTP C
12 55800000 P5 0_5_c2 "90000" TTP C
10 55890000 PS P5 Tr "c3" 
11 55890000 P1 1_5_c3 "90000" TTP C
12 55890000 P5 1_5_c3 "90000" TTP C
10 55980000 PS P5 Tr "c4" 
11 55980000 P4 4_5_c4 "90000" TTP C
12 55980000 P5 4_5_c4 "90000" TTP C
10 56070000 PS P5 Exec "c" 
17 56790000 Pile T 1.00 
10 56790000 PS P5 Idle "" 
8 56790000 Pile PL
8 56790000 P5 Pr
8 56790000 P1 Pr
8 56790000 P0 Pr
8 56790000 P4 Pr
8 56790000 P3 Pr
8 56790000 P2 Pr
8 56790000 TTP P
