%EventDef PajeDefineContainerType 1
% Alias string
% ContainerType string
% Name string
%EndEventDef
%EventDef PajeDefineStateType 3
% Alias string
% ContainerType string
% Name string
%EndEventDef
%EventDef PajeDefineLinkType 4
% Name string
% ContainerType string
% SourceContainerType string
% DestContainerType string
% Alias string
%EndEventDef
%EventDef PajeDefineEntityValue 6
% Alias string
% EntityType string
% Name string
% Color color
%EndEventDef
%EventDef PajeCreateContainer 7
% Time date
% Alias string
% Type string
% Container string
% Name string
%EndEventDef
%EventDef PajeDestroyContainer 8
% Time date
% Name string
% Type string
%EndEventDef
%EventDef PajeSetState 10
% Time date
% Type string
% Container string
% Value string
% file string
%EndEventDef
%EventDef PajeStartLink 11
% Time date
% SourceContainer string
% Key string
% Value string
% Container string
% Type string
%EndEventDef
%EventDef PajeEndLink 12
% Time date
% DestContainer string
% Key string
% Value string
% Container string
% Type string
%EndEventDef
%EventDef PajePushState	13
% Time	date
% EntityType	string
% Container	string
% Value	string
%EndEventDef
%EventDef PajeDefineVariableType 14
% Type string
% Name string
% Color color
% Alias string
%EndEventDef
%EventDef PajeSetVariable 15
% Time date
% Container string
% Type string
% Value double
%EndEventDef
%EventDef PajeAddVariable 16
% Time date
% Container string
% Type string
% Value double
%EndEventDef
%EventDef PajeSubVariable 17
% Time date
% Container string
% Type string
% Value double
%EndEventDef
1 P 0 Program
1 Pr P Processors
1 PL P Tasks
3 PS Pr "Processor State"
3 PF Pr "Ready File"
6 Exec PS Executing "2 .0 .1"
6 Idle PS Idle "8 .3 .0"
6 TR PS Transfer "0 .3 .8"
14 PL "Task" "1 .5 .5" T
7 0 TTP P 0 "Plate-forme"
4 "Communication" P Pr Pr C
7 0 Pile PL TTP "Pile 1"
7 0 P0 Pr TTP "P 0" 
10 0 PS P0 Idle "" 
7 0 P1 Pr TTP "P 1" 
10 0 PS P1 Idle "" 
7 0 P2 Pr TTP "P 2" 
10 0 PS P2 Idle "" 
7 0 P3 Pr TTP "P 3" 
10 0 PS P3 Idle "" 
7 0 P4 Pr TTP "P 4" 
10 0 PS P4 Idle "" 
7 0 P5 Pr TTP "P 5" 
10 0 PS P5 Idle "" 
10 0 PS P0 Exec "split-b" 
10 0 PS P1 Exec "split-a" 
17 20000 Pile T 1.00 
16 20000 Pile T 1.00 
16 20000 Pile T 1.00 
16 20000 Pile T 1.00 
16 20000 Pile T 1.00 
10 20000 PS P0 Idle "" 
10 20000 PS P0 Exec "b11" 
10 20000 PS P2 Tr "split-b" 
11 20000 P0 0_2_split-b "10000" TTP C
12 20000 P2 0_2_split-b "10000" TTP C
10 20000 PS P3 Tr "split-b" 
11 20000 P0 0_3_split-b "10000" TTP C
12 20000 P3 0_3_split-b "10000" TTP C
10 20000 PS P4 Tr "split-b" 
11 20000 P0 0_4_split-b "10000" TTP C
12 20000 P4 0_4_split-b "10000" TTP C
17 20000 Pile T 1.00 
16 20000 Pile T 1.00 
16 20000 Pile T 1.00 
16 20000 Pile T 1.00 
16 20000 Pile T 1.00 
10 20000 PS P1 Idle "" 
10 20000 PS P1 Exec "a12" 
10 20000 PS P5 Tr "split-a" 
11 20000 P1 1_5_split-a "10000" TTP C
12 20000 P5 1_5_split-a "10000" TTP C
17 20000 Pile T 1.00 
10 20000 PS P0 Idle "" 
10 20000 PS P0 Tr "split-a" 
11 20000 P1 1_0_split-a "10000" TTP C
12 20000 P0 1_0_split-a "10000" TTP C
17 20000 Pile T 1.00 
10 20000 PS P1 Idle "" 
10 20000 PS P1 Exec "a22" 
17 20000 Pile T 1.00 
10 20000 PS P1 Idle "" 
10 30000 PS P2 Exec "b12" 
10 30000 PS P3 Exec "b22" 
10 30000 PS P4 Exec "b21" 
10 30000 PS P5 Exec "a21" 
10 30000 PS P0 Exec "a11" 
17 30000 Pile T 1.00 
10 30000 PS P2 Idle "" 
17 30000 Pile T 1.00 
16 30000 Pile T 1.00 
16 30000 Pile T 1.00 
10 30000 PS P3 Idle "" 
10 30000 PS P3 Tr "a12" 
11 30000 P1 1_3_a12 "2500" TTP C
12 30000 P3 1_3_a12 "2500" TTP C
10 30000 PS P2 Tr "a22" 
11 30000 P1 1_2_a22 "2500" TTP C
12 30000 P2 1_2_a22 "2500" TTP C
17 30000 Pile T 1.00 
16 30000 Pile T 1.00 
16 30000 Pile T 1.00 
10 30000 PS P4 Idle "" 
10 30000 PS P4 Tr "a12" 
11 30000 P1 1_4_a12 "2500" TTP C
12 30000 P4 1_4_a12 "2500" TTP C
10 30000 PS P1 Tr "b21" 
11 30000 P4 4_1_b21 "2500" TTP C
12 30000 P1 4_1_b21 "2500" TTP C
17 30000 Pile T 1.00 
16 30000 Pile T 1.00 
16 30000 Pile T 1.00 
10 30000 PS P5 Idle "" 
10 30000 PS P5 Tr "b12" 
11 30000 P2 2_5_b12 "2500" TTP C
12 30000 P5 2_5_b12 "2500" TTP C
17 30000 Pile T 1.00 
16 30000 Pile T 1.00 
16 30000 Pile T 1.00 
10 30000 PS P0 Idle "" 
10 30000 PS P0 Tr "a21" 
11 30000 P5 5_0_a21 "2500" TTP C
12 30000 P0 5_0_a21 "2500" TTP C
10 32500 PS P3 Exec "a12*b22" 
10 32500 PS P2 Tr "b22" 
11 32500 P3 3_2_b22 "2500" TTP C
12 32500 P2 3_2_b22 "2500" TTP C
10 32500 PS P4 Exec "a12*b21" 
10 32500 PS P1 Exec "a22*b21" 
10 32500 PS P5 Exec "a21*b12" 
10 32500 PS P0 Exec "a21*b11" 
10 35000 PS P2 Exec "a22*b22" 
17 157500 Pile T 1.00 
10 157500 PS P3 Idle "" 
10 157500 PS P3 Tr "a11" 
11 157500 P0 0_3_a11 "2500" TTP C
12 157500 P3 0_3_a11 "2500" TTP C
17 157500 Pile T 1.00 
10 157500 PS P4 Idle "" 
10 157500 PS P4 Tr "a11" 
11 157500 P0 0_4_a11 "2500" TTP C
12 157500 P4 0_4_a11 "2500" TTP C
17 157500 Pile T 1.00 
10 157500 PS P1 Idle "" 
17 157500 Pile T 1.00 
16 157500 Pile T 1.00 
10 157500 PS P5 Idle "" 
10 157500 PS P5 Exec "C22" 
17 157500 Pile T 1.00 
16 157500 Pile T 1.00 
10 157500 PS P0 Idle "" 
10 157500 PS P0 Exec "C21" 
17 160000 Pile T 1.00 
10 160000 PS P2 Idle "" 
10 160000 PS P3 Tr "b11" 
11 160000 P0 0_3_b11 "2500" TTP C
12 160000 P3 0_3_b11 "2500" TTP C
10 160000 PS P4 Tr "b12" 
11 160000 P2 2_4_b12 "2500" TTP C
12 160000 P4 2_4_b12 "2500" TTP C
10 162500 PS P3 Exec "a11*b11" 
10 162500 PS P4 Exec "a11*b12" 
17 167500 Pile T 1.00 
10 167500 PS P5 Idle "" 
17 167500 Pile T 1.00 
10 167500 PS P0 Idle "" 
17 287500 Pile T 1.00 
16 287500 Pile T 1.00 
10 287500 PS P3 Idle "" 
10 287500 PS P3 Exec "C11" 
17 287500 Pile T 1.00 
16 287500 Pile T 1.00 
10 287500 PS P4 Idle "" 
10 287500 PS P4 Exec "C12" 
17 297500 Pile T 1.00 
10 297500 PS P3 Idle "" 
17 297500 Pile T 1.00 
16 297500 Pile T 1.00 
10 297500 PS P4 Idle "" 
10 297500 PS P4 Tr "C11" 
11 297500 P3 3_4_C11 "2500" TTP C
12 297500 P4 3_4_C11 "2500" TTP C
10 300000 PS P4 Tr "C21" 
11 300000 P0 0_4_C21 "2500" TTP C
12 300000 P4 0_4_C21 "2500" TTP C
10 302500 PS P4 Tr "C22" 
11 302500 P5 5_4_C22 "2500" TTP C
12 302500 P4 5_4_C22 "2500" TTP C
10 305000 PS P4 Exec "Fusion" 
17 325000 Pile T 1.00 
10 325000 PS P4 Idle "" 
8 325000 Pile PL
8 325000 P4 Pr
8 325000 P3 Pr
8 325000 P0 Pr
8 325000 P5 Pr
8 325000 P2 Pr
8 325000 P1 Pr
8 325000 TTP P
