%EventDef PajeDefineContainerType 1
% Alias string
% ContainerType string
% Name string
%EndEventDef
%EventDef PajeDefineStateType 3
% Alias string
% ContainerType string
% Name string
%EndEventDef
%EventDef PajeDefineLinkType 4
% Name string
% ContainerType string
% SourceContainerType string
% DestContainerType string
% Alias string
%EndEventDef
%EventDef PajeDefineEntityValue 6
% Alias string
% EntityType string
% Name string
% Color color
%EndEventDef
%EventDef PajeCreateContainer 7
% Time date
% Alias string
% Type string
% Container string
% Name string
%EndEventDef
%EventDef PajeDestroyContainer 8
% Time date
% Name string
% Type string
%EndEventDef
%EventDef PajeSetState 10
% Time date
% Type string
% Container string
% Value string
% file string
%EndEventDef
%EventDef PajeStartLink 11
% Time date
% SourceContainer string
% Key string
% Value string
% Container string
% Type string
%EndEventDef
%EventDef PajeEndLink 12
% Time date
% DestContainer string
% Key string
% Value string
% Container string
% Type string
%EndEventDef
%EventDef PajePushState	13
% Time	date
% EntityType	string
% Container	string
% Value	string
%EndEventDef
%EventDef PajeDefineVariableType 14
% Type string
% Name string
% Color color
% Alias string
%EndEventDef
%EventDef PajeSetVariable 15
% Time date
% Container string
% Type string
% Value double
%EndEventDef
%EventDef PajeAddVariable 16
% Time date
% Container string
% Type string
% Value double
%EndEventDef
%EventDef PajeSubVariable 17
% Time date
% Container string
% Type string
% Value double
%EndEventDef
1 P 0 Program
1 Pr P Processors
1 PL P Tasks
3 PS Pr "Processor State"
3 PF Pr "Ready File"
6 Exec PS Executing "2 .0 .1"
6 Idle PS Idle "8 .3 .0"
6 TR PS Transfer "0 .3 .8"
14 PL "Task" "1 .5 .5" T
7 0 TTP P 0 "Plate-forme"
4 "Communication" P Pr Pr C
7 0 Pile PL TTP "Pile 1"
7 0 P0 Pr TTP "P 0" 
10 0 PS P0 Idle "" 
7 0 P1 Pr TTP "P 1" 
10 0 PS P1 Idle "" 
7 0 P2 Pr TTP "P 2" 
10 0 PS P2 Idle "" 
7 0 P3 Pr TTP "P 3" 
10 0 PS P3 Idle "" 
7 0 P4 Pr TTP "P 4" 
10 0 PS P4 Idle "" 
7 0 P5 Pr TTP "P 5" 
10 0 PS P5 Idle "" 
7 0 P6 Pr TTP "P 6" 
10 0 PS P6 Idle "" 
7 0 P7 Pr TTP "P 7" 
10 0 PS P7 Idle "" 
7 0 P8 Pr TTP "P 8" 
10 0 PS P8 Idle "" 
7 0 P9 Pr TTP "P 9" 
10 0 PS P9 Idle "" 
10 0 PS P0 Exec "split-a" 
10 0 PS P1 Exec "split-b" 
17 3200 Pile T 1.00 
16 3200 Pile T 1.00 
16 3200 Pile T 1.00 
16 3200 Pile T 1.00 
16 3200 Pile T 1.00 
16 3200 Pile T 1.00 
16 3200 Pile T 1.00 
16 3200 Pile T 1.00 
16 3200 Pile T 1.00 
16 3200 Pile T 1.00 
16 3200 Pile T 1.00 
16 3200 Pile T 1.00 
16 3200 Pile T 1.00 
16 3200 Pile T 1.00 
16 3200 Pile T 1.00 
16 3200 Pile T 1.00 
16 3200 Pile T 1.00 
16 3200 Pile T 1.00 
16 3200 Pile T 1.00 
16 3200 Pile T 1.00 
16 3200 Pile T 1.00 
16 3200 Pile T 1.00 
16 3200 Pile T 1.00 
16 3200 Pile T 1.00 
16 3200 Pile T 1.00 
16 3200 Pile T 1.00 
10 3200 PS P0 Idle "" 
10 3200 PS P0 Exec "a51" 
10 3200 PS P2 Tr "split-a" 
11 3200 P0 0_2_split-a "1600" TTP C
12 3200 P2 0_2_split-a "1600" TTP C
10 3200 PS P3 Tr "split-a" 
11 3200 P0 0_3_split-a "1600" TTP C
12 3200 P3 0_3_split-a "1600" TTP C
10 3200 PS P4 Tr "split-a" 
11 3200 P0 0_4_split-a "1600" TTP C
12 3200 P4 0_4_split-a "1600" TTP C
10 3200 PS P5 Tr "split-a" 
11 3200 P0 0_5_split-a "1600" TTP C
12 3200 P5 0_5_split-a "1600" TTP C
10 3200 PS P6 Tr "split-a" 
11 3200 P0 0_6_split-a "1600" TTP C
12 3200 P6 0_6_split-a "1600" TTP C
10 3200 PS P7 Tr "split-a" 
11 3200 P0 0_7_split-a "1600" TTP C
12 3200 P7 0_7_split-a "1600" TTP C
10 3200 PS P8 Tr "split-a" 
11 3200 P0 0_8_split-a "1600" TTP C
12 3200 P8 0_8_split-a "1600" TTP C
10 3200 PS P9 Tr "split-a" 
11 3200 P0 0_9_split-a "1600" TTP C
12 3200 P9 0_9_split-a "1600" TTP C
17 3200 Pile T 1.00 
16 3200 Pile T 1.00 
16 3200 Pile T 1.00 
16 3200 Pile T 1.00 
16 3200 Pile T 1.00 
16 3200 Pile T 1.00 
16 3200 Pile T 1.00 
16 3200 Pile T 1.00 
16 3200 Pile T 1.00 
16 3200 Pile T 1.00 
16 3200 Pile T 1.00 
16 3200 Pile T 1.00 
16 3200 Pile T 1.00 
16 3200 Pile T 1.00 
16 3200 Pile T 1.00 
16 3200 Pile T 1.00 
16 3200 Pile T 1.00 
16 3200 Pile T 1.00 
16 3200 Pile T 1.00 
16 3200 Pile T 1.00 
16 3200 Pile T 1.00 
16 3200 Pile T 1.00 
16 3200 Pile T 1.00 
16 3200 Pile T 1.00 
16 3200 Pile T 1.00 
16 3200 Pile T 1.00 
10 3200 PS P1 Idle "" 
10 3200 PS P1 Tr "split-a" 
11 3200 P0 0_1_split-a "1600" TTP C
12 3200 P1 0_1_split-a "1600" TTP C
17 3200 Pile T 1.00 
10 3200 PS P0 Idle "" 
10 3200 PS P0 Exec "a42" 
17 3200 Pile T 1.00 
10 3200 PS P0 Idle "" 
10 3200 PS P0 Exec "a23" 
17 3200 Pile T 1.00 
10 3200 PS P0 Idle "" 
10 3200 PS P0 Exec "a34" 
17 3200 Pile T 1.00 
10 3200 PS P0 Idle "" 
10 3200 PS P0 Exec "a52" 
17 3200 Pile T 1.00 
10 3200 PS P0 Idle "" 
10 3200 PS P0 Exec "a22" 
17 3200 Pile T 1.00 
10 3200 PS P0 Idle "" 
10 3200 PS P0 Exec "a44" 
17 3200 Pile T 1.00 
10 3200 PS P0 Idle "" 
10 3200 PS P0 Exec "a41" 
17 3200 Pile T 1.00 
10 3200 PS P0 Idle "" 
10 3200 PS P0 Exec "a13" 
17 3200 Pile T 1.00 
10 3200 PS P0 Idle "" 
10 3200 PS P0 Exec "a53" 
17 3200 Pile T 1.00 
10 3200 PS P0 Idle "" 
10 3200 PS P0 Exec "a31" 
17 3200 Pile T 1.00 
10 3200 PS P0 Idle "" 
10 3200 PS P0 Exec "a24" 
17 3200 Pile T 1.00 
10 3200 PS P0 Idle "" 
10 3200 PS P0 Exec "a15" 
17 3200 Pile T 1.00 
10 3200 PS P0 Idle "" 
10 3200 PS P0 Exec "a43" 
17 3200 Pile T 1.00 
10 3200 PS P0 Idle "" 
10 3200 PS P0 Exec "a32" 
17 3200 Pile T 1.00 
10 3200 PS P0 Idle "" 
10 3200 PS P0 Exec "a21" 
17 3200 Pile T 1.00 
10 3200 PS P0 Idle "" 
10 3200 PS P0 Tr "split-b" 
11 3200 P1 1_0_split-b "1600" TTP C
12 3200 P0 1_0_split-b "1600" TTP C
10 4800 PS P2 Exec "a11" 
10 4800 PS P3 Exec "a45" 
10 4800 PS P4 Exec "a54" 
10 4800 PS P5 Exec "a35" 
10 4800 PS P6 Exec "a14" 
10 4800 PS P7 Exec "a12" 
10 4800 PS P8 Exec "a55" 
10 4800 PS P9 Exec "a33" 
10 4800 PS P1 Exec "a25" 
10 4800 PS P0 Exec "b32" 
17 4800 Pile T 1.00 
10 4800 PS P2 Idle "" 
10 4800 PS P2 Tr "split-b" 
11 4800 P1 1_2_split-b "1600" TTP C
12 4800 P2 1_2_split-b "1600" TTP C
17 4800 Pile T 1.00 
10 4800 PS P3 Idle "" 
10 4800 PS P3 Tr "split-b" 
11 4800 P1 1_3_split-b "1600" TTP C
12 4800 P3 1_3_split-b "1600" TTP C
17 4800 Pile T 1.00 
10 4800 PS P4 Idle "" 
10 4800 PS P4 Tr "split-b" 
11 4800 P1 1_4_split-b "1600" TTP C
12 4800 P4 1_4_split-b "1600" TTP C
17 4800 Pile T 1.00 
10 4800 PS P5 Idle "" 
10 4800 PS P5 Tr "split-b" 
11 4800 P1 1_5_split-b "1600" TTP C
12 4800 P5 1_5_split-b "1600" TTP C
17 4800 Pile T 1.00 
10 4800 PS P6 Idle "" 
10 4800 PS P6 Tr "split-b" 
11 4800 P1 1_6_split-b "1600" TTP C
12 4800 P6 1_6_split-b "1600" TTP C
17 4800 Pile T 1.00 
10 4800 PS P7 Idle "" 
10 4800 PS P7 Tr "split-b" 
11 4800 P1 1_7_split-b "1600" TTP C
12 4800 P7 1_7_split-b "1600" TTP C
17 4800 Pile T 1.00 
10 4800 PS P8 Idle "" 
10 4800 PS P8 Tr "split-b" 
11 4800 P1 1_8_split-b "1600" TTP C
12 4800 P8 1_8_split-b "1600" TTP C
17 4800 Pile T 1.00 
10 4800 PS P9 Idle "" 
10 4800 PS P9 Tr "split-b" 
11 4800 P1 1_9_split-b "1600" TTP C
12 4800 P9 1_9_split-b "1600" TTP C
17 4800 Pile T 1.00 
10 4800 PS P1 Idle "" 
10 4800 PS P1 Exec "b42" 
17 4800 Pile T 1.00 
16 4800 Pile T 1.00 
16 4800 Pile T 1.00 
16 4800 Pile T 1.00 
16 4800 Pile T 1.00 
16 4800 Pile T 1.00 
10 4800 PS P0 Idle "" 
10 4800 PS P0 Exec "b21" 
17 4800 Pile T 1.00 
16 4800 Pile T 1.00 
16 4800 Pile T 1.00 
16 4800 Pile T 1.00 
16 4800 Pile T 1.00 
16 4800 Pile T 1.00 
10 4800 PS P1 Idle "" 
10 4800 PS P1 Exec "b35" 
17 4800 Pile T 1.00 
16 4800 Pile T 1.00 
16 4800 Pile T 1.00 
16 4800 Pile T 1.00 
16 4800 Pile T 1.00 
16 4800 Pile T 1.00 
10 4800 PS P0 Idle "" 
10 4800 PS P0 Exec "b53" 
17 4800 Pile T 1.00 
16 4800 Pile T 1.00 
16 4800 Pile T 1.00 
16 4800 Pile T 1.00 
16 4800 Pile T 1.00 
16 4800 Pile T 1.00 
10 4800 PS P1 Idle "" 
10 4800 PS P1 Exec "b34" 
17 4800 Pile T 1.00 
16 4800 Pile T 1.00 
16 4800 Pile T 1.00 
16 4800 Pile T 1.00 
16 4800 Pile T 1.00 
16 4800 Pile T 1.00 
10 4800 PS P0 Idle "" 
10 4800 PS P0 Exec "b25" 
17 4800 Pile T 1.00 
16 4800 Pile T 1.00 
16 4800 Pile T 1.00 
16 4800 Pile T 1.00 
16 4800 Pile T 1.00 
16 4800 Pile T 1.00 
10 4800 PS P1 Idle "" 
10 4800 PS P1 Exec "b22" 
17 4800 Pile T 1.00 
16 4800 Pile T 1.00 
16 4800 Pile T 1.00 
16 4800 Pile T 1.00 
16 4800 Pile T 1.00 
16 4800 Pile T 1.00 
10 4800 PS P0 Idle "" 
10 4800 PS P0 Exec "b31" 
17 4800 Pile T 1.00 
16 4800 Pile T 1.00 
16 4800 Pile T 1.00 
16 4800 Pile T 1.00 
16 4800 Pile T 1.00 
16 4800 Pile T 1.00 
10 4800 PS P1 Idle "" 
10 4800 PS P1 Exec "b44" 
17 4800 Pile T 1.00 
16 4800 Pile T 1.00 
16 4800 Pile T 1.00 
16 4800 Pile T 1.00 
16 4800 Pile T 1.00 
16 4800 Pile T 1.00 
10 4800 PS P0 Idle "" 
10 4800 PS P0 Exec "b43" 
17 4800 Pile T 1.00 
16 4800 Pile T 1.00 
16 4800 Pile T 1.00 
16 4800 Pile T 1.00 
16 4800 Pile T 1.00 
16 4800 Pile T 1.00 
10 4800 PS P1 Idle "" 
10 4800 PS P1 Exec "b55" 
17 4800 Pile T 1.00 
16 4800 Pile T 1.00 
16 4800 Pile T 1.00 
16 4800 Pile T 1.00 
16 4800 Pile T 1.00 
16 4800 Pile T 1.00 
10 4800 PS P0 Idle "" 
10 4800 PS P0 Exec "b33" 
17 4800 Pile T 1.00 
16 4800 Pile T 1.00 
16 4800 Pile T 1.00 
16 4800 Pile T 1.00 
16 4800 Pile T 1.00 
16 4800 Pile T 1.00 
10 4800 PS P1 Idle "" 
10 4800 PS P1 Exec "b15" 
17 4800 Pile T 1.00 
16 4800 Pile T 1.00 
16 4800 Pile T 1.00 
16 4800 Pile T 1.00 
16 4800 Pile T 1.00 
16 4800 Pile T 1.00 
10 4800 PS P0 Idle "" 
10 4800 PS P0 Exec "b23" 
17 4800 Pile T 1.00 
16 4800 Pile T 1.00 
16 4800 Pile T 1.00 
16 4800 Pile T 1.00 
16 4800 Pile T 1.00 
16 4800 Pile T 1.00 
10 4800 PS P1 Idle "" 
10 4800 PS P1 Exec "b11" 
17 4800 Pile T 1.00 
16 4800 Pile T 1.00 
16 4800 Pile T 1.00 
16 4800 Pile T 1.00 
16 4800 Pile T 1.00 
16 4800 Pile T 1.00 
10 4800 PS P0 Idle "" 
10 4800 PS P0 Exec "b52" 
17 4800 Pile T 1.00 
16 4800 Pile T 1.00 
16 4800 Pile T 1.00 
16 4800 Pile T 1.00 
16 4800 Pile T 1.00 
16 4800 Pile T 1.00 
10 4800 PS P1 Idle "" 
10 4800 PS P1 Tr "a13" 
11 4800 P0 0_1_a13 "64" TTP C
12 4800 P1 0_1_a13 "64" TTP C
17 4800 Pile T 1.00 
16 4800 Pile T 1.00 
16 4800 Pile T 1.00 
16 4800 Pile T 1.00 
16 4800 Pile T 1.00 
16 4800 Pile T 1.00 
10 4800 PS P0 Idle "" 
10 4800 PS P0 Exec "a53*b32" 
10 4864 PS P1 Tr "b32" 
11 4864 P0 0_1_b32 "64" TTP C
12 4864 P1 0_1_b32 "64" TTP C
10 4928 PS P1 Exec "a13*b32" 
17 5312 Pile T 1.00 
10 5312 PS P0 Idle "" 
10 5312 PS P0 Tr "a33" 
11 5312 P9 9_0_a33 "64" TTP C
12 5312 P0 9_0_a33 "64" TTP C
10 5376 PS P0 Exec "a33*b32" 
17 5440 Pile T 1.00 
10 5440 PS P1 Idle "" 
10 5440 PS P1 Tr "a23" 
11 5440 P0 0_1_a23 "64" TTP C
12 5440 P1 0_1_a23 "64" TTP C
10 5504 PS P1 Exec "a23*b32" 
17 5888 Pile T 1.00 
10 5888 PS P0 Idle "" 
10 5888 PS P0 Exec "a43*b32" 
17 6016 Pile T 1.00 
10 6016 PS P1 Idle "" 
10 6016 PS P1 Tr "a54" 
11 6016 P4 4_1_a54 "64" TTP C
12 6016 P1 4_1_a54 "64" TTP C
10 6080 PS P1 Exec "a54*b42" 
10 6400 PS P2 Exec "b51" 
10 6400 PS P3 Exec "b13" 
10 6400 PS P4 Exec "b24" 
10 6400 PS P5 Exec "b12" 
10 6400 PS P6 Exec "b54" 
10 6400 PS P7 Exec "b45" 
10 6400 PS P8 Exec "b41" 
10 6400 PS P9 Exec "b14" 
17 6400 Pile T 1.00 
10 6400 PS P0 Idle "" 
10 6400 PS P0 Tr "b42" 
11 6400 P1 1_0_b42 "64" TTP C
12 6400 P0 1_0_b42 "64" TTP C
17 6400 Pile T 1.00 
16 6400 Pile T 1.00 
16 6400 Pile T 1.00 
16 6400 Pile T 1.00 
16 6400 Pile T 1.00 
16 6400 Pile T 1.00 
10 6400 PS P2 Idle "" 
10 6400 PS P2 Tr "b42" 
11 6400 P1 1_2_b42 "64" TTP C
12 6400 P2 1_2_b42 "64" TTP C
17 6400 Pile T 1.00 
16 6400 Pile T 1.00 
16 6400 Pile T 1.00 
16 6400 Pile T 1.00 
16 6400 Pile T 1.00 
16 6400 Pile T 1.00 
10 6400 PS P3 Idle "" 
10 6400 PS P3 Tr "a14" 
11 6400 P6 6_3_a14 "64" TTP C
12 6400 P3 6_3_a14 "64" TTP C
17 6400 Pile T 1.00 
16 6400 Pile T 1.00 
16 6400 Pile T 1.00 
16 6400 Pile T 1.00 
16 6400 Pile T 1.00 
16 6400 Pile T 1.00 
10 6400 PS P4 Idle "" 
10 6400 PS P4 Tr "a44" 
11 6400 P0 0_4_a44 "64" TTP C
12 6400 P4 0_4_a44 "64" TTP C
17 6400 Pile T 1.00 
16 6400 Pile T 1.00 
16 6400 Pile T 1.00 
16 6400 Pile T 1.00 
16 6400 Pile T 1.00 
16 6400 Pile T 1.00 
10 6400 PS P5 Idle "" 
10 6400 PS P5 Tr "b21" 
11 6400 P0 0_5_b21 "64" TTP C
12 6400 P5 0_5_b21 "64" TTP C
17 6400 Pile T 1.00 
16 6400 Pile T 1.00 
16 6400 Pile T 1.00 
16 6400 Pile T 1.00 
16 6400 Pile T 1.00 
16 6400 Pile T 1.00 
10 6400 PS P6 Idle "" 
10 6400 PS P6 Tr "a22" 
11 6400 P0 0_6_a22 "64" TTP C
12 6400 P6 0_6_a22 "64" TTP C
17 6400 Pile T 1.00 
16 6400 Pile T 1.00 
16 6400 Pile T 1.00 
16 6400 Pile T 1.00 
16 6400 Pile T 1.00 
16 6400 Pile T 1.00 
10 6400 PS P7 Idle "" 
10 6400 PS P7 Tr "b21" 
11 6400 P0 0_7_b21 "64" TTP C
12 6400 P7 0_7_b21 "64" TTP C
17 6400 Pile T 1.00 
16 6400 Pile T 1.00 
16 6400 Pile T 1.00 
16 6400 Pile T 1.00 
16 6400 Pile T 1.00 
16 6400 Pile T 1.00 
10 6400 PS P8 Idle "" 
10 6400 PS P8 Tr "a52" 
11 6400 P0 0_8_a52 "64" TTP C
12 6400 P8 0_8_a52 "64" TTP C
17 6400 Pile T 1.00 
16 6400 Pile T 1.00 
16 6400 Pile T 1.00 
16 6400 Pile T 1.00 
16 6400 Pile T 1.00 
16 6400 Pile T 1.00 
10 6400 PS P9 Idle "" 
10 6400 PS P9 Tr "a12" 
11 6400 P7 7_9_a12 "64" TTP C
12 6400 P9 7_9_a12 "64" TTP C
10 6464 PS P0 Exec "a24*b42" 
10 6464 PS P2 Tr "a34" 
11 6464 P0 0_2_a34 "64" TTP C
12 6464 P2 0_2_a34 "64" TTP C
10 6464 PS P3 Tr "b42" 
11 6464 P1 1_3_b42 "64" TTP C
12 6464 P3 1_3_b42 "64" TTP C
10 6464 PS P4 Tr "b42" 
11 6464 P1 1_4_b42 "64" TTP C
12 6464 P4 1_4_b42 "64" TTP C
10 6464 PS P5 Tr "a32" 
11 6464 P0 0_5_a32 "64" TTP C
12 6464 P5 0_5_a32 "64" TTP C
10 6464 PS P6 Tr "b21" 
11 6464 P0 0_6_b21 "64" TTP C
12 6464 P6 0_6_b21 "64" TTP C
10 6464 PS P7 Tr "a42" 
11 6464 P0 0_7_a42 "64" TTP C
12 6464 P7 0_7_a42 "64" TTP C
10 6464 PS P8 Tr "b21" 
11 6464 P0 0_8_b21 "64" TTP C
12 6464 P8 0_8_b21 "64" TTP C
10 6464 PS P9 Tr "b21" 
11 6464 P0 0_9_b21 "64" TTP C
12 6464 P9 0_9_b21 "64" TTP C
10 6528 PS P2 Exec "a34*b42" 
10 6528 PS P3 Exec "a14*b42" 
10 6528 PS P4 Exec "a44*b42" 
10 6528 PS P5 Exec "a32*b21" 
10 6528 PS P6 Exec "a22*b21" 
10 6528 PS P7 Exec "a42*b21" 
10 6528 PS P8 Exec "a52*b21" 
10 6528 PS P9 Exec "a12*b21" 
17 6592 Pile T 1.00 
10 6592 PS P1 Idle "" 
10 6592 PS P1 Tr "a43" 
11 6592 P0 0_1_a43 "64" TTP C
12 6592 P1 0_1_a43 "64" TTP C
10 6656 PS P1 Exec "a43*b35" 
17 6976 Pile T 1.00 
10 6976 PS P0 Idle "" 
10 6976 PS P0 Tr "b35" 
11 6976 P1 1_0_b35 "64" TTP C
12 6976 P0 1_0_b35 "64" TTP C
17 7040 Pile T 1.00 
10 7040 PS P2 Idle "" 
10 7040 PS P2 Tr "a53" 
11 7040 P0 0_2_a53 "64" TTP C
12 7040 P2 0_2_a53 "64" TTP C
17 7040 Pile T 1.00 
10 7040 PS P3 Idle "" 
10 7040 PS P3 Tr "b35" 
11 7040 P1 1_3_b35 "64" TTP C
12 7040 P3 1_3_b35 "64" TTP C
17 7040 Pile T 1.00 
10 7040 PS P4 Idle "" 
10 7040 PS P4 Tr "a23" 
11 7040 P0 0_4_a23 "64" TTP C
12 7040 P4 0_4_a23 "64" TTP C
17 7040 Pile T 1.00 
10 7040 PS P5 Idle "" 
10 7040 PS P5 Tr "b53" 
11 7040 P0 0_5_b53 "64" TTP C
12 7040 P5 0_5_b53 "64" TTP C
17 7040 Pile T 1.00 
10 7040 PS P6 Idle "" 
10 7040 PS P6 Tr "b53" 
11 7040 P0 0_6_b53 "64" TTP C
12 7040 P6 0_6_b53 "64" TTP C
17 7040 Pile T 1.00 
10 7040 PS P7 Idle "" 
10 7040 PS P7 Tr "a55" 
11 7040 P8 8_7_a55 "64" TTP C
12 7040 P7 8_7_a55 "64" TTP C
17 7040 Pile T 1.00 
10 7040 PS P8 Idle "" 
10 7040 PS P8 Tr "a35" 
11 7040 P5 5_8_a35 "64" TTP C
12 7040 P8 5_8_a35 "64" TTP C
17 7040 Pile T 1.00 
10 7040 PS P9 Idle "" 
10 7040 PS P9 Tr "a15" 
11 7040 P0 0_9_a15 "64" TTP C
12 7040 P9 0_9_a15 "64" TTP C
10 7040 PS P0 Exec "a33*b35" 
10 7104 PS P2 Tr "b35" 
11 7104 P1 1_2_b35 "64" TTP C
12 7104 P2 1_2_b35 "64" TTP C
10 7104 PS P3 Tr "a13" 
11 7104 P0 0_3_a13 "64" TTP C
12 7104 P3 0_3_a13 "64" TTP C
10 7104 PS P4 Tr "b35" 
11 7104 P1 1_4_b35 "64" TTP C
12 7104 P4 1_4_b35 "64" TTP C
10 7104 PS P5 Tr "a45" 
11 7104 P3 3_5_a45 "64" TTP C
12 7104 P5 3_5_a45 "64" TTP C
10 7104 PS P6 Tr "a25" 
11 7104 P1 1_6_a25 "64" TTP C
12 7104 P6 1_6_a25 "64" TTP C
10 7104 PS P7 Tr "b53" 
11 7104 P0 0_7_b53 "64" TTP C
12 7104 P7 0_7_b53 "64" TTP C
10 7104 PS P8 Tr "b53" 
11 7104 P0 0_8_b53 "64" TTP C
12 7104 P8 0_8_b53 "64" TTP C
10 7104 PS P9 Tr "b53" 
11 7104 P0 0_9_b53 "64" TTP C
12 7104 P9 0_9_b53 "64" TTP C
17 7168 Pile T 1.00 
10 7168 PS P1 Idle "" 
10 7168 PS P1 Tr "a33" 
11 7168 P9 9_1_a33 "64" TTP C
12 7168 P1 9_1_a33 "64" TTP C
10 7168 PS P2 Exec "a53*b35" 
10 7168 PS P3 Exec "a13*b35" 
10 7168 PS P4 Exec "a23*b35" 
10 7168 PS P5 Exec "a45*b53" 
10 7168 PS P6 Exec "a25*b53" 
10 7168 PS P7 Exec "a55*b53" 
10 7168 PS P8 Exec "a35*b53" 
10 7168 PS P9 Exec "a15*b53" 
10 7232 PS P1 Exec "a33*b34" 
17 7552 Pile T 1.00 
10 7552 PS P0 Idle "" 
10 7552 PS P0 Tr "b34" 
11 7552 P1 1_0_b34 "64" TTP C
12 7552 P0 1_0_b34 "64" TTP C
10 7616 PS P0 Exec "a13*b34" 
17 7680 Pile T 1.00 
10 7680 PS P2 Idle "" 
10 7680 PS P2 Tr "a43" 
11 7680 P0 0_2_a43 "64" TTP C
12 7680 P2 0_2_a43 "64" TTP C
17 7680 Pile T 1.00 
10 7680 PS P3 Idle "" 
10 7680 PS P3 Tr "a53" 
11 7680 P0 0_3_a53 "64" TTP C
12 7680 P3 0_3_a53 "64" TTP C
17 7680 Pile T 1.00 
10 7680 PS P4 Idle "" 
10 7680 PS P4 Tr "b34" 
11 7680 P1 1_4_b34 "64" TTP C
12 7680 P4 1_4_b34 "64" TTP C
17 7680 Pile T 1.00 
10 7680 PS P5 Idle "" 
10 7680 PS P5 Tr "a12" 
11 7680 P7 7_5_a12 "64" TTP C
12 7680 P5 7_5_a12 "64" TTP C
17 7680 Pile T 1.00 
10 7680 PS P6 Idle "" 
10 7680 PS P6 Tr "b25" 
11 7680 P0 0_6_b25 "64" TTP C
12 7680 P6 0_6_b25 "64" TTP C
17 7680 Pile T 1.00 
10 7680 PS P7 Idle "" 
10 7680 PS P7 Tr "b25" 
11 7680 P0 0_7_b25 "64" TTP C
12 7680 P7 0_7_b25 "64" TTP C
17 7680 Pile T 1.00 
10 7680 PS P8 Idle "" 
10 7680 PS P8 Tr "a32" 
11 7680 P0 0_8_a32 "64" TTP C
12 7680 P8 0_8_a32 "64" TTP C
17 7680 Pile T 1.00 
10 7680 PS P9 Idle "" 
10 7680 PS P9 Tr "a42" 
11 7680 P0 0_9_a42 "64" TTP C
12 7680 P9 0_9_a42 "64" TTP C
17 7744 Pile T 1.00 
10 7744 PS P1 Idle "" 
10 7744 PS P1 Tr "a42" 
11 7744 P0 0_1_a42 "64" TTP C
12 7744 P1 0_1_a42 "64" TTP C
10 7744 PS P2 Tr "b34" 
11 7744 P1 1_2_b34 "64" TTP C
12 7744 P2 1_2_b34 "64" TTP C
10 7744 PS P3 Tr "b34" 
11 7744 P1 1_3_b34 "64" TTP C
12 7744 P3 1_3_b34 "64" TTP C
10 7744 PS P4 Exec "a23*b34" 
10 7744 PS P5 Tr "b25" 
11 7744 P0 0_5_b25 "64" TTP C
12 7744 P5 0_5_b25 "64" TTP C
10 7744 PS P6 Tr "a52" 
11 7744 P0 0_6_a52 "64" TTP C
12 7744 P6 0_6_a52 "64" TTP C
10 7744 PS P7 Tr "a22" 
11 7744 P0 0_7_a22 "64" TTP C
12 7744 P7 0_7_a22 "64" TTP C
10 7744 PS P8 Tr "b25" 
11 7744 P0 0_8_b25 "64" TTP C
12 7744 P8 0_8_b25 "64" TTP C
10 7744 PS P9 Tr "b25" 
11 7744 P0 0_9_b25 "64" TTP C
12 7744 P9 0_9_b25 "64" TTP C
10 7808 PS P1 Exec "a42*b22" 
10 7808 PS P2 Exec "a43*b34" 
10 7808 PS P3 Exec "a53*b34" 
10 7808 PS P5 Exec "a12*b25" 
10 7808 PS P6 Exec "a52*b25" 
10 7808 PS P7 Exec "a22*b25" 
10 7808 PS P8 Exec "a32*b25" 
10 7808 PS P9 Exec "a42*b25" 
17 8128 Pile T 1.00 
10 8128 PS P0 Idle "" 
10 8128 PS P0 Tr "b22" 
11 8128 P1 1_0_b22 "64" TTP C
12 8128 P0 1_0_b22 "64" TTP C
10 8192 PS P0 Exec "a32*b22" 
17 8256 Pile T 1.00 
10 8256 PS P4 Idle "" 
10 8256 PS P4 Tr "a12" 
11 8256 P7 7_4_a12 "64" TTP C
12 8256 P4 7_4_a12 "64" TTP C
17 8320 Pile T 1.00 
10 8320 PS P1 Idle "" 
10 8320 PS P1 Tr "a22" 
11 8320 P0 0_1_a22 "64" TTP C
12 8320 P1 0_1_a22 "64" TTP C
17 8320 Pile T 1.00 
10 8320 PS P2 Idle "" 
10 8320 PS P2 Tr "a52" 
11 8320 P0 0_2_a52 "64" TTP C
12 8320 P2 0_2_a52 "64" TTP C
17 8320 Pile T 1.00 
10 8320 PS P3 Idle "" 
10 8320 PS P3 Tr "a23" 
11 8320 P0 0_3_a23 "64" TTP C
12 8320 P3 0_3_a23 "64" TTP C
17 8320 Pile T 1.00 
10 8320 PS P5 Idle "" 
10 8320 PS P5 Tr "b31" 
11 8320 P0 0_5_b31 "64" TTP C
12 8320 P5 0_5_b31 "64" TTP C
17 8320 Pile T 1.00 
10 8320 PS P6 Idle "" 
10 8320 PS P6 Tr "a13" 
11 8320 P0 0_6_a13 "64" TTP C
12 8320 P6 0_6_a13 "64" TTP C
17 8320 Pile T 1.00 
10 8320 PS P7 Idle "" 
10 8320 PS P7 Tr "b31" 
11 8320 P0 0_7_b31 "64" TTP C
12 8320 P7 0_7_b31 "64" TTP C
17 8320 Pile T 1.00 
10 8320 PS P8 Idle "" 
10 8320 PS P8 Tr "b31" 
11 8320 P0 0_8_b31 "64" TTP C
12 8320 P8 0_8_b31 "64" TTP C
17 8320 Pile T 1.00 
10 8320 PS P9 Idle "" 
10 8320 PS P9 Tr "b44" 
11 8320 P1 1_9_b44 "64" TTP C
12 8320 P9 1_9_b44 "64" TTP C
10 8320 PS P4 Tr "b22" 
11 8320 P1 1_4_b22 "64" TTP C
12 8320 P4 1_4_b22 "64" TTP C
10 8384 PS P1 Exec "a22*b22" 
10 8384 PS P2 Tr "b22" 
11 8384 P1 1_2_b22 "64" TTP C
12 8384 P2 1_2_b22 "64" TTP C
10 8384 PS P3 Tr "b31" 
11 8384 P0 0_3_b31 "64" TTP C
12 8384 P3 0_3_b31 "64" TTP C
10 8384 PS P5 Tr "a43" 
11 8384 P0 0_5_a43 "64" TTP C
12 8384 P5 0_5_a43 "64" TTP C
10 8384 PS P6 Tr "b31" 
11 8384 P0 0_6_b31 "64" TTP C
12 8384 P6 0_6_b31 "64" TTP C
10 8384 PS P7 Tr "a53" 
11 8384 P0 0_7_a53 "64" TTP C
12 8384 P7 0_7_a53 "64" TTP C
10 8384 PS P8 Tr "a33" 
11 8384 P9 9_8_a33 "64" TTP C
12 8384 P8 9_8_a33 "64" TTP C
10 8384 PS P9 Tr "a34" 
11 8384 P0 0_9_a34 "64" TTP C
12 8384 P9 0_9_a34 "64" TTP C
10 8384 PS P4 Exec "a12*b22" 
10 8448 PS P2 Exec "a52*b22" 
10 8448 PS P3 Exec "a23*b31" 
10 8448 PS P5 Exec "a43*b31" 
10 8448 PS P6 Exec "a13*b31" 
10 8448 PS P7 Exec "a53*b31" 
10 8448 PS P8 Exec "a33*b31" 
10 8448 PS P9 Exec "a34*b44" 
17 8704 Pile T 1.00 
10 8704 PS P0 Idle "" 
10 8704 PS P0 Tr "b44" 
11 8704 P1 1_0_b44 "64" TTP C
12 8704 P0 1_0_b44 "64" TTP C
10 8768 PS P0 Exec "a44*b44" 
17 8896 Pile T 1.00 
10 8896 PS P1 Idle "" 
10 8896 PS P1 Tr "a24" 
11 8896 P0 0_1_a24 "64" TTP C
12 8896 P1 0_1_a24 "64" TTP C
17 8896 Pile T 1.00 
10 8896 PS P4 Idle "" 
10 8896 PS P4 Tr "b44" 
11 8896 P1 1_4_b44 "64" TTP C
12 8896 P4 1_4_b44 "64" TTP C
17 8960 Pile T 1.00 
10 8960 PS P2 Idle "" 
10 8960 PS P2 Tr "b44" 
11 8960 P1 1_2_b44 "64" TTP C
12 8960 P2 1_2_b44 "64" TTP C
17 8960 Pile T 1.00 
10 8960 PS P3 Idle "" 
10 8960 PS P3 Tr "b43" 
11 8960 P0 0_3_b43 "64" TTP C
12 8960 P3 0_3_b43 "64" TTP C
17 8960 Pile T 1.00 
10 8960 PS P5 Idle "" 
10 8960 PS P5 Tr "a44" 
11 8960 P0 0_5_a44 "64" TTP C
12 8960 P5 0_5_a44 "64" TTP C
17 8960 Pile T 1.00 
10 8960 PS P6 Idle "" 
10 8960 PS P6 Tr "b43" 
11 8960 P0 0_6_b43 "64" TTP C
12 8960 P6 0_6_b43 "64" TTP C
17 8960 Pile T 1.00 
10 8960 PS P7 Idle "" 
10 8960 PS P7 Tr "b43" 
11 8960 P0 0_7_b43 "64" TTP C
12 8960 P7 0_7_b43 "64" TTP C
17 8960 Pile T 1.00 
10 8960 PS P8 Idle "" 
10 8960 PS P8 Tr "b43" 
11 8960 P0 0_8_b43 "64" TTP C
12 8960 P8 0_8_b43 "64" TTP C
17 8960 Pile T 1.00 
10 8960 PS P9 Idle "" 
10 8960 PS P9 Tr "a25" 
11 8960 P1 1_9_a25 "64" TTP C
12 8960 P9 1_9_a25 "64" TTP C
10 8960 PS P1 Exec "a24*b44" 
10 8960 PS P4 Tr "a14" 
11 8960 P6 6_4_a14 "64" TTP C
12 8960 P4 6_4_a14 "64" TTP C
10 9024 PS P2 Tr "a54" 
11 9024 P4 4_2_a54 "64" TTP C
12 9024 P2 4_2_a54 "64" TTP C
10 9024 PS P3 Exec "a14*b43" 
10 9024 PS P5 Tr "b43" 
11 9024 P0 0_5_b43 "64" TTP C
12 9024 P5 0_5_b43 "64" TTP C
10 9024 PS P6 Tr "a24" 
11 9024 P0 0_6_a24 "64" TTP C
12 9024 P6 0_6_a24 "64" TTP C
10 9024 PS P7 Tr "a54" 
11 9024 P4 4_7_a54 "64" TTP C
12 9024 P7 4_7_a54 "64" TTP C
10 9024 PS P8 Tr "a34" 
11 9024 P0 0_8_a34 "64" TTP C
12 9024 P8 0_8_a34 "64" TTP C
10 9024 PS P9 Tr "b55" 
11 9024 P1 1_9_b55 "64" TTP C
12 9024 P9 1_9_b55 "64" TTP C
10 9024 PS P4 Exec "a14*b44" 
10 9088 PS P2 Exec "a54*b44" 
10 9088 PS P5 Exec "a44*b43" 
10 9088 PS P6 Exec "a24*b43" 
10 9088 PS P7 Exec "a54*b43" 
10 9088 PS P8 Exec "a34*b43" 
10 9088 PS P9 Exec "a25*b55" 
17 9280 Pile T 1.00 
10 9280 PS P0 Idle "" 
10 9280 PS P0 Tr "a35" 
11 9280 P5 5_0_a35 "64" TTP C
12 9280 P0 5_0_a35 "64" TTP C
10 9344 PS P0 Tr "b55" 
11 9344 P1 1_0_b55 "64" TTP C
12 9344 P0 1_0_b55 "64" TTP C
10 9408 PS P0 Exec "a35*b55" 
17 9472 Pile T 1.00 
10 9472 PS P1 Idle "" 
10 9472 PS P1 Tr "a55" 
11 9472 P8 8_1_a55 "64" TTP C
12 9472 P1 8_1_a55 "64" TTP C
17 9536 Pile T 1.00 
10 9536 PS P3 Idle "" 
10 9536 PS P3 Tr "b55" 
11 9536 P1 1_3_b55 "64" TTP C
12 9536 P3 1_3_b55 "64" TTP C
17 9536 Pile T 1.00 
10 9536 PS P4 Idle "" 
10 9536 PS P4 Tr "a15" 
11 9536 P0 0_4_a15 "64" TTP C
12 9536 P4 0_4_a15 "64" TTP C
10 9536 PS P1 Exec "a55*b55" 
17 9600 Pile T 1.00 
10 9600 PS P2 Idle "" 
10 9600 PS P2 Tr "a13" 
11 9600 P0 0_2_a13 "64" TTP C
12 9600 P2 0_2_a13 "64" TTP C
17 9600 Pile T 1.00 
10 9600 PS P5 Idle "" 
10 9600 PS P5 Tr "a33" 
11 9600 P9 9_5_a33 "64" TTP C
12 9600 P5 9_5_a33 "64" TTP C
17 9600 Pile T 1.00 
10 9600 PS P6 Idle "" 
10 9600 PS P6 Tr "a53" 
11 9600 P0 0_6_a53 "64" TTP C
12 9600 P6 0_6_a53 "64" TTP C
17 9600 Pile T 1.00 
10 9600 PS P7 Idle "" 
10 9600 PS P7 Tr "b33" 
11 9600 P0 0_7_b33 "64" TTP C
12 9600 P7 0_7_b33 "64" TTP C
17 9600 Pile T 1.00 
10 9600 PS P8 Idle "" 
10 9600 PS P8 Tr "b33" 
11 9600 P0 0_8_b33 "64" TTP C
12 9600 P8 0_8_b33 "64" TTP C
17 9600 Pile T 1.00 
10 9600 PS P9 Idle "" 
10 9600 PS P9 Tr "a41" 
11 9600 P0 0_9_a41 "64" TTP C
12 9600 P9 0_9_a41 "64" TTP C
10 9600 PS P3 Exec "a45*b55" 
10 9600 PS P4 Tr "b55" 
11 9600 P1 1_4_b55 "64" TTP C
12 9600 P4 1_4_b55 "64" TTP C
10 9664 PS P2 Tr "b33" 
11 9664 P0 0_2_b33 "64" TTP C
12 9664 P2 0_2_b33 "64" TTP C
10 9664 PS P5 Tr "b33" 
11 9664 P0 0_5_b33 "64" TTP C
12 9664 P5 0_5_b33 "64" TTP C
10 9664 PS P6 Tr "b33" 
11 9664 P0 0_6_b33 "64" TTP C
12 9664 P6 0_6_b33 "64" TTP C
10 9664 PS P7 Tr "a23" 
11 9664 P0 0_7_a23 "64" TTP C
12 9664 P7 0_7_a23 "64" TTP C
10 9664 PS P8 Tr "a43" 
11 9664 P0 0_8_a43 "64" TTP C
12 9664 P8 0_8_a43 "64" TTP C
10 9664 PS P9 Tr "b15" 
11 9664 P1 1_9_b15 "64" TTP C
12 9664 P9 1_9_b15 "64" TTP C
10 9664 PS P4 Exec "a15*b55" 
10 9728 PS P2 Exec "a13*b33" 
10 9728 PS P5 Exec "a33*b33" 
10 9728 PS P6 Exec "a53*b33" 
10 9728 PS P7 Exec "a23*b33" 
10 9728 PS P8 Exec "a43*b33" 
10 9728 PS P9 Exec "a41*b15" 
17 9920 Pile T 1.00 
10 9920 PS P0 Idle "" 
10 9920 PS P0 Tr "b15" 
11 9920 P1 1_0_b15 "64" TTP C
12 9920 P0 1_0_b15 "64" TTP C
10 9984 PS P0 Exec "a31*b15" 
17 10048 Pile T 1.00 
10 10048 PS P1 Idle "" 
10 10048 PS P1 Tr "a11" 
11 10048 P2 2_1_a11 "64" TTP C
12 10048 P1 2_1_a11 "64" TTP C
17 10112 Pile T 1.00 
10 10112 PS P3 Idle "" 
10 10112 PS P3 Tr "a51" 
11 10112 P0 0_3_a51 "64" TTP C
12 10112 P3 0_3_a51 "64" TTP C
10 10112 PS P1 Exec "a11*b15" 
17 10176 Pile T 1.00 
10 10176 PS P4 Idle "" 
10 10176 PS P4 Tr "b15" 
11 10176 P1 1_4_b15 "64" TTP C
12 10176 P4 1_4_b15 "64" TTP C
10 10176 PS P3 Tr "b15" 
11 10176 P1 1_3_b15 "64" TTP C
12 10176 P3 1_3_b15 "64" TTP C
17 10240 Pile T 1.00 
10 10240 PS P2 Idle "" 
10 10240 PS P2 Tr "b23" 
11 10240 P0 0_2_b23 "64" TTP C
12 10240 P2 0_2_b23 "64" TTP C
17 10240 Pile T 1.00 
10 10240 PS P5 Idle "" 
10 10240 PS P5 Tr "a22" 
11 10240 P0 0_5_a22 "64" TTP C
12 10240 P5 0_5_a22 "64" TTP C
17 10240 Pile T 1.00 
10 10240 PS P6 Idle "" 
10 10240 PS P6 Tr "b23" 
11 10240 P0 0_6_b23 "64" TTP C
12 10240 P6 0_6_b23 "64" TTP C
17 10240 Pile T 1.00 
10 10240 PS P7 Idle "" 
10 10240 PS P7 Tr "b23" 
11 10240 P0 0_7_b23 "64" TTP C
12 10240 P7 0_7_b23 "64" TTP C
17 10240 Pile T 1.00 
10 10240 PS P8 Idle "" 
10 10240 PS P8 Tr "a42" 
11 10240 P0 0_8_a42 "64" TTP C
12 10240 P8 0_8_a42 "64" TTP C
17 10240 Pile T 1.00 
10 10240 PS P9 Idle "" 
10 10240 PS P9 Tr "a11" 
11 10240 P2 2_9_a11 "64" TTP C
12 10240 P9 2_9_a11 "64" TTP C
10 10240 PS P4 Tr "a21" 
11 10240 P0 0_4_a21 "64" TTP C
12 10240 P4 0_4_a21 "64" TTP C
10 10240 PS P3 Exec "a51*b15" 
10 10304 PS P2 Tr "a32" 
11 10304 P0 0_2_a32 "64" TTP C
12 10304 P2 0_2_a32 "64" TTP C
10 10304 PS P5 Tr "b23" 
11 10304 P0 0_5_b23 "64" TTP C
12 10304 P5 0_5_b23 "64" TTP C
10 10304 PS P6 Exec "a52*b23" 
10 10304 PS P7 Exec "a12*b23" 
10 10304 PS P8 Tr "b23" 
11 10304 P0 0_8_b23 "64" TTP C
12 10304 P8 0_8_b23 "64" TTP C
10 10304 PS P9 Tr "b11" 
11 10304 P1 1_9_b11 "64" TTP C
12 10304 P9 1_9_b11 "64" TTP C
10 10304 PS P4 Exec "a21*b15" 
10 10368 PS P2 Exec "a32*b23" 
10 10368 PS P5 Exec "a22*b23" 
10 10368 PS P8 Exec "a42*b23" 
10 10368 PS P9 Exec "a11*b11" 
17 10496 Pile T 1.00 
10 10496 PS P0 Idle "" 
10 10496 PS P0 Tr "b11" 
11 10496 P1 1_0_b11 "64" TTP C
12 10496 P0 1_0_b11 "64" TTP C
10 10560 PS P0 Exec "a51*b11" 
17 10624 Pile T 1.00 
10 10624 PS P1 Idle "" 
10 10624 PS P1 Tr "a41" 
11 10624 P0 0_1_a41 "64" TTP C
12 10624 P1 0_1_a41 "64" TTP C
10 10688 PS P1 Exec "a41*b11" 
17 10752 Pile T 1.00 
10 10752 PS P3 Idle "" 
10 10752 PS P3 Tr "a21" 
11 10752 P0 0_3_a21 "64" TTP C
12 10752 P3 0_3_a21 "64" TTP C
17 10816 Pile T 1.00 
10 10816 PS P6 Idle "" 
10 10816 PS P6 Tr "b11" 
11 10816 P1 1_6_b11 "64" TTP C
12 10816 P6 1_6_b11 "64" TTP C
17 10816 Pile T 1.00 
10 10816 PS P7 Idle "" 
10 10816 PS P7 Tr "b52" 
11 10816 P0 0_7_b52 "64" TTP C
12 10816 P7 0_7_b52 "64" TTP C
17 10816 Pile T 1.00 
10 10816 PS P4 Idle "" 
10 10816 PS P4 Tr "b52" 
11 10816 P0 0_4_b52 "64" TTP C
12 10816 P4 0_4_b52 "64" TTP C
10 10816 PS P3 Tr "b11" 
11 10816 P1 1_3_b11 "64" TTP C
12 10816 P3 1_3_b11 "64" TTP C
17 10880 Pile T 1.00 
10 10880 PS P2 Idle "" 
10 10880 PS P2 Tr "a25" 
11 10880 P1 1_2_a25 "64" TTP C
12 10880 P2 1_2_a25 "64" TTP C
17 10880 Pile T 1.00 
10 10880 PS P5 Idle "" 
10 10880 PS P5 Tr "a15" 
11 10880 P0 0_5_a15 "64" TTP C
12 10880 P5 0_5_a15 "64" TTP C
17 10880 Pile T 1.00 
10 10880 PS P8 Idle "" 
10 10880 PS P8 Tr "a45" 
11 10880 P3 3_8_a45 "64" TTP C
12 10880 P8 3_8_a45 "64" TTP C
17 10880 Pile T 1.00 
10 10880 PS P9 Idle "" 
10 10880 PS P9 Tr "b51" 
11 10880 P2 2_9_b51 "64" TTP C
12 10880 P9 2_9_b51 "64" TTP C
10 10880 PS P6 Tr "a31" 
11 10880 P0 0_6_a31 "64" TTP C
12 10880 P6 0_6_a31 "64" TTP C
10 10880 PS P7 Exec "a55*b52" 
10 10880 PS P4 Tr "a35" 
11 10880 P5 5_4_a35 "64" TTP C
12 10880 P4 5_4_a35 "64" TTP C
10 10880 PS P3 Exec "a21*b11" 
10 10944 PS P2 Tr "b52" 
11 10944 P0 0_2_b52 "64" TTP C
12 10944 P2 0_2_b52 "64" TTP C
10 10944 PS P5 Tr "b52" 
11 10944 P0 0_5_b52 "64" TTP C
12 10944 P5 0_5_b52 "64" TTP C
10 10944 PS P8 Tr "b52" 
11 10944 P0 0_8_b52 "64" TTP C
12 10944 P8 0_8_b52 "64" TTP C
10 10944 PS P9 Exec "a15*b51" 
10 10944 PS P6 Exec "a31*b11" 
10 10944 PS P4 Exec "a35*b52" 
10 11008 PS P2 Exec "a25*b52" 
10 11008 PS P5 Exec "a15*b52" 
10 11008 PS P8 Exec "a45*b52" 
17 11072 Pile T 1.00 
10 11072 PS P0 Idle "" 
10 11072 PS P0 Tr "b51" 
11 11072 P2 2_0_b51 "64" TTP C
12 11072 P0 2_0_b51 "64" TTP C
10 11136 PS P0 Tr "a45" 
11 11136 P3 3_0_a45 "64" TTP C
12 11136 P0 3_0_a45 "64" TTP C
17 11200 Pile T 1.00 
10 11200 PS P1 Idle "" 
10 11200 PS P1 Tr "b51" 
11 11200 P2 2_1_b51 "64" TTP C
12 11200 P1 2_1_b51 "64" TTP C
10 11200 PS P0 Exec "a45*b51" 
10 11264 PS P1 Exec "a55*b51" 
17 11392 Pile T 1.00 
10 11392 PS P7 Idle "" 
10 11392 PS P7 Tr "a25" 
11 11392 P1 1_7_a25 "64" TTP C
12 11392 P7 1_7_a25 "64" TTP C
17 11392 Pile T 1.00 
10 11392 PS P3 Idle "" 
10 11392 PS P3 Tr "a35" 
11 11392 P5 5_3_a35 "64" TTP C
12 11392 P3 5_3_a35 "64" TTP C
17 11456 Pile T 1.00 
10 11456 PS P9 Idle "" 
10 11456 PS P9 Tr "a31" 
11 11456 P0 0_9_a31 "64" TTP C
12 11456 P9 0_9_a31 "64" TTP C
17 11456 Pile T 1.00 
10 11456 PS P6 Idle "" 
10 11456 PS P6 Tr "b13" 
11 11456 P3 3_6_b13 "64" TTP C
12 11456 P6 3_6_b13 "64" TTP C
17 11456 Pile T 1.00 
10 11456 PS P4 Idle "" 
10 11456 PS P4 Tr "b13" 
11 11456 P3 3_4_b13 "64" TTP C
12 11456 P4 3_4_b13 "64" TTP C
10 11456 PS P7 Tr "b51" 
11 11456 P2 2_7_b51 "64" TTP C
12 11456 P7 2_7_b51 "64" TTP C
10 11456 PS P3 Tr "b51" 
11 11456 P2 2_3_b51 "64" TTP C
12 11456 P3 2_3_b51 "64" TTP C
17 11520 Pile T 1.00 
10 11520 PS P2 Idle "" 
10 11520 PS P2 Tr "a41" 
11 11520 P0 0_2_a41 "64" TTP C
12 11520 P2 0_2_a41 "64" TTP C
17 11520 Pile T 1.00 
10 11520 PS P5 Idle "" 
10 11520 PS P5 Tr "a21" 
11 11520 P0 0_5_a21 "64" TTP C
12 11520 P5 0_5_a21 "64" TTP C
17 11520 Pile T 1.00 
10 11520 PS P8 Idle "" 
10 11520 PS P8 Tr "b24" 
11 11520 P4 4_8_b24 "64" TTP C
12 11520 P8 4_8_b24 "64" TTP C
10 11520 PS P9 Tr "b13" 
11 11520 P3 3_9_b13 "64" TTP C
12 11520 P9 3_9_b13 "64" TTP C
10 11520 PS P6 Tr "a11" 
11 11520 P2 2_6_a11 "64" TTP C
12 11520 P6 2_6_a11 "64" TTP C
10 11520 PS P4 Tr "a51" 
11 11520 P0 0_4_a51 "64" TTP C
12 11520 P4 0_4_a51 "64" TTP C
10 11520 PS P7 Exec "a25*b51" 
10 11520 PS P3 Exec "a35*b51" 
10 11584 PS P2 Tr "b13" 
11 11584 P3 3_2_b13 "64" TTP C
12 11584 P2 3_2_b13 "64" TTP C
10 11584 PS P5 Tr "b13" 
11 11584 P3 3_5_b13 "64" TTP C
12 11584 P5 3_5_b13 "64" TTP C
10 11584 PS P8 Tr "a22" 
11 11584 P0 0_8_a22 "64" TTP C
12 11584 P8 0_8_a22 "64" TTP C
10 11584 PS P9 Exec "a31*b13" 
10 11584 PS P6 Exec "a11*b13" 
10 11584 PS P4 Exec "a51*b13" 
10 11648 PS P2 Exec "a41*b13" 
10 11648 PS P5 Exec "a21*b13" 
10 11648 PS P8 Exec "a22*b24" 
17 11712 Pile T 1.00 
10 11712 PS P0 Idle "" 
10 11712 PS P0 Tr "b24" 
11 11712 P4 4_0_b24 "64" TTP C
12 11712 P0 4_0_b24 "64" TTP C
17 11776 Pile T 1.00 
10 11776 PS P1 Idle "" 
10 11776 PS P1 Tr "a32" 
11 11776 P0 0_1_a32 "64" TTP C
12 11776 P1 0_1_a32 "64" TTP C
10 11776 PS P0 Exec "a42*b24" 
10 11840 PS P1 Tr "b24" 
11 11840 P4 4_1_b24 "64" TTP C
12 11840 P1 4_1_b24 "64" TTP C
10 11904 PS P1 Exec "a32*b24" 
17 12032 Pile T 1.00 
10 12032 PS P7 Idle "" 
10 12032 PS P7 Tr "b24" 
11 12032 P4 4_7_b24 "64" TTP C
12 12032 P7 4_7_b24 "64" TTP C
17 12032 Pile T 1.00 
10 12032 PS P3 Idle "" 
10 12032 PS P3 Tr "a52" 
11 12032 P0 0_3_a52 "64" TTP C
12 12032 P3 0_3_a52 "64" TTP C
17 12096 Pile T 1.00 
16 12096 Pile T 1.00 
10 12096 PS P9 Idle "" 
10 12096 PS P9 Tr "b12" 
11 12096 P5 5_9_b12 "64" TTP C
12 12096 P9 5_9_b12 "64" TTP C
17 12096 Pile T 1.00 
16 12096 Pile T 1.00 
10 12096 PS P6 Idle "" 
10 12096 PS P6 Tr "a21" 
11 12096 P0 0_6_a21 "64" TTP C
12 12096 P6 0_6_a21 "64" TTP C
17 12096 Pile T 1.00 
16 12096 Pile T 1.00 
10 12096 PS P4 Idle "" 
10 12096 PS P4 Tr "b12" 
11 12096 P5 5_4_b12 "64" TTP C
12 12096 P4 5_4_b12 "64" TTP C
10 12096 PS P7 Exec "a12*b24" 
10 12096 PS P3 Tr "b24" 
11 12096 P4 4_3_b24 "64" TTP C
12 12096 P3 4_3_b24 "64" TTP C
17 12160 Pile T 1.00 
16 12160 Pile T 1.00 
10 12160 PS P2 Idle "" 
10 12160 PS P2 Tr "b12" 
11 12160 P5 5_2_b12 "64" TTP C
12 12160 P2 5_2_b12 "64" TTP C
17 12160 Pile T 1.00 
16 12160 Pile T 1.00 
10 12160 PS P5 Idle "" 
10 12160 PS P5 Tr "a11" 
11 12160 P2 2_5_a11 "64" TTP C
12 12160 P5 2_5_a11 "64" TTP C
17 12160 Pile T 1.00 
10 12160 PS P8 Idle "" 
10 12160 PS P8 Tr "a25" 
11 12160 P1 1_8_a25 "64" TTP C
12 12160 P8 1_8_a25 "64" TTP C
10 12160 PS P9 Exec "a31*b12" 
10 12160 PS P6 Tr "b12" 
11 12160 P5 5_6_b12 "64" TTP C
12 12160 P6 5_6_b12 "64" TTP C
10 12160 PS P4 Exec "a51*b12" 
10 12160 PS P3 Exec "a52*b24" 
10 12224 PS P2 Exec "a41*b12" 
10 12224 PS P5 Exec "a11*b12" 
10 12224 PS P8 Tr "b54" 
11 12224 P6 6_8_b54 "64" TTP C
12 12224 P8 6_8_b54 "64" TTP C
10 12224 PS P6 Exec "a21*b12" 
17 12288 Pile T 1.00 
10 12288 PS P0 Idle "" 
10 12288 PS P0 Tr "a55" 
11 12288 P8 8_0_a55 "64" TTP C
12 12288 P0 8_0_a55 "64" TTP C
10 12288 PS P8 Exec "a25*b54" 
10 12352 PS P0 Tr "b54" 
11 12352 P6 6_0_b54 "64" TTP C
12 12352 P0 6_0_b54 "64" TTP C
17 12416 Pile T 1.00 
10 12416 PS P1 Idle "" 
10 12416 PS P1 Tr "a15" 
11 12416 P0 0_1_a15 "64" TTP C
12 12416 P1 0_1_a15 "64" TTP C
10 12416 PS P0 Exec "a55*b54" 
10 12480 PS P1 Tr "b54" 
11 12480 P6 6_1_b54 "64" TTP C
12 12480 P1 6_1_b54 "64" TTP C
10 12544 PS P1 Exec "a15*b54" 
17 12608 Pile T 1.00 
10 12608 PS P7 Idle "" 
10 12608 PS P7 Tr "a35" 
11 12608 P5 5_7_a35 "64" TTP C
12 12608 P7 5_7_a35 "64" TTP C
17 12672 Pile T 1.00 
16 12672 Pile T 1.00 
10 12672 PS P9 Idle "" 
10 12672 PS P9 Tr "b54" 
11 12672 P6 6_9_b54 "64" TTP C
12 12672 P9 6_9_b54 "64" TTP C
17 12672 Pile T 1.00 
16 12672 Pile T 1.00 
10 12672 PS P4 Idle "" 
10 12672 PS P4 Tr "b45" 
11 12672 P7 7_4_b45 "64" TTP C
12 12672 P4 7_4_b45 "64" TTP C
17 12672 Pile T 1.00 
10 12672 PS P3 Idle "" 
10 12672 PS P3 Tr "a54" 
11 12672 P4 4_3_a54 "64" TTP C
12 12672 P3 4_3_a54 "64" TTP C
10 12672 PS P7 Tr "b54" 
11 12672 P6 6_7_b54 "64" TTP C
12 12672 P7 6_7_b54 "64" TTP C
17 12736 Pile T 1.00 
16 12736 Pile T 1.00 
10 12736 PS P2 Idle "" 
10 12736 PS P2 Tr "b45" 
11 12736 P7 7_2_b45 "64" TTP C
12 12736 P2 7_2_b45 "64" TTP C
17 12736 Pile T 1.00 
16 12736 Pile T 1.00 
10 12736 PS P5 Idle "" 
10 12736 PS P5 Tr "a34" 
11 12736 P0 0_5_a34 "64" TTP C
12 12736 P5 0_5_a34 "64" TTP C
17 12736 Pile T 1.00 
16 12736 Pile T 1.00 
10 12736 PS P6 Idle "" 
10 12736 PS P6 Tr "b45" 
11 12736 P7 7_6_b45 "64" TTP C
12 12736 P6 7_6_b45 "64" TTP C
10 12736 PS P9 Tr "a45" 
11 12736 P3 3_9_a45 "64" TTP C
12 12736 P9 3_9_a45 "64" TTP C
10 12736 PS P4 Exec "a14*b45" 
10 12736 PS P3 Tr "b45" 
11 12736 P7 7_3_b45 "64" TTP C
12 12736 P3 7_3_b45 "64" TTP C
10 12736 PS P7 Exec "a35*b54" 
17 12800 Pile T 1.00 
10 12800 PS P8 Idle "" 
10 12800 PS P8 Tr "a14" 
11 12800 P6 6_8_a14 "64" TTP C
12 12800 P8 6_8_a14 "64" TTP C
10 12800 PS P2 Tr "a44" 
11 12800 P0 0_2_a44 "64" TTP C
12 12800 P2 0_2_a44 "64" TTP C
10 12800 PS P5 Tr "b45" 
11 12800 P7 7_5_b45 "64" TTP C
12 12800 P5 7_5_b45 "64" TTP C
10 12800 PS P6 Exec "a24*b45" 
10 12800 PS P9 Exec "a45*b54" 
10 12800 PS P3 Exec "a54*b45" 
10 12864 PS P8 Exec "a14*b41" 
10 12864 PS P2 Exec "a44*b45" 
10 12864 PS P5 Exec "a34*b45" 
17 12928 Pile T 1.00 
10 12928 PS P0 Idle "" 
10 12928 PS P0 Tr "b41" 
11 12928 P8 8_0_b41 "64" TTP C
12 12928 P0 8_0_b41 "64" TTP C
10 12992 PS P0 Exec "a44*b41" 
17 13056 Pile T 1.00 
10 13056 PS P1 Idle "" 
10 13056 PS P1 Tr "b41" 
11 13056 P8 8_1_b41 "64" TTP C
12 13056 P1 8_1_b41 "64" TTP C
10 13120 PS P1 Tr "a34" 
11 13120 P0 0_1_a34 "64" TTP C
12 13120 P1 0_1_a34 "64" TTP C
10 13184 PS P1 Exec "a34*b41" 
17 13248 Pile T 1.00 
16 13248 Pile T 1.00 
10 13248 PS P4 Idle "" 
10 13248 PS P4 Tr "b41" 
11 13248 P8 8_4_b41 "64" TTP C
12 13248 P4 8_4_b41 "64" TTP C
17 13248 Pile T 1.00 
10 13248 PS P7 Idle "" 
10 13248 PS P7 Tr "b41" 
11 13248 P8 8_7_b41 "64" TTP C
12 13248 P7 8_7_b41 "64" TTP C
17 13312 Pile T 1.00 
16 13312 Pile T 1.00 
10 13312 PS P6 Idle "" 
10 13312 PS P6 Tr "b14" 
11 13312 P9 9_6_b14 "64" TTP C
12 13312 P6 9_6_b14 "64" TTP C
17 13312 Pile T 1.00 
10 13312 PS P9 Idle "" 
10 13312 PS P9 Exec "a11*b14" 
17 13312 Pile T 1.00 
16 13312 Pile T 1.00 
10 13312 PS P3 Idle "" 
10 13312 PS P3 Tr "b14" 
11 13312 P9 9_3_b14 "64" TTP C
12 13312 P3 9_3_b14 "64" TTP C
10 13312 PS P4 Tr "a24" 
11 13312 P0 0_4_a24 "64" TTP C
12 13312 P4 0_4_a24 "64" TTP C
10 13312 PS P7 Exec "a54*b41" 
17 13376 Pile T 1.00 
16 13376 Pile T 1.00 
10 13376 PS P8 Idle "" 
10 13376 PS P8 Tr "a41" 
11 13376 P0 0_8_a41 "64" TTP C
12 13376 P8 0_8_a41 "64" TTP C
17 13376 Pile T 1.00 
16 13376 Pile T 1.00 
10 13376 PS P2 Idle "" 
10 13376 PS P2 Tr "a31" 
11 13376 P0 0_2_a31 "64" TTP C
12 13376 P2 0_2_a31 "64" TTP C
17 13376 Pile T 1.00 
16 13376 Pile T 1.00 
10 13376 PS P5 Idle "" 
10 13376 PS P5 Tr "a34*b43" 
11 13376 P8 8_5_a34*b43 "64" TTP C
12 13376 P5 8_5_a34*b43 "64" TTP C
10 13376 PS P6 Exec "a21*b14" 
10 13376 PS P3 Exec "a51*b14" 
10 13376 PS P4 Exec "a24*b41" 
10 13440 PS P8 Tr "b14" 
11 13440 P9 9_8_b14 "64" TTP C
12 13440 P8 9_8_b14 "64" TTP C
10 13440 PS P2 Tr "b14" 
11 13440 P9 9_2_b14 "64" TTP C
12 13440 P2 9_2_b14 "64" TTP C
10 13440 PS P5 Tr "a35*b53" 
11 13440 P8 8_5_a35*b53 "64" TTP C
12 13440 P5 8_5_a35*b53 "64" TTP C
17 13504 Pile T 1.00 
16 13504 Pile T 1.00 
10 13504 PS P0 Idle "" 
10 13504 PS P0 Tr "a12*b23" 
11 13504 P7 7_0_a12*b23 "64" TTP C
12 13504 P0 7_0_a12*b23 "64" TTP C
10 13504 PS P8 Exec "a41*b14" 
10 13504 PS P2 Exec "a31*b14" 
10 13504 PS P5 Tr "a31*b13" 
11 13504 P9 9_5_a31*b13 "64" TTP C
12 13504 P5 9_5_a31*b13 "64" TTP C
10 13568 PS P0 Tr "a11*b13" 
11 13568 P6 6_0_a11*b13 "64" TTP C
12 13568 P0 6_0_a11*b13 "64" TTP C
10 13568 PS P5 Tr "a32*b23" 
11 13568 P2 2_5_a32*b23 "64" TTP C
12 13568 P5 2_5_a32*b23 "64" TTP C
10 13632 PS P0 Tr "a15*b53" 
11 13632 P9 9_0_a15*b53 "64" TTP C
12 13632 P0 9_0_a15*b53 "64" TTP C
10 13632 PS P5 Exec "C33" 
17 13696 Pile T 1.00 
16 13696 Pile T 1.00 
10 13696 PS P1 Idle "" 
10 13696 PS P1 Tr "a51*b13" 
11 13696 P4 4_1_a51*b13 "64" TTP C
12 13696 P1 4_1_a51*b13 "64" TTP C
10 13696 PS P0 Tr "a13*b33" 
11 13696 P2 2_0_a13*b33 "64" TTP C
12 13696 P0 2_0_a13*b33 "64" TTP C
10 13760 PS P1 Tr "a55*b53" 
11 13760 P7 7_1_a55*b53 "64" TTP C
12 13760 P1 7_1_a55*b53 "64" TTP C
10 13760 PS P0 Tr "a14*b43" 
11 13760 P3 3_0_a14*b43 "64" TTP C
12 13760 P0 3_0_a14*b43 "64" TTP C
17 13824 Pile T 1.00 
16 13824 Pile T 1.00 
10 13824 PS P9 Idle "" 
10 13824 PS P9 Tr "a41*b13" 
11 13824 P2 2_9_a41*b13 "64" TTP C
12 13824 P9 2_9_a41*b13 "64" TTP C
17 13824 Pile T 1.00 
16 13824 Pile T 1.00 
10 13824 PS P7 Idle "" 
10 13824 PS P7 Tr "a24*b43" 
11 13824 P6 6_7_a24*b43 "64" TTP C
12 13824 P7 6_7_a24*b43 "64" TTP C
10 13824 PS P1 Tr "a54*b43" 
11 13824 P7 7_1_a54*b43 "64" TTP C
12 13824 P1 7_1_a54*b43 "64" TTP C
10 13824 PS P0 Exec "C13" 
17 13888 Pile T 1.00 
16 13888 Pile T 1.00 
10 13888 PS P6 Idle "" 
10 13888 PS P6 Tr "a31*b12" 
11 13888 P9 9_6_a31*b12 "64" TTP C
12 13888 P6 9_6_a31*b12 "64" TTP C
17 13888 Pile T 1.00 
16 13888 Pile T 1.00 
10 13888 PS P3 Idle "" 
10 13888 PS P3 Tr "a54*b42" 
11 13888 P1 1_3_a54*b42 "64" TTP C
12 13888 P3 1_3_a54*b42 "64" TTP C
17 13888 Pile T 1.00 
16 13888 Pile T 1.00 
10 13888 PS P4 Idle "" 
10 13888 PS P4 Tr "a43*b32" 
11 13888 P0 0_4_a43*b32 "64" TTP C
12 13888 P4 0_4_a43*b32 "64" TTP C
17 13888 Pile T 1.00 
10 13888 PS P5 Idle "" 
10 13888 PS P5 Tr "a14*b42" 
11 13888 P3 3_5_a14*b42 "64" TTP C
12 13888 P5 3_5_a14*b42 "64" TTP C
10 13888 PS P9 Tr "a44*b43" 
11 13888 P5 5_9_a44*b43 "64" TTP C
12 13888 P9 5_9_a44*b43 "64" TTP C
10 13888 PS P7 Tr "a22*b23" 
11 13888 P5 5_7_a22*b23 "64" TTP C
12 13888 P7 5_7_a22*b23 "64" TTP C
10 13888 PS P1 Tr "a52*b23" 
11 13888 P6 6_1_a52*b23 "64" TTP C
12 13888 P1 6_1_a52*b23 "64" TTP C
10 13952 PS P6 Tr "a33*b32" 
11 13952 P0 0_6_a33*b32 "64" TTP C
12 13952 P6 0_6_a33*b32 "64" TTP C
10 13952 PS P3 Tr "a51*b12" 
11 13952 P4 4_3_a51*b12 "64" TTP C
12 13952 P3 4_3_a51*b12 "64" TTP C
10 13952 PS P4 Tr "a41*b12" 
11 13952 P2 2_4_a41*b12 "64" TTP C
12 13952 P4 2_4_a41*b12 "64" TTP C
10 13952 PS P5 Tr "a12*b22" 
11 13952 P4 4_5_a12*b22 "64" TTP C
12 13952 P5 4_5_a12*b22 "64" TTP C
10 13952 PS P9 Tr "a42*b23" 
11 13952 P8 8_9_a42*b23 "64" TTP C
12 13952 P9 8_9_a42*b23 "64" TTP C
10 13952 PS P7 Tr "a25*b53" 
11 13952 P6 6_7_a25*b53 "64" TTP C
12 13952 P7 6_7_a25*b53 "64" TTP C
10 13952 PS P1 Tr "a53*b33" 
11 13952 P6 6_1_a53*b33 "64" TTP C
12 13952 P1 6_1_a53*b33 "64" TTP C
17 14016 Pile T 1.00 
16 14016 Pile T 1.00 
10 14016 PS P8 Idle "" 
10 14016 PS P8 Tr "a24*b42" 
11 14016 P0 0_8_a24*b42 "64" TTP C
12 14016 P8 0_8_a24*b42 "64" TTP C
17 14016 Pile T 1.00 
16 14016 Pile T 1.00 
10 14016 PS P2 Idle "" 
10 14016 PS P2 Tr "a13*b35" 
11 14016 P3 3_2_a13*b35 "64" TTP C
12 14016 P2 3_2_a13*b35 "64" TTP C
10 14016 PS P6 Tr "a32*b22" 
11 14016 P0 0_6_a32*b22 "64" TTP C
12 14016 P6 0_6_a32*b22 "64" TTP C
10 14016 PS P3 Tr "a53*b32" 
11 14016 P0 0_3_a53*b32 "64" TTP C
12 14016 P3 0_3_a53*b32 "64" TTP C
10 14016 PS P4 Tr "a45*b52" 
11 14016 P8 8_4_a45*b52 "64" TTP C
12 14016 P4 8_4_a45*b52 "64" TTP C
10 14016 PS P5 Tr "a13*b32" 
11 14016 P1 1_5_a13*b32 "64" TTP C
12 14016 P5 1_5_a13*b32 "64" TTP C
10 14016 PS P9 Tr "a45*b53" 
11 14016 P5 5_9_a45*b53 "64" TTP C
12 14016 P9 5_9_a45*b53 "64" TTP C
10 14016 PS P7 Tr "a21*b13" 
11 14016 P5 5_7_a21*b13 "64" TTP C
12 14016 P7 5_7_a21*b13 "64" TTP C
10 14016 PS P1 Exec "C53" 
17 14080 Pile T 1.00 
10 14080 PS P0 Idle "" 
10 14080 PS P0 Tr "a23*b35" 
11 14080 P4 4_0_a23*b35 "64" TTP C
12 14080 P0 4_0_a23*b35 "64" TTP C
10 14080 PS P8 Tr "a22*b22" 
11 14080 P1 1_8_a22*b22 "64" TTP C
12 14080 P8 1_8_a22*b22 "64" TTP C
10 14080 PS P2 Tr "a12*b25" 
11 14080 P5 5_2_a12*b25 "64" TTP C
12 14080 P2 5_2_a12*b25 "64" TTP C
10 14080 PS P6 Tr "a34*b42" 
11 14080 P2 2_6_a34*b42 "64" TTP C
12 14080 P6 2_6_a34*b42 "64" TTP C
10 14080 PS P3 Tr "a55*b52" 
11 14080 P7 7_3_a55*b52 "64" TTP C
12 14080 P3 7_3_a55*b52 "64" TTP C
10 14080 PS P4 Tr "a42*b22" 
11 14080 P1 1_4_a42*b22 "64" TTP C
12 14080 P4 1_4_a42*b22 "64" TTP C
10 14080 PS P5 Exec "C12" 
10 14080 PS P9 Tr "a43*b33" 
11 14080 P8 8_9_a43*b33 "64" TTP C
12 14080 P9 8_9_a43*b33 "64" TTP C
10 14080 PS P7 Exec "C23" 
10 14144 PS P0 Tr "a21*b15" 
11 14144 P4 4_0_a21*b15 "64" TTP C
12 14144 P0 4_0_a21*b15 "64" TTP C
10 14144 PS P8 Tr "a23*b32" 
11 14144 P1 1_8_a23*b32 "64" TTP C
12 14144 P8 1_8_a23*b32 "64" TTP C
10 14144 PS P2 Tr "a11*b15" 
11 14144 P1 1_2_a11*b15 "64" TTP C
12 14144 P2 1_2_a11*b15 "64" TTP C
10 14144 PS P6 Tr "a35*b52" 
11 14144 P4 4_6_a35*b52 "64" TTP C
12 14144 P6 4_6_a35*b52 "64" TTP C
10 14144 PS P3 Tr "a52*b22" 
11 14144 P2 2_3_a52*b22 "64" TTP C
12 14144 P3 2_3_a52*b22 "64" TTP C
10 14144 PS P4 Exec "C42" 
10 14144 PS P9 Exec "C43" 
10 14208 PS P0 Tr "a25*b55" 
11 14208 P9 9_0_a25*b55 "64" TTP C
12 14208 P0 9_0_a25*b55 "64" TTP C
10 14208 PS P8 Tr "a25*b52" 
11 14208 P2 2_8_a25*b52 "64" TTP C
12 14208 P8 2_8_a25*b52 "64" TTP C
10 14208 PS P2 Tr "a14*b45" 
11 14208 P4 4_2_a14*b45 "64" TTP C
12 14208 P2 4_2_a14*b45 "64" TTP C
10 14208 PS P6 Exec "C32" 
10 14208 PS P3 Exec "C52" 
17 14272 Pile T 1.00 
10 14272 PS P1 Idle "" 
10 14272 PS P1 Tr "a52*b25" 
11 14272 P6 6_1_a52*b25 "64" TTP C
12 14272 P1 6_1_a52*b25 "64" TTP C
10 14272 PS P0 Tr "a24*b45" 
11 14272 P6 6_0_a24*b45 "64" TTP C
12 14272 P0 6_0_a24*b45 "64" TTP C
10 14272 PS P8 Tr "a21*b12" 
11 14272 P6 6_8_a21*b12 "64" TTP C
12 14272 P8 6_8_a21*b12 "64" TTP C
10 14272 PS P2 Tr "a15*b55" 
11 14272 P4 4_2_a15*b55 "64" TTP C
12 14272 P2 4_2_a15*b55 "64" TTP C
17 14336 Pile T 1.00 
10 14336 PS P5 Idle "" 
10 14336 PS P5 Tr "a15*b51" 
11 14336 P9 9_5_a15*b51 "64" TTP C
12 14336 P5 9_5_a15*b51 "64" TTP C
17 14336 Pile T 1.00 
10 14336 PS P7 Idle "" 
10 14336 PS P7 Tr "a42*b25" 
11 14336 P9 9_7_a42*b25 "64" TTP C
12 14336 P7 9_7_a42*b25 "64" TTP C
10 14336 PS P1 Tr "a53*b35" 
11 14336 P2 2_1_a53*b35 "64" TTP C
12 14336 P1 2_1_a53*b35 "64" TTP C
10 14336 PS P0 Tr "a22*b25" 
11 14336 P7 7_0_a22*b25 "64" TTP C
12 14336 P0 7_0_a22*b25 "64" TTP C
10 14336 PS P8 Exec "C22" 
10 14336 PS P2 Exec "C15" 
17 14400 Pile T 1.00 
10 14400 PS P4 Idle "" 
10 14400 PS P4 Tr "a34*b45" 
11 14400 P5 5_4_a34*b45 "64" TTP C
12 14400 P4 5_4_a34*b45 "64" TTP C
17 14400 Pile T 1.00 
10 14400 PS P9 Idle "" 
10 14400 PS P9 Tr "a44*b41" 
11 14400 P0 0_9_a44*b41 "64" TTP C
12 14400 P9 0_9_a44*b41 "64" TTP C
10 14400 PS P5 Tr "a14*b41" 
11 14400 P8 8_5_a14*b41 "64" TTP C
12 14400 P5 8_5_a14*b41 "64" TTP C
10 14400 PS P7 Tr "a44*b45" 
11 14400 P2 2_7_a44*b45 "64" TTP C
12 14400 P7 2_7_a44*b45 "64" TTP C
10 14400 PS P1 Tr "a54*b45" 
11 14400 P3 3_1_a54*b45 "64" TTP C
12 14400 P1 3_1_a54*b45 "64" TTP C
10 14400 PS P0 Exec "C25" 
17 14464 Pile T 1.00 
10 14464 PS P6 Idle "" 
10 14464 PS P6 Tr "a32*b21" 
11 14464 P5 5_6_a32*b21 "64" TTP C
12 14464 P6 5_6_a32*b21 "64" TTP C
17 14464 Pile T 1.00 
10 14464 PS P3 Idle "" 
10 14464 PS P3 Tr "a14*b44" 
11 14464 P4 4_3_a14*b44 "64" TTP C
12 14464 P3 4_3_a14*b44 "64" TTP C
10 14464 PS P4 Tr "a35*b55" 
11 14464 P0 0_4_a35*b55 "64" TTP C
12 14464 P4 0_4_a35*b55 "64" TTP C
10 14464 PS P9 Tr "a41*b11" 
11 14464 P1 1_9_a41*b11 "64" TTP C
12 14464 P9 1_9_a41*b11 "64" TTP C
10 14464 PS P5 Tr "a12*b21" 
11 14464 P9 9_5_a12*b21 "64" TTP C
12 14464 P5 9_5_a12*b21 "64" TTP C
10 14464 PS P7 Tr "a41*b15" 
11 14464 P9 9_7_a41*b15 "64" TTP C
12 14464 P7 9_7_a41*b15 "64" TTP C
10 14464 PS P1 Tr "a51*b15" 
11 14464 P3 3_1_a51*b15 "64" TTP C
12 14464 P1 3_1_a51*b15 "64" TTP C
10 14528 PS P6 Tr "a34*b41" 
11 14528 P1 1_6_a34*b41 "64" TTP C
12 14528 P6 1_6_a34*b41 "64" TTP C
10 14528 PS P3 Tr "a11*b14" 
11 14528 P9 9_3_a11*b14 "64" TTP C
12 14528 P3 9_3_a11*b14 "64" TTP C
10 14528 PS P4 Tr "a33*b35" 
11 14528 P0 0_4_a33*b35 "64" TTP C
12 14528 P4 0_4_a33*b35 "64" TTP C
10 14528 PS P9 Tr "a45*b51" 
11 14528 P0 0_9_a45*b51 "64" TTP C
12 14528 P9 0_9_a45*b51 "64" TTP C
10 14528 PS P5 Tr "a11*b11" 
11 14528 P9 9_5_a11*b11 "64" TTP C
12 14528 P5 9_5_a11*b11 "64" TTP C
10 14528 PS P7 Tr "a43*b35" 
11 14528 P1 1_7_a43*b35 "64" TTP C
12 14528 P7 1_7_a43*b35 "64" TTP C
10 14528 PS P1 Exec "C55" 
17 14592 Pile T 1.00 
10 14592 PS P8 Idle "" 
10 14592 PS P8 Tr "a55*b51" 
11 14592 P1 1_8_a55*b51 "64" TTP C
12 14592 P8 1_8_a55*b51 "64" TTP C
17 14592 Pile T 1.00 
10 14592 PS P2 Idle "" 
10 14592 PS P2 Tr "a23*b34" 
11 14592 P4 4_2_a23*b34 "64" TTP C
12 14592 P2 4_2_a23*b34 "64" TTP C
10 14592 PS P6 Tr "a33*b31" 
11 14592 P8 8_6_a33*b31 "64" TTP C
12 14592 P6 8_6_a33*b31 "64" TTP C
10 14592 PS P3 Tr "a15*b54" 
11 14592 P1 1_3_a15*b54 "64" TTP C
12 14592 P3 1_3_a15*b54 "64" TTP C
10 14592 PS P4 Tr "a31*b15" 
11 14592 P0 0_4_a31*b15 "64" TTP C
12 14592 P4 0_4_a31*b15 "64" TTP C
10 14592 PS P9 Tr "a42*b21" 
11 14592 P7 7_9_a42*b21 "64" TTP C
12 14592 P9 7_9_a42*b21 "64" TTP C
10 14592 PS P5 Tr "a13*b31" 
11 14592 P6 6_5_a13*b31 "64" TTP C
12 14592 P5 6_5_a13*b31 "64" TTP C
10 14592 PS P7 Tr "a45*b55" 
11 14592 P3 3_7_a45*b55 "64" TTP C
12 14592 P7 3_7_a45*b55 "64" TTP C
17 14656 Pile T 1.00 
10 14656 PS P0 Idle "" 
10 14656 PS P0 Tr "a52*b24" 
11 14656 P3 3_0_a52*b24 "64" TTP C
12 14656 P0 3_0_a52*b24 "64" TTP C
10 14656 PS P8 Tr "a53*b31" 
11 14656 P7 7_8_a53*b31 "64" TTP C
12 14656 P8 7_8_a53*b31 "64" TTP C
10 14656 PS P2 Tr "a22*b24" 
11 14656 P8 8_2_a22*b24 "64" TTP C
12 14656 P2 8_2_a22*b24 "64" TTP C
10 14656 PS P6 Tr "a35*b51" 
11 14656 P3 3_6_a35*b51 "64" TTP C
12 14656 P6 3_6_a35*b51 "64" TTP C
10 14656 PS P3 Tr "a13*b34" 
11 14656 P0 0_3_a13*b34 "64" TTP C
12 14656 P3 0_3_a13*b34 "64" TTP C
10 14656 PS P4 Tr "a32*b25" 
11 14656 P8 8_4_a32*b25 "64" TTP C
12 14656 P4 8_4_a32*b25 "64" TTP C
10 14656 PS P9 Tr "a43*b31" 
11 14656 P5 5_9_a43*b31 "64" TTP C
12 14656 P9 5_9_a43*b31 "64" TTP C
10 14656 PS P5 Exec "C11" 
10 14656 PS P7 Exec "C45" 
10 14720 PS P0 Tr "a54*b44" 
11 14720 P2 2_0_a54*b44 "64" TTP C
12 14720 P0 2_0_a54*b44 "64" TTP C
10 14720 PS P8 Tr "a54*b41" 
11 14720 P7 7_8_a54*b41 "64" TTP C
12 14720 P8 7_8_a54*b41 "64" TTP C
10 14720 PS P2 Tr "a25*b54" 
11 14720 P8 8_2_a25*b54 "64" TTP C
12 14720 P2 8_2_a25*b54 "64" TTP C
10 14720 PS P6 Exec "C31" 
10 14720 PS P3 Tr "a12*b24" 
11 14720 P7 7_3_a12*b24 "64" TTP C
12 14720 P3 7_3_a12*b24 "64" TTP C
10 14720 PS P4 Exec "C35" 
10 14720 PS P9 Exec "C41" 
17 14784 Pile T 1.00 
10 14784 PS P1 Idle "" 
10 14784 PS P1 Tr "a23*b31" 
11 14784 P3 3_1_a23*b31 "64" TTP C
12 14784 P1 3_1_a23*b31 "64" TTP C
10 14784 PS P0 Tr "a51*b14" 
11 14784 P3 3_0_a51*b14 "64" TTP C
12 14784 P0 3_0_a51*b14 "64" TTP C
10 14784 PS P8 Tr "a51*b11" 
11 14784 P0 0_8_a51*b11 "64" TTP C
12 14784 P8 0_8_a51*b11 "64" TTP C
10 14784 PS P2 Tr "a21*b14" 
11 14784 P6 6_2_a21*b14 "64" TTP C
12 14784 P2 6_2_a21*b14 "64" TTP C
10 14784 PS P3 Exec "C14" 
10 14848 PS P1 Tr "a25*b51" 
11 14848 P7 7_1_a25*b51 "64" TTP C
12 14848 P1 7_1_a25*b51 "64" TTP C
10 14848 PS P0 Tr "a53*b34" 
11 14848 P3 3_0_a53*b34 "64" TTP C
12 14848 P0 3_0_a53*b34 "64" TTP C
10 14848 PS P8 Exec "C51" 
10 14848 PS P2 Tr "a24*b44" 
11 14848 P1 1_2_a24*b44 "64" TTP C
12 14848 P2 1_2_a24*b44 "64" TTP C
17 14912 Pile T 1.00 
10 14912 PS P5 Idle "" 
10 14912 PS P5 Tr "a44*b44" 
11 14912 P0 0_5_a44*b44 "64" TTP C
12 14912 P5 0_5_a44*b44 "64" TTP C
17 14912 Pile T 1.00 
10 14912 PS P7 Idle "" 
10 14912 PS P7 Tr "a34*b44" 
11 14912 P9 9_7_a34*b44 "64" TTP C
12 14912 P7 9_7_a34*b44 "64" TTP C
10 14912 PS P1 Tr "a21*b11" 
11 14912 P3 3_1_a21*b11 "64" TTP C
12 14912 P1 3_1_a21*b11 "64" TTP C
10 14912 PS P0 Exec "C54" 
10 14912 PS P2 Exec "C24" 
17 14976 Pile T 1.00 
10 14976 PS P6 Idle "" 
17 14976 Pile T 1.00 
10 14976 PS P4 Idle "" 
17 14976 Pile T 1.00 
10 14976 PS P9 Idle "" 
10 14976 PS P5 Tr "a42*b24" 
11 14976 P0 0_5_a42*b24 "64" TTP C
12 14976 P5 0_5_a42*b24 "64" TTP C
10 14976 PS P7 Tr "a33*b34" 
11 14976 P1 1_7_a33*b34 "64" TTP C
12 14976 P7 1_7_a33*b34 "64" TTP C
10 14976 PS P1 Tr "a22*b21" 
11 14976 P6 6_1_a22*b21 "64" TTP C
12 14976 P1 6_1_a22*b21 "64" TTP C
17 15040 Pile T 1.00 
10 15040 PS P3 Idle "" 
10 15040 PS P5 Tr "a43*b34" 
11 15040 P2 2_5_a43*b34 "64" TTP C
12 15040 P5 2_5_a43*b34 "64" TTP C
10 15040 PS P7 Tr "a32*b24" 
11 15040 P1 1_7_a32*b24 "64" TTP C
12 15040 P7 1_7_a32*b24 "64" TTP C
10 15040 PS P1 Tr "a24*b41" 
11 15040 P4 4_1_a24*b41 "64" TTP C
12 15040 P1 4_1_a24*b41 "64" TTP C
17 15104 Pile T 1.00 
10 15104 PS P8 Idle "" 
10 15104 PS P5 Tr "a45*b54" 
11 15104 P9 9_5_a45*b54 "64" TTP C
12 15104 P5 9_5_a45*b54 "64" TTP C
10 15104 PS P7 Tr "a31*b14" 
11 15104 P2 2_7_a31*b14 "64" TTP C
12 15104 P7 2_7_a31*b14 "64" TTP C
10 15104 PS P1 Exec "C21" 
17 15168 Pile T 1.00 
10 15168 PS P0 Idle "" 
17 15168 Pile T 1.00 
10 15168 PS P2 Idle "" 
10 15168 PS P5 Tr "a41*b14" 
11 15168 P8 8_5_a41*b14 "64" TTP C
12 15168 P5 8_5_a41*b14 "64" TTP C
10 15168 PS P7 Exec "C34" 
10 15232 PS P5 Exec "C44" 
17 15360 Pile T 1.00 
10 15360 PS P1 Idle "" 
17 15424 Pile T 1.00 
10 15424 PS P7 Idle "" 
17 15488 Pile T 1.00 
16 15488 Pile T 1.00 
10 15488 PS P5 Idle "" 
10 15488 PS P5 Tr "C45" 
11 15488 P7 7_5_C45 "64" TTP C
12 15488 P5 7_5_C45 "64" TTP C
10 15552 PS P5 Tr "C34" 
11 15552 P7 7_5_C34 "64" TTP C
12 15552 P5 7_5_C34 "64" TTP C
10 15616 PS P5 Tr "C31" 
11 15616 P6 6_5_C31 "64" TTP C
12 15616 P5 6_5_C31 "64" TTP C
10 15680 PS P5 Tr "C54" 
11 15680 P0 0_5_C54 "64" TTP C
12 15680 P5 0_5_C54 "64" TTP C
10 15744 PS P5 Tr "C22" 
11 15744 P8 8_5_C22 "64" TTP C
12 15744 P5 8_5_C22 "64" TTP C
10 15808 PS P5 Tr "C25" 
11 15808 P0 0_5_C25 "64" TTP C
12 15808 P5 0_5_C25 "64" TTP C
10 15872 PS P5 Tr "C14" 
11 15872 P3 3_5_C14 "64" TTP C
12 15872 P5 3_5_C14 "64" TTP C
10 15936 PS P5 Tr "C35" 
11 15936 P4 4_5_C35 "64" TTP C
12 15936 P5 4_5_C35 "64" TTP C
10 16000 PS P5 Tr "C23" 
11 16000 P7 7_5_C23 "64" TTP C
12 16000 P5 7_5_C23 "64" TTP C
10 16064 PS P5 Tr "C15" 
11 16064 P2 2_5_C15 "64" TTP C
12 16064 P5 2_5_C15 "64" TTP C
10 16128 PS P5 Tr "C55" 
11 16128 P1 1_5_C55 "64" TTP C
12 16128 P5 1_5_C55 "64" TTP C
10 16192 PS P5 Tr "C32" 
11 16192 P6 6_5_C32 "64" TTP C
12 16192 P5 6_5_C32 "64" TTP C
10 16256 PS P5 Tr "C41" 
11 16256 P9 9_5_C41 "64" TTP C
12 16256 P5 9_5_C41 "64" TTP C
10 16320 PS P5 Tr "C43" 
11 16320 P9 9_5_C43 "64" TTP C
12 16320 P5 9_5_C43 "64" TTP C
10 16384 PS P5 Tr "C51" 
11 16384 P8 8_5_C51 "64" TTP C
12 16384 P5 8_5_C51 "64" TTP C
10 16448 PS P5 Tr "C42" 
11 16448 P4 4_5_C42 "64" TTP C
12 16448 P5 4_5_C42 "64" TTP C
10 16512 PS P5 Tr "C52" 
11 16512 P3 3_5_C52 "64" TTP C
12 16512 P5 3_5_C52 "64" TTP C
10 16576 PS P5 Tr "C21" 
11 16576 P1 1_5_C21 "64" TTP C
12 16576 P5 1_5_C21 "64" TTP C
10 16640 PS P5 Tr "C13" 
11 16640 P0 0_5_C13 "64" TTP C
12 16640 P5 0_5_C13 "64" TTP C
10 16704 PS P5 Tr "C53" 
11 16704 P1 1_5_C53 "64" TTP C
12 16704 P5 1_5_C53 "64" TTP C
10 16768 PS P5 Tr "C24" 
11 16768 P2 2_5_C24 "64" TTP C
12 16768 P5 2_5_C24 "64" TTP C
10 16832 PS P5 Exec "Fusion" 
17 20032 Pile T 1.00 
10 20032 PS P5 Idle "" 
8 20032 Pile PL
8 20032 P5 Pr
8 20032 P7 Pr
8 20032 P1 Pr
8 20032 P2 Pr
8 20032 P0 Pr
8 20032 P8 Pr
8 20032 P3 Pr
8 20032 P9 Pr
8 20032 P4 Pr
8 20032 P6 Pr
8 20032 TTP P
