%EventDef PajeDefineContainerType 1
% Alias string
% ContainerType string
% Name string
%EndEventDef
%EventDef PajeDefineStateType 3
% Alias string
% ContainerType string
% Name string
%EndEventDef
%EventDef PajeDefineLinkType 4
% Name string
% ContainerType string
% SourceContainerType string
% DestContainerType string
% Alias string
%EndEventDef
%EventDef PajeDefineEntityValue 6
% Alias string
% EntityType string
% Name string
% Color color
%EndEventDef
%EventDef PajeCreateContainer 7
% Time date
% Alias string
% Type string
% Container string
% Name string
%EndEventDef
%EventDef PajeDestroyContainer 8
% Time date
% Name string
% Type string
%EndEventDef
%EventDef PajeSetState 10
% Time date
% Type string
% Container string
% Value string
% file string
%EndEventDef
%EventDef PajeStartLink 11
% Time date
% SourceContainer string
% Key string
% Value string
% Container string
% Type string
%EndEventDef
%EventDef PajeEndLink 12
% Time date
% DestContainer string
% Key string
% Value string
% Container string
% Type string
%EndEventDef
%EventDef PajePushState	13
% Time	date
% EntityType	string
% Container	string
% Value	string
%EndEventDef
%EventDef PajeDefineVariableType 14
% Type string
% Name string
% Color color
% Alias string
%EndEventDef
%EventDef PajeSetVariable 15
% Time date
% Container string
% Type string
% Value double
%EndEventDef
%EventDef PajeAddVariable 16
% Time date
% Container string
% Type string
% Value double
%EndEventDef
%EventDef PajeSubVariable 17
% Time date
% Container string
% Type string
% Value double
%EndEventDef
1 P 0 Program
1 Pr P Processors
1 PL P Tasks
3 PS Pr "Processor State"
3 PF Pr "Ready File"
6 Exec PS Executing "2 .0 .1"
6 Idle PS Idle "8 .3 .0"
6 TR PS Transfer "0 .3 .8"
14 PL "Task" "1 .5 .5" T
7 0 TTP P 0 "Plate-forme"
4 "Communication" P Pr Pr C
7 0 Pile PL TTP "Pile 1"
7 0 P0 Pr TTP "P 0" 
10 0 PS P0 Idle "" 
7 0 P1 Pr TTP "P 1" 
10 0 PS P1 Idle "" 
7 0 P2 Pr TTP "P 2" 
10 0 PS P2 Idle "" 
7 0 P3 Pr TTP "P 3" 
10 0 PS P3 Idle "" 
7 0 P4 Pr TTP "P 4" 
10 0 PS P4 Idle "" 
7 0 P5 Pr TTP "P 5" 
10 0 PS P5 Idle "" 
10 0 PS P0 Exec "split-a" 
10 0 PS P1 Exec "split-b" 
10 0 PS P2 Exec "C11" 
17 20000 Pile T 1.00 
16 20000 Pile T 1.00 
10 20000 PS P0 Idle "" 
10 20000 PS P0 Exec "a11" 
17 20000 Pile T 1.00 
16 20000 Pile T 1.00 
10 20000 PS P1 Idle "" 
10 20000 PS P1 Exec "b11" 
17 20000 Pile T 1.00 
10 20000 PS P0 Idle "" 
17 20000 Pile T 1.00 
16 20000 Pile T 1.00 
10 20000 PS P1 Idle "" 
10 20000 PS P1 Tr "a11" 
11 20000 P0 0_1_a11 "10000" TTP C
12 20000 P1 0_1_a11 "10000" TTP C
10 30000 PS P1 Exec "a11*b11" 
17 40000 Pile T 1.00 
16 40000 Pile T 1.00 
10 40000 PS P2 Idle "" 
10 40000 PS P2 Exec "Fusion" 
17 60000 Pile T 1.00 
10 60000 PS P2 Idle "" 
17 1030000 Pile T 1.00 
10 1030000 PS P1 Idle "" 
8 1030000 Pile PL
8 1030000 P1 Pr
8 1030000 P2 Pr
8 1030000 P0 Pr
8 1030000 P3 Pr
8 1030000 P4 Pr
8 1030000 P5 Pr
8 1030000 TTP P
