%EventDef PajeDefineContainerType 1
% Alias string
% ContainerType string
% Name string
%EndEventDef
%EventDef PajeDefineStateType 3
% Alias string
% ContainerType string
% Name string
%EndEventDef
%EventDef PajeDefineLinkType 4
% Name string
% ContainerType string
% SourceContainerType string
% DestContainerType string
% Alias string
%EndEventDef
%EventDef PajeDefineEntityValue 6
% Alias string
% EntityType string
% Name string
% Color color
%EndEventDef
%EventDef PajeCreateContainer 7
% Time date
% Alias string
% Type string
% Container string
% Name string
%EndEventDef
%EventDef PajeDestroyContainer 8
% Time date
% Name string
% Type string
%EndEventDef
%EventDef PajeSetState 10
% Time date
% Type string
% Container string
% Value string
% file string
%EndEventDef
%EventDef PajeStartLink 11
% Time date
% SourceContainer string
% Key string
% Value string
% Container string
% Type string
%EndEventDef
%EventDef PajeEndLink 12
% Time date
% DestContainer string
% Key string
% Value string
% Container string
% Type string
%EndEventDef
%EventDef PajePushState	13
% Time	date
% EntityType	string
% Container	string
% Value	string
%EndEventDef
%EventDef PajeDefineVariableType 14
% Type string
% Name string
% Color color
% Alias string
%EndEventDef
%EventDef PajeSetVariable 15
% Time date
% Container string
% Type string
% Value double
%EndEventDef
%EventDef PajeAddVariable 16
% Time date
% Container string
% Type string
% Value double
%EndEventDef
%EventDef PajeSubVariable 17
% Time date
% Container string
% Type string
% Value double
%EndEventDef
1 P 0 Program
1 Pr P Processors
1 PL P Tasks
3 PS Pr "Processor State"
3 PF Pr "Ready File"
6 Exec PS Executing "2 .0 .1"
6 Idle PS Idle "8 .3 .0"
6 TR PS Transfer "0 .3 .8"
14 Pr "data" "5 .0 .5" D
14 PL "Task" "1 .5 .5" T
7 0 TTP P 0 "Plate-forme"
4 "Communication" P Pr Pr C
7 0 Pile PL TTP "Pile 1"
7 0 P0 Pr TTP "P 0" 
10 0 PS P0 Idle "" 
7 0 P1 Pr TTP "P 1" 
10 0 PS P1 Idle "" 
7 0 P2 Pr TTP "P 2" 
10 0 PS P2 Idle "" 
15 0 Pile T 1.000 
10 0 PS P0 Exec "t1" 
10 34 PS P0 Idle "" 
10 34 PS P0 Exec "t3" 
10 34 PS P1 Tr "t1" 
11 34 P0 0_1_t1 "54" TTP C
12 34 P1 0_1_t1 "54" TTP C
10 34 PS P2 Tr "t1" 
11 34 P0 0_2_t1 "54" TTP C
12 34 P2 0_2_t1 "54" TTP C
10 67 PS P0 Idle "" 
10 67 PS P0 Exec "t4" 
10 88 PS P1 Exec "t5" 
10 88 PS P2 Exec "t2" 
10 99 PS P0 Idle "" 
10 100 PS P2 Idle "" 
10 123 PS P1 Idle "" 
10 123 PS P1 Tr "t3" 
11 123 P0 0_1_t3 "43" TTP C
12 123 P1 0_1_t3 "43" TTP C
10 166 PS P1 Tr "t4" 
11 166 P0 0_1_t4 "11" TTP C
12 166 P1 0_1_t4 "11" TTP C
10 177 PS P1 Tr "t2" 
11 177 P2 2_1_t2 "34" TTP C
12 177 P1 2_1_t2 "34" TTP C
10 211 PS P1 Exec "t6" 
10 222 PS P1 Idle "" 
8 222 Pile PL
8 222 P1 Pr
8 222 P2 Pr
8 222 P0 Pr
8 222 TTP P
