

*******************************************************************************
Mon Dec 12 16:26:17 2016


FIT:    data read from "p128_rsp0.02" u 2:($3/$8)
        format = x:z
        #datapoints = 400
        residuals are weighted equally (unit weight)

function used for fitting: voli(x)
	voli(x) = a*log2(10000000/4*x)*x
	log2(x) = log(x)/log(2)
BREAK: Need via and either parameter list or file

*******************************************************************************
Mon Dec 12 16:26:19 2016


FIT:    data read from "p128_rsp0.02" u 2:($3/$8)
        format = x:z
        #datapoints = 400
        residuals are weighted equally (unit weight)

function used for fitting: voli(x)
	voli(x) = a*log2(10000000/4*x)*x
	log2(x) = log(x)/log(2)
fitted parameters initialized with current variable values

iter      chisq       delta/lim  lambda   a            
   0 1.1369133210e+10   0.00e+00  5.47e+03    1.000000e+00
   3 5.0353254716e+06  -8.77e-07  5.47e+00    2.471639e-02

After 3 iterations the fit converged.
final sum of squares of residuals : 5.03533e+06
rel. change during last iteration : -8.77181e-12

degrees of freedom    (FIT_NDF)                        : 399
rms of residuals      (FIT_STDFIT) = sqrt(WSSR/ndf)    : 112.338
variance of residuals (reduced chisquare) = WSSR/ndf   : 12619.9

Final set of parameters            Asymptotic Standard Error
=======================            ==========================
a               = 0.0247164        +/- 0.001028     (4.158%)


*******************************************************************************
Mon Dec 12 16:27:02 2016


FIT:    data read from "p128_rsp0.02" u 2:($3/$8)
        format = x:z
        x range restricted to [-98.8448 : 487.093]
        #datapoints = 400
        residuals are weighted equally (unit weight)

function used for fitting: voli(x)
	voli(x) = a*log2(10000000/4*x)*x
	log2(x) = log(x)/log(2)
fitted parameters initialized with current variable values

iter      chisq       delta/lim  lambda   a            
   0 5.0353254716e+06   0.00e+00  1.35e+02    2.471639e-02
   1 5.0353254716e+06   0.00e+00  1.35e+02    2.471639e-02

After 1 iterations the fit converged.
final sum of squares of residuals : 5.03533e+06
rel. change during last iteration : 0

degrees of freedom    (FIT_NDF)                        : 399
rms of residuals      (FIT_STDFIT) = sqrt(WSSR/ndf)    : 112.338
variance of residuals (reduced chisquare) = WSSR/ndf   : 12619.9

Final set of parameters            Asymptotic Standard Error
=======================            ==========================
a               = 0.0247164        +/- 0.001028     (4.158%)
